[rosmaster.main][INFO] 2021-12-21 14:08:44,802: initialization complete, waiting for shutdown
[rosmaster.main][INFO] 2021-12-21 14:08:44,802: Starting ROS Master Node
[xmlrpc][INFO] 2021-12-21 14:08:44,803: XML-RPC server binding to 0.0.0.0:11311
[xmlrpc][INFO] 2021-12-21 14:08:44,803: Started XML-RPC server [http://FM00351-u:11311/]
[rosmaster.master][INFO] 2021-12-21 14:08:44,803: Master initialized: port[11311], uri[http://FM00351-u:11311/]
[xmlrpc][INFO] 2021-12-21 14:08:44,803: xml rpc node: starting XML-RPC server
[rosmaster.master][INFO] 2021-12-21 14:08:44,889: +PARAM [/run_id] by /roslaunch
[rosmaster.master][INFO] 2021-12-21 14:08:44,890: +PARAM [/roslaunch/uris/host_fm00351_u__44379] by /roslaunch
[rosmaster.master][INFO] 2021-12-21 14:08:44,977: +PARAM [/rosversion] by /roslaunch
[rosmaster.master][INFO] 2021-12-21 14:08:44,977: +PARAM [/rosdistro] by /roslaunch
[rosmaster.master][INFO] 2021-12-21 14:08:44,977: +PARAM [/baud_pressure] by /roslaunch
[rosmaster.master][INFO] 2021-12-21 14:08:44,977: +PARAM [/port_pressure] by /roslaunch
[rosmaster.master][INFO] 2021-12-21 14:08:44,982: +SERVICE [/rosout/get_loggers] /rosout http://FM00351-u:45967/
[rosmaster.master][INFO] 2021-12-21 14:08:44,983: +SERVICE [/rosout/set_logger_level] /rosout http://FM00351-u:45967/
[rosmaster.master][INFO] 2021-12-21 14:08:44,983: +PUB [/rosout_agg] /rosout http://FM00351-u:45967/
[rosmaster.master][INFO] 2021-12-21 14:08:44,984: +SUB [/rosout] /rosout http://FM00351-u:45967/
[rosmaster.master][INFO] 2021-12-21 14:08:45,294: +PUB [/rosout] /sensor/tactile_pressure http://FM00351-u:34055/
[rosmaster.master][INFO] 2021-12-21 14:08:45,295: +SERVICE [/sensor/tactile_pressure/get_loggers] /sensor/tactile_pressure http://FM00351-u:34055/
[rosmaster.master][INFO] 2021-12-21 14:08:45,296: +SERVICE [/sensor/tactile_pressure/set_logger_level] /sensor/tactile_pressure http://FM00351-u:34055/
[rosmaster.master][INFO] 2021-12-21 14:08:45,297: +CACHEDPARAM [/rosout_disable_topics_generation] by /sensor/tactile_pressure
[rosmaster.master][INFO] 2021-12-21 14:08:45,298: +CACHEDPARAM [/rosout_disable_topics_generation] by /sensor/tactile_pressure
[rosmaster.master][INFO] 2021-12-21 14:08:45,299: +SERVICE [/sensor/tactile_pressure/reset_arduino] /sensor/tactile_pressure http://FM00351-u:34055/
[rosmaster.master][INFO] 2021-12-21 14:08:45,299: +PUB [/diagnostics] /sensor/tactile_pressure http://FM00351-u:34055/
[rosmaster.master][INFO] 2021-12-21 14:08:45,299: +CACHEDPARAM [/rosout_disable_topics_generation] by /sensor/tactile_pressure
[rosmaster.master][INFO] 2021-12-21 14:08:45,303: publisherUpdate[/rosout] -> http://FM00351-u:45967/ ['http://FM00351-u:34055/']
[rosmaster.master][INFO] 2021-12-21 14:08:45,311: publisherUpdate[/rosout] -> http://FM00351-u:45967/ ['http://FM00351-u:34055/']: sec=0.01, result=[1, '', 0]
[rosmaster.master][INFO] 2021-12-21 14:08:45,513: +CACHEDPARAM [/rosout/omit_topics] by /rosout
[rosmaster.master][INFO] 2021-12-21 14:08:45,602: +PUB [/rosout] /sensor/process_tactile_pressure http://FM00351-u:35499/
[rosmaster.master][INFO] 2021-12-21 14:08:45,604: publisherUpdate[/rosout] -> http://FM00351-u:45967/ ['http://FM00351-u:34055/', 'http://FM00351-u:35499/']
[rosmaster.master][INFO] 2021-12-21 14:08:45,607: +SERVICE [/sensor/process_tactile_pressure/get_loggers] /sensor/process_tactile_pressure http://FM00351-u:35499/
[rosmaster.master][INFO] 2021-12-21 14:08:45,608: +SERVICE [/sensor/process_tactile_pressure/set_logger_level] /sensor/process_tactile_pressure http://FM00351-u:35499/
[rosmaster.master][INFO] 2021-12-21 14:08:45,609: +SUB [/sensor/pressure_reset] /sensor/process_tactile_pressure http://FM00351-u:35499/
[rosmaster.master][INFO] 2021-12-21 14:08:45,610: +SUB [/sensor/pressure_data] /sensor/process_tactile_pressure http://FM00351-u:35499/
[rosmaster.master][INFO] 2021-12-21 14:08:45,610: +PUB [/sensor/estimated_ForceAndLoc] /sensor/process_tactile_pressure http://FM00351-u:35499/
[rosmaster.master][INFO] 2021-12-21 14:08:45,613: publisherUpdate[/rosout] -> http://FM00351-u:45967/ ['http://FM00351-u:34055/', 'http://FM00351-u:35499/']: sec=0.01, result=[1, '', 0]
[rosmaster.master][INFO] 2021-12-21 14:08:48,303: +CACHEDPARAM [/rosout_disable_topics_generation] by /sensor/tactile_pressure
[rosmaster.master][INFO] 2021-12-21 14:08:48,612: +CACHEDPARAM [/rosout_disable_topics_generation] by /sensor/process_tactile_pressure
[rosmaster.master][INFO] 2021-12-21 14:08:48,613: -SUB [/sensor/pressure_reset] /sensor/process_tactile_pressure http://FM00351-u:35499/
[rosmaster.master][INFO] 2021-12-21 14:08:48,613: -SUB [/sensor/pressure_data] /sensor/process_tactile_pressure http://FM00351-u:35499/
[rosmaster.master][INFO] 2021-12-21 14:08:48,613: -PUB [/rosout] /sensor/process_tactile_pressure http://FM00351-u:35499/
[rosmaster.master][INFO] 2021-12-21 14:08:48,613: -PUB [/sensor/estimated_ForceAndLoc] /sensor/process_tactile_pressure http://FM00351-u:35499/
[rosmaster.master][INFO] 2021-12-21 14:08:48,613: -SERVICE [/sensor/process_tactile_pressure/get_loggers] /sensor/process_tactile_pressure rosrpc://FM00351-u:37009
[rosmaster.master][INFO] 2021-12-21 14:08:48,613: -SERVICE [/sensor/process_tactile_pressure/set_logger_level] /sensor/process_tactile_pressure rosrpc://FM00351-u:37009
[rosmaster.master][INFO] 2021-12-21 14:08:48,618: publisherUpdate[/rosout] -> http://FM00351-u:45967/ ['http://FM00351-u:34055/']
[rosmaster.master][INFO] 2021-12-21 14:08:48,618: publisherUpdate[/rosout] -> http://FM00351-u:45967/ ['http://FM00351-u:34055/']: sec=0.00, result=[1, '', 0]
[rosmaster.master][INFO] 2021-12-21 14:08:51,309: +CACHEDPARAM [/rosout_disable_topics_generation] by /sensor/tactile_pressure
[rosmaster.master][INFO] 2021-12-21 14:08:54,315: +CACHEDPARAM [/rosout_disable_topics_generation] by /sensor/tactile_pressure
[rosmaster.master][INFO] 2021-12-21 14:08:57,321: +CACHEDPARAM [/rosout_disable_topics_generation] by /sensor/tactile_pressure
[rosmaster.master][INFO] 2021-12-21 14:09:00,324: +CACHEDPARAM [/rosout_disable_topics_generation] by /sensor/tactile_pressure
[rosmaster.master][INFO] 2021-12-21 14:09:03,330: +CACHEDPARAM [/rosout_disable_topics_generation] by /sensor/tactile_pressure
[rosmaster.master][INFO] 2021-12-21 14:09:06,333: +CACHEDPARAM [/rosout_disable_topics_generation] by /sensor/tactile_pressure
[rosmaster.master][INFO] 2021-12-21 14:09:09,339: +CACHEDPARAM [/rosout_disable_topics_generation] by /sensor/tactile_pressure
[rosmaster.master][INFO] 2021-12-21 14:09:12,345: +CACHEDPARAM [/rosout_disable_topics_generation] by /sensor/tactile_pressure
[rosmaster.master][INFO] 2021-12-21 14:09:15,352: +CACHEDPARAM [/rosout_disable_topics_generation] by /sensor/tactile_pressure
[rosmaster.master][INFO] 2021-12-21 14:09:18,358: +CACHEDPARAM [/rosout_disable_topics_generation] by /sensor/tactile_pressure
[rosmaster.master][INFO] 2021-12-21 14:09:21,364: +CACHEDPARAM [/rosout_disable_topics_generation] by /sensor/tactile_pressure
[rosmaster.master][INFO] 2021-12-21 14:09:24,371: +CACHEDPARAM [/rosout_disable_topics_generation] by /sensor/tactile_pressure
[rosmaster.master][INFO] 2021-12-21 14:09:27,381: +CACHEDPARAM [/rosout_disable_topics_generation] by /sensor/tactile_pressure
[rosmaster.master][INFO] 2021-12-21 14:09:30,387: +CACHEDPARAM [/rosout_disable_topics_generation] by /sensor/tactile_pressure
[rosmaster.master][INFO] 2021-12-21 14:09:33,393: +CACHEDPARAM [/rosout_disable_topics_generation] by /sensor/tactile_pressure
[rosmaster.master][INFO] 2021-12-21 14:09:36,400: +CACHEDPARAM [/rosout_disable_topics_generation] by /sensor/tactile_pressure
[rosmaster.master][INFO] 2021-12-21 14:09:39,406: +CACHEDPARAM [/rosout_disable_topics_generation] by /sensor/tactile_pressure
[rosmaster.master][INFO] 2021-12-21 14:09:42,413: +CACHEDPARAM [/rosout_disable_topics_generation] by /sensor/tactile_pressure
[rosmaster.master][INFO] 2021-12-21 14:09:45,419: +CACHEDPARAM [/rosout_disable_topics_generation] by /sensor/tactile_pressure
[rosmaster.master][INFO] 2021-12-21 14:09:48,425: +CACHEDPARAM [/rosout_disable_topics_generation] by /sensor/tactile_pressure
[rosmaster.master][INFO] 2021-12-21 14:09:51,431: +CACHEDPARAM [/rosout_disable_topics_generation] by /sensor/tactile_pressure
[rosmaster.master][INFO] 2021-12-21 14:09:54,436: +CACHEDPARAM [/rosout_disable_topics_generation] by /sensor/tactile_pressure
[rosmaster.master][INFO] 2021-12-21 14:09:57,443: +CACHEDPARAM [/rosout_disable_topics_generation] by /sensor/tactile_pressure
[rosmaster.master][INFO] 2021-12-21 14:10:00,449: +CACHEDPARAM [/rosout_disable_topics_generation] by /sensor/tactile_pressure
[rosmaster.master][INFO] 2021-12-21 14:10:03,456: +CACHEDPARAM [/rosout_disable_topics_generation] by /sensor/tactile_pressure
[rosmaster.master][INFO] 2021-12-21 14:10:06,462: +CACHEDPARAM [/rosout_disable_topics_generation] by /sensor/tactile_pressure
[rosmaster.master][INFO] 2021-12-21 14:10:09,469: +CACHEDPARAM [/rosout_disable_topics_generation] by /sensor/tactile_pressure
[rosmaster.master][INFO] 2021-12-21 14:10:12,476: +CACHEDPARAM [/rosout_disable_topics_generation] by /sensor/tactile_pressure
[rosmaster.master][INFO] 2021-12-21 14:10:15,482: +CACHEDPARAM [/rosout_disable_topics_generation] by /sensor/tactile_pressure
[rosmaster.master][INFO] 2021-12-21 14:10:18,489: +CACHEDPARAM [/rosout_disable_topics_generation] by /sensor/tactile_pressure
[rosmaster.master][INFO] 2021-12-21 14:10:21,496: +CACHEDPARAM [/rosout_disable_topics_generation] by /sensor/tactile_pressure
[rosmaster.master][INFO] 2021-12-21 14:10:24,502: +CACHEDPARAM [/rosout_disable_topics_generation] by /sensor/tactile_pressure
[rosmaster.master][INFO] 2021-12-21 14:10:27,512: +CACHEDPARAM [/rosout_disable_topics_generation] by /sensor/tactile_pressure
[rosmaster.master][INFO] 2021-12-21 14:10:30,518: +CACHEDPARAM [/rosout_disable_topics_generation] by /sensor/tactile_pressure
[rosmaster.master][INFO] 2021-12-21 14:10:33,525: +CACHEDPARAM [/rosout_disable_topics_generation] by /sensor/tactile_pressure
[rosmaster.master][INFO] 2021-12-21 14:10:36,531: +CACHEDPARAM [/rosout_disable_topics_generation] by /sensor/tactile_pressure
[rosmaster.master][INFO] 2021-12-21 14:10:39,537: +CACHEDPARAM [/rosout_disable_topics_generation] by /sensor/tactile_pressure
[rosmaster.master][INFO] 2021-12-21 14:10:42,544: +CACHEDPARAM [/rosout_disable_topics_generation] by /sensor/tactile_pressure
[rosmaster.master][INFO] 2021-12-21 14:10:45,550: +CACHEDPARAM [/rosout_disable_topics_generation] by /sensor/tactile_pressure
[rosmaster.master][INFO] 2021-12-21 14:10:48,556: +CACHEDPARAM [/rosout_disable_topics_generation] by /sensor/tactile_pressure
[rosmaster.master][INFO] 2021-12-21 14:10:51,563: +CACHEDPARAM [/rosout_disable_topics_generation] by /sensor/tactile_pressure
[rosmaster.master][INFO] 2021-12-21 14:10:54,569: +CACHEDPARAM [/rosout_disable_topics_generation] by /sensor/tactile_pressure
[rosmaster.master][INFO] 2021-12-21 14:10:57,576: +CACHEDPARAM [/rosout_disable_topics_generation] by /sensor/tactile_pressure
[rosmaster.master][INFO] 2021-12-21 14:11:00,582: +CACHEDPARAM [/rosout_disable_topics_generation] by /sensor/tactile_pressure
[rosmaster.master][INFO] 2021-12-21 14:11:03,589: +CACHEDPARAM [/rosout_disable_topics_generation] by /sensor/tactile_pressure
[rosmaster.master][INFO] 2021-12-21 14:11:06,595: +CACHEDPARAM [/rosout_disable_topics_generation] by /sensor/tactile_pressure
[rosmaster.master][INFO] 2021-12-21 14:11:09,601: +CACHEDPARAM [/rosout_disable_topics_generation] by /sensor/tactile_pressure
[rosmaster.master][INFO] 2021-12-21 14:11:12,607: +CACHEDPARAM [/rosout_disable_topics_generation] by /sensor/tactile_pressure
[rosmaster.master][INFO] 2021-12-21 14:11:15,614: +CACHEDPARAM [/rosout_disable_topics_generation] by /sensor/tactile_pressure
[rosmaster.master][INFO] 2021-12-21 14:11:18,620: +CACHEDPARAM [/rosout_disable_topics_generation] by /sensor/tactile_pressure
[rosmaster.master][INFO] 2021-12-21 14:11:21,626: +CACHEDPARAM [/rosout_disable_topics_generation] by /sensor/tactile_pressure
[rosmaster.master][INFO] 2021-12-21 14:11:24,633: +CACHEDPARAM [/rosout_disable_topics_generation] by /sensor/tactile_pressure
[rosmaster.master][INFO] 2021-12-21 14:11:27,639: +CACHEDPARAM [/rosout_disable_topics_generation] by /sensor/tactile_pressure
[rosmaster.master][INFO] 2021-12-21 14:11:30,649: +CACHEDPARAM [/rosout_disable_topics_generation] by /sensor/tactile_pressure
[rosmaster.master][INFO] 2021-12-21 14:11:33,655: +CACHEDPARAM [/rosout_disable_topics_generation] by /sensor/tactile_pressure
[rosmaster.master][INFO] 2021-12-21 14:11:36,662: +CACHEDPARAM [/rosout_disable_topics_generation] by /sensor/tactile_pressure
[rosmaster.master][INFO] 2021-12-21 14:11:39,668: +CACHEDPARAM [/rosout_disable_topics_generation] by /sensor/tactile_pressure
[rosmaster.master][INFO] 2021-12-21 14:11:42,674: +CACHEDPARAM [/rosout_disable_topics_generation] by /sensor/tactile_pressure
[rosmaster.master][INFO] 2021-12-21 14:11:45,681: +CACHEDPARAM [/rosout_disable_topics_generation] by /sensor/tactile_pressure
[rosmaster.master][INFO] 2021-12-21 14:11:48,687: +CACHEDPARAM [/rosout_disable_topics_generation] by /sensor/tactile_pressure
[rosmaster.master][INFO] 2021-12-21 14:11:51,693: +CACHEDPARAM [/rosout_disable_topics_generation] by /sensor/tactile_pressure
[rosmaster.master][INFO] 2021-12-21 14:11:54,703: +CACHEDPARAM [/rosout_disable_topics_generation] by /sensor/tactile_pressure
[rosmaster.master][INFO] 2021-12-21 14:11:57,709: +CACHEDPARAM [/rosout_disable_topics_generation] by /sensor/tactile_pressure
[rosmaster.master][INFO] 2021-12-21 14:12:00,716: +CACHEDPARAM [/rosout_disable_topics_generation] by /sensor/tactile_pressure
[rosmaster.master][INFO] 2021-12-21 14:12:03,722: +CACHEDPARAM [/rosout_disable_topics_generation] by /sensor/tactile_pressure
[rosmaster.master][INFO] 2021-12-21 14:12:06,729: +CACHEDPARAM [/rosout_disable_topics_generation] by /sensor/tactile_pressure
[rosmaster.master][INFO] 2021-12-21 14:12:09,735: +CACHEDPARAM [/rosout_disable_topics_generation] by /sensor/tactile_pressure
[rosmaster.master][INFO] 2021-12-21 14:12:12,741: +CACHEDPARAM [/rosout_disable_topics_generation] by /sensor/tactile_pressure
[rosmaster.master][INFO] 2021-12-21 14:12:15,748: +CACHEDPARAM [/rosout_disable_topics_generation] by /sensor/tactile_pressure
[rosmaster.master][INFO] 2021-12-21 14:12:18,754: +CACHEDPARAM [/rosout_disable_topics_generation] by /sensor/tactile_pressure
[rosmaster.master][INFO] 2021-12-21 14:12:21,761: +CACHEDPARAM [/rosout_disable_topics_generation] by /sensor/tactile_pressure
[rosmaster.master][INFO] 2021-12-21 14:12:24,767: +CACHEDPARAM [/rosout_disable_topics_generation] by /sensor/tactile_pressure
[rosmaster.master][INFO] 2021-12-21 14:12:27,773: +CACHEDPARAM [/rosout_disable_topics_generation] by /sensor/tactile_pressure
[rosmaster.master][INFO] 2021-12-21 14:12:30,780: +CACHEDPARAM [/rosout_disable_topics_generation] by /sensor/tactile_pressure
[rosmaster.master][INFO] 2021-12-21 14:12:33,786: +CACHEDPARAM [/rosout_disable_topics_generation] by /sensor/tactile_pressure
[rosmaster.master][INFO] 2021-12-21 14:12:36,792: +CACHEDPARAM [/rosout_disable_topics_generation] by /sensor/tactile_pressure
[rosmaster.master][INFO] 2021-12-21 14:12:39,798: +CACHEDPARAM [/rosout_disable_topics_generation] by /sensor/tactile_pressure
[rosmaster.master][INFO] 2021-12-21 14:12:42,808: +CACHEDPARAM [/rosout_disable_topics_generation] by /sensor/tactile_pressure
[rosmaster.master][INFO] 2021-12-21 14:12:45,814: +CACHEDPARAM [/rosout_disable_topics_generation] by /sensor/tactile_pressure
[rosmaster.master][INFO] 2021-12-21 14:12:48,821: +CACHEDPARAM [/rosout_disable_topics_generation] by /sensor/tactile_pressure
[rosmaster.master][INFO] 2021-12-21 14:12:51,824: +CACHEDPARAM [/rosout_disable_topics_generation] by /sensor/tactile_pressure
[rosmaster.master][INFO] 2021-12-21 14:12:54,831: +CACHEDPARAM [/rosout_disable_topics_generation] by /sensor/tactile_pressure
[rosmaster.master][INFO] 2021-12-21 14:12:57,837: +CACHEDPARAM [/rosout_disable_topics_generation] by /sensor/tactile_pressure
[rosmaster.master][INFO] 2021-12-21 14:13:00,844: +CACHEDPARAM [/rosout_disable_topics_generation] by /sensor/tactile_pressure
[rosmaster.master][INFO] 2021-12-21 14:13:03,850: +CACHEDPARAM [/rosout_disable_topics_generation] by /sensor/tactile_pressure
[rosmaster.master][INFO] 2021-12-21 14:13:06,856: +CACHEDPARAM [/rosout_disable_topics_generation] by /sensor/tactile_pressure
[rosmaster.master][INFO] 2021-12-21 14:13:09,863: +CACHEDPARAM [/rosout_disable_topics_generation] by /sensor/tactile_pressure
[rosmaster.master][INFO] 2021-12-21 14:13:12,869: +CACHEDPARAM [/rosout_disable_topics_generation] by /sensor/tactile_pressure
[rosmaster.master][INFO] 2021-12-21 14:13:15,875: +CACHEDPARAM [/rosout_disable_topics_generation] by /sensor/tactile_pressure
[rosmaster.master][INFO] 2021-12-21 14:13:18,882: +CACHEDPARAM [/rosout_disable_topics_generation] by /sensor/tactile_pressure
[rosmaster.master][INFO] 2021-12-21 14:13:21,888: +CACHEDPARAM [/rosout_disable_topics_generation] by /sensor/tactile_pressure
[rosmaster.master][INFO] 2021-12-21 14:13:24,895: +CACHEDPARAM [/rosout_disable_topics_generation] by /sensor/tactile_pressure
[rosmaster.master][INFO] 2021-12-21 14:13:27,901: +CACHEDPARAM [/rosout_disable_topics_generation] by /sensor/tactile_pressure
[rosmaster.master][INFO] 2021-12-21 14:13:30,908: +CACHEDPARAM [/rosout_disable_topics_generation] by /sensor/tactile_pressure
[rosmaster.master][INFO] 2021-12-21 14:13:33,914: +CACHEDPARAM [/rosout_disable_topics_generation] by /sensor/tactile_pressure
[rosmaster.master][INFO] 2021-12-21 14:13:36,921: +CACHEDPARAM [/rosout_disable_topics_generation] by /sensor/tactile_pressure
[rosmaster.master][INFO] 2021-12-21 14:13:39,927: +CACHEDPARAM [/rosout_disable_topics_generation] by /sensor/tactile_pressure
[rosmaster.master][INFO] 2021-12-21 14:13:42,933: +CACHEDPARAM [/rosout_disable_topics_generation] by /sensor/tactile_pressure
[rosmaster.master][INFO] 2021-12-21 14:13:45,940: +CACHEDPARAM [/rosout_disable_topics_generation] by /sensor/tactile_pressure
[rosmaster.master][INFO] 2021-12-21 14:13:48,946: +CACHEDPARAM [/rosout_disable_topics_generation] by /sensor/tactile_pressure
[rosmaster.master][INFO] 2021-12-21 14:13:51,952: +CACHEDPARAM [/rosout_disable_topics_generation] by /sensor/tactile_pressure
[rosmaster.master][INFO] 2021-12-21 14:13:54,959: +CACHEDPARAM [/rosout_disable_topics_generation] by /sensor/tactile_pressure
[rosmaster.master][INFO] 2021-12-21 14:13:57,965: +CACHEDPARAM [/rosout_disable_topics_generation] by /sensor/tactile_pressure
[rosmaster.master][INFO] 2021-12-21 14:14:00,972: +CACHEDPARAM [/rosout_disable_topics_generation] by /sensor/tactile_pressure
[rosmaster.master][INFO] 2021-12-21 14:14:03,978: +CACHEDPARAM [/rosout_disable_topics_generation] by /sensor/tactile_pressure
[rosmaster.master][INFO] 2021-12-21 14:14:06,985: +CACHEDPARAM [/rosout_disable_topics_generation] by /sensor/tactile_pressure
[rosmaster.master][INFO] 2021-12-21 14:14:09,991: +CACHEDPARAM [/rosout_disable_topics_generation] by /sensor/tactile_pressure
[rosmaster.master][INFO] 2021-12-21 14:14:12,997: +CACHEDPARAM [/rosout_disable_topics_generation] by /sensor/tactile_pressure
[rosmaster.master][INFO] 2021-12-21 14:14:16,003: +CACHEDPARAM [/rosout_disable_topics_generation] by /sensor/tactile_pressure
[rosmaster.master][INFO] 2021-12-21 14:14:19,010: +CACHEDPARAM [/rosout_disable_topics_generation] by /sensor/tactile_pressure
[rosmaster.master][INFO] 2021-12-21 14:14:22,018: +CACHEDPARAM [/rosout_disable_topics_generation] by /sensor/tactile_pressure
[rosmaster.master][INFO] 2021-12-21 14:14:25,025: +CACHEDPARAM [/rosout_disable_topics_generation] by /sensor/tactile_pressure
[rosmaster.master][INFO] 2021-12-21 14:14:28,003: -PUB [/diagnostics] /sensor/tactile_pressure http://FM00351-u:34055/
[rosmaster.master][INFO] 2021-12-21 14:14:28,003: -PUB [/rosout] /sensor/tactile_pressure http://FM00351-u:34055/
[rosmaster.master][INFO] 2021-12-21 14:14:28,004: -SERVICE [/sensor/tactile_pressure/set_logger_level] /sensor/tactile_pressure rosrpc://FM00351-u:36955
[rosmaster.master][INFO] 2021-12-21 14:14:28,004: -SERVICE [/sensor/tactile_pressure/reset_arduino] /sensor/tactile_pressure rosrpc://FM00351-u:36955
[rosmaster.master][INFO] 2021-12-21 14:14:28,004: -SERVICE [/sensor/tactile_pressure/get_loggers] /sensor/tactile_pressure rosrpc://FM00351-u:36955
[rosmaster.master][INFO] 2021-12-21 14:14:28,032: publisherUpdate[/rosout] -> http://FM00351-u:45967/ []
[rosmaster.master][INFO] 2021-12-21 14:14:28,033: publisherUpdate[/rosout] -> http://FM00351-u:45967/ []: sec=0.00, result=[1, '', 0]
[rosmaster.master][INFO] 2021-12-21 14:14:28,334: -PUB [/rosout_agg] /rosout http://FM00351-u:45967/
[rosmaster.master][INFO] 2021-12-21 14:14:28,334: -SUB [/rosout] /rosout http://FM00351-u:45967/
[rosmaster.master][INFO] 2021-12-21 14:14:28,334: -SERVICE [/rosout/get_loggers] /rosout rosrpc://FM00351-u:48559
[rosmaster.master][INFO] 2021-12-21 14:14:28,335: -SERVICE [/rosout/set_logger_level] /rosout rosrpc://FM00351-u:48559
[rosmaster.master][INFO] 2021-12-21 14:14:28,335: -CACHEDPARAM [/rosout/omit_topics] by /rosout
[rosmaster.main][INFO] 2021-12-21 14:14:28,404: keyboard interrupt, will exit
[rosmaster.main][INFO] 2021-12-21 14:14:28,405: stopping master...
[rospy.core][INFO] 2021-12-21 14:14:28,405: signal_shutdown [atexit]
