[roslaunch][INFO] 2021-12-21 14:08:44,391: Checking log directory for disk usage. This may take a while.
Press Ctrl-C to interrupt
[roslaunch][INFO] 2021-12-21 14:08:44,394: Done checking log file disk usage. Usage is <1GB.
[roslaunch][INFO] 2021-12-21 14:08:44,394: roslaunch starting with args ['/opt/ros/melodic/bin/roslaunch', 'tactile_pressure_sensor', 'run_tactile_pressure.launch']
[roslaunch][INFO] 2021-12-21 14:08:44,394: roslaunch env is {'ROS_DISTRO': 'melodic', 'ROSLISP_PACKAGE_DIRECTORIES': '/home/ros/catkin_ws/devel/share/common-lisp', 'HOME': '/home/ros', 'PATH': '/opt/ros/melodic/bin:/usr/local/sbin:/usr/local/bin:/usr/sbin:/usr/bin:/sbin:/bin', 'ROS_PACKAGE_PATH': '/home/ros/catkin_ws/src:/opt/ros/melodic/share', 'CMAKE_PREFIX_PATH': '/home/ros/catkin_ws/devel:/opt/ros/melodic', 'LD_LIBRARY_PATH': '/home/ros/catkin_ws/devel/lib:/opt/ros/melodic/lib', 'LANG': 'C.UTF-8', 'TERM': 'xterm', 'ROS_LOG_FILENAME': '/home/ros/.ros/log/81fe0da6-6267-11ec-9edc-7c507959f385/roslaunch-FM00351-u-86.log', 'SHLVL': '1', 'DISPLAY': ':0', 'UNAME': 'ros', 'ROS_MASTER_URI': 'http://localhost:11311', 'ROS_PYTHON_VERSION': '2', 'PYTHONPATH': '/home/ros/catkin_ws/devel/lib/python2.7/dist-packages:/opt/ros/melodic/lib/python2.7/dist-packages', 'QT_X11_NO_MITSHM': '1', 'ROS_ROOT': '/opt/ros/melodic/share/ros', 'PKG_CONFIG_PATH': '/home/ros/catkin_ws/devel/lib/pkgconfig:/opt/ros/melodic/lib/pkgconfig', 'LC_ALL': 'C.UTF-8', '_': '/opt/ros/melodic/bin/roslaunch', 'OLDPWD': '/home/ros', 'HOSTNAME': 'FM00351-u', 'PWD': '/home/ros/catkin_ws', 'ROS_ETC_DIR': '/opt/ros/melodic/etc/ros', 'ROS_VERSION': '1'}
[roslaunch][INFO] 2021-12-21 14:08:44,394: starting in server mode
[roslaunch.parent][INFO] 2021-12-21 14:08:44,394: starting roslaunch parent run
[roslaunch][INFO] 2021-12-21 14:08:44,394: loading roscore config file /opt/ros/melodic/etc/ros/roscore.xml
[roslaunch][INFO] 2021-12-21 14:08:44,601: Added core node of type [rosout/rosout] in namespace [/]
[roslaunch.config][INFO] 2021-12-21 14:08:44,601: loading config file /home/ros/catkin_ws/src/tactile_pressure_sensor/launch/run_tactile_pressure.launch
[roslaunch][INFO] 2021-12-21 14:08:44,601: Added node of type [rosserial_arduino/serial_node.py] in namespace [/sensor/]
[roslaunch][INFO] 2021-12-21 14:08:44,601: Added node of type [tactile_pressure_sensor/pressure_LocAndForceEstimation.py] in namespace [/sensor/]
[roslaunch][INFO] 2021-12-21 14:08:44,601: ... selected machine [] for node of type [rosserial_arduino/serial_node.py]
[roslaunch][INFO] 2021-12-21 14:08:44,601: ... selected machine [] for node of type [tactile_pressure_sensor/pressure_LocAndForceEstimation.py]
[roslaunch.pmon][INFO] 2021-12-21 14:08:44,602: start_process_monitor: creating ProcessMonitor
[roslaunch.pmon][INFO] 2021-12-21 14:08:44,602: created process monitor <ProcessMonitor(ProcessMonitor-1, initial daemon)>
[roslaunch.pmon][INFO] 2021-12-21 14:08:44,602: start_process_monitor: ProcessMonitor started
[roslaunch.parent][INFO] 2021-12-21 14:08:44,602: starting parent XML-RPC server
[roslaunch.server][INFO] 2021-12-21 14:08:44,603: starting roslaunch XML-RPC server
[roslaunch.server][INFO] 2021-12-21 14:08:44,603: waiting for roslaunch XML-RPC server to initialize
[xmlrpc][INFO] 2021-12-21 14:08:44,603: XML-RPC server binding to 0.0.0.0:0
[xmlrpc][INFO] 2021-12-21 14:08:44,603: Started XML-RPC server [http://FM00351-u:44379/]
[xmlrpc][INFO] 2021-12-21 14:08:44,603: xml rpc node: starting XML-RPC server
[roslaunch][INFO] 2021-12-21 14:08:44,614: started roslaunch server http://FM00351-u:44379/
[roslaunch.parent][INFO] 2021-12-21 14:08:44,614: ... parent XML-RPC server started
[roslaunch][INFO] 2021-12-21 14:08:44,614: master.is_running[http://localhost:11311]
[roslaunch][INFO] 2021-12-21 14:08:44,615: auto-starting new master
[roslaunch][INFO] 2021-12-21 14:08:44,615: create_master_process: rosmaster, /opt/ros/melodic/share/ros, 11311, 3, None, False
[roslaunch][INFO] 2021-12-21 14:08:44,615: process[master]: launching with args [['rosmaster', '--core', '-p', '11311', '-w', '3']]
[roslaunch.pmon][INFO] 2021-12-21 14:08:44,615: ProcessMonitor.register[master]
[roslaunch.pmon][INFO] 2021-12-21 14:08:44,615: ProcessMonitor.register[master] complete
[roslaunch][INFO] 2021-12-21 14:08:44,615: process[master]: starting os process
[roslaunch][INFO] 2021-12-21 14:08:44,615: process[master]: start w/ args [['rosmaster', '--core', '-p', '11311', '-w', '3', '__log:=/home/ros/.ros/log/81fe0da6-6267-11ec-9edc-7c507959f385/master.log']]
[roslaunch][INFO] 2021-12-21 14:08:44,615: process[master]: cwd will be [/home/ros/.ros]
[roslaunch][INFO] 2021-12-21 14:08:44,680: process[master]: started with pid [96]
[roslaunch][INFO] 2021-12-21 14:08:44,680: master.is_running[http://localhost:11311]
[roslaunch][INFO] 2021-12-21 14:08:44,780: master.is_running[http://localhost:11311]
[roslaunch][INFO] 2021-12-21 14:08:44,881: master.is_running[http://localhost:11311]
[roslaunch][INFO] 2021-12-21 14:08:44,884: master.is_running[http://localhost:11311]
[roslaunch][INFO] 2021-12-21 14:08:44,886: ROS_MASTER_URI=http://localhost:11311
[roslaunch][INFO] 2021-12-21 14:08:44,888: setting /run_id to 81fe0da6-6267-11ec-9edc-7c507959f385
[roslaunch][INFO] 2021-12-21 14:08:44,890: setting /roslaunch/uris/host_fm00351_u__44379' to http://FM00351-u:44379/
[roslaunch][INFO] 2021-12-21 14:08:44,891: ... preparing to launch node of type [rosout/rosout]
[roslaunch][INFO] 2021-12-21 14:08:44,891: create_node_process: package[rosout] type[rosout] machine[Machine(name[] env_loader[None] address[localhost] ssh_port[22] user[None] assignable[True] timeout[10.0])] master_uri[http://localhost:11311]
[roslaunch][INFO] 2021-12-21 14:08:44,891: process[rosout-1]: env[{'ROS_DISTRO': 'melodic', 'ROSLISP_PACKAGE_DIRECTORIES': '/home/ros/catkin_ws/devel/share/common-lisp', 'LD_LIBRARY_PATH': '/home/ros/catkin_ws/devel/lib:/opt/ros/melodic/lib', 'ROS_PACKAGE_PATH': '/home/ros/catkin_ws/src:/opt/ros/melodic/share', 'PATH': '/opt/ros/melodic/bin:/usr/local/sbin:/usr/local/bin:/usr/sbin:/usr/bin:/sbin:/bin', 'CMAKE_PREFIX_PATH': '/home/ros/catkin_ws/devel:/opt/ros/melodic', 'ROS_LOG_FILENAME': '/home/ros/.ros/log/81fe0da6-6267-11ec-9edc-7c507959f385/roslaunch-FM00351-u-86.log', 'LANG': 'C.UTF-8', 'TERM': 'xterm', 'SHLVL': '1', 'DISPLAY': ':0', 'UNAME': 'ros', 'ROS_ETC_DIR': '/opt/ros/melodic/etc/ros', 'HOME': '/home/ros', 'ROS_PYTHON_VERSION': '2', 'PYTHONPATH': '/home/ros/catkin_ws/devel/lib/python2.7/dist-packages:/opt/ros/melodic/lib/python2.7/dist-packages', 'QT_X11_NO_MITSHM': '1', 'ROS_ROOT': '/opt/ros/melodic/share/ros', 'PKG_CONFIG_PATH': '/home/ros/catkin_ws/devel/lib/pkgconfig:/opt/ros/melodic/lib/pkgconfig', 'LC_ALL': 'C.UTF-8', '_': '/opt/ros/melodic/bin/roslaunch', 'OLDPWD': '/home/ros', 'HOSTNAME': 'FM00351-u', 'PWD': '/home/ros/catkin_ws', 'ROS_MASTER_URI': 'http://localhost:11311', 'ROS_VERSION': '1'}]
[roslaunch][INFO] 2021-12-21 14:08:44,911: process[rosout-1]: args[[u'/opt/ros/melodic/lib/rosout/rosout', u'__name:=rosout']]
[roslaunch][INFO] 2021-12-21 14:08:44,911: ... created process [rosout-1]
[roslaunch.pmon][INFO] 2021-12-21 14:08:44,911: ProcessMonitor.register[rosout-1]
[roslaunch.pmon][INFO] 2021-12-21 14:08:44,911: ProcessMonitor.register[rosout-1] complete
[roslaunch][INFO] 2021-12-21 14:08:44,911: ... registered process [rosout-1]
[roslaunch][INFO] 2021-12-21 14:08:44,911: process[rosout-1]: starting os process
[roslaunch][INFO] 2021-12-21 14:08:44,911: process[rosout-1]: start w/ args [[u'/opt/ros/melodic/lib/rosout/rosout', u'__name:=rosout', u'__log:=/home/ros/.ros/log/81fe0da6-6267-11ec-9edc-7c507959f385/rosout-1.log']]
[roslaunch][INFO] 2021-12-21 14:08:44,911: process[rosout-1]: cwd will be [/home/ros/.ros]
[roslaunch][INFO] 2021-12-21 14:08:44,976: process[rosout-1]: started with pid [107]
[roslaunch][INFO] 2021-12-21 14:08:44,976: ... successfully launched [rosout-1]
[roslaunch][INFO] 2021-12-21 14:08:44,976: load_parameters starting ...
[roslaunch][INFO] 2021-12-21 14:08:44,978: ... load_parameters complete
[roslaunch][INFO] 2021-12-21 14:08:44,978: launch_nodes: launching local nodes ...
[roslaunch][INFO] 2021-12-21 14:08:44,978: ... preparing to launch node of type [rosserial_arduino/serial_node.py]
[roslaunch][INFO] 2021-12-21 14:08:44,978: create_node_process: package[rosserial_arduino] type[serial_node.py] machine[Machine(name[] env_loader[None] address[localhost] ssh_port[22] user[None] assignable[True] timeout[10.0])] master_uri[http://localhost:11311]
[roslaunch][INFO] 2021-12-21 14:08:44,978: process[sensor/tactile_pressure-2]: env[{'ROS_DISTRO': 'melodic', 'ROSLISP_PACKAGE_DIRECTORIES': '/home/ros/catkin_ws/devel/share/common-lisp', 'LD_LIBRARY_PATH': '/home/ros/catkin_ws/devel/lib:/opt/ros/melodic/lib', 'ROS_PACKAGE_PATH': '/home/ros/catkin_ws/src:/opt/ros/melodic/share', 'PATH': '/opt/ros/melodic/bin:/usr/local/sbin:/usr/local/bin:/usr/sbin:/usr/bin:/sbin:/bin', 'CMAKE_PREFIX_PATH': '/home/ros/catkin_ws/devel:/opt/ros/melodic', 'ROS_LOG_FILENAME': '/home/ros/.ros/log/81fe0da6-6267-11ec-9edc-7c507959f385/roslaunch-FM00351-u-86.log', 'LANG': 'C.UTF-8', 'TERM': 'xterm', 'SHLVL': '1', 'DISPLAY': ':0', 'UNAME': 'ros', 'ROS_ETC_DIR': '/opt/ros/melodic/etc/ros', 'HOME': '/home/ros', 'ROS_PYTHON_VERSION': '2', 'PYTHONPATH': '/home/ros/catkin_ws/devel/lib/python2.7/dist-packages:/opt/ros/melodic/lib/python2.7/dist-packages', 'QT_X11_NO_MITSHM': '1', 'ROS_ROOT': '/opt/ros/melodic/share/ros', 'PKG_CONFIG_PATH': '/home/ros/catkin_ws/devel/lib/pkgconfig:/opt/ros/melodic/lib/pkgconfig', 'LC_ALL': 'C.UTF-8', 'ROS_NAMESPACE': '/sensor', '_': '/opt/ros/melodic/bin/roslaunch', 'OLDPWD': '/home/ros', 'HOSTNAME': 'FM00351-u', 'PWD': '/home/ros/catkin_ws', 'ROS_MASTER_URI': 'http://localhost:11311', 'ROS_VERSION': '1'}]
[roslaunch][INFO] 2021-12-21 14:08:44,979: process[sensor/tactile_pressure-2]: args[[u'/opt/ros/melodic/share/rosserial_arduino/serial_node.py', u'/sensor/Pressure:=/sensor/pressure_data', u'__name:=tactile_pressure']]
[roslaunch][INFO] 2021-12-21 14:08:44,979: ... created process [sensor/tactile_pressure-2]
[roslaunch.pmon][INFO] 2021-12-21 14:08:44,980: ProcessMonitor.register[sensor/tactile_pressure-2]
[roslaunch.pmon][INFO] 2021-12-21 14:08:44,980: ProcessMonitor.register[sensor/tactile_pressure-2] complete
[roslaunch][INFO] 2021-12-21 14:08:44,980: ... registered process [sensor/tactile_pressure-2]
[roslaunch][INFO] 2021-12-21 14:08:44,980: process[sensor/tactile_pressure-2]: starting os process
[roslaunch][INFO] 2021-12-21 14:08:44,980: process[sensor/tactile_pressure-2]: start w/ args [[u'/opt/ros/melodic/share/rosserial_arduino/serial_node.py', u'/sensor/Pressure:=/sensor/pressure_data', u'__name:=tactile_pressure', u'__log:=/home/ros/.ros/log/81fe0da6-6267-11ec-9edc-7c507959f385/sensor-tactile_pressure-2.log']]
[roslaunch][INFO] 2021-12-21 14:08:44,980: process[sensor/tactile_pressure-2]: cwd will be [/home/ros/.ros]
[roslaunch][INFO] 2021-12-21 14:08:45,045: process[sensor/tactile_pressure-2]: started with pid [110]
[roslaunch][INFO] 2021-12-21 14:08:45,045: ... successfully launched [sensor/tactile_pressure-2]
[roslaunch][INFO] 2021-12-21 14:08:45,045: ... preparing to launch node of type [tactile_pressure_sensor/pressure_LocAndForceEstimation.py]
[roslaunch][INFO] 2021-12-21 14:08:45,045: create_node_process: package[tactile_pressure_sensor] type[pressure_LocAndForceEstimation.py] machine[Machine(name[] env_loader[None] address[localhost] ssh_port[22] user[None] assignable[True] timeout[10.0])] master_uri[http://localhost:11311]
[roslaunch][INFO] 2021-12-21 14:08:45,045: process[sensor/process_tactile_pressure-3]: env[{'ROS_DISTRO': 'melodic', 'ROSLISP_PACKAGE_DIRECTORIES': '/home/ros/catkin_ws/devel/share/common-lisp', 'LD_LIBRARY_PATH': '/home/ros/catkin_ws/devel/lib:/opt/ros/melodic/lib', 'ROS_PACKAGE_PATH': '/home/ros/catkin_ws/src:/opt/ros/melodic/share', 'PATH': '/opt/ros/melodic/bin:/usr/local/sbin:/usr/local/bin:/usr/sbin:/usr/bin:/sbin:/bin', 'CMAKE_PREFIX_PATH': '/home/ros/catkin_ws/devel:/opt/ros/melodic', 'ROS_LOG_FILENAME': '/home/ros/.ros/log/81fe0da6-6267-11ec-9edc-7c507959f385/roslaunch-FM00351-u-86.log', 'LANG': 'C.UTF-8', 'TERM': 'xterm', 'SHLVL': '1', 'DISPLAY': ':0', 'UNAME': 'ros', 'ROS_ETC_DIR': '/opt/ros/melodic/etc/ros', 'HOME': '/home/ros', 'ROS_PYTHON_VERSION': '2', 'PYTHONPATH': '/home/ros/catkin_ws/devel/lib/python2.7/dist-packages:/opt/ros/melodic/lib/python2.7/dist-packages', 'QT_X11_NO_MITSHM': '1', 'ROS_ROOT': '/opt/ros/melodic/share/ros', 'PKG_CONFIG_PATH': '/home/ros/catkin_ws/devel/lib/pkgconfig:/opt/ros/melodic/lib/pkgconfig', 'LC_ALL': 'C.UTF-8', 'ROS_NAMESPACE': '/sensor', '_': '/opt/ros/melodic/bin/roslaunch', 'OLDPWD': '/home/ros', 'HOSTNAME': 'FM00351-u', 'PWD': '/home/ros/catkin_ws', 'ROS_MASTER_URI': 'http://localhost:11311', 'ROS_VERSION': '1'}]
[roslaunch][INFO] 2021-12-21 14:08:45,046: process[sensor/process_tactile_pressure-3]: args[[u'/home/ros/catkin_ws/src/tactile_pressure_sensor/src/pressure_LocAndForceEstimation.py', u'/sensor/pressure_data:=/sensor/pressure_data', u'estimated_ForceAndLoc:=/sensor/estimated_ForceAndLoc', u'__name:=process_tactile_pressure']]
[roslaunch][INFO] 2021-12-21 14:08:45,046: ... created process [sensor/process_tactile_pressure-3]
[roslaunch.pmon][INFO] 2021-12-21 14:08:45,046: ProcessMonitor.register[sensor/process_tactile_pressure-3]
[roslaunch.pmon][INFO] 2021-12-21 14:08:45,046: ProcessMonitor.register[sensor/process_tactile_pressure-3] complete
[roslaunch][INFO] 2021-12-21 14:08:45,046: ... registered process [sensor/process_tactile_pressure-3]
[roslaunch][INFO] 2021-12-21 14:08:45,046: process[sensor/process_tactile_pressure-3]: starting os process
[roslaunch][INFO] 2021-12-21 14:08:45,046: process[sensor/process_tactile_pressure-3]: start w/ args [[u'/home/ros/catkin_ws/src/tactile_pressure_sensor/src/pressure_LocAndForceEstimation.py', u'/sensor/pressure_data:=/sensor/pressure_data', u'estimated_ForceAndLoc:=/sensor/estimated_ForceAndLoc', u'__name:=process_tactile_pressure', u'__log:=/home/ros/.ros/log/81fe0da6-6267-11ec-9edc-7c507959f385/sensor-process_tactile_pressure-3.log']]
[roslaunch][INFO] 2021-12-21 14:08:45,046: process[sensor/process_tactile_pressure-3]: cwd will be [/home/ros/.ros]
[roslaunch][INFO] 2021-12-21 14:08:45,112: process[sensor/process_tactile_pressure-3]: started with pid [115]
[roslaunch][INFO] 2021-12-21 14:08:45,112: ... successfully launched [sensor/process_tactile_pressure-3]
[roslaunch][INFO] 2021-12-21 14:08:45,112: ... launch_nodes complete
[roslaunch.pmon][INFO] 2021-12-21 14:08:45,112: registrations completed <ProcessMonitor(ProcessMonitor-1, started daemon 140046554375936)>
[roslaunch.parent][INFO] 2021-12-21 14:08:45,112: ... roslaunch parent running, waiting for process exit
[roslaunch][INFO] 2021-12-21 14:08:45,112: spin
[roslaunch][INFO] 2021-12-21 14:08:49,313: [sensor/process_tactile_pressure-3] process has finished cleanly
log file: /home/ros/.ros/log/81fe0da6-6267-11ec-9edc-7c507959f385/sensor-process_tactile_pressure-3*.log
[roslaunch.pmon][INFO] 2021-12-21 14:08:49,313: ProcessMonitor.unregister[sensor/process_tactile_pressure-3] starting
[roslaunch.pmon][INFO] 2021-12-21 14:08:49,314: ProcessMonitor.unregister[sensor/process_tactile_pressure-3] complete
[roslaunch.pmon][INFO] 2021-12-21 14:14:27,936: ProcessMonitor.shutdown <ProcessMonitor(ProcessMonitor-1, started daemon 140046554375936)>
[roslaunch.pmon][INFO] 2021-12-21 14:14:27,997: ProcessMonitor._post_run <ProcessMonitor(ProcessMonitor-1, started daemon 140046554375936)>
[roslaunch.pmon][INFO] 2021-12-21 14:14:27,997: ProcessMonitor._post_run <ProcessMonitor(ProcessMonitor-1, started daemon 140046554375936)>: remaining procs are [<roslaunch.nodeprocess.LocalProcess object at 0x7f5f219a5c90>, <roslaunch.nodeprocess.LocalProcess object at 0x7f5f21408050>, <roslaunch.nodeprocess.LocalProcess object at 0x7f5f219a2310>]
[roslaunch.pmon][INFO] 2021-12-21 14:14:27,998: ProcessMonitor exit: killing sensor/tactile_pressure-2
[roslaunch][INFO] 2021-12-21 14:14:27,999: [sensor/tactile_pressure-2] killing on exit
[roslaunch][INFO] 2021-12-21 14:14:28,000: process[sensor/tactile_pressure-2]: killing os process with pid[110] pgid[110]
[roslaunch][INFO] 2021-12-21 14:14:28,000: [sensor/tactile_pressure-2] sending SIGINT to pgid [110]
[roslaunch][INFO] 2021-12-21 14:14:28,000: [sensor/tactile_pressure-2] sent SIGINT to pgid [110]
[roslaunch][INFO] 2021-12-21 14:14:28,201: process[sensor/tactile_pressure-2]: SIGINT killed with return value 0
[roslaunch.pmon][INFO] 2021-12-21 14:14:28,202: ProcessMonitor exit: killing rosout-1
[roslaunch][INFO] 2021-12-21 14:14:28,202: [rosout-1] killing on exit
[roslaunch][INFO] 2021-12-21 14:14:28,202: process[rosout-1]: killing os process with pid[107] pgid[107]
[roslaunch][INFO] 2021-12-21 14:14:28,203: [rosout-1] sending SIGINT to pgid [107]
[roslaunch][INFO] 2021-12-21 14:14:28,203: [rosout-1] sent SIGINT to pgid [107]
[roslaunch][INFO] 2021-12-21 14:14:28,403: process[rosout-1]: SIGINT killed with return value 0
[roslaunch.pmon][INFO] 2021-12-21 14:14:28,404: ProcessMonitor exit: killing master
[roslaunch][INFO] 2021-12-21 14:14:28,404: [master] killing on exit
[roslaunch][INFO] 2021-12-21 14:14:28,404: process[master]: killing os process with pid[96] pgid[96]
[roslaunch][INFO] 2021-12-21 14:14:28,404: [master] sending SIGINT to pgid [96]
[roslaunch][INFO] 2021-12-21 14:14:28,404: [master] sent SIGINT to pgid [96]
[roslaunch][INFO] 2021-12-21 14:14:28,605: process[master]: SIGINT killed with return value 0
[roslaunch.pmon][INFO] 2021-12-21 14:14:28,605: ProcessMonitor exit: cleaning up data structures and signals
[roslaunch.pmon][INFO] 2021-12-21 14:14:28,605: ProcessMonitor exit: pmon has shutdown
[roslaunch][INFO] 2021-12-21 14:14:28,652: process monitor is done spinning, initiating full shutdown
[roslaunch][INFO] 2021-12-21 14:14:28,653: runner.stop()
[roslaunch][INFO] 2021-12-21 14:14:28,653: shutting down processing monitor...
[roslaunch][INFO] 2021-12-21 14:14:28,653: shutting down processing monitor <ProcessMonitor(ProcessMonitor-1, stopped daemon 140046554375936)>
[roslaunch.pmon][INFO] 2021-12-21 14:14:28,653: ProcessMonitor.shutdown <ProcessMonitor(ProcessMonitor-1, stopped daemon 140046554375936)>
[roslaunch][INFO] 2021-12-21 14:14:28,653: ... shutting down processing monitor complete
[roslaunch][INFO] 2021-12-21 14:14:28,653: done
[roslaunch.pmon][INFO] 2021-12-21 14:14:28,654: ProcessMonitor.shutdown <ProcessMonitor(ProcessMonitor-1, stopped daemon 140046554375936)>
[rospy.core][INFO] 2021-12-21 14:14:28,654: signal_shutdown [atexit]
