[roslaunch][INFO] 2022-02-23 09:33:49,804: Checking log directory for disk usage. This may take a while.
Press Ctrl-C to interrupt
[roslaunch][INFO] 2022-02-23 09:33:49,815: Done checking log file disk usage. Usage is <1GB.
[roslaunch][INFO] 2022-02-23 09:33:49,815: roslaunch starting with args ['roscore', '--core']
[roslaunch][INFO] 2022-02-23 09:33:49,815: roslaunch env is {'ROS_DISTRO': 'melodic', 'ROSLISP_PACKAGE_DIRECTORIES': '/home/ros/catkin_ws/devel/share/common-lisp', 'HOME': '/home/ros', 'PATH': '/opt/ros/melodic/bin:/usr/local/sbin:/usr/local/bin:/usr/sbin:/usr/bin:/sbin:/bin', 'ROS_PACKAGE_PATH': '/home/ros/catkin_ws/src:/opt/ros/melodic/share', 'CMAKE_PREFIX_PATH': '/home/ros/catkin_ws/devel:/opt/ros/melodic', 'LD_LIBRARY_PATH': '/home/ros/catkin_ws/devel/lib:/opt/ros/melodic/lib', 'LANG': 'C.UTF-8', 'TERM': 'xterm', 'ROS_LOG_FILENAME': '/home/ros/.ros/log/b4b5b752-948b-11ec-9784-7c507959f385/roslaunch-FM00351-u-709.log', 'SHLVL': '1', 'DISPLAY': ':0', 'UNAME': 'ros', 'ROS_MASTER_URI': 'http://localhost:11311', 'ROS_PYTHON_VERSION': '2', 'PYTHONPATH': '/home/ros/catkin_ws/devel/lib/python2.7/dist-packages:/opt/ros/melodic/lib/python2.7/dist-packages', 'QT_X11_NO_MITSHM': '1', 'ROS_ROOT': '/opt/ros/melodic/share/ros', 'PKG_CONFIG_PATH': '/home/ros/catkin_ws/devel/lib/pkgconfig:/opt/ros/melodic/lib/pkgconfig', 'LC_ALL': 'C.UTF-8', '_': '/opt/ros/melodic/bin/roscore', 'HOSTNAME': 'FM00351-u', 'PWD': '/home/ros', 'ROS_ETC_DIR': '/opt/ros/melodic/etc/ros', 'ROS_VERSION': '1'}
[roslaunch][INFO] 2022-02-23 09:33:49,815: starting in server mode
[roslaunch.parent][INFO] 2022-02-23 09:33:49,816: starting roslaunch parent run
[roslaunch][INFO] 2022-02-23 09:33:49,816: loading roscore config file /opt/ros/melodic/etc/ros/roscore.xml
[roslaunch][INFO] 2022-02-23 09:33:50,165: Added core node of type [rosout/rosout] in namespace [/]
[roslaunch.pmon][INFO] 2022-02-23 09:33:50,165: start_process_monitor: creating ProcessMonitor
[roslaunch.pmon][INFO] 2022-02-23 09:33:50,165: created process monitor <ProcessMonitor(ProcessMonitor-1, initial daemon)>
[roslaunch.pmon][INFO] 2022-02-23 09:33:50,166: start_process_monitor: ProcessMonitor started
[roslaunch.parent][INFO] 2022-02-23 09:33:50,166: starting parent XML-RPC server
[roslaunch.server][INFO] 2022-02-23 09:33:50,166: starting roslaunch XML-RPC server
[roslaunch.server][INFO] 2022-02-23 09:33:50,166: waiting for roslaunch XML-RPC server to initialize
[xmlrpc][INFO] 2022-02-23 09:33:50,166: XML-RPC server binding to 0.0.0.0:0
[xmlrpc][INFO] 2022-02-23 09:33:50,166: Started XML-RPC server [http://FM00351-u:41601/]
[xmlrpc][INFO] 2022-02-23 09:33:50,167: xml rpc node: starting XML-RPC server
[roslaunch][INFO] 2022-02-23 09:33:50,177: started roslaunch server http://FM00351-u:41601/
[roslaunch.parent][INFO] 2022-02-23 09:33:50,177: ... parent XML-RPC server started
[roslaunch][INFO] 2022-02-23 09:33:50,177: master.is_running[http://FM00351-u:11311/]
[roslaunch][INFO] 2022-02-23 09:33:50,179: auto-starting new master
[roslaunch][INFO] 2022-02-23 09:33:50,179: create_master_process: rosmaster, /opt/ros/melodic/share/ros, 11311, 3, None, False
[roslaunch][INFO] 2022-02-23 09:33:50,179: process[master]: launching with args [['rosmaster', '--core', '-p', '11311', '-w', '3']]
[roslaunch.pmon][INFO] 2022-02-23 09:33:50,179: ProcessMonitor.register[master]
[roslaunch.pmon][INFO] 2022-02-23 09:33:50,179: ProcessMonitor.register[master] complete
[roslaunch][INFO] 2022-02-23 09:33:50,179: process[master]: starting os process
[roslaunch][INFO] 2022-02-23 09:33:50,179: process[master]: start w/ args [['rosmaster', '--core', '-p', '11311', '-w', '3', '__log:=/home/ros/.ros/log/b4b5b752-948b-11ec-9784-7c507959f385/master.log']]
[roslaunch][INFO] 2022-02-23 09:33:50,179: process[master]: cwd will be [/home/ros/.ros]
[roslaunch][INFO] 2022-02-23 09:33:50,248: process[master]: started with pid [719]
[roslaunch][INFO] 2022-02-23 09:33:50,248: master.is_running[http://FM00351-u:11311/]
[roslaunch][INFO] 2022-02-23 09:33:50,348: master.is_running[http://FM00351-u:11311/]
[roslaunch][INFO] 2022-02-23 09:33:50,449: master.is_running[http://FM00351-u:11311/]
[roslaunch][INFO] 2022-02-23 09:33:50,450: master.is_running[http://FM00351-u:11311/]
[roslaunch][INFO] 2022-02-23 09:33:50,451: ROS_MASTER_URI=http://FM00351-u:11311/
[roslaunch][INFO] 2022-02-23 09:33:50,453: setting /run_id to b4b5b752-948b-11ec-9784-7c507959f385
[roslaunch][INFO] 2022-02-23 09:33:50,454: setting /roslaunch/uris/host_fm00351_u__41601' to http://FM00351-u:41601/
[roslaunch][INFO] 2022-02-23 09:33:50,455: ... preparing to launch node of type [rosout/rosout]
[roslaunch][INFO] 2022-02-23 09:33:50,455: create_node_process: package[rosout] type[rosout] machine[Machine(name[] env_loader[None] address[localhost] ssh_port[22] user[None] assignable[True] timeout[10.0])] master_uri[http://FM00351-u:11311/]
[roslaunch][INFO] 2022-02-23 09:33:50,455: process[rosout-1]: env[{'ROS_DISTRO': 'melodic', 'ROSLISP_PACKAGE_DIRECTORIES': '/home/ros/catkin_ws/devel/share/common-lisp', 'LD_LIBRARY_PATH': '/home/ros/catkin_ws/devel/lib:/opt/ros/melodic/lib', 'ROS_PACKAGE_PATH': '/home/ros/catkin_ws/src:/opt/ros/melodic/share', 'PATH': '/opt/ros/melodic/bin:/usr/local/sbin:/usr/local/bin:/usr/sbin:/usr/bin:/sbin:/bin', 'CMAKE_PREFIX_PATH': '/home/ros/catkin_ws/devel:/opt/ros/melodic', 'ROS_LOG_FILENAME': '/home/ros/.ros/log/b4b5b752-948b-11ec-9784-7c507959f385/roslaunch-FM00351-u-709.log', 'LANG': 'C.UTF-8', 'TERM': 'xterm', 'SHLVL': '1', 'DISPLAY': ':0', 'UNAME': 'ros', 'ROS_ETC_DIR': '/opt/ros/melodic/etc/ros', 'HOME': '/home/ros', 'ROS_PYTHON_VERSION': '2', 'PYTHONPATH': '/home/ros/catkin_ws/devel/lib/python2.7/dist-packages:/opt/ros/melodic/lib/python2.7/dist-packages', 'QT_X11_NO_MITSHM': '1', 'ROS_ROOT': '/opt/ros/melodic/share/ros', 'PKG_CONFIG_PATH': '/home/ros/catkin_ws/devel/lib/pkgconfig:/opt/ros/melodic/lib/pkgconfig', 'LC_ALL': 'C.UTF-8', '_': '/opt/ros/melodic/bin/roscore', 'HOSTNAME': 'FM00351-u', 'PWD': '/home/ros', 'ROS_MASTER_URI': 'http://FM00351-u:11311/', 'ROS_VERSION': '1'}]
[roslaunch][INFO] 2022-02-23 09:33:50,663: process[rosout-1]: args[[u'/opt/ros/melodic/lib/rosout/rosout', u'__name:=rosout']]
[roslaunch][INFO] 2022-02-23 09:33:50,663: ... created process [rosout-1]
[roslaunch.pmon][INFO] 2022-02-23 09:33:50,663: ProcessMonitor.register[rosout-1]
[roslaunch.pmon][INFO] 2022-02-23 09:33:50,663: ProcessMonitor.register[rosout-1] complete
[roslaunch][INFO] 2022-02-23 09:33:50,663: ... registered process [rosout-1]
[roslaunch][INFO] 2022-02-23 09:33:50,663: process[rosout-1]: starting os process
[roslaunch][INFO] 2022-02-23 09:33:50,663: process[rosout-1]: start w/ args [[u'/opt/ros/melodic/lib/rosout/rosout', u'__name:=rosout', u'__log:=/home/ros/.ros/log/b4b5b752-948b-11ec-9784-7c507959f385/rosout-1.log']]
[roslaunch][INFO] 2022-02-23 09:33:50,663: process[rosout-1]: cwd will be [/home/ros/.ros]
[roslaunch][INFO] 2022-02-23 09:33:50,729: process[rosout-1]: started with pid [730]
[roslaunch][INFO] 2022-02-23 09:33:50,730: ... successfully launched [rosout-1]
[roslaunch][INFO] 2022-02-23 09:33:50,730: load_parameters starting ...
[roslaunch][INFO] 2022-02-23 09:33:50,733: ... load_parameters complete
[roslaunch][INFO] 2022-02-23 09:33:50,733: launch_nodes: launching local nodes ...
[roslaunch][INFO] 2022-02-23 09:33:50,733: ... launch_nodes complete
[roslaunch.pmon][INFO] 2022-02-23 09:33:50,733: registrations completed <ProcessMonitor(ProcessMonitor-1, started daemon 140270514677504)>
[roslaunch.parent][INFO] 2022-02-23 09:33:50,733: ... roslaunch parent running, waiting for process exit
[roslaunch][INFO] 2022-02-23 09:33:50,733: spin
[roslaunch.pmon][INFO] 2022-02-23 11:03:47,006: ProcessMonitor.shutdown <ProcessMonitor(ProcessMonitor-1, started daemon 140270514677504)>
[roslaunch.pmon][INFO] 2022-02-23 11:03:47,078: ProcessMonitor._post_run <ProcessMonitor(ProcessMonitor-1, started daemon 140270514677504)>
[roslaunch.pmon][INFO] 2022-02-23 11:03:47,078: ProcessMonitor._post_run <ProcessMonitor(ProcessMonitor-1, started daemon 140270514677504)>: remaining procs are [<roslaunch.nodeprocess.LocalProcess object at 0x7f9346368710>, <roslaunch.nodeprocess.LocalProcess object at 0x7f9346382e10>]
[roslaunch.pmon][INFO] 2022-02-23 11:03:47,082: ProcessMonitor exit: killing rosout-1
[roslaunch][INFO] 2022-02-23 11:03:47,082: [rosout-1] killing on exit
[roslaunch][INFO] 2022-02-23 11:03:47,083: process[rosout-1]: killing os process with pid[730] pgid[730]
[roslaunch][INFO] 2022-02-23 11:03:47,083: [rosout-1] sending SIGINT to pgid [730]
[roslaunch][INFO] 2022-02-23 11:03:47,083: [rosout-1] sent SIGINT to pgid [730]
[roslaunch][INFO] 2022-02-23 11:03:47,284: process[rosout-1]: SIGINT killed with return value 0
[roslaunch.pmon][INFO] 2022-02-23 11:03:47,284: ProcessMonitor exit: killing master
[roslaunch][INFO] 2022-02-23 11:03:47,284: [master] killing on exit
[roslaunch][INFO] 2022-02-23 11:03:47,284: process[master]: killing os process with pid[719] pgid[719]
[roslaunch][INFO] 2022-02-23 11:03:47,284: [master] sending SIGINT to pgid [719]
[roslaunch][INFO] 2022-02-23 11:03:47,285: [master] sent SIGINT to pgid [719]
[roslaunch][INFO] 2022-02-23 11:03:47,485: process[master]: SIGINT killed with return value 0
[roslaunch.pmon][INFO] 2022-02-23 11:03:47,485: ProcessMonitor exit: cleaning up data structures and signals
[roslaunch.pmon][INFO] 2022-02-23 11:03:47,485: ProcessMonitor exit: pmon has shutdown
[roslaunch][INFO] 2022-02-23 11:03:47,521: process monitor is done spinning, initiating full shutdown
[roslaunch][INFO] 2022-02-23 11:03:47,521: runner.stop()
[roslaunch][INFO] 2022-02-23 11:03:47,521: shutting down processing monitor...
[roslaunch][INFO] 2022-02-23 11:03:47,521: shutting down processing monitor <ProcessMonitor(ProcessMonitor-1, stopped daemon 140270514677504)>
[roslaunch.pmon][INFO] 2022-02-23 11:03:47,521: ProcessMonitor.shutdown <ProcessMonitor(ProcessMonitor-1, stopped daemon 140270514677504)>
[roslaunch][INFO] 2022-02-23 11:03:47,521: ... shutting down processing monitor complete
[roslaunch][INFO] 2022-02-23 11:03:47,521: done
[roslaunch.pmon][INFO] 2022-02-23 11:03:47,522: ProcessMonitor.shutdown <ProcessMonitor(ProcessMonitor-1, stopped daemon 140270514677504)>
[rospy.core][INFO] 2022-02-23 11:03:47,522: signal_shutdown [atexit]
