[roslaunch][INFO] 2022-02-23 10:36:52,525: Checking log directory for disk usage. This may take a while.
Press Ctrl-C to interrupt
[roslaunch][INFO] 2022-02-23 10:36:52,529: Done checking log file disk usage. Usage is <1GB.
[roslaunch][INFO] 2022-02-23 10:36:52,529: roslaunch starting with args ['/opt/ros/melodic/bin/roslaunch', 'fm_gripper_module', 'fm_gripper_module.launch']
[roslaunch][INFO] 2022-02-23 10:36:52,529: roslaunch env is {'ROS_DISTRO': 'melodic', 'ROSLISP_PACKAGE_DIRECTORIES': '/home/ros/catkin_ws/devel/share/common-lisp', 'HOME': '/home/ros', 'PATH': '/opt/ros/melodic/bin:/usr/local/sbin:/usr/local/bin:/usr/sbin:/usr/bin:/sbin:/bin', 'ROS_PACKAGE_PATH': '/home/ros/catkin_ws/src:/opt/ros/melodic/share', 'CMAKE_PREFIX_PATH': '/home/ros/catkin_ws/devel:/opt/ros/melodic', 'LD_LIBRARY_PATH': '/home/ros/catkin_ws/devel/lib:/opt/ros/melodic/lib', 'LANG': 'C.UTF-8', 'TERM': 'xterm', 'ROS_LOG_FILENAME': '/home/ros/.ros/log/b4b5b752-948b-11ec-9784-7c507959f385/roslaunch-FM00351-u-10973.log', 'SHLVL': '1', 'DISPLAY': ':0', 'UNAME': 'ros', 'ROS_MASTER_URI': 'http://localhost:11311', 'ROS_PYTHON_VERSION': '2', 'PYTHONPATH': '/home/ros/catkin_ws/devel/lib/python2.7/dist-packages:/opt/ros/melodic/lib/python2.7/dist-packages', 'QT_X11_NO_MITSHM': '1', 'ROS_ROOT': '/opt/ros/melodic/share/ros', 'PKG_CONFIG_PATH': '/home/ros/catkin_ws/devel/lib/pkgconfig:/opt/ros/melodic/lib/pkgconfig', 'LC_ALL': 'C.UTF-8', '_': '/opt/ros/melodic/bin/roslaunch', 'OLDPWD': '/home/ros', 'HOSTNAME': 'FM00351-u', 'PWD': '/home/ros/catkin_ws', 'ROS_ETC_DIR': '/opt/ros/melodic/etc/ros', 'ROS_VERSION': '1'}
[roslaunch][INFO] 2022-02-23 10:36:52,529: starting in server mode
[roslaunch.parent][INFO] 2022-02-23 10:36:52,529: starting roslaunch parent run
[roslaunch][INFO] 2022-02-23 10:36:52,529: loading roscore config file /opt/ros/melodic/etc/ros/roscore.xml
[roslaunch][INFO] 2022-02-23 10:36:52,835: Added core node of type [rosout/rosout] in namespace [/]
[roslaunch.config][INFO] 2022-02-23 10:36:52,835: loading config file /home/ros/catkin_ws/src/fm_gripper_module/launch/fm_gripper_module.launch
[roslaunch][INFO] 2022-02-23 10:36:52,835: Added node of type [robotiq_2f_gripper_control/Robotiq2FGripperRtuNode.py] in namespace [/]
[roslaunch][INFO] 2022-02-23 10:36:52,836: Added node of type [fm_gripper_module/Robotiq2FGripperSlipController.py] in namespace [/]
[roslaunch][INFO] 2022-02-23 10:36:52,836: ... selected machine [] for node of type [robotiq_2f_gripper_control/Robotiq2FGripperRtuNode.py]
[roslaunch][INFO] 2022-02-23 10:36:52,836: ... selected machine [] for node of type [fm_gripper_module/Robotiq2FGripperSlipController.py]
[roslaunch.pmon][INFO] 2022-02-23 10:36:52,836: start_process_monitor: creating ProcessMonitor
[roslaunch.pmon][INFO] 2022-02-23 10:36:52,836: created process monitor <ProcessMonitor(ProcessMonitor-1, initial daemon)>
[roslaunch.pmon][INFO] 2022-02-23 10:36:52,837: start_process_monitor: ProcessMonitor started
[roslaunch.parent][INFO] 2022-02-23 10:36:52,837: starting parent XML-RPC server
[roslaunch.server][INFO] 2022-02-23 10:36:52,837: starting roslaunch XML-RPC server
[roslaunch.server][INFO] 2022-02-23 10:36:52,837: waiting for roslaunch XML-RPC server to initialize
[xmlrpc][INFO] 2022-02-23 10:36:52,837: XML-RPC server binding to 0.0.0.0:0
[xmlrpc][INFO] 2022-02-23 10:36:52,837: Started XML-RPC server [http://FM00351-u:34989/]
[xmlrpc][INFO] 2022-02-23 10:36:52,838: xml rpc node: starting XML-RPC server
[roslaunch][INFO] 2022-02-23 10:36:52,848: started roslaunch server http://FM00351-u:34989/
[roslaunch.parent][INFO] 2022-02-23 10:36:52,849: ... parent XML-RPC server started
[roslaunch][INFO] 2022-02-23 10:36:52,849: master.is_running[http://localhost:11311]
[roslaunch][INFO] 2022-02-23 10:36:52,850: master.is_running[http://localhost:11311]
[roslaunch][INFO] 2022-02-23 10:36:52,851: ROS_MASTER_URI=http://localhost:11311
[roslaunch][INFO] 2022-02-23 10:36:52,853: setting /roslaunch/uris/host_fm00351_u__34989' to http://FM00351-u:34989/
[roslaunch][INFO] 2022-02-23 10:36:52,854: load_parameters starting ...
[roslaunch][INFO] 2022-02-23 10:36:52,856: ... load_parameters complete
[roslaunch][INFO] 2022-02-23 10:36:52,856: launch_nodes: launching local nodes ...
[roslaunch][INFO] 2022-02-23 10:36:52,856: ... preparing to launch node of type [robotiq_2f_gripper_control/Robotiq2FGripperRtuNode.py]
[roslaunch][INFO] 2022-02-23 10:36:52,857: create_node_process: package[robotiq_2f_gripper_control] type[Robotiq2FGripperRtuNode.py] machine[Machine(name[] env_loader[None] address[localhost] ssh_port[22] user[None] assignable[True] timeout[10.0])] master_uri[http://localhost:11311]
[roslaunch][INFO] 2022-02-23 10:36:52,857: process[Robotiq2FGripperRtuNode-1]: env[{'ROS_DISTRO': 'melodic', 'ROSLISP_PACKAGE_DIRECTORIES': '/home/ros/catkin_ws/devel/share/common-lisp', 'LD_LIBRARY_PATH': '/home/ros/catkin_ws/devel/lib:/opt/ros/melodic/lib', 'ROS_PACKAGE_PATH': '/home/ros/catkin_ws/src:/opt/ros/melodic/share', 'PATH': '/opt/ros/melodic/bin:/usr/local/sbin:/usr/local/bin:/usr/sbin:/usr/bin:/sbin:/bin', 'CMAKE_PREFIX_PATH': '/home/ros/catkin_ws/devel:/opt/ros/melodic', 'ROS_LOG_FILENAME': '/home/ros/.ros/log/b4b5b752-948b-11ec-9784-7c507959f385/roslaunch-FM00351-u-10973.log', 'LANG': 'C.UTF-8', 'TERM': 'xterm', 'SHLVL': '1', 'DISPLAY': ':0', 'UNAME': 'ros', 'ROS_ETC_DIR': '/opt/ros/melodic/etc/ros', 'HOME': '/home/ros', 'ROS_PYTHON_VERSION': '2', 'PYTHONPATH': '/home/ros/catkin_ws/devel/lib/python2.7/dist-packages:/opt/ros/melodic/lib/python2.7/dist-packages', 'QT_X11_NO_MITSHM': '1', 'ROS_ROOT': '/opt/ros/melodic/share/ros', 'PKG_CONFIG_PATH': '/home/ros/catkin_ws/devel/lib/pkgconfig:/opt/ros/melodic/lib/pkgconfig', 'LC_ALL': 'C.UTF-8', '_': '/opt/ros/melodic/bin/roslaunch', 'OLDPWD': '/home/ros', 'HOSTNAME': 'FM00351-u', 'PWD': '/home/ros/catkin_ws', 'ROS_MASTER_URI': 'http://localhost:11311', 'ROS_VERSION': '1'}]
[roslaunch][INFO] 2022-02-23 10:36:53,055: process[Robotiq2FGripperRtuNode-1]: args[[u'/home/ros/catkin_ws/src/robotiq/robotiq_2f_gripper_control/nodes/Robotiq2FGripperRtuNode.py', '/dev/ttyUSB0', u'__name:=Robotiq2FGripperRtuNode']]
[roslaunch][INFO] 2022-02-23 10:36:53,055: ... created process [Robotiq2FGripperRtuNode-1]
[roslaunch.pmon][INFO] 2022-02-23 10:36:53,055: ProcessMonitor.register[Robotiq2FGripperRtuNode-1]
[roslaunch.pmon][INFO] 2022-02-23 10:36:53,055: ProcessMonitor.register[Robotiq2FGripperRtuNode-1] complete
[roslaunch][INFO] 2022-02-23 10:36:53,055: ... registered process [Robotiq2FGripperRtuNode-1]
[roslaunch][INFO] 2022-02-23 10:36:53,055: process[Robotiq2FGripperRtuNode-1]: starting os process
[roslaunch][INFO] 2022-02-23 10:36:53,055: process[Robotiq2FGripperRtuNode-1]: start w/ args [[u'/home/ros/catkin_ws/src/robotiq/robotiq_2f_gripper_control/nodes/Robotiq2FGripperRtuNode.py', '/dev/ttyUSB0', u'__name:=Robotiq2FGripperRtuNode', u'__log:=/home/ros/.ros/log/b4b5b752-948b-11ec-9784-7c507959f385/Robotiq2FGripperRtuNode-1.log']]
[roslaunch][INFO] 2022-02-23 10:36:53,055: process[Robotiq2FGripperRtuNode-1]: cwd will be [/home/ros/.ros]
[roslaunch][INFO] 2022-02-23 10:36:53,120: process[Robotiq2FGripperRtuNode-1]: started with pid [10988]
[roslaunch][INFO] 2022-02-23 10:36:53,120: ... successfully launched [Robotiq2FGripperRtuNode-1]
[roslaunch][INFO] 2022-02-23 10:36:53,120: ... preparing to launch node of type [fm_gripper_module/Robotiq2FGripperSlipController.py]
[roslaunch][INFO] 2022-02-23 10:36:53,120: create_node_process: package[fm_gripper_module] type[Robotiq2FGripperSlipController.py] machine[Machine(name[] env_loader[None] address[localhost] ssh_port[22] user[None] assignable[True] timeout[10.0])] master_uri[http://localhost:11311]
[roslaunch][INFO] 2022-02-23 10:36:53,121: process[Robotiq2FGripperSlipController-2]: env[{'ROS_DISTRO': 'melodic', 'ROSLISP_PACKAGE_DIRECTORIES': '/home/ros/catkin_ws/devel/share/common-lisp', 'LD_LIBRARY_PATH': '/home/ros/catkin_ws/devel/lib:/opt/ros/melodic/lib', 'ROS_PACKAGE_PATH': '/home/ros/catkin_ws/src:/opt/ros/melodic/share', 'PATH': '/opt/ros/melodic/bin:/usr/local/sbin:/usr/local/bin:/usr/sbin:/usr/bin:/sbin:/bin', 'CMAKE_PREFIX_PATH': '/home/ros/catkin_ws/devel:/opt/ros/melodic', 'ROS_LOG_FILENAME': '/home/ros/.ros/log/b4b5b752-948b-11ec-9784-7c507959f385/roslaunch-FM00351-u-10973.log', 'LANG': 'C.UTF-8', 'TERM': 'xterm', 'SHLVL': '1', 'DISPLAY': ':0', 'UNAME': 'ros', 'ROS_ETC_DIR': '/opt/ros/melodic/etc/ros', 'HOME': '/home/ros', 'ROS_PYTHON_VERSION': '2', 'PYTHONPATH': '/home/ros/catkin_ws/devel/lib/python2.7/dist-packages:/opt/ros/melodic/lib/python2.7/dist-packages', 'QT_X11_NO_MITSHM': '1', 'ROS_ROOT': '/opt/ros/melodic/share/ros', 'PKG_CONFIG_PATH': '/home/ros/catkin_ws/devel/lib/pkgconfig:/opt/ros/melodic/lib/pkgconfig', 'LC_ALL': 'C.UTF-8', '_': '/opt/ros/melodic/bin/roslaunch', 'OLDPWD': '/home/ros', 'HOSTNAME': 'FM00351-u', 'PWD': '/home/ros/catkin_ws', 'ROS_MASTER_URI': 'http://localhost:11311', 'ROS_VERSION': '1'}]
[roslaunch][INFO] 2022-02-23 10:36:53,121: process[Robotiq2FGripperSlipController-2]: args[[u'/home/ros/catkin_ws/src/fm_gripper_module/src/Robotiq2FGripperSlipController.py', u'__name:=Robotiq2FGripperSlipController']]
[roslaunch][INFO] 2022-02-23 10:36:53,121: ... created process [Robotiq2FGripperSlipController-2]
[roslaunch.pmon][INFO] 2022-02-23 10:36:53,121: ProcessMonitor.register[Robotiq2FGripperSlipController-2]
[roslaunch.pmon][INFO] 2022-02-23 10:36:53,121: ProcessMonitor.register[Robotiq2FGripperSlipController-2] complete
[roslaunch][INFO] 2022-02-23 10:36:53,121: ... registered process [Robotiq2FGripperSlipController-2]
[roslaunch][INFO] 2022-02-23 10:36:53,121: process[Robotiq2FGripperSlipController-2]: starting os process
[roslaunch][INFO] 2022-02-23 10:36:53,121: process[Robotiq2FGripperSlipController-2]: start w/ args [[u'/home/ros/catkin_ws/src/fm_gripper_module/src/Robotiq2FGripperSlipController.py', u'__name:=Robotiq2FGripperSlipController', u'__log:=/home/ros/.ros/log/b4b5b752-948b-11ec-9784-7c507959f385/Robotiq2FGripperSlipController-2.log']]
[roslaunch][INFO] 2022-02-23 10:36:53,121: process[Robotiq2FGripperSlipController-2]: cwd will be [/home/ros/.ros]
[roslaunch][INFO] 2022-02-23 10:36:53,191: process[Robotiq2FGripperSlipController-2]: started with pid [10989]
[roslaunch][INFO] 2022-02-23 10:36:53,191: ... successfully launched [Robotiq2FGripperSlipController-2]
[roslaunch][INFO] 2022-02-23 10:36:53,191: ... launch_nodes complete
[roslaunch.pmon][INFO] 2022-02-23 10:36:53,191: registrations completed <ProcessMonitor(ProcessMonitor-1, started daemon 140253646018304)>
[roslaunch.parent][INFO] 2022-02-23 10:36:53,191: ... roslaunch parent running, waiting for process exit
[roslaunch][INFO] 2022-02-23 10:36:53,191: spin
[roslaunch][ERROR] 2022-02-23 10:36:54,340: [Robotiq2FGripperSlipController-2] process has died [pid 10989, exit code 1, cmd /home/ros/catkin_ws/src/fm_gripper_module/src/Robotiq2FGripperSlipController.py __name:=Robotiq2FGripperSlipController __log:=/home/ros/.ros/log/b4b5b752-948b-11ec-9784-7c507959f385/Robotiq2FGripperSlipController-2.log].
log file: /home/ros/.ros/log/b4b5b752-948b-11ec-9784-7c507959f385/Robotiq2FGripperSlipController-2*.log
[roslaunch.pmon][INFO] 2022-02-23 10:36:54,341: ProcessMonitor.unregister[Robotiq2FGripperSlipController-2] starting
[roslaunch.pmon][INFO] 2022-02-23 10:36:54,345: ProcessMonitor.unregister[Robotiq2FGripperSlipController-2] complete
[roslaunch.pmon][INFO] 2022-02-23 10:38:48,862: ProcessMonitor.shutdown <ProcessMonitor(ProcessMonitor-1, started daemon 140253646018304)>
[roslaunch.pmon][INFO] 2022-02-23 10:38:48,881: ProcessMonitor._post_run <ProcessMonitor(ProcessMonitor-1, started daemon 140253646018304)>
[roslaunch.pmon][INFO] 2022-02-23 10:38:48,882: ProcessMonitor._post_run <ProcessMonitor(ProcessMonitor-1, started daemon 140253646018304)>: remaining procs are [<roslaunch.nodeprocess.LocalProcess object at 0x7f8f59150390>]
[roslaunch.pmon][INFO] 2022-02-23 10:38:48,882: ProcessMonitor exit: killing Robotiq2FGripperRtuNode-1
[roslaunch][INFO] 2022-02-23 10:38:48,882: [Robotiq2FGripperRtuNode-1] killing on exit
[roslaunch][INFO] 2022-02-23 10:38:48,882: process[Robotiq2FGripperRtuNode-1]: killing os process with pid[10988] pgid[10988]
[roslaunch][INFO] 2022-02-23 10:38:48,883: [Robotiq2FGripperRtuNode-1] sending SIGINT to pgid [10988]
[roslaunch][INFO] 2022-02-23 10:38:48,883: [Robotiq2FGripperRtuNode-1] sent SIGINT to pgid [10988]
[roslaunch][INFO] 2022-02-23 10:38:49,083: process[Robotiq2FGripperRtuNode-1]: SIGINT killed with return value 0
[roslaunch.pmon][INFO] 2022-02-23 10:38:49,084: ProcessMonitor exit: cleaning up data structures and signals
[roslaunch.pmon][INFO] 2022-02-23 10:38:49,084: ProcessMonitor exit: pmon has shutdown
[roslaunch][INFO] 2022-02-23 10:38:49,126: process monitor is done spinning, initiating full shutdown
[roslaunch][INFO] 2022-02-23 10:38:49,127: runner.stop()
[roslaunch][INFO] 2022-02-23 10:38:49,127: shutting down processing monitor...
[roslaunch][INFO] 2022-02-23 10:38:49,127: shutting down processing monitor <ProcessMonitor(ProcessMonitor-1, stopped daemon 140253646018304)>
[roslaunch.pmon][INFO] 2022-02-23 10:38:49,127: ProcessMonitor.shutdown <ProcessMonitor(ProcessMonitor-1, stopped daemon 140253646018304)>
[roslaunch][INFO] 2022-02-23 10:38:49,127: ... shutting down processing monitor complete
[roslaunch][INFO] 2022-02-23 10:38:49,127: done
[roslaunch.pmon][INFO] 2022-02-23 10:38:49,127: ProcessMonitor.shutdown <ProcessMonitor(ProcessMonitor-1, stopped daemon 140253646018304)>
[rospy.core][INFO] 2022-02-23 10:38:49,128: signal_shutdown [atexit]
