[roslaunch][INFO] 2022-02-23 10:28:57,959: Checking log directory for disk usage. This may take a while.
Press Ctrl-C to interrupt
[roslaunch][INFO] 2022-02-23 10:28:57,963: Done checking log file disk usage. Usage is <1GB.
[roslaunch][INFO] 2022-02-23 10:28:57,964: roslaunch starting with args ['/opt/ros/melodic/bin/roslaunch', 'fm_gripper_module', 'fm_gripper_module.launch']
[roslaunch][INFO] 2022-02-23 10:28:57,964: roslaunch env is {'ROS_DISTRO': 'melodic', 'ROSLISP_PACKAGE_DIRECTORIES': '/home/ros/catkin_ws/devel/share/common-lisp', 'HOME': '/home/ros', 'PATH': '/opt/ros/melodic/bin:/usr/local/sbin:/usr/local/bin:/usr/sbin:/usr/bin:/sbin:/bin', 'ROS_PACKAGE_PATH': '/home/ros/catkin_ws/src:/opt/ros/melodic/share', 'CMAKE_PREFIX_PATH': '/home/ros/catkin_ws/devel:/opt/ros/melodic', 'LD_LIBRARY_PATH': '/home/ros/catkin_ws/devel/lib:/opt/ros/melodic/lib', 'LANG': 'C.UTF-8', 'TERM': 'xterm', 'ROS_LOG_FILENAME': '/home/ros/.ros/log/b4b5b752-948b-11ec-9784-7c507959f385/roslaunch-FM00351-u-10907.log', 'SHLVL': '1', 'DISPLAY': ':0', 'UNAME': 'ros', 'ROS_MASTER_URI': 'http://localhost:11311', 'ROS_PYTHON_VERSION': '2', 'PYTHONPATH': '/home/ros/catkin_ws/devel/lib/python2.7/dist-packages:/opt/ros/melodic/lib/python2.7/dist-packages', 'QT_X11_NO_MITSHM': '1', 'ROS_ROOT': '/opt/ros/melodic/share/ros', 'PKG_CONFIG_PATH': '/home/ros/catkin_ws/devel/lib/pkgconfig:/opt/ros/melodic/lib/pkgconfig', 'LC_ALL': 'C.UTF-8', '_': '/opt/ros/melodic/bin/roslaunch', 'OLDPWD': '/home/ros', 'HOSTNAME': 'FM00351-u', 'PWD': '/home/ros/catkin_ws', 'ROS_ETC_DIR': '/opt/ros/melodic/etc/ros', 'ROS_VERSION': '1'}
[roslaunch][INFO] 2022-02-23 10:28:57,964: starting in server mode
[roslaunch.parent][INFO] 2022-02-23 10:28:57,964: starting roslaunch parent run
[roslaunch][INFO] 2022-02-23 10:28:57,964: loading roscore config file /opt/ros/melodic/etc/ros/roscore.xml
[roslaunch][INFO] 2022-02-23 10:28:58,268: Added core node of type [rosout/rosout] in namespace [/]
[roslaunch.config][INFO] 2022-02-23 10:28:58,268: loading config file /home/ros/catkin_ws/src/fm_gripper_module/launch/fm_gripper_module.launch
[roslaunch][INFO] 2022-02-23 10:28:58,268: Added node of type [robotiq_2f_gripper_control/Robotiq2FGripperRtuNode.py] in namespace [/]
[roslaunch][INFO] 2022-02-23 10:28:58,268: Added node of type [fm_gripper_module/Robotiq2FGripperSlipController.py] in namespace [/]
[roslaunch][INFO] 2022-02-23 10:28:58,268: ... selected machine [] for node of type [robotiq_2f_gripper_control/Robotiq2FGripperRtuNode.py]
[roslaunch][INFO] 2022-02-23 10:28:58,268: ... selected machine [] for node of type [fm_gripper_module/Robotiq2FGripperSlipController.py]
[roslaunch.pmon][INFO] 2022-02-23 10:28:58,269: start_process_monitor: creating ProcessMonitor
[roslaunch.pmon][INFO] 2022-02-23 10:28:58,269: created process monitor <ProcessMonitor(ProcessMonitor-1, initial daemon)>
[roslaunch.pmon][INFO] 2022-02-23 10:28:58,269: start_process_monitor: ProcessMonitor started
[roslaunch.parent][INFO] 2022-02-23 10:28:58,269: starting parent XML-RPC server
[roslaunch.server][INFO] 2022-02-23 10:28:58,270: starting roslaunch XML-RPC server
[roslaunch.server][INFO] 2022-02-23 10:28:58,270: waiting for roslaunch XML-RPC server to initialize
[xmlrpc][INFO] 2022-02-23 10:28:58,270: XML-RPC server binding to 0.0.0.0:0
[xmlrpc][INFO] 2022-02-23 10:28:58,270: Started XML-RPC server [http://FM00351-u:36829/]
[xmlrpc][INFO] 2022-02-23 10:28:58,270: xml rpc node: starting XML-RPC server
[roslaunch][INFO] 2022-02-23 10:28:58,281: started roslaunch server http://FM00351-u:36829/
[roslaunch.parent][INFO] 2022-02-23 10:28:58,281: ... parent XML-RPC server started
[roslaunch][INFO] 2022-02-23 10:28:58,281: master.is_running[http://localhost:11311]
[roslaunch][INFO] 2022-02-23 10:28:58,282: master.is_running[http://localhost:11311]
[roslaunch][INFO] 2022-02-23 10:28:58,283: ROS_MASTER_URI=http://localhost:11311
[roslaunch][INFO] 2022-02-23 10:28:58,285: setting /roslaunch/uris/host_fm00351_u__36829' to http://FM00351-u:36829/
[roslaunch][INFO] 2022-02-23 10:28:58,286: load_parameters starting ...
[roslaunch][INFO] 2022-02-23 10:28:58,288: ... load_parameters complete
[roslaunch][INFO] 2022-02-23 10:28:58,289: launch_nodes: launching local nodes ...
[roslaunch][INFO] 2022-02-23 10:28:58,289: ... preparing to launch node of type [robotiq_2f_gripper_control/Robotiq2FGripperRtuNode.py]
[roslaunch][INFO] 2022-02-23 10:28:58,289: create_node_process: package[robotiq_2f_gripper_control] type[Robotiq2FGripperRtuNode.py] machine[Machine(name[] env_loader[None] address[localhost] ssh_port[22] user[None] assignable[True] timeout[10.0])] master_uri[http://localhost:11311]
[roslaunch][INFO] 2022-02-23 10:28:58,289: process[Robotiq2FGripperRtuNode-1]: env[{'ROS_DISTRO': 'melodic', 'ROSLISP_PACKAGE_DIRECTORIES': '/home/ros/catkin_ws/devel/share/common-lisp', 'LD_LIBRARY_PATH': '/home/ros/catkin_ws/devel/lib:/opt/ros/melodic/lib', 'ROS_PACKAGE_PATH': '/home/ros/catkin_ws/src:/opt/ros/melodic/share', 'PATH': '/opt/ros/melodic/bin:/usr/local/sbin:/usr/local/bin:/usr/sbin:/usr/bin:/sbin:/bin', 'CMAKE_PREFIX_PATH': '/home/ros/catkin_ws/devel:/opt/ros/melodic', 'ROS_LOG_FILENAME': '/home/ros/.ros/log/b4b5b752-948b-11ec-9784-7c507959f385/roslaunch-FM00351-u-10907.log', 'LANG': 'C.UTF-8', 'TERM': 'xterm', 'SHLVL': '1', 'DISPLAY': ':0', 'UNAME': 'ros', 'ROS_ETC_DIR': '/opt/ros/melodic/etc/ros', 'HOME': '/home/ros', 'ROS_PYTHON_VERSION': '2', 'PYTHONPATH': '/home/ros/catkin_ws/devel/lib/python2.7/dist-packages:/opt/ros/melodic/lib/python2.7/dist-packages', 'QT_X11_NO_MITSHM': '1', 'ROS_ROOT': '/opt/ros/melodic/share/ros', 'PKG_CONFIG_PATH': '/home/ros/catkin_ws/devel/lib/pkgconfig:/opt/ros/melodic/lib/pkgconfig', 'LC_ALL': 'C.UTF-8', '_': '/opt/ros/melodic/bin/roslaunch', 'OLDPWD': '/home/ros', 'HOSTNAME': 'FM00351-u', 'PWD': '/home/ros/catkin_ws', 'ROS_MASTER_URI': 'http://localhost:11311', 'ROS_VERSION': '1'}]
[roslaunch][INFO] 2022-02-23 10:28:58,487: process[Robotiq2FGripperRtuNode-1]: args[[u'/home/ros/catkin_ws/src/robotiq/robotiq_2f_gripper_control/nodes/Robotiq2FGripperRtuNode.py', '/dev/ttyUSB0', u'__name:=Robotiq2FGripperRtuNode']]
[roslaunch][INFO] 2022-02-23 10:28:58,487: ... created process [Robotiq2FGripperRtuNode-1]
[roslaunch.pmon][INFO] 2022-02-23 10:28:58,487: ProcessMonitor.register[Robotiq2FGripperRtuNode-1]
[roslaunch.pmon][INFO] 2022-02-23 10:28:58,487: ProcessMonitor.register[Robotiq2FGripperRtuNode-1] complete
[roslaunch][INFO] 2022-02-23 10:28:58,487: ... registered process [Robotiq2FGripperRtuNode-1]
[roslaunch][INFO] 2022-02-23 10:28:58,487: process[Robotiq2FGripperRtuNode-1]: starting os process
[roslaunch][INFO] 2022-02-23 10:28:58,487: process[Robotiq2FGripperRtuNode-1]: start w/ args [[u'/home/ros/catkin_ws/src/robotiq/robotiq_2f_gripper_control/nodes/Robotiq2FGripperRtuNode.py', '/dev/ttyUSB0', u'__name:=Robotiq2FGripperRtuNode', u'__log:=/home/ros/.ros/log/b4b5b752-948b-11ec-9784-7c507959f385/Robotiq2FGripperRtuNode-1.log']]
[roslaunch][INFO] 2022-02-23 10:28:58,487: process[Robotiq2FGripperRtuNode-1]: cwd will be [/home/ros/.ros]
[roslaunch][INFO] 2022-02-23 10:28:58,552: process[Robotiq2FGripperRtuNode-1]: started with pid [10922]
[roslaunch][INFO] 2022-02-23 10:28:58,553: ... successfully launched [Robotiq2FGripperRtuNode-1]
[roslaunch][INFO] 2022-02-23 10:28:58,553: ... preparing to launch node of type [fm_gripper_module/Robotiq2FGripperSlipController.py]
[roslaunch][INFO] 2022-02-23 10:28:58,553: create_node_process: package[fm_gripper_module] type[Robotiq2FGripperSlipController.py] machine[Machine(name[] env_loader[None] address[localhost] ssh_port[22] user[None] assignable[True] timeout[10.0])] master_uri[http://localhost:11311]
[roslaunch][INFO] 2022-02-23 10:28:58,553: process[Robotiq2FGripperSlipController-2]: env[{'ROS_DISTRO': 'melodic', 'ROSLISP_PACKAGE_DIRECTORIES': '/home/ros/catkin_ws/devel/share/common-lisp', 'LD_LIBRARY_PATH': '/home/ros/catkin_ws/devel/lib:/opt/ros/melodic/lib', 'ROS_PACKAGE_PATH': '/home/ros/catkin_ws/src:/opt/ros/melodic/share', 'PATH': '/opt/ros/melodic/bin:/usr/local/sbin:/usr/local/bin:/usr/sbin:/usr/bin:/sbin:/bin', 'CMAKE_PREFIX_PATH': '/home/ros/catkin_ws/devel:/opt/ros/melodic', 'ROS_LOG_FILENAME': '/home/ros/.ros/log/b4b5b752-948b-11ec-9784-7c507959f385/roslaunch-FM00351-u-10907.log', 'LANG': 'C.UTF-8', 'TERM': 'xterm', 'SHLVL': '1', 'DISPLAY': ':0', 'UNAME': 'ros', 'ROS_ETC_DIR': '/opt/ros/melodic/etc/ros', 'HOME': '/home/ros', 'ROS_PYTHON_VERSION': '2', 'PYTHONPATH': '/home/ros/catkin_ws/devel/lib/python2.7/dist-packages:/opt/ros/melodic/lib/python2.7/dist-packages', 'QT_X11_NO_MITSHM': '1', 'ROS_ROOT': '/opt/ros/melodic/share/ros', 'PKG_CONFIG_PATH': '/home/ros/catkin_ws/devel/lib/pkgconfig:/opt/ros/melodic/lib/pkgconfig', 'LC_ALL': 'C.UTF-8', '_': '/opt/ros/melodic/bin/roslaunch', 'OLDPWD': '/home/ros', 'HOSTNAME': 'FM00351-u', 'PWD': '/home/ros/catkin_ws', 'ROS_MASTER_URI': 'http://localhost:11311', 'ROS_VERSION': '1'}]
[roslaunch][INFO] 2022-02-23 10:28:58,553: process[Robotiq2FGripperSlipController-2]: args[[u'/home/ros/catkin_ws/src/fm_gripper_module/src/Robotiq2FGripperSlipController.py', u'__name:=Robotiq2FGripperSlipController']]
[roslaunch][INFO] 2022-02-23 10:28:58,553: ... created process [Robotiq2FGripperSlipController-2]
[roslaunch.pmon][INFO] 2022-02-23 10:28:58,553: ProcessMonitor.register[Robotiq2FGripperSlipController-2]
[roslaunch.pmon][INFO] 2022-02-23 10:28:58,553: ProcessMonitor.register[Robotiq2FGripperSlipController-2] complete
[roslaunch][INFO] 2022-02-23 10:28:58,553: ... registered process [Robotiq2FGripperSlipController-2]
[roslaunch][INFO] 2022-02-23 10:28:58,553: process[Robotiq2FGripperSlipController-2]: starting os process
[roslaunch][INFO] 2022-02-23 10:28:58,554: process[Robotiq2FGripperSlipController-2]: start w/ args [[u'/home/ros/catkin_ws/src/fm_gripper_module/src/Robotiq2FGripperSlipController.py', u'__name:=Robotiq2FGripperSlipController', u'__log:=/home/ros/.ros/log/b4b5b752-948b-11ec-9784-7c507959f385/Robotiq2FGripperSlipController-2.log']]
[roslaunch][INFO] 2022-02-23 10:28:58,554: process[Robotiq2FGripperSlipController-2]: cwd will be [/home/ros/.ros]
[roslaunch][INFO] 2022-02-23 10:28:58,623: process[Robotiq2FGripperSlipController-2]: started with pid [10923]
[roslaunch][INFO] 2022-02-23 10:28:58,623: ... successfully launched [Robotiq2FGripperSlipController-2]
[roslaunch][INFO] 2022-02-23 10:28:58,623: ... launch_nodes complete
[roslaunch.pmon][INFO] 2022-02-23 10:28:58,623: registrations completed <ProcessMonitor(ProcessMonitor-1, started daemon 140041735427840)>
[roslaunch.parent][INFO] 2022-02-23 10:28:58,623: ... roslaunch parent running, waiting for process exit
[roslaunch][INFO] 2022-02-23 10:28:58,623: spin
[roslaunch.pmon][INFO] 2022-02-23 10:36:49,505: ProcessMonitor.shutdown <ProcessMonitor(ProcessMonitor-1, started daemon 140041735427840)>
[roslaunch.pmon][INFO] 2022-02-23 10:36:49,540: ProcessMonitor._post_run <ProcessMonitor(ProcessMonitor-1, started daemon 140041735427840)>
[roslaunch.pmon][INFO] 2022-02-23 10:36:49,541: ProcessMonitor._post_run <ProcessMonitor(ProcessMonitor-1, started daemon 140041735427840)>: remaining procs are [<roslaunch.nodeprocess.LocalProcess object at 0x7f5e023a0390>, <roslaunch.nodeprocess.LocalProcess object at 0x7f5e020a2f10>]
[roslaunch.pmon][INFO] 2022-02-23 10:36:49,541: ProcessMonitor exit: killing Robotiq2FGripperSlipController-2
[roslaunch][INFO] 2022-02-23 10:36:49,542: [Robotiq2FGripperSlipController-2] killing on exit
[roslaunch.pmon][INFO] 2022-02-23 10:36:49,543: ProcessMonitor exit: killing Robotiq2FGripperRtuNode-1
[roslaunch][INFO] 2022-02-23 10:36:49,544: [Robotiq2FGripperRtuNode-1] killing on exit
[roslaunch][INFO] 2022-02-23 10:36:49,544: process[Robotiq2FGripperSlipController-2]: killing os process with pid[10923] pgid[10923]
[roslaunch][INFO] 2022-02-23 10:36:49,546: [Robotiq2FGripperSlipController-2] sending SIGINT to pgid [10923]
[roslaunch][INFO] 2022-02-23 10:36:49,546: process[Robotiq2FGripperRtuNode-1]: killing os process with pid[10922] pgid[10922]
[roslaunch][INFO] 2022-02-23 10:36:49,546: [Robotiq2FGripperSlipController-2] sent SIGINT to pgid [10923]
[roslaunch][INFO] 2022-02-23 10:36:49,547: [Robotiq2FGripperRtuNode-1] sending SIGINT to pgid [10922]
[roslaunch][INFO] 2022-02-23 10:36:49,547: [Robotiq2FGripperRtuNode-1] sent SIGINT to pgid [10922]
[roslaunch][INFO] 2022-02-23 10:36:49,848: process[Robotiq2FGripperRtuNode-1]: SIGINT killed with return value 0
[roslaunch][INFO] 2022-02-23 10:36:50,248: process[Robotiq2FGripperSlipController-2]: SIGINT killed with return value 0
[roslaunch.pmon][INFO] 2022-02-23 10:36:50,249: ProcessMonitor exit: cleaning up data structures and signals
[roslaunch.pmon][INFO] 2022-02-23 10:36:50,249: ProcessMonitor exit: pmon has shutdown
[roslaunch][INFO] 2022-02-23 10:36:50,265: process monitor is done spinning, initiating full shutdown
[roslaunch][INFO] 2022-02-23 10:36:50,265: runner.stop()
[roslaunch][INFO] 2022-02-23 10:36:50,265: shutting down processing monitor...
[roslaunch][INFO] 2022-02-23 10:36:50,265: shutting down processing monitor <ProcessMonitor(ProcessMonitor-1, stopped daemon 140041735427840)>
[roslaunch.pmon][INFO] 2022-02-23 10:36:50,265: ProcessMonitor.shutdown <ProcessMonitor(ProcessMonitor-1, stopped daemon 140041735427840)>
[roslaunch][INFO] 2022-02-23 10:36:50,265: ... shutting down processing monitor complete
[roslaunch][INFO] 2022-02-23 10:36:50,265: done
[roslaunch.pmon][INFO] 2022-02-23 10:36:50,266: ProcessMonitor.shutdown <ProcessMonitor(ProcessMonitor-1, stopped daemon 140041735427840)>
[rospy.core][INFO] 2022-02-23 10:36:50,266: signal_shutdown [atexit]
