[roslaunch][INFO] 2022-02-23 10:24:31,442: Checking log directory for disk usage. This may take a while.
Press Ctrl-C to interrupt
[roslaunch][INFO] 2022-02-23 10:24:31,446: Done checking log file disk usage. Usage is <1GB.
[roslaunch][INFO] 2022-02-23 10:24:31,447: roslaunch starting with args ['/opt/ros/melodic/bin/roslaunch', 'fm_gripper_module', 'fm_gripper_module.launch']
[roslaunch][INFO] 2022-02-23 10:24:31,447: roslaunch env is {'ROS_DISTRO': 'melodic', 'ROSLISP_PACKAGE_DIRECTORIES': '/home/ros/catkin_ws/devel/share/common-lisp', 'HOME': '/home/ros', 'PATH': '/opt/ros/melodic/bin:/usr/local/sbin:/usr/local/bin:/usr/sbin:/usr/bin:/sbin:/bin', 'ROS_PACKAGE_PATH': '/home/ros/catkin_ws/src:/opt/ros/melodic/share', 'CMAKE_PREFIX_PATH': '/home/ros/catkin_ws/devel:/opt/ros/melodic', 'LD_LIBRARY_PATH': '/home/ros/catkin_ws/devel/lib:/opt/ros/melodic/lib', 'LANG': 'C.UTF-8', 'TERM': 'xterm', 'ROS_LOG_FILENAME': '/home/ros/.ros/log/b4b5b752-948b-11ec-9784-7c507959f385/roslaunch-FM00351-u-10675.log', 'SHLVL': '1', 'DISPLAY': ':0', 'UNAME': 'ros', 'ROS_MASTER_URI': 'http://localhost:11311', 'ROS_PYTHON_VERSION': '2', 'PYTHONPATH': '/home/ros/catkin_ws/devel/lib/python2.7/dist-packages:/opt/ros/melodic/lib/python2.7/dist-packages', 'QT_X11_NO_MITSHM': '1', 'ROS_ROOT': '/opt/ros/melodic/share/ros', 'PKG_CONFIG_PATH': '/home/ros/catkin_ws/devel/lib/pkgconfig:/opt/ros/melodic/lib/pkgconfig', 'LC_ALL': 'C.UTF-8', '_': '/opt/ros/melodic/bin/roslaunch', 'OLDPWD': '/home/ros', 'HOSTNAME': 'FM00351-u', 'PWD': '/home/ros/catkin_ws', 'ROS_ETC_DIR': '/opt/ros/melodic/etc/ros', 'ROS_VERSION': '1'}
[roslaunch][INFO] 2022-02-23 10:24:31,447: starting in server mode
[roslaunch.parent][INFO] 2022-02-23 10:24:31,447: starting roslaunch parent run
[roslaunch][INFO] 2022-02-23 10:24:31,447: loading roscore config file /opt/ros/melodic/etc/ros/roscore.xml
[roslaunch][INFO] 2022-02-23 10:24:31,752: Added core node of type [rosout/rosout] in namespace [/]
[roslaunch.config][INFO] 2022-02-23 10:24:31,752: loading config file /home/ros/catkin_ws/src/fm_gripper_module/launch/fm_gripper_module.launch
[roslaunch][INFO] 2022-02-23 10:24:31,752: Added node of type [robotiq_2f_gripper_control/Robotiq2FGripperRtuNode.py] in namespace [/]
[roslaunch][INFO] 2022-02-23 10:24:31,753: ... selected machine [] for node of type [robotiq_2f_gripper_control/Robotiq2FGripperRtuNode.py]
[roslaunch.pmon][INFO] 2022-02-23 10:24:31,753: start_process_monitor: creating ProcessMonitor
[roslaunch.pmon][INFO] 2022-02-23 10:24:31,753: created process monitor <ProcessMonitor(ProcessMonitor-1, initial daemon)>
[roslaunch.pmon][INFO] 2022-02-23 10:24:31,753: start_process_monitor: ProcessMonitor started
[roslaunch.parent][INFO] 2022-02-23 10:24:31,754: starting parent XML-RPC server
[roslaunch.server][INFO] 2022-02-23 10:24:31,754: starting roslaunch XML-RPC server
[roslaunch.server][INFO] 2022-02-23 10:24:31,754: waiting for roslaunch XML-RPC server to initialize
[xmlrpc][INFO] 2022-02-23 10:24:31,754: XML-RPC server binding to 0.0.0.0:0
[xmlrpc][INFO] 2022-02-23 10:24:31,754: Started XML-RPC server [http://FM00351-u:46017/]
[xmlrpc][INFO] 2022-02-23 10:24:31,754: xml rpc node: starting XML-RPC server
[roslaunch][INFO] 2022-02-23 10:24:31,765: started roslaunch server http://FM00351-u:46017/
[roslaunch.parent][INFO] 2022-02-23 10:24:31,766: ... parent XML-RPC server started
[roslaunch][INFO] 2022-02-23 10:24:31,766: master.is_running[http://localhost:11311]
[roslaunch][INFO] 2022-02-23 10:24:31,767: master.is_running[http://localhost:11311]
[roslaunch][INFO] 2022-02-23 10:24:31,768: ROS_MASTER_URI=http://localhost:11311
[roslaunch][INFO] 2022-02-23 10:24:31,770: setting /roslaunch/uris/host_fm00351_u__46017' to http://FM00351-u:46017/
[roslaunch][INFO] 2022-02-23 10:24:31,771: load_parameters starting ...
[roslaunch][INFO] 2022-02-23 10:24:31,773: ... load_parameters complete
[roslaunch][INFO] 2022-02-23 10:24:31,773: launch_nodes: launching local nodes ...
[roslaunch][INFO] 2022-02-23 10:24:31,773: ... preparing to launch node of type [robotiq_2f_gripper_control/Robotiq2FGripperRtuNode.py]
[roslaunch][INFO] 2022-02-23 10:24:31,773: create_node_process: package[robotiq_2f_gripper_control] type[Robotiq2FGripperRtuNode.py] machine[Machine(name[] env_loader[None] address[localhost] ssh_port[22] user[None] assignable[True] timeout[10.0])] master_uri[http://localhost:11311]
[roslaunch][INFO] 2022-02-23 10:24:31,774: process[Robotiq2FGripperRtuNode-1]: env[{'ROS_DISTRO': 'melodic', 'ROSLISP_PACKAGE_DIRECTORIES': '/home/ros/catkin_ws/devel/share/common-lisp', 'LD_LIBRARY_PATH': '/home/ros/catkin_ws/devel/lib:/opt/ros/melodic/lib', 'ROS_PACKAGE_PATH': '/home/ros/catkin_ws/src:/opt/ros/melodic/share', 'PATH': '/opt/ros/melodic/bin:/usr/local/sbin:/usr/local/bin:/usr/sbin:/usr/bin:/sbin:/bin', 'CMAKE_PREFIX_PATH': '/home/ros/catkin_ws/devel:/opt/ros/melodic', 'ROS_LOG_FILENAME': '/home/ros/.ros/log/b4b5b752-948b-11ec-9784-7c507959f385/roslaunch-FM00351-u-10675.log', 'LANG': 'C.UTF-8', 'TERM': 'xterm', 'SHLVL': '1', 'DISPLAY': ':0', 'UNAME': 'ros', 'ROS_ETC_DIR': '/opt/ros/melodic/etc/ros', 'HOME': '/home/ros', 'ROS_PYTHON_VERSION': '2', 'PYTHONPATH': '/home/ros/catkin_ws/devel/lib/python2.7/dist-packages:/opt/ros/melodic/lib/python2.7/dist-packages', 'QT_X11_NO_MITSHM': '1', 'ROS_ROOT': '/opt/ros/melodic/share/ros', 'PKG_CONFIG_PATH': '/home/ros/catkin_ws/devel/lib/pkgconfig:/opt/ros/melodic/lib/pkgconfig', 'LC_ALL': 'C.UTF-8', '_': '/opt/ros/melodic/bin/roslaunch', 'OLDPWD': '/home/ros', 'HOSTNAME': 'FM00351-u', 'PWD': '/home/ros/catkin_ws', 'ROS_MASTER_URI': 'http://localhost:11311', 'ROS_VERSION': '1'}]
[roslaunch][INFO] 2022-02-23 10:24:31,975: process[Robotiq2FGripperRtuNode-1]: args[[u'/home/ros/catkin_ws/src/robotiq/robotiq_2f_gripper_control/nodes/Robotiq2FGripperRtuNode.py', '/dev/ttyUSB0', u'__name:=Robotiq2FGripperRtuNode']]
[roslaunch][INFO] 2022-02-23 10:24:31,975: ... created process [Robotiq2FGripperRtuNode-1]
[roslaunch.pmon][INFO] 2022-02-23 10:24:31,975: ProcessMonitor.register[Robotiq2FGripperRtuNode-1]
[roslaunch.pmon][INFO] 2022-02-23 10:24:31,975: ProcessMonitor.register[Robotiq2FGripperRtuNode-1] complete
[roslaunch][INFO] 2022-02-23 10:24:31,975: ... registered process [Robotiq2FGripperRtuNode-1]
[roslaunch][INFO] 2022-02-23 10:24:31,975: process[Robotiq2FGripperRtuNode-1]: starting os process
[roslaunch][INFO] 2022-02-23 10:24:31,975: process[Robotiq2FGripperRtuNode-1]: start w/ args [[u'/home/ros/catkin_ws/src/robotiq/robotiq_2f_gripper_control/nodes/Robotiq2FGripperRtuNode.py', '/dev/ttyUSB0', u'__name:=Robotiq2FGripperRtuNode', u'__log:=/home/ros/.ros/log/b4b5b752-948b-11ec-9784-7c507959f385/Robotiq2FGripperRtuNode-1.log']]
[roslaunch][INFO] 2022-02-23 10:24:31,975: process[Robotiq2FGripperRtuNode-1]: cwd will be [/home/ros/.ros]
[roslaunch][INFO] 2022-02-23 10:24:32,040: process[Robotiq2FGripperRtuNode-1]: started with pid [10690]
[roslaunch][INFO] 2022-02-23 10:24:32,040: ... successfully launched [Robotiq2FGripperRtuNode-1]
[roslaunch][INFO] 2022-02-23 10:24:32,040: ... launch_nodes complete
[roslaunch.pmon][INFO] 2022-02-23 10:24:32,040: registrations completed <ProcessMonitor(ProcessMonitor-1, started daemon 139922495551232)>
[roslaunch.parent][INFO] 2022-02-23 10:24:32,040: ... roslaunch parent running, waiting for process exit
[roslaunch][INFO] 2022-02-23 10:24:32,040: spin
[roslaunch][ERROR] 2022-02-23 10:24:33,258: [Robotiq2FGripperRtuNode-1] process has died [pid 10690, exit code 1, cmd /home/ros/catkin_ws/src/robotiq/robotiq_2f_gripper_control/nodes/Robotiq2FGripperRtuNode.py /dev/ttyUSB0 __name:=Robotiq2FGripperRtuNode __log:=/home/ros/.ros/log/b4b5b752-948b-11ec-9784-7c507959f385/Robotiq2FGripperRtuNode-1.log].
log file: /home/ros/.ros/log/b4b5b752-948b-11ec-9784-7c507959f385/Robotiq2FGripperRtuNode-1*.log
[roslaunch.pmon][INFO] 2022-02-23 10:24:33,258: ProcessMonitor.unregister[Robotiq2FGripperRtuNode-1] starting
[roslaunch.pmon][INFO] 2022-02-23 10:24:33,262: ProcessMonitor.unregister[Robotiq2FGripperRtuNode-1] complete
[roslaunch][INFO] 2022-02-23 10:24:33,262: all processes on machine have died, roslaunch will exit
[roslaunch.pmon][INFO] 2022-02-23 10:24:33,363: ProcessMonitor._post_run <ProcessMonitor(ProcessMonitor-1, started daemon 139922495551232)>
[roslaunch.pmon][INFO] 2022-02-23 10:24:33,363: ProcessMonitor._post_run <ProcessMonitor(ProcessMonitor-1, started daemon 139922495551232)>: remaining procs are []
[roslaunch.pmon][INFO] 2022-02-23 10:24:33,367: ProcessMonitor exit: cleaning up data structures and signals
[roslaunch.pmon][INFO] 2022-02-23 10:24:33,367: ProcessMonitor exit: pmon has shutdown
[roslaunch][INFO] 2022-02-23 10:24:33,443: process monitor is done spinning, initiating full shutdown
[roslaunch][INFO] 2022-02-23 10:24:33,444: runner.stop()
[roslaunch][INFO] 2022-02-23 10:24:33,444: shutting down processing monitor...
[roslaunch][INFO] 2022-02-23 10:24:33,444: shutting down processing monitor <ProcessMonitor(ProcessMonitor-1, stopped daemon 139922495551232)>
[roslaunch.pmon][INFO] 2022-02-23 10:24:33,444: ProcessMonitor.shutdown <ProcessMonitor(ProcessMonitor-1, stopped daemon 139922495551232)>
[roslaunch][INFO] 2022-02-23 10:24:33,444: ... shutting down processing monitor complete
[roslaunch][INFO] 2022-02-23 10:24:33,444: done
[roslaunch.pmon][INFO] 2022-02-23 10:24:33,445: ProcessMonitor.shutdown <ProcessMonitor(ProcessMonitor-1, stopped daemon 139922495551232)>
[rospy.core][INFO] 2022-02-23 10:24:33,445: signal_shutdown [atexit]
