[roslaunch][INFO] 2022-02-23 10:27:32,259: Checking log directory for disk usage. This may take a while.
Press Ctrl-C to interrupt
[roslaunch][INFO] 2022-02-23 10:27:32,263: Done checking log file disk usage. Usage is <1GB.
[roslaunch][INFO] 2022-02-23 10:27:32,263: roslaunch starting with args ['/opt/ros/melodic/bin/roslaunch', 'fm_gripper_module', 'fm_gripper_module.launch']
[roslaunch][INFO] 2022-02-23 10:27:32,263: roslaunch env is {'ROS_DISTRO': 'melodic', 'ROSLISP_PACKAGE_DIRECTORIES': '/home/ros/catkin_ws/devel/share/common-lisp', 'HOME': '/home/ros', 'PATH': '/opt/ros/melodic/bin:/usr/local/sbin:/usr/local/bin:/usr/sbin:/usr/bin:/sbin:/bin', 'ROS_PACKAGE_PATH': '/home/ros/catkin_ws/src:/opt/ros/melodic/share', 'CMAKE_PREFIX_PATH': '/home/ros/catkin_ws/devel:/opt/ros/melodic', 'LD_LIBRARY_PATH': '/home/ros/catkin_ws/devel/lib:/opt/ros/melodic/lib', 'LANG': 'C.UTF-8', 'TERM': 'xterm', 'ROS_LOG_FILENAME': '/home/ros/.ros/log/b4b5b752-948b-11ec-9784-7c507959f385/roslaunch-FM00351-u-10805.log', 'SHLVL': '1', 'DISPLAY': ':0', 'UNAME': 'ros', 'ROS_MASTER_URI': 'http://localhost:11311', 'ROS_PYTHON_VERSION': '2', 'PYTHONPATH': '/home/ros/catkin_ws/devel/lib/python2.7/dist-packages:/opt/ros/melodic/lib/python2.7/dist-packages', 'QT_X11_NO_MITSHM': '1', 'ROS_ROOT': '/opt/ros/melodic/share/ros', 'PKG_CONFIG_PATH': '/home/ros/catkin_ws/devel/lib/pkgconfig:/opt/ros/melodic/lib/pkgconfig', 'LC_ALL': 'C.UTF-8', '_': '/opt/ros/melodic/bin/roslaunch', 'OLDPWD': '/home/ros', 'HOSTNAME': 'FM00351-u', 'PWD': '/home/ros/catkin_ws', 'ROS_ETC_DIR': '/opt/ros/melodic/etc/ros', 'ROS_VERSION': '1'}
[roslaunch][INFO] 2022-02-23 10:27:32,264: starting in server mode
[roslaunch.parent][INFO] 2022-02-23 10:27:32,264: starting roslaunch parent run
[roslaunch][INFO] 2022-02-23 10:27:32,264: loading roscore config file /opt/ros/melodic/etc/ros/roscore.xml
[roslaunch][INFO] 2022-02-23 10:27:32,568: Added core node of type [rosout/rosout] in namespace [/]
[roslaunch.config][INFO] 2022-02-23 10:27:32,568: loading config file /home/ros/catkin_ws/src/fm_gripper_module/launch/fm_gripper_module.launch
[roslaunch][INFO] 2022-02-23 10:27:32,568: Added node of type [fm_gripper_module/Robotiq2FGripperSlipController.py] in namespace [/]
[roslaunch][INFO] 2022-02-23 10:27:32,568: ... selected machine [] for node of type [fm_gripper_module/Robotiq2FGripperSlipController.py]
[roslaunch.pmon][INFO] 2022-02-23 10:27:32,569: start_process_monitor: creating ProcessMonitor
[roslaunch.pmon][INFO] 2022-02-23 10:27:32,569: created process monitor <ProcessMonitor(ProcessMonitor-1, initial daemon)>
[roslaunch.pmon][INFO] 2022-02-23 10:27:32,569: start_process_monitor: ProcessMonitor started
[roslaunch.parent][INFO] 2022-02-23 10:27:32,569: starting parent XML-RPC server
[roslaunch.server][INFO] 2022-02-23 10:27:32,570: starting roslaunch XML-RPC server
[roslaunch.server][INFO] 2022-02-23 10:27:32,570: waiting for roslaunch XML-RPC server to initialize
[xmlrpc][INFO] 2022-02-23 10:27:32,570: XML-RPC server binding to 0.0.0.0:0
[xmlrpc][INFO] 2022-02-23 10:27:32,570: Started XML-RPC server [http://FM00351-u:46467/]
[xmlrpc][INFO] 2022-02-23 10:27:32,570: xml rpc node: starting XML-RPC server
[roslaunch][INFO] 2022-02-23 10:27:32,581: started roslaunch server http://FM00351-u:46467/
[roslaunch.parent][INFO] 2022-02-23 10:27:32,581: ... parent XML-RPC server started
[roslaunch][INFO] 2022-02-23 10:27:32,581: master.is_running[http://localhost:11311]
[roslaunch][INFO] 2022-02-23 10:27:32,583: master.is_running[http://localhost:11311]
[roslaunch][INFO] 2022-02-23 10:27:32,584: ROS_MASTER_URI=http://localhost:11311
[roslaunch][INFO] 2022-02-23 10:27:32,585: setting /roslaunch/uris/host_fm00351_u__46467' to http://FM00351-u:46467/
[roslaunch][INFO] 2022-02-23 10:27:32,586: load_parameters starting ...
[roslaunch][INFO] 2022-02-23 10:27:32,588: ... load_parameters complete
[roslaunch][INFO] 2022-02-23 10:27:32,588: launch_nodes: launching local nodes ...
[roslaunch][INFO] 2022-02-23 10:27:32,588: ... preparing to launch node of type [fm_gripper_module/Robotiq2FGripperSlipController.py]
[roslaunch][INFO] 2022-02-23 10:27:32,588: create_node_process: package[fm_gripper_module] type[Robotiq2FGripperSlipController.py] machine[Machine(name[] env_loader[None] address[localhost] ssh_port[22] user[None] assignable[True] timeout[10.0])] master_uri[http://localhost:11311]
[roslaunch][INFO] 2022-02-23 10:27:32,588: process[Robotiq2FGripperSlipController-1]: env[{'ROS_DISTRO': 'melodic', 'ROSLISP_PACKAGE_DIRECTORIES': '/home/ros/catkin_ws/devel/share/common-lisp', 'LD_LIBRARY_PATH': '/home/ros/catkin_ws/devel/lib:/opt/ros/melodic/lib', 'ROS_PACKAGE_PATH': '/home/ros/catkin_ws/src:/opt/ros/melodic/share', 'PATH': '/opt/ros/melodic/bin:/usr/local/sbin:/usr/local/bin:/usr/sbin:/usr/bin:/sbin:/bin', 'CMAKE_PREFIX_PATH': '/home/ros/catkin_ws/devel:/opt/ros/melodic', 'ROS_LOG_FILENAME': '/home/ros/.ros/log/b4b5b752-948b-11ec-9784-7c507959f385/roslaunch-FM00351-u-10805.log', 'LANG': 'C.UTF-8', 'TERM': 'xterm', 'SHLVL': '1', 'DISPLAY': ':0', 'UNAME': 'ros', 'ROS_ETC_DIR': '/opt/ros/melodic/etc/ros', 'HOME': '/home/ros', 'ROS_PYTHON_VERSION': '2', 'PYTHONPATH': '/home/ros/catkin_ws/devel/lib/python2.7/dist-packages:/opt/ros/melodic/lib/python2.7/dist-packages', 'QT_X11_NO_MITSHM': '1', 'ROS_ROOT': '/opt/ros/melodic/share/ros', 'PKG_CONFIG_PATH': '/home/ros/catkin_ws/devel/lib/pkgconfig:/opt/ros/melodic/lib/pkgconfig', 'LC_ALL': 'C.UTF-8', '_': '/opt/ros/melodic/bin/roslaunch', 'OLDPWD': '/home/ros', 'HOSTNAME': 'FM00351-u', 'PWD': '/home/ros/catkin_ws', 'ROS_MASTER_URI': 'http://localhost:11311', 'ROS_VERSION': '1'}]
[roslaunch][INFO] 2022-02-23 10:27:32,788: process[Robotiq2FGripperSlipController-1]: args[[u'/home/ros/catkin_ws/src/fm_gripper_module/src/Robotiq2FGripperSlipController.py', u'__name:=Robotiq2FGripperSlipController']]
[roslaunch][INFO] 2022-02-23 10:27:32,788: ... created process [Robotiq2FGripperSlipController-1]
[roslaunch.pmon][INFO] 2022-02-23 10:27:32,788: ProcessMonitor.register[Robotiq2FGripperSlipController-1]
[roslaunch.pmon][INFO] 2022-02-23 10:27:32,788: ProcessMonitor.register[Robotiq2FGripperSlipController-1] complete
[roslaunch][INFO] 2022-02-23 10:27:32,788: ... registered process [Robotiq2FGripperSlipController-1]
[roslaunch][INFO] 2022-02-23 10:27:32,788: process[Robotiq2FGripperSlipController-1]: starting os process
[roslaunch][INFO] 2022-02-23 10:27:32,788: process[Robotiq2FGripperSlipController-1]: start w/ args [[u'/home/ros/catkin_ws/src/fm_gripper_module/src/Robotiq2FGripperSlipController.py', u'__name:=Robotiq2FGripperSlipController', u'__log:=/home/ros/.ros/log/b4b5b752-948b-11ec-9784-7c507959f385/Robotiq2FGripperSlipController-1.log']]
[roslaunch][INFO] 2022-02-23 10:27:32,788: process[Robotiq2FGripperSlipController-1]: cwd will be [/home/ros/.ros]
[roslaunch][INFO] 2022-02-23 10:27:32,853: process[Robotiq2FGripperSlipController-1]: started with pid [10820]
[roslaunch][INFO] 2022-02-23 10:27:32,853: ... successfully launched [Robotiq2FGripperSlipController-1]
[roslaunch][INFO] 2022-02-23 10:27:32,853: ... launch_nodes complete
[roslaunch.pmon][INFO] 2022-02-23 10:27:32,853: registrations completed <ProcessMonitor(ProcessMonitor-1, started daemon 139720353928960)>
[roslaunch.parent][INFO] 2022-02-23 10:27:32,853: ... roslaunch parent running, waiting for process exit
[roslaunch][INFO] 2022-02-23 10:27:32,853: spin
[roslaunch.pmon][INFO] 2022-02-23 10:27:42,417: ProcessMonitor.shutdown <ProcessMonitor(ProcessMonitor-1, started daemon 139720353928960)>
[roslaunch.pmon][INFO] 2022-02-23 10:27:42,496: ProcessMonitor._post_run <ProcessMonitor(ProcessMonitor-1, started daemon 139720353928960)>
[roslaunch.pmon][INFO] 2022-02-23 10:27:42,496: ProcessMonitor._post_run <ProcessMonitor(ProcessMonitor-1, started daemon 139720353928960)>: remaining procs are [<roslaunch.nodeprocess.LocalProcess object at 0x7f132e659ed0>]
[roslaunch.pmon][INFO] 2022-02-23 10:27:42,497: ProcessMonitor exit: killing Robotiq2FGripperSlipController-1
[roslaunch][INFO] 2022-02-23 10:27:42,497: [Robotiq2FGripperSlipController-1] killing on exit
[roslaunch][INFO] 2022-02-23 10:27:42,498: process[Robotiq2FGripperSlipController-1]: killing os process with pid[10820] pgid[10820]
[roslaunch][INFO] 2022-02-23 10:27:42,499: [Robotiq2FGripperSlipController-1] sending SIGINT to pgid [10820]
[roslaunch][INFO] 2022-02-23 10:27:42,499: [Robotiq2FGripperSlipController-1] sent SIGINT to pgid [10820]
[roslaunch][INFO] 2022-02-23 10:27:48,410: process[Robotiq2FGripperSlipController-1]: SIGINT killed with return value 0
[roslaunch.pmon][INFO] 2022-02-23 10:27:48,410: ProcessMonitor exit: cleaning up data structures and signals
[roslaunch.pmon][INFO] 2022-02-23 10:27:48,411: ProcessMonitor exit: pmon has shutdown
[roslaunch][INFO] 2022-02-23 10:27:48,458: process monitor is done spinning, initiating full shutdown
[roslaunch][INFO] 2022-02-23 10:27:48,458: runner.stop()
[roslaunch][INFO] 2022-02-23 10:27:48,458: shutting down processing monitor...
[roslaunch][INFO] 2022-02-23 10:27:48,458: shutting down processing monitor <ProcessMonitor(ProcessMonitor-1, stopped daemon 139720353928960)>
[roslaunch.pmon][INFO] 2022-02-23 10:27:48,458: ProcessMonitor.shutdown <ProcessMonitor(ProcessMonitor-1, stopped daemon 139720353928960)>
[roslaunch][INFO] 2022-02-23 10:27:48,458: ... shutting down processing monitor complete
[roslaunch][INFO] 2022-02-23 10:27:48,458: done
[roslaunch.pmon][INFO] 2022-02-23 10:27:48,458: ProcessMonitor.shutdown <ProcessMonitor(ProcessMonitor-1, stopped daemon 139720353928960)>
[rospy.core][INFO] 2022-02-23 10:27:48,458: signal_shutdown [atexit]
