[roslaunch][INFO] 2022-02-14 13:34:43,903: Checking log directory for disk usage. This may take a while.
Press Ctrl-C to interrupt
[roslaunch][INFO] 2022-02-14 13:34:43,906: Done checking log file disk usage. Usage is <1GB.
[roslaunch][INFO] 2022-02-14 13:34:43,906: roslaunch starting with args ['/opt/ros/melodic/bin/roslaunch', 'tactile_pressure_sensor', 'run_tactile_pressure.launch']
[roslaunch][INFO] 2022-02-14 13:34:43,906: roslaunch env is {'ROS_DISTRO': 'melodic', 'ROSLISP_PACKAGE_DIRECTORIES': '/home/ros/catkin_ws/devel/share/common-lisp', 'HOME': '/home/ros', 'PATH': '/opt/ros/melodic/bin:/usr/local/sbin:/usr/local/bin:/usr/sbin:/usr/bin:/sbin:/bin', 'ROS_PACKAGE_PATH': '/home/ros/catkin_ws/src:/opt/ros/melodic/share', 'CMAKE_PREFIX_PATH': '/home/ros/catkin_ws/devel:/opt/ros/melodic', 'LD_LIBRARY_PATH': '/home/ros/catkin_ws/devel/lib:/opt/ros/melodic/lib', 'LANG': 'C.UTF-8', 'TERM': 'xterm', 'ROS_LOG_FILENAME': '/home/ros/.ros/log/de753d30-8d9a-11ec-81b1-7c507959f385/roslaunch-FM00351-u-419.log', 'SHLVL': '1', 'DISPLAY': ':0', 'UNAME': 'ros', 'ROS_MASTER_URI': 'http://localhost:11311', 'ROS_PYTHON_VERSION': '2', 'PYTHONPATH': '/home/ros/catkin_ws/devel/lib/python2.7/dist-packages:/opt/ros/melodic/lib/python2.7/dist-packages', 'QT_X11_NO_MITSHM': '1', 'ROS_ROOT': '/opt/ros/melodic/share/ros', 'PKG_CONFIG_PATH': '/home/ros/catkin_ws/devel/lib/pkgconfig:/opt/ros/melodic/lib/pkgconfig', 'LC_ALL': 'C.UTF-8', '_': '/opt/ros/melodic/bin/roslaunch', 'OLDPWD': '/home/ros', 'HOSTNAME': 'FM00351-u', 'PWD': '/home/ros/catkin_ws', 'ROS_ETC_DIR': '/opt/ros/melodic/etc/ros', 'ROS_VERSION': '1'}
[roslaunch][INFO] 2022-02-14 13:34:43,906: starting in server mode
[roslaunch.parent][INFO] 2022-02-14 13:34:43,906: starting roslaunch parent run
[roslaunch][INFO] 2022-02-14 13:34:43,906: loading roscore config file /opt/ros/melodic/etc/ros/roscore.xml
[roslaunch][INFO] 2022-02-14 13:34:44,204: Added core node of type [rosout/rosout] in namespace [/]
[roslaunch.config][INFO] 2022-02-14 13:34:44,204: loading config file /home/ros/catkin_ws/src/tactile_pressure_sensor/launch/run_tactile_pressure.launch
[roslaunch][INFO] 2022-02-14 13:34:44,205: Added node of type [rosserial_arduino/serial_node.py] in namespace [/sensor/]
[roslaunch][INFO] 2022-02-14 13:34:44,205: Added node of type [tactile_pressure_sensor/pressure_LocAndForceEstimation.py] in namespace [/sensor/]
[roslaunch][INFO] 2022-02-14 13:34:44,205: ... selected machine [] for node of type [rosserial_arduino/serial_node.py]
[roslaunch][INFO] 2022-02-14 13:34:44,205: ... selected machine [] for node of type [tactile_pressure_sensor/pressure_LocAndForceEstimation.py]
[roslaunch.pmon][INFO] 2022-02-14 13:34:44,206: start_process_monitor: creating ProcessMonitor
[roslaunch.pmon][INFO] 2022-02-14 13:34:44,206: created process monitor <ProcessMonitor(ProcessMonitor-1, initial daemon)>
[roslaunch.pmon][INFO] 2022-02-14 13:34:44,206: start_process_monitor: ProcessMonitor started
[roslaunch.parent][INFO] 2022-02-14 13:34:44,206: starting parent XML-RPC server
[roslaunch.server][INFO] 2022-02-14 13:34:44,206: starting roslaunch XML-RPC server
[roslaunch.server][INFO] 2022-02-14 13:34:44,206: waiting for roslaunch XML-RPC server to initialize
[xmlrpc][INFO] 2022-02-14 13:34:44,206: XML-RPC server binding to 0.0.0.0:0
[xmlrpc][INFO] 2022-02-14 13:34:44,206: Started XML-RPC server [http://FM00351-u:39849/]
[xmlrpc][INFO] 2022-02-14 13:34:44,207: xml rpc node: starting XML-RPC server
[roslaunch][INFO] 2022-02-14 13:34:44,218: started roslaunch server http://FM00351-u:39849/
[roslaunch.parent][INFO] 2022-02-14 13:34:44,218: ... parent XML-RPC server started
[roslaunch][INFO] 2022-02-14 13:34:44,218: master.is_running[http://localhost:11311]
[roslaunch][INFO] 2022-02-14 13:34:44,219: auto-starting new master
[roslaunch][INFO] 2022-02-14 13:34:44,219: create_master_process: rosmaster, /opt/ros/melodic/share/ros, 11311, 3, None, False
[roslaunch][INFO] 2022-02-14 13:34:44,219: process[master]: launching with args [['rosmaster', '--core', '-p', '11311', '-w', '3']]
[roslaunch.pmon][INFO] 2022-02-14 13:34:44,219: ProcessMonitor.register[master]
[roslaunch.pmon][INFO] 2022-02-14 13:34:44,219: ProcessMonitor.register[master] complete
[roslaunch][INFO] 2022-02-14 13:34:44,219: process[master]: starting os process
[roslaunch][INFO] 2022-02-14 13:34:44,219: process[master]: start w/ args [['rosmaster', '--core', '-p', '11311', '-w', '3', '__log:=/home/ros/.ros/log/de753d30-8d9a-11ec-81b1-7c507959f385/master.log']]
[roslaunch][INFO] 2022-02-14 13:34:44,219: process[master]: cwd will be [/home/ros/.ros]
[roslaunch][INFO] 2022-02-14 13:34:44,284: process[master]: started with pid [429]
[roslaunch][INFO] 2022-02-14 13:34:44,284: master.is_running[http://localhost:11311]
[roslaunch][INFO] 2022-02-14 13:34:44,385: master.is_running[http://localhost:11311]
[roslaunch][INFO] 2022-02-14 13:34:44,485: master.is_running[http://localhost:11311]
[roslaunch][INFO] 2022-02-14 13:34:44,487: master.is_running[http://localhost:11311]
[roslaunch][INFO] 2022-02-14 13:34:44,488: ROS_MASTER_URI=http://localhost:11311
[roslaunch][INFO] 2022-02-14 13:34:44,490: setting /run_id to de753d30-8d9a-11ec-81b1-7c507959f385
[roslaunch][INFO] 2022-02-14 13:34:44,492: setting /roslaunch/uris/host_fm00351_u__39849' to http://FM00351-u:39849/
[roslaunch][INFO] 2022-02-14 13:34:44,495: ... preparing to launch node of type [rosout/rosout]
[roslaunch][INFO] 2022-02-14 13:34:44,495: create_node_process: package[rosout] type[rosout] machine[Machine(name[] env_loader[None] address[localhost] ssh_port[22] user[None] assignable[True] timeout[10.0])] master_uri[http://localhost:11311]
[roslaunch][INFO] 2022-02-14 13:34:44,496: process[rosout-1]: env[{'ROS_DISTRO': 'melodic', 'ROSLISP_PACKAGE_DIRECTORIES': '/home/ros/catkin_ws/devel/share/common-lisp', 'LD_LIBRARY_PATH': '/home/ros/catkin_ws/devel/lib:/opt/ros/melodic/lib', 'ROS_PACKAGE_PATH': '/home/ros/catkin_ws/src:/opt/ros/melodic/share', 'PATH': '/opt/ros/melodic/bin:/usr/local/sbin:/usr/local/bin:/usr/sbin:/usr/bin:/sbin:/bin', 'CMAKE_PREFIX_PATH': '/home/ros/catkin_ws/devel:/opt/ros/melodic', 'ROS_LOG_FILENAME': '/home/ros/.ros/log/de753d30-8d9a-11ec-81b1-7c507959f385/roslaunch-FM00351-u-419.log', 'LANG': 'C.UTF-8', 'TERM': 'xterm', 'SHLVL': '1', 'DISPLAY': ':0', 'UNAME': 'ros', 'ROS_ETC_DIR': '/opt/ros/melodic/etc/ros', 'HOME': '/home/ros', 'ROS_PYTHON_VERSION': '2', 'PYTHONPATH': '/home/ros/catkin_ws/devel/lib/python2.7/dist-packages:/opt/ros/melodic/lib/python2.7/dist-packages', 'QT_X11_NO_MITSHM': '1', 'ROS_ROOT': '/opt/ros/melodic/share/ros', 'PKG_CONFIG_PATH': '/home/ros/catkin_ws/devel/lib/pkgconfig:/opt/ros/melodic/lib/pkgconfig', 'LC_ALL': 'C.UTF-8', '_': '/opt/ros/melodic/bin/roslaunch', 'OLDPWD': '/home/ros', 'HOSTNAME': 'FM00351-u', 'PWD': '/home/ros/catkin_ws', 'ROS_MASTER_URI': 'http://localhost:11311', 'ROS_VERSION': '1'}]
[roslaunch][INFO] 2022-02-14 13:34:44,696: process[rosout-1]: args[[u'/opt/ros/melodic/lib/rosout/rosout', u'__name:=rosout']]
[roslaunch][INFO] 2022-02-14 13:34:44,696: ... created process [rosout-1]
[roslaunch.pmon][INFO] 2022-02-14 13:34:44,696: ProcessMonitor.register[rosout-1]
[roslaunch.pmon][INFO] 2022-02-14 13:34:44,696: ProcessMonitor.register[rosout-1] complete
[roslaunch][INFO] 2022-02-14 13:34:44,696: ... registered process [rosout-1]
[roslaunch][INFO] 2022-02-14 13:34:44,696: process[rosout-1]: starting os process
[roslaunch][INFO] 2022-02-14 13:34:44,696: process[rosout-1]: start w/ args [[u'/opt/ros/melodic/lib/rosout/rosout', u'__name:=rosout', u'__log:=/home/ros/.ros/log/de753d30-8d9a-11ec-81b1-7c507959f385/rosout-1.log']]
[roslaunch][INFO] 2022-02-14 13:34:44,696: process[rosout-1]: cwd will be [/home/ros/.ros]
[roslaunch][INFO] 2022-02-14 13:34:44,761: process[rosout-1]: started with pid [440]
[roslaunch][INFO] 2022-02-14 13:34:44,761: ... successfully launched [rosout-1]
[roslaunch][INFO] 2022-02-14 13:34:44,761: load_parameters starting ...
[roslaunch][INFO] 2022-02-14 13:34:44,763: ... load_parameters complete
[roslaunch][INFO] 2022-02-14 13:34:44,763: launch_nodes: launching local nodes ...
[roslaunch][INFO] 2022-02-14 13:34:44,763: ... preparing to launch node of type [rosserial_arduino/serial_node.py]
[roslaunch][INFO] 2022-02-14 13:34:44,763: create_node_process: package[rosserial_arduino] type[serial_node.py] machine[Machine(name[] env_loader[None] address[localhost] ssh_port[22] user[None] assignable[True] timeout[10.0])] master_uri[http://localhost:11311]
[roslaunch][INFO] 2022-02-14 13:34:44,763: process[sensor/tactile_pressure-2]: env[{'ROS_DISTRO': 'melodic', 'ROSLISP_PACKAGE_DIRECTORIES': '/home/ros/catkin_ws/devel/share/common-lisp', 'LD_LIBRARY_PATH': '/home/ros/catkin_ws/devel/lib:/opt/ros/melodic/lib', 'ROS_PACKAGE_PATH': '/home/ros/catkin_ws/src:/opt/ros/melodic/share', 'PATH': '/opt/ros/melodic/bin:/usr/local/sbin:/usr/local/bin:/usr/sbin:/usr/bin:/sbin:/bin', 'CMAKE_PREFIX_PATH': '/home/ros/catkin_ws/devel:/opt/ros/melodic', 'ROS_LOG_FILENAME': '/home/ros/.ros/log/de753d30-8d9a-11ec-81b1-7c507959f385/roslaunch-FM00351-u-419.log', 'LANG': 'C.UTF-8', 'TERM': 'xterm', 'SHLVL': '1', 'DISPLAY': ':0', 'UNAME': 'ros', 'ROS_ETC_DIR': '/opt/ros/melodic/etc/ros', 'HOME': '/home/ros', 'ROS_PYTHON_VERSION': '2', 'PYTHONPATH': '/home/ros/catkin_ws/devel/lib/python2.7/dist-packages:/opt/ros/melodic/lib/python2.7/dist-packages', 'QT_X11_NO_MITSHM': '1', 'ROS_ROOT': '/opt/ros/melodic/share/ros', 'PKG_CONFIG_PATH': '/home/ros/catkin_ws/devel/lib/pkgconfig:/opt/ros/melodic/lib/pkgconfig', 'LC_ALL': 'C.UTF-8', 'ROS_NAMESPACE': '/sensor', '_': '/opt/ros/melodic/bin/roslaunch', 'OLDPWD': '/home/ros', 'HOSTNAME': 'FM00351-u', 'PWD': '/home/ros/catkin_ws', 'ROS_MASTER_URI': 'http://localhost:11311', 'ROS_VERSION': '1'}]
[roslaunch][INFO] 2022-02-14 13:34:44,764: process[sensor/tactile_pressure-2]: args[[u'/home/ros/catkin_ws/src/rosserial/rosserial_arduino/nodes/serial_node.py', u'/sensor/Pressure:=/sensor/pressure_data', u'__name:=tactile_pressure']]
[roslaunch][INFO] 2022-02-14 13:34:44,764: ... created process [sensor/tactile_pressure-2]
[roslaunch.pmon][INFO] 2022-02-14 13:34:44,764: ProcessMonitor.register[sensor/tactile_pressure-2]
[roslaunch.pmon][INFO] 2022-02-14 13:34:44,764: ProcessMonitor.register[sensor/tactile_pressure-2] complete
[roslaunch][INFO] 2022-02-14 13:34:44,764: ... registered process [sensor/tactile_pressure-2]
[roslaunch][INFO] 2022-02-14 13:34:44,764: process[sensor/tactile_pressure-2]: starting os process
[roslaunch][INFO] 2022-02-14 13:34:44,764: process[sensor/tactile_pressure-2]: start w/ args [[u'/home/ros/catkin_ws/src/rosserial/rosserial_arduino/nodes/serial_node.py', u'/sensor/Pressure:=/sensor/pressure_data', u'__name:=tactile_pressure', u'__log:=/home/ros/.ros/log/de753d30-8d9a-11ec-81b1-7c507959f385/sensor-tactile_pressure-2.log']]
[roslaunch][INFO] 2022-02-14 13:34:44,764: process[sensor/tactile_pressure-2]: cwd will be [/home/ros/.ros]
[roslaunch][INFO] 2022-02-14 13:34:44,830: process[sensor/tactile_pressure-2]: started with pid [443]
[roslaunch][INFO] 2022-02-14 13:34:44,830: ... successfully launched [sensor/tactile_pressure-2]
[roslaunch][INFO] 2022-02-14 13:34:44,830: ... preparing to launch node of type [tactile_pressure_sensor/pressure_LocAndForceEstimation.py]
[roslaunch][INFO] 2022-02-14 13:34:44,830: create_node_process: package[tactile_pressure_sensor] type[pressure_LocAndForceEstimation.py] machine[Machine(name[] env_loader[None] address[localhost] ssh_port[22] user[None] assignable[True] timeout[10.0])] master_uri[http://localhost:11311]
[roslaunch][INFO] 2022-02-14 13:34:44,830: process[sensor/process_tactile_pressure-3]: env[{'ROS_DISTRO': 'melodic', 'ROSLISP_PACKAGE_DIRECTORIES': '/home/ros/catkin_ws/devel/share/common-lisp', 'LD_LIBRARY_PATH': '/home/ros/catkin_ws/devel/lib:/opt/ros/melodic/lib', 'ROS_PACKAGE_PATH': '/home/ros/catkin_ws/src:/opt/ros/melodic/share', 'PATH': '/opt/ros/melodic/bin:/usr/local/sbin:/usr/local/bin:/usr/sbin:/usr/bin:/sbin:/bin', 'CMAKE_PREFIX_PATH': '/home/ros/catkin_ws/devel:/opt/ros/melodic', 'ROS_LOG_FILENAME': '/home/ros/.ros/log/de753d30-8d9a-11ec-81b1-7c507959f385/roslaunch-FM00351-u-419.log', 'LANG': 'C.UTF-8', 'TERM': 'xterm', 'SHLVL': '1', 'DISPLAY': ':0', 'UNAME': 'ros', 'ROS_ETC_DIR': '/opt/ros/melodic/etc/ros', 'HOME': '/home/ros', 'ROS_PYTHON_VERSION': '2', 'PYTHONPATH': '/home/ros/catkin_ws/devel/lib/python2.7/dist-packages:/opt/ros/melodic/lib/python2.7/dist-packages', 'QT_X11_NO_MITSHM': '1', 'ROS_ROOT': '/opt/ros/melodic/share/ros', 'PKG_CONFIG_PATH': '/home/ros/catkin_ws/devel/lib/pkgconfig:/opt/ros/melodic/lib/pkgconfig', 'LC_ALL': 'C.UTF-8', 'ROS_NAMESPACE': '/sensor', '_': '/opt/ros/melodic/bin/roslaunch', 'OLDPWD': '/home/ros', 'HOSTNAME': 'FM00351-u', 'PWD': '/home/ros/catkin_ws', 'ROS_MASTER_URI': 'http://localhost:11311', 'ROS_VERSION': '1'}]
[roslaunch][INFO] 2022-02-14 13:34:44,831: process[sensor/process_tactile_pressure-3]: args[[u'/home/ros/catkin_ws/src/tactile_pressure_sensor/src/pressure_LocAndForceEstimation.py', u'/sensor/pressure_data:=/sensor/pressure_data', u'estimated_ForceAndLoc:=/sensor/estimated_ForceAndLoc', u'__name:=process_tactile_pressure']]
[roslaunch][INFO] 2022-02-14 13:34:44,831: ... created process [sensor/process_tactile_pressure-3]
[roslaunch.pmon][INFO] 2022-02-14 13:34:44,831: ProcessMonitor.register[sensor/process_tactile_pressure-3]
[roslaunch.pmon][INFO] 2022-02-14 13:34:44,831: ProcessMonitor.register[sensor/process_tactile_pressure-3] complete
[roslaunch][INFO] 2022-02-14 13:34:44,831: ... registered process [sensor/process_tactile_pressure-3]
[roslaunch][INFO] 2022-02-14 13:34:44,831: process[sensor/process_tactile_pressure-3]: starting os process
[roslaunch][INFO] 2022-02-14 13:34:44,831: process[sensor/process_tactile_pressure-3]: start w/ args [[u'/home/ros/catkin_ws/src/tactile_pressure_sensor/src/pressure_LocAndForceEstimation.py', u'/sensor/pressure_data:=/sensor/pressure_data', u'estimated_ForceAndLoc:=/sensor/estimated_ForceAndLoc', u'__name:=process_tactile_pressure', u'__log:=/home/ros/.ros/log/de753d30-8d9a-11ec-81b1-7c507959f385/sensor-process_tactile_pressure-3.log']]
[roslaunch][INFO] 2022-02-14 13:34:44,831: process[sensor/process_tactile_pressure-3]: cwd will be [/home/ros/.ros]
[roslaunch][INFO] 2022-02-14 13:34:44,897: process[sensor/process_tactile_pressure-3]: started with pid [448]
[roslaunch][INFO] 2022-02-14 13:34:44,897: ... successfully launched [sensor/process_tactile_pressure-3]
[roslaunch][INFO] 2022-02-14 13:34:44,897: ... launch_nodes complete
[roslaunch.pmon][INFO] 2022-02-14 13:34:44,897: registrations completed <ProcessMonitor(ProcessMonitor-1, started daemon 139970056034048)>
[roslaunch.parent][INFO] 2022-02-14 13:34:44,898: ... roslaunch parent running, waiting for process exit
[roslaunch][INFO] 2022-02-14 13:34:44,898: spin
[roslaunch.pmon][INFO] 2022-02-14 13:34:46,736: ProcessMonitor.shutdown <ProcessMonitor(ProcessMonitor-1, started daemon 139970056034048)>
[roslaunch.pmon][INFO] 2022-02-14 13:34:46,813: ProcessMonitor._post_run <ProcessMonitor(ProcessMonitor-1, started daemon 139970056034048)>
[roslaunch.pmon][INFO] 2022-02-14 13:34:46,814: ProcessMonitor._post_run <ProcessMonitor(ProcessMonitor-1, started daemon 139970056034048)>: remaining procs are [<roslaunch.nodeprocess.LocalProcess object at 0x7f4d51fa7390>, <roslaunch.nodeprocess.LocalProcess object at 0x7f4d51ec9350>, <roslaunch.nodeprocess.LocalProcess object at 0x7f4d51fb4190>, <roslaunch.nodeprocess.LocalProcess object at 0x7f4d51a22f90>]
[roslaunch.pmon][INFO] 2022-02-14 13:34:46,814: ProcessMonitor exit: killing sensor/process_tactile_pressure-3
[roslaunch][INFO] 2022-02-14 13:34:46,815: [sensor/process_tactile_pressure-3] killing on exit
[roslaunch.pmon][INFO] 2022-02-14 13:34:46,816: ProcessMonitor exit: killing sensor/tactile_pressure-2
[roslaunch][INFO] 2022-02-14 13:34:46,816: process[sensor/process_tactile_pressure-3]: killing os process with pid[448] pgid[448]
[roslaunch][INFO] 2022-02-14 13:34:46,816: [sensor/tactile_pressure-2] killing on exit
[roslaunch][INFO] 2022-02-14 13:34:46,817: [sensor/process_tactile_pressure-3] sending SIGINT to pgid [448]
[roslaunch][INFO] 2022-02-14 13:34:46,818: [sensor/process_tactile_pressure-3] sent SIGINT to pgid [448]
[roslaunch][INFO] 2022-02-14 13:34:46,818: process[sensor/tactile_pressure-2]: killing os process with pid[443] pgid[443]
[roslaunch][INFO] 2022-02-14 13:34:46,819: [sensor/tactile_pressure-2] sending SIGINT to pgid [443]
[roslaunch][INFO] 2022-02-14 13:34:46,819: [sensor/tactile_pressure-2] sent SIGINT to pgid [443]
[roslaunch][INFO] 2022-02-14 13:34:47,020: process[sensor/tactile_pressure-2]: SIGINT killed with return value 0
[roslaunch][INFO] 2022-02-14 13:34:48,522: process[sensor/process_tactile_pressure-3]: SIGINT killed with return value 0
[roslaunch.pmon][INFO] 2022-02-14 13:34:48,522: ProcessMonitor exit: killing rosout-1
[roslaunch][INFO] 2022-02-14 13:34:48,523: [rosout-1] killing on exit
[roslaunch][INFO] 2022-02-14 13:34:48,523: process[rosout-1]: killing os process with pid[440] pgid[440]
[roslaunch][INFO] 2022-02-14 13:34:48,523: [rosout-1] sending SIGINT to pgid [440]
[roslaunch][INFO] 2022-02-14 13:34:48,523: [rosout-1] sent SIGINT to pgid [440]
[roslaunch][INFO] 2022-02-14 13:34:48,624: process[rosout-1]: SIGINT killed with return value 0
[roslaunch.pmon][INFO] 2022-02-14 13:34:48,624: ProcessMonitor exit: killing master
[roslaunch][INFO] 2022-02-14 13:34:48,624: [master] killing on exit
[roslaunch][INFO] 2022-02-14 13:34:48,624: process[master]: killing os process with pid[429] pgid[429]
[roslaunch][INFO] 2022-02-14 13:34:48,624: [master] sending SIGINT to pgid [429]
[roslaunch][INFO] 2022-02-14 13:34:48,624: [master] sent SIGINT to pgid [429]
[roslaunch][INFO] 2022-02-14 13:34:48,825: process[master]: SIGINT killed with return value 0
[roslaunch.pmon][INFO] 2022-02-14 13:34:48,825: ProcessMonitor exit: cleaning up data structures and signals
[roslaunch.pmon][INFO] 2022-02-14 13:34:48,826: ProcessMonitor exit: pmon has shutdown
[roslaunch][INFO] 2022-02-14 13:34:48,856: process monitor is done spinning, initiating full shutdown
[roslaunch][INFO] 2022-02-14 13:34:48,857: runner.stop()
[roslaunch][INFO] 2022-02-14 13:34:48,857: shutting down processing monitor...
[roslaunch][INFO] 2022-02-14 13:34:48,857: shutting down processing monitor <ProcessMonitor(ProcessMonitor-1, stopped daemon 139970056034048)>
[roslaunch.pmon][INFO] 2022-02-14 13:34:48,857: ProcessMonitor.shutdown <ProcessMonitor(ProcessMonitor-1, stopped daemon 139970056034048)>
[roslaunch][INFO] 2022-02-14 13:34:48,857: ... shutting down processing monitor complete
[roslaunch][INFO] 2022-02-14 13:34:48,857: done
[roslaunch.pmon][INFO] 2022-02-14 13:34:48,858: ProcessMonitor.shutdown <ProcessMonitor(ProcessMonitor-1, stopped daemon 139970056034048)>
[rospy.core][INFO] 2022-02-14 13:34:48,858: signal_shutdown [atexit]
