[rospy.client][INFO] 2022-02-23 11:30:50,195: init_node, name[/Robotiq2FGripperRtuNode], pid[16019]
[xmlrpc][INFO] 2022-02-23 11:30:50,195: XML-RPC server binding to 0.0.0.0:0
[xmlrpc][INFO] 2022-02-23 11:30:50,196: Started XML-RPC server [http://FM00351-u:33577/]
[rospy.init][INFO] 2022-02-23 11:30:50,196: ROS Slave URI: [http://FM00351-u:33577/]
[rospy.impl.masterslave][INFO] 2022-02-23 11:30:50,196: _ready: http://FM00351-u:33577/
[rospy.registration][INFO] 2022-02-23 11:30:50,197: Registering with master node http://localhost:11311
[xmlrpc][INFO] 2022-02-23 11:30:50,197: xml rpc node: starting XML-RPC server
[rospy.init][INFO] 2022-02-23 11:30:50,296: registered with master
[rospy.rosout][INFO] 2022-02-23 11:30:50,297: initializing /rosout core topic
[rospy.rosout][INFO] 2022-02-23 11:30:50,298: connected to core topic /rosout
[rospy.simtime][INFO] 2022-02-23 11:30:50,299: /use_sim_time is not set, will not subscribe to simulated time [/clock] topic
[rospy.internal][INFO] 2022-02-23 11:30:50,517: topic[/rosout] adding connection to [/rosout], count 0
[rospy.internal][INFO] 2022-02-23 11:31:01,412: topic[/rosout] adding connection to [/rostopic_16043_1645615861171], count 1
[rospy.internal][INFO] 2022-02-23 11:31:10,796: topic[/Robotiq2FGripperRobotOutput] adding connection to [http://FM00351-u:40441/], count 0
[rospy.internal][INFO] 2022-02-23 11:36:02,507: topic[/rosout] removing connection to /rostopic_16043_1645615861171
[rospy.core][INFO] 2022-02-23 11:36:05,208: signal_shutdown [signal-2]
[rospy.internal][INFO] 2022-02-23 11:36:05,211: topic[/rosout] removing connection to /rosout
[rospy.internal][INFO] 2022-02-23 11:36:05,211: topic[/Robotiq2FGripperRobotOutput] removing connection to http://FM00351-u:40441/
[rospy.internal][WARNING] 2022-02-23 11:36:05,212: Unknown error initiating TCP/IP socket to FM00351-u:45057 (http://FM00351-u:40441/): Traceback (most recent call last):
  File "/opt/ros/melodic/lib/python2.7/dist-packages/rospy/impl/tcpros_base.py", line 562, in connect
    self.read_header()
  File "/opt/ros/melodic/lib/python2.7/dist-packages/rospy/impl/tcpros_base.py", line 657, in read_header
    self._validate_header(read_ros_handshake_header(sock, self.read_buff, self.protocol.buff_size))
AttributeError: 'NoneType' object has no attribute 'buff_size'

[rospy.topics][ERROR] 2022-02-23 11:36:05,212: Traceback (most recent call last):
  File "/opt/ros/melodic/lib/python2.7/dist-packages/rospy/topics.py", line 326, in close
    c.close()
  File "/opt/ros/melodic/lib/python2.7/dist-packages/rospy/impl/tcpros_base.py", line 846, in close
    self.socket.close()
AttributeError: 'NoneType' object has no attribute 'close'

[rospy.impl.masterslave][INFO] 2022-02-23 11:36:05,212: signal-2
[rospy.core][INFO] 2022-02-23 11:36:05,349: signal_shutdown [atexit]
