[rospy.client][INFO] 2022-02-14 13:27:27,668: init_node, name[/sensor/tactile_pressure], pid[323]
[xmlrpc][INFO] 2022-02-14 13:27:27,669: XML-RPC server binding to 0.0.0.0:0
[xmlrpc][INFO] 2022-02-14 13:27:27,669: Started XML-RPC server [http://FM00351-u:37561/]
[rospy.impl.masterslave][INFO] 2022-02-14 13:27:27,669: _ready: http://FM00351-u:37561/
[rospy.init][INFO] 2022-02-14 13:27:27,669: ROS Slave URI: [http://FM00351-u:37561/]
[xmlrpc][INFO] 2022-02-14 13:27:27,669: xml rpc node: starting XML-RPC server
[rospy.registration][INFO] 2022-02-14 13:27:27,669: Registering with master node http://localhost:11311
[rospy.init][INFO] 2022-02-14 13:27:27,769: registered with master
[rospy.rosout][INFO] 2022-02-14 13:27:27,770: initializing /rosout core topic
[rospy.rosout][INFO] 2022-02-14 13:27:27,775: connected to core topic /rosout
[rospy.simtime][INFO] 2022-02-14 13:27:27,776: /use_sim_time is not set, will not subscribe to simulated time [/clock] topic
[rosout][INFO] 2022-02-14 13:27:27,781: ROS Serial Python Node
[rosout][INFO] 2022-02-14 13:27:27,783: Connecting to /dev/ttyACM0 at 57600 baud
[rosout][ERROR] 2022-02-14 13:27:27,785: Error opening serial: [Errno 21] could not open port /dev/ttyACM0: [Errno 21] Is a directory: '/dev/ttyACM0'
[rospy.internal][INFO] 2022-02-14 13:27:28,094: topic[/rosout] adding connection to [/rosout], count 0
[rosout][ERROR] 2022-02-14 13:27:30,786: Error opening serial: [Errno 21] could not open port /dev/ttyACM0: [Errno 21] Is a directory: '/dev/ttyACM0'
[rospy.core][INFO] 2022-02-14 13:27:33,446: signal_shutdown [signal-2]
[rospy.internal][INFO] 2022-02-14 13:27:33,449: topic[/rosout] removing connection to /rosout
[rospy.impl.masterslave][INFO] 2022-02-14 13:27:33,450: signal-2
[rospy.core][INFO] 2022-02-14 13:27:33,614: signal_shutdown [atexit]
