[roslaunch][INFO] 2021-12-21 11:30:49,881: Checking log directory for disk usage. This may take a while.
Press Ctrl-C to interrupt
[roslaunch][INFO] 2021-12-21 11:30:49,884: Done checking log file disk usage. Usage is <1GB.
[roslaunch][INFO] 2021-12-21 11:30:49,884: roslaunch starting with args ['/opt/ros/melodic/bin/roslaunch', 'module_gripper', 'gripper.launch']
[roslaunch][INFO] 2021-12-21 11:30:49,884: roslaunch env is {'ROS_DISTRO': 'melodic', 'ROSLISP_PACKAGE_DIRECTORIES': '/home/ros/catkin_ws/devel/share/common-lisp', 'HOME': '/home/ros', 'PATH': '/opt/ros/melodic/bin:/usr/local/sbin:/usr/local/bin:/usr/sbin:/usr/bin:/sbin:/bin', 'ROS_PACKAGE_PATH': '/home/ros/catkin_ws/src:/opt/ros/melodic/share', 'CMAKE_PREFIX_PATH': '/home/ros/catkin_ws/devel:/opt/ros/melodic', 'LD_LIBRARY_PATH': '/home/ros/catkin_ws/devel/lib:/opt/ros/melodic/lib', 'LANG': 'C.UTF-8', 'ROS_LOG_FILENAME': '/home/ros/.ros/log/72bdfdf8-6251-11ec-9771-7c507959f385/roslaunch-FM00351-u-55.log', 'SHLVL': '2', 'DISPLAY': ':0', 'UNAME': 'ros', 'ROS_MASTER_URI': 'http://localhost:11311', 'ROS_PYTHON_VERSION': '2', 'PYTHONPATH': '/home/ros/catkin_ws/devel/lib/python2.7/dist-packages:/opt/ros/melodic/lib/python2.7/dist-packages', 'QT_X11_NO_MITSHM': '1', 'ROS_ROOT': '/opt/ros/melodic/share/ros', 'PKG_CONFIG_PATH': '/home/ros/catkin_ws/devel/lib/pkgconfig:/opt/ros/melodic/lib/pkgconfig', 'LC_ALL': 'C.UTF-8', '_': '/opt/ros/melodic/bin/roslaunch', 'OLDPWD': '/home/ros', 'HOSTNAME': 'FM00351-u', 'PWD': '/home/ros/catkin_ws', 'ROS_ETC_DIR': '/opt/ros/melodic/etc/ros', 'ROS_VERSION': '1'}
[roslaunch][INFO] 2021-12-21 11:30:49,884: starting in server mode
[roslaunch.parent][INFO] 2021-12-21 11:30:49,884: starting roslaunch parent run
[roslaunch][INFO] 2021-12-21 11:30:49,885: loading roscore config file /opt/ros/melodic/etc/ros/roscore.xml
[roslaunch][INFO] 2021-12-21 11:30:50,138: Added core node of type [rosout/rosout] in namespace [/]
[roslaunch.config][INFO] 2021-12-21 11:30:50,139: loading config file /home/ros/catkin_ws/src/module_gripper/launch/gripper.launch
[roslaunch][INFO] 2021-12-21 11:30:50,139: Added node of type [module_gripper/gripper_action_server] in namespace [/]
[roslaunch][INFO] 2021-12-21 11:30:50,139: ... selected machine [] for node of type [module_gripper/gripper_action_server]
[roslaunch.pmon][INFO] 2021-12-21 11:30:50,140: start_process_monitor: creating ProcessMonitor
[roslaunch.pmon][INFO] 2021-12-21 11:30:50,140: created process monitor <ProcessMonitor(ProcessMonitor-1, initial daemon)>
[roslaunch.pmon][INFO] 2021-12-21 11:30:50,140: start_process_monitor: ProcessMonitor started
[roslaunch.parent][INFO] 2021-12-21 11:30:50,140: starting parent XML-RPC server
[roslaunch.server][INFO] 2021-12-21 11:30:50,141: starting roslaunch XML-RPC server
[roslaunch.server][INFO] 2021-12-21 11:30:50,141: waiting for roslaunch XML-RPC server to initialize
[xmlrpc][INFO] 2021-12-21 11:30:50,141: XML-RPC server binding to 0.0.0.0:0
[xmlrpc][INFO] 2021-12-21 11:30:50,141: Started XML-RPC server [http://FM00351-u:35211/]
[xmlrpc][INFO] 2021-12-21 11:30:50,141: xml rpc node: starting XML-RPC server
[roslaunch][INFO] 2021-12-21 11:30:50,152: started roslaunch server http://FM00351-u:35211/
[roslaunch.parent][INFO] 2021-12-21 11:30:50,152: ... parent XML-RPC server started
[roslaunch][INFO] 2021-12-21 11:30:50,152: master.is_running[http://localhost:11311]
[roslaunch][INFO] 2021-12-21 11:30:50,153: auto-starting new master
[roslaunch][INFO] 2021-12-21 11:30:50,153: create_master_process: rosmaster, /opt/ros/melodic/share/ros, 11311, 3, None, False
[roslaunch][INFO] 2021-12-21 11:30:50,153: process[master]: launching with args [['rosmaster', '--core', '-p', '11311', '-w', '3']]
[roslaunch.pmon][INFO] 2021-12-21 11:30:50,153: ProcessMonitor.register[master]
[roslaunch.pmon][INFO] 2021-12-21 11:30:50,153: ProcessMonitor.register[master] complete
[roslaunch][INFO] 2021-12-21 11:30:50,153: process[master]: starting os process
[roslaunch][INFO] 2021-12-21 11:30:50,153: process[master]: start w/ args [['rosmaster', '--core', '-p', '11311', '-w', '3', '__log:=/home/ros/.ros/log/72bdfdf8-6251-11ec-9771-7c507959f385/master.log']]
[roslaunch][INFO] 2021-12-21 11:30:50,153: process[master]: cwd will be [/home/ros/.ros]
[roslaunch][INFO] 2021-12-21 11:30:50,241: process[master]: started with pid [65]
[roslaunch][INFO] 2021-12-21 11:30:50,241: master.is_running[http://localhost:11311]
[roslaunch][INFO] 2021-12-21 11:30:50,342: master.is_running[http://localhost:11311]
[roslaunch][INFO] 2021-12-21 11:30:50,443: master.is_running[http://localhost:11311]
[roslaunch][INFO] 2021-12-21 11:30:50,445: master.is_running[http://localhost:11311]
[roslaunch][INFO] 2021-12-21 11:30:50,447: ROS_MASTER_URI=http://localhost:11311
[roslaunch][INFO] 2021-12-21 11:30:50,448: setting /run_id to 72bdfdf8-6251-11ec-9771-7c507959f385
[roslaunch][INFO] 2021-12-21 11:30:50,450: setting /roslaunch/uris/host_fm00351_u__35211' to http://FM00351-u:35211/
[roslaunch][INFO] 2021-12-21 11:30:50,452: ... preparing to launch node of type [rosout/rosout]
[roslaunch][INFO] 2021-12-21 11:30:50,453: create_node_process: package[rosout] type[rosout] machine[Machine(name[] env_loader[None] address[localhost] ssh_port[22] user[None] assignable[True] timeout[10.0])] master_uri[http://localhost:11311]
[roslaunch][INFO] 2021-12-21 11:30:50,453: process[rosout-1]: env[{'ROS_DISTRO': 'melodic', 'ROSLISP_PACKAGE_DIRECTORIES': '/home/ros/catkin_ws/devel/share/common-lisp', 'LD_LIBRARY_PATH': '/home/ros/catkin_ws/devel/lib:/opt/ros/melodic/lib', 'ROS_PACKAGE_PATH': '/home/ros/catkin_ws/src:/opt/ros/melodic/share', 'PATH': '/opt/ros/melodic/bin:/usr/local/sbin:/usr/local/bin:/usr/sbin:/usr/bin:/sbin:/bin', 'CMAKE_PREFIX_PATH': '/home/ros/catkin_ws/devel:/opt/ros/melodic', 'ROS_LOG_FILENAME': '/home/ros/.ros/log/72bdfdf8-6251-11ec-9771-7c507959f385/roslaunch-FM00351-u-55.log', 'LANG': 'C.UTF-8', 'SHLVL': '2', 'DISPLAY': ':0', 'UNAME': 'ros', 'ROS_ETC_DIR': '/opt/ros/melodic/etc/ros', 'HOME': '/home/ros', 'ROS_PYTHON_VERSION': '2', 'PYTHONPATH': '/home/ros/catkin_ws/devel/lib/python2.7/dist-packages:/opt/ros/melodic/lib/python2.7/dist-packages', 'QT_X11_NO_MITSHM': '1', 'ROS_ROOT': '/opt/ros/melodic/share/ros', 'PKG_CONFIG_PATH': '/home/ros/catkin_ws/devel/lib/pkgconfig:/opt/ros/melodic/lib/pkgconfig', 'LC_ALL': 'C.UTF-8', '_': '/opt/ros/melodic/bin/roslaunch', 'OLDPWD': '/home/ros', 'HOSTNAME': 'FM00351-u', 'PWD': '/home/ros/catkin_ws', 'ROS_MASTER_URI': 'http://localhost:11311', 'ROS_VERSION': '1'}]
[roslaunch][INFO] 2021-12-21 11:30:50,479: process[rosout-1]: args[[u'/opt/ros/melodic/lib/rosout/rosout', u'__name:=rosout']]
[roslaunch][INFO] 2021-12-21 11:30:50,479: ... created process [rosout-1]
[roslaunch.pmon][INFO] 2021-12-21 11:30:50,479: ProcessMonitor.register[rosout-1]
[roslaunch.pmon][INFO] 2021-12-21 11:30:50,479: ProcessMonitor.register[rosout-1] complete
[roslaunch][INFO] 2021-12-21 11:30:50,479: ... registered process [rosout-1]
[roslaunch][INFO] 2021-12-21 11:30:50,479: process[rosout-1]: starting os process
[roslaunch][INFO] 2021-12-21 11:30:50,479: process[rosout-1]: start w/ args [[u'/opt/ros/melodic/lib/rosout/rosout', u'__name:=rosout', u'__log:=/home/ros/.ros/log/72bdfdf8-6251-11ec-9771-7c507959f385/rosout-1.log']]
[roslaunch][INFO] 2021-12-21 11:30:50,479: process[rosout-1]: cwd will be [/home/ros/.ros]
[roslaunch][INFO] 2021-12-21 11:30:50,564: process[rosout-1]: started with pid [76]
[roslaunch][INFO] 2021-12-21 11:30:50,565: ... successfully launched [rosout-1]
[roslaunch][INFO] 2021-12-21 11:30:50,565: load_parameters starting ...
[roslaunch][INFO] 2021-12-21 11:30:50,568: ... load_parameters complete
[roslaunch][INFO] 2021-12-21 11:30:50,568: launch_nodes: launching local nodes ...
[roslaunch][INFO] 2021-12-21 11:30:50,568: ... preparing to launch node of type [module_gripper/gripper_action_server]
[roslaunch][INFO] 2021-12-21 11:30:50,568: create_node_process: package[module_gripper] type[gripper_action_server] machine[Machine(name[] env_loader[None] address[localhost] ssh_port[22] user[None] assignable[True] timeout[10.0])] master_uri[http://localhost:11311]
[roslaunch][INFO] 2021-12-21 11:30:50,569: process[frogs-2]: env[{'ROS_DISTRO': 'melodic', 'ROSLISP_PACKAGE_DIRECTORIES': '/home/ros/catkin_ws/devel/share/common-lisp', 'LD_LIBRARY_PATH': '/home/ros/catkin_ws/devel/lib:/opt/ros/melodic/lib', 'ROS_PACKAGE_PATH': '/home/ros/catkin_ws/src:/opt/ros/melodic/share', 'PATH': '/opt/ros/melodic/bin:/usr/local/sbin:/usr/local/bin:/usr/sbin:/usr/bin:/sbin:/bin', 'CMAKE_PREFIX_PATH': '/home/ros/catkin_ws/devel:/opt/ros/melodic', 'ROS_LOG_FILENAME': '/home/ros/.ros/log/72bdfdf8-6251-11ec-9771-7c507959f385/roslaunch-FM00351-u-55.log', 'LANG': 'C.UTF-8', 'SHLVL': '2', 'DISPLAY': ':0', 'UNAME': 'ros', 'ROS_ETC_DIR': '/opt/ros/melodic/etc/ros', 'HOME': '/home/ros', 'ROS_PYTHON_VERSION': '2', 'PYTHONPATH': '/home/ros/catkin_ws/devel/lib/python2.7/dist-packages:/opt/ros/melodic/lib/python2.7/dist-packages', 'QT_X11_NO_MITSHM': '1', 'ROS_ROOT': '/opt/ros/melodic/share/ros', 'PKG_CONFIG_PATH': '/home/ros/catkin_ws/devel/lib/pkgconfig:/opt/ros/melodic/lib/pkgconfig', 'LC_ALL': 'C.UTF-8', '_': '/opt/ros/melodic/bin/roslaunch', 'OLDPWD': '/home/ros', 'HOSTNAME': 'FM00351-u', 'PWD': '/home/ros/catkin_ws', 'ROS_MASTER_URI': 'http://localhost:11311', 'ROS_VERSION': '1'}]
[roslaunch][INFO] 2021-12-21 11:30:50,569: process[frogs-2]: args[[u'/home/ros/catkin_ws/src/module_gripper/src/module_gripper/gripper_action_server', u'__name:=frogs']]
[roslaunch][INFO] 2021-12-21 11:30:50,569: ... created process [frogs-2]
[roslaunch.pmon][INFO] 2021-12-21 11:30:50,569: ProcessMonitor.register[frogs-2]
[roslaunch.pmon][INFO] 2021-12-21 11:30:50,569: ProcessMonitor.register[frogs-2] complete
[roslaunch][INFO] 2021-12-21 11:30:50,569: ... registered process [frogs-2]
[roslaunch][INFO] 2021-12-21 11:30:50,569: process[frogs-2]: starting os process
[roslaunch][INFO] 2021-12-21 11:30:50,570: process[frogs-2]: start w/ args [[u'/home/ros/catkin_ws/src/module_gripper/src/module_gripper/gripper_action_server', u'__name:=frogs', u'__log:=/home/ros/.ros/log/72bdfdf8-6251-11ec-9771-7c507959f385/frogs-2.log']]
[roslaunch][INFO] 2021-12-21 11:30:50,570: process[frogs-2]: cwd will be [/home/ros/.ros]
[roslaunch][INFO] 2021-12-21 11:30:50,657: process[frogs-2]: started with pid [79]
[roslaunch][INFO] 2021-12-21 11:30:50,657: ... successfully launched [frogs-2]
[roslaunch][INFO] 2021-12-21 11:30:50,657: ... launch_nodes complete
[roslaunch.pmon][INFO] 2021-12-21 11:30:50,657: registrations completed <ProcessMonitor(ProcessMonitor-1, started daemon 140499067881216)>
[roslaunch.parent][INFO] 2021-12-21 11:30:50,657: ... roslaunch parent running, waiting for process exit
[roslaunch][INFO] 2021-12-21 11:30:50,658: spin
