[rospy.client][INFO] 2022-02-23 11:25:53,239: init_node, name[/Robotiq2FGripperRtuNode], pid[15743]
[xmlrpc][INFO] 2022-02-23 11:25:53,240: XML-RPC server binding to 0.0.0.0:0
[xmlrpc][INFO] 2022-02-23 11:25:53,240: Started XML-RPC server [http://FM00351-u:36039/]
[rospy.init][INFO] 2022-02-23 11:25:53,240: ROS Slave URI: [http://FM00351-u:36039/]
[rospy.impl.masterslave][INFO] 2022-02-23 11:25:53,240: _ready: http://FM00351-u:36039/
[xmlrpc][INFO] 2022-02-23 11:25:53,241: xml rpc node: starting XML-RPC server
[rospy.registration][INFO] 2022-02-23 11:25:53,242: Registering with master node http://localhost:11311
[rospy.init][INFO] 2022-02-23 11:25:53,341: registered with master
[rospy.rosout][INFO] 2022-02-23 11:25:53,341: initializing /rosout core topic
[rospy.rosout][INFO] 2022-02-23 11:25:53,343: connected to core topic /rosout
[rospy.simtime][INFO] 2022-02-23 11:25:53,344: /use_sim_time is not set, will not subscribe to simulated time [/clock] topic
[rospy.internal][INFO] 2022-02-23 11:25:53,576: topic[/rosout] adding connection to [/rosout], count 0
[rospy.internal][INFO] 2022-02-23 11:25:55,774: topic[/Robotiq2FGripperRobotOutput] adding connection to [http://FM00351-u:44223/], count 0
[rospy.core][INFO] 2022-02-23 11:27:24,422: signal_shutdown [signal-2]
[rospy.internal][INFO] 2022-02-23 11:27:24,426: topic[/rosout] removing connection to /rosout
[rospy.internal][INFO] 2022-02-23 11:27:24,426: topic[/Robotiq2FGripperRobotOutput] removing connection to http://FM00351-u:44223/
[rospy.internal][WARNING] 2022-02-23 11:27:24,428: Unknown error initiating TCP/IP socket to FM00351-u:34879 (http://FM00351-u:44223/): Traceback (most recent call last):
  File "/opt/ros/melodic/lib/python2.7/dist-packages/rospy/impl/tcpros_base.py", line 562, in connect
    self.read_header()
  File "/opt/ros/melodic/lib/python2.7/dist-packages/rospy/impl/tcpros_base.py", line 657, in read_header
    self._validate_header(read_ros_handshake_header(sock, self.read_buff, self.protocol.buff_size))
AttributeError: 'NoneType' object has no attribute 'buff_size'

[rospy.topics][ERROR] 2022-02-23 11:27:24,428: Traceback (most recent call last):
  File "/opt/ros/melodic/lib/python2.7/dist-packages/rospy/topics.py", line 326, in close
    c.close()
  File "/opt/ros/melodic/lib/python2.7/dist-packages/rospy/impl/tcpros_base.py", line 846, in close
    self.socket.close()
AttributeError: 'NoneType' object has no attribute 'close'

[rospy.impl.masterslave][INFO] 2022-02-23 11:27:24,428: signal-2
[rospy.core][INFO] 2022-02-23 11:27:24,557: signal_shutdown [atexit]
