[rosmaster.main][INFO] 2022-02-23 09:31:27,114: initialization complete, waiting for shutdown
[rosmaster.main][INFO] 2022-02-23 09:31:27,114: Starting ROS Master Node
[xmlrpc][INFO] 2022-02-23 09:31:27,115: XML-RPC server binding to 0.0.0.0:11311
[xmlrpc][INFO] 2022-02-23 09:31:27,115: Started XML-RPC server [http://FM00351-u:11311/]
[rosmaster.master][INFO] 2022-02-23 09:31:27,116: Master initialized: port[11311], uri[http://FM00351-u:11311/]
[xmlrpc][INFO] 2022-02-23 09:31:27,116: xml rpc node: starting XML-RPC server
[rosmaster.master][INFO] 2022-02-23 09:31:27,137: +PARAM [/run_id] by /roslaunch
[rosmaster.master][INFO] 2022-02-23 09:31:27,138: +PARAM [/roslaunch/uris/host_fm00351_u__40035] by /roslaunch
[rosmaster.master][INFO] 2022-02-23 09:31:27,414: +PARAM [/rosversion] by /roslaunch
[rosmaster.master][INFO] 2022-02-23 09:31:27,414: +PARAM [/rosdistro] by /roslaunch
[rosmaster.master][INFO] 2022-02-23 09:31:27,418: +SERVICE [/rosout/get_loggers] /rosout http://FM00351-u:38291/
[rosmaster.master][INFO] 2022-02-23 09:31:27,419: +SERVICE [/rosout/set_logger_level] /rosout http://FM00351-u:38291/
[rosmaster.master][INFO] 2022-02-23 09:31:27,420: +PUB [/rosout_agg] /rosout http://FM00351-u:38291/
[rosmaster.master][INFO] 2022-02-23 09:31:27,421: +SUB [/rosout] /rosout http://FM00351-u:38291/
[rosmaster.master][INFO] 2022-02-23 09:31:31,287: +PUB [/rosout] /robotiq2FGripper http://FM00351-u:39465/
[rosmaster.master][INFO] 2022-02-23 09:31:31,292: +SERVICE [/robotiq2FGripper/get_loggers] /robotiq2FGripper http://FM00351-u:39465/
[rosmaster.master][INFO] 2022-02-23 09:31:31,294: +SERVICE [/robotiq2FGripper/set_logger_level] /robotiq2FGripper http://FM00351-u:39465/
[rosmaster.master][INFO] 2022-02-23 09:31:31,295: +PUB [/Robotiq2FGripperRobotInput] /robotiq2FGripper http://FM00351-u:39465/
[rosmaster.master][INFO] 2022-02-23 09:31:31,299: +SUB [/Robotiq2FGripperRobotOutput] /robotiq2FGripper http://FM00351-u:39465/
[rosmaster.master][INFO] 2022-02-23 09:31:31,302: -SUB [/Robotiq2FGripperRobotOutput] /robotiq2FGripper http://FM00351-u:39465/
[rosmaster.master][INFO] 2022-02-23 09:31:31,302: -PUB [/Robotiq2FGripperRobotInput] /robotiq2FGripper http://FM00351-u:39465/
[rosmaster.master][INFO] 2022-02-23 09:31:31,302: -PUB [/rosout] /robotiq2FGripper http://FM00351-u:39465/
[rosmaster.master][INFO] 2022-02-23 09:31:31,302: -SERVICE [/robotiq2FGripper/set_logger_level] /robotiq2FGripper rosrpc://FM00351-u:42413
[rosmaster.master][INFO] 2022-02-23 09:31:31,302: -SERVICE [/robotiq2FGripper/get_loggers] /robotiq2FGripper rosrpc://FM00351-u:42413
[rosmaster.master][INFO] 2022-02-23 09:31:31,324: publisherUpdate[/rosout] -> http://FM00351-u:38291/ ['http://FM00351-u:39465/']
[rosmaster.master][INFO] 2022-02-23 09:31:31,337: publisherUpdate[/rosout] -> http://FM00351-u:38291/ ['http://FM00351-u:39465/']: sec=0.01, result=[1, '', 0]
[rosmaster.master][INFO] 2022-02-23 09:31:31,337: publisherUpdate[/rosout] -> http://FM00351-u:38291/ []
[rosmaster.master][INFO] 2022-02-23 09:31:31,337: publisherUpdate[/rosout] -> http://FM00351-u:38291/ []: sec=0.00, result=[1, '', 0]
