[roslaunch][INFO] 2021-12-21 14:17:42,272: Checking log directory for disk usage. This may take a while.
Press Ctrl-C to interrupt
[roslaunch][INFO] 2021-12-21 14:17:42,275: Done checking log file disk usage. Usage is <1GB.
[roslaunch][INFO] 2021-12-21 14:17:42,275: roslaunch starting with args ['/opt/ros/melodic/bin/roslaunch', 'tactile_pressure_sensor', 'run_tactile_pressure.launch']
[roslaunch][INFO] 2021-12-21 14:17:42,275: roslaunch env is {'ROS_DISTRO': 'melodic', 'ROSLISP_PACKAGE_DIRECTORIES': '/home/ros/catkin_ws/devel/share/common-lisp', 'HOME': '/home/ros', 'PATH': '/opt/ros/melodic/bin:/usr/local/sbin:/usr/local/bin:/usr/sbin:/usr/bin:/sbin:/bin', 'ROS_PACKAGE_PATH': '/home/ros/catkin_ws/src:/opt/ros/melodic/share', 'CMAKE_PREFIX_PATH': '/home/ros/catkin_ws/devel:/opt/ros/melodic', 'LD_LIBRARY_PATH': '/home/ros/catkin_ws/devel/lib:/opt/ros/melodic/lib', 'LANG': 'C.UTF-8', 'TERM': 'xterm', 'ROS_LOG_FILENAME': '/home/ros/.ros/log/c298407e-6268-11ec-85fa-7c507959f385/roslaunch-FM00351-u-188.log', 'SHLVL': '1', 'DISPLAY': ':0', 'UNAME': 'ros', 'ROS_MASTER_URI': 'http://localhost:11311', 'ROS_PYTHON_VERSION': '2', 'PYTHONPATH': '/home/ros/catkin_ws/devel/lib/python2.7/dist-packages:/opt/ros/melodic/lib/python2.7/dist-packages', 'QT_X11_NO_MITSHM': '1', 'ROS_ROOT': '/opt/ros/melodic/share/ros', 'PKG_CONFIG_PATH': '/home/ros/catkin_ws/devel/lib/pkgconfig:/opt/ros/melodic/lib/pkgconfig', 'LC_ALL': 'C.UTF-8', '_': '/opt/ros/melodic/bin/roslaunch', 'OLDPWD': '/home/ros', 'HOSTNAME': 'FM00351-u', 'PWD': '/home/ros/catkin_ws', 'ROS_ETC_DIR': '/opt/ros/melodic/etc/ros', 'ROS_VERSION': '1'}
[roslaunch][INFO] 2021-12-21 14:17:42,275: starting in server mode
[roslaunch.parent][INFO] 2021-12-21 14:17:42,275: starting roslaunch parent run
[roslaunch][INFO] 2021-12-21 14:17:42,275: loading roscore config file /opt/ros/melodic/etc/ros/roscore.xml
[roslaunch][INFO] 2021-12-21 14:17:42,478: Added core node of type [rosout/rosout] in namespace [/]
[roslaunch.config][INFO] 2021-12-21 14:17:42,478: loading config file /home/ros/catkin_ws/src/tactile_pressure_sensor/launch/run_tactile_pressure.launch
[roslaunch][INFO] 2021-12-21 14:17:42,478: Added node of type [rosserial_arduino/serial_node.py] in namespace [/sensor/]
[roslaunch][INFO] 2021-12-21 14:17:42,478: Added node of type [tactile_pressure_sensor/pressure_LocAndForceEstimation.py] in namespace [/sensor/]
[roslaunch][INFO] 2021-12-21 14:17:42,478: ... selected machine [] for node of type [rosserial_arduino/serial_node.py]
[roslaunch][INFO] 2021-12-21 14:17:42,478: ... selected machine [] for node of type [tactile_pressure_sensor/pressure_LocAndForceEstimation.py]
[roslaunch.pmon][INFO] 2021-12-21 14:17:42,479: start_process_monitor: creating ProcessMonitor
[roslaunch.pmon][INFO] 2021-12-21 14:17:42,479: created process monitor <ProcessMonitor(ProcessMonitor-1, initial daemon)>
[roslaunch.pmon][INFO] 2021-12-21 14:17:42,479: start_process_monitor: ProcessMonitor started
[roslaunch.parent][INFO] 2021-12-21 14:17:42,479: starting parent XML-RPC server
[roslaunch.server][INFO] 2021-12-21 14:17:42,479: starting roslaunch XML-RPC server
[roslaunch.server][INFO] 2021-12-21 14:17:42,480: waiting for roslaunch XML-RPC server to initialize
[xmlrpc][INFO] 2021-12-21 14:17:42,480: XML-RPC server binding to 0.0.0.0:0
[xmlrpc][INFO] 2021-12-21 14:17:42,480: Started XML-RPC server [http://FM00351-u:40175/]
[xmlrpc][INFO] 2021-12-21 14:17:42,480: xml rpc node: starting XML-RPC server
[roslaunch][INFO] 2021-12-21 14:17:42,491: started roslaunch server http://FM00351-u:40175/
[roslaunch.parent][INFO] 2021-12-21 14:17:42,491: ... parent XML-RPC server started
[roslaunch][INFO] 2021-12-21 14:17:42,491: master.is_running[http://localhost:11311]
[roslaunch][INFO] 2021-12-21 14:17:42,491: auto-starting new master
[roslaunch][INFO] 2021-12-21 14:17:42,492: create_master_process: rosmaster, /opt/ros/melodic/share/ros, 11311, 3, None, False
[roslaunch][INFO] 2021-12-21 14:17:42,492: process[master]: launching with args [['rosmaster', '--core', '-p', '11311', '-w', '3']]
[roslaunch.pmon][INFO] 2021-12-21 14:17:42,492: ProcessMonitor.register[master]
[roslaunch.pmon][INFO] 2021-12-21 14:17:42,492: ProcessMonitor.register[master] complete
[roslaunch][INFO] 2021-12-21 14:17:42,492: process[master]: starting os process
[roslaunch][INFO] 2021-12-21 14:17:42,492: process[master]: start w/ args [['rosmaster', '--core', '-p', '11311', '-w', '3', '__log:=/home/ros/.ros/log/c298407e-6268-11ec-85fa-7c507959f385/master.log']]
[roslaunch][INFO] 2021-12-21 14:17:42,492: process[master]: cwd will be [/home/ros/.ros]
[roslaunch][INFO] 2021-12-21 14:17:42,556: process[master]: started with pid [198]
[roslaunch][INFO] 2021-12-21 14:17:42,556: master.is_running[http://localhost:11311]
[roslaunch][INFO] 2021-12-21 14:17:42,657: master.is_running[http://localhost:11311]
[roslaunch][INFO] 2021-12-21 14:17:42,757: master.is_running[http://localhost:11311]
[roslaunch][INFO] 2021-12-21 14:17:42,761: master.is_running[http://localhost:11311]
[roslaunch][INFO] 2021-12-21 14:17:42,763: ROS_MASTER_URI=http://localhost:11311
[roslaunch][INFO] 2021-12-21 14:17:42,765: setting /run_id to c298407e-6268-11ec-85fa-7c507959f385
[roslaunch][INFO] 2021-12-21 14:17:42,767: setting /roslaunch/uris/host_fm00351_u__40175' to http://FM00351-u:40175/
[roslaunch][INFO] 2021-12-21 14:17:42,768: ... preparing to launch node of type [rosout/rosout]
[roslaunch][INFO] 2021-12-21 14:17:42,769: create_node_process: package[rosout] type[rosout] machine[Machine(name[] env_loader[None] address[localhost] ssh_port[22] user[None] assignable[True] timeout[10.0])] master_uri[http://localhost:11311]
[roslaunch][INFO] 2021-12-21 14:17:42,769: process[rosout-1]: env[{'ROS_DISTRO': 'melodic', 'ROSLISP_PACKAGE_DIRECTORIES': '/home/ros/catkin_ws/devel/share/common-lisp', 'LD_LIBRARY_PATH': '/home/ros/catkin_ws/devel/lib:/opt/ros/melodic/lib', 'ROS_PACKAGE_PATH': '/home/ros/catkin_ws/src:/opt/ros/melodic/share', 'PATH': '/opt/ros/melodic/bin:/usr/local/sbin:/usr/local/bin:/usr/sbin:/usr/bin:/sbin:/bin', 'CMAKE_PREFIX_PATH': '/home/ros/catkin_ws/devel:/opt/ros/melodic', 'ROS_LOG_FILENAME': '/home/ros/.ros/log/c298407e-6268-11ec-85fa-7c507959f385/roslaunch-FM00351-u-188.log', 'LANG': 'C.UTF-8', 'TERM': 'xterm', 'SHLVL': '1', 'DISPLAY': ':0', 'UNAME': 'ros', 'ROS_ETC_DIR': '/opt/ros/melodic/etc/ros', 'HOME': '/home/ros', 'ROS_PYTHON_VERSION': '2', 'PYTHONPATH': '/home/ros/catkin_ws/devel/lib/python2.7/dist-packages:/opt/ros/melodic/lib/python2.7/dist-packages', 'QT_X11_NO_MITSHM': '1', 'ROS_ROOT': '/opt/ros/melodic/share/ros', 'PKG_CONFIG_PATH': '/home/ros/catkin_ws/devel/lib/pkgconfig:/opt/ros/melodic/lib/pkgconfig', 'LC_ALL': 'C.UTF-8', '_': '/opt/ros/melodic/bin/roslaunch', 'OLDPWD': '/home/ros', 'HOSTNAME': 'FM00351-u', 'PWD': '/home/ros/catkin_ws', 'ROS_MASTER_URI': 'http://localhost:11311', 'ROS_VERSION': '1'}]
[roslaunch][INFO] 2021-12-21 14:17:42,788: process[rosout-1]: args[[u'/opt/ros/melodic/lib/rosout/rosout', u'__name:=rosout']]
[roslaunch][INFO] 2021-12-21 14:17:42,788: ... created process [rosout-1]
[roslaunch.pmon][INFO] 2021-12-21 14:17:42,788: ProcessMonitor.register[rosout-1]
[roslaunch.pmon][INFO] 2021-12-21 14:17:42,788: ProcessMonitor.register[rosout-1] complete
[roslaunch][INFO] 2021-12-21 14:17:42,788: ... registered process [rosout-1]
[roslaunch][INFO] 2021-12-21 14:17:42,788: process[rosout-1]: starting os process
[roslaunch][INFO] 2021-12-21 14:17:42,788: process[rosout-1]: start w/ args [[u'/opt/ros/melodic/lib/rosout/rosout', u'__name:=rosout', u'__log:=/home/ros/.ros/log/c298407e-6268-11ec-85fa-7c507959f385/rosout-1.log']]
[roslaunch][INFO] 2021-12-21 14:17:42,788: process[rosout-1]: cwd will be [/home/ros/.ros]
[roslaunch][INFO] 2021-12-21 14:17:42,853: process[rosout-1]: started with pid [209]
[roslaunch][INFO] 2021-12-21 14:17:42,853: ... successfully launched [rosout-1]
[roslaunch][INFO] 2021-12-21 14:17:42,853: load_parameters starting ...
[roslaunch][INFO] 2021-12-21 14:17:42,855: ... load_parameters complete
[roslaunch][INFO] 2021-12-21 14:17:42,855: launch_nodes: launching local nodes ...
[roslaunch][INFO] 2021-12-21 14:17:42,855: ... preparing to launch node of type [rosserial_arduino/serial_node.py]
[roslaunch][INFO] 2021-12-21 14:17:42,855: create_node_process: package[rosserial_arduino] type[serial_node.py] machine[Machine(name[] env_loader[None] address[localhost] ssh_port[22] user[None] assignable[True] timeout[10.0])] master_uri[http://localhost:11311]
[roslaunch][INFO] 2021-12-21 14:17:42,855: process[sensor/tactile_pressure-2]: env[{'ROS_DISTRO': 'melodic', 'ROSLISP_PACKAGE_DIRECTORIES': '/home/ros/catkin_ws/devel/share/common-lisp', 'LD_LIBRARY_PATH': '/home/ros/catkin_ws/devel/lib:/opt/ros/melodic/lib', 'ROS_PACKAGE_PATH': '/home/ros/catkin_ws/src:/opt/ros/melodic/share', 'PATH': '/opt/ros/melodic/bin:/usr/local/sbin:/usr/local/bin:/usr/sbin:/usr/bin:/sbin:/bin', 'CMAKE_PREFIX_PATH': '/home/ros/catkin_ws/devel:/opt/ros/melodic', 'ROS_LOG_FILENAME': '/home/ros/.ros/log/c298407e-6268-11ec-85fa-7c507959f385/roslaunch-FM00351-u-188.log', 'LANG': 'C.UTF-8', 'TERM': 'xterm', 'SHLVL': '1', 'DISPLAY': ':0', 'UNAME': 'ros', 'ROS_ETC_DIR': '/opt/ros/melodic/etc/ros', 'HOME': '/home/ros', 'ROS_PYTHON_VERSION': '2', 'PYTHONPATH': '/home/ros/catkin_ws/devel/lib/python2.7/dist-packages:/opt/ros/melodic/lib/python2.7/dist-packages', 'QT_X11_NO_MITSHM': '1', 'ROS_ROOT': '/opt/ros/melodic/share/ros', 'PKG_CONFIG_PATH': '/home/ros/catkin_ws/devel/lib/pkgconfig:/opt/ros/melodic/lib/pkgconfig', 'LC_ALL': 'C.UTF-8', 'ROS_NAMESPACE': '/sensor', '_': '/opt/ros/melodic/bin/roslaunch', 'OLDPWD': '/home/ros', 'HOSTNAME': 'FM00351-u', 'PWD': '/home/ros/catkin_ws', 'ROS_MASTER_URI': 'http://localhost:11311', 'ROS_VERSION': '1'}]
[roslaunch][INFO] 2021-12-21 14:17:42,856: process[sensor/tactile_pressure-2]: args[[u'/opt/ros/melodic/share/rosserial_arduino/serial_node.py', u'/sensor/Pressure:=/sensor/pressure_data', u'__name:=tactile_pressure']]
[roslaunch][INFO] 2021-12-21 14:17:42,857: ... created process [sensor/tactile_pressure-2]
[roslaunch.pmon][INFO] 2021-12-21 14:17:42,857: ProcessMonitor.register[sensor/tactile_pressure-2]
[roslaunch.pmon][INFO] 2021-12-21 14:17:42,857: ProcessMonitor.register[sensor/tactile_pressure-2] complete
[roslaunch][INFO] 2021-12-21 14:17:42,857: ... registered process [sensor/tactile_pressure-2]
[roslaunch][INFO] 2021-12-21 14:17:42,857: process[sensor/tactile_pressure-2]: starting os process
[roslaunch][INFO] 2021-12-21 14:17:42,857: process[sensor/tactile_pressure-2]: start w/ args [[u'/opt/ros/melodic/share/rosserial_arduino/serial_node.py', u'/sensor/Pressure:=/sensor/pressure_data', u'__name:=tactile_pressure', u'__log:=/home/ros/.ros/log/c298407e-6268-11ec-85fa-7c507959f385/sensor-tactile_pressure-2.log']]
[roslaunch][INFO] 2021-12-21 14:17:42,857: process[sensor/tactile_pressure-2]: cwd will be [/home/ros/.ros]
[roslaunch][INFO] 2021-12-21 14:17:42,922: process[sensor/tactile_pressure-2]: started with pid [212]
[roslaunch][INFO] 2021-12-21 14:17:42,922: ... successfully launched [sensor/tactile_pressure-2]
[roslaunch][INFO] 2021-12-21 14:17:42,922: ... preparing to launch node of type [tactile_pressure_sensor/pressure_LocAndForceEstimation.py]
[roslaunch][INFO] 2021-12-21 14:17:42,922: create_node_process: package[tactile_pressure_sensor] type[pressure_LocAndForceEstimation.py] machine[Machine(name[] env_loader[None] address[localhost] ssh_port[22] user[None] assignable[True] timeout[10.0])] master_uri[http://localhost:11311]
[roslaunch][INFO] 2021-12-21 14:17:42,922: process[sensor/process_tactile_pressure-3]: env[{'ROS_DISTRO': 'melodic', 'ROSLISP_PACKAGE_DIRECTORIES': '/home/ros/catkin_ws/devel/share/common-lisp', 'LD_LIBRARY_PATH': '/home/ros/catkin_ws/devel/lib:/opt/ros/melodic/lib', 'ROS_PACKAGE_PATH': '/home/ros/catkin_ws/src:/opt/ros/melodic/share', 'PATH': '/opt/ros/melodic/bin:/usr/local/sbin:/usr/local/bin:/usr/sbin:/usr/bin:/sbin:/bin', 'CMAKE_PREFIX_PATH': '/home/ros/catkin_ws/devel:/opt/ros/melodic', 'ROS_LOG_FILENAME': '/home/ros/.ros/log/c298407e-6268-11ec-85fa-7c507959f385/roslaunch-FM00351-u-188.log', 'LANG': 'C.UTF-8', 'TERM': 'xterm', 'SHLVL': '1', 'DISPLAY': ':0', 'UNAME': 'ros', 'ROS_ETC_DIR': '/opt/ros/melodic/etc/ros', 'HOME': '/home/ros', 'ROS_PYTHON_VERSION': '2', 'PYTHONPATH': '/home/ros/catkin_ws/devel/lib/python2.7/dist-packages:/opt/ros/melodic/lib/python2.7/dist-packages', 'QT_X11_NO_MITSHM': '1', 'ROS_ROOT': '/opt/ros/melodic/share/ros', 'PKG_CONFIG_PATH': '/home/ros/catkin_ws/devel/lib/pkgconfig:/opt/ros/melodic/lib/pkgconfig', 'LC_ALL': 'C.UTF-8', 'ROS_NAMESPACE': '/sensor', '_': '/opt/ros/melodic/bin/roslaunch', 'OLDPWD': '/home/ros', 'HOSTNAME': 'FM00351-u', 'PWD': '/home/ros/catkin_ws', 'ROS_MASTER_URI': 'http://localhost:11311', 'ROS_VERSION': '1'}]
[roslaunch][INFO] 2021-12-21 14:17:42,923: process[sensor/process_tactile_pressure-3]: args[[u'/home/ros/catkin_ws/src/tactile_pressure_sensor/src/pressure_LocAndForceEstimation.py', u'/sensor/pressure_data:=/sensor/pressure_data', u'estimated_ForceAndLoc:=/sensor/estimated_ForceAndLoc', u'__name:=process_tactile_pressure']]
[roslaunch][INFO] 2021-12-21 14:17:42,923: ... created process [sensor/process_tactile_pressure-3]
[roslaunch.pmon][INFO] 2021-12-21 14:17:42,923: ProcessMonitor.register[sensor/process_tactile_pressure-3]
[roslaunch.pmon][INFO] 2021-12-21 14:17:42,923: ProcessMonitor.register[sensor/process_tactile_pressure-3] complete
[roslaunch][INFO] 2021-12-21 14:17:42,923: ... registered process [sensor/process_tactile_pressure-3]
[roslaunch][INFO] 2021-12-21 14:17:42,923: process[sensor/process_tactile_pressure-3]: starting os process
[roslaunch][INFO] 2021-12-21 14:17:42,923: process[sensor/process_tactile_pressure-3]: start w/ args [[u'/home/ros/catkin_ws/src/tactile_pressure_sensor/src/pressure_LocAndForceEstimation.py', u'/sensor/pressure_data:=/sensor/pressure_data', u'estimated_ForceAndLoc:=/sensor/estimated_ForceAndLoc', u'__name:=process_tactile_pressure', u'__log:=/home/ros/.ros/log/c298407e-6268-11ec-85fa-7c507959f385/sensor-process_tactile_pressure-3.log']]
[roslaunch][INFO] 2021-12-21 14:17:42,923: process[sensor/process_tactile_pressure-3]: cwd will be [/home/ros/.ros]
[roslaunch][INFO] 2021-12-21 14:17:42,988: process[sensor/process_tactile_pressure-3]: started with pid [217]
[roslaunch][INFO] 2021-12-21 14:17:42,988: ... successfully launched [sensor/process_tactile_pressure-3]
[roslaunch][INFO] 2021-12-21 14:17:42,988: ... launch_nodes complete
[roslaunch.pmon][INFO] 2021-12-21 14:17:42,988: registrations completed <ProcessMonitor(ProcessMonitor-1, started daemon 140425393252096)>
[roslaunch.parent][INFO] 2021-12-21 14:17:42,989: ... roslaunch parent running, waiting for process exit
[roslaunch][INFO] 2021-12-21 14:17:42,989: spin
[roslaunch][INFO] 2021-12-21 14:17:47,191: [sensor/process_tactile_pressure-3] process has finished cleanly
log file: /home/ros/.ros/log/c298407e-6268-11ec-85fa-7c507959f385/sensor-process_tactile_pressure-3*.log
[roslaunch.pmon][INFO] 2021-12-21 14:17:47,191: ProcessMonitor.unregister[sensor/process_tactile_pressure-3] starting
[roslaunch.pmon][INFO] 2021-12-21 14:17:47,191: ProcessMonitor.unregister[sensor/process_tactile_pressure-3] complete
[roslaunch.pmon][INFO] 2021-12-21 14:17:52,965: ProcessMonitor.shutdown <ProcessMonitor(ProcessMonitor-1, started daemon 140425393252096)>
[roslaunch.pmon][INFO] 2021-12-21 14:17:53,009: ProcessMonitor._post_run <ProcessMonitor(ProcessMonitor-1, started daemon 140425393252096)>
[roslaunch.pmon][INFO] 2021-12-21 14:17:53,010: ProcessMonitor._post_run <ProcessMonitor(ProcessMonitor-1, started daemon 140425393252096)>: remaining procs are [<roslaunch.nodeprocess.LocalProcess object at 0x7fb75628dc90>, <roslaunch.nodeprocess.LocalProcess object at 0x7fb755cf0050>, <roslaunch.nodeprocess.LocalProcess object at 0x7fb75628a310>]
[roslaunch.pmon][INFO] 2021-12-21 14:17:53,010: ProcessMonitor exit: killing sensor/tactile_pressure-2
[roslaunch][INFO] 2021-12-21 14:17:53,011: [sensor/tactile_pressure-2] killing on exit
[roslaunch][INFO] 2021-12-21 14:17:53,011: process[sensor/tactile_pressure-2]: killing os process with pid[212] pgid[212]
[roslaunch][INFO] 2021-12-21 14:17:53,012: [sensor/tactile_pressure-2] sending SIGINT to pgid [212]
[roslaunch][INFO] 2021-12-21 14:17:53,012: [sensor/tactile_pressure-2] sent SIGINT to pgid [212]
[roslaunch][INFO] 2021-12-21 14:17:53,213: process[sensor/tactile_pressure-2]: SIGINT killed with return value 0
[roslaunch.pmon][INFO] 2021-12-21 14:17:53,213: ProcessMonitor exit: killing rosout-1
[roslaunch][INFO] 2021-12-21 14:17:53,214: [rosout-1] killing on exit
[roslaunch][INFO] 2021-12-21 14:17:53,214: process[rosout-1]: killing os process with pid[209] pgid[209]
[roslaunch][INFO] 2021-12-21 14:17:53,214: [rosout-1] sending SIGINT to pgid [209]
[roslaunch][INFO] 2021-12-21 14:17:53,214: [rosout-1] sent SIGINT to pgid [209]
[roslaunch][INFO] 2021-12-21 14:17:53,415: process[rosout-1]: SIGINT killed with return value 0
[roslaunch.pmon][INFO] 2021-12-21 14:17:53,415: ProcessMonitor exit: killing master
[roslaunch][INFO] 2021-12-21 14:17:53,416: [master] killing on exit
[roslaunch][INFO] 2021-12-21 14:17:53,416: process[master]: killing os process with pid[198] pgid[198]
[roslaunch][INFO] 2021-12-21 14:17:53,416: [master] sending SIGINT to pgid [198]
[roslaunch][INFO] 2021-12-21 14:17:53,416: [master] sent SIGINT to pgid [198]
[roslaunch][INFO] 2021-12-21 14:17:53,617: process[master]: SIGINT killed with return value 0
[roslaunch.pmon][INFO] 2021-12-21 14:17:53,617: ProcessMonitor exit: cleaning up data structures and signals
[roslaunch.pmon][INFO] 2021-12-21 14:17:53,617: ProcessMonitor exit: pmon has shutdown
[roslaunch][INFO] 2021-12-21 14:17:53,632: process monitor is done spinning, initiating full shutdown
[roslaunch][INFO] 2021-12-21 14:17:53,632: runner.stop()
[roslaunch][INFO] 2021-12-21 14:17:53,632: shutting down processing monitor...
[roslaunch][INFO] 2021-12-21 14:17:53,632: shutting down processing monitor <ProcessMonitor(ProcessMonitor-1, stopped daemon 140425393252096)>
[roslaunch.pmon][INFO] 2021-12-21 14:17:53,632: ProcessMonitor.shutdown <ProcessMonitor(ProcessMonitor-1, stopped daemon 140425393252096)>
[roslaunch][INFO] 2021-12-21 14:17:53,633: ... shutting down processing monitor complete
[roslaunch][INFO] 2021-12-21 14:17:53,633: done
[roslaunch.pmon][INFO] 2021-12-21 14:17:53,633: ProcessMonitor.shutdown <ProcessMonitor(ProcessMonitor-1, stopped daemon 140425393252096)>
[rospy.core][INFO] 2021-12-21 14:17:53,633: signal_shutdown [atexit]
