[rospy.client][INFO] 2021-12-21 14:17:43,081: init_node, name[/sensor/tactile_pressure], pid[212]
[xmlrpc][INFO] 2021-12-21 14:17:43,090: XML-RPC server binding to 0.0.0.0:0
[xmlrpc][INFO] 2021-12-21 14:17:43,090: Started XML-RPC server [http://FM00351-u:34919/]
[rospy.impl.masterslave][INFO] 2021-12-21 14:17:43,091: _ready: http://FM00351-u:34919/
[rospy.init][INFO] 2021-12-21 14:17:43,092: ROS Slave URI: [http://FM00351-u:34919/]
[xmlrpc][INFO] 2021-12-21 14:17:43,095: xml rpc node: starting XML-RPC server
[rospy.registration][INFO] 2021-12-21 14:17:43,095: Registering with master node http://localhost:11311
[rospy.init][INFO] 2021-12-21 14:17:43,192: registered with master
[rospy.rosout][INFO] 2021-12-21 14:17:43,192: initializing /rosout core topic
[rospy.rosout][INFO] 2021-12-21 14:17:43,194: connected to core topic /rosout
[rospy.simtime][INFO] 2021-12-21 14:17:43,195: /use_sim_time is not set, will not subscribe to simulated time [/clock] topic
[rosout][INFO] 2021-12-21 14:17:43,196: ROS Serial Python Node
[rosout][INFO] 2021-12-21 14:17:43,198: Connecting to /dev/ttyUSB0 at 57600 baud
[rosout][ERROR] 2021-12-21 14:17:43,199: Error opening serial: [Errno 13] could not open port /dev/ttyUSB0: [Errno 13] Permission denied: '/dev/ttyUSB0'
[rospy.internal][INFO] 2021-12-21 14:17:43,591: topic[/rosout] adding connection to [/rosout], count 0
[rosout][ERROR] 2021-12-21 14:17:46,204: Error opening serial: [Errno 13] could not open port /dev/ttyUSB0: [Errno 13] Permission denied: '/dev/ttyUSB0'
[rosout][ERROR] 2021-12-21 14:17:49,208: Error opening serial: [Errno 13] could not open port /dev/ttyUSB0: [Errno 13] Permission denied: '/dev/ttyUSB0'
[rosout][ERROR] 2021-12-21 14:17:52,214: Error opening serial: [Errno 13] could not open port /dev/ttyUSB0: [Errno 13] Permission denied: '/dev/ttyUSB0'
[rospy.core][INFO] 2021-12-21 14:17:53,012: signal_shutdown [signal-2]
[rospy.internal][INFO] 2021-12-21 14:17:53,015: topic[/rosout] removing connection to /rosout
[rospy.impl.masterslave][INFO] 2021-12-21 14:17:53,015: signal-2
[rospy.core][INFO] 2021-12-21 14:17:53,118: signal_shutdown [atexit]
