[roslaunch][INFO] 2022-02-14 13:32:18,379: Checking log directory for disk usage. This may take a while.
Press Ctrl-C to interrupt
[roslaunch][INFO] 2022-02-14 13:32:18,382: Done checking log file disk usage. Usage is <1GB.
[roslaunch][INFO] 2022-02-14 13:32:18,382: roslaunch starting with args ['/opt/ros/melodic/bin/roslaunch', 'tactile_pressure_sensor', 'run_tactile_pressure.launch']
[roslaunch][INFO] 2022-02-14 13:32:18,382: roslaunch env is {'ROS_DISTRO': 'melodic', 'ROSLISP_PACKAGE_DIRECTORIES': '/home/ros/catkin_ws/devel/share/common-lisp', 'HOME': '/home/ros', 'PATH': '/opt/ros/melodic/bin:/usr/local/sbin:/usr/local/bin:/usr/sbin:/usr/bin:/sbin:/bin', 'ROS_PACKAGE_PATH': '/home/ros/catkin_ws/src:/opt/ros/melodic/share', 'CMAKE_PREFIX_PATH': '/home/ros/catkin_ws/devel:/opt/ros/melodic', 'LD_LIBRARY_PATH': '/home/ros/catkin_ws/devel/lib:/opt/ros/melodic/lib', 'LANG': 'C.UTF-8', 'TERM': 'xterm', 'ROS_LOG_FILENAME': '/home/ros/.ros/log/87b8095a-8d9a-11ec-b6de-7c507959f385/roslaunch-FM00351-u-567.log', 'SHLVL': '1', 'DISPLAY': ':0', 'UNAME': 'ros', 'ROS_MASTER_URI': 'http://localhost:11311', 'ROS_PYTHON_VERSION': '2', 'PYTHONPATH': '/home/ros/catkin_ws/devel/lib/python2.7/dist-packages:/opt/ros/melodic/lib/python2.7/dist-packages', 'QT_X11_NO_MITSHM': '1', 'ROS_ROOT': '/opt/ros/melodic/share/ros', 'PKG_CONFIG_PATH': '/home/ros/catkin_ws/devel/lib/pkgconfig:/opt/ros/melodic/lib/pkgconfig', 'LC_ALL': 'C.UTF-8', '_': '/opt/ros/melodic/bin/roslaunch', 'HOSTNAME': 'FM00351-u', 'PWD': '/home/ros', 'ROS_ETC_DIR': '/opt/ros/melodic/etc/ros', 'ROS_VERSION': '1'}
[roslaunch][INFO] 2022-02-14 13:32:18,382: starting in server mode
[roslaunch.parent][INFO] 2022-02-14 13:32:18,382: starting roslaunch parent run
[roslaunch][INFO] 2022-02-14 13:32:18,382: loading roscore config file /opt/ros/melodic/etc/ros/roscore.xml
[roslaunch][INFO] 2022-02-14 13:32:18,678: Added core node of type [rosout/rosout] in namespace [/]
[roslaunch.config][INFO] 2022-02-14 13:32:18,678: loading config file /home/ros/catkin_ws/src/tactile_pressure_sensor/launch/run_tactile_pressure.launch
[roslaunch][INFO] 2022-02-14 13:32:18,678: Added node of type [rosserial_arduino/serial_node.py] in namespace [/sensor/]
[roslaunch][INFO] 2022-02-14 13:32:18,679: Added node of type [tactile_pressure_sensor/pressure_LocAndForceEstimation.py] in namespace [/sensor/]
[roslaunch][INFO] 2022-02-14 13:32:18,679: ... selected machine [] for node of type [rosserial_arduino/serial_node.py]
[roslaunch][INFO] 2022-02-14 13:32:18,679: ... selected machine [] for node of type [tactile_pressure_sensor/pressure_LocAndForceEstimation.py]
[roslaunch.pmon][INFO] 2022-02-14 13:32:18,679: start_process_monitor: creating ProcessMonitor
[roslaunch.pmon][INFO] 2022-02-14 13:32:18,679: created process monitor <ProcessMonitor(ProcessMonitor-1, initial daemon)>
[roslaunch.pmon][INFO] 2022-02-14 13:32:18,679: start_process_monitor: ProcessMonitor started
[roslaunch.parent][INFO] 2022-02-14 13:32:18,679: starting parent XML-RPC server
[roslaunch.server][INFO] 2022-02-14 13:32:18,680: starting roslaunch XML-RPC server
[roslaunch.server][INFO] 2022-02-14 13:32:18,680: waiting for roslaunch XML-RPC server to initialize
[xmlrpc][INFO] 2022-02-14 13:32:18,680: XML-RPC server binding to 0.0.0.0:0
[xmlrpc][INFO] 2022-02-14 13:32:18,680: Started XML-RPC server [http://FM00351-u:37901/]
[xmlrpc][INFO] 2022-02-14 13:32:18,680: xml rpc node: starting XML-RPC server
[roslaunch][INFO] 2022-02-14 13:32:18,692: started roslaunch server http://FM00351-u:37901/
[roslaunch.parent][INFO] 2022-02-14 13:32:18,692: ... parent XML-RPC server started
[roslaunch][INFO] 2022-02-14 13:32:18,692: master.is_running[http://localhost:11311]
[roslaunch][INFO] 2022-02-14 13:32:18,692: auto-starting new master
[roslaunch][INFO] 2022-02-14 13:32:18,692: create_master_process: rosmaster, /opt/ros/melodic/share/ros, 11311, 3, None, False
[roslaunch][INFO] 2022-02-14 13:32:18,692: process[master]: launching with args [['rosmaster', '--core', '-p', '11311', '-w', '3']]
[roslaunch.pmon][INFO] 2022-02-14 13:32:18,692: ProcessMonitor.register[master]
[roslaunch.pmon][INFO] 2022-02-14 13:32:18,692: ProcessMonitor.register[master] complete
[roslaunch][INFO] 2022-02-14 13:32:18,692: process[master]: starting os process
[roslaunch][INFO] 2022-02-14 13:32:18,692: process[master]: start w/ args [['rosmaster', '--core', '-p', '11311', '-w', '3', '__log:=/home/ros/.ros/log/87b8095a-8d9a-11ec-b6de-7c507959f385/master.log']]
[roslaunch][INFO] 2022-02-14 13:32:18,692: process[master]: cwd will be [/home/ros/.ros]
[roslaunch][INFO] 2022-02-14 13:32:18,757: process[master]: started with pid [577]
[roslaunch][INFO] 2022-02-14 13:32:18,757: master.is_running[http://localhost:11311]
[roslaunch][INFO] 2022-02-14 13:32:18,858: master.is_running[http://localhost:11311]
[roslaunch][INFO] 2022-02-14 13:32:18,958: master.is_running[http://localhost:11311]
[roslaunch][INFO] 2022-02-14 13:32:18,961: master.is_running[http://localhost:11311]
[roslaunch][INFO] 2022-02-14 13:32:18,962: ROS_MASTER_URI=http://localhost:11311
[roslaunch][INFO] 2022-02-14 13:32:18,964: setting /run_id to 87b8095a-8d9a-11ec-b6de-7c507959f385
[roslaunch][INFO] 2022-02-14 13:32:18,965: setting /roslaunch/uris/host_fm00351_u__37901' to http://FM00351-u:37901/
[roslaunch][INFO] 2022-02-14 13:32:18,968: ... preparing to launch node of type [rosout/rosout]
[roslaunch][INFO] 2022-02-14 13:32:18,968: create_node_process: package[rosout] type[rosout] machine[Machine(name[] env_loader[None] address[localhost] ssh_port[22] user[None] assignable[True] timeout[10.0])] master_uri[http://localhost:11311]
[roslaunch][INFO] 2022-02-14 13:32:18,968: process[rosout-1]: env[{'ROS_DISTRO': 'melodic', 'ROSLISP_PACKAGE_DIRECTORIES': '/home/ros/catkin_ws/devel/share/common-lisp', 'LD_LIBRARY_PATH': '/home/ros/catkin_ws/devel/lib:/opt/ros/melodic/lib', 'ROS_PACKAGE_PATH': '/home/ros/catkin_ws/src:/opt/ros/melodic/share', 'PATH': '/opt/ros/melodic/bin:/usr/local/sbin:/usr/local/bin:/usr/sbin:/usr/bin:/sbin:/bin', 'CMAKE_PREFIX_PATH': '/home/ros/catkin_ws/devel:/opt/ros/melodic', 'ROS_LOG_FILENAME': '/home/ros/.ros/log/87b8095a-8d9a-11ec-b6de-7c507959f385/roslaunch-FM00351-u-567.log', 'LANG': 'C.UTF-8', 'TERM': 'xterm', 'SHLVL': '1', 'DISPLAY': ':0', 'UNAME': 'ros', 'ROS_ETC_DIR': '/opt/ros/melodic/etc/ros', 'HOME': '/home/ros', 'ROS_PYTHON_VERSION': '2', 'PYTHONPATH': '/home/ros/catkin_ws/devel/lib/python2.7/dist-packages:/opt/ros/melodic/lib/python2.7/dist-packages', 'QT_X11_NO_MITSHM': '1', 'ROS_ROOT': '/opt/ros/melodic/share/ros', 'PKG_CONFIG_PATH': '/home/ros/catkin_ws/devel/lib/pkgconfig:/opt/ros/melodic/lib/pkgconfig', 'LC_ALL': 'C.UTF-8', '_': '/opt/ros/melodic/bin/roslaunch', 'HOSTNAME': 'FM00351-u', 'PWD': '/home/ros', 'ROS_MASTER_URI': 'http://localhost:11311', 'ROS_VERSION': '1'}]
[roslaunch][INFO] 2022-02-14 13:32:19,169: process[rosout-1]: args[[u'/opt/ros/melodic/lib/rosout/rosout', u'__name:=rosout']]
[roslaunch][INFO] 2022-02-14 13:32:19,169: ... created process [rosout-1]
[roslaunch.pmon][INFO] 2022-02-14 13:32:19,169: ProcessMonitor.register[rosout-1]
[roslaunch.pmon][INFO] 2022-02-14 13:32:19,169: ProcessMonitor.register[rosout-1] complete
[roslaunch][INFO] 2022-02-14 13:32:19,169: ... registered process [rosout-1]
[roslaunch][INFO] 2022-02-14 13:32:19,169: process[rosout-1]: starting os process
[roslaunch][INFO] 2022-02-14 13:32:19,169: process[rosout-1]: start w/ args [[u'/opt/ros/melodic/lib/rosout/rosout', u'__name:=rosout', u'__log:=/home/ros/.ros/log/87b8095a-8d9a-11ec-b6de-7c507959f385/rosout-1.log']]
[roslaunch][INFO] 2022-02-14 13:32:19,169: process[rosout-1]: cwd will be [/home/ros/.ros]
[roslaunch][INFO] 2022-02-14 13:32:19,233: process[rosout-1]: started with pid [588]
[roslaunch][INFO] 2022-02-14 13:32:19,233: ... successfully launched [rosout-1]
[roslaunch][INFO] 2022-02-14 13:32:19,233: load_parameters starting ...
[roslaunch][INFO] 2022-02-14 13:32:19,235: ... load_parameters complete
[roslaunch][INFO] 2022-02-14 13:32:19,235: launch_nodes: launching local nodes ...
[roslaunch][INFO] 2022-02-14 13:32:19,235: ... preparing to launch node of type [rosserial_arduino/serial_node.py]
[roslaunch][INFO] 2022-02-14 13:32:19,235: create_node_process: package[rosserial_arduino] type[serial_node.py] machine[Machine(name[] env_loader[None] address[localhost] ssh_port[22] user[None] assignable[True] timeout[10.0])] master_uri[http://localhost:11311]
[roslaunch][INFO] 2022-02-14 13:32:19,235: process[sensor/tactile_pressure-2]: env[{'ROS_DISTRO': 'melodic', 'ROSLISP_PACKAGE_DIRECTORIES': '/home/ros/catkin_ws/devel/share/common-lisp', 'LD_LIBRARY_PATH': '/home/ros/catkin_ws/devel/lib:/opt/ros/melodic/lib', 'ROS_PACKAGE_PATH': '/home/ros/catkin_ws/src:/opt/ros/melodic/share', 'PATH': '/opt/ros/melodic/bin:/usr/local/sbin:/usr/local/bin:/usr/sbin:/usr/bin:/sbin:/bin', 'CMAKE_PREFIX_PATH': '/home/ros/catkin_ws/devel:/opt/ros/melodic', 'ROS_LOG_FILENAME': '/home/ros/.ros/log/87b8095a-8d9a-11ec-b6de-7c507959f385/roslaunch-FM00351-u-567.log', 'LANG': 'C.UTF-8', 'TERM': 'xterm', 'SHLVL': '1', 'DISPLAY': ':0', 'UNAME': 'ros', 'ROS_ETC_DIR': '/opt/ros/melodic/etc/ros', 'HOME': '/home/ros', 'ROS_PYTHON_VERSION': '2', 'PYTHONPATH': '/home/ros/catkin_ws/devel/lib/python2.7/dist-packages:/opt/ros/melodic/lib/python2.7/dist-packages', 'QT_X11_NO_MITSHM': '1', 'ROS_ROOT': '/opt/ros/melodic/share/ros', 'PKG_CONFIG_PATH': '/home/ros/catkin_ws/devel/lib/pkgconfig:/opt/ros/melodic/lib/pkgconfig', 'LC_ALL': 'C.UTF-8', 'ROS_NAMESPACE': '/sensor', '_': '/opt/ros/melodic/bin/roslaunch', 'HOSTNAME': 'FM00351-u', 'PWD': '/home/ros', 'ROS_MASTER_URI': 'http://localhost:11311', 'ROS_VERSION': '1'}]
[roslaunch][INFO] 2022-02-14 13:32:19,236: process[sensor/tactile_pressure-2]: args[[u'/home/ros/catkin_ws/src/rosserial/rosserial_arduino/nodes/serial_node.py', u'/sensor/Pressure:=/sensor/pressure_data', u'__name:=tactile_pressure']]
[roslaunch][INFO] 2022-02-14 13:32:19,237: ... created process [sensor/tactile_pressure-2]
[roslaunch.pmon][INFO] 2022-02-14 13:32:19,237: ProcessMonitor.register[sensor/tactile_pressure-2]
[roslaunch.pmon][INFO] 2022-02-14 13:32:19,237: ProcessMonitor.register[sensor/tactile_pressure-2] complete
[roslaunch][INFO] 2022-02-14 13:32:19,237: ... registered process [sensor/tactile_pressure-2]
[roslaunch][INFO] 2022-02-14 13:32:19,237: process[sensor/tactile_pressure-2]: starting os process
[roslaunch][INFO] 2022-02-14 13:32:19,237: process[sensor/tactile_pressure-2]: start w/ args [[u'/home/ros/catkin_ws/src/rosserial/rosserial_arduino/nodes/serial_node.py', u'/sensor/Pressure:=/sensor/pressure_data', u'__name:=tactile_pressure', u'__log:=/home/ros/.ros/log/87b8095a-8d9a-11ec-b6de-7c507959f385/sensor-tactile_pressure-2.log']]
[roslaunch][INFO] 2022-02-14 13:32:19,237: process[sensor/tactile_pressure-2]: cwd will be [/home/ros/.ros]
[roslaunch][INFO] 2022-02-14 13:32:19,301: process[sensor/tactile_pressure-2]: started with pid [591]
[roslaunch][INFO] 2022-02-14 13:32:19,301: ... successfully launched [sensor/tactile_pressure-2]
[roslaunch][INFO] 2022-02-14 13:32:19,301: ... preparing to launch node of type [tactile_pressure_sensor/pressure_LocAndForceEstimation.py]
[roslaunch][INFO] 2022-02-14 13:32:19,301: create_node_process: package[tactile_pressure_sensor] type[pressure_LocAndForceEstimation.py] machine[Machine(name[] env_loader[None] address[localhost] ssh_port[22] user[None] assignable[True] timeout[10.0])] master_uri[http://localhost:11311]
[roslaunch][INFO] 2022-02-14 13:32:19,301: process[sensor/process_tactile_pressure-3]: env[{'ROS_DISTRO': 'melodic', 'ROSLISP_PACKAGE_DIRECTORIES': '/home/ros/catkin_ws/devel/share/common-lisp', 'LD_LIBRARY_PATH': '/home/ros/catkin_ws/devel/lib:/opt/ros/melodic/lib', 'ROS_PACKAGE_PATH': '/home/ros/catkin_ws/src:/opt/ros/melodic/share', 'PATH': '/opt/ros/melodic/bin:/usr/local/sbin:/usr/local/bin:/usr/sbin:/usr/bin:/sbin:/bin', 'CMAKE_PREFIX_PATH': '/home/ros/catkin_ws/devel:/opt/ros/melodic', 'ROS_LOG_FILENAME': '/home/ros/.ros/log/87b8095a-8d9a-11ec-b6de-7c507959f385/roslaunch-FM00351-u-567.log', 'LANG': 'C.UTF-8', 'TERM': 'xterm', 'SHLVL': '1', 'DISPLAY': ':0', 'UNAME': 'ros', 'ROS_ETC_DIR': '/opt/ros/melodic/etc/ros', 'HOME': '/home/ros', 'ROS_PYTHON_VERSION': '2', 'PYTHONPATH': '/home/ros/catkin_ws/devel/lib/python2.7/dist-packages:/opt/ros/melodic/lib/python2.7/dist-packages', 'QT_X11_NO_MITSHM': '1', 'ROS_ROOT': '/opt/ros/melodic/share/ros', 'PKG_CONFIG_PATH': '/home/ros/catkin_ws/devel/lib/pkgconfig:/opt/ros/melodic/lib/pkgconfig', 'LC_ALL': 'C.UTF-8', 'ROS_NAMESPACE': '/sensor', '_': '/opt/ros/melodic/bin/roslaunch', 'HOSTNAME': 'FM00351-u', 'PWD': '/home/ros', 'ROS_MASTER_URI': 'http://localhost:11311', 'ROS_VERSION': '1'}]
[roslaunch][INFO] 2022-02-14 13:32:19,302: process[sensor/process_tactile_pressure-3]: args[[u'/home/ros/catkin_ws/src/tactile_pressure_sensor/src/pressure_LocAndForceEstimation.py', u'/sensor/pressure_data:=/sensor/pressure_data', u'estimated_ForceAndLoc:=/sensor/estimated_ForceAndLoc', u'__name:=process_tactile_pressure']]
[roslaunch][INFO] 2022-02-14 13:32:19,302: ... created process [sensor/process_tactile_pressure-3]
[roslaunch.pmon][INFO] 2022-02-14 13:32:19,302: ProcessMonitor.register[sensor/process_tactile_pressure-3]
[roslaunch.pmon][INFO] 2022-02-14 13:32:19,302: ProcessMonitor.register[sensor/process_tactile_pressure-3] complete
[roslaunch][INFO] 2022-02-14 13:32:19,302: ... registered process [sensor/process_tactile_pressure-3]
[roslaunch][INFO] 2022-02-14 13:32:19,302: process[sensor/process_tactile_pressure-3]: starting os process
[roslaunch][INFO] 2022-02-14 13:32:19,302: process[sensor/process_tactile_pressure-3]: start w/ args [[u'/home/ros/catkin_ws/src/tactile_pressure_sensor/src/pressure_LocAndForceEstimation.py', u'/sensor/pressure_data:=/sensor/pressure_data', u'estimated_ForceAndLoc:=/sensor/estimated_ForceAndLoc', u'__name:=process_tactile_pressure', u'__log:=/home/ros/.ros/log/87b8095a-8d9a-11ec-b6de-7c507959f385/sensor-process_tactile_pressure-3.log']]
[roslaunch][INFO] 2022-02-14 13:32:19,302: process[sensor/process_tactile_pressure-3]: cwd will be [/home/ros/.ros]
[roslaunch][INFO] 2022-02-14 13:32:19,366: process[sensor/process_tactile_pressure-3]: started with pid [596]
[roslaunch][INFO] 2022-02-14 13:32:19,367: ... successfully launched [sensor/process_tactile_pressure-3]
[roslaunch][INFO] 2022-02-14 13:32:19,367: ... launch_nodes complete
[roslaunch.pmon][INFO] 2022-02-14 13:32:19,367: registrations completed <ProcessMonitor(ProcessMonitor-1, started daemon 140291266877184)>
[roslaunch.parent][INFO] 2022-02-14 13:32:19,367: ... roslaunch parent running, waiting for process exit
[roslaunch][INFO] 2022-02-14 13:32:19,367: spin
[roslaunch][INFO] 2022-02-14 13:32:23,594: [sensor/process_tactile_pressure-3] process has finished cleanly
log file: /home/ros/.ros/log/87b8095a-8d9a-11ec-b6de-7c507959f385/sensor-process_tactile_pressure-3*.log
[roslaunch.pmon][INFO] 2022-02-14 13:32:23,594: ProcessMonitor.unregister[sensor/process_tactile_pressure-3] starting
[roslaunch.pmon][INFO] 2022-02-14 13:32:23,594: ProcessMonitor.unregister[sensor/process_tactile_pressure-3] complete
[roslaunch.pmon][INFO] 2022-02-14 13:32:27,562: ProcessMonitor.shutdown <ProcessMonitor(ProcessMonitor-1, started daemon 140291266877184)>
[roslaunch.pmon][INFO] 2022-02-14 13:32:27,608: ProcessMonitor._post_run <ProcessMonitor(ProcessMonitor-1, started daemon 140291266877184)>
[roslaunch.pmon][INFO] 2022-02-14 13:32:27,609: ProcessMonitor._post_run <ProcessMonitor(ProcessMonitor-1, started daemon 140291266877184)>: remaining procs are [<roslaunch.nodeprocess.LocalProcess object at 0x7f981b4adfd0>, <roslaunch.nodeprocess.LocalProcess object at 0x7f981ba4de10>, <roslaunch.nodeprocess.LocalProcess object at 0x7f981b94b8d0>]
[roslaunch.pmon][INFO] 2022-02-14 13:32:27,609: ProcessMonitor exit: killing sensor/tactile_pressure-2
[roslaunch][INFO] 2022-02-14 13:32:27,610: [sensor/tactile_pressure-2] killing on exit
[roslaunch][INFO] 2022-02-14 13:32:27,611: process[sensor/tactile_pressure-2]: killing os process with pid[591] pgid[591]
[roslaunch][INFO] 2022-02-14 13:32:27,612: [sensor/tactile_pressure-2] sending SIGINT to pgid [591]
[roslaunch][INFO] 2022-02-14 13:32:27,612: [sensor/tactile_pressure-2] sent SIGINT to pgid [591]
[roslaunch][INFO] 2022-02-14 13:32:27,813: process[sensor/tactile_pressure-2]: SIGINT killed with return value 0
[roslaunch.pmon][INFO] 2022-02-14 13:32:27,813: ProcessMonitor exit: killing rosout-1
[roslaunch][INFO] 2022-02-14 13:32:27,813: [rosout-1] killing on exit
[roslaunch][INFO] 2022-02-14 13:32:27,813: process[rosout-1]: killing os process with pid[588] pgid[588]
[roslaunch][INFO] 2022-02-14 13:32:27,814: [rosout-1] sending SIGINT to pgid [588]
[roslaunch][INFO] 2022-02-14 13:32:27,814: [rosout-1] sent SIGINT to pgid [588]
[roslaunch][INFO] 2022-02-14 13:32:27,914: process[rosout-1]: SIGINT killed with return value 0
[roslaunch.pmon][INFO] 2022-02-14 13:32:27,914: ProcessMonitor exit: killing master
[roslaunch][INFO] 2022-02-14 13:32:27,914: [master] killing on exit
[roslaunch][INFO] 2022-02-14 13:32:27,915: process[master]: killing os process with pid[577] pgid[577]
[roslaunch][INFO] 2022-02-14 13:32:27,915: [master] sending SIGINT to pgid [577]
[roslaunch][INFO] 2022-02-14 13:32:27,915: [master] sent SIGINT to pgid [577]
[roslaunch][INFO] 2022-02-14 13:32:28,116: process[master]: SIGINT killed with return value 0
[roslaunch.pmon][INFO] 2022-02-14 13:32:28,116: ProcessMonitor exit: cleaning up data structures and signals
[roslaunch.pmon][INFO] 2022-02-14 13:32:28,116: ProcessMonitor exit: pmon has shutdown
[roslaunch][INFO] 2022-02-14 13:32:28,128: process monitor is done spinning, initiating full shutdown
[roslaunch][INFO] 2022-02-14 13:32:28,129: runner.stop()
[roslaunch][INFO] 2022-02-14 13:32:28,129: shutting down processing monitor...
[roslaunch][INFO] 2022-02-14 13:32:28,129: shutting down processing monitor <ProcessMonitor(ProcessMonitor-1, stopped daemon 140291266877184)>
[roslaunch.pmon][INFO] 2022-02-14 13:32:28,129: ProcessMonitor.shutdown <ProcessMonitor(ProcessMonitor-1, stopped daemon 140291266877184)>
[roslaunch][INFO] 2022-02-14 13:32:28,129: ... shutting down processing monitor complete
[roslaunch][INFO] 2022-02-14 13:32:28,129: done
[roslaunch.pmon][INFO] 2022-02-14 13:32:28,129: ProcessMonitor.shutdown <ProcessMonitor(ProcessMonitor-1, stopped daemon 140291266877184)>
[rospy.core][INFO] 2022-02-14 13:32:28,130: signal_shutdown [atexit]
