[rospy.client][INFO] 2022-02-14 13:32:19,527: init_node, name[/sensor/tactile_pressure], pid[591]
[xmlrpc][INFO] 2022-02-14 13:32:19,527: XML-RPC server binding to 0.0.0.0:0
[xmlrpc][INFO] 2022-02-14 13:32:19,528: Started XML-RPC server [http://FM00351-u:39137/]
[rospy.init][INFO] 2022-02-14 13:32:19,528: ROS Slave URI: [http://FM00351-u:39137/]
[rospy.impl.masterslave][INFO] 2022-02-14 13:32:19,528: _ready: http://FM00351-u:39137/
[xmlrpc][INFO] 2022-02-14 13:32:19,528: xml rpc node: starting XML-RPC server
[rospy.registration][INFO] 2022-02-14 13:32:19,528: Registering with master node http://localhost:11311
[rospy.init][INFO] 2022-02-14 13:32:19,628: registered with master
[rospy.rosout][INFO] 2022-02-14 13:32:19,628: initializing /rosout core topic
[rospy.rosout][INFO] 2022-02-14 13:32:19,634: connected to core topic /rosout
[rospy.simtime][INFO] 2022-02-14 13:32:19,635: /use_sim_time is not set, will not subscribe to simulated time [/clock] topic
[rosout][INFO] 2022-02-14 13:32:19,638: ROS Serial Python Node
[rosout][INFO] 2022-02-14 13:32:19,640: Connecting to /dev/ttyACM0 at 57600 baud
[rosout][ERROR] 2022-02-14 13:32:19,642: Error opening serial: [Errno 21] could not open port /dev/ttyACM0: [Errno 21] Is a directory: '/dev/ttyACM0'
[rospy.internal][INFO] 2022-02-14 13:32:19,950: topic[/rosout] adding connection to [/rosout], count 0
[rosout][ERROR] 2022-02-14 13:32:22,647: Error opening serial: [Errno 21] could not open port /dev/ttyACM0: [Errno 21] Is a directory: '/dev/ttyACM0'
[rosout][ERROR] 2022-02-14 13:32:25,653: Error opening serial: [Errno 21] could not open port /dev/ttyACM0: [Errno 21] Is a directory: '/dev/ttyACM0'
[rospy.core][INFO] 2022-02-14 13:32:27,612: signal_shutdown [signal-2]
[rospy.internal][INFO] 2022-02-14 13:32:27,616: topic[/rosout] removing connection to /rosout
[rospy.impl.masterslave][INFO] 2022-02-14 13:32:27,616: signal-2
[rospy.core][INFO] 2022-02-14 13:32:27,781: signal_shutdown [atexit]
