[rospy.client][INFO] 2022-02-14 15:28:47,181: init_node, name[/sensor/tactile_pressure], pid[2913]
[xmlrpc][INFO] 2022-02-14 15:28:47,181: XML-RPC server binding to 0.0.0.0:0
[xmlrpc][INFO] 2022-02-14 15:28:47,181: Started XML-RPC server [http://FM00351-u:36579/]
[rospy.init][INFO] 2022-02-14 15:28:47,181: ROS Slave URI: [http://FM00351-u:36579/]
[rospy.impl.masterslave][INFO] 2022-02-14 15:28:47,181: _ready: http://FM00351-u:36579/
[rospy.registration][INFO] 2022-02-14 15:28:47,182: Registering with master node http://localhost:11311
[xmlrpc][INFO] 2022-02-14 15:28:47,182: xml rpc node: starting XML-RPC server
[rospy.init][INFO] 2022-02-14 15:28:47,282: registered with master
[rospy.rosout][INFO] 2022-02-14 15:28:47,282: initializing /rosout core topic
[rospy.rosout][INFO] 2022-02-14 15:28:47,283: connected to core topic /rosout
[rospy.simtime][INFO] 2022-02-14 15:28:47,284: /use_sim_time is not set, will not subscribe to simulated time [/clock] topic
[rosout][INFO] 2022-02-14 15:28:47,285: ROS Serial Python Node
[rosout][INFO] 2022-02-14 15:28:47,288: Connecting to /dev/ttyACM0 at 57600 baud
[rosout][ERROR] 2022-02-14 15:28:47,290: Error opening serial: [Errno 21] could not open port /dev/ttyACM0: [Errno 21] Is a directory: '/dev/ttyACM0'
[rospy.internal][INFO] 2022-02-14 15:28:47,501: topic[/rosout] adding connection to [/rosout], count 0
[rosout][ERROR] 2022-02-14 15:28:50,294: Error opening serial: [Errno 21] could not open port /dev/ttyACM0: [Errno 21] Is a directory: '/dev/ttyACM0'
[rosout][ERROR] 2022-02-14 15:28:53,303: Error opening serial: [Errno 21] could not open port /dev/ttyACM0: [Errno 21] Is a directory: '/dev/ttyACM0'
[rospy.core][INFO] 2022-02-14 15:28:54,864: signal_shutdown [signal-2]
[rospy.internal][INFO] 2022-02-14 15:28:54,870: topic[/rosout] removing connection to /rosout
[rospy.impl.masterslave][INFO] 2022-02-14 15:28:54,870: signal-2
[rospy.core][INFO] 2022-02-14 15:28:55,003: signal_shutdown [atexit]
