[rosmaster.main][INFO] 2022-02-23 11:06:30,166: initialization complete, waiting for shutdown
[rosmaster.main][INFO] 2022-02-23 11:06:30,167: Starting ROS Master Node
[xmlrpc][INFO] 2022-02-23 11:06:30,168: XML-RPC server binding to 0.0.0.0:11311
[xmlrpc][INFO] 2022-02-23 11:06:30,168: Started XML-RPC server [http://FM00351-u:11311/]
[rosmaster.master][INFO] 2022-02-23 11:06:30,168: Master initialized: port[11311], uri[http://FM00351-u:11311/]
[xmlrpc][INFO] 2022-02-23 11:06:30,168: xml rpc node: starting XML-RPC server
[rosmaster.master][INFO] 2022-02-23 11:06:30,189: +PARAM [/run_id] by /roslaunch
[rosmaster.master][INFO] 2022-02-23 11:06:30,190: +PARAM [/roslaunch/uris/host_fm00351_u__42857] by /roslaunch
[rosmaster.master][INFO] 2022-02-23 11:06:30,468: +PARAM [/rosversion] by /roslaunch
[rosmaster.master][INFO] 2022-02-23 11:06:30,468: +PARAM [/rosdistro] by /roslaunch
[rosmaster.master][INFO] 2022-02-23 11:06:30,473: +SERVICE [/rosout/get_loggers] /rosout http://FM00351-u:43847/
[rosmaster.master][INFO] 2022-02-23 11:06:30,474: +SERVICE [/rosout/set_logger_level] /rosout http://FM00351-u:43847/
[rosmaster.master][INFO] 2022-02-23 11:06:30,474: +PUB [/rosout_agg] /rosout http://FM00351-u:43847/
[rosmaster.master][INFO] 2022-02-23 11:06:30,476: +SUB [/rosout] /rosout http://FM00351-u:43847/
[rosmaster.master][INFO] 2022-02-23 11:06:31,088: +PUB [/rosout] /Robotiq2FGripperSlipController http://FM00351-u:33237/
[rosmaster.master][INFO] 2022-02-23 11:06:31,092: +SERVICE [/Robotiq2FGripperSlipController/get_loggers] /Robotiq2FGripperSlipController http://FM00351-u:33237/
[rosmaster.master][INFO] 2022-02-23 11:06:31,094: +SERVICE [/Robotiq2FGripperSlipController/set_logger_level] /Robotiq2FGripperSlipController http://FM00351-u:33237/
[rosmaster.master][INFO] 2022-02-23 11:06:31,095: +PUB [/Robotiq2FGripperRobotOutput] /Robotiq2FGripperSlipController http://FM00351-u:33237/
[rosmaster.master][INFO] 2022-02-23 11:06:31,124: +PUB [/rosout] /Robotiq2FGripperRtuNode http://FM00351-u:35673/
[rosmaster.master][INFO] 2022-02-23 11:06:31,129: +SERVICE [/Robotiq2FGripperRtuNode/get_loggers] /Robotiq2FGripperRtuNode http://FM00351-u:35673/
[rosmaster.master][INFO] 2022-02-23 11:06:31,131: +SERVICE [/Robotiq2FGripperRtuNode/set_logger_level] /Robotiq2FGripperRtuNode http://FM00351-u:35673/
[rosmaster.master][INFO] 2022-02-23 11:06:31,132: +PUB [/Robotiq2FGripperRobotInput] /Robotiq2FGripperRtuNode http://FM00351-u:35673/
[rosmaster.master][INFO] 2022-02-23 11:06:31,136: +SUB [/Robotiq2FGripperRobotOutput] /Robotiq2FGripperRtuNode http://FM00351-u:35673/
[rosmaster.master][INFO] 2022-02-23 11:06:31,169: publisherUpdate[/rosout] -> http://FM00351-u:43847/ ['http://FM00351-u:33237/']
[rosmaster.master][INFO] 2022-02-23 11:06:31,191: publisherUpdate[/rosout] -> http://FM00351-u:43847/ ['http://FM00351-u:33237/']: sec=0.02, result=[1, '', 0]
[rosmaster.master][INFO] 2022-02-23 11:06:31,191: publisherUpdate[/rosout] -> http://FM00351-u:43847/ ['http://FM00351-u:33237/', 'http://FM00351-u:35673/']
[rosmaster.master][INFO] 2022-02-23 11:06:31,192: publisherUpdate[/rosout] -> http://FM00351-u:43847/ ['http://FM00351-u:33237/', 'http://FM00351-u:35673/']: sec=0.00, result=[1, '', 0]
[rosmaster.master][INFO] 2022-02-23 11:07:09,913: -PUB [/rosout] /Robotiq2FGripperSlipController http://FM00351-u:33237/
[rosmaster.master][INFO] 2022-02-23 11:07:09,913: -PUB [/Robotiq2FGripperRobotOutput] /Robotiq2FGripperSlipController http://FM00351-u:33237/
[rosmaster.master][INFO] 2022-02-23 11:07:09,913: -SERVICE [/Robotiq2FGripperSlipController/get_loggers] /Robotiq2FGripperSlipController rosrpc://FM00351-u:43549
[rosmaster.master][INFO] 2022-02-23 11:07:09,914: -SERVICE [/Robotiq2FGripperSlipController/set_logger_level] /Robotiq2FGripperSlipController rosrpc://FM00351-u:43549
[rosmaster.master][INFO] 2022-02-23 11:07:09,915: -SUB [/Robotiq2FGripperRobotOutput] /Robotiq2FGripperRtuNode http://FM00351-u:35673/
[rosmaster.master][INFO] 2022-02-23 11:07:09,916: -PUB [/Robotiq2FGripperRobotInput] /Robotiq2FGripperRtuNode http://FM00351-u:35673/
[rosmaster.master][INFO] 2022-02-23 11:07:09,916: -PUB [/rosout] /Robotiq2FGripperRtuNode http://FM00351-u:35673/
[rosmaster.master][INFO] 2022-02-23 11:07:09,916: -SERVICE [/Robotiq2FGripperRtuNode/get_loggers] /Robotiq2FGripperRtuNode rosrpc://FM00351-u:33211
[rosmaster.master][INFO] 2022-02-23 11:07:09,916: -SERVICE [/Robotiq2FGripperRtuNode/set_logger_level] /Robotiq2FGripperRtuNode rosrpc://FM00351-u:33211
[rosmaster.master][INFO] 2022-02-23 11:07:09,949: publisherUpdate[/Robotiq2FGripperRobotOutput] -> http://FM00351-u:35673/ []
[rosmaster.master][INFO] 2022-02-23 11:07:09,949: publisherUpdate[/rosout] -> http://FM00351-u:43847/ ['http://FM00351-u:35673/']
[rosmaster.master][INFO] 2022-02-23 11:07:09,961: publisherUpdate[/rosout] -> http://FM00351-u:43847/ ['http://FM00351-u:35673/']: sec=0.01, result=[1, '', 0]
[rosmaster.master][INFO] 2022-02-23 11:07:09,961: publisherUpdate[/rosout] -> http://FM00351-u:43847/ []
[rosmaster.master][INFO] 2022-02-23 11:07:09,961: publisherUpdate[/rosout] -> http://FM00351-u:43847/ []: sec=0.00, result=[1, '', 0]
[rosmaster.master][INFO] 2022-02-23 11:07:10,070: publisherUpdate[/Robotiq2FGripperRobotOutput] -> http://FM00351-u:35673/ []: sec=0.12, exception=[Errno 111] Connection refused
[rosmaster.threadpool][ERROR] 2022-02-23 11:07:10,070: Traceback (most recent call last):
  File "/opt/ros/melodic/lib/python2.7/dist-packages/rosmaster/threadpool.py", line 218, in run
    result = cmd(*args)
  File "/opt/ros/melodic/lib/python2.7/dist-packages/rosmaster/master_api.py", line 210, in publisher_update_task
    ret = xmlrpcapi(api).publisherUpdate('/master', topic, pub_uris)
  File "/usr/lib/python2.7/xmlrpclib.py", line 1243, in __call__
    return self.__send(self.__name, args)
  File "/usr/lib/python2.7/xmlrpclib.py", line 1602, in __request
    verbose=self.__verbose
  File "/usr/lib/python2.7/xmlrpclib.py", line 1283, in request
    return self.single_request(host, handler, request_body, verbose)
  File "/usr/lib/python2.7/xmlrpclib.py", line 1311, in single_request
    self.send_content(h, request_body)
  File "/usr/lib/python2.7/xmlrpclib.py", line 1459, in send_content
    connection.endheaders(request_body)
  File "/usr/lib/python2.7/httplib.py", line 1095, in endheaders
    self._send_output(message_body)
  File "/usr/lib/python2.7/httplib.py", line 898, in _send_output
    self.send(msg)
  File "/usr/lib/python2.7/httplib.py", line 860, in send
    self.connect()
  File "/usr/lib/python2.7/httplib.py", line 837, in connect
    self.timeout, self.source_address)
  File "/usr/lib/python2.7/socket.py", line 575, in create_connection
    raise err
error: [Errno 111] Connection refused

[rosmaster.master][INFO] 2022-02-23 11:07:10,763: -PUB [/rosout_agg] /rosout http://FM00351-u:43847/
[rosmaster.master][INFO] 2022-02-23 11:07:10,764: -SUB [/rosout] /rosout http://FM00351-u:43847/
[rosmaster.master][INFO] 2022-02-23 11:07:10,764: -SERVICE [/rosout/get_loggers] /rosout rosrpc://FM00351-u:58897
[rosmaster.master][INFO] 2022-02-23 11:07:10,764: -SERVICE [/rosout/set_logger_level] /rosout rosrpc://FM00351-u:58897
[rosmaster.main][INFO] 2022-02-23 11:07:10,816: keyboard interrupt, will exit
[rosmaster.main][INFO] 2022-02-23 11:07:10,817: stopping master...
[rospy.core][INFO] 2022-02-23 11:07:10,817: signal_shutdown [atexit]
