[rospy.client][INFO] 2022-02-23 11:06:31,019: init_node, name[/Robotiq2FGripperRtuNode], pid[12028]
[xmlrpc][INFO] 2022-02-23 11:06:31,020: XML-RPC server binding to 0.0.0.0:0
[xmlrpc][INFO] 2022-02-23 11:06:31,020: Started XML-RPC server [http://FM00351-u:35673/]
[rospy.init][INFO] 2022-02-23 11:06:31,020: ROS Slave URI: [http://FM00351-u:35673/]
[rospy.impl.masterslave][INFO] 2022-02-23 11:06:31,021: _ready: http://FM00351-u:35673/
[xmlrpc][INFO] 2022-02-23 11:06:31,021: xml rpc node: starting XML-RPC server
[rospy.registration][INFO] 2022-02-23 11:06:31,022: Registering with master node http://localhost:11311
[rospy.init][INFO] 2022-02-23 11:06:31,121: registered with master
[rospy.rosout][INFO] 2022-02-23 11:06:31,122: initializing /rosout core topic
[rospy.rosout][INFO] 2022-02-23 11:06:31,126: connected to core topic /rosout
[rospy.simtime][INFO] 2022-02-23 11:06:31,127: /use_sim_time is not set, will not subscribe to simulated time [/clock] topic
[rospy.internal][INFO] 2022-02-23 11:06:31,189: topic[/Robotiq2FGripperRobotOutput] adding connection to [http://FM00351-u:33237/], count 0
[rospy.internal][INFO] 2022-02-23 11:06:31,394: topic[/rosout] adding connection to [/rosout], count 0
[rospy.core][INFO] 2022-02-23 11:07:09,913: signal_shutdown [signal-2]
[rospy.internal][INFO] 2022-02-23 11:07:09,918: topic[/rosout] removing connection to /rosout
[rospy.internal][INFO] 2022-02-23 11:07:09,918: topic[/Robotiq2FGripperRobotOutput] removing connection to http://FM00351-u:33237/
[rospy.impl.masterslave][INFO] 2022-02-23 11:07:09,918: signal-2
[rospy.internal][WARNING] 2022-02-23 11:07:09,919: Unknown error initiating TCP/IP socket to FM00351-u:43549 (http://FM00351-u:33237/): Traceback (most recent call last):
  File "/opt/ros/melodic/lib/python2.7/dist-packages/rospy/impl/tcpros_base.py", line 562, in connect
    self.read_header()
  File "/opt/ros/melodic/lib/python2.7/dist-packages/rospy/impl/tcpros_base.py", line 657, in read_header
    self._validate_header(read_ros_handshake_header(sock, self.read_buff, self.protocol.buff_size))
  File "/opt/ros/melodic/lib/python2.7/dist-packages/rosgraph/network.py", line 359, in read_ros_handshake_header
    raise ROSHandshakeException("connection from sender terminated before handshake header received. %s bytes were received. Please check sender for additional details."%b.tell())
ROSHandshakeException: connection from sender terminated before handshake header received. 0 bytes were received. Please check sender for additional details.

[rospy.core][INFO] 2022-02-23 11:07:10,037: signal_shutdown [atexit]
