[roslaunch][INFO] 2022-02-23 11:06:29,576: Checking log directory for disk usage. This may take a while.
Press Ctrl-C to interrupt
[roslaunch][INFO] 2022-02-23 11:06:29,579: Done checking log file disk usage. Usage is <1GB.
[roslaunch][INFO] 2022-02-23 11:06:29,579: roslaunch starting with args ['/opt/ros/melodic/bin/roslaunch', 'fm_gripper_module', 'fm_gripper_module.launch']
[roslaunch][INFO] 2022-02-23 11:06:29,580: roslaunch env is {'ROS_DISTRO': 'melodic', 'ROSLISP_PACKAGE_DIRECTORIES': '/home/ros/catkin_ws/devel/share/common-lisp', 'HOME': '/home/ros', 'PATH': '/opt/ros/melodic/bin:/usr/local/sbin:/usr/local/bin:/usr/sbin:/usr/bin:/sbin:/bin', 'ROS_PACKAGE_PATH': '/home/ros/catkin_ws/src:/opt/ros/melodic/share', 'CMAKE_PREFIX_PATH': '/home/ros/catkin_ws/devel:/opt/ros/melodic', 'LD_LIBRARY_PATH': '/home/ros/catkin_ws/devel/lib:/opt/ros/melodic/lib', 'LANG': 'C.UTF-8', 'TERM': 'xterm', 'ROS_LOG_FILENAME': '/home/ros/.ros/log/a6be09ee-9498-11ec-9155-7c507959f385/roslaunch-FM00351-u-12004.log', 'SHLVL': '1', 'DISPLAY': ':0', 'UNAME': 'ros', 'ROS_MASTER_URI': 'http://localhost:11311', 'ROS_PYTHON_VERSION': '2', 'PYTHONPATH': '/home/ros/catkin_ws/devel/lib/python2.7/dist-packages:/opt/ros/melodic/lib/python2.7/dist-packages', 'QT_X11_NO_MITSHM': '1', 'ROS_ROOT': '/opt/ros/melodic/share/ros', 'PKG_CONFIG_PATH': '/home/ros/catkin_ws/devel/lib/pkgconfig:/opt/ros/melodic/lib/pkgconfig', 'LC_ALL': 'C.UTF-8', '_': '/opt/ros/melodic/bin/roslaunch', 'OLDPWD': '/home/ros', 'HOSTNAME': 'FM00351-u', 'PWD': '/home/ros/catkin_ws', 'ROS_ETC_DIR': '/opt/ros/melodic/etc/ros', 'ROS_VERSION': '1'}
[roslaunch][INFO] 2022-02-23 11:06:29,580: starting in server mode
[roslaunch.parent][INFO] 2022-02-23 11:06:29,580: starting roslaunch parent run
[roslaunch][INFO] 2022-02-23 11:06:29,580: loading roscore config file /opt/ros/melodic/etc/ros/roscore.xml
[roslaunch][INFO] 2022-02-23 11:06:29,898: Added core node of type [rosout/rosout] in namespace [/]
[roslaunch.config][INFO] 2022-02-23 11:06:29,898: loading config file /home/ros/catkin_ws/src/fm_gripper_module/launch/fm_gripper_module.launch
[roslaunch][INFO] 2022-02-23 11:06:29,898: Added node of type [robotiq_2f_gripper_control/Robotiq2FGripperRtuNode.py] in namespace [/]
[roslaunch][INFO] 2022-02-23 11:06:29,898: Added node of type [fm_gripper_module/Robotiq2FGripperSlipController.py] in namespace [/]
[roslaunch][INFO] 2022-02-23 11:06:29,899: Added node of type [fm_gripper_module/gripper_action_server.py] in namespace [/]
[roslaunch][INFO] 2022-02-23 11:06:29,899: ... selected machine [] for node of type [robotiq_2f_gripper_control/Robotiq2FGripperRtuNode.py]
[roslaunch][INFO] 2022-02-23 11:06:29,899: ... selected machine [] for node of type [fm_gripper_module/Robotiq2FGripperSlipController.py]
[roslaunch][INFO] 2022-02-23 11:06:29,899: ... selected machine [] for node of type [fm_gripper_module/gripper_action_server.py]
[roslaunch.pmon][INFO] 2022-02-23 11:06:29,899: start_process_monitor: creating ProcessMonitor
[roslaunch.pmon][INFO] 2022-02-23 11:06:29,899: created process monitor <ProcessMonitor(ProcessMonitor-1, initial daemon)>
[roslaunch.pmon][INFO] 2022-02-23 11:06:29,900: start_process_monitor: ProcessMonitor started
[roslaunch.parent][INFO] 2022-02-23 11:06:29,900: starting parent XML-RPC server
[roslaunch.server][INFO] 2022-02-23 11:06:29,900: starting roslaunch XML-RPC server
[roslaunch.server][INFO] 2022-02-23 11:06:29,900: waiting for roslaunch XML-RPC server to initialize
[xmlrpc][INFO] 2022-02-23 11:06:29,900: XML-RPC server binding to 0.0.0.0:0
[xmlrpc][INFO] 2022-02-23 11:06:29,900: Started XML-RPC server [http://FM00351-u:42857/]
[xmlrpc][INFO] 2022-02-23 11:06:29,900: xml rpc node: starting XML-RPC server
[roslaunch][INFO] 2022-02-23 11:06:29,912: started roslaunch server http://FM00351-u:42857/
[roslaunch.parent][INFO] 2022-02-23 11:06:29,912: ... parent XML-RPC server started
[roslaunch][INFO] 2022-02-23 11:06:29,912: master.is_running[http://localhost:11311]
[roslaunch][INFO] 2022-02-23 11:06:29,912: auto-starting new master
[roslaunch][INFO] 2022-02-23 11:06:29,912: create_master_process: rosmaster, /opt/ros/melodic/share/ros, 11311, 3, None, False
[roslaunch][INFO] 2022-02-23 11:06:29,912: process[master]: launching with args [['rosmaster', '--core', '-p', '11311', '-w', '3']]
[roslaunch.pmon][INFO] 2022-02-23 11:06:29,913: ProcessMonitor.register[master]
[roslaunch.pmon][INFO] 2022-02-23 11:06:29,913: ProcessMonitor.register[master] complete
[roslaunch][INFO] 2022-02-23 11:06:29,913: process[master]: starting os process
[roslaunch][INFO] 2022-02-23 11:06:29,913: process[master]: start w/ args [['rosmaster', '--core', '-p', '11311', '-w', '3', '__log:=/home/ros/.ros/log/a6be09ee-9498-11ec-9155-7c507959f385/master.log']]
[roslaunch][INFO] 2022-02-23 11:06:29,913: process[master]: cwd will be [/home/ros/.ros]
[roslaunch][INFO] 2022-02-23 11:06:29,982: process[master]: started with pid [12014]
[roslaunch][INFO] 2022-02-23 11:06:29,983: master.is_running[http://localhost:11311]
[roslaunch][INFO] 2022-02-23 11:06:30,084: master.is_running[http://localhost:11311]
[roslaunch][INFO] 2022-02-23 11:06:30,185: master.is_running[http://localhost:11311]
[roslaunch][INFO] 2022-02-23 11:06:30,186: master.is_running[http://localhost:11311]
[roslaunch][INFO] 2022-02-23 11:06:30,188: ROS_MASTER_URI=http://localhost:11311
[roslaunch][INFO] 2022-02-23 11:06:30,189: setting /run_id to a6be09ee-9498-11ec-9155-7c507959f385
[roslaunch][INFO] 2022-02-23 11:06:30,189: setting /roslaunch/uris/host_fm00351_u__42857' to http://FM00351-u:42857/
[roslaunch][INFO] 2022-02-23 11:06:30,191: ... preparing to launch node of type [rosout/rosout]
[roslaunch][INFO] 2022-02-23 11:06:30,191: create_node_process: package[rosout] type[rosout] machine[Machine(name[] env_loader[None] address[localhost] ssh_port[22] user[None] assignable[True] timeout[10.0])] master_uri[http://localhost:11311]
[roslaunch][INFO] 2022-02-23 11:06:30,191: process[rosout-1]: env[{'ROS_DISTRO': 'melodic', 'ROSLISP_PACKAGE_DIRECTORIES': '/home/ros/catkin_ws/devel/share/common-lisp', 'LD_LIBRARY_PATH': '/home/ros/catkin_ws/devel/lib:/opt/ros/melodic/lib', 'ROS_PACKAGE_PATH': '/home/ros/catkin_ws/src:/opt/ros/melodic/share', 'PATH': '/opt/ros/melodic/bin:/usr/local/sbin:/usr/local/bin:/usr/sbin:/usr/bin:/sbin:/bin', 'CMAKE_PREFIX_PATH': '/home/ros/catkin_ws/devel:/opt/ros/melodic', 'ROS_LOG_FILENAME': '/home/ros/.ros/log/a6be09ee-9498-11ec-9155-7c507959f385/roslaunch-FM00351-u-12004.log', 'LANG': 'C.UTF-8', 'TERM': 'xterm', 'SHLVL': '1', 'DISPLAY': ':0', 'UNAME': 'ros', 'ROS_ETC_DIR': '/opt/ros/melodic/etc/ros', 'HOME': '/home/ros', 'ROS_PYTHON_VERSION': '2', 'PYTHONPATH': '/home/ros/catkin_ws/devel/lib/python2.7/dist-packages:/opt/ros/melodic/lib/python2.7/dist-packages', 'QT_X11_NO_MITSHM': '1', 'ROS_ROOT': '/opt/ros/melodic/share/ros', 'PKG_CONFIG_PATH': '/home/ros/catkin_ws/devel/lib/pkgconfig:/opt/ros/melodic/lib/pkgconfig', 'LC_ALL': 'C.UTF-8', '_': '/opt/ros/melodic/bin/roslaunch', 'OLDPWD': '/home/ros', 'HOSTNAME': 'FM00351-u', 'PWD': '/home/ros/catkin_ws', 'ROS_MASTER_URI': 'http://localhost:11311', 'ROS_VERSION': '1'}]
[roslaunch][INFO] 2022-02-23 11:06:30,399: process[rosout-1]: args[[u'/opt/ros/melodic/lib/rosout/rosout', u'__name:=rosout']]
[roslaunch][INFO] 2022-02-23 11:06:30,399: ... created process [rosout-1]
[roslaunch.pmon][INFO] 2022-02-23 11:06:30,399: ProcessMonitor.register[rosout-1]
[roslaunch.pmon][INFO] 2022-02-23 11:06:30,399: ProcessMonitor.register[rosout-1] complete
[roslaunch][INFO] 2022-02-23 11:06:30,399: ... registered process [rosout-1]
[roslaunch][INFO] 2022-02-23 11:06:30,399: process[rosout-1]: starting os process
[roslaunch][INFO] 2022-02-23 11:06:30,399: process[rosout-1]: start w/ args [[u'/opt/ros/melodic/lib/rosout/rosout', u'__name:=rosout', u'__log:=/home/ros/.ros/log/a6be09ee-9498-11ec-9155-7c507959f385/rosout-1.log']]
[roslaunch][INFO] 2022-02-23 11:06:30,399: process[rosout-1]: cwd will be [/home/ros/.ros]
[roslaunch][INFO] 2022-02-23 11:06:30,466: process[rosout-1]: started with pid [12025]
[roslaunch][INFO] 2022-02-23 11:06:30,466: ... successfully launched [rosout-1]
[roslaunch][INFO] 2022-02-23 11:06:30,466: load_parameters starting ...
[roslaunch][INFO] 2022-02-23 11:06:30,469: ... load_parameters complete
[roslaunch][INFO] 2022-02-23 11:06:30,469: launch_nodes: launching local nodes ...
[roslaunch][INFO] 2022-02-23 11:06:30,469: ... preparing to launch node of type [robotiq_2f_gripper_control/Robotiq2FGripperRtuNode.py]
[roslaunch][INFO] 2022-02-23 11:06:30,469: create_node_process: package[robotiq_2f_gripper_control] type[Robotiq2FGripperRtuNode.py] machine[Machine(name[] env_loader[None] address[localhost] ssh_port[22] user[None] assignable[True] timeout[10.0])] master_uri[http://localhost:11311]
[roslaunch][INFO] 2022-02-23 11:06:30,469: process[Robotiq2FGripperRtuNode-2]: env[{'ROS_DISTRO': 'melodic', 'ROSLISP_PACKAGE_DIRECTORIES': '/home/ros/catkin_ws/devel/share/common-lisp', 'LD_LIBRARY_PATH': '/home/ros/catkin_ws/devel/lib:/opt/ros/melodic/lib', 'ROS_PACKAGE_PATH': '/home/ros/catkin_ws/src:/opt/ros/melodic/share', 'PATH': '/opt/ros/melodic/bin:/usr/local/sbin:/usr/local/bin:/usr/sbin:/usr/bin:/sbin:/bin', 'CMAKE_PREFIX_PATH': '/home/ros/catkin_ws/devel:/opt/ros/melodic', 'ROS_LOG_FILENAME': '/home/ros/.ros/log/a6be09ee-9498-11ec-9155-7c507959f385/roslaunch-FM00351-u-12004.log', 'LANG': 'C.UTF-8', 'TERM': 'xterm', 'SHLVL': '1', 'DISPLAY': ':0', 'UNAME': 'ros', 'ROS_ETC_DIR': '/opt/ros/melodic/etc/ros', 'HOME': '/home/ros', 'ROS_PYTHON_VERSION': '2', 'PYTHONPATH': '/home/ros/catkin_ws/devel/lib/python2.7/dist-packages:/opt/ros/melodic/lib/python2.7/dist-packages', 'QT_X11_NO_MITSHM': '1', 'ROS_ROOT': '/opt/ros/melodic/share/ros', 'PKG_CONFIG_PATH': '/home/ros/catkin_ws/devel/lib/pkgconfig:/opt/ros/melodic/lib/pkgconfig', 'LC_ALL': 'C.UTF-8', '_': '/opt/ros/melodic/bin/roslaunch', 'OLDPWD': '/home/ros', 'HOSTNAME': 'FM00351-u', 'PWD': '/home/ros/catkin_ws', 'ROS_MASTER_URI': 'http://localhost:11311', 'ROS_VERSION': '1'}]
[roslaunch][INFO] 2022-02-23 11:06:30,470: process[Robotiq2FGripperRtuNode-2]: args[[u'/home/ros/catkin_ws/src/robotiq/robotiq_2f_gripper_control/nodes/Robotiq2FGripperRtuNode.py', '/dev/ttyUSB0', u'__name:=Robotiq2FGripperRtuNode']]
[roslaunch][INFO] 2022-02-23 11:06:30,470: ... created process [Robotiq2FGripperRtuNode-2]
[roslaunch.pmon][INFO] 2022-02-23 11:06:30,470: ProcessMonitor.register[Robotiq2FGripperRtuNode-2]
[roslaunch.pmon][INFO] 2022-02-23 11:06:30,470: ProcessMonitor.register[Robotiq2FGripperRtuNode-2] complete
[roslaunch][INFO] 2022-02-23 11:06:30,470: ... registered process [Robotiq2FGripperRtuNode-2]
[roslaunch][INFO] 2022-02-23 11:06:30,470: process[Robotiq2FGripperRtuNode-2]: starting os process
[roslaunch][INFO] 2022-02-23 11:06:30,470: process[Robotiq2FGripperRtuNode-2]: start w/ args [[u'/home/ros/catkin_ws/src/robotiq/robotiq_2f_gripper_control/nodes/Robotiq2FGripperRtuNode.py', '/dev/ttyUSB0', u'__name:=Robotiq2FGripperRtuNode', u'__log:=/home/ros/.ros/log/a6be09ee-9498-11ec-9155-7c507959f385/Robotiq2FGripperRtuNode-2.log']]
[roslaunch][INFO] 2022-02-23 11:06:30,470: process[Robotiq2FGripperRtuNode-2]: cwd will be [/home/ros/.ros]
[roslaunch][INFO] 2022-02-23 11:06:30,537: process[Robotiq2FGripperRtuNode-2]: started with pid [12028]
[roslaunch][INFO] 2022-02-23 11:06:30,537: ... successfully launched [Robotiq2FGripperRtuNode-2]
[roslaunch][INFO] 2022-02-23 11:06:30,537: ... preparing to launch node of type [fm_gripper_module/Robotiq2FGripperSlipController.py]
[roslaunch][INFO] 2022-02-23 11:06:30,537: create_node_process: package[fm_gripper_module] type[Robotiq2FGripperSlipController.py] machine[Machine(name[] env_loader[None] address[localhost] ssh_port[22] user[None] assignable[True] timeout[10.0])] master_uri[http://localhost:11311]
[roslaunch][INFO] 2022-02-23 11:06:30,537: process[Robotiq2FGripperSlipController-3]: env[{'ROS_DISTRO': 'melodic', 'ROSLISP_PACKAGE_DIRECTORIES': '/home/ros/catkin_ws/devel/share/common-lisp', 'LD_LIBRARY_PATH': '/home/ros/catkin_ws/devel/lib:/opt/ros/melodic/lib', 'ROS_PACKAGE_PATH': '/home/ros/catkin_ws/src:/opt/ros/melodic/share', 'PATH': '/opt/ros/melodic/bin:/usr/local/sbin:/usr/local/bin:/usr/sbin:/usr/bin:/sbin:/bin', 'CMAKE_PREFIX_PATH': '/home/ros/catkin_ws/devel:/opt/ros/melodic', 'ROS_LOG_FILENAME': '/home/ros/.ros/log/a6be09ee-9498-11ec-9155-7c507959f385/roslaunch-FM00351-u-12004.log', 'LANG': 'C.UTF-8', 'TERM': 'xterm', 'SHLVL': '1', 'DISPLAY': ':0', 'UNAME': 'ros', 'ROS_ETC_DIR': '/opt/ros/melodic/etc/ros', 'HOME': '/home/ros', 'ROS_PYTHON_VERSION': '2', 'PYTHONPATH': '/home/ros/catkin_ws/devel/lib/python2.7/dist-packages:/opt/ros/melodic/lib/python2.7/dist-packages', 'QT_X11_NO_MITSHM': '1', 'ROS_ROOT': '/opt/ros/melodic/share/ros', 'PKG_CONFIG_PATH': '/home/ros/catkin_ws/devel/lib/pkgconfig:/opt/ros/melodic/lib/pkgconfig', 'LC_ALL': 'C.UTF-8', '_': '/opt/ros/melodic/bin/roslaunch', 'OLDPWD': '/home/ros', 'HOSTNAME': 'FM00351-u', 'PWD': '/home/ros/catkin_ws', 'ROS_MASTER_URI': 'http://localhost:11311', 'ROS_VERSION': '1'}]
[roslaunch][INFO] 2022-02-23 11:06:30,538: process[Robotiq2FGripperSlipController-3]: args[[u'/home/ros/catkin_ws/src/fm_gripper_module/src/Robotiq2FGripperSlipController.py', u'__name:=Robotiq2FGripperSlipController']]
[roslaunch][INFO] 2022-02-23 11:06:30,538: ... created process [Robotiq2FGripperSlipController-3]
[roslaunch.pmon][INFO] 2022-02-23 11:06:30,538: ProcessMonitor.register[Robotiq2FGripperSlipController-3]
[roslaunch.pmon][INFO] 2022-02-23 11:06:30,538: ProcessMonitor.register[Robotiq2FGripperSlipController-3] complete
[roslaunch][INFO] 2022-02-23 11:06:30,538: ... registered process [Robotiq2FGripperSlipController-3]
[roslaunch][INFO] 2022-02-23 11:06:30,538: process[Robotiq2FGripperSlipController-3]: starting os process
[roslaunch][INFO] 2022-02-23 11:06:30,538: process[Robotiq2FGripperSlipController-3]: start w/ args [[u'/home/ros/catkin_ws/src/fm_gripper_module/src/Robotiq2FGripperSlipController.py', u'__name:=Robotiq2FGripperSlipController', u'__log:=/home/ros/.ros/log/a6be09ee-9498-11ec-9155-7c507959f385/Robotiq2FGripperSlipController-3.log']]
[roslaunch][INFO] 2022-02-23 11:06:30,538: process[Robotiq2FGripperSlipController-3]: cwd will be [/home/ros/.ros]
[roslaunch][INFO] 2022-02-23 11:06:30,608: process[Robotiq2FGripperSlipController-3]: started with pid [12033]
[roslaunch][INFO] 2022-02-23 11:06:30,608: ... successfully launched [Robotiq2FGripperSlipController-3]
[roslaunch][INFO] 2022-02-23 11:06:30,608: ... preparing to launch node of type [fm_gripper_module/gripper_action_server.py]
[roslaunch][INFO] 2022-02-23 11:06:30,608: create_node_process: package[fm_gripper_module] type[gripper_action_server.py] machine[Machine(name[] env_loader[None] address[localhost] ssh_port[22] user[None] assignable[True] timeout[10.0])] master_uri[http://localhost:11311]
[roslaunch][INFO] 2022-02-23 11:06:30,608: process[gripper_action_server-4]: env[{'ROS_DISTRO': 'melodic', 'ROSLISP_PACKAGE_DIRECTORIES': '/home/ros/catkin_ws/devel/share/common-lisp', 'LD_LIBRARY_PATH': '/home/ros/catkin_ws/devel/lib:/opt/ros/melodic/lib', 'ROS_PACKAGE_PATH': '/home/ros/catkin_ws/src:/opt/ros/melodic/share', 'PATH': '/opt/ros/melodic/bin:/usr/local/sbin:/usr/local/bin:/usr/sbin:/usr/bin:/sbin:/bin', 'CMAKE_PREFIX_PATH': '/home/ros/catkin_ws/devel:/opt/ros/melodic', 'ROS_LOG_FILENAME': '/home/ros/.ros/log/a6be09ee-9498-11ec-9155-7c507959f385/roslaunch-FM00351-u-12004.log', 'LANG': 'C.UTF-8', 'TERM': 'xterm', 'SHLVL': '1', 'DISPLAY': ':0', 'UNAME': 'ros', 'ROS_ETC_DIR': '/opt/ros/melodic/etc/ros', 'HOME': '/home/ros', 'ROS_PYTHON_VERSION': '2', 'PYTHONPATH': '/home/ros/catkin_ws/devel/lib/python2.7/dist-packages:/opt/ros/melodic/lib/python2.7/dist-packages', 'QT_X11_NO_MITSHM': '1', 'ROS_ROOT': '/opt/ros/melodic/share/ros', 'PKG_CONFIG_PATH': '/home/ros/catkin_ws/devel/lib/pkgconfig:/opt/ros/melodic/lib/pkgconfig', 'LC_ALL': 'C.UTF-8', '_': '/opt/ros/melodic/bin/roslaunch', 'OLDPWD': '/home/ros', 'HOSTNAME': 'FM00351-u', 'PWD': '/home/ros/catkin_ws', 'ROS_MASTER_URI': 'http://localhost:11311', 'ROS_VERSION': '1'}]
[roslaunch][ERROR] 2022-02-23 11:06:30,609: Cannot locate node of type [gripper_action_server.py] in package [fm_gripper_module]. Make sure file exists in package path and permission is set to executable (chmod +x)
[roslaunch][ERROR] 2022-02-23 11:06:30,609: ERROR: cannot launch node of type [fm_gripper_module/gripper_action_server.py]: Cannot locate node of type [gripper_action_server.py] in package [fm_gripper_module]. Make sure file exists in package path and permission is set to executable (chmod +x)
[roslaunch][INFO] 2022-02-23 11:06:30,609: ... launch_nodes complete
[roslaunch.pmon][INFO] 2022-02-23 11:06:30,609: registrations completed <ProcessMonitor(ProcessMonitor-1, started daemon 140187385874176)>
[roslaunch.parent][INFO] 2022-02-23 11:06:30,609: ... roslaunch parent running, waiting for process exit
[roslaunch][INFO] 2022-02-23 11:06:30,609: spin
[roslaunch.pmon][INFO] 2022-02-23 11:07:09,873: ProcessMonitor.shutdown <ProcessMonitor(ProcessMonitor-1, started daemon 140187385874176)>
[roslaunch.pmon][INFO] 2022-02-23 11:07:09,908: ProcessMonitor._post_run <ProcessMonitor(ProcessMonitor-1, started daemon 140187385874176)>
[roslaunch.pmon][INFO] 2022-02-23 11:07:09,909: ProcessMonitor._post_run <ProcessMonitor(ProcessMonitor-1, started daemon 140187385874176)>: remaining procs are [<roslaunch.nodeprocess.LocalProcess object at 0x7f7feb817c50>, <roslaunch.nodeprocess.LocalProcess object at 0x7f7febca2390>, <roslaunch.nodeprocess.LocalProcess object at 0x7f7feb817f50>, <roslaunch.nodeprocess.LocalProcess object at 0x7f7feb817e10>]
[roslaunch.pmon][INFO] 2022-02-23 11:07:09,909: ProcessMonitor exit: killing Robotiq2FGripperSlipController-3
[roslaunch][INFO] 2022-02-23 11:07:09,910: [Robotiq2FGripperSlipController-3] killing on exit
[roslaunch][INFO] 2022-02-23 11:07:09,910: process[Robotiq2FGripperSlipController-3]: killing os process with pid[12033] pgid[12033]
[roslaunch][INFO] 2022-02-23 11:07:09,910: [Robotiq2FGripperSlipController-3] sending SIGINT to pgid [12033]
[roslaunch][INFO] 2022-02-23 11:07:09,911: [Robotiq2FGripperSlipController-3] sent SIGINT to pgid [12033]
[roslaunch.pmon][INFO] 2022-02-23 11:07:09,911: ProcessMonitor exit: killing Robotiq2FGripperRtuNode-2
[roslaunch][INFO] 2022-02-23 11:07:09,912: [Robotiq2FGripperRtuNode-2] killing on exit
[roslaunch][INFO] 2022-02-23 11:07:09,912: process[Robotiq2FGripperRtuNode-2]: killing os process with pid[12028] pgid[12028]
[roslaunch][INFO] 2022-02-23 11:07:09,912: [Robotiq2FGripperRtuNode-2] sending SIGINT to pgid [12028]
[roslaunch][INFO] 2022-02-23 11:07:09,913: [Robotiq2FGripperRtuNode-2] sent SIGINT to pgid [12028]
[roslaunch][INFO] 2022-02-23 11:07:10,113: process[Robotiq2FGripperRtuNode-2]: SIGINT killed with return value 0
[roslaunch][INFO] 2022-02-23 11:07:10,713: process[Robotiq2FGripperSlipController-3]: SIGINT killed with return value 0
[roslaunch.pmon][INFO] 2022-02-23 11:07:10,714: ProcessMonitor exit: killing rosout-1
[roslaunch][INFO] 2022-02-23 11:07:10,714: [rosout-1] killing on exit
[roslaunch][INFO] 2022-02-23 11:07:10,715: process[rosout-1]: killing os process with pid[12025] pgid[12025]
[roslaunch][INFO] 2022-02-23 11:07:10,715: [rosout-1] sending SIGINT to pgid [12025]
[roslaunch][INFO] 2022-02-23 11:07:10,715: [rosout-1] sent SIGINT to pgid [12025]
[roslaunch][INFO] 2022-02-23 11:07:10,815: process[rosout-1]: SIGINT killed with return value 0
[roslaunch.pmon][INFO] 2022-02-23 11:07:10,816: ProcessMonitor exit: killing master
[roslaunch][INFO] 2022-02-23 11:07:10,816: [master] killing on exit
[roslaunch][INFO] 2022-02-23 11:07:10,816: process[master]: killing os process with pid[12014] pgid[12014]
[roslaunch][INFO] 2022-02-23 11:07:10,816: [master] sending SIGINT to pgid [12014]
[roslaunch][INFO] 2022-02-23 11:07:10,816: [master] sent SIGINT to pgid [12014]
[roslaunch][INFO] 2022-02-23 11:07:11,017: process[master]: SIGINT killed with return value 0
[roslaunch.pmon][INFO] 2022-02-23 11:07:11,017: ProcessMonitor exit: cleaning up data structures and signals
[roslaunch.pmon][INFO] 2022-02-23 11:07:11,018: ProcessMonitor exit: pmon has shutdown
[roslaunch][INFO] 2022-02-23 11:07:11,026: process monitor is done spinning, initiating full shutdown
[roslaunch][INFO] 2022-02-23 11:07:11,026: runner.stop()
[roslaunch][INFO] 2022-02-23 11:07:11,026: shutting down processing monitor...
[roslaunch][INFO] 2022-02-23 11:07:11,026: shutting down processing monitor <ProcessMonitor(ProcessMonitor-1, stopped daemon 140187385874176)>
[roslaunch.pmon][INFO] 2022-02-23 11:07:11,026: ProcessMonitor.shutdown <ProcessMonitor(ProcessMonitor-1, stopped daemon 140187385874176)>
[roslaunch][INFO] 2022-02-23 11:07:11,027: ... shutting down processing monitor complete
[roslaunch][INFO] 2022-02-23 11:07:11,027: done
[roslaunch.pmon][INFO] 2022-02-23 11:07:11,027: ProcessMonitor.shutdown <ProcessMonitor(ProcessMonitor-1, stopped daemon 140187385874176)>
[rospy.core][INFO] 2022-02-23 11:07:11,027: signal_shutdown [atexit]
