[roslaunch][INFO] 2022-02-14 15:34:23,063: Checking log directory for disk usage. This may take a while.
Press Ctrl-C to interrupt
[roslaunch][INFO] 2022-02-14 15:34:23,066: Done checking log file disk usage. Usage is <1GB.
[roslaunch][INFO] 2022-02-14 15:34:23,066: roslaunch starting with args ['/opt/ros/melodic/bin/roslaunch', 'module_gripper', 'gripper.launch']
[roslaunch][INFO] 2022-02-14 15:34:23,066: roslaunch env is {'ROS_DISTRO': 'melodic', 'ROSLISP_PACKAGE_DIRECTORIES': '/home/ros/catkin_ws/devel/share/common-lisp', 'HOME': '/home/ros', 'PATH': '/opt/ros/melodic/bin:/usr/local/sbin:/usr/local/bin:/usr/sbin:/usr/bin:/sbin:/bin', 'ROS_PACKAGE_PATH': '/home/ros/catkin_ws/src:/opt/ros/melodic/share', 'CMAKE_PREFIX_PATH': '/home/ros/catkin_ws/devel:/opt/ros/melodic', 'LD_LIBRARY_PATH': '/home/ros/catkin_ws/devel/lib:/opt/ros/melodic/lib', 'LANG': 'C.UTF-8', 'TERM': 'xterm', 'ROS_LOG_FILENAME': '/home/ros/.ros/log/959210a0-8dab-11ec-8138-7c507959f385/roslaunch-FM00351-u-3100.log', 'SHLVL': '2', 'DISPLAY': ':0', 'UNAME': 'ros', 'ROS_MASTER_URI': 'http://localhost:11311', 'ROS_PYTHON_VERSION': '2', 'PYTHONPATH': '/home/ros/catkin_ws/devel/lib/python2.7/dist-packages:/opt/ros/melodic/lib/python2.7/dist-packages', 'QT_X11_NO_MITSHM': '1', 'ROS_ROOT': '/opt/ros/melodic/share/ros', 'PKG_CONFIG_PATH': '/home/ros/catkin_ws/devel/lib/pkgconfig:/opt/ros/melodic/lib/pkgconfig', 'LC_ALL': 'C.UTF-8', '_': '/opt/ros/melodic/bin/roslaunch', 'OLDPWD': '/home/ros', 'HOSTNAME': 'FM00351-u', 'PWD': '/home/ros/catkin_ws', 'ROS_ETC_DIR': '/opt/ros/melodic/etc/ros', 'ROS_VERSION': '1'}
[roslaunch][INFO] 2022-02-14 15:34:23,066: starting in server mode
[roslaunch.parent][INFO] 2022-02-14 15:34:23,066: starting roslaunch parent run
[roslaunch][INFO] 2022-02-14 15:34:23,066: loading roscore config file /opt/ros/melodic/etc/ros/roscore.xml
[roslaunch][INFO] 2022-02-14 15:34:23,362: Added core node of type [rosout/rosout] in namespace [/]
[roslaunch.config][INFO] 2022-02-14 15:34:23,362: loading config file /home/ros/catkin_ws/src/fm_gripper_module/launch/gripper.launch
[roslaunch][INFO] 2022-02-14 15:34:23,363: Added node of type [module_gripper/gripper_action_server] in namespace [/]
[roslaunch][INFO] 2022-02-14 15:34:23,363: ... selected machine [] for node of type [module_gripper/gripper_action_server]
[roslaunch.pmon][INFO] 2022-02-14 15:34:23,363: start_process_monitor: creating ProcessMonitor
[roslaunch.pmon][INFO] 2022-02-14 15:34:23,363: created process monitor <ProcessMonitor(ProcessMonitor-1, initial daemon)>
[roslaunch.pmon][INFO] 2022-02-14 15:34:23,364: start_process_monitor: ProcessMonitor started
[roslaunch.parent][INFO] 2022-02-14 15:34:23,364: starting parent XML-RPC server
[roslaunch.server][INFO] 2022-02-14 15:34:23,364: starting roslaunch XML-RPC server
[roslaunch.server][INFO] 2022-02-14 15:34:23,364: waiting for roslaunch XML-RPC server to initialize
[xmlrpc][INFO] 2022-02-14 15:34:23,364: XML-RPC server binding to 0.0.0.0:0
[xmlrpc][INFO] 2022-02-14 15:34:23,364: Started XML-RPC server [http://FM00351-u:45705/]
[xmlrpc][INFO] 2022-02-14 15:34:23,364: xml rpc node: starting XML-RPC server
[roslaunch][INFO] 2022-02-14 15:34:23,375: started roslaunch server http://FM00351-u:45705/
[roslaunch.parent][INFO] 2022-02-14 15:34:23,375: ... parent XML-RPC server started
[roslaunch][INFO] 2022-02-14 15:34:23,375: master.is_running[http://localhost:11311]
[roslaunch][INFO] 2022-02-14 15:34:23,375: auto-starting new master
[roslaunch][INFO] 2022-02-14 15:34:23,376: create_master_process: rosmaster, /opt/ros/melodic/share/ros, 11311, 3, None, False
[roslaunch][INFO] 2022-02-14 15:34:23,376: process[master]: launching with args [['rosmaster', '--core', '-p', '11311', '-w', '3']]
[roslaunch.pmon][INFO] 2022-02-14 15:34:23,376: ProcessMonitor.register[master]
[roslaunch.pmon][INFO] 2022-02-14 15:34:23,376: ProcessMonitor.register[master] complete
[roslaunch][INFO] 2022-02-14 15:34:23,376: process[master]: starting os process
[roslaunch][INFO] 2022-02-14 15:34:23,376: process[master]: start w/ args [['rosmaster', '--core', '-p', '11311', '-w', '3', '__log:=/home/ros/.ros/log/959210a0-8dab-11ec-8138-7c507959f385/master.log']]
[roslaunch][INFO] 2022-02-14 15:34:23,376: process[master]: cwd will be [/home/ros/.ros]
[roslaunch][INFO] 2022-02-14 15:34:23,442: process[master]: started with pid [3110]
[roslaunch][INFO] 2022-02-14 15:34:23,442: master.is_running[http://localhost:11311]
[roslaunch][INFO] 2022-02-14 15:34:23,543: master.is_running[http://localhost:11311]
[roslaunch][INFO] 2022-02-14 15:34:23,643: master.is_running[http://localhost:11311]
[roslaunch][INFO] 2022-02-14 15:34:23,644: master.is_running[http://localhost:11311]
[roslaunch][INFO] 2022-02-14 15:34:23,648: ROS_MASTER_URI=http://localhost:11311
[roslaunch][INFO] 2022-02-14 15:34:23,649: setting /run_id to 959210a0-8dab-11ec-8138-7c507959f385
[roslaunch][INFO] 2022-02-14 15:34:23,649: setting /roslaunch/uris/host_fm00351_u__45705' to http://FM00351-u:45705/
[roslaunch][INFO] 2022-02-14 15:34:23,650: ... preparing to launch node of type [rosout/rosout]
[roslaunch][INFO] 2022-02-14 15:34:23,650: create_node_process: package[rosout] type[rosout] machine[Machine(name[] env_loader[None] address[localhost] ssh_port[22] user[None] assignable[True] timeout[10.0])] master_uri[http://localhost:11311]
[roslaunch][INFO] 2022-02-14 15:34:23,650: process[rosout-1]: env[{'ROS_DISTRO': 'melodic', 'ROSLISP_PACKAGE_DIRECTORIES': '/home/ros/catkin_ws/devel/share/common-lisp', 'LD_LIBRARY_PATH': '/home/ros/catkin_ws/devel/lib:/opt/ros/melodic/lib', 'ROS_PACKAGE_PATH': '/home/ros/catkin_ws/src:/opt/ros/melodic/share', 'PATH': '/opt/ros/melodic/bin:/usr/local/sbin:/usr/local/bin:/usr/sbin:/usr/bin:/sbin:/bin', 'CMAKE_PREFIX_PATH': '/home/ros/catkin_ws/devel:/opt/ros/melodic', 'ROS_LOG_FILENAME': '/home/ros/.ros/log/959210a0-8dab-11ec-8138-7c507959f385/roslaunch-FM00351-u-3100.log', 'LANG': 'C.UTF-8', 'TERM': 'xterm', 'SHLVL': '2', 'DISPLAY': ':0', 'UNAME': 'ros', 'ROS_ETC_DIR': '/opt/ros/melodic/etc/ros', 'HOME': '/home/ros', 'ROS_PYTHON_VERSION': '2', 'PYTHONPATH': '/home/ros/catkin_ws/devel/lib/python2.7/dist-packages:/opt/ros/melodic/lib/python2.7/dist-packages', 'QT_X11_NO_MITSHM': '1', 'ROS_ROOT': '/opt/ros/melodic/share/ros', 'PKG_CONFIG_PATH': '/home/ros/catkin_ws/devel/lib/pkgconfig:/opt/ros/melodic/lib/pkgconfig', 'LC_ALL': 'C.UTF-8', '_': '/opt/ros/melodic/bin/roslaunch', 'OLDPWD': '/home/ros', 'HOSTNAME': 'FM00351-u', 'PWD': '/home/ros/catkin_ws', 'ROS_MASTER_URI': 'http://localhost:11311', 'ROS_VERSION': '1'}]
[roslaunch][INFO] 2022-02-14 15:34:23,848: process[rosout-1]: args[[u'/opt/ros/melodic/lib/rosout/rosout', u'__name:=rosout']]
[roslaunch][INFO] 2022-02-14 15:34:23,848: ... created process [rosout-1]
[roslaunch.pmon][INFO] 2022-02-14 15:34:23,848: ProcessMonitor.register[rosout-1]
[roslaunch.pmon][INFO] 2022-02-14 15:34:23,848: ProcessMonitor.register[rosout-1] complete
[roslaunch][INFO] 2022-02-14 15:34:23,848: ... registered process [rosout-1]
[roslaunch][INFO] 2022-02-14 15:34:23,848: process[rosout-1]: starting os process
[roslaunch][INFO] 2022-02-14 15:34:23,849: process[rosout-1]: start w/ args [[u'/opt/ros/melodic/lib/rosout/rosout', u'__name:=rosout', u'__log:=/home/ros/.ros/log/959210a0-8dab-11ec-8138-7c507959f385/rosout-1.log']]
[roslaunch][INFO] 2022-02-14 15:34:23,849: process[rosout-1]: cwd will be [/home/ros/.ros]
[roslaunch][INFO] 2022-02-14 15:34:23,916: process[rosout-1]: started with pid [3123]
[roslaunch][INFO] 2022-02-14 15:34:23,916: ... successfully launched [rosout-1]
[roslaunch][INFO] 2022-02-14 15:34:23,916: load_parameters starting ...
[roslaunch][INFO] 2022-02-14 15:34:23,918: ... load_parameters complete
[roslaunch][INFO] 2022-02-14 15:34:23,918: launch_nodes: launching local nodes ...
[roslaunch][INFO] 2022-02-14 15:34:23,918: ... preparing to launch node of type [module_gripper/gripper_action_server]
[roslaunch][INFO] 2022-02-14 15:34:23,918: create_node_process: package[module_gripper] type[gripper_action_server] machine[Machine(name[] env_loader[None] address[localhost] ssh_port[22] user[None] assignable[True] timeout[10.0])] master_uri[http://localhost:11311]
[roslaunch][INFO] 2022-02-14 15:34:23,918: process[frogs-2]: env[{'ROS_DISTRO': 'melodic', 'ROSLISP_PACKAGE_DIRECTORIES': '/home/ros/catkin_ws/devel/share/common-lisp', 'LD_LIBRARY_PATH': '/home/ros/catkin_ws/devel/lib:/opt/ros/melodic/lib', 'ROS_PACKAGE_PATH': '/home/ros/catkin_ws/src:/opt/ros/melodic/share', 'PATH': '/opt/ros/melodic/bin:/usr/local/sbin:/usr/local/bin:/usr/sbin:/usr/bin:/sbin:/bin', 'CMAKE_PREFIX_PATH': '/home/ros/catkin_ws/devel:/opt/ros/melodic', 'ROS_LOG_FILENAME': '/home/ros/.ros/log/959210a0-8dab-11ec-8138-7c507959f385/roslaunch-FM00351-u-3100.log', 'LANG': 'C.UTF-8', 'TERM': 'xterm', 'SHLVL': '2', 'DISPLAY': ':0', 'UNAME': 'ros', 'ROS_ETC_DIR': '/opt/ros/melodic/etc/ros', 'HOME': '/home/ros', 'ROS_PYTHON_VERSION': '2', 'PYTHONPATH': '/home/ros/catkin_ws/devel/lib/python2.7/dist-packages:/opt/ros/melodic/lib/python2.7/dist-packages', 'QT_X11_NO_MITSHM': '1', 'ROS_ROOT': '/opt/ros/melodic/share/ros', 'PKG_CONFIG_PATH': '/home/ros/catkin_ws/devel/lib/pkgconfig:/opt/ros/melodic/lib/pkgconfig', 'LC_ALL': 'C.UTF-8', '_': '/opt/ros/melodic/bin/roslaunch', 'OLDPWD': '/home/ros', 'HOSTNAME': 'FM00351-u', 'PWD': '/home/ros/catkin_ws', 'ROS_MASTER_URI': 'http://localhost:11311', 'ROS_VERSION': '1'}]
[roslaunch][INFO] 2022-02-14 15:34:23,919: process[frogs-2]: args[[u'/home/ros/catkin_ws/src/fm_gripper_module/src/fm_gripper_module/gripper_action_server', u'__name:=frogs']]
[roslaunch][INFO] 2022-02-14 15:34:23,919: ... created process [frogs-2]
[roslaunch.pmon][INFO] 2022-02-14 15:34:23,919: ProcessMonitor.register[frogs-2]
[roslaunch.pmon][INFO] 2022-02-14 15:34:23,919: ProcessMonitor.register[frogs-2] complete
[roslaunch][INFO] 2022-02-14 15:34:23,919: ... registered process [frogs-2]
[roslaunch][INFO] 2022-02-14 15:34:23,919: process[frogs-2]: starting os process
[roslaunch][INFO] 2022-02-14 15:34:23,919: process[frogs-2]: start w/ args [[u'/home/ros/catkin_ws/src/fm_gripper_module/src/fm_gripper_module/gripper_action_server', u'__name:=frogs', u'__log:=/home/ros/.ros/log/959210a0-8dab-11ec-8138-7c507959f385/frogs-2.log']]
[roslaunch][INFO] 2022-02-14 15:34:23,919: process[frogs-2]: cwd will be [/home/ros/.ros]
[roslaunch][INFO] 2022-02-14 15:34:23,985: process[frogs-2]: started with pid [3126]
[roslaunch][INFO] 2022-02-14 15:34:23,985: ... successfully launched [frogs-2]
[roslaunch][INFO] 2022-02-14 15:34:23,985: ... launch_nodes complete
[roslaunch.pmon][INFO] 2022-02-14 15:34:23,985: registrations completed <ProcessMonitor(ProcessMonitor-1, started daemon 140349025068800)>
[roslaunch.parent][INFO] 2022-02-14 15:34:23,985: ... roslaunch parent running, waiting for process exit
[roslaunch][INFO] 2022-02-14 15:34:23,985: spin
[roslaunch.pmon][INFO] 2022-02-14 16:00:38,887: ProcessMonitor.shutdown <ProcessMonitor(ProcessMonitor-1, started daemon 140349025068800)>
[roslaunch.pmon][INFO] 2022-02-14 16:00:38,899: ProcessMonitor._post_run <ProcessMonitor(ProcessMonitor-1, started daemon 140349025068800)>
[roslaunch.pmon][INFO] 2022-02-14 16:00:38,899: ProcessMonitor._post_run <ProcessMonitor(ProcessMonitor-1, started daemon 140349025068800)>: remaining procs are [<roslaunch.nodeprocess.LocalProcess object at 0x7fa58df2eed0>, <roslaunch.nodeprocess.LocalProcess object at 0x7fa58e3bcc50>, <roslaunch.nodeprocess.LocalProcess object at 0x7fa58de965d0>]
[roslaunch.pmon][INFO] 2022-02-14 16:00:38,900: ProcessMonitor exit: killing frogs-2
[roslaunch][INFO] 2022-02-14 16:00:38,901: [frogs-2] killing on exit
[roslaunch][INFO] 2022-02-14 16:00:38,901: process[frogs-2]: killing os process with pid[3126] pgid[3126]
[roslaunch][INFO] 2022-02-14 16:00:38,902: [frogs-2] sending SIGINT to pgid [3126]
[roslaunch][INFO] 2022-02-14 16:00:38,902: [frogs-2] sent SIGINT to pgid [3126]
[roslaunch][INFO] 2022-02-14 16:00:39,203: process[frogs-2]: SIGINT killed with return value 0
[roslaunch.pmon][INFO] 2022-02-14 16:00:39,203: ProcessMonitor exit: killing rosout-1
[roslaunch][INFO] 2022-02-14 16:00:39,204: [rosout-1] killing on exit
[roslaunch][INFO] 2022-02-14 16:00:39,204: process[rosout-1]: killing os process with pid[3123] pgid[3123]
[roslaunch][INFO] 2022-02-14 16:00:39,204: [rosout-1] sending SIGINT to pgid [3123]
[roslaunch][INFO] 2022-02-14 16:00:39,204: [rosout-1] sent SIGINT to pgid [3123]
[roslaunch][INFO] 2022-02-14 16:00:39,405: process[rosout-1]: SIGINT killed with return value 0
[roslaunch.pmon][INFO] 2022-02-14 16:00:39,405: ProcessMonitor exit: killing master
[roslaunch][INFO] 2022-02-14 16:00:39,405: [master] killing on exit
[roslaunch][INFO] 2022-02-14 16:00:39,406: process[master]: killing os process with pid[3110] pgid[3110]
[roslaunch][INFO] 2022-02-14 16:00:39,406: [master] sending SIGINT to pgid [3110]
[roslaunch][INFO] 2022-02-14 16:00:39,406: [master] sent SIGINT to pgid [3110]
[roslaunch][INFO] 2022-02-14 16:00:39,606: process[master]: SIGINT killed with return value 0
[roslaunch.pmon][INFO] 2022-02-14 16:00:39,607: ProcessMonitor exit: cleaning up data structures and signals
[roslaunch.pmon][INFO] 2022-02-14 16:00:39,607: ProcessMonitor exit: pmon has shutdown
[roslaunch][INFO] 2022-02-14 16:00:39,654: process monitor is done spinning, initiating full shutdown
[roslaunch][INFO] 2022-02-14 16:00:39,654: runner.stop()
[roslaunch][INFO] 2022-02-14 16:00:39,654: shutting down processing monitor...
[roslaunch][INFO] 2022-02-14 16:00:39,654: shutting down processing monitor <ProcessMonitor(ProcessMonitor-1, stopped daemon 140349025068800)>
[roslaunch.pmon][INFO] 2022-02-14 16:00:39,654: ProcessMonitor.shutdown <ProcessMonitor(ProcessMonitor-1, stopped daemon 140349025068800)>
[roslaunch][INFO] 2022-02-14 16:00:39,655: ... shutting down processing monitor complete
[roslaunch][INFO] 2022-02-14 16:00:39,655: done
[roslaunch.pmon][INFO] 2022-02-14 16:00:39,655: ProcessMonitor.shutdown <ProcessMonitor(ProcessMonitor-1, stopped daemon 140349025068800)>
[rospy.core][INFO] 2022-02-14 16:00:39,655: signal_shutdown [atexit]
