[roslaunch][INFO] 2021-12-21 13:52:47,495: Checking log directory for disk usage. This may take a while.
Press Ctrl-C to interrupt
[roslaunch][INFO] 2021-12-21 13:52:47,498: Done checking log file disk usage. Usage is <1GB.
[roslaunch][INFO] 2021-12-21 13:52:47,498: roslaunch starting with args ['/opt/ros/melodic/bin/roslaunch', 'tactile_pressure_sensor', 'run_tactile_pressure.launch']
[roslaunch][INFO] 2021-12-21 13:52:47,498: roslaunch env is {'ROS_DISTRO': 'melodic', 'ROSLISP_PACKAGE_DIRECTORIES': '/home/ros/catkin_ws/devel/share/common-lisp', 'HOME': '/home/ros', 'PATH': '/opt/ros/melodic/bin:/usr/local/sbin:/usr/local/bin:/usr/sbin:/usr/bin:/sbin:/bin', 'ROS_PACKAGE_PATH': '/home/ros/catkin_ws/src:/opt/ros/melodic/share', 'CMAKE_PREFIX_PATH': '/home/ros/catkin_ws/devel:/opt/ros/melodic', 'LD_LIBRARY_PATH': '/home/ros/catkin_ws/devel/lib:/opt/ros/melodic/lib', 'LANG': 'C.UTF-8', 'ROS_LOG_FILENAME': '/home/ros/.ros/log/47a34786-6265-11ec-a8f0-7c507959f385/roslaunch-FM00351-u-55.log', 'SHLVL': '2', 'DISPLAY': ':0', 'UNAME': 'ros', 'ROS_MASTER_URI': 'http://localhost:11311', 'ROS_PYTHON_VERSION': '2', 'PYTHONPATH': '/home/ros/catkin_ws/devel/lib/python2.7/dist-packages:/opt/ros/melodic/lib/python2.7/dist-packages', 'QT_X11_NO_MITSHM': '1', 'ROS_ROOT': '/opt/ros/melodic/share/ros', 'PKG_CONFIG_PATH': '/home/ros/catkin_ws/devel/lib/pkgconfig:/opt/ros/melodic/lib/pkgconfig', 'LC_ALL': 'C.UTF-8', '_': '/opt/ros/melodic/bin/roslaunch', 'OLDPWD': '/home/ros', 'HOSTNAME': 'FM00351-u', 'PWD': '/home/ros/catkin_ws', 'ROS_ETC_DIR': '/opt/ros/melodic/etc/ros', 'ROS_VERSION': '1'}
[roslaunch][INFO] 2021-12-21 13:52:47,498: starting in server mode
[roslaunch.parent][INFO] 2021-12-21 13:52:47,498: starting roslaunch parent run
[roslaunch][INFO] 2021-12-21 13:52:47,498: loading roscore config file /opt/ros/melodic/etc/ros/roscore.xml
[roslaunch][INFO] 2021-12-21 13:52:47,703: Added core node of type [rosout/rosout] in namespace [/]
[roslaunch.config][INFO] 2021-12-21 13:52:47,704: loading config file /home/ros/catkin_ws/src/tactile_pressure_sensor/launch/run_tactile_pressure.launch
[roslaunch][INFO] 2021-12-21 13:52:47,704: Added node of type [rosserial_arduino/serial_node.py] in namespace [/sensor/]
[roslaunch][INFO] 2021-12-21 13:52:47,704: Added node of type [tactile_pressure_sensor/pressure_LocAndForceEstimation.py] in namespace [/sensor/]
[roslaunch][INFO] 2021-12-21 13:52:47,704: ... selected machine [] for node of type [rosserial_arduino/serial_node.py]
[roslaunch][INFO] 2021-12-21 13:52:47,704: ... selected machine [] for node of type [tactile_pressure_sensor/pressure_LocAndForceEstimation.py]
[roslaunch.pmon][INFO] 2021-12-21 13:52:47,705: start_process_monitor: creating ProcessMonitor
[roslaunch.pmon][INFO] 2021-12-21 13:52:47,705: created process monitor <ProcessMonitor(ProcessMonitor-1, initial daemon)>
[roslaunch.pmon][INFO] 2021-12-21 13:52:47,705: start_process_monitor: ProcessMonitor started
[roslaunch.parent][INFO] 2021-12-21 13:52:47,705: starting parent XML-RPC server
[roslaunch.server][INFO] 2021-12-21 13:52:47,705: starting roslaunch XML-RPC server
[roslaunch.server][INFO] 2021-12-21 13:52:47,705: waiting for roslaunch XML-RPC server to initialize
[xmlrpc][INFO] 2021-12-21 13:52:47,706: XML-RPC server binding to 0.0.0.0:0
[xmlrpc][INFO] 2021-12-21 13:52:47,706: Started XML-RPC server [http://FM00351-u:38427/]
[xmlrpc][INFO] 2021-12-21 13:52:47,706: xml rpc node: starting XML-RPC server
[roslaunch][INFO] 2021-12-21 13:52:47,717: started roslaunch server http://FM00351-u:38427/
[roslaunch.parent][INFO] 2021-12-21 13:52:47,717: ... parent XML-RPC server started
[roslaunch][INFO] 2021-12-21 13:52:47,717: master.is_running[http://localhost:11311]
[roslaunch][INFO] 2021-12-21 13:52:47,717: auto-starting new master
[roslaunch][INFO] 2021-12-21 13:52:47,717: create_master_process: rosmaster, /opt/ros/melodic/share/ros, 11311, 3, None, False
[roslaunch][INFO] 2021-12-21 13:52:47,717: process[master]: launching with args [['rosmaster', '--core', '-p', '11311', '-w', '3']]
[roslaunch.pmon][INFO] 2021-12-21 13:52:47,717: ProcessMonitor.register[master]
[roslaunch.pmon][INFO] 2021-12-21 13:52:47,717: ProcessMonitor.register[master] complete
[roslaunch][INFO] 2021-12-21 13:52:47,717: process[master]: starting os process
[roslaunch][INFO] 2021-12-21 13:52:47,717: process[master]: start w/ args [['rosmaster', '--core', '-p', '11311', '-w', '3', '__log:=/home/ros/.ros/log/47a34786-6265-11ec-a8f0-7c507959f385/master.log']]
[roslaunch][INFO] 2021-12-21 13:52:47,717: process[master]: cwd will be [/home/ros/.ros]
[roslaunch][INFO] 2021-12-21 13:52:47,781: process[master]: started with pid [65]
[roslaunch][INFO] 2021-12-21 13:52:47,781: master.is_running[http://localhost:11311]
[roslaunch][INFO] 2021-12-21 13:52:47,882: master.is_running[http://localhost:11311]
[roslaunch][INFO] 2021-12-21 13:52:47,982: master.is_running[http://localhost:11311]
[roslaunch][INFO] 2021-12-21 13:52:47,986: master.is_running[http://localhost:11311]
[roslaunch][INFO] 2021-12-21 13:52:47,988: ROS_MASTER_URI=http://localhost:11311
[roslaunch][INFO] 2021-12-21 13:52:47,990: setting /run_id to 47a34786-6265-11ec-a8f0-7c507959f385
[roslaunch][INFO] 2021-12-21 13:52:47,992: setting /roslaunch/uris/host_fm00351_u__38427' to http://FM00351-u:38427/
[roslaunch][INFO] 2021-12-21 13:52:47,995: ... preparing to launch node of type [rosout/rosout]
[roslaunch][INFO] 2021-12-21 13:52:47,996: create_node_process: package[rosout] type[rosout] machine[Machine(name[] env_loader[None] address[localhost] ssh_port[22] user[None] assignable[True] timeout[10.0])] master_uri[http://localhost:11311]
[roslaunch][INFO] 2021-12-21 13:52:47,996: process[rosout-1]: env[{'ROS_DISTRO': 'melodic', 'ROSLISP_PACKAGE_DIRECTORIES': '/home/ros/catkin_ws/devel/share/common-lisp', 'LD_LIBRARY_PATH': '/home/ros/catkin_ws/devel/lib:/opt/ros/melodic/lib', 'ROS_PACKAGE_PATH': '/home/ros/catkin_ws/src:/opt/ros/melodic/share', 'PATH': '/opt/ros/melodic/bin:/usr/local/sbin:/usr/local/bin:/usr/sbin:/usr/bin:/sbin:/bin', 'CMAKE_PREFIX_PATH': '/home/ros/catkin_ws/devel:/opt/ros/melodic', 'ROS_LOG_FILENAME': '/home/ros/.ros/log/47a34786-6265-11ec-a8f0-7c507959f385/roslaunch-FM00351-u-55.log', 'LANG': 'C.UTF-8', 'SHLVL': '2', 'DISPLAY': ':0', 'UNAME': 'ros', 'ROS_ETC_DIR': '/opt/ros/melodic/etc/ros', 'HOME': '/home/ros', 'ROS_PYTHON_VERSION': '2', 'PYTHONPATH': '/home/ros/catkin_ws/devel/lib/python2.7/dist-packages:/opt/ros/melodic/lib/python2.7/dist-packages', 'QT_X11_NO_MITSHM': '1', 'ROS_ROOT': '/opt/ros/melodic/share/ros', 'PKG_CONFIG_PATH': '/home/ros/catkin_ws/devel/lib/pkgconfig:/opt/ros/melodic/lib/pkgconfig', 'LC_ALL': 'C.UTF-8', '_': '/opt/ros/melodic/bin/roslaunch', 'OLDPWD': '/home/ros', 'HOSTNAME': 'FM00351-u', 'PWD': '/home/ros/catkin_ws', 'ROS_MASTER_URI': 'http://localhost:11311', 'ROS_VERSION': '1'}]
[roslaunch][INFO] 2021-12-21 13:52:48,020: process[rosout-1]: args[[u'/opt/ros/melodic/lib/rosout/rosout', u'__name:=rosout']]
[roslaunch][INFO] 2021-12-21 13:52:48,020: ... created process [rosout-1]
[roslaunch.pmon][INFO] 2021-12-21 13:52:48,020: ProcessMonitor.register[rosout-1]
[roslaunch.pmon][INFO] 2021-12-21 13:52:48,020: ProcessMonitor.register[rosout-1] complete
[roslaunch][INFO] 2021-12-21 13:52:48,020: ... registered process [rosout-1]
[roslaunch][INFO] 2021-12-21 13:52:48,020: process[rosout-1]: starting os process
[roslaunch][INFO] 2021-12-21 13:52:48,020: process[rosout-1]: start w/ args [[u'/opt/ros/melodic/lib/rosout/rosout', u'__name:=rosout', u'__log:=/home/ros/.ros/log/47a34786-6265-11ec-a8f0-7c507959f385/rosout-1.log']]
[roslaunch][INFO] 2021-12-21 13:52:48,021: process[rosout-1]: cwd will be [/home/ros/.ros]
[roslaunch][INFO] 2021-12-21 13:52:48,084: process[rosout-1]: started with pid [76]
[roslaunch][INFO] 2021-12-21 13:52:48,084: ... successfully launched [rosout-1]
[roslaunch][INFO] 2021-12-21 13:52:48,085: load_parameters starting ...
[roslaunch][INFO] 2021-12-21 13:52:48,086: ... load_parameters complete
[roslaunch][INFO] 2021-12-21 13:52:48,086: launch_nodes: launching local nodes ...
[roslaunch][INFO] 2021-12-21 13:52:48,087: ... preparing to launch node of type [rosserial_arduino/serial_node.py]
[roslaunch][INFO] 2021-12-21 13:52:48,087: create_node_process: package[rosserial_arduino] type[serial_node.py] machine[Machine(name[] env_loader[None] address[localhost] ssh_port[22] user[None] assignable[True] timeout[10.0])] master_uri[http://localhost:11311]
[roslaunch][INFO] 2021-12-21 13:52:48,087: process[sensor/tactile_pressure-2]: env[{'ROS_DISTRO': 'melodic', 'ROSLISP_PACKAGE_DIRECTORIES': '/home/ros/catkin_ws/devel/share/common-lisp', 'LD_LIBRARY_PATH': '/home/ros/catkin_ws/devel/lib:/opt/ros/melodic/lib', 'ROS_PACKAGE_PATH': '/home/ros/catkin_ws/src:/opt/ros/melodic/share', 'PATH': '/opt/ros/melodic/bin:/usr/local/sbin:/usr/local/bin:/usr/sbin:/usr/bin:/sbin:/bin', 'CMAKE_PREFIX_PATH': '/home/ros/catkin_ws/devel:/opt/ros/melodic', 'ROS_LOG_FILENAME': '/home/ros/.ros/log/47a34786-6265-11ec-a8f0-7c507959f385/roslaunch-FM00351-u-55.log', 'LANG': 'C.UTF-8', 'SHLVL': '2', 'DISPLAY': ':0', 'UNAME': 'ros', 'ROS_ETC_DIR': '/opt/ros/melodic/etc/ros', 'HOME': '/home/ros', 'ROS_PYTHON_VERSION': '2', 'PYTHONPATH': '/home/ros/catkin_ws/devel/lib/python2.7/dist-packages:/opt/ros/melodic/lib/python2.7/dist-packages', 'QT_X11_NO_MITSHM': '1', 'ROS_ROOT': '/opt/ros/melodic/share/ros', 'PKG_CONFIG_PATH': '/home/ros/catkin_ws/devel/lib/pkgconfig:/opt/ros/melodic/lib/pkgconfig', 'LC_ALL': 'C.UTF-8', 'ROS_NAMESPACE': '/sensor', '_': '/opt/ros/melodic/bin/roslaunch', 'OLDPWD': '/home/ros', 'HOSTNAME': 'FM00351-u', 'PWD': '/home/ros/catkin_ws', 'ROS_MASTER_URI': 'http://localhost:11311', 'ROS_VERSION': '1'}]
[roslaunch][INFO] 2021-12-21 13:52:48,088: process[sensor/tactile_pressure-2]: args[[u'/opt/ros/melodic/share/rosserial_arduino/serial_node.py', u'/sensor/Pressure:=/sensor/pressure_data', u'__name:=tactile_pressure']]
[roslaunch][INFO] 2021-12-21 13:52:48,088: ... created process [sensor/tactile_pressure-2]
[roslaunch.pmon][INFO] 2021-12-21 13:52:48,088: ProcessMonitor.register[sensor/tactile_pressure-2]
[roslaunch.pmon][INFO] 2021-12-21 13:52:48,088: ProcessMonitor.register[sensor/tactile_pressure-2] complete
[roslaunch][INFO] 2021-12-21 13:52:48,088: ... registered process [sensor/tactile_pressure-2]
[roslaunch][INFO] 2021-12-21 13:52:48,088: process[sensor/tactile_pressure-2]: starting os process
[roslaunch][INFO] 2021-12-21 13:52:48,088: process[sensor/tactile_pressure-2]: start w/ args [[u'/opt/ros/melodic/share/rosserial_arduino/serial_node.py', u'/sensor/Pressure:=/sensor/pressure_data', u'__name:=tactile_pressure', u'__log:=/home/ros/.ros/log/47a34786-6265-11ec-a8f0-7c507959f385/sensor-tactile_pressure-2.log']]
[roslaunch][INFO] 2021-12-21 13:52:48,088: process[sensor/tactile_pressure-2]: cwd will be [/home/ros/.ros]
[roslaunch][INFO] 2021-12-21 13:52:48,153: process[sensor/tactile_pressure-2]: started with pid [79]
[roslaunch][INFO] 2021-12-21 13:52:48,153: ... successfully launched [sensor/tactile_pressure-2]
[roslaunch][INFO] 2021-12-21 13:52:48,153: ... preparing to launch node of type [tactile_pressure_sensor/pressure_LocAndForceEstimation.py]
[roslaunch][INFO] 2021-12-21 13:52:48,153: create_node_process: package[tactile_pressure_sensor] type[pressure_LocAndForceEstimation.py] machine[Machine(name[] env_loader[None] address[localhost] ssh_port[22] user[None] assignable[True] timeout[10.0])] master_uri[http://localhost:11311]
[roslaunch][INFO] 2021-12-21 13:52:48,153: process[sensor/process_tactile_pressure-3]: env[{'ROS_DISTRO': 'melodic', 'ROSLISP_PACKAGE_DIRECTORIES': '/home/ros/catkin_ws/devel/share/common-lisp', 'LD_LIBRARY_PATH': '/home/ros/catkin_ws/devel/lib:/opt/ros/melodic/lib', 'ROS_PACKAGE_PATH': '/home/ros/catkin_ws/src:/opt/ros/melodic/share', 'PATH': '/opt/ros/melodic/bin:/usr/local/sbin:/usr/local/bin:/usr/sbin:/usr/bin:/sbin:/bin', 'CMAKE_PREFIX_PATH': '/home/ros/catkin_ws/devel:/opt/ros/melodic', 'ROS_LOG_FILENAME': '/home/ros/.ros/log/47a34786-6265-11ec-a8f0-7c507959f385/roslaunch-FM00351-u-55.log', 'LANG': 'C.UTF-8', 'SHLVL': '2', 'DISPLAY': ':0', 'UNAME': 'ros', 'ROS_ETC_DIR': '/opt/ros/melodic/etc/ros', 'HOME': '/home/ros', 'ROS_PYTHON_VERSION': '2', 'PYTHONPATH': '/home/ros/catkin_ws/devel/lib/python2.7/dist-packages:/opt/ros/melodic/lib/python2.7/dist-packages', 'QT_X11_NO_MITSHM': '1', 'ROS_ROOT': '/opt/ros/melodic/share/ros', 'PKG_CONFIG_PATH': '/home/ros/catkin_ws/devel/lib/pkgconfig:/opt/ros/melodic/lib/pkgconfig', 'LC_ALL': 'C.UTF-8', 'ROS_NAMESPACE': '/sensor', '_': '/opt/ros/melodic/bin/roslaunch', 'OLDPWD': '/home/ros', 'HOSTNAME': 'FM00351-u', 'PWD': '/home/ros/catkin_ws', 'ROS_MASTER_URI': 'http://localhost:11311', 'ROS_VERSION': '1'}]
[roslaunch][INFO] 2021-12-21 13:52:48,154: process[sensor/process_tactile_pressure-3]: args[[u'/home/ros/catkin_ws/src/tactile_pressure_sensor/src/pressure_LocAndForceEstimation.py', u'/sensor/pressure_data:=/sensor/pressure_data', u'estimated_ForceAndLoc:=/sensor/estimated_ForceAndLoc', u'__name:=process_tactile_pressure']]
[roslaunch][INFO] 2021-12-21 13:52:48,154: ... created process [sensor/process_tactile_pressure-3]
[roslaunch.pmon][INFO] 2021-12-21 13:52:48,154: ProcessMonitor.register[sensor/process_tactile_pressure-3]
[roslaunch.pmon][INFO] 2021-12-21 13:52:48,154: ProcessMonitor.register[sensor/process_tactile_pressure-3] complete
[roslaunch][INFO] 2021-12-21 13:52:48,154: ... registered process [sensor/process_tactile_pressure-3]
[roslaunch][INFO] 2021-12-21 13:52:48,154: process[sensor/process_tactile_pressure-3]: starting os process
[roslaunch][INFO] 2021-12-21 13:52:48,154: process[sensor/process_tactile_pressure-3]: start w/ args [[u'/home/ros/catkin_ws/src/tactile_pressure_sensor/src/pressure_LocAndForceEstimation.py', u'/sensor/pressure_data:=/sensor/pressure_data', u'estimated_ForceAndLoc:=/sensor/estimated_ForceAndLoc', u'__name:=process_tactile_pressure', u'__log:=/home/ros/.ros/log/47a34786-6265-11ec-a8f0-7c507959f385/sensor-process_tactile_pressure-3.log']]
[roslaunch][INFO] 2021-12-21 13:52:48,154: process[sensor/process_tactile_pressure-3]: cwd will be [/home/ros/.ros]
[roslaunch][INFO] 2021-12-21 13:52:48,218: process[sensor/process_tactile_pressure-3]: started with pid [84]
[roslaunch][INFO] 2021-12-21 13:52:48,218: ... successfully launched [sensor/process_tactile_pressure-3]
[roslaunch][INFO] 2021-12-21 13:52:48,218: ... launch_nodes complete
[roslaunch.pmon][INFO] 2021-12-21 13:52:48,218: registrations completed <ProcessMonitor(ProcessMonitor-1, started daemon 140431113066240)>
[roslaunch.parent][INFO] 2021-12-21 13:52:48,218: ... roslaunch parent running, waiting for process exit
[roslaunch][INFO] 2021-12-21 13:52:48,218: spin
[roslaunch][INFO] 2021-12-21 13:52:52,417: [sensor/process_tactile_pressure-3] process has finished cleanly
log file: /home/ros/.ros/log/47a34786-6265-11ec-a8f0-7c507959f385/sensor-process_tactile_pressure-3*.log
[roslaunch.pmon][INFO] 2021-12-21 13:52:52,418: ProcessMonitor.unregister[sensor/process_tactile_pressure-3] starting
[roslaunch.pmon][INFO] 2021-12-21 13:52:52,418: ProcessMonitor.unregister[sensor/process_tactile_pressure-3] complete
