[rospy.client][INFO] 2022-02-14 13:49:43,208: init_node, name[/sensor/tactile_pressure], pid[373]
[xmlrpc][INFO] 2022-02-14 13:49:43,215: XML-RPC server binding to 0.0.0.0:0
[rospy.init][INFO] 2022-02-14 13:49:43,216: ROS Slave URI: [http://FM00351-u:35361/]
[xmlrpc][INFO] 2022-02-14 13:49:43,216: Started XML-RPC server [http://FM00351-u:35361/]
[rospy.impl.masterslave][INFO] 2022-02-14 13:49:43,216: _ready: http://FM00351-u:35361/
[rospy.registration][INFO] 2022-02-14 13:49:43,224: Registering with master node http://localhost:11311
[xmlrpc][INFO] 2022-02-14 13:49:43,225: xml rpc node: starting XML-RPC server
[rospy.init][INFO] 2022-02-14 13:49:43,316: registered with master
[rospy.rosout][INFO] 2022-02-14 13:49:43,316: initializing /rosout core topic
[rospy.rosout][INFO] 2022-02-14 13:49:43,318: connected to core topic /rosout
[rospy.simtime][INFO] 2022-02-14 13:49:43,318: /use_sim_time is not set, will not subscribe to simulated time [/clock] topic
[rosout][INFO] 2022-02-14 13:49:43,320: ROS Serial Python Node
[rosout][INFO] 2022-02-14 13:49:43,321: Connecting to /dev/ttyACM0 at 57600 baud
[rosout][ERROR] 2022-02-14 13:49:43,322: Error opening serial: [Errno 13] could not open port /dev/ttyACM0: [Errno 13] Permission denied: '/dev/ttyACM0'
[rospy.internal][INFO] 2022-02-14 13:49:43,528: topic[/rosout] adding connection to [/rosout], count 0
[rosout][ERROR] 2022-02-14 13:49:46,324: Error opening serial: [Errno 13] could not open port /dev/ttyACM0: [Errno 13] Permission denied: '/dev/ttyACM0'
[rospy.core][INFO] 2022-02-14 13:49:47,384: signal_shutdown [signal-2]
[rospy.internal][INFO] 2022-02-14 13:49:47,389: topic[/rosout] removing connection to /rosout
[rospy.impl.masterslave][INFO] 2022-02-14 13:49:47,389: signal-2
[rospy.core][INFO] 2022-02-14 13:49:47,493: signal_shutdown [atexit]
