[roslaunch][INFO] 2022-02-14 13:50:41,222: Checking log directory for disk usage. This may take a while.
Press Ctrl-C to interrupt
[roslaunch][INFO] 2022-02-14 13:50:41,224: Done checking log file disk usage. Usage is <1GB.
[roslaunch][INFO] 2022-02-14 13:50:41,225: roslaunch starting with args ['/opt/ros/melodic/bin/roslaunch', 'tactile_pressure_sensor', 'run_tactile_pressure.launch']
[roslaunch][INFO] 2022-02-14 13:50:41,225: roslaunch env is {'ROS_DISTRO': 'melodic', 'ROSLISP_PACKAGE_DIRECTORIES': '/home/ros/catkin_ws/devel/share/common-lisp', 'HOME': '/home/ros', 'PATH': '/opt/ros/melodic/bin:/usr/local/sbin:/usr/local/bin:/usr/sbin:/usr/bin:/sbin:/bin', 'ROS_PACKAGE_PATH': '/home/ros/catkin_ws/src:/opt/ros/melodic/share', 'CMAKE_PREFIX_PATH': '/home/ros/catkin_ws/devel:/opt/ros/melodic', 'LD_LIBRARY_PATH': '/home/ros/catkin_ws/devel/lib:/opt/ros/melodic/lib', 'LANG': 'C.UTF-8', 'TERM': 'xterm', 'ROS_LOG_FILENAME': '/home/ros/.ros/log/1910b0d0-8d9d-11ec-a67a-7c507959f385/roslaunch-FM00351-u-295.log', 'SHLVL': '1', 'DISPLAY': ':0', 'UNAME': 'ros', 'ROS_MASTER_URI': 'http://localhost:11311', 'ROS_PYTHON_VERSION': '2', 'PYTHONPATH': '/home/ros/catkin_ws/devel/lib/python2.7/dist-packages:/opt/ros/melodic/lib/python2.7/dist-packages', 'QT_X11_NO_MITSHM': '1', 'ROS_ROOT': '/opt/ros/melodic/share/ros', 'PKG_CONFIG_PATH': '/home/ros/catkin_ws/devel/lib/pkgconfig:/opt/ros/melodic/lib/pkgconfig', 'LC_ALL': 'C.UTF-8', '_': '/opt/ros/melodic/bin/roslaunch', 'OLDPWD': '/home/ros', 'HOSTNAME': 'FM00351-u', 'PWD': '/home/ros/catkin_ws', 'ROS_ETC_DIR': '/opt/ros/melodic/etc/ros', 'ROS_VERSION': '1'}
[roslaunch][INFO] 2022-02-14 13:50:41,225: starting in server mode
[roslaunch.parent][INFO] 2022-02-14 13:50:41,225: starting roslaunch parent run
[roslaunch][INFO] 2022-02-14 13:50:41,225: loading roscore config file /opt/ros/melodic/etc/ros/roscore.xml
[roslaunch][INFO] 2022-02-14 13:50:41,518: Added core node of type [rosout/rosout] in namespace [/]
[roslaunch.config][INFO] 2022-02-14 13:50:41,518: loading config file /home/ros/catkin_ws/src/tactile_pressure_sensor/launch/run_tactile_pressure.launch
[roslaunch][INFO] 2022-02-14 13:50:41,519: Added node of type [rosserial_arduino/serial_node.py] in namespace [/sensor/]
[roslaunch][INFO] 2022-02-14 13:50:41,519: Added node of type [tactile_pressure_sensor/pressure_LocAndForceEstimation.py] in namespace [/sensor/]
[roslaunch][INFO] 2022-02-14 13:50:41,519: ... selected machine [] for node of type [rosserial_arduino/serial_node.py]
[roslaunch][INFO] 2022-02-14 13:50:41,519: ... selected machine [] for node of type [tactile_pressure_sensor/pressure_LocAndForceEstimation.py]
[roslaunch.pmon][INFO] 2022-02-14 13:50:41,520: start_process_monitor: creating ProcessMonitor
[roslaunch.pmon][INFO] 2022-02-14 13:50:41,520: created process monitor <ProcessMonitor(ProcessMonitor-1, initial daemon)>
[roslaunch.pmon][INFO] 2022-02-14 13:50:41,520: start_process_monitor: ProcessMonitor started
[roslaunch.parent][INFO] 2022-02-14 13:50:41,520: starting parent XML-RPC server
[roslaunch.server][INFO] 2022-02-14 13:50:41,520: starting roslaunch XML-RPC server
[roslaunch.server][INFO] 2022-02-14 13:50:41,520: waiting for roslaunch XML-RPC server to initialize
[xmlrpc][INFO] 2022-02-14 13:50:41,520: XML-RPC server binding to 0.0.0.0:0
[xmlrpc][INFO] 2022-02-14 13:50:41,520: Started XML-RPC server [http://FM00351-u:42461/]
[xmlrpc][INFO] 2022-02-14 13:50:41,520: xml rpc node: starting XML-RPC server
[roslaunch][INFO] 2022-02-14 13:50:41,532: started roslaunch server http://FM00351-u:42461/
[roslaunch.parent][INFO] 2022-02-14 13:50:41,532: ... parent XML-RPC server started
[roslaunch][INFO] 2022-02-14 13:50:41,532: master.is_running[http://localhost:11311]
[roslaunch][INFO] 2022-02-14 13:50:41,533: auto-starting new master
[roslaunch][INFO] 2022-02-14 13:50:41,533: create_master_process: rosmaster, /opt/ros/melodic/share/ros, 11311, 3, None, False
[roslaunch][INFO] 2022-02-14 13:50:41,533: process[master]: launching with args [['rosmaster', '--core', '-p', '11311', '-w', '3']]
[roslaunch.pmon][INFO] 2022-02-14 13:50:41,533: ProcessMonitor.register[master]
[roslaunch.pmon][INFO] 2022-02-14 13:50:41,533: ProcessMonitor.register[master] complete
[roslaunch][INFO] 2022-02-14 13:50:41,533: process[master]: starting os process
[roslaunch][INFO] 2022-02-14 13:50:41,533: process[master]: start w/ args [['rosmaster', '--core', '-p', '11311', '-w', '3', '__log:=/home/ros/.ros/log/1910b0d0-8d9d-11ec-a67a-7c507959f385/master.log']]
[roslaunch][INFO] 2022-02-14 13:50:41,533: process[master]: cwd will be [/home/ros/.ros]
[roslaunch][INFO] 2022-02-14 13:50:41,600: process[master]: started with pid [305]
[roslaunch][INFO] 2022-02-14 13:50:41,600: master.is_running[http://localhost:11311]
[roslaunch][INFO] 2022-02-14 13:50:41,700: master.is_running[http://localhost:11311]
[roslaunch][INFO] 2022-02-14 13:50:41,801: master.is_running[http://localhost:11311]
[roslaunch][INFO] 2022-02-14 13:50:41,803: master.is_running[http://localhost:11311]
[roslaunch][INFO] 2022-02-14 13:50:41,803: ROS_MASTER_URI=http://localhost:11311
[roslaunch][INFO] 2022-02-14 13:50:41,805: setting /run_id to 1910b0d0-8d9d-11ec-a67a-7c507959f385
[roslaunch][INFO] 2022-02-14 13:50:41,805: setting /roslaunch/uris/host_fm00351_u__42461' to http://FM00351-u:42461/
[roslaunch][INFO] 2022-02-14 13:50:41,807: ... preparing to launch node of type [rosout/rosout]
[roslaunch][INFO] 2022-02-14 13:50:41,807: create_node_process: package[rosout] type[rosout] machine[Machine(name[] env_loader[None] address[localhost] ssh_port[22] user[None] assignable[True] timeout[10.0])] master_uri[http://localhost:11311]
[roslaunch][INFO] 2022-02-14 13:50:41,807: process[rosout-1]: env[{'ROS_DISTRO': 'melodic', 'ROSLISP_PACKAGE_DIRECTORIES': '/home/ros/catkin_ws/devel/share/common-lisp', 'LD_LIBRARY_PATH': '/home/ros/catkin_ws/devel/lib:/opt/ros/melodic/lib', 'ROS_PACKAGE_PATH': '/home/ros/catkin_ws/src:/opt/ros/melodic/share', 'PATH': '/opt/ros/melodic/bin:/usr/local/sbin:/usr/local/bin:/usr/sbin:/usr/bin:/sbin:/bin', 'CMAKE_PREFIX_PATH': '/home/ros/catkin_ws/devel:/opt/ros/melodic', 'ROS_LOG_FILENAME': '/home/ros/.ros/log/1910b0d0-8d9d-11ec-a67a-7c507959f385/roslaunch-FM00351-u-295.log', 'LANG': 'C.UTF-8', 'TERM': 'xterm', 'SHLVL': '1', 'DISPLAY': ':0', 'UNAME': 'ros', 'ROS_ETC_DIR': '/opt/ros/melodic/etc/ros', 'HOME': '/home/ros', 'ROS_PYTHON_VERSION': '2', 'PYTHONPATH': '/home/ros/catkin_ws/devel/lib/python2.7/dist-packages:/opt/ros/melodic/lib/python2.7/dist-packages', 'QT_X11_NO_MITSHM': '1', 'ROS_ROOT': '/opt/ros/melodic/share/ros', 'PKG_CONFIG_PATH': '/home/ros/catkin_ws/devel/lib/pkgconfig:/opt/ros/melodic/lib/pkgconfig', 'LC_ALL': 'C.UTF-8', '_': '/opt/ros/melodic/bin/roslaunch', 'OLDPWD': '/home/ros', 'HOSTNAME': 'FM00351-u', 'PWD': '/home/ros/catkin_ws', 'ROS_MASTER_URI': 'http://localhost:11311', 'ROS_VERSION': '1'}]
[roslaunch][INFO] 2022-02-14 13:50:42,011: process[rosout-1]: args[[u'/opt/ros/melodic/lib/rosout/rosout', u'__name:=rosout']]
[roslaunch][INFO] 2022-02-14 13:50:42,011: ... created process [rosout-1]
[roslaunch.pmon][INFO] 2022-02-14 13:50:42,011: ProcessMonitor.register[rosout-1]
[roslaunch.pmon][INFO] 2022-02-14 13:50:42,011: ProcessMonitor.register[rosout-1] complete
[roslaunch][INFO] 2022-02-14 13:50:42,011: ... registered process [rosout-1]
[roslaunch][INFO] 2022-02-14 13:50:42,011: process[rosout-1]: starting os process
[roslaunch][INFO] 2022-02-14 13:50:42,011: process[rosout-1]: start w/ args [[u'/opt/ros/melodic/lib/rosout/rosout', u'__name:=rosout', u'__log:=/home/ros/.ros/log/1910b0d0-8d9d-11ec-a67a-7c507959f385/rosout-1.log']]
[roslaunch][INFO] 2022-02-14 13:50:42,011: process[rosout-1]: cwd will be [/home/ros/.ros]
[roslaunch][INFO] 2022-02-14 13:50:42,076: process[rosout-1]: started with pid [316]
[roslaunch][INFO] 2022-02-14 13:50:42,076: ... successfully launched [rosout-1]
[roslaunch][INFO] 2022-02-14 13:50:42,076: load_parameters starting ...
[roslaunch][INFO] 2022-02-14 13:50:42,078: ... load_parameters complete
[roslaunch][INFO] 2022-02-14 13:50:42,078: launch_nodes: launching local nodes ...
[roslaunch][INFO] 2022-02-14 13:50:42,078: ... preparing to launch node of type [rosserial_arduino/serial_node.py]
[roslaunch][INFO] 2022-02-14 13:50:42,078: create_node_process: package[rosserial_arduino] type[serial_node.py] machine[Machine(name[] env_loader[None] address[localhost] ssh_port[22] user[None] assignable[True] timeout[10.0])] master_uri[http://localhost:11311]
[roslaunch][INFO] 2022-02-14 13:50:42,078: process[sensor/tactile_pressure-2]: env[{'ROS_DISTRO': 'melodic', 'ROSLISP_PACKAGE_DIRECTORIES': '/home/ros/catkin_ws/devel/share/common-lisp', 'LD_LIBRARY_PATH': '/home/ros/catkin_ws/devel/lib:/opt/ros/melodic/lib', 'ROS_PACKAGE_PATH': '/home/ros/catkin_ws/src:/opt/ros/melodic/share', 'PATH': '/opt/ros/melodic/bin:/usr/local/sbin:/usr/local/bin:/usr/sbin:/usr/bin:/sbin:/bin', 'CMAKE_PREFIX_PATH': '/home/ros/catkin_ws/devel:/opt/ros/melodic', 'ROS_LOG_FILENAME': '/home/ros/.ros/log/1910b0d0-8d9d-11ec-a67a-7c507959f385/roslaunch-FM00351-u-295.log', 'LANG': 'C.UTF-8', 'TERM': 'xterm', 'SHLVL': '1', 'DISPLAY': ':0', 'UNAME': 'ros', 'ROS_ETC_DIR': '/opt/ros/melodic/etc/ros', 'HOME': '/home/ros', 'ROS_PYTHON_VERSION': '2', 'PYTHONPATH': '/home/ros/catkin_ws/devel/lib/python2.7/dist-packages:/opt/ros/melodic/lib/python2.7/dist-packages', 'QT_X11_NO_MITSHM': '1', 'ROS_ROOT': '/opt/ros/melodic/share/ros', 'PKG_CONFIG_PATH': '/home/ros/catkin_ws/devel/lib/pkgconfig:/opt/ros/melodic/lib/pkgconfig', 'LC_ALL': 'C.UTF-8', 'ROS_NAMESPACE': '/sensor', '_': '/opt/ros/melodic/bin/roslaunch', 'OLDPWD': '/home/ros', 'HOSTNAME': 'FM00351-u', 'PWD': '/home/ros/catkin_ws', 'ROS_MASTER_URI': 'http://localhost:11311', 'ROS_VERSION': '1'}]
[roslaunch][INFO] 2022-02-14 13:50:42,079: process[sensor/tactile_pressure-2]: args[[u'/home/ros/catkin_ws/src/rosserial/rosserial_arduino/nodes/serial_node.py', u'/sensor/Pressure:=/sensor/pressure_data', u'__name:=tactile_pressure']]
[roslaunch][INFO] 2022-02-14 13:50:42,079: ... created process [sensor/tactile_pressure-2]
[roslaunch.pmon][INFO] 2022-02-14 13:50:42,079: ProcessMonitor.register[sensor/tactile_pressure-2]
[roslaunch.pmon][INFO] 2022-02-14 13:50:42,079: ProcessMonitor.register[sensor/tactile_pressure-2] complete
[roslaunch][INFO] 2022-02-14 13:50:42,079: ... registered process [sensor/tactile_pressure-2]
[roslaunch][INFO] 2022-02-14 13:50:42,079: process[sensor/tactile_pressure-2]: starting os process
[roslaunch][INFO] 2022-02-14 13:50:42,079: process[sensor/tactile_pressure-2]: start w/ args [[u'/home/ros/catkin_ws/src/rosserial/rosserial_arduino/nodes/serial_node.py', u'/sensor/Pressure:=/sensor/pressure_data', u'__name:=tactile_pressure', u'__log:=/home/ros/.ros/log/1910b0d0-8d9d-11ec-a67a-7c507959f385/sensor-tactile_pressure-2.log']]
[roslaunch][INFO] 2022-02-14 13:50:42,079: process[sensor/tactile_pressure-2]: cwd will be [/home/ros/.ros]
[roslaunch][INFO] 2022-02-14 13:50:42,144: process[sensor/tactile_pressure-2]: started with pid [319]
[roslaunch][INFO] 2022-02-14 13:50:42,144: ... successfully launched [sensor/tactile_pressure-2]
[roslaunch][INFO] 2022-02-14 13:50:42,144: ... preparing to launch node of type [tactile_pressure_sensor/pressure_LocAndForceEstimation.py]
[roslaunch][INFO] 2022-02-14 13:50:42,144: create_node_process: package[tactile_pressure_sensor] type[pressure_LocAndForceEstimation.py] machine[Machine(name[] env_loader[None] address[localhost] ssh_port[22] user[None] assignable[True] timeout[10.0])] master_uri[http://localhost:11311]
[roslaunch][INFO] 2022-02-14 13:50:42,144: process[sensor/process_tactile_pressure-3]: env[{'ROS_DISTRO': 'melodic', 'ROSLISP_PACKAGE_DIRECTORIES': '/home/ros/catkin_ws/devel/share/common-lisp', 'LD_LIBRARY_PATH': '/home/ros/catkin_ws/devel/lib:/opt/ros/melodic/lib', 'ROS_PACKAGE_PATH': '/home/ros/catkin_ws/src:/opt/ros/melodic/share', 'PATH': '/opt/ros/melodic/bin:/usr/local/sbin:/usr/local/bin:/usr/sbin:/usr/bin:/sbin:/bin', 'CMAKE_PREFIX_PATH': '/home/ros/catkin_ws/devel:/opt/ros/melodic', 'ROS_LOG_FILENAME': '/home/ros/.ros/log/1910b0d0-8d9d-11ec-a67a-7c507959f385/roslaunch-FM00351-u-295.log', 'LANG': 'C.UTF-8', 'TERM': 'xterm', 'SHLVL': '1', 'DISPLAY': ':0', 'UNAME': 'ros', 'ROS_ETC_DIR': '/opt/ros/melodic/etc/ros', 'HOME': '/home/ros', 'ROS_PYTHON_VERSION': '2', 'PYTHONPATH': '/home/ros/catkin_ws/devel/lib/python2.7/dist-packages:/opt/ros/melodic/lib/python2.7/dist-packages', 'QT_X11_NO_MITSHM': '1', 'ROS_ROOT': '/opt/ros/melodic/share/ros', 'PKG_CONFIG_PATH': '/home/ros/catkin_ws/devel/lib/pkgconfig:/opt/ros/melodic/lib/pkgconfig', 'LC_ALL': 'C.UTF-8', 'ROS_NAMESPACE': '/sensor', '_': '/opt/ros/melodic/bin/roslaunch', 'OLDPWD': '/home/ros', 'HOSTNAME': 'FM00351-u', 'PWD': '/home/ros/catkin_ws', 'ROS_MASTER_URI': 'http://localhost:11311', 'ROS_VERSION': '1'}]
[roslaunch][INFO] 2022-02-14 13:50:42,144: process[sensor/process_tactile_pressure-3]: args[[u'/home/ros/catkin_ws/src/tactile_pressure_sensor/src/pressure_LocAndForceEstimation.py', u'/sensor/pressure_data:=/sensor/pressure_data', u'estimated_ForceAndLoc:=/sensor/estimated_ForceAndLoc', u'__name:=process_tactile_pressure']]
[roslaunch][INFO] 2022-02-14 13:50:42,145: ... created process [sensor/process_tactile_pressure-3]
[roslaunch.pmon][INFO] 2022-02-14 13:50:42,145: ProcessMonitor.register[sensor/process_tactile_pressure-3]
[roslaunch.pmon][INFO] 2022-02-14 13:50:42,145: ProcessMonitor.register[sensor/process_tactile_pressure-3] complete
[roslaunch][INFO] 2022-02-14 13:50:42,145: ... registered process [sensor/process_tactile_pressure-3]
[roslaunch][INFO] 2022-02-14 13:50:42,145: process[sensor/process_tactile_pressure-3]: starting os process
[roslaunch][INFO] 2022-02-14 13:50:42,145: process[sensor/process_tactile_pressure-3]: start w/ args [[u'/home/ros/catkin_ws/src/tactile_pressure_sensor/src/pressure_LocAndForceEstimation.py', u'/sensor/pressure_data:=/sensor/pressure_data', u'estimated_ForceAndLoc:=/sensor/estimated_ForceAndLoc', u'__name:=process_tactile_pressure', u'__log:=/home/ros/.ros/log/1910b0d0-8d9d-11ec-a67a-7c507959f385/sensor-process_tactile_pressure-3.log']]
[roslaunch][INFO] 2022-02-14 13:50:42,145: process[sensor/process_tactile_pressure-3]: cwd will be [/home/ros/.ros]
[roslaunch][INFO] 2022-02-14 13:50:42,209: process[sensor/process_tactile_pressure-3]: started with pid [324]
[roslaunch][INFO] 2022-02-14 13:50:42,209: ... successfully launched [sensor/process_tactile_pressure-3]
[roslaunch][INFO] 2022-02-14 13:50:42,209: ... launch_nodes complete
[roslaunch.pmon][INFO] 2022-02-14 13:50:42,210: registrations completed <ProcessMonitor(ProcessMonitor-1, started daemon 139978083976960)>
[roslaunch.parent][INFO] 2022-02-14 13:50:42,210: ... roslaunch parent running, waiting for process exit
[roslaunch][INFO] 2022-02-14 13:50:42,210: spin
[roslaunch.pmon][INFO] 2022-02-14 13:52:07,336: ProcessMonitor.shutdown <ProcessMonitor(ProcessMonitor-1, started daemon 139978083976960)>
[roslaunch.pmon][INFO] 2022-02-14 13:52:07,415: ProcessMonitor._post_run <ProcessMonitor(ProcessMonitor-1, started daemon 139978083976960)>
[roslaunch.pmon][INFO] 2022-02-14 13:52:07,415: ProcessMonitor._post_run <ProcessMonitor(ProcessMonitor-1, started daemon 139978083976960)>: remaining procs are [<roslaunch.nodeprocess.LocalProcess object at 0x7f4f307b2390>, <roslaunch.nodeprocess.LocalProcess object at 0x7f4f306d4350>, <roslaunch.nodeprocess.LocalProcess object at 0x7f4f307bf190>, <roslaunch.nodeprocess.LocalProcess object at 0x7f4f3022dfd0>]
[roslaunch.pmon][INFO] 2022-02-14 13:52:07,416: ProcessMonitor exit: killing sensor/process_tactile_pressure-3
[roslaunch][INFO] 2022-02-14 13:52:07,416: [sensor/process_tactile_pressure-3] killing on exit
[roslaunch][INFO] 2022-02-14 13:52:07,417: process[sensor/process_tactile_pressure-3]: killing os process with pid[324] pgid[324]
[roslaunch][INFO] 2022-02-14 13:52:07,418: [sensor/process_tactile_pressure-3] sending SIGINT to pgid [324]
[roslaunch][INFO] 2022-02-14 13:52:07,418: [sensor/process_tactile_pressure-3] sent SIGINT to pgid [324]
[roslaunch.pmon][INFO] 2022-02-14 13:52:07,417: ProcessMonitor exit: killing sensor/tactile_pressure-2
[roslaunch][INFO] 2022-02-14 13:52:07,418: [sensor/tactile_pressure-2] killing on exit
[roslaunch][INFO] 2022-02-14 13:52:07,419: process[sensor/tactile_pressure-2]: killing os process with pid[319] pgid[319]
[roslaunch][INFO] 2022-02-14 13:52:07,419: [sensor/tactile_pressure-2] sending SIGINT to pgid [319]
[roslaunch][INFO] 2022-02-14 13:52:07,419: [sensor/tactile_pressure-2] sent SIGINT to pgid [319]
[roslaunch][INFO] 2022-02-14 13:52:07,620: process[sensor/tactile_pressure-2]: SIGINT killed with return value 0
[roslaunch][INFO] 2022-02-14 13:52:08,120: process[sensor/process_tactile_pressure-3]: SIGINT killed with return value 0
[roslaunch.pmon][INFO] 2022-02-14 13:52:08,120: ProcessMonitor exit: killing rosout-1
[roslaunch][INFO] 2022-02-14 13:52:08,121: [rosout-1] killing on exit
[roslaunch][INFO] 2022-02-14 13:52:08,121: process[rosout-1]: killing os process with pid[316] pgid[316]
[roslaunch][INFO] 2022-02-14 13:52:08,121: [rosout-1] sending SIGINT to pgid [316]
[roslaunch][INFO] 2022-02-14 13:52:08,121: [rosout-1] sent SIGINT to pgid [316]
[roslaunch][INFO] 2022-02-14 13:52:08,322: process[rosout-1]: SIGINT killed with return value 0
[roslaunch.pmon][INFO] 2022-02-14 13:52:08,322: ProcessMonitor exit: killing master
[roslaunch][INFO] 2022-02-14 13:52:08,322: [master] killing on exit
[roslaunch][INFO] 2022-02-14 13:52:08,322: process[master]: killing os process with pid[305] pgid[305]
[roslaunch][INFO] 2022-02-14 13:52:08,322: [master] sending SIGINT to pgid [305]
[roslaunch][INFO] 2022-02-14 13:52:08,322: [master] sent SIGINT to pgid [305]
[roslaunch][INFO] 2022-02-14 13:52:08,523: process[master]: SIGINT killed with return value 0
[roslaunch.pmon][INFO] 2022-02-14 13:52:08,523: ProcessMonitor exit: cleaning up data structures and signals
[roslaunch.pmon][INFO] 2022-02-14 13:52:08,524: ProcessMonitor exit: pmon has shutdown
[roslaunch][INFO] 2022-02-14 13:52:08,554: process monitor is done spinning, initiating full shutdown
[roslaunch][INFO] 2022-02-14 13:52:08,554: runner.stop()
[roslaunch][INFO] 2022-02-14 13:52:08,554: shutting down processing monitor...
[roslaunch][INFO] 2022-02-14 13:52:08,554: shutting down processing monitor <ProcessMonitor(ProcessMonitor-1, stopped daemon 139978083976960)>
[roslaunch.pmon][INFO] 2022-02-14 13:52:08,554: ProcessMonitor.shutdown <ProcessMonitor(ProcessMonitor-1, stopped daemon 139978083976960)>
[roslaunch][INFO] 2022-02-14 13:52:08,555: ... shutting down processing monitor complete
[roslaunch][INFO] 2022-02-14 13:52:08,555: done
[roslaunch.pmon][INFO] 2022-02-14 13:52:08,555: ProcessMonitor.shutdown <ProcessMonitor(ProcessMonitor-1, stopped daemon 139978083976960)>
[rospy.core][INFO] 2022-02-14 13:52:08,555: signal_shutdown [atexit]
