[rospy.client][INFO] 2022-02-14 13:50:42,368: init_node, name[/sensor/tactile_pressure], pid[319]
[xmlrpc][INFO] 2022-02-14 13:50:42,372: XML-RPC server binding to 0.0.0.0:0
[xmlrpc][INFO] 2022-02-14 13:50:42,373: Started XML-RPC server [http://FM00351-u:34187/]
[rospy.init][INFO] 2022-02-14 13:50:42,373: ROS Slave URI: [http://FM00351-u:34187/]
[rospy.impl.masterslave][INFO] 2022-02-14 13:50:42,373: _ready: http://FM00351-u:34187/
[xmlrpc][INFO] 2022-02-14 13:50:42,373: xml rpc node: starting XML-RPC server
[rospy.registration][INFO] 2022-02-14 13:50:42,373: Registering with master node http://localhost:11311
[rospy.init][INFO] 2022-02-14 13:50:42,473: registered with master
[rospy.rosout][INFO] 2022-02-14 13:50:42,473: initializing /rosout core topic
[rospy.rosout][INFO] 2022-02-14 13:50:42,479: connected to core topic /rosout
[rospy.simtime][INFO] 2022-02-14 13:50:42,479: /use_sim_time is not set, will not subscribe to simulated time [/clock] topic
[rosout][INFO] 2022-02-14 13:50:42,485: ROS Serial Python Node
[rosout][INFO] 2022-02-14 13:50:42,487: Connecting to /dev/ttyACM0 at 57600 baud
[rospy.internal][INFO] 2022-02-14 13:50:42,789: topic[/rosout] adding connection to [/rosout], count 0
[rosout][INFO] 2022-02-14 13:50:44,591: Requesting topics...
[rosout][INFO] 2022-02-14 13:50:44,628: Note: publish buffer size is 512 bytes
[rosout][INFO] 2022-02-14 13:50:44,630: Setup publisher on Pressure [std_msgs/Float64MultiArray]
[rospy.internal][INFO] 2022-02-14 13:50:44,683: topic[/sensor/pressure_data] adding connection to [/sensor/process_tactile_pressure], count 0
[rospy.internal][INFO] 2022-02-14 13:51:05,341: topic[/sensor/pressure_data] adding connection to [/rostopic_685_1644846665161], count 1
[rospy.internal][INFO] 2022-02-14 13:51:52,353: topic[/sensor/pressure_data] removing connection to /rostopic_685_1644846665161
[rospy.core][INFO] 2022-02-14 13:52:07,420: signal_shutdown [signal-2]
[rosout][INFO] 2022-02-14 13:52:07,420: Sending tx stop request
[rosout][INFO] 2022-02-14 13:52:07,422: shutdown hook activated
[rospy.internal][INFO] 2022-02-14 13:52:07,423: topic[/rosout] removing connection to /rosout
[rospy.internal][INFO] 2022-02-14 13:52:07,423: topic[/sensor/pressure_data] removing connection to /sensor/process_tactile_pressure
[rospy.impl.masterslave][INFO] 2022-02-14 13:52:07,424: signal-2
[rospy.core][INFO] 2022-02-14 13:52:07,527: signal_shutdown [atexit]
