[roslaunch][INFO] 2022-02-14 16:44:28,483: Checking log directory for disk usage. This may take a while.
Press Ctrl-C to interrupt
[roslaunch][INFO] 2022-02-14 16:44:28,486: Done checking log file disk usage. Usage is <1GB.
[roslaunch][INFO] 2022-02-14 16:44:28,486: roslaunch starting with args ['/opt/ros/melodic/bin/roslaunch', 'module_gripper', 'fm_gripper_module.launch']
[roslaunch][INFO] 2022-02-14 16:44:28,486: roslaunch env is {'ROS_DISTRO': 'melodic', 'ROSLISP_PACKAGE_DIRECTORIES': '/home/ros/catkin_ws/devel/share/common-lisp', 'HOME': '/home/ros', 'PATH': '/opt/ros/melodic/bin:/usr/local/sbin:/usr/local/bin:/usr/sbin:/usr/bin:/sbin:/bin', 'ROS_PACKAGE_PATH': '/home/ros/catkin_ws/src:/opt/ros/melodic/share', 'CMAKE_PREFIX_PATH': '/home/ros/catkin_ws/devel:/opt/ros/melodic', 'LD_LIBRARY_PATH': '/home/ros/catkin_ws/devel/lib:/opt/ros/melodic/lib', 'LANG': 'C.UTF-8', 'TERM': 'xterm', 'ROS_LOG_FILENAME': '/home/ros/.ros/log/3aad4072-8db2-11ec-a38b-7c507959f385/roslaunch-FM00351-u-5548.log', 'SHLVL': '1', 'DISPLAY': ':0', 'UNAME': 'ros', 'ROS_MASTER_URI': 'http://localhost:11311', 'ROS_PYTHON_VERSION': '2', 'PYTHONPATH': '/home/ros/catkin_ws/devel/lib/python2.7/dist-packages:/opt/ros/melodic/lib/python2.7/dist-packages', 'QT_X11_NO_MITSHM': '1', 'ROS_ROOT': '/opt/ros/melodic/share/ros', 'PKG_CONFIG_PATH': '/home/ros/catkin_ws/devel/lib/pkgconfig:/opt/ros/melodic/lib/pkgconfig', 'LC_ALL': 'C.UTF-8', '_': '/opt/ros/melodic/bin/roslaunch', 'OLDPWD': '/home/ros', 'HOSTNAME': 'FM00351-u', 'PWD': '/home/ros/catkin_ws', 'ROS_ETC_DIR': '/opt/ros/melodic/etc/ros', 'ROS_VERSION': '1'}
[roslaunch][INFO] 2022-02-14 16:44:28,486: starting in server mode
[roslaunch.parent][INFO] 2022-02-14 16:44:28,487: starting roslaunch parent run
[roslaunch][INFO] 2022-02-14 16:44:28,487: loading roscore config file /opt/ros/melodic/etc/ros/roscore.xml
[roslaunch][INFO] 2022-02-14 16:44:28,784: Added core node of type [rosout/rosout] in namespace [/]
[roslaunch.config][INFO] 2022-02-14 16:44:28,784: loading config file /home/ros/catkin_ws/src/fm_gripper_module/launch/fm_gripper_module.launch
[roslaunch][INFO] 2022-02-14 16:44:28,784: Added node of type [robotiq_2f_gripper_control/Robotiq2FGripperRtuNode.py] in namespace [/]
[roslaunch][INFO] 2022-02-14 16:44:28,784: ... selected machine [] for node of type [robotiq_2f_gripper_control/Robotiq2FGripperRtuNode.py]
[roslaunch.pmon][INFO] 2022-02-14 16:44:28,785: start_process_monitor: creating ProcessMonitor
[roslaunch.pmon][INFO] 2022-02-14 16:44:28,785: created process monitor <ProcessMonitor(ProcessMonitor-1, initial daemon)>
[roslaunch.pmon][INFO] 2022-02-14 16:44:28,785: start_process_monitor: ProcessMonitor started
[roslaunch.parent][INFO] 2022-02-14 16:44:28,785: starting parent XML-RPC server
[roslaunch.server][INFO] 2022-02-14 16:44:28,785: starting roslaunch XML-RPC server
[roslaunch.server][INFO] 2022-02-14 16:44:28,785: waiting for roslaunch XML-RPC server to initialize
[xmlrpc][INFO] 2022-02-14 16:44:28,785: XML-RPC server binding to 0.0.0.0:0
[xmlrpc][INFO] 2022-02-14 16:44:28,786: Started XML-RPC server [http://FM00351-u:36259/]
[xmlrpc][INFO] 2022-02-14 16:44:28,786: xml rpc node: starting XML-RPC server
[roslaunch][INFO] 2022-02-14 16:44:28,796: started roslaunch server http://FM00351-u:36259/
[roslaunch.parent][INFO] 2022-02-14 16:44:28,797: ... parent XML-RPC server started
[roslaunch][INFO] 2022-02-14 16:44:28,797: master.is_running[http://localhost:11311]
[roslaunch][INFO] 2022-02-14 16:44:28,798: master.is_running[http://localhost:11311]
[roslaunch][INFO] 2022-02-14 16:44:28,798: ROS_MASTER_URI=http://localhost:11311
[roslaunch][INFO] 2022-02-14 16:44:28,799: setting /roslaunch/uris/host_fm00351_u__36259' to http://FM00351-u:36259/
[roslaunch][INFO] 2022-02-14 16:44:28,799: load_parameters starting ...
[roslaunch][INFO] 2022-02-14 16:44:28,801: ... load_parameters complete
[roslaunch][INFO] 2022-02-14 16:44:28,801: launch_nodes: launching local nodes ...
[roslaunch][INFO] 2022-02-14 16:44:28,801: ... preparing to launch node of type [robotiq_2f_gripper_control/Robotiq2FGripperRtuNode.py]
[roslaunch][INFO] 2022-02-14 16:44:28,801: create_node_process: package[robotiq_2f_gripper_control] type[Robotiq2FGripperRtuNode.py] machine[Machine(name[] env_loader[None] address[localhost] ssh_port[22] user[None] assignable[True] timeout[10.0])] master_uri[http://localhost:11311]
[roslaunch][INFO] 2022-02-14 16:44:28,801: process[Robotiq2FGripperRtuNode-1]: env[{'ROS_DISTRO': 'melodic', 'ROSLISP_PACKAGE_DIRECTORIES': '/home/ros/catkin_ws/devel/share/common-lisp', 'LD_LIBRARY_PATH': '/home/ros/catkin_ws/devel/lib:/opt/ros/melodic/lib', 'ROS_PACKAGE_PATH': '/home/ros/catkin_ws/src:/opt/ros/melodic/share', 'PATH': '/opt/ros/melodic/bin:/usr/local/sbin:/usr/local/bin:/usr/sbin:/usr/bin:/sbin:/bin', 'CMAKE_PREFIX_PATH': '/home/ros/catkin_ws/devel:/opt/ros/melodic', 'ROS_LOG_FILENAME': '/home/ros/.ros/log/3aad4072-8db2-11ec-a38b-7c507959f385/roslaunch-FM00351-u-5548.log', 'LANG': 'C.UTF-8', 'TERM': 'xterm', 'SHLVL': '1', 'DISPLAY': ':0', 'UNAME': 'ros', 'ROS_ETC_DIR': '/opt/ros/melodic/etc/ros', 'HOME': '/home/ros', 'ROS_PYTHON_VERSION': '2', 'PYTHONPATH': '/home/ros/catkin_ws/devel/lib/python2.7/dist-packages:/opt/ros/melodic/lib/python2.7/dist-packages', 'QT_X11_NO_MITSHM': '1', 'ROS_ROOT': '/opt/ros/melodic/share/ros', 'PKG_CONFIG_PATH': '/home/ros/catkin_ws/devel/lib/pkgconfig:/opt/ros/melodic/lib/pkgconfig', 'LC_ALL': 'C.UTF-8', '_': '/opt/ros/melodic/bin/roslaunch', 'OLDPWD': '/home/ros', 'HOSTNAME': 'FM00351-u', 'PWD': '/home/ros/catkin_ws', 'ROS_MASTER_URI': 'http://localhost:11311', 'ROS_VERSION': '1'}]
[roslaunch][INFO] 2022-02-14 16:44:29,001: process[Robotiq2FGripperRtuNode-1]: args[[u'/home/ros/catkin_ws/src/robotiq/robotiq_2f_gripper_control/nodes/Robotiq2FGripperRtuNode.py', '/dev/ttyUSB0', u'__name:=Robotiq2FGripperRtuNode']]
[roslaunch][INFO] 2022-02-14 16:44:29,001: ... created process [Robotiq2FGripperRtuNode-1]
[roslaunch.pmon][INFO] 2022-02-14 16:44:29,001: ProcessMonitor.register[Robotiq2FGripperRtuNode-1]
[roslaunch.pmon][INFO] 2022-02-14 16:44:29,001: ProcessMonitor.register[Robotiq2FGripperRtuNode-1] complete
[roslaunch][INFO] 2022-02-14 16:44:29,001: ... registered process [Robotiq2FGripperRtuNode-1]
[roslaunch][INFO] 2022-02-14 16:44:29,001: process[Robotiq2FGripperRtuNode-1]: starting os process
[roslaunch][INFO] 2022-02-14 16:44:29,001: process[Robotiq2FGripperRtuNode-1]: start w/ args [[u'/home/ros/catkin_ws/src/robotiq/robotiq_2f_gripper_control/nodes/Robotiq2FGripperRtuNode.py', '/dev/ttyUSB0', u'__name:=Robotiq2FGripperRtuNode', u'__log:=/home/ros/.ros/log/3aad4072-8db2-11ec-a38b-7c507959f385/Robotiq2FGripperRtuNode-1.log']]
[roslaunch][INFO] 2022-02-14 16:44:29,001: process[Robotiq2FGripperRtuNode-1]: cwd will be [/home/ros/.ros]
[roslaunch][INFO] 2022-02-14 16:44:29,066: process[Robotiq2FGripperRtuNode-1]: started with pid [5563]
[roslaunch][INFO] 2022-02-14 16:44:29,066: ... successfully launched [Robotiq2FGripperRtuNode-1]
[roslaunch][INFO] 2022-02-14 16:44:29,066: ... launch_nodes complete
[roslaunch.pmon][INFO] 2022-02-14 16:44:29,066: registrations completed <ProcessMonitor(ProcessMonitor-1, started daemon 140549307361024)>
[roslaunch.parent][INFO] 2022-02-14 16:44:29,066: ... roslaunch parent running, waiting for process exit
[roslaunch][INFO] 2022-02-14 16:44:29,066: spin
[roslaunch.pmon][INFO] 2022-02-14 16:44:38,421: ProcessMonitor.shutdown <ProcessMonitor(ProcessMonitor-1, started daemon 140549307361024)>
[roslaunch.pmon][INFO] 2022-02-14 16:44:38,514: ProcessMonitor._post_run <ProcessMonitor(ProcessMonitor-1, started daemon 140549307361024)>
[roslaunch.pmon][INFO] 2022-02-14 16:44:38,514: ProcessMonitor._post_run <ProcessMonitor(ProcessMonitor-1, started daemon 140549307361024)>: remaining procs are [<roslaunch.nodeprocess.LocalProcess object at 0x7fd42fb4e390>]
[roslaunch.pmon][INFO] 2022-02-14 16:44:38,515: ProcessMonitor exit: killing Robotiq2FGripperRtuNode-1
[roslaunch][INFO] 2022-02-14 16:44:38,516: [Robotiq2FGripperRtuNode-1] killing on exit
[roslaunch][INFO] 2022-02-14 16:44:38,516: process[Robotiq2FGripperRtuNode-1]: killing os process with pid[5563] pgid[5563]
[roslaunch][INFO] 2022-02-14 16:44:38,517: [Robotiq2FGripperRtuNode-1] sending SIGINT to pgid [5563]
[roslaunch][INFO] 2022-02-14 16:44:38,517: [Robotiq2FGripperRtuNode-1] sent SIGINT to pgid [5563]
[roslaunch][INFO] 2022-02-14 16:44:39,219: process[Robotiq2FGripperRtuNode-1]: SIGINT killed with return value 0
[roslaunch.pmon][INFO] 2022-02-14 16:44:39,220: ProcessMonitor exit: cleaning up data structures and signals
[roslaunch.pmon][INFO] 2022-02-14 16:44:39,220: ProcessMonitor exit: pmon has shutdown
[roslaunch][INFO] 2022-02-14 16:44:39,238: process monitor is done spinning, initiating full shutdown
[roslaunch][INFO] 2022-02-14 16:44:39,238: runner.stop()
[roslaunch][INFO] 2022-02-14 16:44:39,238: shutting down processing monitor...
[roslaunch][INFO] 2022-02-14 16:44:39,238: shutting down processing monitor <ProcessMonitor(ProcessMonitor-1, stopped daemon 140549307361024)>
[roslaunch.pmon][INFO] 2022-02-14 16:44:39,238: ProcessMonitor.shutdown <ProcessMonitor(ProcessMonitor-1, stopped daemon 140549307361024)>
[roslaunch][INFO] 2022-02-14 16:44:39,238: ... shutting down processing monitor complete
[roslaunch][INFO] 2022-02-14 16:44:39,238: done
[roslaunch.pmon][INFO] 2022-02-14 16:44:39,238: ProcessMonitor.shutdown <ProcessMonitor(ProcessMonitor-1, stopped daemon 140549307361024)>
[rospy.core][INFO] 2022-02-14 16:44:39,239: signal_shutdown [atexit]
