[roslaunch][INFO] 2022-02-14 16:21:57,045: Checking log directory for disk usage. This may take a while.
Press Ctrl-C to interrupt
[roslaunch][INFO] 2022-02-14 16:21:57,048: Done checking log file disk usage. Usage is <1GB.
[roslaunch][INFO] 2022-02-14 16:21:57,048: roslaunch starting with args ['roscore', '--core']
[roslaunch][INFO] 2022-02-14 16:21:57,048: roslaunch env is {'ROS_DISTRO': 'melodic', 'ROSLISP_PACKAGE_DIRECTORIES': '/home/ros/catkin_ws/devel/share/common-lisp', 'HOME': '/home/ros', 'PATH': '/opt/ros/melodic/bin:/usr/local/sbin:/usr/local/bin:/usr/sbin:/usr/bin:/sbin:/bin', 'ROS_PACKAGE_PATH': '/home/ros/catkin_ws/src:/opt/ros/melodic/share', 'CMAKE_PREFIX_PATH': '/home/ros/catkin_ws/devel:/opt/ros/melodic', 'LD_LIBRARY_PATH': '/home/ros/catkin_ws/devel/lib:/opt/ros/melodic/lib', 'LANG': 'C.UTF-8', 'TERM': 'xterm', 'ROS_LOG_FILENAME': '/home/ros/.ros/log/3aad4072-8db2-11ec-a38b-7c507959f385/roslaunch-FM00351-u-4148.log', 'SHLVL': '1', 'DISPLAY': ':0', 'UNAME': 'ros', 'ROS_MASTER_URI': 'http://localhost:11311', 'ROS_PYTHON_VERSION': '2', 'PYTHONPATH': '/home/ros/catkin_ws/devel/lib/python2.7/dist-packages:/opt/ros/melodic/lib/python2.7/dist-packages', 'QT_X11_NO_MITSHM': '1', 'ROS_ROOT': '/opt/ros/melodic/share/ros', 'PKG_CONFIG_PATH': '/home/ros/catkin_ws/devel/lib/pkgconfig:/opt/ros/melodic/lib/pkgconfig', 'LC_ALL': 'C.UTF-8', '_': '/opt/ros/melodic/bin/roscore', 'HOSTNAME': 'FM00351-u', 'PWD': '/home/ros', 'ROS_ETC_DIR': '/opt/ros/melodic/etc/ros', 'ROS_VERSION': '1'}
[roslaunch][INFO] 2022-02-14 16:21:57,048: starting in server mode
[roslaunch.parent][INFO] 2022-02-14 16:21:57,048: starting roslaunch parent run
[roslaunch][INFO] 2022-02-14 16:21:57,048: loading roscore config file /opt/ros/melodic/etc/ros/roscore.xml
[roslaunch][INFO] 2022-02-14 16:21:57,346: Added core node of type [rosout/rosout] in namespace [/]
[roslaunch.pmon][INFO] 2022-02-14 16:21:57,346: start_process_monitor: creating ProcessMonitor
[roslaunch.pmon][INFO] 2022-02-14 16:21:57,346: created process monitor <ProcessMonitor(ProcessMonitor-1, initial daemon)>
[roslaunch.pmon][INFO] 2022-02-14 16:21:57,346: start_process_monitor: ProcessMonitor started
[roslaunch.parent][INFO] 2022-02-14 16:21:57,346: starting parent XML-RPC server
[roslaunch.server][INFO] 2022-02-14 16:21:57,346: starting roslaunch XML-RPC server
[roslaunch.server][INFO] 2022-02-14 16:21:57,346: waiting for roslaunch XML-RPC server to initialize
[xmlrpc][INFO] 2022-02-14 16:21:57,346: XML-RPC server binding to 0.0.0.0:0
[xmlrpc][INFO] 2022-02-14 16:21:57,346: Started XML-RPC server [http://FM00351-u:36039/]
[xmlrpc][INFO] 2022-02-14 16:21:57,347: xml rpc node: starting XML-RPC server
[roslaunch][INFO] 2022-02-14 16:21:57,357: started roslaunch server http://FM00351-u:36039/
[roslaunch.parent][INFO] 2022-02-14 16:21:57,357: ... parent XML-RPC server started
[roslaunch][INFO] 2022-02-14 16:21:57,357: master.is_running[http://FM00351-u:11311/]
[roslaunch][INFO] 2022-02-14 16:21:57,358: auto-starting new master
[roslaunch][INFO] 2022-02-14 16:21:57,358: create_master_process: rosmaster, /opt/ros/melodic/share/ros, 11311, 3, None, False
[roslaunch][INFO] 2022-02-14 16:21:57,359: process[master]: launching with args [['rosmaster', '--core', '-p', '11311', '-w', '3']]
[roslaunch.pmon][INFO] 2022-02-14 16:21:57,359: ProcessMonitor.register[master]
[roslaunch.pmon][INFO] 2022-02-14 16:21:57,359: ProcessMonitor.register[master] complete
[roslaunch][INFO] 2022-02-14 16:21:57,359: process[master]: starting os process
[roslaunch][INFO] 2022-02-14 16:21:57,359: process[master]: start w/ args [['rosmaster', '--core', '-p', '11311', '-w', '3', '__log:=/home/ros/.ros/log/3aad4072-8db2-11ec-a38b-7c507959f385/master.log']]
[roslaunch][INFO] 2022-02-14 16:21:57,359: process[master]: cwd will be [/home/ros/.ros]
[roslaunch][INFO] 2022-02-14 16:21:57,424: process[master]: started with pid [4158]
[roslaunch][INFO] 2022-02-14 16:21:57,424: master.is_running[http://FM00351-u:11311/]
[roslaunch][INFO] 2022-02-14 16:21:57,524: master.is_running[http://FM00351-u:11311/]
[roslaunch][INFO] 2022-02-14 16:21:57,625: master.is_running[http://FM00351-u:11311/]
[roslaunch][INFO] 2022-02-14 16:21:57,627: master.is_running[http://FM00351-u:11311/]
[roslaunch][INFO] 2022-02-14 16:21:57,628: ROS_MASTER_URI=http://FM00351-u:11311/
[roslaunch][INFO] 2022-02-14 16:21:57,630: setting /run_id to 3aad4072-8db2-11ec-a38b-7c507959f385
[roslaunch][INFO] 2022-02-14 16:21:57,631: setting /roslaunch/uris/host_fm00351_u__36039' to http://FM00351-u:36039/
[roslaunch][INFO] 2022-02-14 16:21:57,633: ... preparing to launch node of type [rosout/rosout]
[roslaunch][INFO] 2022-02-14 16:21:57,633: create_node_process: package[rosout] type[rosout] machine[Machine(name[] env_loader[None] address[localhost] ssh_port[22] user[None] assignable[True] timeout[10.0])] master_uri[http://FM00351-u:11311/]
[roslaunch][INFO] 2022-02-14 16:21:57,633: process[rosout-1]: env[{'ROS_DISTRO': 'melodic', 'ROSLISP_PACKAGE_DIRECTORIES': '/home/ros/catkin_ws/devel/share/common-lisp', 'LD_LIBRARY_PATH': '/home/ros/catkin_ws/devel/lib:/opt/ros/melodic/lib', 'ROS_PACKAGE_PATH': '/home/ros/catkin_ws/src:/opt/ros/melodic/share', 'PATH': '/opt/ros/melodic/bin:/usr/local/sbin:/usr/local/bin:/usr/sbin:/usr/bin:/sbin:/bin', 'CMAKE_PREFIX_PATH': '/home/ros/catkin_ws/devel:/opt/ros/melodic', 'ROS_LOG_FILENAME': '/home/ros/.ros/log/3aad4072-8db2-11ec-a38b-7c507959f385/roslaunch-FM00351-u-4148.log', 'LANG': 'C.UTF-8', 'TERM': 'xterm', 'SHLVL': '1', 'DISPLAY': ':0', 'UNAME': 'ros', 'ROS_ETC_DIR': '/opt/ros/melodic/etc/ros', 'HOME': '/home/ros', 'ROS_PYTHON_VERSION': '2', 'PYTHONPATH': '/home/ros/catkin_ws/devel/lib/python2.7/dist-packages:/opt/ros/melodic/lib/python2.7/dist-packages', 'QT_X11_NO_MITSHM': '1', 'ROS_ROOT': '/opt/ros/melodic/share/ros', 'PKG_CONFIG_PATH': '/home/ros/catkin_ws/devel/lib/pkgconfig:/opt/ros/melodic/lib/pkgconfig', 'LC_ALL': 'C.UTF-8', '_': '/opt/ros/melodic/bin/roscore', 'HOSTNAME': 'FM00351-u', 'PWD': '/home/ros', 'ROS_MASTER_URI': 'http://FM00351-u:11311/', 'ROS_VERSION': '1'}]
[roslaunch][INFO] 2022-02-14 16:21:57,831: process[rosout-1]: args[[u'/opt/ros/melodic/lib/rosout/rosout', u'__name:=rosout']]
[roslaunch][INFO] 2022-02-14 16:21:57,831: ... created process [rosout-1]
[roslaunch.pmon][INFO] 2022-02-14 16:21:57,831: ProcessMonitor.register[rosout-1]
[roslaunch.pmon][INFO] 2022-02-14 16:21:57,831: ProcessMonitor.register[rosout-1] complete
[roslaunch][INFO] 2022-02-14 16:21:57,831: ... registered process [rosout-1]
[roslaunch][INFO] 2022-02-14 16:21:57,831: process[rosout-1]: starting os process
[roslaunch][INFO] 2022-02-14 16:21:57,831: process[rosout-1]: start w/ args [[u'/opt/ros/melodic/lib/rosout/rosout', u'__name:=rosout', u'__log:=/home/ros/.ros/log/3aad4072-8db2-11ec-a38b-7c507959f385/rosout-1.log']]
[roslaunch][INFO] 2022-02-14 16:21:57,831: process[rosout-1]: cwd will be [/home/ros/.ros]
[roslaunch][INFO] 2022-02-14 16:21:57,897: process[rosout-1]: started with pid [4169]
[roslaunch][INFO] 2022-02-14 16:21:57,897: ... successfully launched [rosout-1]
[roslaunch][INFO] 2022-02-14 16:21:57,897: load_parameters starting ...
[roslaunch][INFO] 2022-02-14 16:21:57,899: ... load_parameters complete
[roslaunch][INFO] 2022-02-14 16:21:57,899: launch_nodes: launching local nodes ...
[roslaunch][INFO] 2022-02-14 16:21:57,899: ... launch_nodes complete
[roslaunch.pmon][INFO] 2022-02-14 16:21:57,899: registrations completed <ProcessMonitor(ProcessMonitor-1, started daemon 139901356738304)>
[roslaunch.parent][INFO] 2022-02-14 16:21:57,899: ... roslaunch parent running, waiting for process exit
[roslaunch][INFO] 2022-02-14 16:21:57,899: spin
[roslaunch.pmon][INFO] 2022-02-14 16:55:22,454: ProcessMonitor.shutdown <ProcessMonitor(ProcessMonitor-1, started daemon 139901356738304)>
[roslaunch.pmon][INFO] 2022-02-14 16:55:22,471: ProcessMonitor._post_run <ProcessMonitor(ProcessMonitor-1, started daemon 139901356738304)>
[roslaunch.pmon][INFO] 2022-02-14 16:55:22,472: ProcessMonitor._post_run <ProcessMonitor(ProcessMonitor-1, started daemon 139901356738304)>: remaining procs are [<roslaunch.nodeprocess.LocalProcess object at 0x7f3d52af6550>, <roslaunch.nodeprocess.LocalProcess object at 0x7f3d52b12e10>]
[roslaunch.pmon][INFO] 2022-02-14 16:55:22,476: ProcessMonitor exit: killing rosout-1
[roslaunch][INFO] 2022-02-14 16:55:22,476: [rosout-1] killing on exit
[roslaunch][INFO] 2022-02-14 16:55:22,476: process[rosout-1]: killing os process with pid[4169] pgid[4169]
[roslaunch][INFO] 2022-02-14 16:55:22,476: [rosout-1] sending SIGINT to pgid [4169]
[roslaunch][INFO] 2022-02-14 16:55:22,476: [rosout-1] sent SIGINT to pgid [4169]
[roslaunch][INFO] 2022-02-14 16:55:22,677: process[rosout-1]: SIGINT killed with return value 0
[roslaunch.pmon][INFO] 2022-02-14 16:55:22,677: ProcessMonitor exit: killing master
[roslaunch][INFO] 2022-02-14 16:55:22,677: [master] killing on exit
[roslaunch][INFO] 2022-02-14 16:55:22,677: process[master]: killing os process with pid[4158] pgid[4158]
[roslaunch][INFO] 2022-02-14 16:55:22,677: [master] sending SIGINT to pgid [4158]
[roslaunch][INFO] 2022-02-14 16:55:22,677: [master] sent SIGINT to pgid [4158]
[roslaunch][INFO] 2022-02-14 16:55:22,878: process[master]: SIGINT killed with return value 0
[roslaunch.pmon][INFO] 2022-02-14 16:55:22,878: ProcessMonitor exit: cleaning up data structures and signals
[roslaunch.pmon][INFO] 2022-02-14 16:55:22,878: ProcessMonitor exit: pmon has shutdown
[roslaunch][INFO] 2022-02-14 16:55:22,919: process monitor is done spinning, initiating full shutdown
[roslaunch][INFO] 2022-02-14 16:55:22,919: runner.stop()
[roslaunch][INFO] 2022-02-14 16:55:22,919: shutting down processing monitor...
[roslaunch][INFO] 2022-02-14 16:55:22,919: shutting down processing monitor <ProcessMonitor(ProcessMonitor-1, stopped daemon 139901356738304)>
[roslaunch.pmon][INFO] 2022-02-14 16:55:22,919: ProcessMonitor.shutdown <ProcessMonitor(ProcessMonitor-1, stopped daemon 139901356738304)>
[roslaunch][INFO] 2022-02-14 16:55:22,919: ... shutting down processing monitor complete
[roslaunch][INFO] 2022-02-14 16:55:22,919: done
[roslaunch.pmon][INFO] 2022-02-14 16:55:22,919: ProcessMonitor.shutdown <ProcessMonitor(ProcessMonitor-1, stopped daemon 139901356738304)>
[rospy.core][INFO] 2022-02-14 16:55:22,919: signal_shutdown [atexit]
