[roslaunch][INFO] 2022-02-14 16:33:14,965: Checking log directory for disk usage. This may take a while.
Press Ctrl-C to interrupt
[roslaunch][INFO] 2022-02-14 16:33:14,968: Done checking log file disk usage. Usage is <1GB.
[roslaunch][INFO] 2022-02-14 16:33:14,968: roslaunch starting with args ['/opt/ros/melodic/bin/roslaunch', 'module_gripper', 'fm_gripper_module.launch']
[roslaunch][INFO] 2022-02-14 16:33:14,968: roslaunch env is {'ROS_DISTRO': 'melodic', 'ROSLISP_PACKAGE_DIRECTORIES': '/home/ros/catkin_ws/devel/share/common-lisp', 'HOME': '/home/ros', 'PATH': '/opt/ros/melodic/bin:/usr/local/sbin:/usr/local/bin:/usr/sbin:/usr/bin:/sbin:/bin', 'ROS_PACKAGE_PATH': '/home/ros/catkin_ws/src:/opt/ros/melodic/share', 'CMAKE_PREFIX_PATH': '/home/ros/catkin_ws/devel:/opt/ros/melodic', 'LD_LIBRARY_PATH': '/home/ros/catkin_ws/devel/lib:/opt/ros/melodic/lib', 'LANG': 'C.UTF-8', 'TERM': 'xterm', 'ROS_LOG_FILENAME': '/home/ros/.ros/log/3aad4072-8db2-11ec-a38b-7c507959f385/roslaunch-FM00351-u-5225.log', 'SHLVL': '1', 'DISPLAY': ':0', 'UNAME': 'ros', 'ROS_MASTER_URI': 'http://localhost:11311', 'ROS_PYTHON_VERSION': '2', 'PYTHONPATH': '/home/ros/catkin_ws/devel/lib/python2.7/dist-packages:/opt/ros/melodic/lib/python2.7/dist-packages', 'QT_X11_NO_MITSHM': '1', 'ROS_ROOT': '/opt/ros/melodic/share/ros', 'PKG_CONFIG_PATH': '/home/ros/catkin_ws/devel/lib/pkgconfig:/opt/ros/melodic/lib/pkgconfig', 'LC_ALL': 'C.UTF-8', '_': '/opt/ros/melodic/bin/roslaunch', 'OLDPWD': '/home/ros', 'HOSTNAME': 'FM00351-u', 'PWD': '/home/ros/catkin_ws', 'ROS_ETC_DIR': '/opt/ros/melodic/etc/ros', 'ROS_VERSION': '1'}
[roslaunch][INFO] 2022-02-14 16:33:14,968: starting in server mode
[roslaunch.parent][INFO] 2022-02-14 16:33:14,968: starting roslaunch parent run
[roslaunch][INFO] 2022-02-14 16:33:14,968: loading roscore config file /opt/ros/melodic/etc/ros/roscore.xml
[roslaunch][INFO] 2022-02-14 16:33:15,265: Added core node of type [rosout/rosout] in namespace [/]
[roslaunch.config][INFO] 2022-02-14 16:33:15,265: loading config file /home/ros/catkin_ws/src/fm_gripper_module/launch/fm_gripper_module.launch
[roslaunch][INFO] 2022-02-14 16:33:15,265: Added node of type [rosserial_python/serial_node.py] in namespace [/]
[roslaunch][INFO] 2022-02-14 16:33:15,265: Added node of type [robotiq_2f_gripper_control/Robotiq2FGripperRtuNode.py] in namespace [/]
[roslaunch][INFO] 2022-02-14 16:33:15,265: ... selected machine [] for node of type [rosserial_python/serial_node.py]
[roslaunch][INFO] 2022-02-14 16:33:15,265: ... selected machine [] for node of type [robotiq_2f_gripper_control/Robotiq2FGripperRtuNode.py]
[roslaunch.pmon][INFO] 2022-02-14 16:33:15,266: start_process_monitor: creating ProcessMonitor
[roslaunch.pmon][INFO] 2022-02-14 16:33:15,266: created process monitor <ProcessMonitor(ProcessMonitor-1, initial daemon)>
[roslaunch.pmon][INFO] 2022-02-14 16:33:15,266: start_process_monitor: ProcessMonitor started
[roslaunch.parent][INFO] 2022-02-14 16:33:15,266: starting parent XML-RPC server
[roslaunch.server][INFO] 2022-02-14 16:33:15,266: starting roslaunch XML-RPC server
[roslaunch.server][INFO] 2022-02-14 16:33:15,266: waiting for roslaunch XML-RPC server to initialize
[xmlrpc][INFO] 2022-02-14 16:33:15,266: XML-RPC server binding to 0.0.0.0:0
[xmlrpc][INFO] 2022-02-14 16:33:15,267: Started XML-RPC server [http://FM00351-u:45407/]
[xmlrpc][INFO] 2022-02-14 16:33:15,267: xml rpc node: starting XML-RPC server
[roslaunch][INFO] 2022-02-14 16:33:15,278: started roslaunch server http://FM00351-u:45407/
[roslaunch.parent][INFO] 2022-02-14 16:33:15,278: ... parent XML-RPC server started
[roslaunch][ERROR] 2022-02-14 16:33:15,278: WARNING: WARN: unrecognized 'arg' child tag in the parent tag element: <node name="Robotiq2FGripperRtuNode" pkg="robotiq_2f_gripper_control" type="Robotiq2FGripperRtuNode.py">
  <arg port="/dev/ttyUSB0"/>
  </node>
[roslaunch][INFO] 2022-02-14 16:33:15,278: master.is_running[http://localhost:11311]
[roslaunch][INFO] 2022-02-14 16:33:15,279: master.is_running[http://localhost:11311]
[roslaunch][INFO] 2022-02-14 16:33:15,279: ROS_MASTER_URI=http://localhost:11311
[roslaunch][INFO] 2022-02-14 16:33:15,280: setting /roslaunch/uris/host_fm00351_u__45407' to http://FM00351-u:45407/
[roslaunch][INFO] 2022-02-14 16:33:15,281: load_parameters starting ...
[roslaunch][INFO] 2022-02-14 16:33:15,282: ... load_parameters complete
[roslaunch][INFO] 2022-02-14 16:33:15,282: launch_nodes: launching local nodes ...
[roslaunch][INFO] 2022-02-14 16:33:15,282: ... preparing to launch node of type [rosserial_python/serial_node.py]
[roslaunch][INFO] 2022-02-14 16:33:15,282: create_node_process: package[rosserial_python] type[serial_node.py] machine[Machine(name[] env_loader[None] address[localhost] ssh_port[22] user[None] assignable[True] timeout[10.0])] master_uri[http://localhost:11311]
[roslaunch][INFO] 2022-02-14 16:33:15,282: process[serial_node-1]: env[{'ROS_DISTRO': 'melodic', 'ROSLISP_PACKAGE_DIRECTORIES': '/home/ros/catkin_ws/devel/share/common-lisp', 'LD_LIBRARY_PATH': '/home/ros/catkin_ws/devel/lib:/opt/ros/melodic/lib', 'ROS_PACKAGE_PATH': '/home/ros/catkin_ws/src:/opt/ros/melodic/share', 'PATH': '/opt/ros/melodic/bin:/usr/local/sbin:/usr/local/bin:/usr/sbin:/usr/bin:/sbin:/bin', 'CMAKE_PREFIX_PATH': '/home/ros/catkin_ws/devel:/opt/ros/melodic', 'ROS_LOG_FILENAME': '/home/ros/.ros/log/3aad4072-8db2-11ec-a38b-7c507959f385/roslaunch-FM00351-u-5225.log', 'LANG': 'C.UTF-8', 'TERM': 'xterm', 'SHLVL': '1', 'DISPLAY': ':0', 'UNAME': 'ros', 'ROS_ETC_DIR': '/opt/ros/melodic/etc/ros', 'HOME': '/home/ros', 'ROS_PYTHON_VERSION': '2', 'PYTHONPATH': '/home/ros/catkin_ws/devel/lib/python2.7/dist-packages:/opt/ros/melodic/lib/python2.7/dist-packages', 'QT_X11_NO_MITSHM': '1', 'ROS_ROOT': '/opt/ros/melodic/share/ros', 'PKG_CONFIG_PATH': '/home/ros/catkin_ws/devel/lib/pkgconfig:/opt/ros/melodic/lib/pkgconfig', 'LC_ALL': 'C.UTF-8', '_': '/opt/ros/melodic/bin/roslaunch', 'OLDPWD': '/home/ros', 'HOSTNAME': 'FM00351-u', 'PWD': '/home/ros/catkin_ws', 'ROS_MASTER_URI': 'http://localhost:11311', 'ROS_VERSION': '1'}]
[roslaunch][INFO] 2022-02-14 16:33:15,478: process[serial_node-1]: args[[u'/home/ros/catkin_ws/src/rosserial/rosserial_python/nodes/serial_node.py', u'__name:=serial_node']]
[roslaunch][INFO] 2022-02-14 16:33:15,478: ... created process [serial_node-1]
[roslaunch.pmon][INFO] 2022-02-14 16:33:15,478: ProcessMonitor.register[serial_node-1]
[roslaunch.pmon][INFO] 2022-02-14 16:33:15,478: ProcessMonitor.register[serial_node-1] complete
[roslaunch][INFO] 2022-02-14 16:33:15,478: ... registered process [serial_node-1]
[roslaunch][INFO] 2022-02-14 16:33:15,478: process[serial_node-1]: starting os process
[roslaunch][INFO] 2022-02-14 16:33:15,478: process[serial_node-1]: start w/ args [[u'/home/ros/catkin_ws/src/rosserial/rosserial_python/nodes/serial_node.py', u'__name:=serial_node', u'__log:=/home/ros/.ros/log/3aad4072-8db2-11ec-a38b-7c507959f385/serial_node-1.log']]
[roslaunch][INFO] 2022-02-14 16:33:15,478: process[serial_node-1]: cwd will be [/home/ros/.ros]
[roslaunch][INFO] 2022-02-14 16:33:15,542: process[serial_node-1]: started with pid [5240]
[roslaunch][INFO] 2022-02-14 16:33:15,542: ... successfully launched [serial_node-1]
[roslaunch][INFO] 2022-02-14 16:33:15,542: ... preparing to launch node of type [robotiq_2f_gripper_control/Robotiq2FGripperRtuNode.py]
[roslaunch][INFO] 2022-02-14 16:33:15,542: create_node_process: package[robotiq_2f_gripper_control] type[Robotiq2FGripperRtuNode.py] machine[Machine(name[] env_loader[None] address[localhost] ssh_port[22] user[None] assignable[True] timeout[10.0])] master_uri[http://localhost:11311]
[roslaunch][INFO] 2022-02-14 16:33:15,542: process[Robotiq2FGripperRtuNode-2]: env[{'ROS_DISTRO': 'melodic', 'ROSLISP_PACKAGE_DIRECTORIES': '/home/ros/catkin_ws/devel/share/common-lisp', 'LD_LIBRARY_PATH': '/home/ros/catkin_ws/devel/lib:/opt/ros/melodic/lib', 'ROS_PACKAGE_PATH': '/home/ros/catkin_ws/src:/opt/ros/melodic/share', 'PATH': '/opt/ros/melodic/bin:/usr/local/sbin:/usr/local/bin:/usr/sbin:/usr/bin:/sbin:/bin', 'CMAKE_PREFIX_PATH': '/home/ros/catkin_ws/devel:/opt/ros/melodic', 'ROS_LOG_FILENAME': '/home/ros/.ros/log/3aad4072-8db2-11ec-a38b-7c507959f385/roslaunch-FM00351-u-5225.log', 'LANG': 'C.UTF-8', 'TERM': 'xterm', 'SHLVL': '1', 'DISPLAY': ':0', 'UNAME': 'ros', 'ROS_ETC_DIR': '/opt/ros/melodic/etc/ros', 'HOME': '/home/ros', 'ROS_PYTHON_VERSION': '2', 'PYTHONPATH': '/home/ros/catkin_ws/devel/lib/python2.7/dist-packages:/opt/ros/melodic/lib/python2.7/dist-packages', 'QT_X11_NO_MITSHM': '1', 'ROS_ROOT': '/opt/ros/melodic/share/ros', 'PKG_CONFIG_PATH': '/home/ros/catkin_ws/devel/lib/pkgconfig:/opt/ros/melodic/lib/pkgconfig', 'LC_ALL': 'C.UTF-8', '_': '/opt/ros/melodic/bin/roslaunch', 'OLDPWD': '/home/ros', 'HOSTNAME': 'FM00351-u', 'PWD': '/home/ros/catkin_ws', 'ROS_MASTER_URI': 'http://localhost:11311', 'ROS_VERSION': '1'}]
[roslaunch][INFO] 2022-02-14 16:33:15,543: process[Robotiq2FGripperRtuNode-2]: args[[u'/home/ros/catkin_ws/src/robotiq/robotiq_2f_gripper_control/nodes/Robotiq2FGripperRtuNode.py', u'__name:=Robotiq2FGripperRtuNode']]
[roslaunch][INFO] 2022-02-14 16:33:15,543: ... created process [Robotiq2FGripperRtuNode-2]
[roslaunch.pmon][INFO] 2022-02-14 16:33:15,543: ProcessMonitor.register[Robotiq2FGripperRtuNode-2]
[roslaunch.pmon][INFO] 2022-02-14 16:33:15,543: ProcessMonitor.register[Robotiq2FGripperRtuNode-2] complete
[roslaunch][INFO] 2022-02-14 16:33:15,543: ... registered process [Robotiq2FGripperRtuNode-2]
[roslaunch][INFO] 2022-02-14 16:33:15,543: process[Robotiq2FGripperRtuNode-2]: starting os process
[roslaunch][INFO] 2022-02-14 16:33:15,543: process[Robotiq2FGripperRtuNode-2]: start w/ args [[u'/home/ros/catkin_ws/src/robotiq/robotiq_2f_gripper_control/nodes/Robotiq2FGripperRtuNode.py', u'__name:=Robotiq2FGripperRtuNode', u'__log:=/home/ros/.ros/log/3aad4072-8db2-11ec-a38b-7c507959f385/Robotiq2FGripperRtuNode-2.log']]
[roslaunch][INFO] 2022-02-14 16:33:15,543: process[Robotiq2FGripperRtuNode-2]: cwd will be [/home/ros/.ros]
[roslaunch][INFO] 2022-02-14 16:33:15,608: process[Robotiq2FGripperRtuNode-2]: started with pid [5241]
[roslaunch][INFO] 2022-02-14 16:33:15,608: ... successfully launched [Robotiq2FGripperRtuNode-2]
[roslaunch][INFO] 2022-02-14 16:33:15,609: ... launch_nodes complete
[roslaunch.pmon][INFO] 2022-02-14 16:33:15,609: registrations completed <ProcessMonitor(ProcessMonitor-1, started daemon 139761652594432)>
[roslaunch.parent][INFO] 2022-02-14 16:33:15,609: ... roslaunch parent running, waiting for process exit
[roslaunch][INFO] 2022-02-14 16:33:15,609: spin
[roslaunch][ERROR] 2022-02-14 16:33:16,369: [Robotiq2FGripperRtuNode-2] process has died [pid 5241, exit code 1, cmd /home/ros/catkin_ws/src/robotiq/robotiq_2f_gripper_control/nodes/Robotiq2FGripperRtuNode.py __name:=Robotiq2FGripperRtuNode __log:=/home/ros/.ros/log/3aad4072-8db2-11ec-a38b-7c507959f385/Robotiq2FGripperRtuNode-2.log].
log file: /home/ros/.ros/log/3aad4072-8db2-11ec-a38b-7c507959f385/Robotiq2FGripperRtuNode-2*.log
[roslaunch.pmon][INFO] 2022-02-14 16:33:16,369: ProcessMonitor.unregister[Robotiq2FGripperRtuNode-2] starting
[roslaunch.pmon][INFO] 2022-02-14 16:33:16,370: ProcessMonitor.unregister[Robotiq2FGripperRtuNode-2] complete
[roslaunch.pmon][INFO] 2022-02-14 16:33:17,274: ProcessMonitor.shutdown <ProcessMonitor(ProcessMonitor-1, started daemon 139761652594432)>
[roslaunch.pmon][INFO] 2022-02-14 16:33:17,373: ProcessMonitor._post_run <ProcessMonitor(ProcessMonitor-1, started daemon 139761652594432)>
[roslaunch.pmon][INFO] 2022-02-14 16:33:17,373: ProcessMonitor._post_run <ProcessMonitor(ProcessMonitor-1, started daemon 139761652594432)>: remaining procs are [<roslaunch.nodeprocess.LocalProcess object at 0x7f1ccbc85990>]
[roslaunch.pmon][INFO] 2022-02-14 16:33:17,374: ProcessMonitor exit: killing serial_node-1
[roslaunch][INFO] 2022-02-14 16:33:17,375: [serial_node-1] killing on exit
[roslaunch][INFO] 2022-02-14 16:33:17,375: process[serial_node-1]: killing os process with pid[5240] pgid[5240]
[roslaunch][INFO] 2022-02-14 16:33:17,376: [serial_node-1] sending SIGINT to pgid [5240]
[roslaunch][INFO] 2022-02-14 16:33:17,376: [serial_node-1] sent SIGINT to pgid [5240]
[roslaunch][INFO] 2022-02-14 16:33:17,577: process[serial_node-1]: SIGINT killed with return value 0
[roslaunch.pmon][INFO] 2022-02-14 16:33:17,578: ProcessMonitor exit: cleaning up data structures and signals
[roslaunch.pmon][INFO] 2022-02-14 16:33:17,578: ProcessMonitor exit: pmon has shutdown
[roslaunch][INFO] 2022-02-14 16:33:17,589: process monitor is done spinning, initiating full shutdown
[roslaunch][INFO] 2022-02-14 16:33:17,590: runner.stop()
[roslaunch][INFO] 2022-02-14 16:33:17,590: shutting down processing monitor...
[roslaunch][INFO] 2022-02-14 16:33:17,590: shutting down processing monitor <ProcessMonitor(ProcessMonitor-1, stopped daemon 139761652594432)>
[roslaunch.pmon][INFO] 2022-02-14 16:33:17,590: ProcessMonitor.shutdown <ProcessMonitor(ProcessMonitor-1, stopped daemon 139761652594432)>
[roslaunch][INFO] 2022-02-14 16:33:17,590: ... shutting down processing monitor complete
[roslaunch][INFO] 2022-02-14 16:33:17,590: done
[roslaunch.pmon][INFO] 2022-02-14 16:33:17,590: ProcessMonitor.shutdown <ProcessMonitor(ProcessMonitor-1, stopped daemon 139761652594432)>
[rospy.core][INFO] 2022-02-14 16:33:17,591: signal_shutdown [atexit]
