[roslaunch][INFO] 2022-02-14 16:26:15,133: Checking log directory for disk usage. This may take a while.
Press Ctrl-C to interrupt
[roslaunch][INFO] 2022-02-14 16:26:15,137: Done checking log file disk usage. Usage is <1GB.
[roslaunch][INFO] 2022-02-14 16:26:15,137: roslaunch starting with args ['/opt/ros/melodic/bin/roslaunch', 'module_gripper', 'fm_gripper_module.launch']
[roslaunch][INFO] 2022-02-14 16:26:15,137: roslaunch env is {'ROS_DISTRO': 'melodic', 'ROSLISP_PACKAGE_DIRECTORIES': '/home/ros/catkin_ws/devel/share/common-lisp', 'HOME': '/home/ros', 'PATH': '/opt/ros/melodic/bin:/usr/local/sbin:/usr/local/bin:/usr/sbin:/usr/bin:/sbin:/bin', 'ROS_PACKAGE_PATH': '/home/ros/catkin_ws/src:/opt/ros/melodic/share', 'CMAKE_PREFIX_PATH': '/home/ros/catkin_ws/devel:/opt/ros/melodic', 'LD_LIBRARY_PATH': '/home/ros/catkin_ws/devel/lib:/opt/ros/melodic/lib', 'LANG': 'C.UTF-8', 'TERM': 'xterm', 'ROS_LOG_FILENAME': '/home/ros/.ros/log/3aad4072-8db2-11ec-a38b-7c507959f385/roslaunch-FM00351-u-4994.log', 'SHLVL': '1', 'DISPLAY': ':0', 'UNAME': 'ros', 'ROS_MASTER_URI': 'http://localhost:11311', 'ROS_PYTHON_VERSION': '2', 'PYTHONPATH': '/home/ros/catkin_ws/devel/lib/python2.7/dist-packages:/opt/ros/melodic/lib/python2.7/dist-packages', 'QT_X11_NO_MITSHM': '1', 'ROS_ROOT': '/opt/ros/melodic/share/ros', 'PKG_CONFIG_PATH': '/home/ros/catkin_ws/devel/lib/pkgconfig:/opt/ros/melodic/lib/pkgconfig', 'LC_ALL': 'C.UTF-8', '_': '/opt/ros/melodic/bin/roslaunch', 'OLDPWD': '/home/ros', 'HOSTNAME': 'FM00351-u', 'PWD': '/home/ros/catkin_ws', 'ROS_ETC_DIR': '/opt/ros/melodic/etc/ros', 'ROS_VERSION': '1'}
[roslaunch][INFO] 2022-02-14 16:26:15,137: starting in server mode
[roslaunch.parent][INFO] 2022-02-14 16:26:15,137: starting roslaunch parent run
[roslaunch][INFO] 2022-02-14 16:26:15,137: loading roscore config file /opt/ros/melodic/etc/ros/roscore.xml
[roslaunch][INFO] 2022-02-14 16:26:15,435: Added core node of type [rosout/rosout] in namespace [/]
[roslaunch.config][INFO] 2022-02-14 16:26:15,435: loading config file /home/ros/catkin_ws/src/fm_gripper_module/launch/fm_gripper_module.launch
[roslaunch][ERROR] 2022-02-14 16:26:15,435: RLException: Invalid roslaunch XML syntax: not well-formed (invalid token): line 5, column 9
[roslaunch][ERROR] 2022-02-14 16:26:15,435: The traceback for the exception was written to the log file
[roslaunch][ERROR] 2022-02-14 16:26:15,439: Traceback (most recent call last):
  File "/opt/ros/melodic/lib/python2.7/dist-packages/roslaunch/__init__.py", line 332, in main
    p.start()
  File "/opt/ros/melodic/lib/python2.7/dist-packages/roslaunch/parent.py", line 289, in start
    self._start_infrastructure()
  File "/opt/ros/melodic/lib/python2.7/dist-packages/roslaunch/parent.py", line 238, in _start_infrastructure
    self._load_config()
  File "/opt/ros/melodic/lib/python2.7/dist-packages/roslaunch/parent.py", line 144, in _load_config
    roslaunch_strs=self.roslaunch_strs, verbose=self.verbose)
  File "/opt/ros/melodic/lib/python2.7/dist-packages/roslaunch/config.py", line 463, in load_config_default
    raise RLException(e)
RLException: Invalid roslaunch XML syntax: not well-formed (invalid token): line 5, column 9

[rospy.core][INFO] 2022-02-14 16:26:15,439: signal_shutdown [atexit]
