[roslaunch][INFO] 2022-02-14 16:42:59,566: Checking log directory for disk usage. This may take a while.
Press Ctrl-C to interrupt
[roslaunch][INFO] 2022-02-14 16:42:59,569: Done checking log file disk usage. Usage is <1GB.
[roslaunch][INFO] 2022-02-14 16:42:59,570: roslaunch starting with args ['/opt/ros/melodic/bin/roslaunch', 'module_gripper', 'fm_gripper_module.launch']
[roslaunch][INFO] 2022-02-14 16:42:59,570: roslaunch env is {'ROS_DISTRO': 'melodic', 'ROSLISP_PACKAGE_DIRECTORIES': '/home/ros/catkin_ws/devel/share/common-lisp', 'HOME': '/home/ros', 'PATH': '/opt/ros/melodic/bin:/usr/local/sbin:/usr/local/bin:/usr/sbin:/usr/bin:/sbin:/bin', 'ROS_PACKAGE_PATH': '/home/ros/catkin_ws/src:/opt/ros/melodic/share', 'CMAKE_PREFIX_PATH': '/home/ros/catkin_ws/devel:/opt/ros/melodic', 'LD_LIBRARY_PATH': '/home/ros/catkin_ws/devel/lib:/opt/ros/melodic/lib', 'LANG': 'C.UTF-8', 'TERM': 'xterm', 'ROS_LOG_FILENAME': '/home/ros/.ros/log/3aad4072-8db2-11ec-a38b-7c507959f385/roslaunch-FM00351-u-5460.log', 'SHLVL': '1', 'DISPLAY': ':0', 'UNAME': 'ros', 'ROS_MASTER_URI': 'http://localhost:11311', 'ROS_PYTHON_VERSION': '2', 'PYTHONPATH': '/home/ros/catkin_ws/devel/lib/python2.7/dist-packages:/opt/ros/melodic/lib/python2.7/dist-packages', 'QT_X11_NO_MITSHM': '1', 'ROS_ROOT': '/opt/ros/melodic/share/ros', 'PKG_CONFIG_PATH': '/home/ros/catkin_ws/devel/lib/pkgconfig:/opt/ros/melodic/lib/pkgconfig', 'LC_ALL': 'C.UTF-8', '_': '/opt/ros/melodic/bin/roslaunch', 'OLDPWD': '/home/ros', 'HOSTNAME': 'FM00351-u', 'PWD': '/home/ros/catkin_ws', 'ROS_ETC_DIR': '/opt/ros/melodic/etc/ros', 'ROS_VERSION': '1'}
[roslaunch][INFO] 2022-02-14 16:42:59,570: starting in server mode
[roslaunch.parent][INFO] 2022-02-14 16:42:59,570: starting roslaunch parent run
[roslaunch][INFO] 2022-02-14 16:42:59,570: loading roscore config file /opt/ros/melodic/etc/ros/roscore.xml
[roslaunch][INFO] 2022-02-14 16:42:59,867: Added core node of type [rosout/rosout] in namespace [/]
[roslaunch.config][INFO] 2022-02-14 16:42:59,867: loading config file /home/ros/catkin_ws/src/fm_gripper_module/launch/fm_gripper_module.launch
[roslaunch][INFO] 2022-02-14 16:42:59,867: Added node of type [rosserial_python/serial_node.py] in namespace [/]
[roslaunch][INFO] 2022-02-14 16:42:59,867: Added node of type [robotiq_2f_gripper_control/Robotiq2FGripperRtuNode.py] in namespace [/]
[roslaunch][INFO] 2022-02-14 16:42:59,867: ... selected machine [] for node of type [rosserial_python/serial_node.py]
[roslaunch][INFO] 2022-02-14 16:42:59,867: ... selected machine [] for node of type [robotiq_2f_gripper_control/Robotiq2FGripperRtuNode.py]
[roslaunch.pmon][INFO] 2022-02-14 16:42:59,868: start_process_monitor: creating ProcessMonitor
[roslaunch.pmon][INFO] 2022-02-14 16:42:59,868: created process monitor <ProcessMonitor(ProcessMonitor-1, initial daemon)>
[roslaunch.pmon][INFO] 2022-02-14 16:42:59,868: start_process_monitor: ProcessMonitor started
[roslaunch.parent][INFO] 2022-02-14 16:42:59,868: starting parent XML-RPC server
[roslaunch.server][INFO] 2022-02-14 16:42:59,868: starting roslaunch XML-RPC server
[roslaunch.server][INFO] 2022-02-14 16:42:59,869: waiting for roslaunch XML-RPC server to initialize
[xmlrpc][INFO] 2022-02-14 16:42:59,869: XML-RPC server binding to 0.0.0.0:0
[xmlrpc][INFO] 2022-02-14 16:42:59,869: Started XML-RPC server [http://FM00351-u:39271/]
[xmlrpc][INFO] 2022-02-14 16:42:59,869: xml rpc node: starting XML-RPC server
[roslaunch][INFO] 2022-02-14 16:42:59,880: started roslaunch server http://FM00351-u:39271/
[roslaunch.parent][INFO] 2022-02-14 16:42:59,880: ... parent XML-RPC server started
[roslaunch][INFO] 2022-02-14 16:42:59,880: master.is_running[http://localhost:11311]
[roslaunch][INFO] 2022-02-14 16:42:59,881: master.is_running[http://localhost:11311]
[roslaunch][INFO] 2022-02-14 16:42:59,881: ROS_MASTER_URI=http://localhost:11311
[roslaunch][INFO] 2022-02-14 16:42:59,882: setting /roslaunch/uris/host_fm00351_u__39271' to http://FM00351-u:39271/
[roslaunch][INFO] 2022-02-14 16:42:59,883: load_parameters starting ...
[roslaunch][INFO] 2022-02-14 16:42:59,884: ... load_parameters complete
[roslaunch][INFO] 2022-02-14 16:42:59,884: launch_nodes: launching local nodes ...
[roslaunch][INFO] 2022-02-14 16:42:59,884: ... preparing to launch node of type [rosserial_python/serial_node.py]
[roslaunch][INFO] 2022-02-14 16:42:59,884: create_node_process: package[rosserial_python] type[serial_node.py] machine[Machine(name[] env_loader[None] address[localhost] ssh_port[22] user[None] assignable[True] timeout[10.0])] master_uri[http://localhost:11311]
[roslaunch][INFO] 2022-02-14 16:42:59,884: process[serial_node-1]: env[{'ROS_DISTRO': 'melodic', 'ROSLISP_PACKAGE_DIRECTORIES': '/home/ros/catkin_ws/devel/share/common-lisp', 'LD_LIBRARY_PATH': '/home/ros/catkin_ws/devel/lib:/opt/ros/melodic/lib', 'ROS_PACKAGE_PATH': '/home/ros/catkin_ws/src:/opt/ros/melodic/share', 'PATH': '/opt/ros/melodic/bin:/usr/local/sbin:/usr/local/bin:/usr/sbin:/usr/bin:/sbin:/bin', 'CMAKE_PREFIX_PATH': '/home/ros/catkin_ws/devel:/opt/ros/melodic', 'ROS_LOG_FILENAME': '/home/ros/.ros/log/3aad4072-8db2-11ec-a38b-7c507959f385/roslaunch-FM00351-u-5460.log', 'LANG': 'C.UTF-8', 'TERM': 'xterm', 'SHLVL': '1', 'DISPLAY': ':0', 'UNAME': 'ros', 'ROS_ETC_DIR': '/opt/ros/melodic/etc/ros', 'HOME': '/home/ros', 'ROS_PYTHON_VERSION': '2', 'PYTHONPATH': '/home/ros/catkin_ws/devel/lib/python2.7/dist-packages:/opt/ros/melodic/lib/python2.7/dist-packages', 'QT_X11_NO_MITSHM': '1', 'ROS_ROOT': '/opt/ros/melodic/share/ros', 'PKG_CONFIG_PATH': '/home/ros/catkin_ws/devel/lib/pkgconfig:/opt/ros/melodic/lib/pkgconfig', 'LC_ALL': 'C.UTF-8', '_': '/opt/ros/melodic/bin/roslaunch', 'OLDPWD': '/home/ros', 'HOSTNAME': 'FM00351-u', 'PWD': '/home/ros/catkin_ws', 'ROS_MASTER_URI': 'http://localhost:11311', 'ROS_VERSION': '1'}]
[roslaunch][INFO] 2022-02-14 16:43:00,084: process[serial_node-1]: args[[u'/home/ros/catkin_ws/src/rosserial/rosserial_python/nodes/serial_node.py', '/dev/ttyACM0/', u'__name:=serial_node']]
[roslaunch][INFO] 2022-02-14 16:43:00,084: ... created process [serial_node-1]
[roslaunch.pmon][INFO] 2022-02-14 16:43:00,084: ProcessMonitor.register[serial_node-1]
[roslaunch.pmon][INFO] 2022-02-14 16:43:00,084: ProcessMonitor.register[serial_node-1] complete
[roslaunch][INFO] 2022-02-14 16:43:00,084: ... registered process [serial_node-1]
[roslaunch][INFO] 2022-02-14 16:43:00,084: process[serial_node-1]: starting os process
[roslaunch][INFO] 2022-02-14 16:43:00,084: process[serial_node-1]: start w/ args [[u'/home/ros/catkin_ws/src/rosserial/rosserial_python/nodes/serial_node.py', '/dev/ttyACM0/', u'__name:=serial_node', u'__log:=/home/ros/.ros/log/3aad4072-8db2-11ec-a38b-7c507959f385/serial_node-1.log']]
[roslaunch][INFO] 2022-02-14 16:43:00,084: process[serial_node-1]: cwd will be [/home/ros/.ros]
[roslaunch][INFO] 2022-02-14 16:43:00,149: process[serial_node-1]: started with pid [5475]
[roslaunch][INFO] 2022-02-14 16:43:00,149: ... successfully launched [serial_node-1]
[roslaunch][INFO] 2022-02-14 16:43:00,149: ... preparing to launch node of type [robotiq_2f_gripper_control/Robotiq2FGripperRtuNode.py]
[roslaunch][INFO] 2022-02-14 16:43:00,149: create_node_process: package[robotiq_2f_gripper_control] type[Robotiq2FGripperRtuNode.py] machine[Machine(name[] env_loader[None] address[localhost] ssh_port[22] user[None] assignable[True] timeout[10.0])] master_uri[http://localhost:11311]
[roslaunch][INFO] 2022-02-14 16:43:00,149: process[Robotiq2FGripperRtuNode-2]: env[{'ROS_DISTRO': 'melodic', 'ROSLISP_PACKAGE_DIRECTORIES': '/home/ros/catkin_ws/devel/share/common-lisp', 'LD_LIBRARY_PATH': '/home/ros/catkin_ws/devel/lib:/opt/ros/melodic/lib', 'ROS_PACKAGE_PATH': '/home/ros/catkin_ws/src:/opt/ros/melodic/share', 'PATH': '/opt/ros/melodic/bin:/usr/local/sbin:/usr/local/bin:/usr/sbin:/usr/bin:/sbin:/bin', 'CMAKE_PREFIX_PATH': '/home/ros/catkin_ws/devel:/opt/ros/melodic', 'ROS_LOG_FILENAME': '/home/ros/.ros/log/3aad4072-8db2-11ec-a38b-7c507959f385/roslaunch-FM00351-u-5460.log', 'LANG': 'C.UTF-8', 'TERM': 'xterm', 'SHLVL': '1', 'DISPLAY': ':0', 'UNAME': 'ros', 'ROS_ETC_DIR': '/opt/ros/melodic/etc/ros', 'HOME': '/home/ros', 'ROS_PYTHON_VERSION': '2', 'PYTHONPATH': '/home/ros/catkin_ws/devel/lib/python2.7/dist-packages:/opt/ros/melodic/lib/python2.7/dist-packages', 'QT_X11_NO_MITSHM': '1', 'ROS_ROOT': '/opt/ros/melodic/share/ros', 'PKG_CONFIG_PATH': '/home/ros/catkin_ws/devel/lib/pkgconfig:/opt/ros/melodic/lib/pkgconfig', 'LC_ALL': 'C.UTF-8', '_': '/opt/ros/melodic/bin/roslaunch', 'OLDPWD': '/home/ros', 'HOSTNAME': 'FM00351-u', 'PWD': '/home/ros/catkin_ws', 'ROS_MASTER_URI': 'http://localhost:11311', 'ROS_VERSION': '1'}]
[roslaunch][INFO] 2022-02-14 16:43:00,150: process[Robotiq2FGripperRtuNode-2]: args[[u'/home/ros/catkin_ws/src/robotiq/robotiq_2f_gripper_control/nodes/Robotiq2FGripperRtuNode.py', '/dev/ttyUSB0', u'__name:=Robotiq2FGripperRtuNode']]
[roslaunch][INFO] 2022-02-14 16:43:00,150: ... created process [Robotiq2FGripperRtuNode-2]
[roslaunch.pmon][INFO] 2022-02-14 16:43:00,150: ProcessMonitor.register[Robotiq2FGripperRtuNode-2]
[roslaunch.pmon][INFO] 2022-02-14 16:43:00,150: ProcessMonitor.register[Robotiq2FGripperRtuNode-2] complete
[roslaunch][INFO] 2022-02-14 16:43:00,150: ... registered process [Robotiq2FGripperRtuNode-2]
[roslaunch][INFO] 2022-02-14 16:43:00,150: process[Robotiq2FGripperRtuNode-2]: starting os process
[roslaunch][INFO] 2022-02-14 16:43:00,150: process[Robotiq2FGripperRtuNode-2]: start w/ args [[u'/home/ros/catkin_ws/src/robotiq/robotiq_2f_gripper_control/nodes/Robotiq2FGripperRtuNode.py', '/dev/ttyUSB0', u'__name:=Robotiq2FGripperRtuNode', u'__log:=/home/ros/.ros/log/3aad4072-8db2-11ec-a38b-7c507959f385/Robotiq2FGripperRtuNode-2.log']]
[roslaunch][INFO] 2022-02-14 16:43:00,150: process[Robotiq2FGripperRtuNode-2]: cwd will be [/home/ros/.ros]
[roslaunch][INFO] 2022-02-14 16:43:00,215: process[Robotiq2FGripperRtuNode-2]: started with pid [5476]
[roslaunch][INFO] 2022-02-14 16:43:00,216: ... successfully launched [Robotiq2FGripperRtuNode-2]
[roslaunch][INFO] 2022-02-14 16:43:00,216: ... launch_nodes complete
[roslaunch.pmon][INFO] 2022-02-14 16:43:00,216: registrations completed <ProcessMonitor(ProcessMonitor-1, started daemon 140693213189888)>
[roslaunch.parent][INFO] 2022-02-14 16:43:00,216: ... roslaunch parent running, waiting for process exit
[roslaunch][INFO] 2022-02-14 16:43:00,216: spin
[roslaunch.pmon][INFO] 2022-02-14 16:43:05,885: ProcessMonitor.shutdown <ProcessMonitor(ProcessMonitor-1, started daemon 140693213189888)>
[roslaunch.pmon][INFO] 2022-02-14 16:43:05,886: ProcessMonitor._post_run <ProcessMonitor(ProcessMonitor-1, started daemon 140693213189888)>
[roslaunch.pmon][INFO] 2022-02-14 16:43:05,886: ProcessMonitor._post_run <ProcessMonitor(ProcessMonitor-1, started daemon 140693213189888)>: remaining procs are [<roslaunch.nodeprocess.LocalProcess object at 0x7ff5b1299210>, <roslaunch.nodeprocess.LocalProcess object at 0x7ff5b1299950>]
[roslaunch.pmon][INFO] 2022-02-14 16:43:05,888: ProcessMonitor exit: killing serial_node-1
[roslaunch][INFO] 2022-02-14 16:43:05,888: [serial_node-1] killing on exit
[roslaunch.pmon][INFO] 2022-02-14 16:43:05,887: ProcessMonitor exit: killing Robotiq2FGripperRtuNode-2
[roslaunch][INFO] 2022-02-14 16:43:05,889: process[serial_node-1]: killing os process with pid[5475] pgid[5475]
[roslaunch][INFO] 2022-02-14 16:43:05,890: [Robotiq2FGripperRtuNode-2] killing on exit
[roslaunch][INFO] 2022-02-14 16:43:05,890: [serial_node-1] sending SIGINT to pgid [5475]
[roslaunch][INFO] 2022-02-14 16:43:05,891: process[Robotiq2FGripperRtuNode-2]: killing os process with pid[5476] pgid[5476]
[roslaunch][INFO] 2022-02-14 16:43:05,891: [serial_node-1] sent SIGINT to pgid [5475]
[roslaunch][INFO] 2022-02-14 16:43:05,891: [Robotiq2FGripperRtuNode-2] sending SIGINT to pgid [5476]
[roslaunch][INFO] 2022-02-14 16:43:05,891: [Robotiq2FGripperRtuNode-2] sent SIGINT to pgid [5476]
[roslaunch][INFO] 2022-02-14 16:43:06,091: process[Robotiq2FGripperRtuNode-2]: SIGINT killed with return value 0
[roslaunch][INFO] 2022-02-14 16:43:06,092: process[serial_node-1]: SIGINT killed with return value 0
[roslaunch.pmon][INFO] 2022-02-14 16:43:06,092: ProcessMonitor exit: cleaning up data structures and signals
[roslaunch.pmon][INFO] 2022-02-14 16:43:06,093: ProcessMonitor exit: pmon has shutdown
[roslaunch][INFO] 2022-02-14 16:43:06,101: process monitor is done spinning, initiating full shutdown
[roslaunch][INFO] 2022-02-14 16:43:06,101: runner.stop()
[roslaunch][INFO] 2022-02-14 16:43:06,101: shutting down processing monitor...
[roslaunch][INFO] 2022-02-14 16:43:06,101: shutting down processing monitor <ProcessMonitor(ProcessMonitor-1, stopped daemon 140693213189888)>
[roslaunch.pmon][INFO] 2022-02-14 16:43:06,101: ProcessMonitor.shutdown <ProcessMonitor(ProcessMonitor-1, stopped daemon 140693213189888)>
[roslaunch][INFO] 2022-02-14 16:43:06,102: ... shutting down processing monitor complete
[roslaunch][INFO] 2022-02-14 16:43:06,102: done
[roslaunch.pmon][INFO] 2022-02-14 16:43:06,102: ProcessMonitor.shutdown <ProcessMonitor(ProcessMonitor-1, stopped daemon 140693213189888)>
[rospy.core][INFO] 2022-02-14 16:43:06,102: signal_shutdown [atexit]
