[rospy.client][INFO] 2022-02-14 16:29:29,629: init_node, name[/serial_node], pid[5016]
[xmlrpc][INFO] 2022-02-14 16:29:29,629: XML-RPC server binding to 0.0.0.0:0
[rospy.init][INFO] 2022-02-14 16:29:29,630: ROS Slave URI: [http://FM00351-u:38703/]
[xmlrpc][INFO] 2022-02-14 16:29:29,630: Started XML-RPC server [http://FM00351-u:38703/]
[rospy.impl.masterslave][INFO] 2022-02-14 16:29:29,630: _ready: http://FM00351-u:38703/
[xmlrpc][INFO] 2022-02-14 16:29:29,630: xml rpc node: starting XML-RPC server
[rospy.registration][INFO] 2022-02-14 16:29:29,630: Registering with master node http://localhost:11311
[rospy.init][INFO] 2022-02-14 16:29:29,730: registered with master
[rospy.rosout][INFO] 2022-02-14 16:29:29,730: initializing /rosout core topic
[rospy.rosout][INFO] 2022-02-14 16:29:29,732: connected to core topic /rosout
[rospy.simtime][INFO] 2022-02-14 16:29:29,732: /use_sim_time is not set, will not subscribe to simulated time [/clock] topic
[rosout][INFO] 2022-02-14 16:29:29,734: ROS Serial Python Node
[rosout][INFO] 2022-02-14 16:29:29,736: Connecting to /dev/ttyUSB0 at 57600 baud
[rospy.internal][INFO] 2022-02-14 16:29:29,960: topic[/rosout] adding connection to [/rosout], count 0
[rosout][INFO] 2022-02-14 16:29:31,841: Requesting topics...
[rospy.core][INFO] 2022-02-14 16:29:38,289: signal_shutdown [signal-2]
[rosout][INFO] 2022-02-14 16:29:38,289: Sending tx stop request
[rosout][INFO] 2022-02-14 16:29:38,290: shutdown hook activated
[rospy.internal][INFO] 2022-02-14 16:29:38,291: topic[/rosout] removing connection to /rosout
[rospy.impl.masterslave][INFO] 2022-02-14 16:29:38,292: signal-2
[rospy.core][INFO] 2022-02-14 16:29:38,407: signal_shutdown [atexit]
[rospy.client][INFO] 2022-02-14 16:30:41,468: init_node, name[/serial_node], pid[5107]
[xmlrpc][INFO] 2022-02-14 16:30:41,468: XML-RPC server binding to 0.0.0.0:0
[rospy.init][INFO] 2022-02-14 16:30:41,469: ROS Slave URI: [http://FM00351-u:38791/]
[xmlrpc][INFO] 2022-02-14 16:30:41,469: Started XML-RPC server [http://FM00351-u:38791/]
[rospy.impl.masterslave][INFO] 2022-02-14 16:30:41,469: _ready: http://FM00351-u:38791/
[xmlrpc][INFO] 2022-02-14 16:30:41,469: xml rpc node: starting XML-RPC server
[rospy.registration][INFO] 2022-02-14 16:30:41,469: Registering with master node http://localhost:11311
[rospy.init][INFO] 2022-02-14 16:30:41,569: registered with master
[rospy.rosout][INFO] 2022-02-14 16:30:41,569: initializing /rosout core topic
[rospy.rosout][INFO] 2022-02-14 16:30:41,571: connected to core topic /rosout
[rospy.simtime][INFO] 2022-02-14 16:30:41,571: /use_sim_time is not set, will not subscribe to simulated time [/clock] topic
[rosout][INFO] 2022-02-14 16:30:41,573: ROS Serial Python Node
[rosout][INFO] 2022-02-14 16:30:41,575: Connecting to /dev/ttyUSB0 at 57600 baud
[rospy.internal][INFO] 2022-02-14 16:30:41,816: topic[/rosout] adding connection to [/rosout], count 0
[rosout][INFO] 2022-02-14 16:30:43,680: Requesting topics...
[rospy.core][INFO] 2022-02-14 16:30:46,122: signal_shutdown [signal-2]
[rosout][INFO] 2022-02-14 16:30:46,122: Sending tx stop request
[rosout][INFO] 2022-02-14 16:30:46,125: shutdown hook activated
[rospy.internal][INFO] 2022-02-14 16:30:46,126: topic[/rosout] removing connection to /rosout
[rospy.impl.masterslave][INFO] 2022-02-14 16:30:46,126: signal-2
[rospy.core][INFO] 2022-02-14 16:30:46,242: signal_shutdown [atexit]
[rospy.client][INFO] 2022-02-14 16:31:44,673: init_node, name[/serial_node], pid[5198]
[xmlrpc][INFO] 2022-02-14 16:31:44,673: XML-RPC server binding to 0.0.0.0:0
[xmlrpc][INFO] 2022-02-14 16:31:44,673: Started XML-RPC server [http://FM00351-u:42825/]
[rospy.init][INFO] 2022-02-14 16:31:44,673: ROS Slave URI: [http://FM00351-u:42825/]
[rospy.impl.masterslave][INFO] 2022-02-14 16:31:44,674: _ready: http://FM00351-u:42825/
[xmlrpc][INFO] 2022-02-14 16:31:44,674: xml rpc node: starting XML-RPC server
[rospy.registration][INFO] 2022-02-14 16:31:44,674: Registering with master node http://localhost:11311
[rospy.init][INFO] 2022-02-14 16:31:44,774: registered with master
[rospy.rosout][INFO] 2022-02-14 16:31:44,774: initializing /rosout core topic
[rospy.rosout][INFO] 2022-02-14 16:31:44,776: connected to core topic /rosout
[rospy.simtime][INFO] 2022-02-14 16:31:44,776: /use_sim_time is not set, will not subscribe to simulated time [/clock] topic
[rosout][INFO] 2022-02-14 16:31:44,777: ROS Serial Python Node
[rosout][INFO] 2022-02-14 16:31:44,779: Connecting to /dev/ttyUSB0 at 57600 baud
[rospy.internal][INFO] 2022-02-14 16:31:45,057: topic[/rosout] adding connection to [/rosout], count 0
[rosout][INFO] 2022-02-14 16:31:46,884: Requesting topics...
[rosout][ERROR] 2022-02-14 16:32:01,888: Unable to sync with device; possible link problem or link software version mismatch such as hydro rosserial_python with groovy Arduino
[rosout][INFO] 2022-02-14 16:32:01,891: Requesting topics...
[rospy.core][INFO] 2022-02-14 16:32:02,881: signal_shutdown [signal-2]
[rosout][INFO] 2022-02-14 16:32:02,881: Sending tx stop request
[rosout][INFO] 2022-02-14 16:32:02,883: shutdown hook activated
[rospy.internal][INFO] 2022-02-14 16:32:02,885: topic[/rosout] removing connection to /rosout
[rospy.impl.masterslave][INFO] 2022-02-14 16:32:02,885: signal-2
[rospy.core][INFO] 2022-02-14 16:32:03,001: signal_shutdown [atexit]
[rospy.client][INFO] 2022-02-14 16:33:15,724: init_node, name[/serial_node], pid[5240]
[xmlrpc][INFO] 2022-02-14 16:33:15,724: XML-RPC server binding to 0.0.0.0:0
[xmlrpc][INFO] 2022-02-14 16:33:15,724: Started XML-RPC server [http://FM00351-u:39475/]
[rospy.impl.masterslave][INFO] 2022-02-14 16:33:15,724: _ready: http://FM00351-u:39475/
[rospy.init][INFO] 2022-02-14 16:33:15,724: ROS Slave URI: [http://FM00351-u:39475/]
[xmlrpc][INFO] 2022-02-14 16:33:15,725: xml rpc node: starting XML-RPC server
[rospy.registration][INFO] 2022-02-14 16:33:15,725: Registering with master node http://localhost:11311
[rospy.init][INFO] 2022-02-14 16:33:15,825: registered with master
[rospy.rosout][INFO] 2022-02-14 16:33:15,825: initializing /rosout core topic
[rospy.rosout][INFO] 2022-02-14 16:33:15,826: connected to core topic /rosout
[rospy.simtime][INFO] 2022-02-14 16:33:15,827: /use_sim_time is not set, will not subscribe to simulated time [/clock] topic
[rosout][INFO] 2022-02-14 16:33:15,828: ROS Serial Python Node
[rosout][INFO] 2022-02-14 16:33:15,830: Connecting to /dev/ttyUSB0 at 57600 baud
[rospy.internal][INFO] 2022-02-14 16:33:16,064: topic[/rosout] adding connection to [/rosout], count 0
[rospy.core][INFO] 2022-02-14 16:33:17,376: signal_shutdown [signal-2]
[rosout][INFO] 2022-02-14 16:33:17,377: Sending tx stop request
[rosout][INFO] 2022-02-14 16:33:17,379: shutdown hook activated
[rospy.internal][INFO] 2022-02-14 16:33:17,381: topic[/rosout] removing connection to /rosout
[rospy.impl.masterslave][INFO] 2022-02-14 16:33:17,381: signal-2
[rosout][INFO] 2022-02-14 16:33:17,497: Requesting topics...
[rospy.core][INFO] 2022-02-14 16:33:17,501: signal_shutdown [atexit]
[rospy.client][INFO] 2022-02-14 16:39:18,214: init_node, name[/serial_node], pid[5282]
[xmlrpc][INFO] 2022-02-14 16:39:18,214: XML-RPC server binding to 0.0.0.0:0
[xmlrpc][INFO] 2022-02-14 16:39:18,214: Started XML-RPC server [http://FM00351-u:45983/]
[rospy.init][INFO] 2022-02-14 16:39:18,214: ROS Slave URI: [http://FM00351-u:45983/]
[rospy.impl.masterslave][INFO] 2022-02-14 16:39:18,214: _ready: http://FM00351-u:45983/
[rospy.registration][INFO] 2022-02-14 16:39:18,215: Registering with master node http://localhost:11311
[xmlrpc][INFO] 2022-02-14 16:39:18,215: xml rpc node: starting XML-RPC server
[rospy.init][INFO] 2022-02-14 16:39:18,315: registered with master
[rospy.rosout][INFO] 2022-02-14 16:39:18,315: initializing /rosout core topic
[rospy.rosout][INFO] 2022-02-14 16:39:18,316: connected to core topic /rosout
[rospy.simtime][INFO] 2022-02-14 16:39:18,317: /use_sim_time is not set, will not subscribe to simulated time [/clock] topic
[rosout][INFO] 2022-02-14 16:39:18,318: ROS Serial Python Node
[rosout][INFO] 2022-02-14 16:39:18,320: Connecting to /dev/ttyUSB0 at 57600 baud
[rospy.internal][INFO] 2022-02-14 16:39:18,522: topic[/rosout] adding connection to [/rosout], count 0
[rosout][INFO] 2022-02-14 16:39:20,425: Requesting topics...
[rospy.core][INFO] 2022-02-14 16:39:33,796: signal_shutdown [signal-2]
[rosout][INFO] 2022-02-14 16:39:33,796: Sending tx stop request
[rosout][INFO] 2022-02-14 16:39:33,797: shutdown hook activated
[rospy.internal][INFO] 2022-02-14 16:39:33,798: topic[/rosout] removing connection to /rosout
[rospy.impl.masterslave][INFO] 2022-02-14 16:39:33,798: signal-2
[rospy.core][INFO] 2022-02-14 16:39:33,963: signal_shutdown [atexit]
[rospy.client][INFO] 2022-02-14 16:40:04,824: init_node, name[/serial_node], pid[5345]
[xmlrpc][INFO] 2022-02-14 16:40:04,824: XML-RPC server binding to 0.0.0.0:0
[xmlrpc][INFO] 2022-02-14 16:40:04,824: Started XML-RPC server [http://FM00351-u:33081/]
[rospy.init][INFO] 2022-02-14 16:40:04,824: ROS Slave URI: [http://FM00351-u:33081/]
[rospy.impl.masterslave][INFO] 2022-02-14 16:40:04,825: _ready: http://FM00351-u:33081/
[xmlrpc][INFO] 2022-02-14 16:40:04,825: xml rpc node: starting XML-RPC server
[rospy.registration][INFO] 2022-02-14 16:40:04,825: Registering with master node http://localhost:11311
[rospy.init][INFO] 2022-02-14 16:40:04,925: registered with master
[rospy.rosout][INFO] 2022-02-14 16:40:04,925: initializing /rosout core topic
[rospy.rosout][INFO] 2022-02-14 16:40:04,926: connected to core topic /rosout
[rospy.simtime][INFO] 2022-02-14 16:40:04,927: /use_sim_time is not set, will not subscribe to simulated time [/clock] topic
[rosout][INFO] 2022-02-14 16:40:04,928: ROS Serial Python Node
[rosout][INFO] 2022-02-14 16:40:04,930: Connecting to /dev/ttyUSB0 at 57600 baud
[rospy.internal][INFO] 2022-02-14 16:40:05,200: topic[/rosout] adding connection to [/rosout], count 0
[rosout][INFO] 2022-02-14 16:40:07,035: Requesting topics...
[rosout][WARNING] 2022-02-14 16:40:07,051: Last read step: syncflag
[rosout][WARNING] 2022-02-14 16:40:07,053: Run loop error: Serial Port read failure: device reports readiness to read but returned no data (device disconnected or multiple access on port?)
[rosout][INFO] 2022-02-14 16:40:07,055: Requesting topics...
[rosout][ERROR] 2022-02-14 16:40:22,039: Unable to sync with device; possible link problem or link software version mismatch such as hydro rosserial_python with groovy Arduino
[rosout][INFO] 2022-02-14 16:40:22,042: Requesting topics...
[rosout][ERROR] 2022-02-14 16:40:37,044: Unable to sync with device; possible link problem or link software version mismatch such as hydro rosserial_python with groovy Arduino
[rosout][INFO] 2022-02-14 16:40:37,048: Requesting topics...
[rosout][ERROR] 2022-02-14 16:40:52,051: Unable to sync with device; possible link problem or link software version mismatch such as hydro rosserial_python with groovy Arduino
[rosout][INFO] 2022-02-14 16:40:52,054: Requesting topics...
[rospy.core][INFO] 2022-02-14 16:40:54,207: signal_shutdown [signal-2]
[rosout][INFO] 2022-02-14 16:40:54,207: Sending tx stop request
[rosout][INFO] 2022-02-14 16:40:54,210: shutdown hook activated
[rospy.internal][INFO] 2022-02-14 16:40:54,216: topic[/rosout] removing connection to /rosout
[rospy.impl.masterslave][INFO] 2022-02-14 16:40:54,216: signal-2
[rospy.core][INFO] 2022-02-14 16:40:54,320: signal_shutdown [atexit]
[rospy.client][INFO] 2022-02-14 16:41:19,366: init_node, name[/serial_node], pid[5389]
[xmlrpc][INFO] 2022-02-14 16:41:19,366: XML-RPC server binding to 0.0.0.0:0
[xmlrpc][INFO] 2022-02-14 16:41:19,366: Started XML-RPC server [http://FM00351-u:43265/]
[rospy.init][INFO] 2022-02-14 16:41:19,366: ROS Slave URI: [http://FM00351-u:43265/]
[rospy.impl.masterslave][INFO] 2022-02-14 16:41:19,366: _ready: http://FM00351-u:43265/
[xmlrpc][INFO] 2022-02-14 16:41:19,367: xml rpc node: starting XML-RPC server
[rospy.registration][INFO] 2022-02-14 16:41:19,367: Registering with master node http://localhost:11311
[rospy.init][INFO] 2022-02-14 16:41:19,467: registered with master
[rospy.rosout][INFO] 2022-02-14 16:41:19,467: initializing /rosout core topic
[rospy.rosout][INFO] 2022-02-14 16:41:19,468: connected to core topic /rosout
[rospy.simtime][INFO] 2022-02-14 16:41:19,469: /use_sim_time is not set, will not subscribe to simulated time [/clock] topic
[rosout][INFO] 2022-02-14 16:41:19,470: ROS Serial Python Node
[rosout][INFO] 2022-02-14 16:41:19,472: Connecting to /dev/ttyUSB0 at 57600 baud
[rospy.internal][INFO] 2022-02-14 16:41:19,684: topic[/rosout] adding connection to [/rosout], count 0
[rosout][INFO] 2022-02-14 16:41:21,578: Requesting topics...
[rosout][ERROR] 2022-02-14 16:41:36,581: Unable to sync with device; possible link problem or link software version mismatch such as hydro rosserial_python with groovy Arduino
[rosout][INFO] 2022-02-14 16:41:36,585: Requesting topics...
[rospy.core][INFO] 2022-02-14 16:41:37,164: signal_shutdown [signal-2]
[rosout][INFO] 2022-02-14 16:41:37,164: Sending tx stop request
[rosout][INFO] 2022-02-14 16:41:37,166: shutdown hook activated
[rospy.internal][INFO] 2022-02-14 16:41:37,168: topic[/rosout] removing connection to /rosout
[rospy.impl.masterslave][INFO] 2022-02-14 16:41:37,168: signal-2
[rospy.core][INFO] 2022-02-14 16:41:37,300: signal_shutdown [atexit]
[rospy.client][INFO] 2022-02-14 16:41:40,116: init_node, name[/serial_node], pid[5431]
[xmlrpc][INFO] 2022-02-14 16:41:40,116: XML-RPC server binding to 0.0.0.0:0
[xmlrpc][INFO] 2022-02-14 16:41:40,116: Started XML-RPC server [http://FM00351-u:45185/]
[rospy.impl.masterslave][INFO] 2022-02-14 16:41:40,116: _ready: http://FM00351-u:45185/
[rospy.init][INFO] 2022-02-14 16:41:40,116: ROS Slave URI: [http://FM00351-u:45185/]
[rospy.registration][INFO] 2022-02-14 16:41:40,117: Registering with master node http://localhost:11311
[xmlrpc][INFO] 2022-02-14 16:41:40,117: xml rpc node: starting XML-RPC server
[rospy.init][INFO] 2022-02-14 16:41:40,217: registered with master
[rospy.rosout][INFO] 2022-02-14 16:41:40,217: initializing /rosout core topic
[rospy.rosout][INFO] 2022-02-14 16:41:40,218: connected to core topic /rosout
[rospy.simtime][INFO] 2022-02-14 16:41:40,219: /use_sim_time is not set, will not subscribe to simulated time [/clock] topic
[rosout][INFO] 2022-02-14 16:41:40,220: ROS Serial Python Node
[rosout][INFO] 2022-02-14 16:41:40,222: Connecting to /dev/ttyUSB0 at 57600 baud
[rospy.internal][INFO] 2022-02-14 16:41:40,424: topic[/rosout] adding connection to [/rosout], count 0
[rosout][INFO] 2022-02-14 16:41:42,327: Requesting topics...
[rosout][ERROR] 2022-02-14 16:41:57,331: Unable to sync with device; possible link problem or link software version mismatch such as hydro rosserial_python with groovy Arduino
[rosout][INFO] 2022-02-14 16:41:57,333: Requesting topics...
[rospy.core][INFO] 2022-02-14 16:42:01,416: signal_shutdown [signal-2]
[rosout][INFO] 2022-02-14 16:42:01,417: Sending tx stop request
[rosout][INFO] 2022-02-14 16:42:01,419: shutdown hook activated
[rospy.internal][INFO] 2022-02-14 16:42:01,421: topic[/rosout] removing connection to /rosout
[rospy.impl.masterslave][INFO] 2022-02-14 16:42:01,421: signal-2
[rospy.core][INFO] 2022-02-14 16:42:01,554: signal_shutdown [atexit]
[rospy.client][INFO] 2022-02-14 16:43:00,330: init_node, name[/serial_node], pid[5475]
[xmlrpc][INFO] 2022-02-14 16:43:00,331: XML-RPC server binding to 0.0.0.0:0
[xmlrpc][INFO] 2022-02-14 16:43:00,331: Started XML-RPC server [http://FM00351-u:45221/]
[rospy.init][INFO] 2022-02-14 16:43:00,331: ROS Slave URI: [http://FM00351-u:45221/]
[rospy.impl.masterslave][INFO] 2022-02-14 16:43:00,331: _ready: http://FM00351-u:45221/
[rospy.registration][INFO] 2022-02-14 16:43:00,332: Registering with master node http://localhost:11311
[xmlrpc][INFO] 2022-02-14 16:43:00,332: xml rpc node: starting XML-RPC server
[rospy.init][INFO] 2022-02-14 16:43:00,431: registered with master
[rospy.rosout][INFO] 2022-02-14 16:43:00,432: initializing /rosout core topic
[rospy.rosout][INFO] 2022-02-14 16:43:00,433: connected to core topic /rosout
[rospy.simtime][INFO] 2022-02-14 16:43:00,433: /use_sim_time is not set, will not subscribe to simulated time [/clock] topic
[rosout][INFO] 2022-02-14 16:43:00,434: ROS Serial Python Node
[rosout][INFO] 2022-02-14 16:43:00,437: Connecting to /dev/ttyACM0/ at 57600 baud
[rosout][ERROR] 2022-02-14 16:43:00,438: Error opening serial: [Errno 21] could not open port /dev/ttyACM0/: [Errno 21] Is a directory: '/dev/ttyACM0/'
[rospy.internal][INFO] 2022-02-14 16:43:00,685: topic[/rosout] adding connection to [/rosout], count 0
[rosout][ERROR] 2022-02-14 16:43:03,442: Error opening serial: [Errno 21] could not open port /dev/ttyACM0/: [Errno 21] Is a directory: '/dev/ttyACM0/'
[rospy.core][INFO] 2022-02-14 16:43:05,891: signal_shutdown [signal-2]
[rospy.internal][INFO] 2022-02-14 16:43:05,893: topic[/rosout] removing connection to /rosout
[rospy.impl.masterslave][INFO] 2022-02-14 16:43:05,893: signal-2
[rospy.core][INFO] 2022-02-14 16:43:06,001: signal_shutdown [atexit]
[rospy.client][INFO] 2022-02-14 16:44:04,252: init_node, name[/serial_node], pid[5519]
[xmlrpc][INFO] 2022-02-14 16:44:04,252: XML-RPC server binding to 0.0.0.0:0
[xmlrpc][INFO] 2022-02-14 16:44:04,253: Started XML-RPC server [http://FM00351-u:38715/]
[rospy.impl.masterslave][INFO] 2022-02-14 16:44:04,253: _ready: http://FM00351-u:38715/
[rospy.init][INFO] 2022-02-14 16:44:04,253: ROS Slave URI: [http://FM00351-u:38715/]
[rospy.registration][INFO] 2022-02-14 16:44:04,253: Registering with master node http://localhost:11311
[xmlrpc][INFO] 2022-02-14 16:44:04,254: xml rpc node: starting XML-RPC server
[rospy.init][INFO] 2022-02-14 16:44:04,353: registered with master
[rospy.rosout][INFO] 2022-02-14 16:44:04,353: initializing /rosout core topic
[rospy.rosout][INFO] 2022-02-14 16:44:04,355: connected to core topic /rosout
[rospy.simtime][INFO] 2022-02-14 16:44:04,355: /use_sim_time is not set, will not subscribe to simulated time [/clock] topic
[rosout][INFO] 2022-02-14 16:44:04,357: ROS Serial Python Node
[rosout][INFO] 2022-02-14 16:44:04,359: Connecting to /dev/ttyACM0 at 57600 baud
[rosout][ERROR] 2022-02-14 16:44:04,360: Error opening serial: [Errno 21] could not open port /dev/ttyACM0: [Errno 21] Is a directory: '/dev/ttyACM0'
[rospy.internal][INFO] 2022-02-14 16:44:04,609: topic[/rosout] adding connection to [/rosout], count 0
[rosout][ERROR] 2022-02-14 16:44:07,363: Error opening serial: [Errno 21] could not open port /dev/ttyACM0: [Errno 21] Is a directory: '/dev/ttyACM0'
[rospy.core][INFO] 2022-02-14 16:44:08,303: signal_shutdown [signal-2]
[rospy.internal][INFO] 2022-02-14 16:44:08,305: topic[/rosout] removing connection to /rosout
[rospy.impl.masterslave][INFO] 2022-02-14 16:44:08,305: signal-2
[rospy.core][INFO] 2022-02-14 16:44:08,422: signal_shutdown [atexit]
