[roslaunch][INFO] 2021-12-13 09:33:01,353: Checking log directory for disk usage. This may take awhile.
Press Ctrl-C to interrupt
[roslaunch][INFO] 2021-12-13 09:33:01,355: Done checking log file disk usage. Usage is <1GB.
[roslaunch][INFO] 2021-12-13 09:33:01,355: roslaunch starting with args ['/opt/ros/kinetic/bin/roslaunch', 'module_gripper', 'gripper.launch']
[roslaunch][INFO] 2021-12-13 09:33:01,355: roslaunch env is {'ROS_DISTRO': 'kinetic', 'ROSLISP_PACKAGE_DIRECTORIES': '/home/ros/catkin_ws/devel/share/common-lisp', 'ROS_PACKAGE_PATH': '/home/ros/catkin_ws/src:/opt/ros/kinetic/share', 'PATH': '/opt/ros/kinetic/bin:/usr/local/sbin:/usr/local/bin:/usr/sbin:/usr/bin:/sbin:/bin', 'CMAKE_PREFIX_PATH': '/home/ros/catkin_ws/devel:/opt/ros/kinetic', 'DISPLAY': ':0', 'LANG': 'C.UTF-8', 'ROS_LOG_FILENAME': '/home/ros/.ros/log/aa44a2e6-5bf7-11ec-9533-7c507959f385/roslaunch-FM00351-u-55.log', 'SHLVL': '2', 'LD_LIBRARY_PATH': '/home/ros/catkin_ws/devel/lib:/opt/ros/kinetic/lib:/opt/ros/kinetic/lib/x86_64-linux-gnu', 'UNAME': 'ros', 'ROS_ETC_DIR': '/opt/ros/kinetic/etc/ros', 'HOME': '/home/ros', 'ROS_PYTHON_VERSION': '2', 'PYTHONPATH': '/home/ros/catkin_ws/devel/lib/python2.7/dist-packages:/opt/ros/kinetic/lib/python2.7/dist-packages', 'QT_X11_NO_MITSHM': '1', 'ROS_ROOT': '/opt/ros/kinetic/share/ros', 'PKG_CONFIG_PATH': '/home/ros/catkin_ws/devel/lib/pkgconfig:/opt/ros/kinetic/lib/pkgconfig:/opt/ros/kinetic/lib/x86_64-linux-gnu/pkgconfig', 'LC_ALL': 'C.UTF-8', '_': '/opt/ros/kinetic/bin/roslaunch', 'OLDPWD': '/home/ros', 'HOSTNAME': 'FM00351-u', 'PWD': '/home/ros/catkin_ws', 'ROS_MASTER_URI': 'http://localhost:11311', 'ROS_VERSION': '1'}
[roslaunch][INFO] 2021-12-13 09:33:01,355: starting in server mode
[roslaunch.parent][INFO] 2021-12-13 09:33:01,356: starting roslaunch parent run
[roslaunch][INFO] 2021-12-13 09:33:01,356: loading roscore config file /opt/ros/kinetic/etc/ros/roscore.xml
[roslaunch][INFO] 2021-12-13 09:33:01,546: Added core node of type [rosout/rosout] in namespace [/]
[roslaunch.config][INFO] 2021-12-13 09:33:01,546: loading config file /home/ros/catkin_ws/src/module_gripper/launch/gripper.launch
[roslaunch][INFO] 2021-12-13 09:33:01,547: Added node of type [module_gripper/gripper_action_server] in namespace [/]
[roslaunch][INFO] 2021-12-13 09:33:01,547: ... selected machine [] for node of type [module_gripper/gripper_action_server]
[roslaunch.pmon][INFO] 2021-12-13 09:33:01,547: start_process_monitor: creating ProcessMonitor
[roslaunch.pmon][INFO] 2021-12-13 09:33:01,547: created process monitor <ProcessMonitor(ProcessMonitor-1, initial daemon)>
[roslaunch.pmon][INFO] 2021-12-13 09:33:01,548: start_process_monitor: ProcessMonitor started
[roslaunch.parent][INFO] 2021-12-13 09:33:01,548: starting parent XML-RPC server
[roslaunch.server][INFO] 2021-12-13 09:33:01,548: starting roslaunch XML-RPC server
[roslaunch.server][INFO] 2021-12-13 09:33:01,548: waiting for roslaunch XML-RPC server to initialize
[xmlrpc][INFO] 2021-12-13 09:33:01,548: XML-RPC server binding to 0.0.0.0:0
[xmlrpc][INFO] 2021-12-13 09:33:01,548: Started XML-RPC server [http://FM00351-u:35813/]
[xmlrpc][INFO] 2021-12-13 09:33:01,548: xml rpc node: starting XML-RPC server
[roslaunch][INFO] 2021-12-13 09:33:01,559: started roslaunch server http://FM00351-u:35813/
[roslaunch.parent][INFO] 2021-12-13 09:33:01,559: ... parent XML-RPC server started
[roslaunch][INFO] 2021-12-13 09:33:01,559: master.is_running[http://localhost:11311]
[roslaunch][INFO] 2021-12-13 09:33:01,560: auto-starting new master
[roslaunch][INFO] 2021-12-13 09:33:01,560: create_master_process: rosmaster, /opt/ros/kinetic/share/ros, 11311, 3, None
[roslaunch][INFO] 2021-12-13 09:33:01,560: process[master]: launching with args [['rosmaster', '--core', '-p', '11311', '-w', '3']]
[roslaunch.pmon][INFO] 2021-12-13 09:33:01,560: ProcessMonitor.register[master]
[roslaunch.pmon][INFO] 2021-12-13 09:33:01,560: ProcessMonitor.register[master] complete
[roslaunch][INFO] 2021-12-13 09:33:01,560: process[master]: starting os process
[roslaunch][INFO] 2021-12-13 09:33:01,560: process[master]: start w/ args [['rosmaster', '--core', '-p', '11311', '-w', '3', '__log:=/home/ros/.ros/log/aa44a2e6-5bf7-11ec-9533-7c507959f385/master.log']]
[roslaunch][INFO] 2021-12-13 09:33:01,560: process[master]: cwd will be [/home/ros/.ros]
[roslaunch][INFO] 2021-12-13 09:33:01,636: process[master]: started with pid [65]
[roslaunch][INFO] 2021-12-13 09:33:01,636: master.is_running[http://localhost:11311]
[roslaunch][INFO] 2021-12-13 09:33:01,736: master.is_running[http://localhost:11311]
[roslaunch][INFO] 2021-12-13 09:33:01,837: master.is_running[http://localhost:11311]
[roslaunch][INFO] 2021-12-13 09:33:01,842: master.is_running[http://localhost:11311]
[roslaunch][INFO] 2021-12-13 09:33:01,845: ROS_MASTER_URI=http://localhost:11311
[roslaunch][INFO] 2021-12-13 09:33:01,847: setting /run_id to aa44a2e6-5bf7-11ec-9533-7c507959f385
[roslaunch][INFO] 2021-12-13 09:33:01,850: setting /roslaunch/uris/host_fm00351_u__35813' to http://FM00351-u:35813/
[roslaunch][INFO] 2021-12-13 09:33:01,854: ... preparing to launch node of type [rosout/rosout]
[roslaunch][INFO] 2021-12-13 09:33:01,855: create_node_process: package[rosout] type[rosout] machine[Machine(name[] env_loader[None] address[localhost] ssh_port[22] user[None] assignable[True] timeout[10.0])] master_uri[http://localhost:11311]
[roslaunch][INFO] 2021-12-13 09:33:01,855: process[rosout-1]: env[{'ROS_DISTRO': 'kinetic', 'ROSLISP_PACKAGE_DIRECTORIES': '/home/ros/catkin_ws/devel/share/common-lisp', 'ROS_PACKAGE_PATH': '/home/ros/catkin_ws/src:/opt/ros/kinetic/share', 'PATH': '/opt/ros/kinetic/bin:/usr/local/sbin:/usr/local/bin:/usr/sbin:/usr/bin:/sbin:/bin', 'CMAKE_PREFIX_PATH': '/home/ros/catkin_ws/devel:/opt/ros/kinetic', 'ROS_LOG_FILENAME': '/home/ros/.ros/log/aa44a2e6-5bf7-11ec-9533-7c507959f385/roslaunch-FM00351-u-55.log', 'LANG': 'C.UTF-8', 'SHLVL': '2', 'LD_LIBRARY_PATH': '/home/ros/catkin_ws/devel/lib:/opt/ros/kinetic/lib:/opt/ros/kinetic/lib/x86_64-linux-gnu', 'UNAME': 'ros', 'ROS_MASTER_URI': 'http://localhost:11311', 'HOME': '/home/ros', 'ROS_PYTHON_VERSION': '2', 'PYTHONPATH': '/home/ros/catkin_ws/devel/lib/python2.7/dist-packages:/opt/ros/kinetic/lib/python2.7/dist-packages', 'QT_X11_NO_MITSHM': '1', 'ROS_ROOT': '/opt/ros/kinetic/share/ros', 'PKG_CONFIG_PATH': '/home/ros/catkin_ws/devel/lib/pkgconfig:/opt/ros/kinetic/lib/pkgconfig:/opt/ros/kinetic/lib/x86_64-linux-gnu/pkgconfig', 'LC_ALL': 'C.UTF-8', '_': '/opt/ros/kinetic/bin/roslaunch', 'DISPLAY': ':0', 'OLDPWD': '/home/ros', 'HOSTNAME': 'FM00351-u', 'PWD': '/home/ros/catkin_ws', 'ROS_ETC_DIR': '/opt/ros/kinetic/etc/ros', 'ROS_VERSION': '1'}]
[roslaunch][INFO] 2021-12-13 09:33:01,887: process[rosout-1]: args[[u'/opt/ros/kinetic/lib/rosout/rosout', u'__name:=rosout']]
[roslaunch][INFO] 2021-12-13 09:33:01,887: ... created process [rosout-1]
[roslaunch.pmon][INFO] 2021-12-13 09:33:01,887: ProcessMonitor.register[rosout-1]
[roslaunch.pmon][INFO] 2021-12-13 09:33:01,887: ProcessMonitor.register[rosout-1] complete
[roslaunch][INFO] 2021-12-13 09:33:01,887: ... registered process [rosout-1]
[roslaunch][INFO] 2021-12-13 09:33:01,887: process[rosout-1]: starting os process
[roslaunch][INFO] 2021-12-13 09:33:01,887: process[rosout-1]: start w/ args [[u'/opt/ros/kinetic/lib/rosout/rosout', u'__name:=rosout', u'__log:=/home/ros/.ros/log/aa44a2e6-5bf7-11ec-9533-7c507959f385/rosout-1.log']]
[roslaunch][INFO] 2021-12-13 09:33:01,887: process[rosout-1]: cwd will be [/home/ros/.ros]
[roslaunch][INFO] 2021-12-13 09:33:01,962: process[rosout-1]: started with pid [78]
[roslaunch][INFO] 2021-12-13 09:33:01,962: ... successfully launched [rosout-1]
[roslaunch][INFO] 2021-12-13 09:33:01,963: load_parameters starting ...
[roslaunch][INFO] 2021-12-13 09:33:01,964: ... load_parameters complete
[roslaunch][INFO] 2021-12-13 09:33:01,964: launch_nodes: launching local nodes ...
[roslaunch][INFO] 2021-12-13 09:33:01,964: ... preparing to launch node of type [module_gripper/gripper_action_server]
[roslaunch][INFO] 2021-12-13 09:33:01,964: create_node_process: package[module_gripper] type[gripper_action_server] machine[Machine(name[] env_loader[None] address[localhost] ssh_port[22] user[None] assignable[True] timeout[10.0])] master_uri[http://localhost:11311]
[roslaunch][INFO] 2021-12-13 09:33:01,965: process[frogs-2]: env[{'ROS_DISTRO': 'kinetic', 'ROSLISP_PACKAGE_DIRECTORIES': '/home/ros/catkin_ws/devel/share/common-lisp', 'ROS_PACKAGE_PATH': '/home/ros/catkin_ws/src:/opt/ros/kinetic/share', 'PATH': '/opt/ros/kinetic/bin:/usr/local/sbin:/usr/local/bin:/usr/sbin:/usr/bin:/sbin:/bin', 'CMAKE_PREFIX_PATH': '/home/ros/catkin_ws/devel:/opt/ros/kinetic', 'ROS_LOG_FILENAME': '/home/ros/.ros/log/aa44a2e6-5bf7-11ec-9533-7c507959f385/roslaunch-FM00351-u-55.log', 'LANG': 'C.UTF-8', 'SHLVL': '2', 'LD_LIBRARY_PATH': '/home/ros/catkin_ws/devel/lib:/opt/ros/kinetic/lib:/opt/ros/kinetic/lib/x86_64-linux-gnu', 'UNAME': 'ros', 'ROS_MASTER_URI': 'http://localhost:11311', 'HOME': '/home/ros', 'ROS_PYTHON_VERSION': '2', 'PYTHONPATH': '/home/ros/catkin_ws/devel/lib/python2.7/dist-packages:/opt/ros/kinetic/lib/python2.7/dist-packages', 'QT_X11_NO_MITSHM': '1', 'ROS_ROOT': '/opt/ros/kinetic/share/ros', 'PKG_CONFIG_PATH': '/home/ros/catkin_ws/devel/lib/pkgconfig:/opt/ros/kinetic/lib/pkgconfig:/opt/ros/kinetic/lib/x86_64-linux-gnu/pkgconfig', 'LC_ALL': 'C.UTF-8', '_': '/opt/ros/kinetic/bin/roslaunch', 'DISPLAY': ':0', 'OLDPWD': '/home/ros', 'HOSTNAME': 'FM00351-u', 'PWD': '/home/ros/catkin_ws', 'ROS_ETC_DIR': '/opt/ros/kinetic/etc/ros', 'ROS_VERSION': '1'}]
[roslaunch][INFO] 2021-12-13 09:33:01,965: process[frogs-2]: args[[u'/home/ros/catkin_ws/src/module_gripper/src/module_gripper/gripper_action_server', u'__name:=frogs']]
[roslaunch][INFO] 2021-12-13 09:33:01,965: ... created process [frogs-2]
[roslaunch.pmon][INFO] 2021-12-13 09:33:01,965: ProcessMonitor.register[frogs-2]
[roslaunch.pmon][INFO] 2021-12-13 09:33:01,965: ProcessMonitor.register[frogs-2] complete
[roslaunch][INFO] 2021-12-13 09:33:01,965: ... registered process [frogs-2]
[roslaunch][INFO] 2021-12-13 09:33:01,965: process[frogs-2]: starting os process
[roslaunch][INFO] 2021-12-13 09:33:01,965: process[frogs-2]: start w/ args [[u'/home/ros/catkin_ws/src/module_gripper/src/module_gripper/gripper_action_server', u'__name:=frogs', u'__log:=/home/ros/.ros/log/aa44a2e6-5bf7-11ec-9533-7c507959f385/frogs-2.log']]
[roslaunch][INFO] 2021-12-13 09:33:01,965: process[frogs-2]: cwd will be [/home/ros/.ros]
[roslaunch][INFO] 2021-12-13 09:33:02,041: process[frogs-2]: started with pid [90]
[roslaunch][INFO] 2021-12-13 09:33:02,041: ... successfully launched [frogs-2]
[roslaunch][INFO] 2021-12-13 09:33:02,041: ... launch_nodes complete
[roslaunch.pmon][INFO] 2021-12-13 09:33:02,042: registrations completed <ProcessMonitor(ProcessMonitor-1, started daemon 140459255990016)>
[roslaunch.parent][INFO] 2021-12-13 09:33:02,042: ... roslaunch parent running, waiting for process exit
[roslaunch][INFO] 2021-12-13 09:33:02,042: spin
