[roslaunch][INFO] 2021-12-21 10:46:37,739: Checking log directory for disk usage. This may take a while.
Press Ctrl-C to interrupt
[roslaunch][INFO] 2021-12-21 10:46:37,742: Done checking log file disk usage. Usage is <1GB.
[roslaunch][INFO] 2021-12-21 10:46:37,742: roslaunch starting with args ['/opt/ros/melodic/bin/roslaunch', 'tactile_pressure_sensor', 'run_tactile_pressure.launch']
[roslaunch][INFO] 2021-12-21 10:46:37,742: roslaunch env is {'ROS_DISTRO': 'melodic', 'ROSLISP_PACKAGE_DIRECTORIES': '/home/ros/catkin_ws/devel/share/common-lisp', 'HOME': '/home/ros', 'PATH': '/opt/ros/melodic/bin:/usr/local/sbin:/usr/local/bin:/usr/sbin:/usr/bin:/sbin:/bin', 'ROS_PACKAGE_PATH': '/home/ros/catkin_ws/src:/opt/ros/melodic/share', 'CMAKE_PREFIX_PATH': '/home/ros/catkin_ws/devel:/opt/ros/melodic', 'LD_LIBRARY_PATH': '/home/ros/catkin_ws/devel/lib:/opt/ros/melodic/lib', 'LANG': 'C.UTF-8', 'TERM': 'xterm', 'ROS_LOG_FILENAME': '/home/ros/.ros/log/45f141f0-624b-11ec-bc80-7c507959f385/roslaunch-FM00351-u-527.log', 'SHLVL': '1', 'DISPLAY': ':0', 'UNAME': 'ros', 'ROS_MASTER_URI': 'http://localhost:11311', 'ROS_PYTHON_VERSION': '2', 'PYTHONPATH': '/home/ros/catkin_ws/devel/lib/python2.7/dist-packages:/opt/ros/melodic/lib/python2.7/dist-packages', 'QT_X11_NO_MITSHM': '1', 'ROS_ROOT': '/opt/ros/melodic/share/ros', 'PKG_CONFIG_PATH': '/home/ros/catkin_ws/devel/lib/pkgconfig:/opt/ros/melodic/lib/pkgconfig', 'LC_ALL': 'C.UTF-8', '_': '/opt/ros/melodic/bin/roslaunch', 'OLDPWD': '/home/ros', 'HOSTNAME': 'FM00351-u', 'PWD': '/home/ros/catkin_ws', 'ROS_ETC_DIR': '/opt/ros/melodic/etc/ros', 'ROS_VERSION': '1'}
[roslaunch][INFO] 2021-12-21 10:46:37,743: starting in server mode
[roslaunch.parent][INFO] 2021-12-21 10:46:37,743: starting roslaunch parent run
[roslaunch][INFO] 2021-12-21 10:46:37,743: loading roscore config file /opt/ros/melodic/etc/ros/roscore.xml
[roslaunch][INFO] 2021-12-21 10:46:38,000: Added core node of type [rosout/rosout] in namespace [/]
[roslaunch.config][INFO] 2021-12-21 10:46:38,000: loading config file /home/ros/catkin_ws/src/tactile_pressure_sensor/launch/run_tactile_pressure.launch
[roslaunch][INFO] 2021-12-21 10:46:38,000: Added node of type [rosserial_arduino/serial_node.py] in namespace [/sensor/]
[roslaunch][INFO] 2021-12-21 10:46:38,000: Added node of type [tactile_pressure_sensor/pressure_LocAndForceEstimation.py] in namespace [/sensor/]
[roslaunch][INFO] 2021-12-21 10:46:38,001: ... selected machine [] for node of type [rosserial_arduino/serial_node.py]
[roslaunch][INFO] 2021-12-21 10:46:38,001: ... selected machine [] for node of type [tactile_pressure_sensor/pressure_LocAndForceEstimation.py]
[roslaunch.pmon][INFO] 2021-12-21 10:46:38,001: start_process_monitor: creating ProcessMonitor
[roslaunch.pmon][INFO] 2021-12-21 10:46:38,002: created process monitor <ProcessMonitor(ProcessMonitor-1, initial daemon)>
[roslaunch.pmon][INFO] 2021-12-21 10:46:38,002: start_process_monitor: ProcessMonitor started
[roslaunch.parent][INFO] 2021-12-21 10:46:38,002: starting parent XML-RPC server
[roslaunch.server][INFO] 2021-12-21 10:46:38,002: starting roslaunch XML-RPC server
[roslaunch.server][INFO] 2021-12-21 10:46:38,002: waiting for roslaunch XML-RPC server to initialize
[xmlrpc][INFO] 2021-12-21 10:46:38,002: XML-RPC server binding to 0.0.0.0:0
[xmlrpc][INFO] 2021-12-21 10:46:38,003: Started XML-RPC server [http://FM00351-u:46555/]
[xmlrpc][INFO] 2021-12-21 10:46:38,003: xml rpc node: starting XML-RPC server
[roslaunch][INFO] 2021-12-21 10:46:38,014: started roslaunch server http://FM00351-u:46555/
[roslaunch.parent][INFO] 2021-12-21 10:46:38,014: ... parent XML-RPC server started
[roslaunch][INFO] 2021-12-21 10:46:38,014: master.is_running[http://localhost:11311]
[roslaunch][INFO] 2021-12-21 10:46:38,015: auto-starting new master
[roslaunch][INFO] 2021-12-21 10:46:38,015: create_master_process: rosmaster, /opt/ros/melodic/share/ros, 11311, 3, None, False
[roslaunch][INFO] 2021-12-21 10:46:38,015: process[master]: launching with args [['rosmaster', '--core', '-p', '11311', '-w', '3']]
[roslaunch.pmon][INFO] 2021-12-21 10:46:38,015: ProcessMonitor.register[master]
[roslaunch.pmon][INFO] 2021-12-21 10:46:38,015: ProcessMonitor.register[master] complete
[roslaunch][INFO] 2021-12-21 10:46:38,015: process[master]: starting os process
[roslaunch][INFO] 2021-12-21 10:46:38,015: process[master]: start w/ args [['rosmaster', '--core', '-p', '11311', '-w', '3', '__log:=/home/ros/.ros/log/45f141f0-624b-11ec-bc80-7c507959f385/master.log']]
[roslaunch][INFO] 2021-12-21 10:46:38,015: process[master]: cwd will be [/home/ros/.ros]
[roslaunch][INFO] 2021-12-21 10:46:38,101: process[master]: started with pid [537]
[roslaunch][INFO] 2021-12-21 10:46:38,101: master.is_running[http://localhost:11311]
[roslaunch][INFO] 2021-12-21 10:46:38,202: master.is_running[http://localhost:11311]
[roslaunch][INFO] 2021-12-21 10:46:38,303: master.is_running[http://localhost:11311]
[roslaunch][INFO] 2021-12-21 10:46:38,305: master.is_running[http://localhost:11311]
[roslaunch][INFO] 2021-12-21 10:46:38,307: ROS_MASTER_URI=http://localhost:11311
[roslaunch][INFO] 2021-12-21 10:46:38,308: setting /run_id to 45f141f0-624b-11ec-bc80-7c507959f385
[roslaunch][INFO] 2021-12-21 10:46:38,309: setting /roslaunch/uris/host_fm00351_u__46555' to http://FM00351-u:46555/
[roslaunch][INFO] 2021-12-21 10:46:38,311: ... preparing to launch node of type [rosout/rosout]
[roslaunch][INFO] 2021-12-21 10:46:38,311: create_node_process: package[rosout] type[rosout] machine[Machine(name[] env_loader[None] address[localhost] ssh_port[22] user[None] assignable[True] timeout[10.0])] master_uri[http://localhost:11311]
[roslaunch][INFO] 2021-12-21 10:46:38,311: process[rosout-1]: env[{'ROS_DISTRO': 'melodic', 'ROSLISP_PACKAGE_DIRECTORIES': '/home/ros/catkin_ws/devel/share/common-lisp', 'LD_LIBRARY_PATH': '/home/ros/catkin_ws/devel/lib:/opt/ros/melodic/lib', 'ROS_PACKAGE_PATH': '/home/ros/catkin_ws/src:/opt/ros/melodic/share', 'PATH': '/opt/ros/melodic/bin:/usr/local/sbin:/usr/local/bin:/usr/sbin:/usr/bin:/sbin:/bin', 'CMAKE_PREFIX_PATH': '/home/ros/catkin_ws/devel:/opt/ros/melodic', 'ROS_LOG_FILENAME': '/home/ros/.ros/log/45f141f0-624b-11ec-bc80-7c507959f385/roslaunch-FM00351-u-527.log', 'LANG': 'C.UTF-8', 'TERM': 'xterm', 'SHLVL': '1', 'DISPLAY': ':0', 'UNAME': 'ros', 'ROS_ETC_DIR': '/opt/ros/melodic/etc/ros', 'HOME': '/home/ros', 'ROS_PYTHON_VERSION': '2', 'PYTHONPATH': '/home/ros/catkin_ws/devel/lib/python2.7/dist-packages:/opt/ros/melodic/lib/python2.7/dist-packages', 'QT_X11_NO_MITSHM': '1', 'ROS_ROOT': '/opt/ros/melodic/share/ros', 'PKG_CONFIG_PATH': '/home/ros/catkin_ws/devel/lib/pkgconfig:/opt/ros/melodic/lib/pkgconfig', 'LC_ALL': 'C.UTF-8', '_': '/opt/ros/melodic/bin/roslaunch', 'OLDPWD': '/home/ros', 'HOSTNAME': 'FM00351-u', 'PWD': '/home/ros/catkin_ws', 'ROS_MASTER_URI': 'http://localhost:11311', 'ROS_VERSION': '1'}]
[roslaunch][INFO] 2021-12-21 10:46:38,339: process[rosout-1]: args[[u'/opt/ros/melodic/lib/rosout/rosout', u'__name:=rosout']]
[roslaunch][INFO] 2021-12-21 10:46:38,340: ... created process [rosout-1]
[roslaunch.pmon][INFO] 2021-12-21 10:46:38,340: ProcessMonitor.register[rosout-1]
[roslaunch.pmon][INFO] 2021-12-21 10:46:38,340: ProcessMonitor.register[rosout-1] complete
[roslaunch][INFO] 2021-12-21 10:46:38,340: ... registered process [rosout-1]
[roslaunch][INFO] 2021-12-21 10:46:38,340: process[rosout-1]: starting os process
[roslaunch][INFO] 2021-12-21 10:46:38,340: process[rosout-1]: start w/ args [[u'/opt/ros/melodic/lib/rosout/rosout', u'__name:=rosout', u'__log:=/home/ros/.ros/log/45f141f0-624b-11ec-bc80-7c507959f385/rosout-1.log']]
[roslaunch][INFO] 2021-12-21 10:46:38,340: process[rosout-1]: cwd will be [/home/ros/.ros]
[roslaunch][INFO] 2021-12-21 10:46:38,432: process[rosout-1]: started with pid [548]
[roslaunch][INFO] 2021-12-21 10:46:38,432: ... successfully launched [rosout-1]
[roslaunch][INFO] 2021-12-21 10:46:38,433: load_parameters starting ...
[roslaunch][INFO] 2021-12-21 10:46:38,438: ... load_parameters complete
[roslaunch][INFO] 2021-12-21 10:46:38,438: launch_nodes: launching local nodes ...
[roslaunch][INFO] 2021-12-21 10:46:38,438: ... preparing to launch node of type [rosserial_arduino/serial_node.py]
[roslaunch][INFO] 2021-12-21 10:46:38,438: create_node_process: package[rosserial_arduino] type[serial_node.py] machine[Machine(name[] env_loader[None] address[localhost] ssh_port[22] user[None] assignable[True] timeout[10.0])] master_uri[http://localhost:11311]
[roslaunch][INFO] 2021-12-21 10:46:38,439: process[sensor/tactile_pressure-2]: env[{'ROS_DISTRO': 'melodic', 'ROSLISP_PACKAGE_DIRECTORIES': '/home/ros/catkin_ws/devel/share/common-lisp', 'LD_LIBRARY_PATH': '/home/ros/catkin_ws/devel/lib:/opt/ros/melodic/lib', 'ROS_PACKAGE_PATH': '/home/ros/catkin_ws/src:/opt/ros/melodic/share', 'PATH': '/opt/ros/melodic/bin:/usr/local/sbin:/usr/local/bin:/usr/sbin:/usr/bin:/sbin:/bin', 'CMAKE_PREFIX_PATH': '/home/ros/catkin_ws/devel:/opt/ros/melodic', 'ROS_LOG_FILENAME': '/home/ros/.ros/log/45f141f0-624b-11ec-bc80-7c507959f385/roslaunch-FM00351-u-527.log', 'LANG': 'C.UTF-8', 'TERM': 'xterm', 'SHLVL': '1', 'DISPLAY': ':0', 'UNAME': 'ros', 'ROS_ETC_DIR': '/opt/ros/melodic/etc/ros', 'HOME': '/home/ros', 'ROS_PYTHON_VERSION': '2', 'PYTHONPATH': '/home/ros/catkin_ws/devel/lib/python2.7/dist-packages:/opt/ros/melodic/lib/python2.7/dist-packages', 'QT_X11_NO_MITSHM': '1', 'ROS_ROOT': '/opt/ros/melodic/share/ros', 'PKG_CONFIG_PATH': '/home/ros/catkin_ws/devel/lib/pkgconfig:/opt/ros/melodic/lib/pkgconfig', 'LC_ALL': 'C.UTF-8', 'ROS_NAMESPACE': '/sensor', '_': '/opt/ros/melodic/bin/roslaunch', 'OLDPWD': '/home/ros', 'HOSTNAME': 'FM00351-u', 'PWD': '/home/ros/catkin_ws', 'ROS_MASTER_URI': 'http://localhost:11311', 'ROS_VERSION': '1'}]
[roslaunch][INFO] 2021-12-21 10:46:38,441: process[sensor/tactile_pressure-2]: args[[u'/opt/ros/melodic/share/rosserial_arduino/serial_node.py', u'/sensor/Pressure:=/sensor/pressure_data', u'__name:=tactile_pressure']]
[roslaunch][INFO] 2021-12-21 10:46:38,441: ... created process [sensor/tactile_pressure-2]
[roslaunch.pmon][INFO] 2021-12-21 10:46:38,441: ProcessMonitor.register[sensor/tactile_pressure-2]
[roslaunch.pmon][INFO] 2021-12-21 10:46:38,441: ProcessMonitor.register[sensor/tactile_pressure-2] complete
[roslaunch][INFO] 2021-12-21 10:46:38,441: ... registered process [sensor/tactile_pressure-2]
[roslaunch][INFO] 2021-12-21 10:46:38,441: process[sensor/tactile_pressure-2]: starting os process
[roslaunch][INFO] 2021-12-21 10:46:38,441: process[sensor/tactile_pressure-2]: start w/ args [[u'/opt/ros/melodic/share/rosserial_arduino/serial_node.py', u'/sensor/Pressure:=/sensor/pressure_data', u'__name:=tactile_pressure', u'__log:=/home/ros/.ros/log/45f141f0-624b-11ec-bc80-7c507959f385/sensor-tactile_pressure-2.log']]
[roslaunch][INFO] 2021-12-21 10:46:38,441: process[sensor/tactile_pressure-2]: cwd will be [/home/ros/.ros]
[roslaunch][INFO] 2021-12-21 10:46:38,535: process[sensor/tactile_pressure-2]: started with pid [555]
[roslaunch][INFO] 2021-12-21 10:46:38,535: ... successfully launched [sensor/tactile_pressure-2]
[roslaunch][INFO] 2021-12-21 10:46:38,536: ... preparing to launch node of type [tactile_pressure_sensor/pressure_LocAndForceEstimation.py]
[roslaunch][INFO] 2021-12-21 10:46:38,536: create_node_process: package[tactile_pressure_sensor] type[pressure_LocAndForceEstimation.py] machine[Machine(name[] env_loader[None] address[localhost] ssh_port[22] user[None] assignable[True] timeout[10.0])] master_uri[http://localhost:11311]
[roslaunch][INFO] 2021-12-21 10:46:38,536: process[sensor/process_tactile_pressure-3]: env[{'ROS_DISTRO': 'melodic', 'ROSLISP_PACKAGE_DIRECTORIES': '/home/ros/catkin_ws/devel/share/common-lisp', 'LD_LIBRARY_PATH': '/home/ros/catkin_ws/devel/lib:/opt/ros/melodic/lib', 'ROS_PACKAGE_PATH': '/home/ros/catkin_ws/src:/opt/ros/melodic/share', 'PATH': '/opt/ros/melodic/bin:/usr/local/sbin:/usr/local/bin:/usr/sbin:/usr/bin:/sbin:/bin', 'CMAKE_PREFIX_PATH': '/home/ros/catkin_ws/devel:/opt/ros/melodic', 'ROS_LOG_FILENAME': '/home/ros/.ros/log/45f141f0-624b-11ec-bc80-7c507959f385/roslaunch-FM00351-u-527.log', 'LANG': 'C.UTF-8', 'TERM': 'xterm', 'SHLVL': '1', 'DISPLAY': ':0', 'UNAME': 'ros', 'ROS_ETC_DIR': '/opt/ros/melodic/etc/ros', 'HOME': '/home/ros', 'ROS_PYTHON_VERSION': '2', 'PYTHONPATH': '/home/ros/catkin_ws/devel/lib/python2.7/dist-packages:/opt/ros/melodic/lib/python2.7/dist-packages', 'QT_X11_NO_MITSHM': '1', 'ROS_ROOT': '/opt/ros/melodic/share/ros', 'PKG_CONFIG_PATH': '/home/ros/catkin_ws/devel/lib/pkgconfig:/opt/ros/melodic/lib/pkgconfig', 'LC_ALL': 'C.UTF-8', 'ROS_NAMESPACE': '/sensor', '_': '/opt/ros/melodic/bin/roslaunch', 'OLDPWD': '/home/ros', 'HOSTNAME': 'FM00351-u', 'PWD': '/home/ros/catkin_ws', 'ROS_MASTER_URI': 'http://localhost:11311', 'ROS_VERSION': '1'}]
[roslaunch][INFO] 2021-12-21 10:46:38,537: process[sensor/process_tactile_pressure-3]: args[[u'/home/ros/catkin_ws/src/tactile_pressure_sensor/src/pressure_LocAndForceEstimation.py', u'/sensor/pressure_data:=/sensor/pressure_data', u'estimated_ForceAndLoc:=/sensor/estimated_ForceAndLoc', u'__name:=process_tactile_pressure']]
[roslaunch][INFO] 2021-12-21 10:46:38,538: ... created process [sensor/process_tactile_pressure-3]
[roslaunch.pmon][INFO] 2021-12-21 10:46:38,538: ProcessMonitor.register[sensor/process_tactile_pressure-3]
[roslaunch.pmon][INFO] 2021-12-21 10:46:38,538: ProcessMonitor.register[sensor/process_tactile_pressure-3] complete
[roslaunch][INFO] 2021-12-21 10:46:38,538: ... registered process [sensor/process_tactile_pressure-3]
[roslaunch][INFO] 2021-12-21 10:46:38,538: process[sensor/process_tactile_pressure-3]: starting os process
[roslaunch][INFO] 2021-12-21 10:46:38,538: process[sensor/process_tactile_pressure-3]: start w/ args [[u'/home/ros/catkin_ws/src/tactile_pressure_sensor/src/pressure_LocAndForceEstimation.py', u'/sensor/pressure_data:=/sensor/pressure_data', u'estimated_ForceAndLoc:=/sensor/estimated_ForceAndLoc', u'__name:=process_tactile_pressure', u'__log:=/home/ros/.ros/log/45f141f0-624b-11ec-bc80-7c507959f385/sensor-process_tactile_pressure-3.log']]
[roslaunch][INFO] 2021-12-21 10:46:38,538: process[sensor/process_tactile_pressure-3]: cwd will be [/home/ros/.ros]
[roslaunch][INFO] 2021-12-21 10:46:38,645: process[sensor/process_tactile_pressure-3]: started with pid [556]
[roslaunch][INFO] 2021-12-21 10:46:38,646: ... successfully launched [sensor/process_tactile_pressure-3]
[roslaunch][INFO] 2021-12-21 10:46:38,646: ... launch_nodes complete
[roslaunch.pmon][INFO] 2021-12-21 10:46:38,646: registrations completed <ProcessMonitor(ProcessMonitor-1, started daemon 140529607091968)>
[roslaunch.parent][INFO] 2021-12-21 10:46:38,646: ... roslaunch parent running, waiting for process exit
[roslaunch][INFO] 2021-12-21 10:46:38,646: spin
[roslaunch][INFO] 2021-12-21 10:46:42,918: [sensor/process_tactile_pressure-3] process has finished cleanly
log file: /home/ros/.ros/log/45f141f0-624b-11ec-bc80-7c507959f385/sensor-process_tactile_pressure-3*.log
[roslaunch.pmon][INFO] 2021-12-21 10:46:42,918: ProcessMonitor.unregister[sensor/process_tactile_pressure-3] starting
[roslaunch.pmon][INFO] 2021-12-21 10:46:42,918: ProcessMonitor.unregister[sensor/process_tactile_pressure-3] complete
[roslaunch.pmon][INFO] 2021-12-21 10:46:46,462: ProcessMonitor.shutdown <ProcessMonitor(ProcessMonitor-1, started daemon 140529607091968)>
[roslaunch.pmon][INFO] 2021-12-21 10:46:46,529: ProcessMonitor._post_run <ProcessMonitor(ProcessMonitor-1, started daemon 140529607091968)>
[roslaunch.pmon][INFO] 2021-12-21 10:46:46,530: ProcessMonitor._post_run <ProcessMonitor(ProcessMonitor-1, started daemon 140529607091968)>: remaining procs are [<roslaunch.nodeprocess.LocalProcess object at 0x7fcf99c9dc90>, <roslaunch.nodeprocess.LocalProcess object at 0x7fcf99700050>, <roslaunch.nodeprocess.LocalProcess object at 0x7fcf99c9a310>]
[roslaunch.pmon][INFO] 2021-12-21 10:46:46,530: ProcessMonitor exit: killing sensor/tactile_pressure-2
[roslaunch][INFO] 2021-12-21 10:46:46,531: [sensor/tactile_pressure-2] killing on exit
[roslaunch][INFO] 2021-12-21 10:46:46,532: process[sensor/tactile_pressure-2]: killing os process with pid[555] pgid[555]
[roslaunch][INFO] 2021-12-21 10:46:46,532: [sensor/tactile_pressure-2] sending SIGINT to pgid [555]
[roslaunch][INFO] 2021-12-21 10:46:46,532: [sensor/tactile_pressure-2] sent SIGINT to pgid [555]
[roslaunch][INFO] 2021-12-21 10:46:46,733: process[sensor/tactile_pressure-2]: SIGINT killed with return value 0
[roslaunch.pmon][INFO] 2021-12-21 10:46:46,734: ProcessMonitor exit: killing rosout-1
[roslaunch][INFO] 2021-12-21 10:46:46,734: [rosout-1] killing on exit
[roslaunch][INFO] 2021-12-21 10:46:46,735: process[rosout-1]: killing os process with pid[548] pgid[548]
[roslaunch][INFO] 2021-12-21 10:46:46,735: [rosout-1] sending SIGINT to pgid [548]
[roslaunch][INFO] 2021-12-21 10:46:46,735: [rosout-1] sent SIGINT to pgid [548]
[roslaunch][INFO] 2021-12-21 10:46:46,835: process[rosout-1]: SIGINT killed with return value 0
[roslaunch.pmon][INFO] 2021-12-21 10:46:46,836: ProcessMonitor exit: killing master
[roslaunch][INFO] 2021-12-21 10:46:46,836: [master] killing on exit
[roslaunch][INFO] 2021-12-21 10:46:46,836: process[master]: killing os process with pid[537] pgid[537]
[roslaunch][INFO] 2021-12-21 10:46:46,836: [master] sending SIGINT to pgid [537]
[roslaunch][INFO] 2021-12-21 10:46:46,836: [master] sent SIGINT to pgid [537]
[roslaunch][INFO] 2021-12-21 10:46:47,037: process[master]: SIGINT killed with return value 0
[roslaunch.pmon][INFO] 2021-12-21 10:46:47,037: ProcessMonitor exit: cleaning up data structures and signals
[roslaunch.pmon][INFO] 2021-12-21 10:46:47,037: ProcessMonitor exit: pmon has shutdown
[roslaunch][INFO] 2021-12-21 10:46:47,178: process monitor is done spinning, initiating full shutdown
[roslaunch][INFO] 2021-12-21 10:46:47,179: runner.stop()
[roslaunch][INFO] 2021-12-21 10:46:47,179: shutting down processing monitor...
[roslaunch][INFO] 2021-12-21 10:46:47,179: shutting down processing monitor <ProcessMonitor(ProcessMonitor-1, stopped daemon 140529607091968)>
[roslaunch.pmon][INFO] 2021-12-21 10:46:47,179: ProcessMonitor.shutdown <ProcessMonitor(ProcessMonitor-1, stopped daemon 140529607091968)>
[roslaunch][INFO] 2021-12-21 10:46:47,179: ... shutting down processing monitor complete
[roslaunch][INFO] 2021-12-21 10:46:47,179: done
[roslaunch.pmon][INFO] 2021-12-21 10:46:47,180: ProcessMonitor.shutdown <ProcessMonitor(ProcessMonitor-1, stopped daemon 140529607091968)>
[rospy.core][INFO] 2021-12-21 10:46:47,180: signal_shutdown [atexit]
