[roslaunch][INFO] 2022-02-14 13:38:52,574: Checking log directory for disk usage. This may take a while.
Press Ctrl-C to interrupt
[roslaunch][INFO] 2022-02-14 13:38:52,577: Done checking log file disk usage. Usage is <1GB.
[roslaunch][INFO] 2022-02-14 13:38:52,577: roslaunch starting with args ['/opt/ros/melodic/bin/roslaunch', 'tactile_pressure_sensor', 'run_tactile_pressure.launch']
[roslaunch][INFO] 2022-02-14 13:38:52,577: roslaunch env is {'ROS_DISTRO': 'melodic', 'ROSLISP_PACKAGE_DIRECTORIES': '/home/ros/catkin_ws/devel/share/common-lisp', 'HOME': '/home/ros', 'PATH': '/opt/ros/melodic/bin:/usr/local/sbin:/usr/local/bin:/usr/sbin:/usr/bin:/sbin:/bin', 'ROS_PACKAGE_PATH': '/home/ros/catkin_ws/src:/opt/ros/melodic/share', 'CMAKE_PREFIX_PATH': '/home/ros/catkin_ws/devel:/opt/ros/melodic', 'LD_LIBRARY_PATH': '/home/ros/catkin_ws/devel/lib:/opt/ros/melodic/lib', 'LANG': 'C.UTF-8', 'TERM': 'xterm', 'ROS_LOG_FILENAME': '/home/ros/.ros/log/72ad6a18-8d9b-11ec-8471-7c507959f385/roslaunch-FM00351-u-951.log', 'SHLVL': '1', 'DISPLAY': ':0', 'UNAME': 'ros', 'ROS_MASTER_URI': 'http://localhost:11311', 'ROS_PYTHON_VERSION': '2', 'PYTHONPATH': '/home/ros/catkin_ws/devel/lib/python2.7/dist-packages:/opt/ros/melodic/lib/python2.7/dist-packages', 'QT_X11_NO_MITSHM': '1', 'ROS_ROOT': '/opt/ros/melodic/share/ros', 'PKG_CONFIG_PATH': '/home/ros/catkin_ws/devel/lib/pkgconfig:/opt/ros/melodic/lib/pkgconfig', 'LC_ALL': 'C.UTF-8', '_': '/opt/ros/melodic/bin/roslaunch', 'OLDPWD': '/home/ros', 'HOSTNAME': 'FM00351-u', 'PWD': '/home/ros/catkin_ws', 'ROS_ETC_DIR': '/opt/ros/melodic/etc/ros', 'ROS_VERSION': '1'}
[roslaunch][INFO] 2022-02-14 13:38:52,577: starting in server mode
[roslaunch.parent][INFO] 2022-02-14 13:38:52,578: starting roslaunch parent run
[roslaunch][INFO] 2022-02-14 13:38:52,578: loading roscore config file /opt/ros/melodic/etc/ros/roscore.xml
[roslaunch][INFO] 2022-02-14 13:38:52,874: Added core node of type [rosout/rosout] in namespace [/]
[roslaunch.config][INFO] 2022-02-14 13:38:52,874: loading config file /home/ros/catkin_ws/src/tactile_pressure_sensor/launch/run_tactile_pressure.launch
[roslaunch][INFO] 2022-02-14 13:38:52,875: Added node of type [rosserial_arduino/serial_node.py] in namespace [/sensor/]
[roslaunch][INFO] 2022-02-14 13:38:52,875: Added node of type [tactile_pressure_sensor/pressure_LocAndForceEstimation.py] in namespace [/sensor/]
[roslaunch][INFO] 2022-02-14 13:38:52,875: ... selected machine [] for node of type [rosserial_arduino/serial_node.py]
[roslaunch][INFO] 2022-02-14 13:38:52,875: ... selected machine [] for node of type [tactile_pressure_sensor/pressure_LocAndForceEstimation.py]
[roslaunch.pmon][INFO] 2022-02-14 13:38:52,875: start_process_monitor: creating ProcessMonitor
[roslaunch.pmon][INFO] 2022-02-14 13:38:52,875: created process monitor <ProcessMonitor(ProcessMonitor-1, initial daemon)>
[roslaunch.pmon][INFO] 2022-02-14 13:38:52,876: start_process_monitor: ProcessMonitor started
[roslaunch.parent][INFO] 2022-02-14 13:38:52,876: starting parent XML-RPC server
[roslaunch.server][INFO] 2022-02-14 13:38:52,876: starting roslaunch XML-RPC server
[roslaunch.server][INFO] 2022-02-14 13:38:52,876: waiting for roslaunch XML-RPC server to initialize
[xmlrpc][INFO] 2022-02-14 13:38:52,876: XML-RPC server binding to 0.0.0.0:0
[xmlrpc][INFO] 2022-02-14 13:38:52,876: Started XML-RPC server [http://FM00351-u:38283/]
[xmlrpc][INFO] 2022-02-14 13:38:52,876: xml rpc node: starting XML-RPC server
[roslaunch][INFO] 2022-02-14 13:38:52,888: started roslaunch server http://FM00351-u:38283/
[roslaunch.parent][INFO] 2022-02-14 13:38:52,888: ... parent XML-RPC server started
[roslaunch][INFO] 2022-02-14 13:38:52,888: master.is_running[http://localhost:11311]
[roslaunch][INFO] 2022-02-14 13:38:52,888: auto-starting new master
[roslaunch][INFO] 2022-02-14 13:38:52,888: create_master_process: rosmaster, /opt/ros/melodic/share/ros, 11311, 3, None, False
[roslaunch][INFO] 2022-02-14 13:38:52,888: process[master]: launching with args [['rosmaster', '--core', '-p', '11311', '-w', '3']]
[roslaunch.pmon][INFO] 2022-02-14 13:38:52,888: ProcessMonitor.register[master]
[roslaunch.pmon][INFO] 2022-02-14 13:38:52,888: ProcessMonitor.register[master] complete
[roslaunch][INFO] 2022-02-14 13:38:52,889: process[master]: starting os process
[roslaunch][INFO] 2022-02-14 13:38:52,889: process[master]: start w/ args [['rosmaster', '--core', '-p', '11311', '-w', '3', '__log:=/home/ros/.ros/log/72ad6a18-8d9b-11ec-8471-7c507959f385/master.log']]
[roslaunch][INFO] 2022-02-14 13:38:52,889: process[master]: cwd will be [/home/ros/.ros]
[roslaunch][INFO] 2022-02-14 13:38:52,954: process[master]: started with pid [961]
[roslaunch][INFO] 2022-02-14 13:38:52,954: master.is_running[http://localhost:11311]
[roslaunch][INFO] 2022-02-14 13:38:53,054: master.is_running[http://localhost:11311]
[roslaunch][INFO] 2022-02-14 13:38:53,155: master.is_running[http://localhost:11311]
[roslaunch][INFO] 2022-02-14 13:38:53,157: master.is_running[http://localhost:11311]
[roslaunch][INFO] 2022-02-14 13:38:53,158: ROS_MASTER_URI=http://localhost:11311
[roslaunch][INFO] 2022-02-14 13:38:53,159: setting /run_id to 72ad6a18-8d9b-11ec-8471-7c507959f385
[roslaunch][INFO] 2022-02-14 13:38:53,159: setting /roslaunch/uris/host_fm00351_u__38283' to http://FM00351-u:38283/
[roslaunch][INFO] 2022-02-14 13:38:53,162: ... preparing to launch node of type [rosout/rosout]
[roslaunch][INFO] 2022-02-14 13:38:53,162: create_node_process: package[rosout] type[rosout] machine[Machine(name[] env_loader[None] address[localhost] ssh_port[22] user[None] assignable[True] timeout[10.0])] master_uri[http://localhost:11311]
[roslaunch][INFO] 2022-02-14 13:38:53,162: process[rosout-1]: env[{'ROS_DISTRO': 'melodic', 'ROSLISP_PACKAGE_DIRECTORIES': '/home/ros/catkin_ws/devel/share/common-lisp', 'LD_LIBRARY_PATH': '/home/ros/catkin_ws/devel/lib:/opt/ros/melodic/lib', 'ROS_PACKAGE_PATH': '/home/ros/catkin_ws/src:/opt/ros/melodic/share', 'PATH': '/opt/ros/melodic/bin:/usr/local/sbin:/usr/local/bin:/usr/sbin:/usr/bin:/sbin:/bin', 'CMAKE_PREFIX_PATH': '/home/ros/catkin_ws/devel:/opt/ros/melodic', 'ROS_LOG_FILENAME': '/home/ros/.ros/log/72ad6a18-8d9b-11ec-8471-7c507959f385/roslaunch-FM00351-u-951.log', 'LANG': 'C.UTF-8', 'TERM': 'xterm', 'SHLVL': '1', 'DISPLAY': ':0', 'UNAME': 'ros', 'ROS_ETC_DIR': '/opt/ros/melodic/etc/ros', 'HOME': '/home/ros', 'ROS_PYTHON_VERSION': '2', 'PYTHONPATH': '/home/ros/catkin_ws/devel/lib/python2.7/dist-packages:/opt/ros/melodic/lib/python2.7/dist-packages', 'QT_X11_NO_MITSHM': '1', 'ROS_ROOT': '/opt/ros/melodic/share/ros', 'PKG_CONFIG_PATH': '/home/ros/catkin_ws/devel/lib/pkgconfig:/opt/ros/melodic/lib/pkgconfig', 'LC_ALL': 'C.UTF-8', '_': '/opt/ros/melodic/bin/roslaunch', 'OLDPWD': '/home/ros', 'HOSTNAME': 'FM00351-u', 'PWD': '/home/ros/catkin_ws', 'ROS_MASTER_URI': 'http://localhost:11311', 'ROS_VERSION': '1'}]
[roslaunch][INFO] 2022-02-14 13:38:53,358: process[rosout-1]: args[[u'/opt/ros/melodic/lib/rosout/rosout', u'__name:=rosout']]
[roslaunch][INFO] 2022-02-14 13:38:53,358: ... created process [rosout-1]
[roslaunch.pmon][INFO] 2022-02-14 13:38:53,358: ProcessMonitor.register[rosout-1]
[roslaunch.pmon][INFO] 2022-02-14 13:38:53,358: ProcessMonitor.register[rosout-1] complete
[roslaunch][INFO] 2022-02-14 13:38:53,358: ... registered process [rosout-1]
[roslaunch][INFO] 2022-02-14 13:38:53,358: process[rosout-1]: starting os process
[roslaunch][INFO] 2022-02-14 13:38:53,358: process[rosout-1]: start w/ args [[u'/opt/ros/melodic/lib/rosout/rosout', u'__name:=rosout', u'__log:=/home/ros/.ros/log/72ad6a18-8d9b-11ec-8471-7c507959f385/rosout-1.log']]
[roslaunch][INFO] 2022-02-14 13:38:53,358: process[rosout-1]: cwd will be [/home/ros/.ros]
[roslaunch][INFO] 2022-02-14 13:38:53,423: process[rosout-1]: started with pid [972]
[roslaunch][INFO] 2022-02-14 13:38:53,423: ... successfully launched [rosout-1]
[roslaunch][INFO] 2022-02-14 13:38:53,423: load_parameters starting ...
[roslaunch][INFO] 2022-02-14 13:38:53,425: ... load_parameters complete
[roslaunch][INFO] 2022-02-14 13:38:53,425: launch_nodes: launching local nodes ...
[roslaunch][INFO] 2022-02-14 13:38:53,425: ... preparing to launch node of type [rosserial_arduino/serial_node.py]
[roslaunch][INFO] 2022-02-14 13:38:53,426: create_node_process: package[rosserial_arduino] type[serial_node.py] machine[Machine(name[] env_loader[None] address[localhost] ssh_port[22] user[None] assignable[True] timeout[10.0])] master_uri[http://localhost:11311]
[roslaunch][INFO] 2022-02-14 13:38:53,426: process[sensor/tactile_pressure-2]: env[{'ROS_DISTRO': 'melodic', 'ROSLISP_PACKAGE_DIRECTORIES': '/home/ros/catkin_ws/devel/share/common-lisp', 'LD_LIBRARY_PATH': '/home/ros/catkin_ws/devel/lib:/opt/ros/melodic/lib', 'ROS_PACKAGE_PATH': '/home/ros/catkin_ws/src:/opt/ros/melodic/share', 'PATH': '/opt/ros/melodic/bin:/usr/local/sbin:/usr/local/bin:/usr/sbin:/usr/bin:/sbin:/bin', 'CMAKE_PREFIX_PATH': '/home/ros/catkin_ws/devel:/opt/ros/melodic', 'ROS_LOG_FILENAME': '/home/ros/.ros/log/72ad6a18-8d9b-11ec-8471-7c507959f385/roslaunch-FM00351-u-951.log', 'LANG': 'C.UTF-8', 'TERM': 'xterm', 'SHLVL': '1', 'DISPLAY': ':0', 'UNAME': 'ros', 'ROS_ETC_DIR': '/opt/ros/melodic/etc/ros', 'HOME': '/home/ros', 'ROS_PYTHON_VERSION': '2', 'PYTHONPATH': '/home/ros/catkin_ws/devel/lib/python2.7/dist-packages:/opt/ros/melodic/lib/python2.7/dist-packages', 'QT_X11_NO_MITSHM': '1', 'ROS_ROOT': '/opt/ros/melodic/share/ros', 'PKG_CONFIG_PATH': '/home/ros/catkin_ws/devel/lib/pkgconfig:/opt/ros/melodic/lib/pkgconfig', 'LC_ALL': 'C.UTF-8', 'ROS_NAMESPACE': '/sensor', '_': '/opt/ros/melodic/bin/roslaunch', 'OLDPWD': '/home/ros', 'HOSTNAME': 'FM00351-u', 'PWD': '/home/ros/catkin_ws', 'ROS_MASTER_URI': 'http://localhost:11311', 'ROS_VERSION': '1'}]
[roslaunch][INFO] 2022-02-14 13:38:53,427: process[sensor/tactile_pressure-2]: args[[u'/home/ros/catkin_ws/src/rosserial/rosserial_arduino/nodes/serial_node.py', u'/sensor/Pressure:=/sensor/pressure_data', u'__name:=tactile_pressure']]
[roslaunch][INFO] 2022-02-14 13:38:53,427: ... created process [sensor/tactile_pressure-2]
[roslaunch.pmon][INFO] 2022-02-14 13:38:53,427: ProcessMonitor.register[sensor/tactile_pressure-2]
[roslaunch.pmon][INFO] 2022-02-14 13:38:53,427: ProcessMonitor.register[sensor/tactile_pressure-2] complete
[roslaunch][INFO] 2022-02-14 13:38:53,427: ... registered process [sensor/tactile_pressure-2]
[roslaunch][INFO] 2022-02-14 13:38:53,427: process[sensor/tactile_pressure-2]: starting os process
[roslaunch][INFO] 2022-02-14 13:38:53,427: process[sensor/tactile_pressure-2]: start w/ args [[u'/home/ros/catkin_ws/src/rosserial/rosserial_arduino/nodes/serial_node.py', u'/sensor/Pressure:=/sensor/pressure_data', u'__name:=tactile_pressure', u'__log:=/home/ros/.ros/log/72ad6a18-8d9b-11ec-8471-7c507959f385/sensor-tactile_pressure-2.log']]
[roslaunch][INFO] 2022-02-14 13:38:53,427: process[sensor/tactile_pressure-2]: cwd will be [/home/ros/.ros]
[roslaunch][INFO] 2022-02-14 13:38:53,492: process[sensor/tactile_pressure-2]: started with pid [975]
[roslaunch][INFO] 2022-02-14 13:38:53,492: ... successfully launched [sensor/tactile_pressure-2]
[roslaunch][INFO] 2022-02-14 13:38:53,492: ... preparing to launch node of type [tactile_pressure_sensor/pressure_LocAndForceEstimation.py]
[roslaunch][INFO] 2022-02-14 13:38:53,492: create_node_process: package[tactile_pressure_sensor] type[pressure_LocAndForceEstimation.py] machine[Machine(name[] env_loader[None] address[localhost] ssh_port[22] user[None] assignable[True] timeout[10.0])] master_uri[http://localhost:11311]
[roslaunch][INFO] 2022-02-14 13:38:53,492: process[sensor/process_tactile_pressure-3]: env[{'ROS_DISTRO': 'melodic', 'ROSLISP_PACKAGE_DIRECTORIES': '/home/ros/catkin_ws/devel/share/common-lisp', 'LD_LIBRARY_PATH': '/home/ros/catkin_ws/devel/lib:/opt/ros/melodic/lib', 'ROS_PACKAGE_PATH': '/home/ros/catkin_ws/src:/opt/ros/melodic/share', 'PATH': '/opt/ros/melodic/bin:/usr/local/sbin:/usr/local/bin:/usr/sbin:/usr/bin:/sbin:/bin', 'CMAKE_PREFIX_PATH': '/home/ros/catkin_ws/devel:/opt/ros/melodic', 'ROS_LOG_FILENAME': '/home/ros/.ros/log/72ad6a18-8d9b-11ec-8471-7c507959f385/roslaunch-FM00351-u-951.log', 'LANG': 'C.UTF-8', 'TERM': 'xterm', 'SHLVL': '1', 'DISPLAY': ':0', 'UNAME': 'ros', 'ROS_ETC_DIR': '/opt/ros/melodic/etc/ros', 'HOME': '/home/ros', 'ROS_PYTHON_VERSION': '2', 'PYTHONPATH': '/home/ros/catkin_ws/devel/lib/python2.7/dist-packages:/opt/ros/melodic/lib/python2.7/dist-packages', 'QT_X11_NO_MITSHM': '1', 'ROS_ROOT': '/opt/ros/melodic/share/ros', 'PKG_CONFIG_PATH': '/home/ros/catkin_ws/devel/lib/pkgconfig:/opt/ros/melodic/lib/pkgconfig', 'LC_ALL': 'C.UTF-8', 'ROS_NAMESPACE': '/sensor', '_': '/opt/ros/melodic/bin/roslaunch', 'OLDPWD': '/home/ros', 'HOSTNAME': 'FM00351-u', 'PWD': '/home/ros/catkin_ws', 'ROS_MASTER_URI': 'http://localhost:11311', 'ROS_VERSION': '1'}]
[roslaunch][INFO] 2022-02-14 13:38:53,492: process[sensor/process_tactile_pressure-3]: args[[u'/home/ros/catkin_ws/src/tactile_pressure_sensor/src/pressure_LocAndForceEstimation.py', u'/sensor/pressure_data:=/sensor/pressure_data', u'estimated_ForceAndLoc:=/sensor/estimated_ForceAndLoc', u'__name:=process_tactile_pressure']]
[roslaunch][INFO] 2022-02-14 13:38:53,492: ... created process [sensor/process_tactile_pressure-3]
[roslaunch.pmon][INFO] 2022-02-14 13:38:53,493: ProcessMonitor.register[sensor/process_tactile_pressure-3]
[roslaunch.pmon][INFO] 2022-02-14 13:38:53,493: ProcessMonitor.register[sensor/process_tactile_pressure-3] complete
[roslaunch][INFO] 2022-02-14 13:38:53,493: ... registered process [sensor/process_tactile_pressure-3]
[roslaunch][INFO] 2022-02-14 13:38:53,493: process[sensor/process_tactile_pressure-3]: starting os process
[roslaunch][INFO] 2022-02-14 13:38:53,493: process[sensor/process_tactile_pressure-3]: start w/ args [[u'/home/ros/catkin_ws/src/tactile_pressure_sensor/src/pressure_LocAndForceEstimation.py', u'/sensor/pressure_data:=/sensor/pressure_data', u'estimated_ForceAndLoc:=/sensor/estimated_ForceAndLoc', u'__name:=process_tactile_pressure', u'__log:=/home/ros/.ros/log/72ad6a18-8d9b-11ec-8471-7c507959f385/sensor-process_tactile_pressure-3.log']]
[roslaunch][INFO] 2022-02-14 13:38:53,493: process[sensor/process_tactile_pressure-3]: cwd will be [/home/ros/.ros]
[roslaunch][INFO] 2022-02-14 13:38:53,558: process[sensor/process_tactile_pressure-3]: started with pid [980]
[roslaunch][INFO] 2022-02-14 13:38:53,558: ... successfully launched [sensor/process_tactile_pressure-3]
[roslaunch][INFO] 2022-02-14 13:38:53,558: ... launch_nodes complete
[roslaunch.pmon][INFO] 2022-02-14 13:38:53,558: registrations completed <ProcessMonitor(ProcessMonitor-1, started daemon 140098057000704)>
[roslaunch.parent][INFO] 2022-02-14 13:38:53,558: ... roslaunch parent running, waiting for process exit
[roslaunch][INFO] 2022-02-14 13:38:53,558: spin
[roslaunch.pmon][INFO] 2022-02-14 13:38:57,427: ProcessMonitor.shutdown <ProcessMonitor(ProcessMonitor-1, started daemon 140098057000704)>
[roslaunch.pmon][INFO] 2022-02-14 13:38:57,489: ProcessMonitor._post_run <ProcessMonitor(ProcessMonitor-1, started daemon 140098057000704)>
[roslaunch.pmon][INFO] 2022-02-14 13:38:57,489: ProcessMonitor._post_run <ProcessMonitor(ProcessMonitor-1, started daemon 140098057000704)>: remaining procs are [<roslaunch.nodeprocess.LocalProcess object at 0x7f6b1f6e3390>, <roslaunch.nodeprocess.LocalProcess object at 0x7f6b1f605350>, <roslaunch.nodeprocess.LocalProcess object at 0x7f6b1f6f0190>, <roslaunch.nodeprocess.LocalProcess object at 0x7f6b1f15efd0>]
[roslaunch.pmon][INFO] 2022-02-14 13:38:57,489: ProcessMonitor exit: killing sensor/process_tactile_pressure-3
[roslaunch][INFO] 2022-02-14 13:38:57,489: [sensor/process_tactile_pressure-3] killing on exit
[roslaunch][INFO] 2022-02-14 13:38:57,489: process[sensor/process_tactile_pressure-3]: killing os process with pid[980] pgid[980]
[roslaunch][INFO] 2022-02-14 13:38:57,489: [sensor/process_tactile_pressure-3] sending SIGINT to pgid [980]
[roslaunch][INFO] 2022-02-14 13:38:57,489: [sensor/process_tactile_pressure-3] sent SIGINT to pgid [980]
[roslaunch.pmon][INFO] 2022-02-14 13:38:57,490: ProcessMonitor exit: killing sensor/tactile_pressure-2
[roslaunch][INFO] 2022-02-14 13:38:57,490: [sensor/tactile_pressure-2] killing on exit
[roslaunch][INFO] 2022-02-14 13:38:57,490: process[sensor/tactile_pressure-2]: killing os process with pid[975] pgid[975]
[roslaunch][INFO] 2022-02-14 13:38:57,490: [sensor/tactile_pressure-2] sending SIGINT to pgid [975]
[roslaunch][INFO] 2022-02-14 13:38:57,490: [sensor/tactile_pressure-2] sent SIGINT to pgid [975]
[roslaunch][INFO] 2022-02-14 13:38:57,691: process[sensor/tactile_pressure-2]: SIGINT killed with return value 0
[roslaunch][INFO] 2022-02-14 13:38:57,790: process[sensor/process_tactile_pressure-3]: SIGINT killed with return value 0
[roslaunch.pmon][INFO] 2022-02-14 13:38:57,791: ProcessMonitor exit: killing rosout-1
[roslaunch][INFO] 2022-02-14 13:38:57,791: [rosout-1] killing on exit
[roslaunch][INFO] 2022-02-14 13:38:57,791: process[rosout-1]: killing os process with pid[972] pgid[972]
[roslaunch][INFO] 2022-02-14 13:38:57,791: [rosout-1] sending SIGINT to pgid [972]
[roslaunch][INFO] 2022-02-14 13:38:57,792: [rosout-1] sent SIGINT to pgid [972]
[roslaunch][INFO] 2022-02-14 13:38:57,892: process[rosout-1]: SIGINT killed with return value 0
[roslaunch.pmon][INFO] 2022-02-14 13:38:57,892: ProcessMonitor exit: killing master
[roslaunch][INFO] 2022-02-14 13:38:57,892: [master] killing on exit
[roslaunch][INFO] 2022-02-14 13:38:57,892: process[master]: killing os process with pid[961] pgid[961]
[roslaunch][INFO] 2022-02-14 13:38:57,892: [master] sending SIGINT to pgid [961]
[roslaunch][INFO] 2022-02-14 13:38:57,892: [master] sent SIGINT to pgid [961]
[roslaunch][INFO] 2022-02-14 13:38:58,093: process[master]: SIGINT killed with return value 0
[roslaunch.pmon][INFO] 2022-02-14 13:38:58,093: ProcessMonitor exit: cleaning up data structures and signals
[roslaunch.pmon][INFO] 2022-02-14 13:38:58,094: ProcessMonitor exit: pmon has shutdown
[roslaunch][INFO] 2022-02-14 13:38:58,144: process monitor is done spinning, initiating full shutdown
[roslaunch][INFO] 2022-02-14 13:38:58,144: runner.stop()
[roslaunch][INFO] 2022-02-14 13:38:58,144: shutting down processing monitor...
[roslaunch][INFO] 2022-02-14 13:38:58,144: shutting down processing monitor <ProcessMonitor(ProcessMonitor-1, stopped daemon 140098057000704)>
[roslaunch.pmon][INFO] 2022-02-14 13:38:58,144: ProcessMonitor.shutdown <ProcessMonitor(ProcessMonitor-1, stopped daemon 140098057000704)>
[roslaunch][INFO] 2022-02-14 13:38:58,145: ... shutting down processing monitor complete
[roslaunch][INFO] 2022-02-14 13:38:58,145: done
[roslaunch.pmon][INFO] 2022-02-14 13:38:58,145: ProcessMonitor.shutdown <ProcessMonitor(ProcessMonitor-1, stopped daemon 140098057000704)>
[rospy.core][INFO] 2022-02-14 13:38:58,145: signal_shutdown [atexit]
