[rospy.client][INFO] 2022-02-14 13:38:53,719: init_node, name[/sensor/tactile_pressure], pid[975]
[xmlrpc][INFO] 2022-02-14 13:38:53,719: XML-RPC server binding to 0.0.0.0:0
[xmlrpc][INFO] 2022-02-14 13:38:53,719: Started XML-RPC server [http://FM00351-u:37467/]
[rospy.init][INFO] 2022-02-14 13:38:53,719: ROS Slave URI: [http://FM00351-u:37467/]
[rospy.impl.masterslave][INFO] 2022-02-14 13:38:53,719: _ready: http://FM00351-u:37467/
[xmlrpc][INFO] 2022-02-14 13:38:53,720: xml rpc node: starting XML-RPC server
[rospy.registration][INFO] 2022-02-14 13:38:53,720: Registering with master node http://localhost:11311
[rospy.init][INFO] 2022-02-14 13:38:53,819: registered with master
[rospy.rosout][INFO] 2022-02-14 13:38:53,820: initializing /rosout core topic
[rospy.rosout][INFO] 2022-02-14 13:38:53,826: connected to core topic /rosout
[rospy.simtime][INFO] 2022-02-14 13:38:53,826: /use_sim_time is not set, will not subscribe to simulated time [/clock] topic
[rosout][INFO] 2022-02-14 13:38:53,832: ROS Serial Python Node
[rosout][INFO] 2022-02-14 13:38:53,834: Connecting to /dev/ttyACM0/ at 57600 baud
[rosout][ERROR] 2022-02-14 13:38:53,836: Error opening serial: [Errno 21] could not open port /dev/ttyACM0/: [Errno 21] Is a directory: '/dev/ttyACM0/'
[rospy.internal][INFO] 2022-02-14 13:38:54,041: topic[/rosout] adding connection to [/rosout], count 0
[rosout][ERROR] 2022-02-14 13:38:56,840: Error opening serial: [Errno 21] could not open port /dev/ttyACM0/: [Errno 21] Is a directory: '/dev/ttyACM0/'
[rospy.core][INFO] 2022-02-14 13:38:57,490: signal_shutdown [signal-2]
[rospy.internal][INFO] 2022-02-14 13:38:57,492: topic[/rosout] removing connection to /rosout
[rospy.impl.masterslave][INFO] 2022-02-14 13:38:57,492: signal-2
[rospy.core][INFO] 2022-02-14 13:38:57,656: signal_shutdown [atexit]
