[roslaunch][INFO] 2021-12-21 14:03:07,193: Checking log directory for disk usage. This may take a while.
Press Ctrl-C to interrupt
[roslaunch][INFO] 2021-12-21 14:03:07,195: Done checking log file disk usage. Usage is <1GB.
[roslaunch][INFO] 2021-12-21 14:03:07,195: roslaunch starting with args ['/opt/ros/melodic/bin/roslaunch', 'module_gripper', 'gripper.launch']
[roslaunch][INFO] 2021-12-21 14:03:07,195: roslaunch env is {'ROS_DISTRO': 'melodic', 'ROSLISP_PACKAGE_DIRECTORIES': '/home/ros/catkin_ws/devel/share/common-lisp', 'HOME': '/home/ros', 'PATH': '/opt/ros/melodic/bin:/usr/local/sbin:/usr/local/bin:/usr/sbin:/usr/bin:/sbin:/bin', 'ROS_PACKAGE_PATH': '/home/ros/catkin_ws/src:/opt/ros/melodic/share', 'CMAKE_PREFIX_PATH': '/home/ros/catkin_ws/devel:/opt/ros/melodic', 'LD_LIBRARY_PATH': '/home/ros/catkin_ws/devel/lib:/opt/ros/melodic/lib', 'LANG': 'C.UTF-8', 'ROS_LOG_FILENAME': '/home/ros/.ros/log/b9018fd6-6266-11ec-a10e-7c507959f385/roslaunch-FM00351-u-55.log', 'SHLVL': '2', 'DISPLAY': ':0', 'UNAME': 'ros', 'ROS_MASTER_URI': 'http://localhost:11311', 'ROS_PYTHON_VERSION': '2', 'PYTHONPATH': '/home/ros/catkin_ws/devel/lib/python2.7/dist-packages:/opt/ros/melodic/lib/python2.7/dist-packages', 'QT_X11_NO_MITSHM': '1', 'ROS_ROOT': '/opt/ros/melodic/share/ros', 'PKG_CONFIG_PATH': '/home/ros/catkin_ws/devel/lib/pkgconfig:/opt/ros/melodic/lib/pkgconfig', 'LC_ALL': 'C.UTF-8', '_': '/opt/ros/melodic/bin/roslaunch', 'OLDPWD': '/home/ros', 'HOSTNAME': 'FM00351-u', 'PWD': '/home/ros/catkin_ws', 'ROS_ETC_DIR': '/opt/ros/melodic/etc/ros', 'ROS_VERSION': '1'}
[roslaunch][INFO] 2021-12-21 14:03:07,195: starting in server mode
[roslaunch.parent][INFO] 2021-12-21 14:03:07,195: starting roslaunch parent run
[roslaunch][INFO] 2021-12-21 14:03:07,195: loading roscore config file /opt/ros/melodic/etc/ros/roscore.xml
[roslaunch][INFO] 2021-12-21 14:03:07,401: Added core node of type [rosout/rosout] in namespace [/]
[roslaunch.config][INFO] 2021-12-21 14:03:07,401: loading config file /home/ros/catkin_ws/src/module_gripper/launch/gripper.launch
[roslaunch][INFO] 2021-12-21 14:03:07,402: Added node of type [module_gripper/gripper_action_server] in namespace [/]
[roslaunch][INFO] 2021-12-21 14:03:07,402: ... selected machine [] for node of type [module_gripper/gripper_action_server]
[roslaunch.pmon][INFO] 2021-12-21 14:03:07,402: start_process_monitor: creating ProcessMonitor
[roslaunch.pmon][INFO] 2021-12-21 14:03:07,403: created process monitor <ProcessMonitor(ProcessMonitor-1, initial daemon)>
[roslaunch.pmon][INFO] 2021-12-21 14:03:07,403: start_process_monitor: ProcessMonitor started
[roslaunch.parent][INFO] 2021-12-21 14:03:07,403: starting parent XML-RPC server
[roslaunch.server][INFO] 2021-12-21 14:03:07,403: starting roslaunch XML-RPC server
[roslaunch.server][INFO] 2021-12-21 14:03:07,403: waiting for roslaunch XML-RPC server to initialize
[xmlrpc][INFO] 2021-12-21 14:03:07,403: XML-RPC server binding to 0.0.0.0:0
[xmlrpc][INFO] 2021-12-21 14:03:07,403: Started XML-RPC server [http://FM00351-u:38937/]
[xmlrpc][INFO] 2021-12-21 14:03:07,403: xml rpc node: starting XML-RPC server
[roslaunch][INFO] 2021-12-21 14:03:07,414: started roslaunch server http://FM00351-u:38937/
[roslaunch.parent][INFO] 2021-12-21 14:03:07,414: ... parent XML-RPC server started
[roslaunch][INFO] 2021-12-21 14:03:07,414: master.is_running[http://localhost:11311]
[roslaunch][INFO] 2021-12-21 14:03:07,415: auto-starting new master
[roslaunch][INFO] 2021-12-21 14:03:07,415: create_master_process: rosmaster, /opt/ros/melodic/share/ros, 11311, 3, None, False
[roslaunch][INFO] 2021-12-21 14:03:07,415: process[master]: launching with args [['rosmaster', '--core', '-p', '11311', '-w', '3']]
[roslaunch.pmon][INFO] 2021-12-21 14:03:07,415: ProcessMonitor.register[master]
[roslaunch.pmon][INFO] 2021-12-21 14:03:07,415: ProcessMonitor.register[master] complete
[roslaunch][INFO] 2021-12-21 14:03:07,415: process[master]: starting os process
[roslaunch][INFO] 2021-12-21 14:03:07,415: process[master]: start w/ args [['rosmaster', '--core', '-p', '11311', '-w', '3', '__log:=/home/ros/.ros/log/b9018fd6-6266-11ec-a10e-7c507959f385/master.log']]
[roslaunch][INFO] 2021-12-21 14:03:07,415: process[master]: cwd will be [/home/ros/.ros]
[roslaunch][INFO] 2021-12-21 14:03:07,482: process[master]: started with pid [65]
[roslaunch][INFO] 2021-12-21 14:03:07,482: master.is_running[http://localhost:11311]
[roslaunch][INFO] 2021-12-21 14:03:07,583: master.is_running[http://localhost:11311]
[roslaunch][INFO] 2021-12-21 14:03:07,684: master.is_running[http://localhost:11311]
[roslaunch][INFO] 2021-12-21 14:03:07,687: master.is_running[http://localhost:11311]
[roslaunch][INFO] 2021-12-21 14:03:07,688: ROS_MASTER_URI=http://localhost:11311
[roslaunch][INFO] 2021-12-21 14:03:07,690: setting /run_id to b9018fd6-6266-11ec-a10e-7c507959f385
[roslaunch][INFO] 2021-12-21 14:03:07,691: setting /roslaunch/uris/host_fm00351_u__38937' to http://FM00351-u:38937/
[roslaunch][INFO] 2021-12-21 14:03:07,692: ... preparing to launch node of type [rosout/rosout]
[roslaunch][INFO] 2021-12-21 14:03:07,692: create_node_process: package[rosout] type[rosout] machine[Machine(name[] env_loader[None] address[localhost] ssh_port[22] user[None] assignable[True] timeout[10.0])] master_uri[http://localhost:11311]
[roslaunch][INFO] 2021-12-21 14:03:07,692: process[rosout-1]: env[{'ROS_DISTRO': 'melodic', 'ROSLISP_PACKAGE_DIRECTORIES': '/home/ros/catkin_ws/devel/share/common-lisp', 'LD_LIBRARY_PATH': '/home/ros/catkin_ws/devel/lib:/opt/ros/melodic/lib', 'ROS_PACKAGE_PATH': '/home/ros/catkin_ws/src:/opt/ros/melodic/share', 'PATH': '/opt/ros/melodic/bin:/usr/local/sbin:/usr/local/bin:/usr/sbin:/usr/bin:/sbin:/bin', 'CMAKE_PREFIX_PATH': '/home/ros/catkin_ws/devel:/opt/ros/melodic', 'ROS_LOG_FILENAME': '/home/ros/.ros/log/b9018fd6-6266-11ec-a10e-7c507959f385/roslaunch-FM00351-u-55.log', 'LANG': 'C.UTF-8', 'SHLVL': '2', 'DISPLAY': ':0', 'UNAME': 'ros', 'ROS_ETC_DIR': '/opt/ros/melodic/etc/ros', 'HOME': '/home/ros', 'ROS_PYTHON_VERSION': '2', 'PYTHONPATH': '/home/ros/catkin_ws/devel/lib/python2.7/dist-packages:/opt/ros/melodic/lib/python2.7/dist-packages', 'QT_X11_NO_MITSHM': '1', 'ROS_ROOT': '/opt/ros/melodic/share/ros', 'PKG_CONFIG_PATH': '/home/ros/catkin_ws/devel/lib/pkgconfig:/opt/ros/melodic/lib/pkgconfig', 'LC_ALL': 'C.UTF-8', '_': '/opt/ros/melodic/bin/roslaunch', 'OLDPWD': '/home/ros', 'HOSTNAME': 'FM00351-u', 'PWD': '/home/ros/catkin_ws', 'ROS_MASTER_URI': 'http://localhost:11311', 'ROS_VERSION': '1'}]
[roslaunch][INFO] 2021-12-21 14:03:07,711: process[rosout-1]: args[[u'/opt/ros/melodic/lib/rosout/rosout', u'__name:=rosout']]
[roslaunch][INFO] 2021-12-21 14:03:07,711: ... created process [rosout-1]
[roslaunch.pmon][INFO] 2021-12-21 14:03:07,711: ProcessMonitor.register[rosout-1]
[roslaunch.pmon][INFO] 2021-12-21 14:03:07,711: ProcessMonitor.register[rosout-1] complete
[roslaunch][INFO] 2021-12-21 14:03:07,711: ... registered process [rosout-1]
[roslaunch][INFO] 2021-12-21 14:03:07,711: process[rosout-1]: starting os process
[roslaunch][INFO] 2021-12-21 14:03:07,711: process[rosout-1]: start w/ args [[u'/opt/ros/melodic/lib/rosout/rosout', u'__name:=rosout', u'__log:=/home/ros/.ros/log/b9018fd6-6266-11ec-a10e-7c507959f385/rosout-1.log']]
[roslaunch][INFO] 2021-12-21 14:03:07,711: process[rosout-1]: cwd will be [/home/ros/.ros]
[roslaunch][INFO] 2021-12-21 14:03:07,776: process[rosout-1]: started with pid [76]
[roslaunch][INFO] 2021-12-21 14:03:07,776: ... successfully launched [rosout-1]
[roslaunch][INFO] 2021-12-21 14:03:07,776: load_parameters starting ...
[roslaunch][INFO] 2021-12-21 14:03:07,778: ... load_parameters complete
[roslaunch][INFO] 2021-12-21 14:03:07,778: launch_nodes: launching local nodes ...
[roslaunch][INFO] 2021-12-21 14:03:07,778: ... preparing to launch node of type [module_gripper/gripper_action_server]
[roslaunch][INFO] 2021-12-21 14:03:07,778: create_node_process: package[module_gripper] type[gripper_action_server] machine[Machine(name[] env_loader[None] address[localhost] ssh_port[22] user[None] assignable[True] timeout[10.0])] master_uri[http://localhost:11311]
[roslaunch][INFO] 2021-12-21 14:03:07,778: process[frogs-2]: env[{'ROS_DISTRO': 'melodic', 'ROSLISP_PACKAGE_DIRECTORIES': '/home/ros/catkin_ws/devel/share/common-lisp', 'LD_LIBRARY_PATH': '/home/ros/catkin_ws/devel/lib:/opt/ros/melodic/lib', 'ROS_PACKAGE_PATH': '/home/ros/catkin_ws/src:/opt/ros/melodic/share', 'PATH': '/opt/ros/melodic/bin:/usr/local/sbin:/usr/local/bin:/usr/sbin:/usr/bin:/sbin:/bin', 'CMAKE_PREFIX_PATH': '/home/ros/catkin_ws/devel:/opt/ros/melodic', 'ROS_LOG_FILENAME': '/home/ros/.ros/log/b9018fd6-6266-11ec-a10e-7c507959f385/roslaunch-FM00351-u-55.log', 'LANG': 'C.UTF-8', 'SHLVL': '2', 'DISPLAY': ':0', 'UNAME': 'ros', 'ROS_ETC_DIR': '/opt/ros/melodic/etc/ros', 'HOME': '/home/ros', 'ROS_PYTHON_VERSION': '2', 'PYTHONPATH': '/home/ros/catkin_ws/devel/lib/python2.7/dist-packages:/opt/ros/melodic/lib/python2.7/dist-packages', 'QT_X11_NO_MITSHM': '1', 'ROS_ROOT': '/opt/ros/melodic/share/ros', 'PKG_CONFIG_PATH': '/home/ros/catkin_ws/devel/lib/pkgconfig:/opt/ros/melodic/lib/pkgconfig', 'LC_ALL': 'C.UTF-8', '_': '/opt/ros/melodic/bin/roslaunch', 'OLDPWD': '/home/ros', 'HOSTNAME': 'FM00351-u', 'PWD': '/home/ros/catkin_ws', 'ROS_MASTER_URI': 'http://localhost:11311', 'ROS_VERSION': '1'}]
[roslaunch][INFO] 2021-12-21 14:03:07,778: process[frogs-2]: args[[u'/home/ros/catkin_ws/src/module_gripper/src/module_gripper/gripper_action_server', u'__name:=frogs']]
[roslaunch][INFO] 2021-12-21 14:03:07,778: ... created process [frogs-2]
[roslaunch.pmon][INFO] 2021-12-21 14:03:07,778: ProcessMonitor.register[frogs-2]
[roslaunch.pmon][INFO] 2021-12-21 14:03:07,778: ProcessMonitor.register[frogs-2] complete
[roslaunch][INFO] 2021-12-21 14:03:07,778: ... registered process [frogs-2]
[roslaunch][INFO] 2021-12-21 14:03:07,778: process[frogs-2]: starting os process
[roslaunch][INFO] 2021-12-21 14:03:07,778: process[frogs-2]: start w/ args [[u'/home/ros/catkin_ws/src/module_gripper/src/module_gripper/gripper_action_server', u'__name:=frogs', u'__log:=/home/ros/.ros/log/b9018fd6-6266-11ec-a10e-7c507959f385/frogs-2.log']]
[roslaunch][INFO] 2021-12-21 14:03:07,778: process[frogs-2]: cwd will be [/home/ros/.ros]
[roslaunch][INFO] 2021-12-21 14:03:07,843: process[frogs-2]: started with pid [79]
[roslaunch][INFO] 2021-12-21 14:03:07,843: ... successfully launched [frogs-2]
[roslaunch][INFO] 2021-12-21 14:03:07,843: ... launch_nodes complete
[roslaunch.pmon][INFO] 2021-12-21 14:03:07,843: registrations completed <ProcessMonitor(ProcessMonitor-1, started daemon 140136618399488)>
[roslaunch.parent][INFO] 2021-12-21 14:03:07,843: ... roslaunch parent running, waiting for process exit
[roslaunch][INFO] 2021-12-21 14:03:07,843: spin
