[rosmaster.main][INFO] 2022-02-23 12:24:51,734: initialization complete, waiting for shutdown
[rosmaster.main][INFO] 2022-02-23 12:24:51,734: Starting ROS Master Node
[xmlrpc][INFO] 2022-02-23 12:24:51,735: XML-RPC server binding to 0.0.0.0:11311
[xmlrpc][INFO] 2022-02-23 12:24:51,735: Started XML-RPC server [http://FM00351-u:11311/]
[xmlrpc][INFO] 2022-02-23 12:24:51,735: xml rpc node: starting XML-RPC server
[rosmaster.master][INFO] 2022-02-23 12:24:51,735: Master initialized: port[11311], uri[http://FM00351-u:11311/]
[rosmaster.master][INFO] 2022-02-23 12:24:51,762: +PARAM [/run_id] by /roslaunch
[rosmaster.master][INFO] 2022-02-23 12:24:51,763: +PARAM [/roslaunch/uris/host_fm00351_u__45847] by /roslaunch
[rosmaster.master][INFO] 2022-02-23 12:24:52,035: +PARAM [/rosversion] by /roslaunch
[rosmaster.master][INFO] 2022-02-23 12:24:52,036: +PARAM [/rosdistro] by /roslaunch
[rosmaster.master][INFO] 2022-02-23 12:24:52,040: +SERVICE [/rosout/get_loggers] /rosout http://FM00351-u:40035/
[rosmaster.master][INFO] 2022-02-23 12:24:52,040: +SERVICE [/rosout/set_logger_level] /rosout http://FM00351-u:40035/
[rosmaster.master][INFO] 2022-02-23 12:24:52,041: +PUB [/rosout_agg] /rosout http://FM00351-u:40035/
[rosmaster.master][INFO] 2022-02-23 12:24:52,042: +SUB [/rosout] /rosout http://FM00351-u:40035/
[rosmaster.master][INFO] 2022-02-23 12:24:52,623: +PUB [/rosout] /Robotiq2FGripperRtuNode http://FM00351-u:42887/
[rosmaster.master][INFO] 2022-02-23 12:24:52,625: +SERVICE [/Robotiq2FGripperRtuNode/get_loggers] /Robotiq2FGripperRtuNode http://FM00351-u:42887/
[rosmaster.master][INFO] 2022-02-23 12:24:52,625: +SERVICE [/Robotiq2FGripperRtuNode/set_logger_level] /Robotiq2FGripperRtuNode http://FM00351-u:42887/
[rosmaster.master][INFO] 2022-02-23 12:24:52,626: +PUB [/Robotiq2FGripperRobotInput] /Robotiq2FGripperRtuNode http://FM00351-u:42887/
[rosmaster.master][INFO] 2022-02-23 12:24:52,628: +SUB [/Robotiq2FGripperRobotOutput] /Robotiq2FGripperRtuNode http://FM00351-u:42887/
[rosmaster.master][INFO] 2022-02-23 12:24:52,637: publisherUpdate[/rosout] -> http://FM00351-u:40035/ ['http://FM00351-u:42887/']
[rosmaster.master][INFO] 2022-02-23 12:24:52,649: publisherUpdate[/rosout] -> http://FM00351-u:40035/ ['http://FM00351-u:42887/']: sec=0.01, result=[1, '', 0]
[rosmaster.master][INFO] 2022-02-23 12:24:52,708: +PUB [/rosout] /gripper_action_server http://FM00351-u:45997/
[rosmaster.master][INFO] 2022-02-23 12:24:52,712: +SERVICE [/gripper_action_server/get_loggers] /gripper_action_server http://FM00351-u:45997/
[rosmaster.master][INFO] 2022-02-23 12:24:52,714: +SERVICE [/gripper_action_server/set_logger_level] /gripper_action_server http://FM00351-u:45997/
[rosmaster.master][INFO] 2022-02-23 12:24:52,718: +PUB [/gripper_action_server/status] /gripper_action_server http://FM00351-u:45997/
[rosmaster.master][INFO] 2022-02-23 12:24:52,719: +PUB [/gripper_action_server/result] /gripper_action_server http://FM00351-u:45997/
[rosmaster.master][INFO] 2022-02-23 12:24:52,721: +PUB [/gripper_action_server/feedback] /gripper_action_server http://FM00351-u:45997/
[rosmaster.master][INFO] 2022-02-23 12:24:52,725: +SUB [/gripper_action_server/goal] /gripper_action_server http://FM00351-u:45997/
[rosmaster.master][INFO] 2022-02-23 12:24:52,727: +SUB [/gripper_action_server/cancel] /gripper_action_server http://FM00351-u:45997/
[rosmaster.master][INFO] 2022-02-23 12:24:52,737: publisherUpdate[/rosout] -> http://FM00351-u:40035/ ['http://FM00351-u:42887/', 'http://FM00351-u:45997/']
[rosmaster.master][INFO] 2022-02-23 12:24:52,756: publisherUpdate[/rosout] -> http://FM00351-u:40035/ ['http://FM00351-u:42887/', 'http://FM00351-u:45997/']: sec=0.02, result=[1, '', 0]
[rosmaster.master][INFO] 2022-02-23 12:25:01,473: +PUB [/rosout] /rostopic_1782_1645619101305 http://FM00351-u:39405/
[rosmaster.master][INFO] 2022-02-23 12:25:01,476: publisherUpdate[/rosout] -> http://FM00351-u:40035/ ['http://FM00351-u:42887/', 'http://FM00351-u:45997/', 'http://FM00351-u:39405/']
[rosmaster.master][INFO] 2022-02-23 12:25:01,477: publisherUpdate[/rosout] -> http://FM00351-u:40035/ ['http://FM00351-u:42887/', 'http://FM00351-u:45997/', 'http://FM00351-u:39405/']: sec=0.00, result=[1, '', 0]
[rosmaster.master][INFO] 2022-02-23 12:25:01,478: +SERVICE [/rostopic_1782_1645619101305/get_loggers] /rostopic_1782_1645619101305 http://FM00351-u:39405/
[rosmaster.master][INFO] 2022-02-23 12:25:01,480: +SERVICE [/rostopic_1782_1645619101305/set_logger_level] /rostopic_1782_1645619101305 http://FM00351-u:39405/
[rosmaster.master][INFO] 2022-02-23 12:25:01,487: +SUB [/rosout] /rostopic_1782_1645619101305 http://FM00351-u:39405/
[rosmaster.master][INFO] 2022-02-23 12:25:07,610: +PUB [/rosout] /gripper_action_client http://FM00351-u:43837/
[rosmaster.master][INFO] 2022-02-23 12:25:07,612: +SERVICE [/gripper_action_client/get_loggers] /gripper_action_client http://FM00351-u:43837/
[rosmaster.master][INFO] 2022-02-23 12:25:07,613: +SERVICE [/gripper_action_client/set_logger_level] /gripper_action_client http://FM00351-u:43837/
[rosmaster.master][INFO] 2022-02-23 12:25:07,613: +PUB [/gripper_action_server/goal] /gripper_action_client http://FM00351-u:43837/
[rosmaster.master][INFO] 2022-02-23 12:25:07,614: +PUB [/gripper_action_server/cancel] /gripper_action_client http://FM00351-u:43837/
[rosmaster.master][INFO] 2022-02-23 12:25:07,616: +SUB [/gripper_action_server/status] /gripper_action_client http://FM00351-u:43837/
[rosmaster.master][INFO] 2022-02-23 12:25:07,617: +SUB [/gripper_action_server/result] /gripper_action_client http://FM00351-u:43837/
[rosmaster.master][INFO] 2022-02-23 12:25:07,617: +SUB [/gripper_action_server/feedback] /gripper_action_client http://FM00351-u:43837/
[rosmaster.master][INFO] 2022-02-23 12:25:07,667: publisherUpdate[/rosout] -> http://FM00351-u:40035/ ['http://FM00351-u:42887/', 'http://FM00351-u:45997/', 'http://FM00351-u:39405/', 'http://FM00351-u:43837/']
[rosmaster.master][INFO] 2022-02-23 12:25:07,674: publisherUpdate[/rosout] -> http://FM00351-u:40035/ ['http://FM00351-u:42887/', 'http://FM00351-u:45997/', 'http://FM00351-u:39405/', 'http://FM00351-u:43837/']: sec=0.01, result=[1, '', 0]
[rosmaster.master][INFO] 2022-02-23 12:25:07,674: publisherUpdate[/rosout] -> http://FM00351-u:39405/ ['http://FM00351-u:42887/', 'http://FM00351-u:45997/', 'http://FM00351-u:39405/', 'http://FM00351-u:43837/']
[rosmaster.master][INFO] 2022-02-23 12:25:07,676: publisherUpdate[/rosout] -> http://FM00351-u:39405/ ['http://FM00351-u:42887/', 'http://FM00351-u:45997/', 'http://FM00351-u:39405/', 'http://FM00351-u:43837/']: sec=0.00, result=[1, '', 0]
[rosmaster.master][INFO] 2022-02-23 12:25:07,676: publisherUpdate[/gripper_action_server/goal] -> http://FM00351-u:45997/ ['http://FM00351-u:43837/']
[rosmaster.master][INFO] 2022-02-23 12:25:07,677: publisherUpdate[/gripper_action_server/goal] -> http://FM00351-u:45997/ ['http://FM00351-u:43837/']: sec=0.00, result=[1, '', 0]
[rosmaster.master][INFO] 2022-02-23 12:25:07,678: publisherUpdate[/gripper_action_server/cancel] -> http://FM00351-u:45997/ ['http://FM00351-u:43837/']
[rosmaster.master][INFO] 2022-02-23 12:25:07,678: publisherUpdate[/gripper_action_server/cancel] -> http://FM00351-u:45997/ ['http://FM00351-u:43837/']: sec=0.00, result=[1, '', 0]
[rosmaster.master][INFO] 2022-02-23 12:25:07,716: +CACHEDPARAM [/rosout_disable_topics_generation] by /gripper_action_server
[rosmaster.master][INFO] 2022-02-23 12:25:07,718: +CACHEDPARAM [/rosout/omit_topics] by /rosout
[rosmaster.master][INFO] 2022-02-23 12:25:07,718: +CACHEDPARAM [/rosout_disable_topics_generation] by /gripper_action_server
[rosmaster.master][INFO] 2022-02-23 12:25:07,719: +PUB [/Robotiq2FGripperRobotOutput] /gripper_action_server http://FM00351-u:45997/
[rosmaster.master][INFO] 2022-02-23 12:25:07,720: +CACHEDPARAM [/rosout_disable_topics_generation] by /gripper_action_server
[rosmaster.master][INFO] 2022-02-23 12:25:07,779: publisherUpdate[/Robotiq2FGripperRobotOutput] -> http://FM00351-u:42887/ ['http://FM00351-u:45997/']
[rosmaster.master][INFO] 2022-02-23 12:25:07,780: publisherUpdate[/Robotiq2FGripperRobotOutput] -> http://FM00351-u:42887/ ['http://FM00351-u:45997/']: sec=0.00, result=[1, '', 0]
[rosmaster.master][INFO] 2022-02-23 12:25:23,057: -SUB [/gripper_action_server/goal] /gripper_action_server http://FM00351-u:45997/
[rosmaster.master][INFO] 2022-02-23 12:25:23,057: -SUB [/gripper_action_server/cancel] /gripper_action_server http://FM00351-u:45997/
[rosmaster.master][INFO] 2022-02-23 12:25:23,057: -PUB [/gripper_action_server/feedback] /gripper_action_server http://FM00351-u:45997/
[rosmaster.master][INFO] 2022-02-23 12:25:23,057: -PUB [/gripper_action_server/status] /gripper_action_server http://FM00351-u:45997/
[rosmaster.master][INFO] 2022-02-23 12:25:23,057: -PUB [/rosout] /gripper_action_server http://FM00351-u:45997/
[rosmaster.master][INFO] 2022-02-23 12:25:23,057: -PUB [/gripper_action_server/result] /gripper_action_server http://FM00351-u:45997/
[rosmaster.master][INFO] 2022-02-23 12:25:23,057: -PUB [/Robotiq2FGripperRobotOutput] /gripper_action_server http://FM00351-u:45997/
[rosmaster.master][INFO] 2022-02-23 12:25:23,058: -SERVICE [/gripper_action_server/get_loggers] /gripper_action_server rosrpc://FM00351-u:46247
[rosmaster.master][INFO] 2022-02-23 12:25:23,058: -SERVICE [/gripper_action_server/set_logger_level] /gripper_action_server rosrpc://FM00351-u:46247
[rosmaster.master][INFO] 2022-02-23 12:25:23,059: -SUB [/Robotiq2FGripperRobotOutput] /Robotiq2FGripperRtuNode http://FM00351-u:42887/
[rosmaster.master][INFO] 2022-02-23 12:25:23,059: -PUB [/Robotiq2FGripperRobotInput] /Robotiq2FGripperRtuNode http://FM00351-u:42887/
[rosmaster.master][INFO] 2022-02-23 12:25:23,060: -PUB [/rosout] /Robotiq2FGripperRtuNode http://FM00351-u:42887/
[rosmaster.master][INFO] 2022-02-23 12:25:23,060: -SERVICE [/Robotiq2FGripperRtuNode/get_loggers] /Robotiq2FGripperRtuNode rosrpc://FM00351-u:44357
[rosmaster.master][INFO] 2022-02-23 12:25:23,060: -SERVICE [/Robotiq2FGripperRtuNode/set_logger_level] /Robotiq2FGripperRtuNode rosrpc://FM00351-u:44357
[rosmaster.master][INFO] 2022-02-23 12:25:23,111: publisherUpdate[/gripper_action_server/feedback] -> http://FM00351-u:43837/ []
[rosmaster.master][INFO] 2022-02-23 12:25:23,112: publisherUpdate[/rosout] -> http://FM00351-u:40035/ ['http://FM00351-u:42887/', 'http://FM00351-u:39405/', 'http://FM00351-u:43837/']
[rosmaster.master][INFO] 2022-02-23 12:25:23,114: publisherUpdate[/rosout] -> http://FM00351-u:40035/ ['http://FM00351-u:42887/', 'http://FM00351-u:39405/', 'http://FM00351-u:43837/']: sec=0.00, result=[1, '', 0]
[rosmaster.master][INFO] 2022-02-23 12:25:23,114: publisherUpdate[/rosout] -> http://FM00351-u:39405/ ['http://FM00351-u:42887/', 'http://FM00351-u:39405/', 'http://FM00351-u:43837/']
[rosmaster.master][INFO] 2022-02-23 12:25:23,115: publisherUpdate[/gripper_action_server/feedback] -> http://FM00351-u:43837/ []: sec=0.00, result=[1, '', 0]
[rosmaster.master][INFO] 2022-02-23 12:25:23,115: publisherUpdate[/gripper_action_server/status] -> http://FM00351-u:43837/ []
[rosmaster.master][INFO] 2022-02-23 12:25:23,116: publisherUpdate[/rosout] -> http://FM00351-u:39405/ ['http://FM00351-u:42887/', 'http://FM00351-u:39405/', 'http://FM00351-u:43837/']: sec=0.00, result=[1, '', 0]
[rosmaster.master][INFO] 2022-02-23 12:25:23,116: publisherUpdate[/Robotiq2FGripperRobotOutput] -> http://FM00351-u:42887/ []
[rosmaster.master][INFO] 2022-02-23 12:25:23,116: publisherUpdate[/gripper_action_server/status] -> http://FM00351-u:43837/ []: sec=0.00, result=[1, '', 0]
[rosmaster.master][INFO] 2022-02-23 12:25:23,117: publisherUpdate[/gripper_action_server/result] -> http://FM00351-u:43837/ []
[rosmaster.master][INFO] 2022-02-23 12:25:23,118: publisherUpdate[/Robotiq2FGripperRobotOutput] -> http://FM00351-u:42887/ []: sec=0.00, result=[1, '', 0]
[rosmaster.master][INFO] 2022-02-23 12:25:23,118: publisherUpdate[/gripper_action_server/result] -> http://FM00351-u:43837/ []: sec=0.00, result=[1, '', 0]
[rosmaster.master][INFO] 2022-02-23 12:25:23,118: publisherUpdate[/rosout] -> http://FM00351-u:40035/ ['http://FM00351-u:39405/', 'http://FM00351-u:43837/']
[rosmaster.master][INFO] 2022-02-23 12:25:23,119: publisherUpdate[/rosout] -> http://FM00351-u:39405/ ['http://FM00351-u:39405/', 'http://FM00351-u:43837/']
[rosmaster.master][INFO] 2022-02-23 12:25:23,119: publisherUpdate[/rosout] -> http://FM00351-u:40035/ ['http://FM00351-u:39405/', 'http://FM00351-u:43837/']: sec=0.00, result=[1, '', 0]
[rosmaster.master][INFO] 2022-02-23 12:25:23,120: publisherUpdate[/rosout] -> http://FM00351-u:39405/ ['http://FM00351-u:39405/', 'http://FM00351-u:43837/']: sec=0.00, result=[1, '', 0]
[rosmaster.master][INFO] 2022-02-23 12:25:24,225: -SUB [/gripper_action_server/feedback] /gripper_action_client http://FM00351-u:43837/
[rosmaster.master][INFO] 2022-02-23 12:25:24,226: -SUB [/gripper_action_server/status] /gripper_action_client http://FM00351-u:43837/
[rosmaster.master][INFO] 2022-02-23 12:25:24,226: -SUB [/gripper_action_server/result] /gripper_action_client http://FM00351-u:43837/
[rosmaster.master][INFO] 2022-02-23 12:25:24,226: -PUB [/gripper_action_server/goal] /gripper_action_client http://FM00351-u:43837/
[rosmaster.master][INFO] 2022-02-23 12:25:24,226: -PUB [/gripper_action_server/cancel] /gripper_action_client http://FM00351-u:43837/
[rosmaster.master][INFO] 2022-02-23 12:25:24,226: -PUB [/rosout] /gripper_action_client http://FM00351-u:43837/
[rosmaster.master][INFO] 2022-02-23 12:25:24,226: -SERVICE [/gripper_action_client/get_loggers] /gripper_action_client rosrpc://FM00351-u:39121
[rosmaster.master][INFO] 2022-02-23 12:25:24,226: -SERVICE [/gripper_action_client/set_logger_level] /gripper_action_client rosrpc://FM00351-u:39121
[rosmaster.master][INFO] 2022-02-23 12:25:24,321: publisherUpdate[/rosout] -> http://FM00351-u:40035/ ['http://FM00351-u:39405/']
[rosmaster.master][INFO] 2022-02-23 12:25:24,323: publisherUpdate[/rosout] -> http://FM00351-u:39405/ ['http://FM00351-u:39405/']
[rosmaster.master][INFO] 2022-02-23 12:25:24,323: publisherUpdate[/rosout] -> http://FM00351-u:40035/ ['http://FM00351-u:39405/']: sec=0.00, result=[1, '', 0]
[rosmaster.master][INFO] 2022-02-23 12:25:24,325: publisherUpdate[/rosout] -> http://FM00351-u:39405/ ['http://FM00351-u:39405/']: sec=0.00, result=[1, '', 0]
[rosmaster.master][INFO] 2022-02-23 12:25:40,257: -PUB [/rosout_agg] /rosout http://FM00351-u:40035/
[rosmaster.master][INFO] 2022-02-23 12:25:40,257: -SUB [/rosout] /rosout http://FM00351-u:40035/
[rosmaster.master][INFO] 2022-02-23 12:25:40,258: -SERVICE [/rosout/get_loggers] /rosout rosrpc://FM00351-u:58713
[rosmaster.master][INFO] 2022-02-23 12:25:40,258: -SERVICE [/rosout/set_logger_level] /rosout rosrpc://FM00351-u:58713
[rosmaster.master][INFO] 2022-02-23 12:25:40,258: -CACHEDPARAM [/rosout/omit_topics] by /rosout
[rosmaster.main][INFO] 2022-02-23 12:25:40,299: keyboard interrupt, will exit
[rosmaster.main][INFO] 2022-02-23 12:25:40,300: stopping master...
[rospy.core][INFO] 2022-02-23 12:25:40,300: signal_shutdown [atexit]
