[roslaunch][INFO] 2022-02-23 12:24:51,161: Checking log directory for disk usage. This may take a while.
Press Ctrl-C to interrupt
[roslaunch][INFO] 2022-02-23 12:24:51,165: Done checking log file disk usage. Usage is <1GB.
[roslaunch][INFO] 2022-02-23 12:24:51,165: roslaunch starting with args ['/opt/ros/melodic/bin/roslaunch', 'fm_gripper_module', 'fm_gripper_module.launch']
[roslaunch][INFO] 2022-02-23 12:24:51,166: roslaunch env is {'ROS_DISTRO': 'melodic', 'ROSLISP_PACKAGE_DIRECTORIES': '/home/ros/catkin_ws/devel/share/common-lisp', 'HOME': '/home/ros', 'PATH': '/opt/ros/melodic/bin:/usr/local/sbin:/usr/local/bin:/usr/sbin:/usr/bin:/sbin:/bin', 'ROS_PACKAGE_PATH': '/home/ros/catkin_ws/src:/opt/ros/melodic/share', 'CMAKE_PREFIX_PATH': '/home/ros/catkin_ws/devel:/opt/ros/melodic', 'LD_LIBRARY_PATH': '/home/ros/catkin_ws/devel/lib:/opt/ros/melodic/lib', 'LANG': 'C.UTF-8', 'TERM': 'xterm', 'ROS_LOG_FILENAME': '/home/ros/.ros/log/991b571e-94a3-11ec-ae6a-7c507959f385/roslaunch-FM00351-u-1734.log', 'SHLVL': '1', 'DISPLAY': ':0', 'UNAME': 'ros', 'ROS_MASTER_URI': 'http://localhost:11311', 'ROS_PYTHON_VERSION': '2', 'PYTHONPATH': '/home/ros/catkin_ws/devel/lib/python2.7/dist-packages:/opt/ros/melodic/lib/python2.7/dist-packages', 'QT_X11_NO_MITSHM': '1', 'ROS_ROOT': '/opt/ros/melodic/share/ros', 'PKG_CONFIG_PATH': '/home/ros/catkin_ws/devel/lib/pkgconfig:/opt/ros/melodic/lib/pkgconfig', 'LC_ALL': 'C.UTF-8', '_': '/opt/ros/melodic/bin/roslaunch', 'OLDPWD': '/home/ros', 'HOSTNAME': 'FM00351-u', 'PWD': '/home/ros/catkin_ws', 'ROS_ETC_DIR': '/opt/ros/melodic/etc/ros', 'ROS_VERSION': '1'}
[roslaunch][INFO] 2022-02-23 12:24:51,166: starting in server mode
[roslaunch.parent][INFO] 2022-02-23 12:24:51,166: starting roslaunch parent run
[roslaunch][INFO] 2022-02-23 12:24:51,166: loading roscore config file /opt/ros/melodic/etc/ros/roscore.xml
[roslaunch][INFO] 2022-02-23 12:24:51,470: Added core node of type [rosout/rosout] in namespace [/]
[roslaunch.config][INFO] 2022-02-23 12:24:51,471: loading config file /home/ros/catkin_ws/src/fm_gripper_module/launch/fm_gripper_module.launch
[roslaunch][INFO] 2022-02-23 12:24:51,471: Added node of type [robotiq_2f_gripper_control/Robotiq2FGripperRtuNode.py] in namespace [/]
[roslaunch][INFO] 2022-02-23 12:24:51,471: Added node of type [fm_gripper_module/gripper_action_server.py] in namespace [/]
[roslaunch][INFO] 2022-02-23 12:24:51,471: ... selected machine [] for node of type [robotiq_2f_gripper_control/Robotiq2FGripperRtuNode.py]
[roslaunch][INFO] 2022-02-23 12:24:51,471: ... selected machine [] for node of type [fm_gripper_module/gripper_action_server.py]
[roslaunch.pmon][INFO] 2022-02-23 12:24:51,472: start_process_monitor: creating ProcessMonitor
[roslaunch.pmon][INFO] 2022-02-23 12:24:51,472: created process monitor <ProcessMonitor(ProcessMonitor-1, initial daemon)>
[roslaunch.pmon][INFO] 2022-02-23 12:24:51,472: start_process_monitor: ProcessMonitor started
[roslaunch.parent][INFO] 2022-02-23 12:24:51,472: starting parent XML-RPC server
[roslaunch.server][INFO] 2022-02-23 12:24:51,472: starting roslaunch XML-RPC server
[roslaunch.server][INFO] 2022-02-23 12:24:51,472: waiting for roslaunch XML-RPC server to initialize
[xmlrpc][INFO] 2022-02-23 12:24:51,472: XML-RPC server binding to 0.0.0.0:0
[xmlrpc][INFO] 2022-02-23 12:24:51,473: Started XML-RPC server [http://FM00351-u:45847/]
[xmlrpc][INFO] 2022-02-23 12:24:51,473: xml rpc node: starting XML-RPC server
[roslaunch][INFO] 2022-02-23 12:24:51,483: started roslaunch server http://FM00351-u:45847/
[roslaunch.parent][INFO] 2022-02-23 12:24:51,484: ... parent XML-RPC server started
[roslaunch][INFO] 2022-02-23 12:24:51,484: master.is_running[http://localhost:11311]
[roslaunch][INFO] 2022-02-23 12:24:51,484: auto-starting new master
[roslaunch][INFO] 2022-02-23 12:24:51,484: create_master_process: rosmaster, /opt/ros/melodic/share/ros, 11311, 3, None, False
[roslaunch][INFO] 2022-02-23 12:24:51,484: process[master]: launching with args [['rosmaster', '--core', '-p', '11311', '-w', '3']]
[roslaunch.pmon][INFO] 2022-02-23 12:24:51,484: ProcessMonitor.register[master]
[roslaunch.pmon][INFO] 2022-02-23 12:24:51,484: ProcessMonitor.register[master] complete
[roslaunch][INFO] 2022-02-23 12:24:51,485: process[master]: starting os process
[roslaunch][INFO] 2022-02-23 12:24:51,485: process[master]: start w/ args [['rosmaster', '--core', '-p', '11311', '-w', '3', '__log:=/home/ros/.ros/log/991b571e-94a3-11ec-ae6a-7c507959f385/master.log']]
[roslaunch][INFO] 2022-02-23 12:24:51,485: process[master]: cwd will be [/home/ros/.ros]
[roslaunch][INFO] 2022-02-23 12:24:51,556: process[master]: started with pid [1744]
[roslaunch][INFO] 2022-02-23 12:24:51,556: master.is_running[http://localhost:11311]
[roslaunch][INFO] 2022-02-23 12:24:51,657: master.is_running[http://localhost:11311]
[roslaunch][INFO] 2022-02-23 12:24:51,757: master.is_running[http://localhost:11311]
[roslaunch][INFO] 2022-02-23 12:24:51,759: master.is_running[http://localhost:11311]
[roslaunch][INFO] 2022-02-23 12:24:51,760: ROS_MASTER_URI=http://localhost:11311
[roslaunch][INFO] 2022-02-23 12:24:51,761: setting /run_id to 991b571e-94a3-11ec-ae6a-7c507959f385
[roslaunch][INFO] 2022-02-23 12:24:51,762: setting /roslaunch/uris/host_fm00351_u__45847' to http://FM00351-u:45847/
[roslaunch][INFO] 2022-02-23 12:24:51,765: ... preparing to launch node of type [rosout/rosout]
[roslaunch][INFO] 2022-02-23 12:24:51,765: create_node_process: package[rosout] type[rosout] machine[Machine(name[] env_loader[None] address[localhost] ssh_port[22] user[None] assignable[True] timeout[10.0])] master_uri[http://localhost:11311]
[roslaunch][INFO] 2022-02-23 12:24:51,765: process[rosout-1]: env[{'ROS_DISTRO': 'melodic', 'ROSLISP_PACKAGE_DIRECTORIES': '/home/ros/catkin_ws/devel/share/common-lisp', 'LD_LIBRARY_PATH': '/home/ros/catkin_ws/devel/lib:/opt/ros/melodic/lib', 'ROS_PACKAGE_PATH': '/home/ros/catkin_ws/src:/opt/ros/melodic/share', 'PATH': '/opt/ros/melodic/bin:/usr/local/sbin:/usr/local/bin:/usr/sbin:/usr/bin:/sbin:/bin', 'CMAKE_PREFIX_PATH': '/home/ros/catkin_ws/devel:/opt/ros/melodic', 'ROS_LOG_FILENAME': '/home/ros/.ros/log/991b571e-94a3-11ec-ae6a-7c507959f385/roslaunch-FM00351-u-1734.log', 'LANG': 'C.UTF-8', 'TERM': 'xterm', 'SHLVL': '1', 'DISPLAY': ':0', 'UNAME': 'ros', 'ROS_ETC_DIR': '/opt/ros/melodic/etc/ros', 'HOME': '/home/ros', 'ROS_PYTHON_VERSION': '2', 'PYTHONPATH': '/home/ros/catkin_ws/devel/lib/python2.7/dist-packages:/opt/ros/melodic/lib/python2.7/dist-packages', 'QT_X11_NO_MITSHM': '1', 'ROS_ROOT': '/opt/ros/melodic/share/ros', 'PKG_CONFIG_PATH': '/home/ros/catkin_ws/devel/lib/pkgconfig:/opt/ros/melodic/lib/pkgconfig', 'LC_ALL': 'C.UTF-8', '_': '/opt/ros/melodic/bin/roslaunch', 'OLDPWD': '/home/ros', 'HOSTNAME': 'FM00351-u', 'PWD': '/home/ros/catkin_ws', 'ROS_MASTER_URI': 'http://localhost:11311', 'ROS_VERSION': '1'}]
[roslaunch][INFO] 2022-02-23 12:24:51,966: process[rosout-1]: args[[u'/opt/ros/melodic/lib/rosout/rosout', u'__name:=rosout']]
[roslaunch][INFO] 2022-02-23 12:24:51,966: ... created process [rosout-1]
[roslaunch.pmon][INFO] 2022-02-23 12:24:51,966: ProcessMonitor.register[rosout-1]
[roslaunch.pmon][INFO] 2022-02-23 12:24:51,966: ProcessMonitor.register[rosout-1] complete
[roslaunch][INFO] 2022-02-23 12:24:51,966: ... registered process [rosout-1]
[roslaunch][INFO] 2022-02-23 12:24:51,966: process[rosout-1]: starting os process
[roslaunch][INFO] 2022-02-23 12:24:51,966: process[rosout-1]: start w/ args [[u'/opt/ros/melodic/lib/rosout/rosout', u'__name:=rosout', u'__log:=/home/ros/.ros/log/991b571e-94a3-11ec-ae6a-7c507959f385/rosout-1.log']]
[roslaunch][INFO] 2022-02-23 12:24:51,966: process[rosout-1]: cwd will be [/home/ros/.ros]
[roslaunch][INFO] 2022-02-23 12:24:52,032: process[rosout-1]: started with pid [1755]
[roslaunch][INFO] 2022-02-23 12:24:52,032: ... successfully launched [rosout-1]
[roslaunch][INFO] 2022-02-23 12:24:52,032: load_parameters starting ...
[roslaunch][INFO] 2022-02-23 12:24:52,036: ... load_parameters complete
[roslaunch][INFO] 2022-02-23 12:24:52,037: launch_nodes: launching local nodes ...
[roslaunch][INFO] 2022-02-23 12:24:52,037: ... preparing to launch node of type [robotiq_2f_gripper_control/Robotiq2FGripperRtuNode.py]
[roslaunch][INFO] 2022-02-23 12:24:52,037: create_node_process: package[robotiq_2f_gripper_control] type[Robotiq2FGripperRtuNode.py] machine[Machine(name[] env_loader[None] address[localhost] ssh_port[22] user[None] assignable[True] timeout[10.0])] master_uri[http://localhost:11311]
[roslaunch][INFO] 2022-02-23 12:24:52,037: process[Robotiq2FGripperRtuNode-2]: env[{'ROS_DISTRO': 'melodic', 'ROSLISP_PACKAGE_DIRECTORIES': '/home/ros/catkin_ws/devel/share/common-lisp', 'LD_LIBRARY_PATH': '/home/ros/catkin_ws/devel/lib:/opt/ros/melodic/lib', 'ROS_PACKAGE_PATH': '/home/ros/catkin_ws/src:/opt/ros/melodic/share', 'PATH': '/opt/ros/melodic/bin:/usr/local/sbin:/usr/local/bin:/usr/sbin:/usr/bin:/sbin:/bin', 'CMAKE_PREFIX_PATH': '/home/ros/catkin_ws/devel:/opt/ros/melodic', 'ROS_LOG_FILENAME': '/home/ros/.ros/log/991b571e-94a3-11ec-ae6a-7c507959f385/roslaunch-FM00351-u-1734.log', 'LANG': 'C.UTF-8', 'TERM': 'xterm', 'SHLVL': '1', 'DISPLAY': ':0', 'UNAME': 'ros', 'ROS_ETC_DIR': '/opt/ros/melodic/etc/ros', 'HOME': '/home/ros', 'ROS_PYTHON_VERSION': '2', 'PYTHONPATH': '/home/ros/catkin_ws/devel/lib/python2.7/dist-packages:/opt/ros/melodic/lib/python2.7/dist-packages', 'QT_X11_NO_MITSHM': '1', 'ROS_ROOT': '/opt/ros/melodic/share/ros', 'PKG_CONFIG_PATH': '/home/ros/catkin_ws/devel/lib/pkgconfig:/opt/ros/melodic/lib/pkgconfig', 'LC_ALL': 'C.UTF-8', '_': '/opt/ros/melodic/bin/roslaunch', 'OLDPWD': '/home/ros', 'HOSTNAME': 'FM00351-u', 'PWD': '/home/ros/catkin_ws', 'ROS_MASTER_URI': 'http://localhost:11311', 'ROS_VERSION': '1'}]
[roslaunch][INFO] 2022-02-23 12:24:52,038: process[Robotiq2FGripperRtuNode-2]: args[[u'/home/ros/catkin_ws/src/robotiq/robotiq_2f_gripper_control/nodes/Robotiq2FGripperRtuNode.py', '/dev/ttyUSB0', u'__name:=Robotiq2FGripperRtuNode']]
[roslaunch][INFO] 2022-02-23 12:24:52,038: ... created process [Robotiq2FGripperRtuNode-2]
[roslaunch.pmon][INFO] 2022-02-23 12:24:52,038: ProcessMonitor.register[Robotiq2FGripperRtuNode-2]
[roslaunch.pmon][INFO] 2022-02-23 12:24:52,038: ProcessMonitor.register[Robotiq2FGripperRtuNode-2] complete
[roslaunch][INFO] 2022-02-23 12:24:52,038: ... registered process [Robotiq2FGripperRtuNode-2]
[roslaunch][INFO] 2022-02-23 12:24:52,038: process[Robotiq2FGripperRtuNode-2]: starting os process
[roslaunch][INFO] 2022-02-23 12:24:52,038: process[Robotiq2FGripperRtuNode-2]: start w/ args [[u'/home/ros/catkin_ws/src/robotiq/robotiq_2f_gripper_control/nodes/Robotiq2FGripperRtuNode.py', '/dev/ttyUSB0', u'__name:=Robotiq2FGripperRtuNode', u'__log:=/home/ros/.ros/log/991b571e-94a3-11ec-ae6a-7c507959f385/Robotiq2FGripperRtuNode-2.log']]
[roslaunch][INFO] 2022-02-23 12:24:52,038: process[Robotiq2FGripperRtuNode-2]: cwd will be [/home/ros/.ros]
[roslaunch][INFO] 2022-02-23 12:24:52,106: process[Robotiq2FGripperRtuNode-2]: started with pid [1759]
[roslaunch][INFO] 2022-02-23 12:24:52,106: ... successfully launched [Robotiq2FGripperRtuNode-2]
[roslaunch][INFO] 2022-02-23 12:24:52,106: ... preparing to launch node of type [fm_gripper_module/gripper_action_server.py]
[roslaunch][INFO] 2022-02-23 12:24:52,106: create_node_process: package[fm_gripper_module] type[gripper_action_server.py] machine[Machine(name[] env_loader[None] address[localhost] ssh_port[22] user[None] assignable[True] timeout[10.0])] master_uri[http://localhost:11311]
[roslaunch][INFO] 2022-02-23 12:24:52,106: process[gripper_action_server-3]: env[{'ROS_DISTRO': 'melodic', 'ROSLISP_PACKAGE_DIRECTORIES': '/home/ros/catkin_ws/devel/share/common-lisp', 'LD_LIBRARY_PATH': '/home/ros/catkin_ws/devel/lib:/opt/ros/melodic/lib', 'ROS_PACKAGE_PATH': '/home/ros/catkin_ws/src:/opt/ros/melodic/share', 'PATH': '/opt/ros/melodic/bin:/usr/local/sbin:/usr/local/bin:/usr/sbin:/usr/bin:/sbin:/bin', 'CMAKE_PREFIX_PATH': '/home/ros/catkin_ws/devel:/opt/ros/melodic', 'ROS_LOG_FILENAME': '/home/ros/.ros/log/991b571e-94a3-11ec-ae6a-7c507959f385/roslaunch-FM00351-u-1734.log', 'LANG': 'C.UTF-8', 'TERM': 'xterm', 'SHLVL': '1', 'DISPLAY': ':0', 'UNAME': 'ros', 'ROS_ETC_DIR': '/opt/ros/melodic/etc/ros', 'HOME': '/home/ros', 'ROS_PYTHON_VERSION': '2', 'PYTHONPATH': '/home/ros/catkin_ws/devel/lib/python2.7/dist-packages:/opt/ros/melodic/lib/python2.7/dist-packages', 'QT_X11_NO_MITSHM': '1', 'ROS_ROOT': '/opt/ros/melodic/share/ros', 'PKG_CONFIG_PATH': '/home/ros/catkin_ws/devel/lib/pkgconfig:/opt/ros/melodic/lib/pkgconfig', 'LC_ALL': 'C.UTF-8', '_': '/opt/ros/melodic/bin/roslaunch', 'OLDPWD': '/home/ros', 'HOSTNAME': 'FM00351-u', 'PWD': '/home/ros/catkin_ws', 'ROS_MASTER_URI': 'http://localhost:11311', 'ROS_VERSION': '1'}]
[roslaunch][INFO] 2022-02-23 12:24:52,106: process[gripper_action_server-3]: args[[u'/home/ros/catkin_ws/src/fm_gripper_module/src/gripper_action_server.py', u'__name:=gripper_action_server']]
[roslaunch][INFO] 2022-02-23 12:24:52,106: ... created process [gripper_action_server-3]
[roslaunch.pmon][INFO] 2022-02-23 12:24:52,106: ProcessMonitor.register[gripper_action_server-3]
[roslaunch.pmon][INFO] 2022-02-23 12:24:52,107: ProcessMonitor.register[gripper_action_server-3] complete
[roslaunch][INFO] 2022-02-23 12:24:52,107: ... registered process [gripper_action_server-3]
[roslaunch][INFO] 2022-02-23 12:24:52,107: process[gripper_action_server-3]: starting os process
[roslaunch][INFO] 2022-02-23 12:24:52,107: process[gripper_action_server-3]: start w/ args [[u'/home/ros/catkin_ws/src/fm_gripper_module/src/gripper_action_server.py', u'__name:=gripper_action_server', u'__log:=/home/ros/.ros/log/991b571e-94a3-11ec-ae6a-7c507959f385/gripper_action_server-3.log']]
[roslaunch][INFO] 2022-02-23 12:24:52,107: process[gripper_action_server-3]: cwd will be [/home/ros/.ros]
[roslaunch][INFO] 2022-02-23 12:24:52,178: process[gripper_action_server-3]: started with pid [1763]
[roslaunch][INFO] 2022-02-23 12:24:52,179: ... successfully launched [gripper_action_server-3]
[roslaunch][INFO] 2022-02-23 12:24:52,179: ... launch_nodes complete
[roslaunch.pmon][INFO] 2022-02-23 12:24:52,179: registrations completed <ProcessMonitor(ProcessMonitor-1, started daemon 139876750849792)>
[roslaunch.parent][INFO] 2022-02-23 12:24:52,179: ... roslaunch parent running, waiting for process exit
[roslaunch][INFO] 2022-02-23 12:24:52,179: spin
[roslaunch.pmon][INFO] 2022-02-23 12:25:23,027: ProcessMonitor.shutdown <ProcessMonitor(ProcessMonitor-1, started daemon 139876750849792)>
[roslaunch.pmon][INFO] 2022-02-23 12:25:23,055: ProcessMonitor._post_run <ProcessMonitor(ProcessMonitor-1, started daemon 139876750849792)>
[roslaunch.pmon][INFO] 2022-02-23 12:25:23,055: ProcessMonitor._post_run <ProcessMonitor(ProcessMonitor-1, started daemon 139876750849792)>: remaining procs are [<roslaunch.nodeprocess.LocalProcess object at 0x7f3798372c50>, <roslaunch.nodeprocess.LocalProcess object at 0x7f37987fd210>, <roslaunch.nodeprocess.LocalProcess object at 0x7f3798372cd0>, <roslaunch.nodeprocess.LocalProcess object at 0x7f3798372d90>]
[roslaunch.pmon][INFO] 2022-02-23 12:25:23,055: ProcessMonitor exit: killing gripper_action_server-3
[roslaunch][INFO] 2022-02-23 12:25:23,056: [gripper_action_server-3] killing on exit
[roslaunch][INFO] 2022-02-23 12:25:23,056: process[gripper_action_server-3]: killing os process with pid[1763] pgid[1763]
[roslaunch][INFO] 2022-02-23 12:25:23,056: [gripper_action_server-3] sending SIGINT to pgid [1763]
[roslaunch][INFO] 2022-02-23 12:25:23,056: [gripper_action_server-3] sent SIGINT to pgid [1763]
[roslaunch.pmon][INFO] 2022-02-23 12:25:23,056: ProcessMonitor exit: killing Robotiq2FGripperRtuNode-2
[roslaunch][INFO] 2022-02-23 12:25:23,057: [Robotiq2FGripperRtuNode-2] killing on exit
[roslaunch][INFO] 2022-02-23 12:25:23,057: process[Robotiq2FGripperRtuNode-2]: killing os process with pid[1759] pgid[1759]
[roslaunch][INFO] 2022-02-23 12:25:23,057: [Robotiq2FGripperRtuNode-2] sending SIGINT to pgid [1759]
[roslaunch][INFO] 2022-02-23 12:25:23,058: [Robotiq2FGripperRtuNode-2] sent SIGINT to pgid [1759]
[roslaunch][INFO] 2022-02-23 12:25:23,258: process[Robotiq2FGripperRtuNode-2]: SIGINT killed with return value 0
[roslaunch][ERROR] 2022-02-23 12:25:38,093: [gripper_action_server-3] escalating to SIGTERM
[roslaunch][INFO] 2022-02-23 12:25:38,093: [gripper_action_server-3] sent SIGTERM to pgid [1763]
[roslaunch][ERROR] 2022-02-23 12:25:40,097: [gripper_action_server-3] escalating to SIGKILL
[roslaunch][INFO] 2022-02-23 12:25:40,097: [gripper_action_server-3] sent SIGKILL to pgid [1763]
[roslaunch][INFO] 2022-02-23 12:25:40,097: process[gripper_action_server-3]: sent SIGKILL
[roslaunch.pmon][INFO] 2022-02-23 12:25:40,097: ProcessMonitor exit: killing rosout-1
[roslaunch][INFO] 2022-02-23 12:25:40,098: [rosout-1] killing on exit
[roslaunch][INFO] 2022-02-23 12:25:40,098: process[rosout-1]: killing os process with pid[1755] pgid[1755]
[roslaunch][INFO] 2022-02-23 12:25:40,098: [rosout-1] sending SIGINT to pgid [1755]
[roslaunch][INFO] 2022-02-23 12:25:40,098: [rosout-1] sent SIGINT to pgid [1755]
[roslaunch][INFO] 2022-02-23 12:25:40,299: process[rosout-1]: SIGINT killed with return value 0
[roslaunch.pmon][INFO] 2022-02-23 12:25:40,299: ProcessMonitor exit: killing master
[roslaunch][INFO] 2022-02-23 12:25:40,299: [master] killing on exit
[roslaunch][INFO] 2022-02-23 12:25:40,299: process[master]: killing os process with pid[1744] pgid[1744]
[roslaunch][INFO] 2022-02-23 12:25:40,299: [master] sending SIGINT to pgid [1744]
[roslaunch][INFO] 2022-02-23 12:25:40,299: [master] sent SIGINT to pgid [1744]
[roslaunch][INFO] 2022-02-23 12:25:40,500: process[master]: SIGINT killed with return value 0
[roslaunch.pmon][INFO] 2022-02-23 12:25:40,500: ProcessMonitor exit: cleaning up data structures and signals
[roslaunch.pmon][INFO] 2022-02-23 12:25:40,501: ProcessMonitor exit: pmon has shutdown
[roslaunch][ERROR] 2022-02-23 12:25:40,501: Shutdown errors:
 * process[gripper_action_server-3, pid 1763]: required SIGKILL. May still be running.
[roslaunch][INFO] 2022-02-23 12:25:40,504: process monitor is done spinning, initiating full shutdown
[roslaunch][INFO] 2022-02-23 12:25:40,504: runner.stop()
[roslaunch][INFO] 2022-02-23 12:25:40,504: shutting down processing monitor...
[roslaunch][INFO] 2022-02-23 12:25:40,504: shutting down processing monitor <ProcessMonitor(ProcessMonitor-1, stopped daemon 139876750849792)>
[roslaunch.pmon][INFO] 2022-02-23 12:25:40,504: ProcessMonitor.shutdown <ProcessMonitor(ProcessMonitor-1, stopped daemon 139876750849792)>
[roslaunch][INFO] 2022-02-23 12:25:40,505: ... shutting down processing monitor complete
[roslaunch][INFO] 2022-02-23 12:25:40,505: done
[roslaunch.pmon][INFO] 2022-02-23 12:25:40,505: ProcessMonitor.shutdown <ProcessMonitor(ProcessMonitor-1, stopped daemon 139876750849792)>
[rospy.core][INFO] 2022-02-23 12:25:40,505: signal_shutdown [atexit]
