[rospy.client][INFO] 2022-02-23 12:04:46,511: init_node, name[/Robotiq2FGripperRtuNode], pid[16171]
[xmlrpc][INFO] 2022-02-23 12:04:46,511: XML-RPC server binding to 0.0.0.0:0
[xmlrpc][INFO] 2022-02-23 12:04:46,512: Started XML-RPC server [http://FM00351-u:45315/]
[rospy.init][INFO] 2022-02-23 12:04:46,512: ROS Slave URI: [http://FM00351-u:45315/]
[rospy.impl.masterslave][INFO] 2022-02-23 12:04:46,512: _ready: http://FM00351-u:45315/
[rospy.registration][INFO] 2022-02-23 12:04:46,513: Registering with master node http://localhost:11311
[xmlrpc][INFO] 2022-02-23 12:04:46,513: xml rpc node: starting XML-RPC server
[rospy.init][INFO] 2022-02-23 12:04:46,612: registered with master
[rospy.rosout][INFO] 2022-02-23 12:04:46,613: initializing /rosout core topic
[rospy.rosout][INFO] 2022-02-23 12:04:46,614: connected to core topic /rosout
[rospy.simtime][INFO] 2022-02-23 12:04:46,615: /use_sim_time is not set, will not subscribe to simulated time [/clock] topic
[rospy.internal][INFO] 2022-02-23 12:04:46,921: topic[/rosout] adding connection to [/rosout], count 0
[rospy.internal][INFO] 2022-02-23 12:04:54,305: topic[/rosout] adding connection to [/rostopic_16195_1645617894065], count 1
[rospy.internal][INFO] 2022-02-23 12:04:56,548: topic[/Robotiq2FGripperRobotOutput] adding connection to [http://FM00351-u:37103/], count 0
[rospy.core][INFO] 2022-02-23 12:05:20,138: signal_shutdown [signal-2]
[rospy.internal][INFO] 2022-02-23 12:05:20,141: topic[/rosout] removing connection to /rosout
[rospy.internal][INFO] 2022-02-23 12:05:20,141: topic[/rosout] removing connection to /rostopic_16195_1645617894065
[rospy.internal][INFO] 2022-02-23 12:05:20,141: topic[/Robotiq2FGripperRobotOutput] removing connection to http://FM00351-u:37103/
[rospy.impl.masterslave][INFO] 2022-02-23 12:05:20,142: signal-2
[rospy.core][INFO] 2022-02-23 12:05:20,317: signal_shutdown [atexit]
