[roslaunch][INFO] 2021-12-21 14:36:09,478: Checking log directory for disk usage. This may take a while.
Press Ctrl-C to interrupt
[roslaunch][INFO] 2021-12-21 14:36:09,481: Done checking log file disk usage. Usage is <1GB.
[roslaunch][INFO] 2021-12-21 14:36:09,482: roslaunch starting with args ['/opt/ros/melodic/bin/roslaunch', 'tactile_pressure_sensor', 'run_tactile_pressure.launch']
[roslaunch][INFO] 2021-12-21 14:36:09,482: roslaunch env is {'ROS_DISTRO': 'melodic', 'ROSLISP_PACKAGE_DIRECTORIES': '/home/ros/catkin_ws/devel/share/common-lisp', 'HOME': '/home/ros', 'PATH': '/opt/ros/melodic/bin:/usr/local/sbin:/usr/local/bin:/usr/sbin:/usr/bin:/sbin:/bin', 'ROS_PACKAGE_PATH': '/home/ros/catkin_ws/src:/opt/ros/melodic/share', 'CMAKE_PREFIX_PATH': '/home/ros/catkin_ws/devel:/opt/ros/melodic', 'LD_LIBRARY_PATH': '/home/ros/catkin_ws/devel/lib:/opt/ros/melodic/lib', 'LANG': 'C.UTF-8', 'TERM': 'xterm', 'ROS_LOG_FILENAME': '/home/ros/.ros/log/5682ed0a-626b-11ec-9bda-7c507959f385/roslaunch-FM00351-u-1313.log', 'SHLVL': '2', 'DISPLAY': ':0', 'UNAME': 'ros', 'ROS_MASTER_URI': 'http://localhost:11311', 'ROS_PYTHON_VERSION': '2', 'PYTHONPATH': '/home/ros/catkin_ws/devel/lib/python2.7/dist-packages:/opt/ros/melodic/lib/python2.7/dist-packages', 'QT_X11_NO_MITSHM': '1', 'ROS_ROOT': '/opt/ros/melodic/share/ros', 'PKG_CONFIG_PATH': '/home/ros/catkin_ws/devel/lib/pkgconfig:/opt/ros/melodic/lib/pkgconfig', 'LC_ALL': 'C.UTF-8', '_': '/opt/ros/melodic/bin/roslaunch', 'OLDPWD': '/home/ros/catkin_ws/src/extras/tactile_pressure_sensor/arduino-1.8.16-linux64/arduino-1.8.16/libraries', 'HOSTNAME': 'FM00351-u', 'PWD': '/home/ros/catkin_ws', 'ROS_ETC_DIR': '/opt/ros/melodic/etc/ros', 'ROS_VERSION': '1'}
[roslaunch][INFO] 2021-12-21 14:36:09,482: starting in server mode
[roslaunch.parent][INFO] 2021-12-21 14:36:09,482: starting roslaunch parent run
[roslaunch][INFO] 2021-12-21 14:36:09,482: loading roscore config file /opt/ros/melodic/etc/ros/roscore.xml
[roslaunch][INFO] 2021-12-21 14:36:09,784: Added core node of type [rosout/rosout] in namespace [/]
[roslaunch.config][INFO] 2021-12-21 14:36:09,784: loading config file /home/ros/catkin_ws/src/tactile_pressure_sensor/launch/run_tactile_pressure.launch
[roslaunch][INFO] 2021-12-21 14:36:09,785: Added node of type [rosserial_arduino/serial_node.py] in namespace [/sensor/]
[roslaunch][INFO] 2021-12-21 14:36:09,785: Added node of type [tactile_pressure_sensor/pressure_LocAndForceEstimation.py] in namespace [/sensor/]
[roslaunch][INFO] 2021-12-21 14:36:09,785: ... selected machine [] for node of type [rosserial_arduino/serial_node.py]
[roslaunch][INFO] 2021-12-21 14:36:09,785: ... selected machine [] for node of type [tactile_pressure_sensor/pressure_LocAndForceEstimation.py]
[roslaunch.pmon][INFO] 2021-12-21 14:36:09,785: start_process_monitor: creating ProcessMonitor
[roslaunch.pmon][INFO] 2021-12-21 14:36:09,785: created process monitor <ProcessMonitor(ProcessMonitor-1, initial daemon)>
[roslaunch.pmon][INFO] 2021-12-21 14:36:09,786: start_process_monitor: ProcessMonitor started
[roslaunch.parent][INFO] 2021-12-21 14:36:09,786: starting parent XML-RPC server
[roslaunch.server][INFO] 2021-12-21 14:36:09,786: starting roslaunch XML-RPC server
[roslaunch.server][INFO] 2021-12-21 14:36:09,786: waiting for roslaunch XML-RPC server to initialize
[xmlrpc][INFO] 2021-12-21 14:36:09,786: XML-RPC server binding to 0.0.0.0:0
[xmlrpc][INFO] 2021-12-21 14:36:09,786: Started XML-RPC server [http://FM00351-u:44457/]
[xmlrpc][INFO] 2021-12-21 14:36:09,786: xml rpc node: starting XML-RPC server
[roslaunch][INFO] 2021-12-21 14:36:09,797: started roslaunch server http://FM00351-u:44457/
[roslaunch.parent][INFO] 2021-12-21 14:36:09,797: ... parent XML-RPC server started
[roslaunch][INFO] 2021-12-21 14:36:09,798: master.is_running[http://localhost:11311]
[roslaunch][INFO] 2021-12-21 14:36:09,798: auto-starting new master
[roslaunch][INFO] 2021-12-21 14:36:09,798: create_master_process: rosmaster, /opt/ros/melodic/share/ros, 11311, 3, None, False
[roslaunch][INFO] 2021-12-21 14:36:09,798: process[master]: launching with args [['rosmaster', '--core', '-p', '11311', '-w', '3']]
[roslaunch.pmon][INFO] 2021-12-21 14:36:09,798: ProcessMonitor.register[master]
[roslaunch.pmon][INFO] 2021-12-21 14:36:09,798: ProcessMonitor.register[master] complete
[roslaunch][INFO] 2021-12-21 14:36:09,798: process[master]: starting os process
[roslaunch][INFO] 2021-12-21 14:36:09,798: process[master]: start w/ args [['rosmaster', '--core', '-p', '11311', '-w', '3', '__log:=/home/ros/.ros/log/5682ed0a-626b-11ec-9bda-7c507959f385/master.log']]
[roslaunch][INFO] 2021-12-21 14:36:09,798: process[master]: cwd will be [/home/ros/.ros]
[roslaunch][INFO] 2021-12-21 14:36:09,863: process[master]: started with pid [1323]
[roslaunch][INFO] 2021-12-21 14:36:09,864: master.is_running[http://localhost:11311]
[roslaunch][INFO] 2021-12-21 14:36:09,964: master.is_running[http://localhost:11311]
[roslaunch][INFO] 2021-12-21 14:36:10,065: master.is_running[http://localhost:11311]
[roslaunch][INFO] 2021-12-21 14:36:10,066: master.is_running[http://localhost:11311]
[roslaunch][INFO] 2021-12-21 14:36:10,067: ROS_MASTER_URI=http://localhost:11311
[roslaunch][INFO] 2021-12-21 14:36:10,068: setting /run_id to 5682ed0a-626b-11ec-9bda-7c507959f385
[roslaunch][INFO] 2021-12-21 14:36:10,069: setting /roslaunch/uris/host_fm00351_u__44457' to http://FM00351-u:44457/
[roslaunch][INFO] 2021-12-21 14:36:10,070: ... preparing to launch node of type [rosout/rosout]
[roslaunch][INFO] 2021-12-21 14:36:10,070: create_node_process: package[rosout] type[rosout] machine[Machine(name[] env_loader[None] address[localhost] ssh_port[22] user[None] assignable[True] timeout[10.0])] master_uri[http://localhost:11311]
[roslaunch][INFO] 2021-12-21 14:36:10,070: process[rosout-1]: env[{'ROS_DISTRO': 'melodic', 'ROSLISP_PACKAGE_DIRECTORIES': '/home/ros/catkin_ws/devel/share/common-lisp', 'LD_LIBRARY_PATH': '/home/ros/catkin_ws/devel/lib:/opt/ros/melodic/lib', 'ROS_PACKAGE_PATH': '/home/ros/catkin_ws/src:/opt/ros/melodic/share', 'PATH': '/opt/ros/melodic/bin:/usr/local/sbin:/usr/local/bin:/usr/sbin:/usr/bin:/sbin:/bin', 'CMAKE_PREFIX_PATH': '/home/ros/catkin_ws/devel:/opt/ros/melodic', 'ROS_LOG_FILENAME': '/home/ros/.ros/log/5682ed0a-626b-11ec-9bda-7c507959f385/roslaunch-FM00351-u-1313.log', 'LANG': 'C.UTF-8', 'TERM': 'xterm', 'SHLVL': '2', 'DISPLAY': ':0', 'UNAME': 'ros', 'ROS_ETC_DIR': '/opt/ros/melodic/etc/ros', 'HOME': '/home/ros', 'ROS_PYTHON_VERSION': '2', 'PYTHONPATH': '/home/ros/catkin_ws/devel/lib/python2.7/dist-packages:/opt/ros/melodic/lib/python2.7/dist-packages', 'QT_X11_NO_MITSHM': '1', 'ROS_ROOT': '/opt/ros/melodic/share/ros', 'PKG_CONFIG_PATH': '/home/ros/catkin_ws/devel/lib/pkgconfig:/opt/ros/melodic/lib/pkgconfig', 'LC_ALL': 'C.UTF-8', '_': '/opt/ros/melodic/bin/roslaunch', 'OLDPWD': '/home/ros/catkin_ws/src/extras/tactile_pressure_sensor/arduino-1.8.16-linux64/arduino-1.8.16/libraries', 'HOSTNAME': 'FM00351-u', 'PWD': '/home/ros/catkin_ws', 'ROS_MASTER_URI': 'http://localhost:11311', 'ROS_VERSION': '1'}]
[roslaunch][INFO] 2021-12-21 14:36:10,281: process[rosout-1]: args[[u'/opt/ros/melodic/lib/rosout/rosout', u'__name:=rosout']]
[roslaunch][INFO] 2021-12-21 14:36:10,281: ... created process [rosout-1]
[roslaunch.pmon][INFO] 2021-12-21 14:36:10,281: ProcessMonitor.register[rosout-1]
[roslaunch.pmon][INFO] 2021-12-21 14:36:10,281: ProcessMonitor.register[rosout-1] complete
[roslaunch][INFO] 2021-12-21 14:36:10,281: ... registered process [rosout-1]
[roslaunch][INFO] 2021-12-21 14:36:10,281: process[rosout-1]: starting os process
[roslaunch][INFO] 2021-12-21 14:36:10,281: process[rosout-1]: start w/ args [[u'/opt/ros/melodic/lib/rosout/rosout', u'__name:=rosout', u'__log:=/home/ros/.ros/log/5682ed0a-626b-11ec-9bda-7c507959f385/rosout-1.log']]
[roslaunch][INFO] 2021-12-21 14:36:10,281: process[rosout-1]: cwd will be [/home/ros/.ros]
[roslaunch][INFO] 2021-12-21 14:36:10,347: process[rosout-1]: started with pid [1334]
[roslaunch][INFO] 2021-12-21 14:36:10,347: ... successfully launched [rosout-1]
[roslaunch][INFO] 2021-12-21 14:36:10,347: load_parameters starting ...
[roslaunch][INFO] 2021-12-21 14:36:10,349: ... load_parameters complete
[roslaunch][INFO] 2021-12-21 14:36:10,349: launch_nodes: launching local nodes ...
[roslaunch][INFO] 2021-12-21 14:36:10,349: ... preparing to launch node of type [rosserial_arduino/serial_node.py]
[roslaunch][INFO] 2021-12-21 14:36:10,349: create_node_process: package[rosserial_arduino] type[serial_node.py] machine[Machine(name[] env_loader[None] address[localhost] ssh_port[22] user[None] assignable[True] timeout[10.0])] master_uri[http://localhost:11311]
[roslaunch][INFO] 2021-12-21 14:36:10,349: process[sensor/tactile_pressure-2]: env[{'ROS_DISTRO': 'melodic', 'ROSLISP_PACKAGE_DIRECTORIES': '/home/ros/catkin_ws/devel/share/common-lisp', 'LD_LIBRARY_PATH': '/home/ros/catkin_ws/devel/lib:/opt/ros/melodic/lib', 'ROS_PACKAGE_PATH': '/home/ros/catkin_ws/src:/opt/ros/melodic/share', 'PATH': '/opt/ros/melodic/bin:/usr/local/sbin:/usr/local/bin:/usr/sbin:/usr/bin:/sbin:/bin', 'CMAKE_PREFIX_PATH': '/home/ros/catkin_ws/devel:/opt/ros/melodic', 'ROS_LOG_FILENAME': '/home/ros/.ros/log/5682ed0a-626b-11ec-9bda-7c507959f385/roslaunch-FM00351-u-1313.log', 'LANG': 'C.UTF-8', 'TERM': 'xterm', 'SHLVL': '2', 'DISPLAY': ':0', 'UNAME': 'ros', 'ROS_ETC_DIR': '/opt/ros/melodic/etc/ros', 'HOME': '/home/ros', 'ROS_PYTHON_VERSION': '2', 'PYTHONPATH': '/home/ros/catkin_ws/devel/lib/python2.7/dist-packages:/opt/ros/melodic/lib/python2.7/dist-packages', 'QT_X11_NO_MITSHM': '1', 'ROS_ROOT': '/opt/ros/melodic/share/ros', 'PKG_CONFIG_PATH': '/home/ros/catkin_ws/devel/lib/pkgconfig:/opt/ros/melodic/lib/pkgconfig', 'LC_ALL': 'C.UTF-8', 'ROS_NAMESPACE': '/sensor', '_': '/opt/ros/melodic/bin/roslaunch', 'OLDPWD': '/home/ros/catkin_ws/src/extras/tactile_pressure_sensor/arduino-1.8.16-linux64/arduino-1.8.16/libraries', 'HOSTNAME': 'FM00351-u', 'PWD': '/home/ros/catkin_ws', 'ROS_MASTER_URI': 'http://localhost:11311', 'ROS_VERSION': '1'}]
[roslaunch][INFO] 2021-12-21 14:36:10,350: process[sensor/tactile_pressure-2]: args[[u'/opt/ros/melodic/share/rosserial_arduino/serial_node.py', u'/sensor/Pressure:=/sensor/pressure_data', u'__name:=tactile_pressure']]
[roslaunch][INFO] 2021-12-21 14:36:10,350: ... created process [sensor/tactile_pressure-2]
[roslaunch.pmon][INFO] 2021-12-21 14:36:10,350: ProcessMonitor.register[sensor/tactile_pressure-2]
[roslaunch.pmon][INFO] 2021-12-21 14:36:10,350: ProcessMonitor.register[sensor/tactile_pressure-2] complete
[roslaunch][INFO] 2021-12-21 14:36:10,350: ... registered process [sensor/tactile_pressure-2]
[roslaunch][INFO] 2021-12-21 14:36:10,350: process[sensor/tactile_pressure-2]: starting os process
[roslaunch][INFO] 2021-12-21 14:36:10,350: process[sensor/tactile_pressure-2]: start w/ args [[u'/opt/ros/melodic/share/rosserial_arduino/serial_node.py', u'/sensor/Pressure:=/sensor/pressure_data', u'__name:=tactile_pressure', u'__log:=/home/ros/.ros/log/5682ed0a-626b-11ec-9bda-7c507959f385/sensor-tactile_pressure-2.log']]
[roslaunch][INFO] 2021-12-21 14:36:10,351: process[sensor/tactile_pressure-2]: cwd will be [/home/ros/.ros]
[roslaunch][INFO] 2021-12-21 14:36:10,416: process[sensor/tactile_pressure-2]: started with pid [1337]
[roslaunch][INFO] 2021-12-21 14:36:10,417: ... successfully launched [sensor/tactile_pressure-2]
[roslaunch][INFO] 2021-12-21 14:36:10,417: ... preparing to launch node of type [tactile_pressure_sensor/pressure_LocAndForceEstimation.py]
[roslaunch][INFO] 2021-12-21 14:36:10,417: create_node_process: package[tactile_pressure_sensor] type[pressure_LocAndForceEstimation.py] machine[Machine(name[] env_loader[None] address[localhost] ssh_port[22] user[None] assignable[True] timeout[10.0])] master_uri[http://localhost:11311]
[roslaunch][INFO] 2021-12-21 14:36:10,417: process[sensor/process_tactile_pressure-3]: env[{'ROS_DISTRO': 'melodic', 'ROSLISP_PACKAGE_DIRECTORIES': '/home/ros/catkin_ws/devel/share/common-lisp', 'LD_LIBRARY_PATH': '/home/ros/catkin_ws/devel/lib:/opt/ros/melodic/lib', 'ROS_PACKAGE_PATH': '/home/ros/catkin_ws/src:/opt/ros/melodic/share', 'PATH': '/opt/ros/melodic/bin:/usr/local/sbin:/usr/local/bin:/usr/sbin:/usr/bin:/sbin:/bin', 'CMAKE_PREFIX_PATH': '/home/ros/catkin_ws/devel:/opt/ros/melodic', 'ROS_LOG_FILENAME': '/home/ros/.ros/log/5682ed0a-626b-11ec-9bda-7c507959f385/roslaunch-FM00351-u-1313.log', 'LANG': 'C.UTF-8', 'TERM': 'xterm', 'SHLVL': '2', 'DISPLAY': ':0', 'UNAME': 'ros', 'ROS_ETC_DIR': '/opt/ros/melodic/etc/ros', 'HOME': '/home/ros', 'ROS_PYTHON_VERSION': '2', 'PYTHONPATH': '/home/ros/catkin_ws/devel/lib/python2.7/dist-packages:/opt/ros/melodic/lib/python2.7/dist-packages', 'QT_X11_NO_MITSHM': '1', 'ROS_ROOT': '/opt/ros/melodic/share/ros', 'PKG_CONFIG_PATH': '/home/ros/catkin_ws/devel/lib/pkgconfig:/opt/ros/melodic/lib/pkgconfig', 'LC_ALL': 'C.UTF-8', 'ROS_NAMESPACE': '/sensor', '_': '/opt/ros/melodic/bin/roslaunch', 'OLDPWD': '/home/ros/catkin_ws/src/extras/tactile_pressure_sensor/arduino-1.8.16-linux64/arduino-1.8.16/libraries', 'HOSTNAME': 'FM00351-u', 'PWD': '/home/ros/catkin_ws', 'ROS_MASTER_URI': 'http://localhost:11311', 'ROS_VERSION': '1'}]
[roslaunch][INFO] 2021-12-21 14:36:10,418: process[sensor/process_tactile_pressure-3]: args[[u'/home/ros/catkin_ws/src/tactile_pressure_sensor/src/pressure_LocAndForceEstimation.py', u'/sensor/pressure_data:=/sensor/pressure_data', u'estimated_ForceAndLoc:=/sensor/estimated_ForceAndLoc', u'__name:=process_tactile_pressure']]
[roslaunch][INFO] 2021-12-21 14:36:10,418: ... created process [sensor/process_tactile_pressure-3]
[roslaunch.pmon][INFO] 2021-12-21 14:36:10,418: ProcessMonitor.register[sensor/process_tactile_pressure-3]
[roslaunch.pmon][INFO] 2021-12-21 14:36:10,418: ProcessMonitor.register[sensor/process_tactile_pressure-3] complete
[roslaunch][INFO] 2021-12-21 14:36:10,418: ... registered process [sensor/process_tactile_pressure-3]
[roslaunch][INFO] 2021-12-21 14:36:10,418: process[sensor/process_tactile_pressure-3]: starting os process
[roslaunch][INFO] 2021-12-21 14:36:10,418: process[sensor/process_tactile_pressure-3]: start w/ args [[u'/home/ros/catkin_ws/src/tactile_pressure_sensor/src/pressure_LocAndForceEstimation.py', u'/sensor/pressure_data:=/sensor/pressure_data', u'estimated_ForceAndLoc:=/sensor/estimated_ForceAndLoc', u'__name:=process_tactile_pressure', u'__log:=/home/ros/.ros/log/5682ed0a-626b-11ec-9bda-7c507959f385/sensor-process_tactile_pressure-3.log']]
[roslaunch][INFO] 2021-12-21 14:36:10,418: process[sensor/process_tactile_pressure-3]: cwd will be [/home/ros/.ros]
[roslaunch][INFO] 2021-12-21 14:36:10,484: process[sensor/process_tactile_pressure-3]: started with pid [1342]
[roslaunch][INFO] 2021-12-21 14:36:10,484: ... successfully launched [sensor/process_tactile_pressure-3]
[roslaunch][INFO] 2021-12-21 14:36:10,484: ... launch_nodes complete
[roslaunch.pmon][INFO] 2021-12-21 14:36:10,484: registrations completed <ProcessMonitor(ProcessMonitor-1, started daemon 139727310038784)>
[roslaunch.parent][INFO] 2021-12-21 14:36:10,484: ... roslaunch parent running, waiting for process exit
[roslaunch][INFO] 2021-12-21 14:36:10,484: spin
[roslaunch][ERROR] 2021-12-21 14:36:10,688: [sensor/tactile_pressure-2] process has died [pid 1337, exit code 1, cmd /opt/ros/melodic/share/rosserial_arduino/serial_node.py /sensor/Pressure:=/sensor/pressure_data __name:=tactile_pressure __log:=/home/ros/.ros/log/5682ed0a-626b-11ec-9bda-7c507959f385/sensor-tactile_pressure-2.log].
log file: /home/ros/.ros/log/5682ed0a-626b-11ec-9bda-7c507959f385/sensor-tactile_pressure-2*.log
[roslaunch.pmon][INFO] 2021-12-21 14:36:10,689: ProcessMonitor.unregister[sensor/tactile_pressure-2] starting
[roslaunch.pmon][INFO] 2021-12-21 14:36:10,689: ProcessMonitor.unregister[sensor/tactile_pressure-2] complete
[roslaunch][INFO] 2021-12-21 14:36:14,700: [sensor/process_tactile_pressure-3] process has finished cleanly
log file: /home/ros/.ros/log/5682ed0a-626b-11ec-9bda-7c507959f385/sensor-process_tactile_pressure-3*.log
[roslaunch.pmon][INFO] 2021-12-21 14:36:14,700: ProcessMonitor.unregister[sensor/process_tactile_pressure-3] starting
[roslaunch.pmon][INFO] 2021-12-21 14:36:14,700: ProcessMonitor.unregister[sensor/process_tactile_pressure-3] complete
[roslaunch.pmon][INFO] 2021-12-21 14:38:57,359: ProcessMonitor.shutdown <ProcessMonitor(ProcessMonitor-1, started daemon 139727310038784)>
[roslaunch.pmon][INFO] 2021-12-21 14:38:57,397: ProcessMonitor._post_run <ProcessMonitor(ProcessMonitor-1, started daemon 139727310038784)>
[roslaunch.pmon][INFO] 2021-12-21 14:38:57,398: ProcessMonitor._post_run <ProcessMonitor(ProcessMonitor-1, started daemon 139727310038784)>: remaining procs are [<roslaunch.nodeprocess.LocalProcess object at 0x7f14cd284a10>, <roslaunch.nodeprocess.LocalProcess object at 0x7f14cd3180d0>]
[roslaunch.pmon][INFO] 2021-12-21 14:38:57,402: ProcessMonitor exit: killing rosout-1
[roslaunch][INFO] 2021-12-21 14:38:57,402: [rosout-1] killing on exit
[roslaunch][INFO] 2021-12-21 14:38:57,402: process[rosout-1]: killing os process with pid[1334] pgid[1334]
[roslaunch][INFO] 2021-12-21 14:38:57,402: [rosout-1] sending SIGINT to pgid [1334]
[roslaunch][INFO] 2021-12-21 14:38:57,403: [rosout-1] sent SIGINT to pgid [1334]
[roslaunch][INFO] 2021-12-21 14:38:57,503: process[rosout-1]: SIGINT killed with return value 0
[roslaunch.pmon][INFO] 2021-12-21 14:38:57,503: ProcessMonitor exit: killing master
[roslaunch][INFO] 2021-12-21 14:38:57,503: [master] killing on exit
[roslaunch][INFO] 2021-12-21 14:38:57,503: process[master]: killing os process with pid[1323] pgid[1323]
[roslaunch][INFO] 2021-12-21 14:38:57,503: [master] sending SIGINT to pgid [1323]
[roslaunch][INFO] 2021-12-21 14:38:57,503: [master] sent SIGINT to pgid [1323]
[roslaunch][INFO] 2021-12-21 14:38:57,704: process[master]: SIGINT killed with return value 0
[roslaunch.pmon][INFO] 2021-12-21 14:38:57,704: ProcessMonitor exit: cleaning up data structures and signals
[roslaunch.pmon][INFO] 2021-12-21 14:38:57,704: ProcessMonitor exit: pmon has shutdown
[roslaunch][INFO] 2021-12-21 14:38:57,724: process monitor is done spinning, initiating full shutdown
[roslaunch][INFO] 2021-12-21 14:38:57,725: runner.stop()
[roslaunch][INFO] 2021-12-21 14:38:57,725: shutting down processing monitor...
[roslaunch][INFO] 2021-12-21 14:38:57,725: shutting down processing monitor <ProcessMonitor(ProcessMonitor-1, stopped daemon 139727310038784)>
[roslaunch.pmon][INFO] 2021-12-21 14:38:57,725: ProcessMonitor.shutdown <ProcessMonitor(ProcessMonitor-1, stopped daemon 139727310038784)>
[roslaunch][INFO] 2021-12-21 14:38:57,725: ... shutting down processing monitor complete
[roslaunch][INFO] 2021-12-21 14:38:57,725: done
[roslaunch.pmon][INFO] 2021-12-21 14:38:57,726: ProcessMonitor.shutdown <ProcessMonitor(ProcessMonitor-1, stopped daemon 139727310038784)>
[rospy.core][INFO] 2021-12-21 14:38:57,726: signal_shutdown [atexit]
