[roslaunch][INFO] 2022-02-14 13:36:31,314: Checking log directory for disk usage. This may take a while.
Press Ctrl-C to interrupt
[roslaunch][INFO] 2022-02-14 13:36:31,317: Done checking log file disk usage. Usage is <1GB.
[roslaunch][INFO] 2022-02-14 13:36:31,317: roslaunch starting with args ['/opt/ros/melodic/bin/roslaunch', 'tactile_pressure_sensor', 'run_tactile_pressure.launch']
[roslaunch][INFO] 2022-02-14 13:36:31,317: roslaunch env is {'ROS_DISTRO': 'melodic', 'ROSLISP_PACKAGE_DIRECTORIES': '/home/ros/catkin_ws/devel/share/common-lisp', 'HOME': '/home/ros', 'PATH': '/opt/ros/melodic/bin:/usr/local/sbin:/usr/local/bin:/usr/sbin:/usr/bin:/sbin:/bin', 'ROS_PACKAGE_PATH': '/home/ros/catkin_ws/src:/opt/ros/melodic/share', 'CMAKE_PREFIX_PATH': '/home/ros/catkin_ws/devel:/opt/ros/melodic', 'LD_LIBRARY_PATH': '/home/ros/catkin_ws/devel/lib:/opt/ros/melodic/lib', 'LANG': 'C.UTF-8', 'TERM': 'xterm', 'ROS_LOG_FILENAME': '/home/ros/.ros/log/1e7adad4-8d9b-11ec-8810-7c507959f385/roslaunch-FM00351-u-775.log', 'SHLVL': '1', 'DISPLAY': ':0', 'UNAME': 'ros', 'ROS_MASTER_URI': 'http://localhost:11311', 'ROS_PYTHON_VERSION': '2', 'PYTHONPATH': '/home/ros/catkin_ws/devel/lib/python2.7/dist-packages:/opt/ros/melodic/lib/python2.7/dist-packages', 'QT_X11_NO_MITSHM': '1', 'ROS_ROOT': '/opt/ros/melodic/share/ros', 'PKG_CONFIG_PATH': '/home/ros/catkin_ws/devel/lib/pkgconfig:/opt/ros/melodic/lib/pkgconfig', 'LC_ALL': 'C.UTF-8', '_': '/opt/ros/melodic/bin/roslaunch', 'OLDPWD': '/home/ros', 'HOSTNAME': 'FM00351-u', 'PWD': '/home/ros/catkin_ws', 'ROS_ETC_DIR': '/opt/ros/melodic/etc/ros', 'ROS_VERSION': '1'}
[roslaunch][INFO] 2022-02-14 13:36:31,317: starting in server mode
[roslaunch.parent][INFO] 2022-02-14 13:36:31,317: starting roslaunch parent run
[roslaunch][INFO] 2022-02-14 13:36:31,317: loading roscore config file /opt/ros/melodic/etc/ros/roscore.xml
[roslaunch][INFO] 2022-02-14 13:36:31,614: Added core node of type [rosout/rosout] in namespace [/]
[roslaunch.config][INFO] 2022-02-14 13:36:31,614: loading config file /home/ros/catkin_ws/src/tactile_pressure_sensor/launch/run_tactile_pressure.launch
[roslaunch][INFO] 2022-02-14 13:36:31,614: Added node of type [rosserial_arduino/serial_node.py] in namespace [/sensor/]
[roslaunch][INFO] 2022-02-14 13:36:31,614: Added node of type [tactile_pressure_sensor/pressure_LocAndForceEstimation.py] in namespace [/sensor/]
[roslaunch][INFO] 2022-02-14 13:36:31,614: ... selected machine [] for node of type [rosserial_arduino/serial_node.py]
[roslaunch][INFO] 2022-02-14 13:36:31,615: ... selected machine [] for node of type [tactile_pressure_sensor/pressure_LocAndForceEstimation.py]
[roslaunch.pmon][INFO] 2022-02-14 13:36:31,615: start_process_monitor: creating ProcessMonitor
[roslaunch.pmon][INFO] 2022-02-14 13:36:31,615: created process monitor <ProcessMonitor(ProcessMonitor-1, initial daemon)>
[roslaunch.pmon][INFO] 2022-02-14 13:36:31,615: start_process_monitor: ProcessMonitor started
[roslaunch.parent][INFO] 2022-02-14 13:36:31,615: starting parent XML-RPC server
[roslaunch.server][INFO] 2022-02-14 13:36:31,615: starting roslaunch XML-RPC server
[roslaunch.server][INFO] 2022-02-14 13:36:31,616: waiting for roslaunch XML-RPC server to initialize
[xmlrpc][INFO] 2022-02-14 13:36:31,616: XML-RPC server binding to 0.0.0.0:0
[xmlrpc][INFO] 2022-02-14 13:36:31,616: Started XML-RPC server [http://FM00351-u:38595/]
[xmlrpc][INFO] 2022-02-14 13:36:31,616: xml rpc node: starting XML-RPC server
[roslaunch][INFO] 2022-02-14 13:36:31,627: started roslaunch server http://FM00351-u:38595/
[roslaunch.parent][INFO] 2022-02-14 13:36:31,628: ... parent XML-RPC server started
[roslaunch][INFO] 2022-02-14 13:36:31,628: master.is_running[http://localhost:11311]
[roslaunch][INFO] 2022-02-14 13:36:31,628: auto-starting new master
[roslaunch][INFO] 2022-02-14 13:36:31,628: create_master_process: rosmaster, /opt/ros/melodic/share/ros, 11311, 3, None, False
[roslaunch][INFO] 2022-02-14 13:36:31,628: process[master]: launching with args [['rosmaster', '--core', '-p', '11311', '-w', '3']]
[roslaunch.pmon][INFO] 2022-02-14 13:36:31,628: ProcessMonitor.register[master]
[roslaunch.pmon][INFO] 2022-02-14 13:36:31,628: ProcessMonitor.register[master] complete
[roslaunch][INFO] 2022-02-14 13:36:31,628: process[master]: starting os process
[roslaunch][INFO] 2022-02-14 13:36:31,628: process[master]: start w/ args [['rosmaster', '--core', '-p', '11311', '-w', '3', '__log:=/home/ros/.ros/log/1e7adad4-8d9b-11ec-8810-7c507959f385/master.log']]
[roslaunch][INFO] 2022-02-14 13:36:31,628: process[master]: cwd will be [/home/ros/.ros]
[roslaunch][INFO] 2022-02-14 13:36:31,693: process[master]: started with pid [785]
[roslaunch][INFO] 2022-02-14 13:36:31,693: master.is_running[http://localhost:11311]
[roslaunch][INFO] 2022-02-14 13:36:31,794: master.is_running[http://localhost:11311]
[roslaunch][INFO] 2022-02-14 13:36:31,894: master.is_running[http://localhost:11311]
[roslaunch][INFO] 2022-02-14 13:36:31,897: master.is_running[http://localhost:11311]
[roslaunch][INFO] 2022-02-14 13:36:31,899: ROS_MASTER_URI=http://localhost:11311
[roslaunch][INFO] 2022-02-14 13:36:31,901: setting /run_id to 1e7adad4-8d9b-11ec-8810-7c507959f385
[roslaunch][INFO] 2022-02-14 13:36:31,902: setting /roslaunch/uris/host_fm00351_u__38595' to http://FM00351-u:38595/
[roslaunch][INFO] 2022-02-14 13:36:31,905: ... preparing to launch node of type [rosout/rosout]
[roslaunch][INFO] 2022-02-14 13:36:31,905: create_node_process: package[rosout] type[rosout] machine[Machine(name[] env_loader[None] address[localhost] ssh_port[22] user[None] assignable[True] timeout[10.0])] master_uri[http://localhost:11311]
[roslaunch][INFO] 2022-02-14 13:36:31,906: process[rosout-1]: env[{'ROS_DISTRO': 'melodic', 'ROSLISP_PACKAGE_DIRECTORIES': '/home/ros/catkin_ws/devel/share/common-lisp', 'LD_LIBRARY_PATH': '/home/ros/catkin_ws/devel/lib:/opt/ros/melodic/lib', 'ROS_PACKAGE_PATH': '/home/ros/catkin_ws/src:/opt/ros/melodic/share', 'PATH': '/opt/ros/melodic/bin:/usr/local/sbin:/usr/local/bin:/usr/sbin:/usr/bin:/sbin:/bin', 'CMAKE_PREFIX_PATH': '/home/ros/catkin_ws/devel:/opt/ros/melodic', 'ROS_LOG_FILENAME': '/home/ros/.ros/log/1e7adad4-8d9b-11ec-8810-7c507959f385/roslaunch-FM00351-u-775.log', 'LANG': 'C.UTF-8', 'TERM': 'xterm', 'SHLVL': '1', 'DISPLAY': ':0', 'UNAME': 'ros', 'ROS_ETC_DIR': '/opt/ros/melodic/etc/ros', 'HOME': '/home/ros', 'ROS_PYTHON_VERSION': '2', 'PYTHONPATH': '/home/ros/catkin_ws/devel/lib/python2.7/dist-packages:/opt/ros/melodic/lib/python2.7/dist-packages', 'QT_X11_NO_MITSHM': '1', 'ROS_ROOT': '/opt/ros/melodic/share/ros', 'PKG_CONFIG_PATH': '/home/ros/catkin_ws/devel/lib/pkgconfig:/opt/ros/melodic/lib/pkgconfig', 'LC_ALL': 'C.UTF-8', '_': '/opt/ros/melodic/bin/roslaunch', 'OLDPWD': '/home/ros', 'HOSTNAME': 'FM00351-u', 'PWD': '/home/ros/catkin_ws', 'ROS_MASTER_URI': 'http://localhost:11311', 'ROS_VERSION': '1'}]
[roslaunch][INFO] 2022-02-14 13:36:32,105: process[rosout-1]: args[[u'/opt/ros/melodic/lib/rosout/rosout', u'__name:=rosout']]
[roslaunch][INFO] 2022-02-14 13:36:32,105: ... created process [rosout-1]
[roslaunch.pmon][INFO] 2022-02-14 13:36:32,105: ProcessMonitor.register[rosout-1]
[roslaunch.pmon][INFO] 2022-02-14 13:36:32,105: ProcessMonitor.register[rosout-1] complete
[roslaunch][INFO] 2022-02-14 13:36:32,105: ... registered process [rosout-1]
[roslaunch][INFO] 2022-02-14 13:36:32,105: process[rosout-1]: starting os process
[roslaunch][INFO] 2022-02-14 13:36:32,105: process[rosout-1]: start w/ args [[u'/opt/ros/melodic/lib/rosout/rosout', u'__name:=rosout', u'__log:=/home/ros/.ros/log/1e7adad4-8d9b-11ec-8810-7c507959f385/rosout-1.log']]
[roslaunch][INFO] 2022-02-14 13:36:32,105: process[rosout-1]: cwd will be [/home/ros/.ros]
[roslaunch][INFO] 2022-02-14 13:36:32,170: process[rosout-1]: started with pid [796]
[roslaunch][INFO] 2022-02-14 13:36:32,171: ... successfully launched [rosout-1]
[roslaunch][INFO] 2022-02-14 13:36:32,171: load_parameters starting ...
[roslaunch][INFO] 2022-02-14 13:36:32,173: ... load_parameters complete
[roslaunch][INFO] 2022-02-14 13:36:32,173: launch_nodes: launching local nodes ...
[roslaunch][INFO] 2022-02-14 13:36:32,173: ... preparing to launch node of type [rosserial_arduino/serial_node.py]
[roslaunch][INFO] 2022-02-14 13:36:32,173: create_node_process: package[rosserial_arduino] type[serial_node.py] machine[Machine(name[] env_loader[None] address[localhost] ssh_port[22] user[None] assignable[True] timeout[10.0])] master_uri[http://localhost:11311]
[roslaunch][INFO] 2022-02-14 13:36:32,173: process[sensor/tactile_pressure-2]: env[{'ROS_DISTRO': 'melodic', 'ROSLISP_PACKAGE_DIRECTORIES': '/home/ros/catkin_ws/devel/share/common-lisp', 'LD_LIBRARY_PATH': '/home/ros/catkin_ws/devel/lib:/opt/ros/melodic/lib', 'ROS_PACKAGE_PATH': '/home/ros/catkin_ws/src:/opt/ros/melodic/share', 'PATH': '/opt/ros/melodic/bin:/usr/local/sbin:/usr/local/bin:/usr/sbin:/usr/bin:/sbin:/bin', 'CMAKE_PREFIX_PATH': '/home/ros/catkin_ws/devel:/opt/ros/melodic', 'ROS_LOG_FILENAME': '/home/ros/.ros/log/1e7adad4-8d9b-11ec-8810-7c507959f385/roslaunch-FM00351-u-775.log', 'LANG': 'C.UTF-8', 'TERM': 'xterm', 'SHLVL': '1', 'DISPLAY': ':0', 'UNAME': 'ros', 'ROS_ETC_DIR': '/opt/ros/melodic/etc/ros', 'HOME': '/home/ros', 'ROS_PYTHON_VERSION': '2', 'PYTHONPATH': '/home/ros/catkin_ws/devel/lib/python2.7/dist-packages:/opt/ros/melodic/lib/python2.7/dist-packages', 'QT_X11_NO_MITSHM': '1', 'ROS_ROOT': '/opt/ros/melodic/share/ros', 'PKG_CONFIG_PATH': '/home/ros/catkin_ws/devel/lib/pkgconfig:/opt/ros/melodic/lib/pkgconfig', 'LC_ALL': 'C.UTF-8', 'ROS_NAMESPACE': '/sensor', '_': '/opt/ros/melodic/bin/roslaunch', 'OLDPWD': '/home/ros', 'HOSTNAME': 'FM00351-u', 'PWD': '/home/ros/catkin_ws', 'ROS_MASTER_URI': 'http://localhost:11311', 'ROS_VERSION': '1'}]
[roslaunch][INFO] 2022-02-14 13:36:32,174: process[sensor/tactile_pressure-2]: args[[u'/home/ros/catkin_ws/src/rosserial/rosserial_arduino/nodes/serial_node.py', u'/sensor/Pressure:=/sensor/pressure_data', u'__name:=tactile_pressure']]
[roslaunch][INFO] 2022-02-14 13:36:32,174: ... created process [sensor/tactile_pressure-2]
[roslaunch.pmon][INFO] 2022-02-14 13:36:32,174: ProcessMonitor.register[sensor/tactile_pressure-2]
[roslaunch.pmon][INFO] 2022-02-14 13:36:32,174: ProcessMonitor.register[sensor/tactile_pressure-2] complete
[roslaunch][INFO] 2022-02-14 13:36:32,174: ... registered process [sensor/tactile_pressure-2]
[roslaunch][INFO] 2022-02-14 13:36:32,174: process[sensor/tactile_pressure-2]: starting os process
[roslaunch][INFO] 2022-02-14 13:36:32,174: process[sensor/tactile_pressure-2]: start w/ args [[u'/home/ros/catkin_ws/src/rosserial/rosserial_arduino/nodes/serial_node.py', u'/sensor/Pressure:=/sensor/pressure_data', u'__name:=tactile_pressure', u'__log:=/home/ros/.ros/log/1e7adad4-8d9b-11ec-8810-7c507959f385/sensor-tactile_pressure-2.log']]
[roslaunch][INFO] 2022-02-14 13:36:32,174: process[sensor/tactile_pressure-2]: cwd will be [/home/ros/.ros]
[roslaunch][INFO] 2022-02-14 13:36:32,239: process[sensor/tactile_pressure-2]: started with pid [799]
[roslaunch][INFO] 2022-02-14 13:36:32,239: ... successfully launched [sensor/tactile_pressure-2]
[roslaunch][INFO] 2022-02-14 13:36:32,239: ... preparing to launch node of type [tactile_pressure_sensor/pressure_LocAndForceEstimation.py]
[roslaunch][INFO] 2022-02-14 13:36:32,239: create_node_process: package[tactile_pressure_sensor] type[pressure_LocAndForceEstimation.py] machine[Machine(name[] env_loader[None] address[localhost] ssh_port[22] user[None] assignable[True] timeout[10.0])] master_uri[http://localhost:11311]
[roslaunch][INFO] 2022-02-14 13:36:32,239: process[sensor/process_tactile_pressure-3]: env[{'ROS_DISTRO': 'melodic', 'ROSLISP_PACKAGE_DIRECTORIES': '/home/ros/catkin_ws/devel/share/common-lisp', 'LD_LIBRARY_PATH': '/home/ros/catkin_ws/devel/lib:/opt/ros/melodic/lib', 'ROS_PACKAGE_PATH': '/home/ros/catkin_ws/src:/opt/ros/melodic/share', 'PATH': '/opt/ros/melodic/bin:/usr/local/sbin:/usr/local/bin:/usr/sbin:/usr/bin:/sbin:/bin', 'CMAKE_PREFIX_PATH': '/home/ros/catkin_ws/devel:/opt/ros/melodic', 'ROS_LOG_FILENAME': '/home/ros/.ros/log/1e7adad4-8d9b-11ec-8810-7c507959f385/roslaunch-FM00351-u-775.log', 'LANG': 'C.UTF-8', 'TERM': 'xterm', 'SHLVL': '1', 'DISPLAY': ':0', 'UNAME': 'ros', 'ROS_ETC_DIR': '/opt/ros/melodic/etc/ros', 'HOME': '/home/ros', 'ROS_PYTHON_VERSION': '2', 'PYTHONPATH': '/home/ros/catkin_ws/devel/lib/python2.7/dist-packages:/opt/ros/melodic/lib/python2.7/dist-packages', 'QT_X11_NO_MITSHM': '1', 'ROS_ROOT': '/opt/ros/melodic/share/ros', 'PKG_CONFIG_PATH': '/home/ros/catkin_ws/devel/lib/pkgconfig:/opt/ros/melodic/lib/pkgconfig', 'LC_ALL': 'C.UTF-8', 'ROS_NAMESPACE': '/sensor', '_': '/opt/ros/melodic/bin/roslaunch', 'OLDPWD': '/home/ros', 'HOSTNAME': 'FM00351-u', 'PWD': '/home/ros/catkin_ws', 'ROS_MASTER_URI': 'http://localhost:11311', 'ROS_VERSION': '1'}]
[roslaunch][INFO] 2022-02-14 13:36:32,240: process[sensor/process_tactile_pressure-3]: args[[u'/home/ros/catkin_ws/src/tactile_pressure_sensor/src/pressure_LocAndForceEstimation.py', u'/sensor/pressure_data:=/sensor/pressure_data', u'estimated_ForceAndLoc:=/sensor/estimated_ForceAndLoc', u'__name:=process_tactile_pressure']]
[roslaunch][INFO] 2022-02-14 13:36:32,240: ... created process [sensor/process_tactile_pressure-3]
[roslaunch.pmon][INFO] 2022-02-14 13:36:32,240: ProcessMonitor.register[sensor/process_tactile_pressure-3]
[roslaunch.pmon][INFO] 2022-02-14 13:36:32,240: ProcessMonitor.register[sensor/process_tactile_pressure-3] complete
[roslaunch][INFO] 2022-02-14 13:36:32,240: ... registered process [sensor/process_tactile_pressure-3]
[roslaunch][INFO] 2022-02-14 13:36:32,240: process[sensor/process_tactile_pressure-3]: starting os process
[roslaunch][INFO] 2022-02-14 13:36:32,240: process[sensor/process_tactile_pressure-3]: start w/ args [[u'/home/ros/catkin_ws/src/tactile_pressure_sensor/src/pressure_LocAndForceEstimation.py', u'/sensor/pressure_data:=/sensor/pressure_data', u'estimated_ForceAndLoc:=/sensor/estimated_ForceAndLoc', u'__name:=process_tactile_pressure', u'__log:=/home/ros/.ros/log/1e7adad4-8d9b-11ec-8810-7c507959f385/sensor-process_tactile_pressure-3.log']]
[roslaunch][INFO] 2022-02-14 13:36:32,240: process[sensor/process_tactile_pressure-3]: cwd will be [/home/ros/.ros]
[roslaunch][INFO] 2022-02-14 13:36:32,306: process[sensor/process_tactile_pressure-3]: started with pid [804]
[roslaunch][INFO] 2022-02-14 13:36:32,306: ... successfully launched [sensor/process_tactile_pressure-3]
[roslaunch][INFO] 2022-02-14 13:36:32,306: ... launch_nodes complete
[roslaunch.pmon][INFO] 2022-02-14 13:36:32,306: registrations completed <ProcessMonitor(ProcessMonitor-1, started daemon 140099230914304)>
[roslaunch.parent][INFO] 2022-02-14 13:36:32,306: ... roslaunch parent running, waiting for process exit
[roslaunch][INFO] 2022-02-14 13:36:32,306: spin
[roslaunch.pmon][INFO] 2022-02-14 13:36:34,089: ProcessMonitor.shutdown <ProcessMonitor(ProcessMonitor-1, started daemon 140099230914304)>
[roslaunch.pmon][INFO] 2022-02-14 13:36:34,122: ProcessMonitor._post_run <ProcessMonitor(ProcessMonitor-1, started daemon 140099230914304)>
[roslaunch.pmon][INFO] 2022-02-14 13:36:34,122: ProcessMonitor._post_run <ProcessMonitor(ProcessMonitor-1, started daemon 140099230914304)>: remaining procs are [<roslaunch.nodeprocess.LocalProcess object at 0x7f6b650e6d10>, <roslaunch.nodeprocess.LocalProcess object at 0x7f6b6558d350>, <roslaunch.nodeprocess.LocalProcess object at 0x7f6b65678190>, <roslaunch.nodeprocess.LocalProcess object at 0x7f6b650e6850>]
[roslaunch.pmon][INFO] 2022-02-14 13:36:34,123: ProcessMonitor exit: killing sensor/process_tactile_pressure-3
[roslaunch.pmon][INFO] 2022-02-14 13:36:34,124: ProcessMonitor exit: killing sensor/tactile_pressure-2
[roslaunch][INFO] 2022-02-14 13:36:34,125: [sensor/tactile_pressure-2] killing on exit
[roslaunch][INFO] 2022-02-14 13:36:34,124: [sensor/process_tactile_pressure-3] killing on exit
[roslaunch][INFO] 2022-02-14 13:36:34,125: process[sensor/tactile_pressure-2]: killing os process with pid[799] pgid[799]
[roslaunch][INFO] 2022-02-14 13:36:34,126: process[sensor/process_tactile_pressure-3]: killing os process with pid[804] pgid[804]
[roslaunch][INFO] 2022-02-14 13:36:34,127: [sensor/tactile_pressure-2] sending SIGINT to pgid [799]
[roslaunch][INFO] 2022-02-14 13:36:34,127: [sensor/process_tactile_pressure-3] sending SIGINT to pgid [804]
[roslaunch][INFO] 2022-02-14 13:36:34,127: [sensor/tactile_pressure-2] sent SIGINT to pgid [799]
[roslaunch][INFO] 2022-02-14 13:36:34,128: [sensor/process_tactile_pressure-3] sent SIGINT to pgid [804]
[roslaunch][INFO] 2022-02-14 13:36:34,329: process[sensor/tactile_pressure-2]: SIGINT killed with return value 0
[roslaunch][INFO] 2022-02-14 13:36:35,932: process[sensor/process_tactile_pressure-3]: SIGINT killed with return value 0
[roslaunch.pmon][INFO] 2022-02-14 13:36:35,933: ProcessMonitor exit: killing rosout-1
[roslaunch][INFO] 2022-02-14 13:36:35,933: [rosout-1] killing on exit
[roslaunch][INFO] 2022-02-14 13:36:35,933: process[rosout-1]: killing os process with pid[796] pgid[796]
[roslaunch][INFO] 2022-02-14 13:36:35,933: [rosout-1] sending SIGINT to pgid [796]
[roslaunch][INFO] 2022-02-14 13:36:35,933: [rosout-1] sent SIGINT to pgid [796]
[roslaunch][INFO] 2022-02-14 13:36:36,134: process[rosout-1]: SIGINT killed with return value 0
[roslaunch.pmon][INFO] 2022-02-14 13:36:36,134: ProcessMonitor exit: killing master
[roslaunch][INFO] 2022-02-14 13:36:36,134: [master] killing on exit
[roslaunch][INFO] 2022-02-14 13:36:36,134: process[master]: killing os process with pid[785] pgid[785]
[roslaunch][INFO] 2022-02-14 13:36:36,134: [master] sending SIGINT to pgid [785]
[roslaunch][INFO] 2022-02-14 13:36:36,134: [master] sent SIGINT to pgid [785]
[roslaunch][INFO] 2022-02-14 13:36:36,335: process[master]: SIGINT killed with return value 0
[roslaunch.pmon][INFO] 2022-02-14 13:36:36,335: ProcessMonitor exit: cleaning up data structures and signals
[roslaunch.pmon][INFO] 2022-02-14 13:36:36,336: ProcessMonitor exit: pmon has shutdown
[roslaunch][INFO] 2022-02-14 13:36:36,358: process monitor is done spinning, initiating full shutdown
[roslaunch][INFO] 2022-02-14 13:36:36,358: runner.stop()
[roslaunch][INFO] 2022-02-14 13:36:36,358: shutting down processing monitor...
[roslaunch][INFO] 2022-02-14 13:36:36,358: shutting down processing monitor <ProcessMonitor(ProcessMonitor-1, stopped daemon 140099230914304)>
[roslaunch.pmon][INFO] 2022-02-14 13:36:36,358: ProcessMonitor.shutdown <ProcessMonitor(ProcessMonitor-1, stopped daemon 140099230914304)>
[roslaunch][INFO] 2022-02-14 13:36:36,358: ... shutting down processing monitor complete
[roslaunch][INFO] 2022-02-14 13:36:36,358: done
[roslaunch.pmon][INFO] 2022-02-14 13:36:36,359: ProcessMonitor.shutdown <ProcessMonitor(ProcessMonitor-1, stopped daemon 140099230914304)>
[rospy.core][INFO] 2022-02-14 13:36:36,359: signal_shutdown [atexit]
