[roslaunch][INFO] 2022-02-23 12:23:59,899: Checking log directory for disk usage. This may take a while.
Press Ctrl-C to interrupt
[roslaunch][INFO] 2022-02-23 12:23:59,903: Done checking log file disk usage. Usage is <1GB.
[roslaunch][INFO] 2022-02-23 12:23:59,903: roslaunch starting with args ['/opt/ros/melodic/bin/roslaunch', 'fm_gripper_module', 'fm_gripper_module.launch']
[roslaunch][INFO] 2022-02-23 12:23:59,903: roslaunch env is {'ROS_DISTRO': 'melodic', 'ROSLISP_PACKAGE_DIRECTORIES': '/home/ros/catkin_ws/devel/share/common-lisp', 'HOME': '/home/ros', 'PATH': '/opt/ros/melodic/bin:/usr/local/sbin:/usr/local/bin:/usr/sbin:/usr/bin:/sbin:/bin', 'ROS_PACKAGE_PATH': '/home/ros/catkin_ws/src:/opt/ros/melodic/share', 'CMAKE_PREFIX_PATH': '/home/ros/catkin_ws/devel:/opt/ros/melodic', 'LD_LIBRARY_PATH': '/home/ros/catkin_ws/devel/lib:/opt/ros/melodic/lib', 'LANG': 'C.UTF-8', 'TERM': 'xterm', 'ROS_LOG_FILENAME': '/home/ros/.ros/log/7a8d59d2-94a3-11ec-8fd4-7c507959f385/roslaunch-FM00351-u-1537.log', 'SHLVL': '1', 'DISPLAY': ':0', 'UNAME': 'ros', 'ROS_MASTER_URI': 'http://localhost:11311', 'ROS_PYTHON_VERSION': '2', 'PYTHONPATH': '/home/ros/catkin_ws/devel/lib/python2.7/dist-packages:/opt/ros/melodic/lib/python2.7/dist-packages', 'QT_X11_NO_MITSHM': '1', 'ROS_ROOT': '/opt/ros/melodic/share/ros', 'PKG_CONFIG_PATH': '/home/ros/catkin_ws/devel/lib/pkgconfig:/opt/ros/melodic/lib/pkgconfig', 'LC_ALL': 'C.UTF-8', '_': '/opt/ros/melodic/bin/roslaunch', 'OLDPWD': '/home/ros', 'HOSTNAME': 'FM00351-u', 'PWD': '/home/ros/catkin_ws', 'ROS_ETC_DIR': '/opt/ros/melodic/etc/ros', 'ROS_VERSION': '1'}
[roslaunch][INFO] 2022-02-23 12:23:59,903: starting in server mode
[roslaunch.parent][INFO] 2022-02-23 12:23:59,903: starting roslaunch parent run
[roslaunch][INFO] 2022-02-23 12:23:59,903: loading roscore config file /opt/ros/melodic/etc/ros/roscore.xml
[roslaunch][INFO] 2022-02-23 12:24:00,234: Added core node of type [rosout/rosout] in namespace [/]
[roslaunch.config][INFO] 2022-02-23 12:24:00,235: loading config file /home/ros/catkin_ws/src/fm_gripper_module/launch/fm_gripper_module.launch
[roslaunch][INFO] 2022-02-23 12:24:00,235: Added node of type [robotiq_2f_gripper_control/Robotiq2FGripperRtuNode.py] in namespace [/]
[roslaunch][INFO] 2022-02-23 12:24:00,235: Added node of type [fm_gripper_module/gripper_action_server.py] in namespace [/]
[roslaunch][INFO] 2022-02-23 12:24:00,235: ... selected machine [] for node of type [robotiq_2f_gripper_control/Robotiq2FGripperRtuNode.py]
[roslaunch][INFO] 2022-02-23 12:24:00,235: ... selected machine [] for node of type [fm_gripper_module/gripper_action_server.py]
[roslaunch.pmon][INFO] 2022-02-23 12:24:00,236: start_process_monitor: creating ProcessMonitor
[roslaunch.pmon][INFO] 2022-02-23 12:24:00,236: created process monitor <ProcessMonitor(ProcessMonitor-1, initial daemon)>
[roslaunch.pmon][INFO] 2022-02-23 12:24:00,236: start_process_monitor: ProcessMonitor started
[roslaunch.parent][INFO] 2022-02-23 12:24:00,236: starting parent XML-RPC server
[roslaunch.server][INFO] 2022-02-23 12:24:00,236: starting roslaunch XML-RPC server
[roslaunch.server][INFO] 2022-02-23 12:24:00,236: waiting for roslaunch XML-RPC server to initialize
[xmlrpc][INFO] 2022-02-23 12:24:00,237: XML-RPC server binding to 0.0.0.0:0
[xmlrpc][INFO] 2022-02-23 12:24:00,237: Started XML-RPC server [http://FM00351-u:43519/]
[xmlrpc][INFO] 2022-02-23 12:24:00,237: xml rpc node: starting XML-RPC server
[roslaunch][INFO] 2022-02-23 12:24:00,248: started roslaunch server http://FM00351-u:43519/
[roslaunch.parent][INFO] 2022-02-23 12:24:00,248: ... parent XML-RPC server started
[roslaunch][INFO] 2022-02-23 12:24:00,248: master.is_running[http://localhost:11311]
[roslaunch][INFO] 2022-02-23 12:24:00,248: auto-starting new master
[roslaunch][INFO] 2022-02-23 12:24:00,248: create_master_process: rosmaster, /opt/ros/melodic/share/ros, 11311, 3, None, False
[roslaunch][INFO] 2022-02-23 12:24:00,248: process[master]: launching with args [['rosmaster', '--core', '-p', '11311', '-w', '3']]
[roslaunch.pmon][INFO] 2022-02-23 12:24:00,248: ProcessMonitor.register[master]
[roslaunch.pmon][INFO] 2022-02-23 12:24:00,248: ProcessMonitor.register[master] complete
[roslaunch][INFO] 2022-02-23 12:24:00,248: process[master]: starting os process
[roslaunch][INFO] 2022-02-23 12:24:00,248: process[master]: start w/ args [['rosmaster', '--core', '-p', '11311', '-w', '3', '__log:=/home/ros/.ros/log/7a8d59d2-94a3-11ec-8fd4-7c507959f385/master.log']]
[roslaunch][INFO] 2022-02-23 12:24:00,248: process[master]: cwd will be [/home/ros/.ros]
[roslaunch][INFO] 2022-02-23 12:24:00,320: process[master]: started with pid [1547]
[roslaunch][INFO] 2022-02-23 12:24:00,320: master.is_running[http://localhost:11311]
[roslaunch][INFO] 2022-02-23 12:24:00,421: master.is_running[http://localhost:11311]
[roslaunch][INFO] 2022-02-23 12:24:00,521: master.is_running[http://localhost:11311]
[roslaunch][INFO] 2022-02-23 12:24:00,523: master.is_running[http://localhost:11311]
[roslaunch][INFO] 2022-02-23 12:24:00,524: ROS_MASTER_URI=http://localhost:11311
[roslaunch][INFO] 2022-02-23 12:24:00,525: setting /run_id to 7a8d59d2-94a3-11ec-8fd4-7c507959f385
[roslaunch][INFO] 2022-02-23 12:24:00,526: setting /roslaunch/uris/host_fm00351_u__43519' to http://FM00351-u:43519/
[roslaunch][INFO] 2022-02-23 12:24:00,527: ... preparing to launch node of type [rosout/rosout]
[roslaunch][INFO] 2022-02-23 12:24:00,527: create_node_process: package[rosout] type[rosout] machine[Machine(name[] env_loader[None] address[localhost] ssh_port[22] user[None] assignable[True] timeout[10.0])] master_uri[http://localhost:11311]
[roslaunch][INFO] 2022-02-23 12:24:00,528: process[rosout-1]: env[{'ROS_DISTRO': 'melodic', 'ROSLISP_PACKAGE_DIRECTORIES': '/home/ros/catkin_ws/devel/share/common-lisp', 'LD_LIBRARY_PATH': '/home/ros/catkin_ws/devel/lib:/opt/ros/melodic/lib', 'ROS_PACKAGE_PATH': '/home/ros/catkin_ws/src:/opt/ros/melodic/share', 'PATH': '/opt/ros/melodic/bin:/usr/local/sbin:/usr/local/bin:/usr/sbin:/usr/bin:/sbin:/bin', 'CMAKE_PREFIX_PATH': '/home/ros/catkin_ws/devel:/opt/ros/melodic', 'ROS_LOG_FILENAME': '/home/ros/.ros/log/7a8d59d2-94a3-11ec-8fd4-7c507959f385/roslaunch-FM00351-u-1537.log', 'LANG': 'C.UTF-8', 'TERM': 'xterm', 'SHLVL': '1', 'DISPLAY': ':0', 'UNAME': 'ros', 'ROS_ETC_DIR': '/opt/ros/melodic/etc/ros', 'HOME': '/home/ros', 'ROS_PYTHON_VERSION': '2', 'PYTHONPATH': '/home/ros/catkin_ws/devel/lib/python2.7/dist-packages:/opt/ros/melodic/lib/python2.7/dist-packages', 'QT_X11_NO_MITSHM': '1', 'ROS_ROOT': '/opt/ros/melodic/share/ros', 'PKG_CONFIG_PATH': '/home/ros/catkin_ws/devel/lib/pkgconfig:/opt/ros/melodic/lib/pkgconfig', 'LC_ALL': 'C.UTF-8', '_': '/opt/ros/melodic/bin/roslaunch', 'OLDPWD': '/home/ros', 'HOSTNAME': 'FM00351-u', 'PWD': '/home/ros/catkin_ws', 'ROS_MASTER_URI': 'http://localhost:11311', 'ROS_VERSION': '1'}]
[roslaunch][INFO] 2022-02-23 12:24:00,740: process[rosout-1]: args[[u'/opt/ros/melodic/lib/rosout/rosout', u'__name:=rosout']]
[roslaunch][INFO] 2022-02-23 12:24:00,740: ... created process [rosout-1]
[roslaunch.pmon][INFO] 2022-02-23 12:24:00,740: ProcessMonitor.register[rosout-1]
[roslaunch.pmon][INFO] 2022-02-23 12:24:00,740: ProcessMonitor.register[rosout-1] complete
[roslaunch][INFO] 2022-02-23 12:24:00,740: ... registered process [rosout-1]
[roslaunch][INFO] 2022-02-23 12:24:00,740: process[rosout-1]: starting os process
[roslaunch][INFO] 2022-02-23 12:24:00,740: process[rosout-1]: start w/ args [[u'/opt/ros/melodic/lib/rosout/rosout', u'__name:=rosout', u'__log:=/home/ros/.ros/log/7a8d59d2-94a3-11ec-8fd4-7c507959f385/rosout-1.log']]
[roslaunch][INFO] 2022-02-23 12:24:00,740: process[rosout-1]: cwd will be [/home/ros/.ros]
[roslaunch][INFO] 2022-02-23 12:24:00,808: process[rosout-1]: started with pid [1558]
[roslaunch][INFO] 2022-02-23 12:24:00,808: ... successfully launched [rosout-1]
[roslaunch][INFO] 2022-02-23 12:24:00,808: load_parameters starting ...
[roslaunch][INFO] 2022-02-23 12:24:00,811: ... load_parameters complete
[roslaunch][INFO] 2022-02-23 12:24:00,811: launch_nodes: launching local nodes ...
[roslaunch][INFO] 2022-02-23 12:24:00,811: ... preparing to launch node of type [robotiq_2f_gripper_control/Robotiq2FGripperRtuNode.py]
[roslaunch][INFO] 2022-02-23 12:24:00,811: create_node_process: package[robotiq_2f_gripper_control] type[Robotiq2FGripperRtuNode.py] machine[Machine(name[] env_loader[None] address[localhost] ssh_port[22] user[None] assignable[True] timeout[10.0])] master_uri[http://localhost:11311]
[roslaunch][INFO] 2022-02-23 12:24:00,811: process[Robotiq2FGripperRtuNode-2]: env[{'ROS_DISTRO': 'melodic', 'ROSLISP_PACKAGE_DIRECTORIES': '/home/ros/catkin_ws/devel/share/common-lisp', 'LD_LIBRARY_PATH': '/home/ros/catkin_ws/devel/lib:/opt/ros/melodic/lib', 'ROS_PACKAGE_PATH': '/home/ros/catkin_ws/src:/opt/ros/melodic/share', 'PATH': '/opt/ros/melodic/bin:/usr/local/sbin:/usr/local/bin:/usr/sbin:/usr/bin:/sbin:/bin', 'CMAKE_PREFIX_PATH': '/home/ros/catkin_ws/devel:/opt/ros/melodic', 'ROS_LOG_FILENAME': '/home/ros/.ros/log/7a8d59d2-94a3-11ec-8fd4-7c507959f385/roslaunch-FM00351-u-1537.log', 'LANG': 'C.UTF-8', 'TERM': 'xterm', 'SHLVL': '1', 'DISPLAY': ':0', 'UNAME': 'ros', 'ROS_ETC_DIR': '/opt/ros/melodic/etc/ros', 'HOME': '/home/ros', 'ROS_PYTHON_VERSION': '2', 'PYTHONPATH': '/home/ros/catkin_ws/devel/lib/python2.7/dist-packages:/opt/ros/melodic/lib/python2.7/dist-packages', 'QT_X11_NO_MITSHM': '1', 'ROS_ROOT': '/opt/ros/melodic/share/ros', 'PKG_CONFIG_PATH': '/home/ros/catkin_ws/devel/lib/pkgconfig:/opt/ros/melodic/lib/pkgconfig', 'LC_ALL': 'C.UTF-8', '_': '/opt/ros/melodic/bin/roslaunch', 'OLDPWD': '/home/ros', 'HOSTNAME': 'FM00351-u', 'PWD': '/home/ros/catkin_ws', 'ROS_MASTER_URI': 'http://localhost:11311', 'ROS_VERSION': '1'}]
[roslaunch][INFO] 2022-02-23 12:24:00,812: process[Robotiq2FGripperRtuNode-2]: args[[u'/home/ros/catkin_ws/src/robotiq/robotiq_2f_gripper_control/nodes/Robotiq2FGripperRtuNode.py', '/dev/ttyUSB0', u'__name:=Robotiq2FGripperRtuNode']]
[roslaunch][INFO] 2022-02-23 12:24:00,812: ... created process [Robotiq2FGripperRtuNode-2]
[roslaunch.pmon][INFO] 2022-02-23 12:24:00,812: ProcessMonitor.register[Robotiq2FGripperRtuNode-2]
[roslaunch.pmon][INFO] 2022-02-23 12:24:00,812: ProcessMonitor.register[Robotiq2FGripperRtuNode-2] complete
[roslaunch][INFO] 2022-02-23 12:24:00,812: ... registered process [Robotiq2FGripperRtuNode-2]
[roslaunch][INFO] 2022-02-23 12:24:00,812: process[Robotiq2FGripperRtuNode-2]: starting os process
[roslaunch][INFO] 2022-02-23 12:24:00,812: process[Robotiq2FGripperRtuNode-2]: start w/ args [[u'/home/ros/catkin_ws/src/robotiq/robotiq_2f_gripper_control/nodes/Robotiq2FGripperRtuNode.py', '/dev/ttyUSB0', u'__name:=Robotiq2FGripperRtuNode', u'__log:=/home/ros/.ros/log/7a8d59d2-94a3-11ec-8fd4-7c507959f385/Robotiq2FGripperRtuNode-2.log']]
[roslaunch][INFO] 2022-02-23 12:24:00,812: process[Robotiq2FGripperRtuNode-2]: cwd will be [/home/ros/.ros]
[roslaunch][INFO] 2022-02-23 12:24:00,882: process[Robotiq2FGripperRtuNode-2]: started with pid [1561]
[roslaunch][INFO] 2022-02-23 12:24:00,882: ... successfully launched [Robotiq2FGripperRtuNode-2]
[roslaunch][INFO] 2022-02-23 12:24:00,882: ... preparing to launch node of type [fm_gripper_module/gripper_action_server.py]
[roslaunch][INFO] 2022-02-23 12:24:00,882: create_node_process: package[fm_gripper_module] type[gripper_action_server.py] machine[Machine(name[] env_loader[None] address[localhost] ssh_port[22] user[None] assignable[True] timeout[10.0])] master_uri[http://localhost:11311]
[roslaunch][INFO] 2022-02-23 12:24:00,882: process[gripper_action_server-3]: env[{'ROS_DISTRO': 'melodic', 'ROSLISP_PACKAGE_DIRECTORIES': '/home/ros/catkin_ws/devel/share/common-lisp', 'LD_LIBRARY_PATH': '/home/ros/catkin_ws/devel/lib:/opt/ros/melodic/lib', 'ROS_PACKAGE_PATH': '/home/ros/catkin_ws/src:/opt/ros/melodic/share', 'PATH': '/opt/ros/melodic/bin:/usr/local/sbin:/usr/local/bin:/usr/sbin:/usr/bin:/sbin:/bin', 'CMAKE_PREFIX_PATH': '/home/ros/catkin_ws/devel:/opt/ros/melodic', 'ROS_LOG_FILENAME': '/home/ros/.ros/log/7a8d59d2-94a3-11ec-8fd4-7c507959f385/roslaunch-FM00351-u-1537.log', 'LANG': 'C.UTF-8', 'TERM': 'xterm', 'SHLVL': '1', 'DISPLAY': ':0', 'UNAME': 'ros', 'ROS_ETC_DIR': '/opt/ros/melodic/etc/ros', 'HOME': '/home/ros', 'ROS_PYTHON_VERSION': '2', 'PYTHONPATH': '/home/ros/catkin_ws/devel/lib/python2.7/dist-packages:/opt/ros/melodic/lib/python2.7/dist-packages', 'QT_X11_NO_MITSHM': '1', 'ROS_ROOT': '/opt/ros/melodic/share/ros', 'PKG_CONFIG_PATH': '/home/ros/catkin_ws/devel/lib/pkgconfig:/opt/ros/melodic/lib/pkgconfig', 'LC_ALL': 'C.UTF-8', '_': '/opt/ros/melodic/bin/roslaunch', 'OLDPWD': '/home/ros', 'HOSTNAME': 'FM00351-u', 'PWD': '/home/ros/catkin_ws', 'ROS_MASTER_URI': 'http://localhost:11311', 'ROS_VERSION': '1'}]
[roslaunch][INFO] 2022-02-23 12:24:00,882: process[gripper_action_server-3]: args[[u'/home/ros/catkin_ws/src/fm_gripper_module/src/gripper_action_server.py', u'__name:=gripper_action_server']]
[roslaunch][INFO] 2022-02-23 12:24:00,882: ... created process [gripper_action_server-3]
[roslaunch.pmon][INFO] 2022-02-23 12:24:00,883: ProcessMonitor.register[gripper_action_server-3]
[roslaunch.pmon][INFO] 2022-02-23 12:24:00,883: ProcessMonitor.register[gripper_action_server-3] complete
[roslaunch][INFO] 2022-02-23 12:24:00,883: ... registered process [gripper_action_server-3]
[roslaunch][INFO] 2022-02-23 12:24:00,883: process[gripper_action_server-3]: starting os process
[roslaunch][INFO] 2022-02-23 12:24:00,883: process[gripper_action_server-3]: start w/ args [[u'/home/ros/catkin_ws/src/fm_gripper_module/src/gripper_action_server.py', u'__name:=gripper_action_server', u'__log:=/home/ros/.ros/log/7a8d59d2-94a3-11ec-8fd4-7c507959f385/gripper_action_server-3.log']]
[roslaunch][INFO] 2022-02-23 12:24:00,883: process[gripper_action_server-3]: cwd will be [/home/ros/.ros]
[roslaunch][INFO] 2022-02-23 12:24:00,957: process[gripper_action_server-3]: started with pid [1566]
[roslaunch][INFO] 2022-02-23 12:24:00,958: ... successfully launched [gripper_action_server-3]
[roslaunch][INFO] 2022-02-23 12:24:00,958: ... launch_nodes complete
[roslaunch.pmon][INFO] 2022-02-23 12:24:00,958: registrations completed <ProcessMonitor(ProcessMonitor-1, started daemon 139630136112896)>
[roslaunch.parent][INFO] 2022-02-23 12:24:00,958: ... roslaunch parent running, waiting for process exit
[roslaunch][INFO] 2022-02-23 12:24:00,958: spin
[roslaunch.pmon][INFO] 2022-02-23 12:24:22,133: ProcessMonitor.shutdown <ProcessMonitor(ProcessMonitor-1, started daemon 139630136112896)>
[roslaunch.pmon][INFO] 2022-02-23 12:24:22,196: ProcessMonitor._post_run <ProcessMonitor(ProcessMonitor-1, started daemon 139630136112896)>
[roslaunch.pmon][INFO] 2022-02-23 12:24:22,197: ProcessMonitor._post_run <ProcessMonitor(ProcessMonitor-1, started daemon 139630136112896)>: remaining procs are [<roslaunch.nodeprocess.LocalProcess object at 0x7efe2cd4ef90>, <roslaunch.nodeprocess.LocalProcess object at 0x7efe2d1d9210>, <roslaunch.nodeprocess.LocalProcess object at 0x7efe2cd4ee50>, <roslaunch.nodeprocess.LocalProcess object at 0x7efe2cd4edd0>]
[roslaunch.pmon][INFO] 2022-02-23 12:24:22,198: ProcessMonitor exit: killing gripper_action_server-3
[roslaunch][INFO] 2022-02-23 12:24:22,198: [gripper_action_server-3] killing on exit
[roslaunch.pmon][INFO] 2022-02-23 12:24:22,199: ProcessMonitor exit: killing Robotiq2FGripperRtuNode-2
[roslaunch][INFO] 2022-02-23 12:24:22,200: process[gripper_action_server-3]: killing os process with pid[1566] pgid[1566]
[roslaunch][INFO] 2022-02-23 12:24:22,200: [Robotiq2FGripperRtuNode-2] killing on exit
[roslaunch][INFO] 2022-02-23 12:24:22,201: [gripper_action_server-3] sending SIGINT to pgid [1566]
[roslaunch][INFO] 2022-02-23 12:24:22,201: process[Robotiq2FGripperRtuNode-2]: killing os process with pid[1561] pgid[1561]
[roslaunch][INFO] 2022-02-23 12:24:22,202: [gripper_action_server-3] sent SIGINT to pgid [1566]
[roslaunch][INFO] 2022-02-23 12:24:22,202: [Robotiq2FGripperRtuNode-2] sending SIGINT to pgid [1561]
[roslaunch][INFO] 2022-02-23 12:24:22,203: [Robotiq2FGripperRtuNode-2] sent SIGINT to pgid [1561]
[roslaunch][INFO] 2022-02-23 12:24:22,504: process[Robotiq2FGripperRtuNode-2]: SIGINT killed with return value 0
[roslaunch][INFO] 2022-02-23 12:24:31,724: process[gripper_action_server-3]: SIGINT killed with return value 0
[roslaunch.pmon][INFO] 2022-02-23 12:24:31,725: ProcessMonitor exit: killing rosout-1
[roslaunch][INFO] 2022-02-23 12:24:31,725: [rosout-1] killing on exit
[roslaunch][INFO] 2022-02-23 12:24:31,726: process[rosout-1]: killing os process with pid[1558] pgid[1558]
[roslaunch][INFO] 2022-02-23 12:24:31,726: [rosout-1] sending SIGINT to pgid [1558]
[roslaunch][INFO] 2022-02-23 12:24:31,726: [rosout-1] sent SIGINT to pgid [1558]
[roslaunch][INFO] 2022-02-23 12:24:31,926: process[rosout-1]: SIGINT killed with return value 0
[roslaunch.pmon][INFO] 2022-02-23 12:24:31,927: ProcessMonitor exit: killing master
[roslaunch][INFO] 2022-02-23 12:24:31,927: [master] killing on exit
[roslaunch][INFO] 2022-02-23 12:24:31,927: process[master]: killing os process with pid[1547] pgid[1547]
[roslaunch][INFO] 2022-02-23 12:24:31,927: [master] sending SIGINT to pgid [1547]
[roslaunch][INFO] 2022-02-23 12:24:31,927: [master] sent SIGINT to pgid [1547]
[roslaunch][INFO] 2022-02-23 12:24:32,128: process[master]: SIGINT killed with return value 0
[roslaunch.pmon][INFO] 2022-02-23 12:24:32,128: ProcessMonitor exit: cleaning up data structures and signals
[roslaunch.pmon][INFO] 2022-02-23 12:24:32,128: ProcessMonitor exit: pmon has shutdown
[roslaunch][INFO] 2022-02-23 12:24:32,130: process monitor is done spinning, initiating full shutdown
[roslaunch][INFO] 2022-02-23 12:24:32,130: runner.stop()
[roslaunch][INFO] 2022-02-23 12:24:32,130: shutting down processing monitor...
[roslaunch][INFO] 2022-02-23 12:24:32,130: shutting down processing monitor <ProcessMonitor(ProcessMonitor-1, stopped daemon 139630136112896)>
[roslaunch.pmon][INFO] 2022-02-23 12:24:32,130: ProcessMonitor.shutdown <ProcessMonitor(ProcessMonitor-1, stopped daemon 139630136112896)>
[roslaunch][INFO] 2022-02-23 12:24:32,131: ... shutting down processing monitor complete
[roslaunch][INFO] 2022-02-23 12:24:32,131: done
[roslaunch.pmon][INFO] 2022-02-23 12:24:32,131: ProcessMonitor.shutdown <ProcessMonitor(ProcessMonitor-1, stopped daemon 139630136112896)>
[rospy.core][INFO] 2022-02-23 12:24:32,131: signal_shutdown [atexit]
