[roslaunch][INFO] 2021-12-13 09:33:47,620: Checking log directory for disk usage. This may take awhile.
Press Ctrl-C to interrupt
[roslaunch][INFO] 2021-12-13 09:33:47,622: Done checking log file disk usage. Usage is <1GB.
[roslaunch][INFO] 2021-12-13 09:33:47,622: roslaunch starting with args ['/opt/ros/kinetic/bin/roslaunch', 'module_gripper', 'gripper.launch']
[roslaunch][INFO] 2021-12-13 09:33:47,622: roslaunch env is {'ROS_DISTRO': 'kinetic', 'ROSLISP_PACKAGE_DIRECTORIES': '/home/ros/catkin_ws/devel/share/common-lisp', 'ROS_PACKAGE_PATH': '/home/ros/catkin_ws/src:/opt/ros/kinetic/share', 'PATH': '/opt/ros/kinetic/bin:/usr/local/sbin:/usr/local/bin:/usr/sbin:/usr/bin:/sbin:/bin', 'CMAKE_PREFIX_PATH': '/home/ros/catkin_ws/devel:/opt/ros/kinetic', 'DISPLAY': ':0', 'LANG': 'C.UTF-8', 'ROS_LOG_FILENAME': '/home/ros/.ros/log/c1b8ecc0-5bf7-11ec-bfd7-b5645281317c/roslaunch-FM00351-u-55.log', 'SHLVL': '2', 'LD_LIBRARY_PATH': '/home/ros/catkin_ws/devel/lib:/opt/ros/kinetic/lib:/opt/ros/kinetic/lib/x86_64-linux-gnu', 'UNAME': 'ros', 'ROS_ETC_DIR': '/opt/ros/kinetic/etc/ros', 'HOME': '/home/ros', 'ROS_PYTHON_VERSION': '2', 'PYTHONPATH': '/home/ros/catkin_ws/devel/lib/python2.7/dist-packages:/opt/ros/kinetic/lib/python2.7/dist-packages', 'QT_X11_NO_MITSHM': '1', 'ROS_ROOT': '/opt/ros/kinetic/share/ros', 'PKG_CONFIG_PATH': '/home/ros/catkin_ws/devel/lib/pkgconfig:/opt/ros/kinetic/lib/pkgconfig:/opt/ros/kinetic/lib/x86_64-linux-gnu/pkgconfig', 'LC_ALL': 'C.UTF-8', '_': '/opt/ros/kinetic/bin/roslaunch', 'OLDPWD': '/home/ros', 'HOSTNAME': 'FM00351-u', 'PWD': '/home/ros/catkin_ws', 'ROS_MASTER_URI': 'http://localhost:11311', 'ROS_VERSION': '1'}
[roslaunch][INFO] 2021-12-13 09:33:47,622: starting in server mode
[roslaunch.parent][INFO] 2021-12-13 09:33:47,622: starting roslaunch parent run
[roslaunch][INFO] 2021-12-13 09:33:47,622: loading roscore config file /opt/ros/kinetic/etc/ros/roscore.xml
[roslaunch][INFO] 2021-12-13 09:33:47,813: Added core node of type [rosout/rosout] in namespace [/]
[roslaunch.config][INFO] 2021-12-13 09:33:47,813: loading config file /home/ros/catkin_ws/src/module_gripper/launch/gripper.launch
[roslaunch][INFO] 2021-12-13 09:33:47,813: Added node of type [module_gripper/gripper_action_server] in namespace [/]
[roslaunch][INFO] 2021-12-13 09:33:47,813: ... selected machine [] for node of type [module_gripper/gripper_action_server]
[roslaunch.pmon][INFO] 2021-12-13 09:33:47,814: start_process_monitor: creating ProcessMonitor
[roslaunch.pmon][INFO] 2021-12-13 09:33:47,814: created process monitor <ProcessMonitor(ProcessMonitor-1, initial daemon)>
[roslaunch.pmon][INFO] 2021-12-13 09:33:47,815: start_process_monitor: ProcessMonitor started
[roslaunch.parent][INFO] 2021-12-13 09:33:47,815: starting parent XML-RPC server
[roslaunch.server][INFO] 2021-12-13 09:33:47,815: starting roslaunch XML-RPC server
[roslaunch.server][INFO] 2021-12-13 09:33:47,815: waiting for roslaunch XML-RPC server to initialize
[xmlrpc][INFO] 2021-12-13 09:33:47,815: XML-RPC server binding to 0.0.0.0:0
[xmlrpc][INFO] 2021-12-13 09:33:47,815: Started XML-RPC server [http://FM00351-u:44091/]
[xmlrpc][INFO] 2021-12-13 09:33:47,815: xml rpc node: starting XML-RPC server
[roslaunch][INFO] 2021-12-13 09:33:47,826: started roslaunch server http://FM00351-u:44091/
[roslaunch.parent][INFO] 2021-12-13 09:33:47,826: ... parent XML-RPC server started
[roslaunch][INFO] 2021-12-13 09:33:47,826: master.is_running[http://localhost:11311]
[roslaunch][INFO] 2021-12-13 09:33:47,827: master.is_running[http://localhost:11311]
[roslaunch][INFO] 2021-12-13 09:33:47,827: ROS_MASTER_URI=http://localhost:11311
[roslaunch][INFO] 2021-12-13 09:33:47,829: setting /roslaunch/uris/host_fm00351_u__44091' to http://FM00351-u:44091/
[roslaunch][INFO] 2021-12-13 09:33:47,829: load_parameters starting ...
[roslaunch][INFO] 2021-12-13 09:33:47,830: ... load_parameters complete
[roslaunch][INFO] 2021-12-13 09:33:47,830: launch_nodes: launching local nodes ...
[roslaunch][INFO] 2021-12-13 09:33:47,830: ... preparing to launch node of type [module_gripper/gripper_action_server]
[roslaunch][INFO] 2021-12-13 09:33:47,830: create_node_process: package[module_gripper] type[gripper_action_server] machine[Machine(name[] env_loader[None] address[localhost] ssh_port[22] user[None] assignable[True] timeout[10.0])] master_uri[http://localhost:11311]
[roslaunch][INFO] 2021-12-13 09:33:47,830: process[frogs-1]: env[{'ROS_DISTRO': 'kinetic', 'ROSLISP_PACKAGE_DIRECTORIES': '/home/ros/catkin_ws/devel/share/common-lisp', 'ROS_PACKAGE_PATH': '/home/ros/catkin_ws/src:/opt/ros/kinetic/share', 'PATH': '/opt/ros/kinetic/bin:/usr/local/sbin:/usr/local/bin:/usr/sbin:/usr/bin:/sbin:/bin', 'CMAKE_PREFIX_PATH': '/home/ros/catkin_ws/devel:/opt/ros/kinetic', 'ROS_LOG_FILENAME': '/home/ros/.ros/log/c1b8ecc0-5bf7-11ec-bfd7-b5645281317c/roslaunch-FM00351-u-55.log', 'LANG': 'C.UTF-8', 'SHLVL': '2', 'LD_LIBRARY_PATH': '/home/ros/catkin_ws/devel/lib:/opt/ros/kinetic/lib:/opt/ros/kinetic/lib/x86_64-linux-gnu', 'UNAME': 'ros', 'ROS_MASTER_URI': 'http://localhost:11311', 'HOME': '/home/ros', 'ROS_PYTHON_VERSION': '2', 'PYTHONPATH': '/home/ros/catkin_ws/devel/lib/python2.7/dist-packages:/opt/ros/kinetic/lib/python2.7/dist-packages', 'QT_X11_NO_MITSHM': '1', 'ROS_ROOT': '/opt/ros/kinetic/share/ros', 'PKG_CONFIG_PATH': '/home/ros/catkin_ws/devel/lib/pkgconfig:/opt/ros/kinetic/lib/pkgconfig:/opt/ros/kinetic/lib/x86_64-linux-gnu/pkgconfig', 'LC_ALL': 'C.UTF-8', '_': '/opt/ros/kinetic/bin/roslaunch', 'DISPLAY': ':0', 'OLDPWD': '/home/ros', 'HOSTNAME': 'FM00351-u', 'PWD': '/home/ros/catkin_ws', 'ROS_ETC_DIR': '/opt/ros/kinetic/etc/ros', 'ROS_VERSION': '1'}]
[roslaunch][INFO] 2021-12-13 09:33:47,852: process[frogs-1]: args[[u'/home/ros/catkin_ws/src/module_gripper/src/module_gripper/gripper_action_server', u'__name:=frogs']]
[roslaunch][INFO] 2021-12-13 09:33:47,852: ... created process [frogs-1]
[roslaunch.pmon][INFO] 2021-12-13 09:33:47,852: ProcessMonitor.register[frogs-1]
[roslaunch.pmon][INFO] 2021-12-13 09:33:47,852: ProcessMonitor.register[frogs-1] complete
[roslaunch][INFO] 2021-12-13 09:33:47,852: ... registered process [frogs-1]
[roslaunch][INFO] 2021-12-13 09:33:47,852: process[frogs-1]: starting os process
[roslaunch][INFO] 2021-12-13 09:33:47,852: process[frogs-1]: start w/ args [[u'/home/ros/catkin_ws/src/module_gripper/src/module_gripper/gripper_action_server', u'__name:=frogs', u'__log:=/home/ros/.ros/log/c1b8ecc0-5bf7-11ec-bfd7-b5645281317c/frogs-1.log']]
[roslaunch][INFO] 2021-12-13 09:33:47,852: process[frogs-1]: cwd will be [/home/ros/.ros]
[roslaunch][INFO] 2021-12-13 09:33:47,930: process[frogs-1]: started with pid [64]
[roslaunch][INFO] 2021-12-13 09:33:47,930: ... successfully launched [frogs-1]
[roslaunch][INFO] 2021-12-13 09:33:47,930: ... launch_nodes complete
[roslaunch.pmon][INFO] 2021-12-13 09:33:47,930: registrations completed <ProcessMonitor(ProcessMonitor-1, started daemon 139666289215232)>
[roslaunch.parent][INFO] 2021-12-13 09:33:47,930: ... roslaunch parent running, waiting for process exit
[roslaunch][INFO] 2021-12-13 09:33:47,930: spin
[roslaunch][INFO] 2021-12-13 09:34:16,171: Checking log directory for disk usage. This may take awhile.
Press Ctrl-C to interrupt
[roslaunch][INFO] 2021-12-13 09:34:16,172: Done checking log file disk usage. Usage is <1GB.
[roslaunch][INFO] 2021-12-13 09:34:16,173: roslaunch starting with args ['/opt/ros/kinetic/bin/roslaunch', 'module_gripper', 'gripper.launch']
[roslaunch][INFO] 2021-12-13 09:34:16,173: roslaunch env is {'ROS_DISTRO': 'kinetic', 'ROSLISP_PACKAGE_DIRECTORIES': '/home/ros/catkin_ws/devel/share/common-lisp', 'ROS_PACKAGE_PATH': '/home/ros/catkin_ws/src:/opt/ros/kinetic/share', 'PATH': '/opt/ros/kinetic/bin:/usr/local/sbin:/usr/local/bin:/usr/sbin:/usr/bin:/sbin:/bin', 'CMAKE_PREFIX_PATH': '/home/ros/catkin_ws/devel:/opt/ros/kinetic', 'DISPLAY': ':0', 'LANG': 'C.UTF-8', 'ROS_LOG_FILENAME': '/home/ros/.ros/log/c1b8ecc0-5bf7-11ec-bfd7-b5645281317c/roslaunch-FM00351-u-55.log', 'SHLVL': '2', 'LD_LIBRARY_PATH': '/home/ros/catkin_ws/devel/lib:/opt/ros/kinetic/lib:/opt/ros/kinetic/lib/x86_64-linux-gnu', 'UNAME': 'ros', 'ROS_ETC_DIR': '/opt/ros/kinetic/etc/ros', 'HOME': '/home/ros', 'ROS_PYTHON_VERSION': '2', 'PYTHONPATH': '/home/ros/catkin_ws/devel/lib/python2.7/dist-packages:/opt/ros/kinetic/lib/python2.7/dist-packages', 'QT_X11_NO_MITSHM': '1', 'ROS_ROOT': '/opt/ros/kinetic/share/ros', 'PKG_CONFIG_PATH': '/home/ros/catkin_ws/devel/lib/pkgconfig:/opt/ros/kinetic/lib/pkgconfig:/opt/ros/kinetic/lib/x86_64-linux-gnu/pkgconfig', 'LC_ALL': 'C.UTF-8', '_': '/opt/ros/kinetic/bin/roslaunch', 'OLDPWD': '/home/ros', 'HOSTNAME': 'FM00351-u', 'PWD': '/home/ros/catkin_ws', 'ROS_MASTER_URI': 'http://localhost:11311', 'ROS_VERSION': '1'}
[roslaunch][INFO] 2021-12-13 09:34:16,173: starting in server mode
[roslaunch.parent][INFO] 2021-12-13 09:34:16,173: starting roslaunch parent run
[roslaunch][INFO] 2021-12-13 09:34:16,173: loading roscore config file /opt/ros/kinetic/etc/ros/roscore.xml
[roslaunch][INFO] 2021-12-13 09:34:16,362: Added core node of type [rosout/rosout] in namespace [/]
[roslaunch.config][INFO] 2021-12-13 09:34:16,362: loading config file /home/ros/catkin_ws/src/module_gripper/launch/gripper.launch
[roslaunch][INFO] 2021-12-13 09:34:16,362: Added node of type [module_gripper/gripper_action_server] in namespace [/]
[roslaunch][INFO] 2021-12-13 09:34:16,362: ... selected machine [] for node of type [module_gripper/gripper_action_server]
[roslaunch.pmon][INFO] 2021-12-13 09:34:16,363: start_process_monitor: creating ProcessMonitor
[roslaunch.pmon][INFO] 2021-12-13 09:34:16,363: created process monitor <ProcessMonitor(ProcessMonitor-1, initial daemon)>
[roslaunch.pmon][INFO] 2021-12-13 09:34:16,363: start_process_monitor: ProcessMonitor started
[roslaunch.parent][INFO] 2021-12-13 09:34:16,363: starting parent XML-RPC server
[roslaunch.server][INFO] 2021-12-13 09:34:16,363: starting roslaunch XML-RPC server
[roslaunch.server][INFO] 2021-12-13 09:34:16,363: waiting for roslaunch XML-RPC server to initialize
[xmlrpc][INFO] 2021-12-13 09:34:16,363: XML-RPC server binding to 0.0.0.0:0
[xmlrpc][INFO] 2021-12-13 09:34:16,364: Started XML-RPC server [http://FM00351-u:36839/]
[xmlrpc][INFO] 2021-12-13 09:34:16,364: xml rpc node: starting XML-RPC server
[roslaunch][INFO] 2021-12-13 09:34:16,374: started roslaunch server http://FM00351-u:36839/
[roslaunch.parent][INFO] 2021-12-13 09:34:16,374: ... parent XML-RPC server started
[roslaunch][INFO] 2021-12-13 09:34:16,375: master.is_running[http://localhost:11311]
[roslaunch][INFO] 2021-12-13 09:34:16,375: master.is_running[http://localhost:11311]
[roslaunch][INFO] 2021-12-13 09:34:16,376: ROS_MASTER_URI=http://localhost:11311
[roslaunch][INFO] 2021-12-13 09:34:16,377: setting /roslaunch/uris/host_fm00351_u__36839' to http://FM00351-u:36839/
[roslaunch][INFO] 2021-12-13 09:34:16,377: load_parameters starting ...
[roslaunch][INFO] 2021-12-13 09:34:16,378: ... load_parameters complete
[roslaunch][INFO] 2021-12-13 09:34:16,378: launch_nodes: launching local nodes ...
[roslaunch][INFO] 2021-12-13 09:34:16,378: ... preparing to launch node of type [module_gripper/gripper_action_server]
[roslaunch][INFO] 2021-12-13 09:34:16,379: create_node_process: package[module_gripper] type[gripper_action_server] machine[Machine(name[] env_loader[None] address[localhost] ssh_port[22] user[None] assignable[True] timeout[10.0])] master_uri[http://localhost:11311]
[roslaunch][INFO] 2021-12-13 09:34:16,379: process[frogs-1]: env[{'ROS_DISTRO': 'kinetic', 'ROSLISP_PACKAGE_DIRECTORIES': '/home/ros/catkin_ws/devel/share/common-lisp', 'ROS_PACKAGE_PATH': '/home/ros/catkin_ws/src:/opt/ros/kinetic/share', 'PATH': '/opt/ros/kinetic/bin:/usr/local/sbin:/usr/local/bin:/usr/sbin:/usr/bin:/sbin:/bin', 'CMAKE_PREFIX_PATH': '/home/ros/catkin_ws/devel:/opt/ros/kinetic', 'ROS_LOG_FILENAME': '/home/ros/.ros/log/c1b8ecc0-5bf7-11ec-bfd7-b5645281317c/roslaunch-FM00351-u-55.log', 'LANG': 'C.UTF-8', 'SHLVL': '2', 'LD_LIBRARY_PATH': '/home/ros/catkin_ws/devel/lib:/opt/ros/kinetic/lib:/opt/ros/kinetic/lib/x86_64-linux-gnu', 'UNAME': 'ros', 'ROS_MASTER_URI': 'http://localhost:11311', 'HOME': '/home/ros', 'ROS_PYTHON_VERSION': '2', 'PYTHONPATH': '/home/ros/catkin_ws/devel/lib/python2.7/dist-packages:/opt/ros/kinetic/lib/python2.7/dist-packages', 'QT_X11_NO_MITSHM': '1', 'ROS_ROOT': '/opt/ros/kinetic/share/ros', 'PKG_CONFIG_PATH': '/home/ros/catkin_ws/devel/lib/pkgconfig:/opt/ros/kinetic/lib/pkgconfig:/opt/ros/kinetic/lib/x86_64-linux-gnu/pkgconfig', 'LC_ALL': 'C.UTF-8', '_': '/opt/ros/kinetic/bin/roslaunch', 'DISPLAY': ':0', 'OLDPWD': '/home/ros', 'HOSTNAME': 'FM00351-u', 'PWD': '/home/ros/catkin_ws', 'ROS_ETC_DIR': '/opt/ros/kinetic/etc/ros', 'ROS_VERSION': '1'}]
[roslaunch][INFO] 2021-12-13 09:34:16,400: process[frogs-1]: args[[u'/home/ros/catkin_ws/src/module_gripper/src/module_gripper/gripper_action_server', u'__name:=frogs']]
[roslaunch][INFO] 2021-12-13 09:34:16,400: ... created process [frogs-1]
[roslaunch.pmon][INFO] 2021-12-13 09:34:16,400: ProcessMonitor.register[frogs-1]
[roslaunch.pmon][INFO] 2021-12-13 09:34:16,400: ProcessMonitor.register[frogs-1] complete
[roslaunch][INFO] 2021-12-13 09:34:16,400: ... registered process [frogs-1]
[roslaunch][INFO] 2021-12-13 09:34:16,400: process[frogs-1]: starting os process
[roslaunch][INFO] 2021-12-13 09:34:16,400: process[frogs-1]: start w/ args [[u'/home/ros/catkin_ws/src/module_gripper/src/module_gripper/gripper_action_server', u'__name:=frogs', u'__log:=/home/ros/.ros/log/c1b8ecc0-5bf7-11ec-bfd7-b5645281317c/frogs-1.log']]
[roslaunch][INFO] 2021-12-13 09:34:16,400: process[frogs-1]: cwd will be [/home/ros/.ros]
[roslaunch][INFO] 2021-12-13 09:34:16,476: process[frogs-1]: started with pid [64]
[roslaunch][INFO] 2021-12-13 09:34:16,476: ... successfully launched [frogs-1]
[roslaunch][INFO] 2021-12-13 09:34:16,476: ... launch_nodes complete
[roslaunch.pmon][INFO] 2021-12-13 09:34:16,476: registrations completed <ProcessMonitor(ProcessMonitor-1, started daemon 139964258182912)>
[roslaunch.parent][INFO] 2021-12-13 09:34:16,476: ... roslaunch parent running, waiting for process exit
[roslaunch][INFO] 2021-12-13 09:34:16,476: spin
[roslaunch][INFO] 2021-12-13 09:38:07,832: Checking log directory for disk usage. This may take awhile.
Press Ctrl-C to interrupt
[roslaunch][INFO] 2021-12-13 09:38:07,834: Done checking log file disk usage. Usage is <1GB.
[roslaunch][INFO] 2021-12-13 09:38:07,834: roslaunch starting with args ['/opt/ros/kinetic/bin/roslaunch', 'module_gripper', 'gripper.launch']
[roslaunch][INFO] 2021-12-13 09:38:07,834: roslaunch env is {'ROS_DISTRO': 'kinetic', 'ROSLISP_PACKAGE_DIRECTORIES': '/home/ros/catkin_ws/devel/share/common-lisp', 'ROS_PACKAGE_PATH': '/home/ros/catkin_ws/src:/opt/ros/kinetic/share', 'PATH': '/opt/ros/kinetic/bin:/usr/local/sbin:/usr/local/bin:/usr/sbin:/usr/bin:/sbin:/bin', 'CMAKE_PREFIX_PATH': '/home/ros/catkin_ws/devel:/opt/ros/kinetic', 'DISPLAY': ':0', 'LANG': 'C.UTF-8', 'ROS_LOG_FILENAME': '/home/ros/.ros/log/c1b8ecc0-5bf7-11ec-bfd7-b5645281317c/roslaunch-FM00351-u-55.log', 'SHLVL': '2', 'LD_LIBRARY_PATH': '/home/ros/catkin_ws/devel/lib:/opt/ros/kinetic/lib:/opt/ros/kinetic/lib/x86_64-linux-gnu', 'UNAME': 'ros', 'ROS_ETC_DIR': '/opt/ros/kinetic/etc/ros', 'HOME': '/home/ros', 'ROS_PYTHON_VERSION': '2', 'PYTHONPATH': '/home/ros/catkin_ws/devel/lib/python2.7/dist-packages:/opt/ros/kinetic/lib/python2.7/dist-packages', 'QT_X11_NO_MITSHM': '1', 'ROS_ROOT': '/opt/ros/kinetic/share/ros', 'PKG_CONFIG_PATH': '/home/ros/catkin_ws/devel/lib/pkgconfig:/opt/ros/kinetic/lib/pkgconfig:/opt/ros/kinetic/lib/x86_64-linux-gnu/pkgconfig', 'LC_ALL': 'C.UTF-8', '_': '/opt/ros/kinetic/bin/roslaunch', 'OLDPWD': '/home/ros', 'HOSTNAME': 'FM00351-u', 'PWD': '/home/ros/catkin_ws', 'ROS_MASTER_URI': 'http://localhost:11311', 'ROS_VERSION': '1'}
[roslaunch][INFO] 2021-12-13 09:38:07,834: starting in server mode
[roslaunch.parent][INFO] 2021-12-13 09:38:07,835: starting roslaunch parent run
[roslaunch][INFO] 2021-12-13 09:38:07,835: loading roscore config file /opt/ros/kinetic/etc/ros/roscore.xml
[roslaunch][INFO] 2021-12-13 09:38:08,021: Added core node of type [rosout/rosout] in namespace [/]
[roslaunch.config][INFO] 2021-12-13 09:38:08,021: loading config file /home/ros/catkin_ws/src/module_gripper/launch/gripper.launch
[roslaunch][INFO] 2021-12-13 09:38:08,022: Added node of type [module_gripper/gripper_action_server] in namespace [/]
[roslaunch][INFO] 2021-12-13 09:38:08,022: ... selected machine [] for node of type [module_gripper/gripper_action_server]
[roslaunch.pmon][INFO] 2021-12-13 09:38:08,022: start_process_monitor: creating ProcessMonitor
[roslaunch.pmon][INFO] 2021-12-13 09:38:08,022: created process monitor <ProcessMonitor(ProcessMonitor-1, initial daemon)>
[roslaunch.pmon][INFO] 2021-12-13 09:38:08,023: start_process_monitor: ProcessMonitor started
[roslaunch.parent][INFO] 2021-12-13 09:38:08,023: starting parent XML-RPC server
[roslaunch.server][INFO] 2021-12-13 09:38:08,023: starting roslaunch XML-RPC server
[roslaunch.server][INFO] 2021-12-13 09:38:08,023: waiting for roslaunch XML-RPC server to initialize
[xmlrpc][INFO] 2021-12-13 09:38:08,023: XML-RPC server binding to 0.0.0.0:0
[xmlrpc][INFO] 2021-12-13 09:38:08,023: Started XML-RPC server [http://FM00351-u:33337/]
[xmlrpc][INFO] 2021-12-13 09:38:08,023: xml rpc node: starting XML-RPC server
[roslaunch][INFO] 2021-12-13 09:38:08,034: started roslaunch server http://FM00351-u:33337/
[roslaunch.parent][INFO] 2021-12-13 09:38:08,034: ... parent XML-RPC server started
[roslaunch][INFO] 2021-12-13 09:38:08,034: master.is_running[http://localhost:11311]
[roslaunch][INFO] 2021-12-13 09:38:08,035: master.is_running[http://localhost:11311]
[roslaunch][INFO] 2021-12-13 09:38:08,035: ROS_MASTER_URI=http://localhost:11311
[roslaunch][INFO] 2021-12-13 09:38:08,036: setting /roslaunch/uris/host_fm00351_u__33337' to http://FM00351-u:33337/
[roslaunch][INFO] 2021-12-13 09:38:08,037: load_parameters starting ...
[roslaunch][INFO] 2021-12-13 09:38:08,038: ... load_parameters complete
[roslaunch][INFO] 2021-12-13 09:38:08,038: launch_nodes: launching local nodes ...
[roslaunch][INFO] 2021-12-13 09:38:08,038: ... preparing to launch node of type [module_gripper/gripper_action_server]
[roslaunch][INFO] 2021-12-13 09:38:08,038: create_node_process: package[module_gripper] type[gripper_action_server] machine[Machine(name[] env_loader[None] address[localhost] ssh_port[22] user[None] assignable[True] timeout[10.0])] master_uri[http://localhost:11311]
[roslaunch][INFO] 2021-12-13 09:38:08,038: process[frogs-1]: env[{'ROS_DISTRO': 'kinetic', 'ROSLISP_PACKAGE_DIRECTORIES': '/home/ros/catkin_ws/devel/share/common-lisp', 'ROS_PACKAGE_PATH': '/home/ros/catkin_ws/src:/opt/ros/kinetic/share', 'PATH': '/opt/ros/kinetic/bin:/usr/local/sbin:/usr/local/bin:/usr/sbin:/usr/bin:/sbin:/bin', 'CMAKE_PREFIX_PATH': '/home/ros/catkin_ws/devel:/opt/ros/kinetic', 'ROS_LOG_FILENAME': '/home/ros/.ros/log/c1b8ecc0-5bf7-11ec-bfd7-b5645281317c/roslaunch-FM00351-u-55.log', 'LANG': 'C.UTF-8', 'SHLVL': '2', 'LD_LIBRARY_PATH': '/home/ros/catkin_ws/devel/lib:/opt/ros/kinetic/lib:/opt/ros/kinetic/lib/x86_64-linux-gnu', 'UNAME': 'ros', 'ROS_MASTER_URI': 'http://localhost:11311', 'HOME': '/home/ros', 'ROS_PYTHON_VERSION': '2', 'PYTHONPATH': '/home/ros/catkin_ws/devel/lib/python2.7/dist-packages:/opt/ros/kinetic/lib/python2.7/dist-packages', 'QT_X11_NO_MITSHM': '1', 'ROS_ROOT': '/opt/ros/kinetic/share/ros', 'PKG_CONFIG_PATH': '/home/ros/catkin_ws/devel/lib/pkgconfig:/opt/ros/kinetic/lib/pkgconfig:/opt/ros/kinetic/lib/x86_64-linux-gnu/pkgconfig', 'LC_ALL': 'C.UTF-8', '_': '/opt/ros/kinetic/bin/roslaunch', 'DISPLAY': ':0', 'OLDPWD': '/home/ros', 'HOSTNAME': 'FM00351-u', 'PWD': '/home/ros/catkin_ws', 'ROS_ETC_DIR': '/opt/ros/kinetic/etc/ros', 'ROS_VERSION': '1'}]
[roslaunch][INFO] 2021-12-13 09:38:08,060: process[frogs-1]: args[[u'/home/ros/catkin_ws/src/module_gripper/src/module_gripper/gripper_action_server', u'__name:=frogs']]
[roslaunch][INFO] 2021-12-13 09:38:08,060: ... created process [frogs-1]
[roslaunch.pmon][INFO] 2021-12-13 09:38:08,060: ProcessMonitor.register[frogs-1]
[roslaunch.pmon][INFO] 2021-12-13 09:38:08,060: ProcessMonitor.register[frogs-1] complete
[roslaunch][INFO] 2021-12-13 09:38:08,060: ... registered process [frogs-1]
[roslaunch][INFO] 2021-12-13 09:38:08,060: process[frogs-1]: starting os process
[roslaunch][INFO] 2021-12-13 09:38:08,060: process[frogs-1]: start w/ args [[u'/home/ros/catkin_ws/src/module_gripper/src/module_gripper/gripper_action_server', u'__name:=frogs', u'__log:=/home/ros/.ros/log/c1b8ecc0-5bf7-11ec-bfd7-b5645281317c/frogs-1.log']]
[roslaunch][INFO] 2021-12-13 09:38:08,060: process[frogs-1]: cwd will be [/home/ros/.ros]
[roslaunch][INFO] 2021-12-13 09:38:08,137: process[frogs-1]: started with pid [64]
[roslaunch][INFO] 2021-12-13 09:38:08,137: ... successfully launched [frogs-1]
[roslaunch][INFO] 2021-12-13 09:38:08,137: ... launch_nodes complete
[roslaunch.pmon][INFO] 2021-12-13 09:38:08,137: registrations completed <ProcessMonitor(ProcessMonitor-1, started daemon 139872041580288)>
[roslaunch.parent][INFO] 2021-12-13 09:38:08,137: ... roslaunch parent running, waiting for process exit
[roslaunch][INFO] 2021-12-13 09:38:08,137: spin
