[roslaunch][INFO] 2021-12-13 09:49:53,552: Checking log directory for disk usage. This may take awhile.
Press Ctrl-C to interrupt
[roslaunch][INFO] 2021-12-13 09:49:53,555: Done checking log file disk usage. Usage is <1GB.
[roslaunch][INFO] 2021-12-13 09:49:53,555: roslaunch starting with args ['/opt/ros/kinetic/bin/roslaunch', 'module_gripper', 'gripper.launch']
[roslaunch][INFO] 2021-12-13 09:49:53,555: roslaunch env is {'ROS_DISTRO': 'kinetic', 'ROSLISP_PACKAGE_DIRECTORIES': '/home/ros/catkin_ws/devel/share/common-lisp', 'ROS_PACKAGE_PATH': '/home/ros/catkin_ws/src:/opt/ros/kinetic/share', 'PATH': '/opt/ros/kinetic/bin:/usr/local/sbin:/usr/local/bin:/usr/sbin:/usr/bin:/sbin:/bin', 'CMAKE_PREFIX_PATH': '/home/ros/catkin_ws/devel:/opt/ros/kinetic', 'DISPLAY': ':0', 'LANG': 'C.UTF-8', 'ROS_LOG_FILENAME': '/home/ros/.ros/log/c1b8ecc0-5bf7-11ec-bfd7-b5645281317c/roslaunch-FM00351-u-56.log', 'SHLVL': '2', 'LD_LIBRARY_PATH': '/home/ros/catkin_ws/devel/lib:/opt/ros/kinetic/lib:/opt/ros/kinetic/lib/x86_64-linux-gnu', 'UNAME': 'ros', 'ROS_ETC_DIR': '/opt/ros/kinetic/etc/ros', 'HOME': '/home/ros', 'ROS_PYTHON_VERSION': '2', 'PYTHONPATH': '/home/ros/catkin_ws/devel/lib/python2.7/dist-packages:/opt/ros/kinetic/lib/python2.7/dist-packages', 'QT_X11_NO_MITSHM': '1', 'ROS_ROOT': '/opt/ros/kinetic/share/ros', 'PKG_CONFIG_PATH': '/home/ros/catkin_ws/devel/lib/pkgconfig:/opt/ros/kinetic/lib/pkgconfig:/opt/ros/kinetic/lib/x86_64-linux-gnu/pkgconfig', 'LC_ALL': 'C.UTF-8', '_': '/opt/ros/kinetic/bin/roslaunch', 'OLDPWD': '/home/ros', 'HOSTNAME': 'FM00351-u', 'PWD': '/home/ros/catkin_ws', 'ROS_MASTER_URI': 'http://localhost:11311', 'ROS_VERSION': '1'}
[roslaunch][INFO] 2021-12-13 09:49:53,555: starting in server mode
[roslaunch.parent][INFO] 2021-12-13 09:49:53,555: starting roslaunch parent run
[roslaunch][INFO] 2021-12-13 09:49:53,555: loading roscore config file /opt/ros/kinetic/etc/ros/roscore.xml
[roslaunch][INFO] 2021-12-13 09:49:53,743: Added core node of type [rosout/rosout] in namespace [/]
[roslaunch.config][INFO] 2021-12-13 09:49:53,744: loading config file /home/ros/catkin_ws/src/module_gripper/launch/gripper.launch
[roslaunch][INFO] 2021-12-13 09:49:53,744: Added node of type [module_gripper/gripper_action_server] in namespace [/]
[roslaunch][INFO] 2021-12-13 09:49:53,744: ... selected machine [] for node of type [module_gripper/gripper_action_server]
[roslaunch.pmon][INFO] 2021-12-13 09:49:53,745: start_process_monitor: creating ProcessMonitor
[roslaunch.pmon][INFO] 2021-12-13 09:49:53,745: created process monitor <ProcessMonitor(ProcessMonitor-1, initial daemon)>
[roslaunch.pmon][INFO] 2021-12-13 09:49:53,745: start_process_monitor: ProcessMonitor started
[roslaunch.parent][INFO] 2021-12-13 09:49:53,745: starting parent XML-RPC server
[roslaunch.server][INFO] 2021-12-13 09:49:53,745: starting roslaunch XML-RPC server
[roslaunch.server][INFO] 2021-12-13 09:49:53,745: waiting for roslaunch XML-RPC server to initialize
[xmlrpc][INFO] 2021-12-13 09:49:53,745: XML-RPC server binding to 0.0.0.0:0
[xmlrpc][INFO] 2021-12-13 09:49:53,745: Started XML-RPC server [http://FM00351-u:45685/]
[xmlrpc][INFO] 2021-12-13 09:49:53,746: xml rpc node: starting XML-RPC server
[roslaunch][INFO] 2021-12-13 09:49:53,756: started roslaunch server http://FM00351-u:45685/
[roslaunch.parent][INFO] 2021-12-13 09:49:53,757: ... parent XML-RPC server started
[roslaunch][INFO] 2021-12-13 09:49:53,757: master.is_running[http://localhost:11311]
[roslaunch][INFO] 2021-12-13 09:49:53,757: master.is_running[http://localhost:11311]
[roslaunch][INFO] 2021-12-13 09:49:53,758: ROS_MASTER_URI=http://localhost:11311
[roslaunch][INFO] 2021-12-13 09:49:53,760: setting /roslaunch/uris/host_fm00351_u__45685' to http://FM00351-u:45685/
[roslaunch][INFO] 2021-12-13 09:49:53,760: load_parameters starting ...
[roslaunch][INFO] 2021-12-13 09:49:53,762: ... load_parameters complete
[roslaunch][INFO] 2021-12-13 09:49:53,762: launch_nodes: launching local nodes ...
[roslaunch][INFO] 2021-12-13 09:49:53,762: ... preparing to launch node of type [module_gripper/gripper_action_server]
[roslaunch][INFO] 2021-12-13 09:49:53,762: create_node_process: package[module_gripper] type[gripper_action_server] machine[Machine(name[] env_loader[None] address[localhost] ssh_port[22] user[None] assignable[True] timeout[10.0])] master_uri[http://localhost:11311]
[roslaunch][INFO] 2021-12-13 09:49:53,762: process[frogs-1]: env[{'ROS_DISTRO': 'kinetic', 'ROSLISP_PACKAGE_DIRECTORIES': '/home/ros/catkin_ws/devel/share/common-lisp', 'ROS_PACKAGE_PATH': '/home/ros/catkin_ws/src:/opt/ros/kinetic/share', 'PATH': '/opt/ros/kinetic/bin:/usr/local/sbin:/usr/local/bin:/usr/sbin:/usr/bin:/sbin:/bin', 'CMAKE_PREFIX_PATH': '/home/ros/catkin_ws/devel:/opt/ros/kinetic', 'ROS_LOG_FILENAME': '/home/ros/.ros/log/c1b8ecc0-5bf7-11ec-bfd7-b5645281317c/roslaunch-FM00351-u-56.log', 'LANG': 'C.UTF-8', 'SHLVL': '2', 'LD_LIBRARY_PATH': '/home/ros/catkin_ws/devel/lib:/opt/ros/kinetic/lib:/opt/ros/kinetic/lib/x86_64-linux-gnu', 'UNAME': 'ros', 'ROS_MASTER_URI': 'http://localhost:11311', 'HOME': '/home/ros', 'ROS_PYTHON_VERSION': '2', 'PYTHONPATH': '/home/ros/catkin_ws/devel/lib/python2.7/dist-packages:/opt/ros/kinetic/lib/python2.7/dist-packages', 'QT_X11_NO_MITSHM': '1', 'ROS_ROOT': '/opt/ros/kinetic/share/ros', 'PKG_CONFIG_PATH': '/home/ros/catkin_ws/devel/lib/pkgconfig:/opt/ros/kinetic/lib/pkgconfig:/opt/ros/kinetic/lib/x86_64-linux-gnu/pkgconfig', 'LC_ALL': 'C.UTF-8', '_': '/opt/ros/kinetic/bin/roslaunch', 'DISPLAY': ':0', 'OLDPWD': '/home/ros', 'HOSTNAME': 'FM00351-u', 'PWD': '/home/ros/catkin_ws', 'ROS_ETC_DIR': '/opt/ros/kinetic/etc/ros', 'ROS_VERSION': '1'}]
[roslaunch][INFO] 2021-12-13 09:49:53,784: process[frogs-1]: args[[u'/home/ros/catkin_ws/src/module_gripper/src/module_gripper/gripper_action_server', u'__name:=frogs']]
[roslaunch][INFO] 2021-12-13 09:49:53,784: ... created process [frogs-1]
[roslaunch.pmon][INFO] 2021-12-13 09:49:53,784: ProcessMonitor.register[frogs-1]
[roslaunch.pmon][INFO] 2021-12-13 09:49:53,784: ProcessMonitor.register[frogs-1] complete
[roslaunch][INFO] 2021-12-13 09:49:53,784: ... registered process [frogs-1]
[roslaunch][INFO] 2021-12-13 09:49:53,784: process[frogs-1]: starting os process
[roslaunch][INFO] 2021-12-13 09:49:53,784: process[frogs-1]: start w/ args [[u'/home/ros/catkin_ws/src/module_gripper/src/module_gripper/gripper_action_server', u'__name:=frogs', u'__log:=/home/ros/.ros/log/c1b8ecc0-5bf7-11ec-bfd7-b5645281317c/frogs-1.log']]
[roslaunch][INFO] 2021-12-13 09:49:53,784: process[frogs-1]: cwd will be [/home/ros/.ros]
[roslaunch][INFO] 2021-12-13 09:49:53,860: process[frogs-1]: started with pid [65]
[roslaunch][INFO] 2021-12-13 09:49:53,860: ... successfully launched [frogs-1]
[roslaunch][INFO] 2021-12-13 09:49:53,860: ... launch_nodes complete
[roslaunch.pmon][INFO] 2021-12-13 09:49:53,860: registrations completed <ProcessMonitor(ProcessMonitor-1, started daemon 139737718183680)>
[roslaunch.parent][INFO] 2021-12-13 09:49:53,860: ... roslaunch parent running, waiting for process exit
[roslaunch][INFO] 2021-12-13 09:49:53,860: spin
