[roslaunch][INFO] 2022-02-14 13:21:36,436: Checking log directory for disk usage. This may take a while.
Press Ctrl-C to interrupt
[roslaunch][INFO] 2022-02-14 13:21:36,439: Done checking log file disk usage. Usage is <1GB.
[roslaunch][INFO] 2022-02-14 13:21:36,439: roslaunch starting with args ['/opt/ros/melodic/bin/roslaunch', 'tactile_pressure_sensor', 'run_tactile_pressure.launch']
[roslaunch][INFO] 2022-02-14 13:21:36,439: roslaunch env is {'ROS_DISTRO': 'melodic', 'ROSLISP_PACKAGE_DIRECTORIES': '/home/ros/catkin_ws/devel/share/common-lisp', 'HOME': '/home/ros', 'PATH': '/opt/ros/melodic/bin:/usr/local/sbin:/usr/local/bin:/usr/sbin:/usr/bin:/sbin:/bin', 'ROS_PACKAGE_PATH': '/home/ros/catkin_ws/src:/opt/ros/melodic/share', 'CMAKE_PREFIX_PATH': '/home/ros/catkin_ws/devel:/opt/ros/melodic', 'LD_LIBRARY_PATH': '/home/ros/catkin_ws/devel/lib:/opt/ros/melodic/lib', 'LANG': 'C.UTF-8', 'TERM': 'xterm', 'ROS_LOG_FILENAME': '/home/ros/.ros/log/09170fb6-8d99-11ec-ab16-7c507959f385/roslaunch-FM00351-u-1128.log', 'SHLVL': '1', 'DISPLAY': ':0', 'UNAME': 'ros', 'ROS_MASTER_URI': 'http://localhost:11311', 'ROS_PYTHON_VERSION': '2', 'PYTHONPATH': '/home/ros/catkin_ws/devel/lib/python2.7/dist-packages:/opt/ros/melodic/lib/python2.7/dist-packages', 'QT_X11_NO_MITSHM': '1', 'ROS_ROOT': '/opt/ros/melodic/share/ros', 'PKG_CONFIG_PATH': '/home/ros/catkin_ws/devel/lib/pkgconfig:/opt/ros/melodic/lib/pkgconfig', 'LC_ALL': 'C.UTF-8', '_': '/opt/ros/melodic/bin/roslaunch', 'OLDPWD': '/home/ros/catkin_ws', 'HOSTNAME': 'FM00351-u', 'PWD': '/home/ros/catkin_ws/src', 'ROS_ETC_DIR': '/opt/ros/melodic/etc/ros', 'ROS_VERSION': '1'}
[roslaunch][INFO] 2022-02-14 13:21:36,439: starting in server mode
[roslaunch.parent][INFO] 2022-02-14 13:21:36,439: starting roslaunch parent run
[roslaunch][INFO] 2022-02-14 13:21:36,440: loading roscore config file /opt/ros/melodic/etc/ros/roscore.xml
[roslaunch][INFO] 2022-02-14 13:21:36,742: Added core node of type [rosout/rosout] in namespace [/]
[roslaunch.config][INFO] 2022-02-14 13:21:36,742: loading config file /home/ros/catkin_ws/src/tactile_pressure_sensor/launch/run_tactile_pressure.launch
[roslaunch][INFO] 2022-02-14 13:21:36,742: Added node of type [rosserial_arduino/serial_node.py] in namespace [/sensor/]
[roslaunch][INFO] 2022-02-14 13:21:36,742: Added node of type [tactile_pressure_sensor/pressure_LocAndForceEstimation.py] in namespace [/sensor/]
[roslaunch][INFO] 2022-02-14 13:21:36,742: ... selected machine [] for node of type [rosserial_arduino/serial_node.py]
[roslaunch][INFO] 2022-02-14 13:21:36,742: ... selected machine [] for node of type [tactile_pressure_sensor/pressure_LocAndForceEstimation.py]
[roslaunch.pmon][INFO] 2022-02-14 13:21:36,744: start_process_monitor: creating ProcessMonitor
[roslaunch.pmon][INFO] 2022-02-14 13:21:36,744: created process monitor <ProcessMonitor(ProcessMonitor-1, initial daemon)>
[roslaunch.pmon][INFO] 2022-02-14 13:21:36,744: start_process_monitor: ProcessMonitor started
[roslaunch.parent][INFO] 2022-02-14 13:21:36,744: starting parent XML-RPC server
[roslaunch.server][INFO] 2022-02-14 13:21:36,745: starting roslaunch XML-RPC server
[roslaunch.server][INFO] 2022-02-14 13:21:36,745: waiting for roslaunch XML-RPC server to initialize
[xmlrpc][INFO] 2022-02-14 13:21:36,745: XML-RPC server binding to 0.0.0.0:0
[xmlrpc][INFO] 2022-02-14 13:21:36,745: Started XML-RPC server [http://FM00351-u:46569/]
[xmlrpc][INFO] 2022-02-14 13:21:36,745: xml rpc node: starting XML-RPC server
[roslaunch][INFO] 2022-02-14 13:21:36,756: started roslaunch server http://FM00351-u:46569/
[roslaunch.parent][INFO] 2022-02-14 13:21:36,757: ... parent XML-RPC server started
[roslaunch][INFO] 2022-02-14 13:21:36,757: master.is_running[http://localhost:11311]
[roslaunch][INFO] 2022-02-14 13:21:36,757: auto-starting new master
[roslaunch][INFO] 2022-02-14 13:21:36,757: create_master_process: rosmaster, /opt/ros/melodic/share/ros, 11311, 3, None, False
[roslaunch][INFO] 2022-02-14 13:21:36,757: process[master]: launching with args [['rosmaster', '--core', '-p', '11311', '-w', '3']]
[roslaunch.pmon][INFO] 2022-02-14 13:21:36,757: ProcessMonitor.register[master]
[roslaunch.pmon][INFO] 2022-02-14 13:21:36,757: ProcessMonitor.register[master] complete
[roslaunch][INFO] 2022-02-14 13:21:36,757: process[master]: starting os process
[roslaunch][INFO] 2022-02-14 13:21:36,757: process[master]: start w/ args [['rosmaster', '--core', '-p', '11311', '-w', '3', '__log:=/home/ros/.ros/log/09170fb6-8d99-11ec-ab16-7c507959f385/master.log']]
[roslaunch][INFO] 2022-02-14 13:21:36,757: process[master]: cwd will be [/home/ros/.ros]
[roslaunch][INFO] 2022-02-14 13:21:36,823: process[master]: started with pid [1138]
[roslaunch][INFO] 2022-02-14 13:21:36,824: master.is_running[http://localhost:11311]
[roslaunch][INFO] 2022-02-14 13:21:36,924: master.is_running[http://localhost:11311]
[roslaunch][INFO] 2022-02-14 13:21:37,025: master.is_running[http://localhost:11311]
[roslaunch][INFO] 2022-02-14 13:21:37,028: master.is_running[http://localhost:11311]
[roslaunch][INFO] 2022-02-14 13:21:37,029: ROS_MASTER_URI=http://localhost:11311
[roslaunch][INFO] 2022-02-14 13:21:37,031: setting /run_id to 09170fb6-8d99-11ec-ab16-7c507959f385
[roslaunch][INFO] 2022-02-14 13:21:37,033: setting /roslaunch/uris/host_fm00351_u__46569' to http://FM00351-u:46569/
[roslaunch][INFO] 2022-02-14 13:21:37,035: ... preparing to launch node of type [rosout/rosout]
[roslaunch][INFO] 2022-02-14 13:21:37,035: create_node_process: package[rosout] type[rosout] machine[Machine(name[] env_loader[None] address[localhost] ssh_port[22] user[None] assignable[True] timeout[10.0])] master_uri[http://localhost:11311]
[roslaunch][INFO] 2022-02-14 13:21:37,035: process[rosout-1]: env[{'ROS_DISTRO': 'melodic', 'ROSLISP_PACKAGE_DIRECTORIES': '/home/ros/catkin_ws/devel/share/common-lisp', 'LD_LIBRARY_PATH': '/home/ros/catkin_ws/devel/lib:/opt/ros/melodic/lib', 'ROS_PACKAGE_PATH': '/home/ros/catkin_ws/src:/opt/ros/melodic/share', 'PATH': '/opt/ros/melodic/bin:/usr/local/sbin:/usr/local/bin:/usr/sbin:/usr/bin:/sbin:/bin', 'CMAKE_PREFIX_PATH': '/home/ros/catkin_ws/devel:/opt/ros/melodic', 'ROS_LOG_FILENAME': '/home/ros/.ros/log/09170fb6-8d99-11ec-ab16-7c507959f385/roslaunch-FM00351-u-1128.log', 'LANG': 'C.UTF-8', 'TERM': 'xterm', 'SHLVL': '1', 'DISPLAY': ':0', 'UNAME': 'ros', 'ROS_ETC_DIR': '/opt/ros/melodic/etc/ros', 'HOME': '/home/ros', 'ROS_PYTHON_VERSION': '2', 'PYTHONPATH': '/home/ros/catkin_ws/devel/lib/python2.7/dist-packages:/opt/ros/melodic/lib/python2.7/dist-packages', 'QT_X11_NO_MITSHM': '1', 'ROS_ROOT': '/opt/ros/melodic/share/ros', 'PKG_CONFIG_PATH': '/home/ros/catkin_ws/devel/lib/pkgconfig:/opt/ros/melodic/lib/pkgconfig', 'LC_ALL': 'C.UTF-8', '_': '/opt/ros/melodic/bin/roslaunch', 'OLDPWD': '/home/ros/catkin_ws', 'HOSTNAME': 'FM00351-u', 'PWD': '/home/ros/catkin_ws/src', 'ROS_MASTER_URI': 'http://localhost:11311', 'ROS_VERSION': '1'}]
[roslaunch][INFO] 2022-02-14 13:21:37,233: process[rosout-1]: args[[u'/opt/ros/melodic/lib/rosout/rosout', u'__name:=rosout']]
[roslaunch][INFO] 2022-02-14 13:21:37,233: ... created process [rosout-1]
[roslaunch.pmon][INFO] 2022-02-14 13:21:37,233: ProcessMonitor.register[rosout-1]
[roslaunch.pmon][INFO] 2022-02-14 13:21:37,233: ProcessMonitor.register[rosout-1] complete
[roslaunch][INFO] 2022-02-14 13:21:37,233: ... registered process [rosout-1]
[roslaunch][INFO] 2022-02-14 13:21:37,233: process[rosout-1]: starting os process
[roslaunch][INFO] 2022-02-14 13:21:37,233: process[rosout-1]: start w/ args [[u'/opt/ros/melodic/lib/rosout/rosout', u'__name:=rosout', u'__log:=/home/ros/.ros/log/09170fb6-8d99-11ec-ab16-7c507959f385/rosout-1.log']]
[roslaunch][INFO] 2022-02-14 13:21:37,233: process[rosout-1]: cwd will be [/home/ros/.ros]
[roslaunch][INFO] 2022-02-14 13:21:37,299: process[rosout-1]: started with pid [1149]
[roslaunch][INFO] 2022-02-14 13:21:37,299: ... successfully launched [rosout-1]
[roslaunch][INFO] 2022-02-14 13:21:37,299: load_parameters starting ...
[roslaunch][INFO] 2022-02-14 13:21:37,301: ... load_parameters complete
[roslaunch][INFO] 2022-02-14 13:21:37,301: launch_nodes: launching local nodes ...
[roslaunch][INFO] 2022-02-14 13:21:37,301: ... preparing to launch node of type [rosserial_arduino/serial_node.py]
[roslaunch][INFO] 2022-02-14 13:21:37,301: create_node_process: package[rosserial_arduino] type[serial_node.py] machine[Machine(name[] env_loader[None] address[localhost] ssh_port[22] user[None] assignable[True] timeout[10.0])] master_uri[http://localhost:11311]
[roslaunch][INFO] 2022-02-14 13:21:37,302: process[sensor/tactile_pressure-2]: env[{'ROS_DISTRO': 'melodic', 'ROSLISP_PACKAGE_DIRECTORIES': '/home/ros/catkin_ws/devel/share/common-lisp', 'LD_LIBRARY_PATH': '/home/ros/catkin_ws/devel/lib:/opt/ros/melodic/lib', 'ROS_PACKAGE_PATH': '/home/ros/catkin_ws/src:/opt/ros/melodic/share', 'PATH': '/opt/ros/melodic/bin:/usr/local/sbin:/usr/local/bin:/usr/sbin:/usr/bin:/sbin:/bin', 'CMAKE_PREFIX_PATH': '/home/ros/catkin_ws/devel:/opt/ros/melodic', 'ROS_LOG_FILENAME': '/home/ros/.ros/log/09170fb6-8d99-11ec-ab16-7c507959f385/roslaunch-FM00351-u-1128.log', 'LANG': 'C.UTF-8', 'TERM': 'xterm', 'SHLVL': '1', 'DISPLAY': ':0', 'UNAME': 'ros', 'ROS_ETC_DIR': '/opt/ros/melodic/etc/ros', 'HOME': '/home/ros', 'ROS_PYTHON_VERSION': '2', 'PYTHONPATH': '/home/ros/catkin_ws/devel/lib/python2.7/dist-packages:/opt/ros/melodic/lib/python2.7/dist-packages', 'QT_X11_NO_MITSHM': '1', 'ROS_ROOT': '/opt/ros/melodic/share/ros', 'PKG_CONFIG_PATH': '/home/ros/catkin_ws/devel/lib/pkgconfig:/opt/ros/melodic/lib/pkgconfig', 'LC_ALL': 'C.UTF-8', 'ROS_NAMESPACE': '/sensor', '_': '/opt/ros/melodic/bin/roslaunch', 'OLDPWD': '/home/ros/catkin_ws', 'HOSTNAME': 'FM00351-u', 'PWD': '/home/ros/catkin_ws/src', 'ROS_MASTER_URI': 'http://localhost:11311', 'ROS_VERSION': '1'}]
[roslaunch][INFO] 2022-02-14 13:21:37,303: process[sensor/tactile_pressure-2]: args[[u'/home/ros/catkin_ws/src/rosserial/rosserial_arduino/nodes/serial_node.py', u'/sensor/Pressure:=/sensor/pressure_data', u'__name:=tactile_pressure']]
[roslaunch][INFO] 2022-02-14 13:21:37,303: ... created process [sensor/tactile_pressure-2]
[roslaunch.pmon][INFO] 2022-02-14 13:21:37,303: ProcessMonitor.register[sensor/tactile_pressure-2]
[roslaunch.pmon][INFO] 2022-02-14 13:21:37,303: ProcessMonitor.register[sensor/tactile_pressure-2] complete
[roslaunch][INFO] 2022-02-14 13:21:37,303: ... registered process [sensor/tactile_pressure-2]
[roslaunch][INFO] 2022-02-14 13:21:37,303: process[sensor/tactile_pressure-2]: starting os process
[roslaunch][INFO] 2022-02-14 13:21:37,303: process[sensor/tactile_pressure-2]: start w/ args [[u'/home/ros/catkin_ws/src/rosserial/rosserial_arduino/nodes/serial_node.py', u'/sensor/Pressure:=/sensor/pressure_data', u'__name:=tactile_pressure', u'__log:=/home/ros/.ros/log/09170fb6-8d99-11ec-ab16-7c507959f385/sensor-tactile_pressure-2.log']]
[roslaunch][INFO] 2022-02-14 13:21:37,303: process[sensor/tactile_pressure-2]: cwd will be [/home/ros/.ros]
[roslaunch][INFO] 2022-02-14 13:21:37,368: process[sensor/tactile_pressure-2]: started with pid [1152]
[roslaunch][INFO] 2022-02-14 13:21:37,368: ... successfully launched [sensor/tactile_pressure-2]
[roslaunch][INFO] 2022-02-14 13:21:37,368: ... preparing to launch node of type [tactile_pressure_sensor/pressure_LocAndForceEstimation.py]
[roslaunch][INFO] 2022-02-14 13:21:37,368: create_node_process: package[tactile_pressure_sensor] type[pressure_LocAndForceEstimation.py] machine[Machine(name[] env_loader[None] address[localhost] ssh_port[22] user[None] assignable[True] timeout[10.0])] master_uri[http://localhost:11311]
[roslaunch][INFO] 2022-02-14 13:21:37,368: process[sensor/process_tactile_pressure-3]: env[{'ROS_DISTRO': 'melodic', 'ROSLISP_PACKAGE_DIRECTORIES': '/home/ros/catkin_ws/devel/share/common-lisp', 'LD_LIBRARY_PATH': '/home/ros/catkin_ws/devel/lib:/opt/ros/melodic/lib', 'ROS_PACKAGE_PATH': '/home/ros/catkin_ws/src:/opt/ros/melodic/share', 'PATH': '/opt/ros/melodic/bin:/usr/local/sbin:/usr/local/bin:/usr/sbin:/usr/bin:/sbin:/bin', 'CMAKE_PREFIX_PATH': '/home/ros/catkin_ws/devel:/opt/ros/melodic', 'ROS_LOG_FILENAME': '/home/ros/.ros/log/09170fb6-8d99-11ec-ab16-7c507959f385/roslaunch-FM00351-u-1128.log', 'LANG': 'C.UTF-8', 'TERM': 'xterm', 'SHLVL': '1', 'DISPLAY': ':0', 'UNAME': 'ros', 'ROS_ETC_DIR': '/opt/ros/melodic/etc/ros', 'HOME': '/home/ros', 'ROS_PYTHON_VERSION': '2', 'PYTHONPATH': '/home/ros/catkin_ws/devel/lib/python2.7/dist-packages:/opt/ros/melodic/lib/python2.7/dist-packages', 'QT_X11_NO_MITSHM': '1', 'ROS_ROOT': '/opt/ros/melodic/share/ros', 'PKG_CONFIG_PATH': '/home/ros/catkin_ws/devel/lib/pkgconfig:/opt/ros/melodic/lib/pkgconfig', 'LC_ALL': 'C.UTF-8', 'ROS_NAMESPACE': '/sensor', '_': '/opt/ros/melodic/bin/roslaunch', 'OLDPWD': '/home/ros/catkin_ws', 'HOSTNAME': 'FM00351-u', 'PWD': '/home/ros/catkin_ws/src', 'ROS_MASTER_URI': 'http://localhost:11311', 'ROS_VERSION': '1'}]
[roslaunch][INFO] 2022-02-14 13:21:37,369: process[sensor/process_tactile_pressure-3]: args[[u'/home/ros/catkin_ws/src/tactile_pressure_sensor/src/pressure_LocAndForceEstimation.py', u'/sensor/pressure_data:=/sensor/pressure_data', u'estimated_ForceAndLoc:=/sensor/estimated_ForceAndLoc', u'__name:=process_tactile_pressure']]
[roslaunch][INFO] 2022-02-14 13:21:37,369: ... created process [sensor/process_tactile_pressure-3]
[roslaunch.pmon][INFO] 2022-02-14 13:21:37,369: ProcessMonitor.register[sensor/process_tactile_pressure-3]
[roslaunch.pmon][INFO] 2022-02-14 13:21:37,369: ProcessMonitor.register[sensor/process_tactile_pressure-3] complete
[roslaunch][INFO] 2022-02-14 13:21:37,369: ... registered process [sensor/process_tactile_pressure-3]
[roslaunch][INFO] 2022-02-14 13:21:37,369: process[sensor/process_tactile_pressure-3]: starting os process
[roslaunch][INFO] 2022-02-14 13:21:37,369: process[sensor/process_tactile_pressure-3]: start w/ args [[u'/home/ros/catkin_ws/src/tactile_pressure_sensor/src/pressure_LocAndForceEstimation.py', u'/sensor/pressure_data:=/sensor/pressure_data', u'estimated_ForceAndLoc:=/sensor/estimated_ForceAndLoc', u'__name:=process_tactile_pressure', u'__log:=/home/ros/.ros/log/09170fb6-8d99-11ec-ab16-7c507959f385/sensor-process_tactile_pressure-3.log']]
[roslaunch][INFO] 2022-02-14 13:21:37,369: process[sensor/process_tactile_pressure-3]: cwd will be [/home/ros/.ros]
[roslaunch][INFO] 2022-02-14 13:21:37,434: process[sensor/process_tactile_pressure-3]: started with pid [1157]
[roslaunch][INFO] 2022-02-14 13:21:37,434: ... successfully launched [sensor/process_tactile_pressure-3]
[roslaunch][INFO] 2022-02-14 13:21:37,434: ... launch_nodes complete
[roslaunch.pmon][INFO] 2022-02-14 13:21:37,434: registrations completed <ProcessMonitor(ProcessMonitor-1, started daemon 140686160615168)>
[roslaunch.parent][INFO] 2022-02-14 13:21:37,435: ... roslaunch parent running, waiting for process exit
[roslaunch][INFO] 2022-02-14 13:21:37,435: spin
[roslaunch][INFO] 2022-02-14 13:21:41,657: [sensor/process_tactile_pressure-3] process has finished cleanly
log file: /home/ros/.ros/log/09170fb6-8d99-11ec-ab16-7c507959f385/sensor-process_tactile_pressure-3*.log
[roslaunch.pmon][INFO] 2022-02-14 13:21:41,658: ProcessMonitor.unregister[sensor/process_tactile_pressure-3] starting
[roslaunch.pmon][INFO] 2022-02-14 13:21:41,658: ProcessMonitor.unregister[sensor/process_tactile_pressure-3] complete
[roslaunch.pmon][INFO] 2022-02-14 13:21:46,978: ProcessMonitor.shutdown <ProcessMonitor(ProcessMonitor-1, started daemon 140686160615168)>
[roslaunch.pmon][INFO] 2022-02-14 13:21:47,074: ProcessMonitor._post_run <ProcessMonitor(ProcessMonitor-1, started daemon 140686160615168)>
[roslaunch.pmon][INFO] 2022-02-14 13:21:47,074: ProcessMonitor._post_run <ProcessMonitor(ProcessMonitor-1, started daemon 140686160615168)>: remaining procs are [<roslaunch.nodeprocess.LocalProcess object at 0x7ff40ccaed50>, <roslaunch.nodeprocess.LocalProcess object at 0x7ff40d155d90>, <roslaunch.nodeprocess.LocalProcess object at 0x7ff40d14f990>]
[roslaunch.pmon][INFO] 2022-02-14 13:21:47,075: ProcessMonitor exit: killing sensor/tactile_pressure-2
[roslaunch][INFO] 2022-02-14 13:21:47,075: [sensor/tactile_pressure-2] killing on exit
[roslaunch][INFO] 2022-02-14 13:21:47,075: process[sensor/tactile_pressure-2]: killing os process with pid[1152] pgid[1152]
[roslaunch][INFO] 2022-02-14 13:21:47,075: [sensor/tactile_pressure-2] sending SIGINT to pgid [1152]
[roslaunch][INFO] 2022-02-14 13:21:47,075: [sensor/tactile_pressure-2] sent SIGINT to pgid [1152]
[roslaunch][INFO] 2022-02-14 13:21:47,275: process[sensor/tactile_pressure-2]: SIGINT killed with return value 0
[roslaunch.pmon][INFO] 2022-02-14 13:21:47,276: ProcessMonitor exit: killing rosout-1
[roslaunch][INFO] 2022-02-14 13:21:47,276: [rosout-1] killing on exit
[roslaunch][INFO] 2022-02-14 13:21:47,276: process[rosout-1]: killing os process with pid[1149] pgid[1149]
[roslaunch][INFO] 2022-02-14 13:21:47,277: [rosout-1] sending SIGINT to pgid [1149]
[roslaunch][INFO] 2022-02-14 13:21:47,277: [rosout-1] sent SIGINT to pgid [1149]
[roslaunch][INFO] 2022-02-14 13:21:47,377: process[rosout-1]: SIGINT killed with return value 0
[roslaunch.pmon][INFO] 2022-02-14 13:21:47,378: ProcessMonitor exit: killing master
[roslaunch][INFO] 2022-02-14 13:21:47,378: [master] killing on exit
[roslaunch][INFO] 2022-02-14 13:21:47,378: process[master]: killing os process with pid[1138] pgid[1138]
[roslaunch][INFO] 2022-02-14 13:21:47,378: [master] sending SIGINT to pgid [1138]
[roslaunch][INFO] 2022-02-14 13:21:47,378: [master] sent SIGINT to pgid [1138]
[roslaunch][INFO] 2022-02-14 13:21:47,579: process[master]: SIGINT killed with return value 0
[roslaunch.pmon][INFO] 2022-02-14 13:21:47,579: ProcessMonitor exit: cleaning up data structures and signals
[roslaunch.pmon][INFO] 2022-02-14 13:21:47,579: ProcessMonitor exit: pmon has shutdown
[roslaunch][INFO] 2022-02-14 13:21:47,594: process monitor is done spinning, initiating full shutdown
[roslaunch][INFO] 2022-02-14 13:21:47,594: runner.stop()
[roslaunch][INFO] 2022-02-14 13:21:47,594: shutting down processing monitor...
[roslaunch][INFO] 2022-02-14 13:21:47,594: shutting down processing monitor <ProcessMonitor(ProcessMonitor-1, stopped daemon 140686160615168)>
[roslaunch.pmon][INFO] 2022-02-14 13:21:47,594: ProcessMonitor.shutdown <ProcessMonitor(ProcessMonitor-1, stopped daemon 140686160615168)>
[roslaunch][INFO] 2022-02-14 13:21:47,594: ... shutting down processing monitor complete
[roslaunch][INFO] 2022-02-14 13:21:47,594: done
[roslaunch.pmon][INFO] 2022-02-14 13:21:47,595: ProcessMonitor.shutdown <ProcessMonitor(ProcessMonitor-1, stopped daemon 140686160615168)>
[rospy.core][INFO] 2022-02-14 13:21:47,595: signal_shutdown [atexit]
