[roslaunch][INFO] 2021-12-21 12:55:34,781: Checking log directory for disk usage. This may take a while.
Press Ctrl-C to interrupt
[roslaunch][INFO] 2021-12-21 12:55:34,784: Done checking log file disk usage. Usage is <1GB.
[roslaunch][INFO] 2021-12-21 12:55:34,784: roslaunch starting with args ['/opt/ros/melodic/bin/roslaunch', 'tactile_pressure_sensor', 'run_tactile_pressure.launch']
[roslaunch][INFO] 2021-12-21 12:55:34,784: roslaunch env is {'ROS_DISTRO': 'melodic', 'ROSLISP_PACKAGE_DIRECTORIES': '/home/ros/catkin_ws/devel/share/common-lisp', 'HOME': '/home/ros', 'PATH': '/opt/ros/melodic/bin:/usr/local/sbin:/usr/local/bin:/usr/sbin:/usr/bin:/sbin:/bin', 'ROS_PACKAGE_PATH': '/home/ros/catkin_ws/src:/opt/ros/melodic/share', 'CMAKE_PREFIX_PATH': '/home/ros/catkin_ws/devel:/opt/ros/melodic', 'LD_LIBRARY_PATH': '/home/ros/catkin_ws/devel/lib:/opt/ros/melodic/lib', 'LANG': 'C.UTF-8', 'TERM': 'xterm', 'ROS_LOG_FILENAME': '/home/ros/.ros/log/258f002a-625d-11ec-a957-7c507959f385/roslaunch-FM00351-u-181.log', 'SHLVL': '1', 'DISPLAY': ':0', 'UNAME': 'ros', 'ROS_MASTER_URI': 'http://localhost:11311', 'ROS_PYTHON_VERSION': '2', 'PYTHONPATH': '/home/ros/catkin_ws/devel/lib/python2.7/dist-packages:/opt/ros/melodic/lib/python2.7/dist-packages', 'QT_X11_NO_MITSHM': '1', 'ROS_ROOT': '/opt/ros/melodic/share/ros', 'PKG_CONFIG_PATH': '/home/ros/catkin_ws/devel/lib/pkgconfig:/opt/ros/melodic/lib/pkgconfig', 'LC_ALL': 'C.UTF-8', '_': '/opt/ros/melodic/bin/roslaunch', 'OLDPWD': '/home/ros', 'HOSTNAME': 'FM00351-u', 'PWD': '/home/ros/catkin_ws', 'ROS_ETC_DIR': '/opt/ros/melodic/etc/ros', 'ROS_VERSION': '1'}
[roslaunch][INFO] 2021-12-21 12:55:34,784: starting in server mode
[roslaunch.parent][INFO] 2021-12-21 12:55:34,784: starting roslaunch parent run
[roslaunch][INFO] 2021-12-21 12:55:34,784: loading roscore config file /opt/ros/melodic/etc/ros/roscore.xml
[roslaunch][INFO] 2021-12-21 12:55:34,987: Added core node of type [rosout/rosout] in namespace [/]
[roslaunch.config][INFO] 2021-12-21 12:55:34,987: loading config file /home/ros/catkin_ws/src/tactile_pressure_sensor/launch/run_tactile_pressure.launch
[roslaunch][INFO] 2021-12-21 12:55:34,987: Added node of type [rosserial_arduino/serial_node.py] in namespace [/sensor/]
[roslaunch][INFO] 2021-12-21 12:55:34,988: Added node of type [tactile_pressure_sensor/pressure_LocAndForceEstimation.py] in namespace [/sensor/]
[roslaunch][INFO] 2021-12-21 12:55:34,988: ... selected machine [] for node of type [rosserial_arduino/serial_node.py]
[roslaunch][INFO] 2021-12-21 12:55:34,988: ... selected machine [] for node of type [tactile_pressure_sensor/pressure_LocAndForceEstimation.py]
[roslaunch.pmon][INFO] 2021-12-21 12:55:34,988: start_process_monitor: creating ProcessMonitor
[roslaunch.pmon][INFO] 2021-12-21 12:55:34,988: created process monitor <ProcessMonitor(ProcessMonitor-1, initial daemon)>
[roslaunch.pmon][INFO] 2021-12-21 12:55:34,989: start_process_monitor: ProcessMonitor started
[roslaunch.parent][INFO] 2021-12-21 12:55:34,989: starting parent XML-RPC server
[roslaunch.server][INFO] 2021-12-21 12:55:34,989: starting roslaunch XML-RPC server
[roslaunch.server][INFO] 2021-12-21 12:55:34,989: waiting for roslaunch XML-RPC server to initialize
[xmlrpc][INFO] 2021-12-21 12:55:34,989: XML-RPC server binding to 0.0.0.0:0
[xmlrpc][INFO] 2021-12-21 12:55:34,989: Started XML-RPC server [http://FM00351-u:33681/]
[xmlrpc][INFO] 2021-12-21 12:55:34,989: xml rpc node: starting XML-RPC server
[roslaunch][INFO] 2021-12-21 12:55:35,000: started roslaunch server http://FM00351-u:33681/
[roslaunch.parent][INFO] 2021-12-21 12:55:35,000: ... parent XML-RPC server started
[roslaunch][INFO] 2021-12-21 12:55:35,000: master.is_running[http://localhost:11311]
[roslaunch][INFO] 2021-12-21 12:55:35,001: master.is_running[http://localhost:11311]
[roslaunch][INFO] 2021-12-21 12:55:35,002: ROS_MASTER_URI=http://localhost:11311
[roslaunch][INFO] 2021-12-21 12:55:35,003: setting /roslaunch/uris/host_fm00351_u__33681' to http://FM00351-u:33681/
[roslaunch][INFO] 2021-12-21 12:55:35,003: load_parameters starting ...
[roslaunch][INFO] 2021-12-21 12:55:35,005: ... load_parameters complete
[roslaunch][INFO] 2021-12-21 12:55:35,005: launch_nodes: launching local nodes ...
[roslaunch][INFO] 2021-12-21 12:55:35,005: ... preparing to launch node of type [rosserial_arduino/serial_node.py]
[roslaunch][INFO] 2021-12-21 12:55:35,005: create_node_process: package[rosserial_arduino] type[serial_node.py] machine[Machine(name[] env_loader[None] address[localhost] ssh_port[22] user[None] assignable[True] timeout[10.0])] master_uri[http://localhost:11311]
[roslaunch][INFO] 2021-12-21 12:55:35,005: process[sensor/tactile_pressure-1]: env[{'ROS_DISTRO': 'melodic', 'ROSLISP_PACKAGE_DIRECTORIES': '/home/ros/catkin_ws/devel/share/common-lisp', 'LD_LIBRARY_PATH': '/home/ros/catkin_ws/devel/lib:/opt/ros/melodic/lib', 'ROS_PACKAGE_PATH': '/home/ros/catkin_ws/src:/opt/ros/melodic/share', 'PATH': '/opt/ros/melodic/bin:/usr/local/sbin:/usr/local/bin:/usr/sbin:/usr/bin:/sbin:/bin', 'CMAKE_PREFIX_PATH': '/home/ros/catkin_ws/devel:/opt/ros/melodic', 'ROS_LOG_FILENAME': '/home/ros/.ros/log/258f002a-625d-11ec-a957-7c507959f385/roslaunch-FM00351-u-181.log', 'LANG': 'C.UTF-8', 'TERM': 'xterm', 'SHLVL': '1', 'DISPLAY': ':0', 'UNAME': 'ros', 'ROS_ETC_DIR': '/opt/ros/melodic/etc/ros', 'HOME': '/home/ros', 'ROS_PYTHON_VERSION': '2', 'PYTHONPATH': '/home/ros/catkin_ws/devel/lib/python2.7/dist-packages:/opt/ros/melodic/lib/python2.7/dist-packages', 'QT_X11_NO_MITSHM': '1', 'ROS_ROOT': '/opt/ros/melodic/share/ros', 'PKG_CONFIG_PATH': '/home/ros/catkin_ws/devel/lib/pkgconfig:/opt/ros/melodic/lib/pkgconfig', 'LC_ALL': 'C.UTF-8', 'ROS_NAMESPACE': '/sensor', '_': '/opt/ros/melodic/bin/roslaunch', 'OLDPWD': '/home/ros', 'HOSTNAME': 'FM00351-u', 'PWD': '/home/ros/catkin_ws', 'ROS_MASTER_URI': 'http://localhost:11311', 'ROS_VERSION': '1'}]
[roslaunch][INFO] 2021-12-21 12:55:35,033: process[sensor/tactile_pressure-1]: args[[u'/opt/ros/melodic/share/rosserial_arduino/serial_node.py', u'/sensor/Pressure:=/sensor/pressure_data', u'__name:=tactile_pressure']]
[roslaunch][INFO] 2021-12-21 12:55:35,033: ... created process [sensor/tactile_pressure-1]
[roslaunch.pmon][INFO] 2021-12-21 12:55:35,034: ProcessMonitor.register[sensor/tactile_pressure-1]
[roslaunch.pmon][INFO] 2021-12-21 12:55:35,034: ProcessMonitor.register[sensor/tactile_pressure-1] complete
[roslaunch][INFO] 2021-12-21 12:55:35,034: ... registered process [sensor/tactile_pressure-1]
[roslaunch][INFO] 2021-12-21 12:55:35,034: process[sensor/tactile_pressure-1]: starting os process
[roslaunch][INFO] 2021-12-21 12:55:35,034: process[sensor/tactile_pressure-1]: start w/ args [[u'/opt/ros/melodic/share/rosserial_arduino/serial_node.py', u'/sensor/Pressure:=/sensor/pressure_data', u'__name:=tactile_pressure', u'__log:=/home/ros/.ros/log/258f002a-625d-11ec-a957-7c507959f385/sensor-tactile_pressure-1.log']]
[roslaunch][INFO] 2021-12-21 12:55:35,034: process[sensor/tactile_pressure-1]: cwd will be [/home/ros/.ros]
[roslaunch][INFO] 2021-12-21 12:55:35,099: process[sensor/tactile_pressure-1]: started with pid [196]
[roslaunch][INFO] 2021-12-21 12:55:35,099: ... successfully launched [sensor/tactile_pressure-1]
[roslaunch][INFO] 2021-12-21 12:55:35,099: ... preparing to launch node of type [tactile_pressure_sensor/pressure_LocAndForceEstimation.py]
[roslaunch][INFO] 2021-12-21 12:55:35,100: create_node_process: package[tactile_pressure_sensor] type[pressure_LocAndForceEstimation.py] machine[Machine(name[] env_loader[None] address[localhost] ssh_port[22] user[None] assignable[True] timeout[10.0])] master_uri[http://localhost:11311]
[roslaunch][INFO] 2021-12-21 12:55:35,100: process[sensor/process_tactile_pressure-2]: env[{'ROS_DISTRO': 'melodic', 'ROSLISP_PACKAGE_DIRECTORIES': '/home/ros/catkin_ws/devel/share/common-lisp', 'LD_LIBRARY_PATH': '/home/ros/catkin_ws/devel/lib:/opt/ros/melodic/lib', 'ROS_PACKAGE_PATH': '/home/ros/catkin_ws/src:/opt/ros/melodic/share', 'PATH': '/opt/ros/melodic/bin:/usr/local/sbin:/usr/local/bin:/usr/sbin:/usr/bin:/sbin:/bin', 'CMAKE_PREFIX_PATH': '/home/ros/catkin_ws/devel:/opt/ros/melodic', 'ROS_LOG_FILENAME': '/home/ros/.ros/log/258f002a-625d-11ec-a957-7c507959f385/roslaunch-FM00351-u-181.log', 'LANG': 'C.UTF-8', 'TERM': 'xterm', 'SHLVL': '1', 'DISPLAY': ':0', 'UNAME': 'ros', 'ROS_ETC_DIR': '/opt/ros/melodic/etc/ros', 'HOME': '/home/ros', 'ROS_PYTHON_VERSION': '2', 'PYTHONPATH': '/home/ros/catkin_ws/devel/lib/python2.7/dist-packages:/opt/ros/melodic/lib/python2.7/dist-packages', 'QT_X11_NO_MITSHM': '1', 'ROS_ROOT': '/opt/ros/melodic/share/ros', 'PKG_CONFIG_PATH': '/home/ros/catkin_ws/devel/lib/pkgconfig:/opt/ros/melodic/lib/pkgconfig', 'LC_ALL': 'C.UTF-8', 'ROS_NAMESPACE': '/sensor', '_': '/opt/ros/melodic/bin/roslaunch', 'OLDPWD': '/home/ros', 'HOSTNAME': 'FM00351-u', 'PWD': '/home/ros/catkin_ws', 'ROS_MASTER_URI': 'http://localhost:11311', 'ROS_VERSION': '1'}]
[roslaunch][INFO] 2021-12-21 12:55:35,100: process[sensor/process_tactile_pressure-2]: args[[u'/home/ros/catkin_ws/src/tactile_pressure_sensor/src/pressure_LocAndForceEstimation.py', u'/sensor/pressure_data:=/sensor/pressure_data', u'estimated_ForceAndLoc:=/sensor/estimated_ForceAndLoc', u'__name:=process_tactile_pressure']]
[roslaunch][INFO] 2021-12-21 12:55:35,100: ... created process [sensor/process_tactile_pressure-2]
[roslaunch.pmon][INFO] 2021-12-21 12:55:35,100: ProcessMonitor.register[sensor/process_tactile_pressure-2]
[roslaunch.pmon][INFO] 2021-12-21 12:55:35,100: ProcessMonitor.register[sensor/process_tactile_pressure-2] complete
[roslaunch][INFO] 2021-12-21 12:55:35,100: ... registered process [sensor/process_tactile_pressure-2]
[roslaunch][INFO] 2021-12-21 12:55:35,101: process[sensor/process_tactile_pressure-2]: starting os process
[roslaunch][INFO] 2021-12-21 12:55:35,101: process[sensor/process_tactile_pressure-2]: start w/ args [[u'/home/ros/catkin_ws/src/tactile_pressure_sensor/src/pressure_LocAndForceEstimation.py', u'/sensor/pressure_data:=/sensor/pressure_data', u'estimated_ForceAndLoc:=/sensor/estimated_ForceAndLoc', u'__name:=process_tactile_pressure', u'__log:=/home/ros/.ros/log/258f002a-625d-11ec-a957-7c507959f385/sensor-process_tactile_pressure-2.log']]
[roslaunch][INFO] 2021-12-21 12:55:35,101: process[sensor/process_tactile_pressure-2]: cwd will be [/home/ros/.ros]
[roslaunch][INFO] 2021-12-21 12:55:35,166: process[sensor/process_tactile_pressure-2]: started with pid [197]
[roslaunch][INFO] 2021-12-21 12:55:35,166: ... successfully launched [sensor/process_tactile_pressure-2]
[roslaunch][INFO] 2021-12-21 12:55:35,166: ... launch_nodes complete
[roslaunch.pmon][INFO] 2021-12-21 12:55:35,166: registrations completed <ProcessMonitor(ProcessMonitor-1, started daemon 140450284623616)>
[roslaunch.parent][INFO] 2021-12-21 12:55:35,166: ... roslaunch parent running, waiting for process exit
[roslaunch][INFO] 2021-12-21 12:55:35,166: spin
[roslaunch][INFO] 2021-12-21 12:55:39,501: [sensor/process_tactile_pressure-2] process has finished cleanly
log file: /home/ros/.ros/log/258f002a-625d-11ec-a957-7c507959f385/sensor-process_tactile_pressure-2*.log
[roslaunch.pmon][INFO] 2021-12-21 12:55:39,501: ProcessMonitor.unregister[sensor/process_tactile_pressure-2] starting
[roslaunch.pmon][INFO] 2021-12-21 12:55:39,502: ProcessMonitor.unregister[sensor/process_tactile_pressure-2] complete
[roslaunch.pmon][INFO] 2021-12-21 12:55:54,918: ProcessMonitor.shutdown <ProcessMonitor(ProcessMonitor-1, started daemon 140450284623616)>
[roslaunch.pmon][INFO] 2021-12-21 12:55:54,942: ProcessMonitor._post_run <ProcessMonitor(ProcessMonitor-1, started daemon 140450284623616)>
[roslaunch.pmon][INFO] 2021-12-21 12:55:54,942: ProcessMonitor._post_run <ProcessMonitor(ProcessMonitor-1, started daemon 140450284623616)>: remaining procs are [<roslaunch.nodeprocess.LocalProcess object at 0x7fbd2175add0>]
[roslaunch.pmon][INFO] 2021-12-21 12:55:54,943: ProcessMonitor exit: killing sensor/tactile_pressure-1
[roslaunch][INFO] 2021-12-21 12:55:54,943: [sensor/tactile_pressure-1] killing on exit
[roslaunch][INFO] 2021-12-21 12:55:54,943: process[sensor/tactile_pressure-1]: killing os process with pid[196] pgid[196]
[roslaunch][INFO] 2021-12-21 12:55:54,943: [sensor/tactile_pressure-1] sending SIGINT to pgid [196]
[roslaunch][INFO] 2021-12-21 12:55:54,943: [sensor/tactile_pressure-1] sent SIGINT to pgid [196]
[roslaunch][INFO] 2021-12-21 12:55:55,143: process[sensor/tactile_pressure-1]: SIGINT killed with return value 0
[roslaunch.pmon][INFO] 2021-12-21 12:55:55,144: ProcessMonitor exit: cleaning up data structures and signals
[roslaunch.pmon][INFO] 2021-12-21 12:55:55,144: ProcessMonitor exit: pmon has shutdown
[roslaunch][INFO] 2021-12-21 12:55:55,182: process monitor is done spinning, initiating full shutdown
[roslaunch][INFO] 2021-12-21 12:55:55,182: runner.stop()
[roslaunch][INFO] 2021-12-21 12:55:55,182: shutting down processing monitor...
[roslaunch][INFO] 2021-12-21 12:55:55,182: shutting down processing monitor <ProcessMonitor(ProcessMonitor-1, stopped daemon 140450284623616)>
[roslaunch.pmon][INFO] 2021-12-21 12:55:55,182: ProcessMonitor.shutdown <ProcessMonitor(ProcessMonitor-1, stopped daemon 140450284623616)>
[roslaunch][INFO] 2021-12-21 12:55:55,182: ... shutting down processing monitor complete
[roslaunch][INFO] 2021-12-21 12:55:55,182: done
[roslaunch.pmon][INFO] 2021-12-21 12:55:55,182: ProcessMonitor.shutdown <ProcessMonitor(ProcessMonitor-1, stopped daemon 140450284623616)>
[rospy.core][INFO] 2021-12-21 12:55:55,182: signal_shutdown [atexit]
