[roslaunch][INFO] 2022-02-14 15:10:26,856: Checking log directory for disk usage. This may take a while.
Press Ctrl-C to interrupt
[roslaunch][INFO] 2022-02-14 15:10:26,859: Done checking log file disk usage. Usage is <1GB.
[roslaunch][INFO] 2022-02-14 15:10:26,859: roslaunch starting with args ['/opt/ros/melodic/bin/roslaunch', 'module_gripper', 'gripper.launch']
[roslaunch][INFO] 2022-02-14 15:10:26,859: roslaunch env is {'ROS_DISTRO': 'melodic', 'ROSLISP_PACKAGE_DIRECTORIES': '/home/ros/catkin_ws/devel/share/common-lisp', 'HOME': '/home/ros', 'PATH': '/opt/ros/melodic/bin:/usr/local/sbin:/usr/local/bin:/usr/sbin:/usr/bin:/sbin:/bin', 'ROS_PACKAGE_PATH': '/home/ros/catkin_ws/src:/opt/ros/melodic/share', 'CMAKE_PREFIX_PATH': '/home/ros/catkin_ws/devel:/opt/ros/melodic', 'LD_LIBRARY_PATH': '/home/ros/catkin_ws/devel/lib:/opt/ros/melodic/lib', 'LANG': 'C.UTF-8', 'TERM': 'xterm', 'ROS_LOG_FILENAME': '/home/ros/.ros/log/3d866be8-8da8-11ec-b2a3-7c507959f385/roslaunch-FM00351-u-881.log', 'SHLVL': '2', 'DISPLAY': ':0', 'UNAME': 'ros', 'ROS_MASTER_URI': 'http://localhost:11311', 'ROS_PYTHON_VERSION': '2', 'PYTHONPATH': '/home/ros/catkin_ws/devel/lib/python2.7/dist-packages:/opt/ros/melodic/lib/python2.7/dist-packages', 'QT_X11_NO_MITSHM': '1', 'ROS_ROOT': '/opt/ros/melodic/share/ros', 'PKG_CONFIG_PATH': '/home/ros/catkin_ws/devel/lib/pkgconfig:/opt/ros/melodic/lib/pkgconfig', 'LC_ALL': 'C.UTF-8', '_': '/opt/ros/melodic/bin/roslaunch', 'OLDPWD': '/home/ros', 'HOSTNAME': 'FM00351-u', 'PWD': '/home/ros/catkin_ws', 'ROS_ETC_DIR': '/opt/ros/melodic/etc/ros', 'ROS_VERSION': '1'}
[roslaunch][INFO] 2022-02-14 15:10:26,859: starting in server mode
[roslaunch.parent][INFO] 2022-02-14 15:10:26,859: starting roslaunch parent run
[roslaunch][INFO] 2022-02-14 15:10:26,859: loading roscore config file /opt/ros/melodic/etc/ros/roscore.xml
[roslaunch][INFO] 2022-02-14 15:10:27,156: Added core node of type [rosout/rosout] in namespace [/]
[roslaunch.config][INFO] 2022-02-14 15:10:27,156: loading config file /home/ros/catkin_ws/src/fm_gripper_module/launch/gripper.launch
[roslaunch][INFO] 2022-02-14 15:10:27,156: Added node of type [module_gripper/gripper_action_server] in namespace [/]
[roslaunch][INFO] 2022-02-14 15:10:27,156: ... selected machine [] for node of type [module_gripper/gripper_action_server]
[roslaunch.pmon][INFO] 2022-02-14 15:10:27,157: start_process_monitor: creating ProcessMonitor
[roslaunch.pmon][INFO] 2022-02-14 15:10:27,157: created process monitor <ProcessMonitor(ProcessMonitor-1, initial daemon)>
[roslaunch.pmon][INFO] 2022-02-14 15:10:27,157: start_process_monitor: ProcessMonitor started
[roslaunch.parent][INFO] 2022-02-14 15:10:27,157: starting parent XML-RPC server
[roslaunch.server][INFO] 2022-02-14 15:10:27,157: starting roslaunch XML-RPC server
[roslaunch.server][INFO] 2022-02-14 15:10:27,157: waiting for roslaunch XML-RPC server to initialize
[xmlrpc][INFO] 2022-02-14 15:10:27,157: XML-RPC server binding to 0.0.0.0:0
[xmlrpc][INFO] 2022-02-14 15:10:27,158: Started XML-RPC server [http://FM00351-u:35007/]
[xmlrpc][INFO] 2022-02-14 15:10:27,158: xml rpc node: starting XML-RPC server
[roslaunch][INFO] 2022-02-14 15:10:27,168: started roslaunch server http://FM00351-u:35007/
[roslaunch.parent][INFO] 2022-02-14 15:10:27,169: ... parent XML-RPC server started
[roslaunch][INFO] 2022-02-14 15:10:27,169: master.is_running[http://localhost:11311]
[roslaunch][INFO] 2022-02-14 15:10:27,169: auto-starting new master
[roslaunch][INFO] 2022-02-14 15:10:27,169: create_master_process: rosmaster, /opt/ros/melodic/share/ros, 11311, 3, None, False
[roslaunch][INFO] 2022-02-14 15:10:27,169: process[master]: launching with args [['rosmaster', '--core', '-p', '11311', '-w', '3']]
[roslaunch.pmon][INFO] 2022-02-14 15:10:27,169: ProcessMonitor.register[master]
[roslaunch.pmon][INFO] 2022-02-14 15:10:27,169: ProcessMonitor.register[master] complete
[roslaunch][INFO] 2022-02-14 15:10:27,169: process[master]: starting os process
[roslaunch][INFO] 2022-02-14 15:10:27,169: process[master]: start w/ args [['rosmaster', '--core', '-p', '11311', '-w', '3', '__log:=/home/ros/.ros/log/3d866be8-8da8-11ec-b2a3-7c507959f385/master.log']]
[roslaunch][INFO] 2022-02-14 15:10:27,169: process[master]: cwd will be [/home/ros/.ros]
[roslaunch][INFO] 2022-02-14 15:10:27,234: process[master]: started with pid [891]
[roslaunch][INFO] 2022-02-14 15:10:27,234: master.is_running[http://localhost:11311]
[roslaunch][INFO] 2022-02-14 15:10:27,335: master.is_running[http://localhost:11311]
[roslaunch][INFO] 2022-02-14 15:10:27,435: master.is_running[http://localhost:11311]
[roslaunch][INFO] 2022-02-14 15:10:27,437: master.is_running[http://localhost:11311]
[roslaunch][INFO] 2022-02-14 15:10:27,438: ROS_MASTER_URI=http://localhost:11311
[roslaunch][INFO] 2022-02-14 15:10:27,440: setting /run_id to 3d866be8-8da8-11ec-b2a3-7c507959f385
[roslaunch][INFO] 2022-02-14 15:10:27,441: setting /roslaunch/uris/host_fm00351_u__35007' to http://FM00351-u:35007/
[roslaunch][INFO] 2022-02-14 15:10:27,442: ... preparing to launch node of type [rosout/rosout]
[roslaunch][INFO] 2022-02-14 15:10:27,442: create_node_process: package[rosout] type[rosout] machine[Machine(name[] env_loader[None] address[localhost] ssh_port[22] user[None] assignable[True] timeout[10.0])] master_uri[http://localhost:11311]
[roslaunch][INFO] 2022-02-14 15:10:27,442: process[rosout-1]: env[{'ROS_DISTRO': 'melodic', 'ROSLISP_PACKAGE_DIRECTORIES': '/home/ros/catkin_ws/devel/share/common-lisp', 'LD_LIBRARY_PATH': '/home/ros/catkin_ws/devel/lib:/opt/ros/melodic/lib', 'ROS_PACKAGE_PATH': '/home/ros/catkin_ws/src:/opt/ros/melodic/share', 'PATH': '/opt/ros/melodic/bin:/usr/local/sbin:/usr/local/bin:/usr/sbin:/usr/bin:/sbin:/bin', 'CMAKE_PREFIX_PATH': '/home/ros/catkin_ws/devel:/opt/ros/melodic', 'ROS_LOG_FILENAME': '/home/ros/.ros/log/3d866be8-8da8-11ec-b2a3-7c507959f385/roslaunch-FM00351-u-881.log', 'LANG': 'C.UTF-8', 'TERM': 'xterm', 'SHLVL': '2', 'DISPLAY': ':0', 'UNAME': 'ros', 'ROS_ETC_DIR': '/opt/ros/melodic/etc/ros', 'HOME': '/home/ros', 'ROS_PYTHON_VERSION': '2', 'PYTHONPATH': '/home/ros/catkin_ws/devel/lib/python2.7/dist-packages:/opt/ros/melodic/lib/python2.7/dist-packages', 'QT_X11_NO_MITSHM': '1', 'ROS_ROOT': '/opt/ros/melodic/share/ros', 'PKG_CONFIG_PATH': '/home/ros/catkin_ws/devel/lib/pkgconfig:/opt/ros/melodic/lib/pkgconfig', 'LC_ALL': 'C.UTF-8', '_': '/opt/ros/melodic/bin/roslaunch', 'OLDPWD': '/home/ros', 'HOSTNAME': 'FM00351-u', 'PWD': '/home/ros/catkin_ws', 'ROS_MASTER_URI': 'http://localhost:11311', 'ROS_VERSION': '1'}]
[roslaunch][INFO] 2022-02-14 15:10:27,638: process[rosout-1]: args[[u'/opt/ros/melodic/lib/rosout/rosout', u'__name:=rosout']]
[roslaunch][INFO] 2022-02-14 15:10:27,638: ... created process [rosout-1]
[roslaunch.pmon][INFO] 2022-02-14 15:10:27,638: ProcessMonitor.register[rosout-1]
[roslaunch.pmon][INFO] 2022-02-14 15:10:27,638: ProcessMonitor.register[rosout-1] complete
[roslaunch][INFO] 2022-02-14 15:10:27,638: ... registered process [rosout-1]
[roslaunch][INFO] 2022-02-14 15:10:27,638: process[rosout-1]: starting os process
[roslaunch][INFO] 2022-02-14 15:10:27,638: process[rosout-1]: start w/ args [[u'/opt/ros/melodic/lib/rosout/rosout', u'__name:=rosout', u'__log:=/home/ros/.ros/log/3d866be8-8da8-11ec-b2a3-7c507959f385/rosout-1.log']]
[roslaunch][INFO] 2022-02-14 15:10:27,638: process[rosout-1]: cwd will be [/home/ros/.ros]
[roslaunch][INFO] 2022-02-14 15:10:27,703: process[rosout-1]: started with pid [902]
[roslaunch][INFO] 2022-02-14 15:10:27,703: ... successfully launched [rosout-1]
[roslaunch][INFO] 2022-02-14 15:10:27,703: load_parameters starting ...
[roslaunch][INFO] 2022-02-14 15:10:27,705: ... load_parameters complete
[roslaunch][INFO] 2022-02-14 15:10:27,705: launch_nodes: launching local nodes ...
[roslaunch][INFO] 2022-02-14 15:10:27,705: ... preparing to launch node of type [module_gripper/gripper_action_server]
[roslaunch][INFO] 2022-02-14 15:10:27,705: create_node_process: package[module_gripper] type[gripper_action_server] machine[Machine(name[] env_loader[None] address[localhost] ssh_port[22] user[None] assignable[True] timeout[10.0])] master_uri[http://localhost:11311]
[roslaunch][INFO] 2022-02-14 15:10:27,705: process[frogs-2]: env[{'ROS_DISTRO': 'melodic', 'ROSLISP_PACKAGE_DIRECTORIES': '/home/ros/catkin_ws/devel/share/common-lisp', 'LD_LIBRARY_PATH': '/home/ros/catkin_ws/devel/lib:/opt/ros/melodic/lib', 'ROS_PACKAGE_PATH': '/home/ros/catkin_ws/src:/opt/ros/melodic/share', 'PATH': '/opt/ros/melodic/bin:/usr/local/sbin:/usr/local/bin:/usr/sbin:/usr/bin:/sbin:/bin', 'CMAKE_PREFIX_PATH': '/home/ros/catkin_ws/devel:/opt/ros/melodic', 'ROS_LOG_FILENAME': '/home/ros/.ros/log/3d866be8-8da8-11ec-b2a3-7c507959f385/roslaunch-FM00351-u-881.log', 'LANG': 'C.UTF-8', 'TERM': 'xterm', 'SHLVL': '2', 'DISPLAY': ':0', 'UNAME': 'ros', 'ROS_ETC_DIR': '/opt/ros/melodic/etc/ros', 'HOME': '/home/ros', 'ROS_PYTHON_VERSION': '2', 'PYTHONPATH': '/home/ros/catkin_ws/devel/lib/python2.7/dist-packages:/opt/ros/melodic/lib/python2.7/dist-packages', 'QT_X11_NO_MITSHM': '1', 'ROS_ROOT': '/opt/ros/melodic/share/ros', 'PKG_CONFIG_PATH': '/home/ros/catkin_ws/devel/lib/pkgconfig:/opt/ros/melodic/lib/pkgconfig', 'LC_ALL': 'C.UTF-8', '_': '/opt/ros/melodic/bin/roslaunch', 'OLDPWD': '/home/ros', 'HOSTNAME': 'FM00351-u', 'PWD': '/home/ros/catkin_ws', 'ROS_MASTER_URI': 'http://localhost:11311', 'ROS_VERSION': '1'}]
[roslaunch][INFO] 2022-02-14 15:10:27,706: process[frogs-2]: args[[u'/home/ros/catkin_ws/src/fm_gripper_module/src/fm_gripper_module/gripper_action_server', u'__name:=frogs']]
[roslaunch][INFO] 2022-02-14 15:10:27,706: ... created process [frogs-2]
[roslaunch.pmon][INFO] 2022-02-14 15:10:27,706: ProcessMonitor.register[frogs-2]
[roslaunch.pmon][INFO] 2022-02-14 15:10:27,706: ProcessMonitor.register[frogs-2] complete
[roslaunch][INFO] 2022-02-14 15:10:27,706: ... registered process [frogs-2]
[roslaunch][INFO] 2022-02-14 15:10:27,706: process[frogs-2]: starting os process
[roslaunch][INFO] 2022-02-14 15:10:27,706: process[frogs-2]: start w/ args [[u'/home/ros/catkin_ws/src/fm_gripper_module/src/fm_gripper_module/gripper_action_server', u'__name:=frogs', u'__log:=/home/ros/.ros/log/3d866be8-8da8-11ec-b2a3-7c507959f385/frogs-2.log']]
[roslaunch][INFO] 2022-02-14 15:10:27,706: process[frogs-2]: cwd will be [/home/ros/.ros]
[roslaunch][INFO] 2022-02-14 15:10:27,770: process[frogs-2]: started with pid [905]
[roslaunch][INFO] 2022-02-14 15:10:27,771: ... successfully launched [frogs-2]
[roslaunch][INFO] 2022-02-14 15:10:27,771: ... launch_nodes complete
[roslaunch.pmon][INFO] 2022-02-14 15:10:27,771: registrations completed <ProcessMonitor(ProcessMonitor-1, started daemon 140175659960064)>
[roslaunch.parent][INFO] 2022-02-14 15:10:27,771: ... roslaunch parent running, waiting for process exit
[roslaunch][INFO] 2022-02-14 15:10:27,771: spin
[roslaunch.pmon][INFO] 2022-02-14 15:12:32,115: ProcessMonitor.shutdown <ProcessMonitor(ProcessMonitor-1, started daemon 140175659960064)>
[roslaunch.pmon][INFO] 2022-02-14 15:12:32,129: ProcessMonitor._post_run <ProcessMonitor(ProcessMonitor-1, started daemon 140175659960064)>
[roslaunch.pmon][INFO] 2022-02-14 15:12:32,130: ProcessMonitor._post_run <ProcessMonitor(ProcessMonitor-1, started daemon 140175659960064)>: remaining procs are [<roslaunch.nodeprocess.LocalProcess object at 0x7f7d30954ed0>, <roslaunch.nodeprocess.LocalProcess object at 0x7f7d30de2c50>, <roslaunch.nodeprocess.LocalProcess object at 0x7f7d308bc5d0>]
[roslaunch.pmon][INFO] 2022-02-14 15:12:32,130: ProcessMonitor exit: killing frogs-2
[roslaunch][INFO] 2022-02-14 15:12:32,131: [frogs-2] killing on exit
[roslaunch][INFO] 2022-02-14 15:12:32,132: process[frogs-2]: killing os process with pid[905] pgid[905]
[roslaunch][INFO] 2022-02-14 15:12:32,132: [frogs-2] sending SIGINT to pgid [905]
[roslaunch][INFO] 2022-02-14 15:12:32,133: [frogs-2] sent SIGINT to pgid [905]
[roslaunch][INFO] 2022-02-14 15:12:32,334: process[frogs-2]: SIGINT killed with return value 0
[roslaunch.pmon][INFO] 2022-02-14 15:12:32,334: ProcessMonitor exit: killing rosout-1
[roslaunch][INFO] 2022-02-14 15:12:32,334: [rosout-1] killing on exit
[roslaunch][INFO] 2022-02-14 15:12:32,334: process[rosout-1]: killing os process with pid[902] pgid[902]
[roslaunch][INFO] 2022-02-14 15:12:32,334: [rosout-1] sending SIGINT to pgid [902]
[roslaunch][INFO] 2022-02-14 15:12:32,334: [rosout-1] sent SIGINT to pgid [902]
[roslaunch][INFO] 2022-02-14 15:12:32,435: process[rosout-1]: SIGINT killed with return value 0
[roslaunch.pmon][INFO] 2022-02-14 15:12:32,435: ProcessMonitor exit: killing master
[roslaunch][INFO] 2022-02-14 15:12:32,435: [master] killing on exit
[roslaunch][INFO] 2022-02-14 15:12:32,435: process[master]: killing os process with pid[891] pgid[891]
[roslaunch][INFO] 2022-02-14 15:12:32,435: [master] sending SIGINT to pgid [891]
[roslaunch][INFO] 2022-02-14 15:12:32,435: [master] sent SIGINT to pgid [891]
[roslaunch][INFO] 2022-02-14 15:12:32,636: process[master]: SIGINT killed with return value 0
[roslaunch.pmon][INFO] 2022-02-14 15:12:32,636: ProcessMonitor exit: cleaning up data structures and signals
[roslaunch.pmon][INFO] 2022-02-14 15:12:32,636: ProcessMonitor exit: pmon has shutdown
[roslaunch][INFO] 2022-02-14 15:12:32,682: process monitor is done spinning, initiating full shutdown
[roslaunch][INFO] 2022-02-14 15:12:32,682: runner.stop()
[roslaunch][INFO] 2022-02-14 15:12:32,682: shutting down processing monitor...
[roslaunch][INFO] 2022-02-14 15:12:32,682: shutting down processing monitor <ProcessMonitor(ProcessMonitor-1, stopped daemon 140175659960064)>
[roslaunch.pmon][INFO] 2022-02-14 15:12:32,682: ProcessMonitor.shutdown <ProcessMonitor(ProcessMonitor-1, stopped daemon 140175659960064)>
[roslaunch][INFO] 2022-02-14 15:12:32,682: ... shutting down processing monitor complete
[roslaunch][INFO] 2022-02-14 15:12:32,682: done
[roslaunch.pmon][INFO] 2022-02-14 15:12:32,683: ProcessMonitor.shutdown <ProcessMonitor(ProcessMonitor-1, stopped daemon 140175659960064)>
[rospy.core][INFO] 2022-02-14 15:12:32,683: signal_shutdown [atexit]
