[rosmaster.main][INFO] 2022-02-23 11:09:59,475: initialization complete, waiting for shutdown
[rosmaster.main][INFO] 2022-02-23 11:09:59,475: Starting ROS Master Node
[xmlrpc][INFO] 2022-02-23 11:09:59,476: XML-RPC server binding to 0.0.0.0:11311
[xmlrpc][INFO] 2022-02-23 11:09:59,476: Started XML-RPC server [http://FM00351-u:11311/]
[rosmaster.master][INFO] 2022-02-23 11:09:59,476: Master initialized: port[11311], uri[http://FM00351-u:11311/]
[xmlrpc][INFO] 2022-02-23 11:09:59,476: xml rpc node: starting XML-RPC server
[rosmaster.master][INFO] 2022-02-23 11:09:59,503: +PARAM [/run_id] by /roslaunch
[rosmaster.master][INFO] 2022-02-23 11:09:59,504: +PARAM [/roslaunch/uris/host_fm00351_u__34567] by /roslaunch
[rosmaster.master][INFO] 2022-02-23 11:09:59,776: +PARAM [/rosversion] by /roslaunch
[rosmaster.master][INFO] 2022-02-23 11:09:59,776: +PARAM [/rosdistro] by /roslaunch
[rosmaster.master][INFO] 2022-02-23 11:09:59,780: +SERVICE [/rosout/get_loggers] /rosout http://FM00351-u:42135/
[rosmaster.master][INFO] 2022-02-23 11:09:59,781: +SERVICE [/rosout/set_logger_level] /rosout http://FM00351-u:42135/
[rosmaster.master][INFO] 2022-02-23 11:09:59,782: +PUB [/rosout_agg] /rosout http://FM00351-u:42135/
[rosmaster.master][INFO] 2022-02-23 11:09:59,782: +SUB [/rosout] /rosout http://FM00351-u:42135/
[rosmaster.master][INFO] 2022-02-23 11:10:00,362: +PUB [/rosout] /Robotiq2FGripperRtuNode http://FM00351-u:36913/
[rosmaster.master][INFO] 2022-02-23 11:10:00,364: +SERVICE [/Robotiq2FGripperRtuNode/get_loggers] /Robotiq2FGripperRtuNode http://FM00351-u:36913/
[rosmaster.master][INFO] 2022-02-23 11:10:00,365: +SERVICE [/Robotiq2FGripperRtuNode/set_logger_level] /Robotiq2FGripperRtuNode http://FM00351-u:36913/
[rosmaster.master][INFO] 2022-02-23 11:10:00,365: +PUB [/Robotiq2FGripperRobotInput] /Robotiq2FGripperRtuNode http://FM00351-u:36913/
[rosmaster.master][INFO] 2022-02-23 11:10:00,366: +SUB [/Robotiq2FGripperRobotOutput] /Robotiq2FGripperRtuNode http://FM00351-u:36913/
[rosmaster.master][INFO] 2022-02-23 11:10:00,377: publisherUpdate[/rosout] -> http://FM00351-u:42135/ ['http://FM00351-u:36913/']
[rosmaster.master][INFO] 2022-02-23 11:10:00,390: publisherUpdate[/rosout] -> http://FM00351-u:42135/ ['http://FM00351-u:36913/']: sec=0.01, result=[1, '', 0]
[rosmaster.master][INFO] 2022-02-23 11:10:00,453: +PUB [/rosout] /gripper_action_server http://FM00351-u:38709/
[rosmaster.master][INFO] 2022-02-23 11:10:00,458: +SERVICE [/gripper_action_server/get_loggers] /gripper_action_server http://FM00351-u:38709/
[rosmaster.master][INFO] 2022-02-23 11:10:00,460: +SERVICE [/gripper_action_server/set_logger_level] /gripper_action_server http://FM00351-u:38709/
[rosmaster.master][INFO] 2022-02-23 11:10:00,464: +PUB [/gripper_action_server/status] /gripper_action_server http://FM00351-u:38709/
[rosmaster.master][INFO] 2022-02-23 11:10:00,465: +PUB [/gripper_action_server/result] /gripper_action_server http://FM00351-u:38709/
[rosmaster.master][INFO] 2022-02-23 11:10:00,466: +PUB [/gripper_action_server/feedback] /gripper_action_server http://FM00351-u:38709/
[rosmaster.master][INFO] 2022-02-23 11:10:00,470: +SUB [/gripper_action_server/goal] /gripper_action_server http://FM00351-u:38709/
[rosmaster.master][INFO] 2022-02-23 11:10:00,473: +SUB [/gripper_action_server/cancel] /gripper_action_server http://FM00351-u:38709/
[rosmaster.master][INFO] 2022-02-23 11:10:00,477: publisherUpdate[/rosout] -> http://FM00351-u:42135/ ['http://FM00351-u:36913/', 'http://FM00351-u:38709/']
[rosmaster.master][INFO] 2022-02-23 11:10:00,493: publisherUpdate[/rosout] -> http://FM00351-u:42135/ ['http://FM00351-u:36913/', 'http://FM00351-u:38709/']: sec=0.02, result=[1, '', 0]
[rosmaster.master][INFO] 2022-02-23 11:10:58,283: -SUB [/gripper_action_server/goal] /gripper_action_server http://FM00351-u:38709/
[rosmaster.master][INFO] 2022-02-23 11:10:58,284: -SUB [/Robotiq2FGripperRobotOutput] /Robotiq2FGripperRtuNode http://FM00351-u:36913/
[rosmaster.master][INFO] 2022-02-23 11:10:58,284: -SUB [/gripper_action_server/cancel] /gripper_action_server http://FM00351-u:38709/
[rosmaster.master][INFO] 2022-02-23 11:10:58,284: -PUB [/Robotiq2FGripperRobotInput] /Robotiq2FGripperRtuNode http://FM00351-u:36913/
[rosmaster.master][INFO] 2022-02-23 11:10:58,284: -PUB [/gripper_action_server/feedback] /gripper_action_server http://FM00351-u:38709/
[rosmaster.master][INFO] 2022-02-23 11:10:58,284: -PUB [/rosout] /Robotiq2FGripperRtuNode http://FM00351-u:36913/
[rosmaster.master][INFO] 2022-02-23 11:10:58,284: -PUB [/gripper_action_server/status] /gripper_action_server http://FM00351-u:38709/
[rosmaster.master][INFO] 2022-02-23 11:10:58,284: -SERVICE [/Robotiq2FGripperRtuNode/get_loggers] /Robotiq2FGripperRtuNode rosrpc://FM00351-u:36925
[rosmaster.master][INFO] 2022-02-23 11:10:58,284: -PUB [/rosout] /gripper_action_server http://FM00351-u:38709/
[rosmaster.master][INFO] 2022-02-23 11:10:58,285: -SERVICE [/Robotiq2FGripperRtuNode/set_logger_level] /Robotiq2FGripperRtuNode rosrpc://FM00351-u:36925
[rosmaster.master][INFO] 2022-02-23 11:10:58,285: -PUB [/gripper_action_server/result] /gripper_action_server http://FM00351-u:38709/
[rosmaster.master][INFO] 2022-02-23 11:10:58,285: -SERVICE [/gripper_action_server/get_loggers] /gripper_action_server rosrpc://FM00351-u:45685
[rosmaster.master][INFO] 2022-02-23 11:10:58,285: -SERVICE [/gripper_action_server/set_logger_level] /gripper_action_server rosrpc://FM00351-u:45685
[rosmaster.master][INFO] 2022-02-23 11:10:58,289: publisherUpdate[/rosout] -> http://FM00351-u:42135/ ['http://FM00351-u:38709/']
[rosmaster.master][INFO] 2022-02-23 11:10:58,297: publisherUpdate[/rosout] -> http://FM00351-u:42135/ ['http://FM00351-u:38709/']: sec=0.01, result=[1, '', 0]
[rosmaster.master][INFO] 2022-02-23 11:10:58,297: publisherUpdate[/rosout] -> http://FM00351-u:42135/ []
[rosmaster.master][INFO] 2022-02-23 11:10:58,297: publisherUpdate[/rosout] -> http://FM00351-u:42135/ []: sec=0.00, result=[1, '', 0]
[rosmaster.master][INFO] 2022-02-23 11:10:58,698: -PUB [/rosout_agg] /rosout http://FM00351-u:42135/
[rosmaster.master][INFO] 2022-02-23 11:10:58,699: -SUB [/rosout] /rosout http://FM00351-u:42135/
[rosmaster.master][INFO] 2022-02-23 11:10:58,699: -SERVICE [/rosout/get_loggers] /rosout rosrpc://FM00351-u:49311
[rosmaster.master][INFO] 2022-02-23 11:10:58,700: -SERVICE [/rosout/set_logger_level] /rosout rosrpc://FM00351-u:49311
[rosmaster.main][INFO] 2022-02-23 11:10:58,787: keyboard interrupt, will exit
[rosmaster.main][INFO] 2022-02-23 11:10:58,787: stopping master...
[rospy.core][INFO] 2022-02-23 11:10:58,788: signal_shutdown [atexit]
