[roslaunch][INFO] 2022-02-23 11:09:58,907: Checking log directory for disk usage. This may take a while.
Press Ctrl-C to interrupt
[roslaunch][INFO] 2022-02-23 11:09:58,911: Done checking log file disk usage. Usage is <1GB.
[roslaunch][INFO] 2022-02-23 11:09:58,911: roslaunch starting with args ['/opt/ros/melodic/bin/roslaunch', 'fm_gripper_module', 'fm_gripper_module.launch']
[roslaunch][INFO] 2022-02-23 11:09:58,911: roslaunch env is {'ROS_DISTRO': 'melodic', 'ROSLISP_PACKAGE_DIRECTORIES': '/home/ros/catkin_ws/devel/share/common-lisp', 'HOME': '/home/ros', 'PATH': '/opt/ros/melodic/bin:/usr/local/sbin:/usr/local/bin:/usr/sbin:/usr/bin:/sbin:/bin', 'ROS_PACKAGE_PATH': '/home/ros/catkin_ws/src:/opt/ros/melodic/share', 'CMAKE_PREFIX_PATH': '/home/ros/catkin_ws/devel:/opt/ros/melodic', 'LD_LIBRARY_PATH': '/home/ros/catkin_ws/devel/lib:/opt/ros/melodic/lib', 'LANG': 'C.UTF-8', 'TERM': 'xterm', 'ROS_LOG_FILENAME': '/home/ros/.ros/log/2383abdc-9499-11ec-8d4a-7c507959f385/roslaunch-FM00351-u-13840.log', 'SHLVL': '1', 'DISPLAY': ':0', 'UNAME': 'ros', 'ROS_MASTER_URI': 'http://localhost:11311', 'ROS_PYTHON_VERSION': '2', 'PYTHONPATH': '/home/ros/catkin_ws/devel/lib/python2.7/dist-packages:/opt/ros/melodic/lib/python2.7/dist-packages', 'QT_X11_NO_MITSHM': '1', 'ROS_ROOT': '/opt/ros/melodic/share/ros', 'PKG_CONFIG_PATH': '/home/ros/catkin_ws/devel/lib/pkgconfig:/opt/ros/melodic/lib/pkgconfig', 'LC_ALL': 'C.UTF-8', '_': '/opt/ros/melodic/bin/roslaunch', 'OLDPWD': '/home/ros', 'HOSTNAME': 'FM00351-u', 'PWD': '/home/ros/catkin_ws', 'ROS_ETC_DIR': '/opt/ros/melodic/etc/ros', 'ROS_VERSION': '1'}
[roslaunch][INFO] 2022-02-23 11:09:58,911: starting in server mode
[roslaunch.parent][INFO] 2022-02-23 11:09:58,911: starting roslaunch parent run
[roslaunch][INFO] 2022-02-23 11:09:58,912: loading roscore config file /opt/ros/melodic/etc/ros/roscore.xml
[roslaunch][INFO] 2022-02-23 11:09:59,217: Added core node of type [rosout/rosout] in namespace [/]
[roslaunch.config][INFO] 2022-02-23 11:09:59,217: loading config file /home/ros/catkin_ws/src/fm_gripper_module/launch/fm_gripper_module.launch
[roslaunch][INFO] 2022-02-23 11:09:59,217: Added node of type [robotiq_2f_gripper_control/Robotiq2FGripperRtuNode.py] in namespace [/]
[roslaunch][INFO] 2022-02-23 11:09:59,217: Added node of type [fm_gripper_module/gripper_action_server.py] in namespace [/]
[roslaunch][INFO] 2022-02-23 11:09:59,217: ... selected machine [] for node of type [robotiq_2f_gripper_control/Robotiq2FGripperRtuNode.py]
[roslaunch][INFO] 2022-02-23 11:09:59,217: ... selected machine [] for node of type [fm_gripper_module/gripper_action_server.py]
[roslaunch.pmon][INFO] 2022-02-23 11:09:59,218: start_process_monitor: creating ProcessMonitor
[roslaunch.pmon][INFO] 2022-02-23 11:09:59,218: created process monitor <ProcessMonitor(ProcessMonitor-1, initial daemon)>
[roslaunch.pmon][INFO] 2022-02-23 11:09:59,218: start_process_monitor: ProcessMonitor started
[roslaunch.parent][INFO] 2022-02-23 11:09:59,218: starting parent XML-RPC server
[roslaunch.server][INFO] 2022-02-23 11:09:59,218: starting roslaunch XML-RPC server
[roslaunch.server][INFO] 2022-02-23 11:09:59,218: waiting for roslaunch XML-RPC server to initialize
[xmlrpc][INFO] 2022-02-23 11:09:59,219: XML-RPC server binding to 0.0.0.0:0
[xmlrpc][INFO] 2022-02-23 11:09:59,219: Started XML-RPC server [http://FM00351-u:34567/]
[xmlrpc][INFO] 2022-02-23 11:09:59,220: xml rpc node: starting XML-RPC server
[roslaunch][INFO] 2022-02-23 11:09:59,230: started roslaunch server http://FM00351-u:34567/
[roslaunch.parent][INFO] 2022-02-23 11:09:59,230: ... parent XML-RPC server started
[roslaunch][INFO] 2022-02-23 11:09:59,230: master.is_running[http://localhost:11311]
[roslaunch][INFO] 2022-02-23 11:09:59,231: auto-starting new master
[roslaunch][INFO] 2022-02-23 11:09:59,231: create_master_process: rosmaster, /opt/ros/melodic/share/ros, 11311, 3, None, False
[roslaunch][INFO] 2022-02-23 11:09:59,231: process[master]: launching with args [['rosmaster', '--core', '-p', '11311', '-w', '3']]
[roslaunch.pmon][INFO] 2022-02-23 11:09:59,231: ProcessMonitor.register[master]
[roslaunch.pmon][INFO] 2022-02-23 11:09:59,231: ProcessMonitor.register[master] complete
[roslaunch][INFO] 2022-02-23 11:09:59,231: process[master]: starting os process
[roslaunch][INFO] 2022-02-23 11:09:59,231: process[master]: start w/ args [['rosmaster', '--core', '-p', '11311', '-w', '3', '__log:=/home/ros/.ros/log/2383abdc-9499-11ec-8d4a-7c507959f385/master.log']]
[roslaunch][INFO] 2022-02-23 11:09:59,231: process[master]: cwd will be [/home/ros/.ros]
[roslaunch][INFO] 2022-02-23 11:09:59,298: process[master]: started with pid [13850]
[roslaunch][INFO] 2022-02-23 11:09:59,298: master.is_running[http://localhost:11311]
[roslaunch][INFO] 2022-02-23 11:09:59,398: master.is_running[http://localhost:11311]
[roslaunch][INFO] 2022-02-23 11:09:59,499: master.is_running[http://localhost:11311]
[roslaunch][INFO] 2022-02-23 11:09:59,501: master.is_running[http://localhost:11311]
[roslaunch][INFO] 2022-02-23 11:09:59,502: ROS_MASTER_URI=http://localhost:11311
[roslaunch][INFO] 2022-02-23 11:09:59,503: setting /run_id to 2383abdc-9499-11ec-8d4a-7c507959f385
[roslaunch][INFO] 2022-02-23 11:09:59,504: setting /roslaunch/uris/host_fm00351_u__34567' to http://FM00351-u:34567/
[roslaunch][INFO] 2022-02-23 11:09:59,506: ... preparing to launch node of type [rosout/rosout]
[roslaunch][INFO] 2022-02-23 11:09:59,506: create_node_process: package[rosout] type[rosout] machine[Machine(name[] env_loader[None] address[localhost] ssh_port[22] user[None] assignable[True] timeout[10.0])] master_uri[http://localhost:11311]
[roslaunch][INFO] 2022-02-23 11:09:59,506: process[rosout-1]: env[{'ROS_DISTRO': 'melodic', 'ROSLISP_PACKAGE_DIRECTORIES': '/home/ros/catkin_ws/devel/share/common-lisp', 'LD_LIBRARY_PATH': '/home/ros/catkin_ws/devel/lib:/opt/ros/melodic/lib', 'ROS_PACKAGE_PATH': '/home/ros/catkin_ws/src:/opt/ros/melodic/share', 'PATH': '/opt/ros/melodic/bin:/usr/local/sbin:/usr/local/bin:/usr/sbin:/usr/bin:/sbin:/bin', 'CMAKE_PREFIX_PATH': '/home/ros/catkin_ws/devel:/opt/ros/melodic', 'ROS_LOG_FILENAME': '/home/ros/.ros/log/2383abdc-9499-11ec-8d4a-7c507959f385/roslaunch-FM00351-u-13840.log', 'LANG': 'C.UTF-8', 'TERM': 'xterm', 'SHLVL': '1', 'DISPLAY': ':0', 'UNAME': 'ros', 'ROS_ETC_DIR': '/opt/ros/melodic/etc/ros', 'HOME': '/home/ros', 'ROS_PYTHON_VERSION': '2', 'PYTHONPATH': '/home/ros/catkin_ws/devel/lib/python2.7/dist-packages:/opt/ros/melodic/lib/python2.7/dist-packages', 'QT_X11_NO_MITSHM': '1', 'ROS_ROOT': '/opt/ros/melodic/share/ros', 'PKG_CONFIG_PATH': '/home/ros/catkin_ws/devel/lib/pkgconfig:/opt/ros/melodic/lib/pkgconfig', 'LC_ALL': 'C.UTF-8', '_': '/opt/ros/melodic/bin/roslaunch', 'OLDPWD': '/home/ros', 'HOSTNAME': 'FM00351-u', 'PWD': '/home/ros/catkin_ws', 'ROS_MASTER_URI': 'http://localhost:11311', 'ROS_VERSION': '1'}]
[roslaunch][INFO] 2022-02-23 11:09:59,707: process[rosout-1]: args[[u'/opt/ros/melodic/lib/rosout/rosout', u'__name:=rosout']]
[roslaunch][INFO] 2022-02-23 11:09:59,708: ... created process [rosout-1]
[roslaunch.pmon][INFO] 2022-02-23 11:09:59,708: ProcessMonitor.register[rosout-1]
[roslaunch.pmon][INFO] 2022-02-23 11:09:59,708: ProcessMonitor.register[rosout-1] complete
[roslaunch][INFO] 2022-02-23 11:09:59,708: ... registered process [rosout-1]
[roslaunch][INFO] 2022-02-23 11:09:59,708: process[rosout-1]: starting os process
[roslaunch][INFO] 2022-02-23 11:09:59,708: process[rosout-1]: start w/ args [[u'/opt/ros/melodic/lib/rosout/rosout', u'__name:=rosout', u'__log:=/home/ros/.ros/log/2383abdc-9499-11ec-8d4a-7c507959f385/rosout-1.log']]
[roslaunch][INFO] 2022-02-23 11:09:59,708: process[rosout-1]: cwd will be [/home/ros/.ros]
[roslaunch][INFO] 2022-02-23 11:09:59,773: process[rosout-1]: started with pid [13861]
[roslaunch][INFO] 2022-02-23 11:09:59,773: ... successfully launched [rosout-1]
[roslaunch][INFO] 2022-02-23 11:09:59,774: load_parameters starting ...
[roslaunch][INFO] 2022-02-23 11:09:59,777: ... load_parameters complete
[roslaunch][INFO] 2022-02-23 11:09:59,777: launch_nodes: launching local nodes ...
[roslaunch][INFO] 2022-02-23 11:09:59,777: ... preparing to launch node of type [robotiq_2f_gripper_control/Robotiq2FGripperRtuNode.py]
[roslaunch][INFO] 2022-02-23 11:09:59,777: create_node_process: package[robotiq_2f_gripper_control] type[Robotiq2FGripperRtuNode.py] machine[Machine(name[] env_loader[None] address[localhost] ssh_port[22] user[None] assignable[True] timeout[10.0])] master_uri[http://localhost:11311]
[roslaunch][INFO] 2022-02-23 11:09:59,777: process[Robotiq2FGripperRtuNode-2]: env[{'ROS_DISTRO': 'melodic', 'ROSLISP_PACKAGE_DIRECTORIES': '/home/ros/catkin_ws/devel/share/common-lisp', 'LD_LIBRARY_PATH': '/home/ros/catkin_ws/devel/lib:/opt/ros/melodic/lib', 'ROS_PACKAGE_PATH': '/home/ros/catkin_ws/src:/opt/ros/melodic/share', 'PATH': '/opt/ros/melodic/bin:/usr/local/sbin:/usr/local/bin:/usr/sbin:/usr/bin:/sbin:/bin', 'CMAKE_PREFIX_PATH': '/home/ros/catkin_ws/devel:/opt/ros/melodic', 'ROS_LOG_FILENAME': '/home/ros/.ros/log/2383abdc-9499-11ec-8d4a-7c507959f385/roslaunch-FM00351-u-13840.log', 'LANG': 'C.UTF-8', 'TERM': 'xterm', 'SHLVL': '1', 'DISPLAY': ':0', 'UNAME': 'ros', 'ROS_ETC_DIR': '/opt/ros/melodic/etc/ros', 'HOME': '/home/ros', 'ROS_PYTHON_VERSION': '2', 'PYTHONPATH': '/home/ros/catkin_ws/devel/lib/python2.7/dist-packages:/opt/ros/melodic/lib/python2.7/dist-packages', 'QT_X11_NO_MITSHM': '1', 'ROS_ROOT': '/opt/ros/melodic/share/ros', 'PKG_CONFIG_PATH': '/home/ros/catkin_ws/devel/lib/pkgconfig:/opt/ros/melodic/lib/pkgconfig', 'LC_ALL': 'C.UTF-8', '_': '/opt/ros/melodic/bin/roslaunch', 'OLDPWD': '/home/ros', 'HOSTNAME': 'FM00351-u', 'PWD': '/home/ros/catkin_ws', 'ROS_MASTER_URI': 'http://localhost:11311', 'ROS_VERSION': '1'}]
[roslaunch][INFO] 2022-02-23 11:09:59,777: process[Robotiq2FGripperRtuNode-2]: args[[u'/home/ros/catkin_ws/src/robotiq/robotiq_2f_gripper_control/nodes/Robotiq2FGripperRtuNode.py', '/dev/ttyUSB0', u'__name:=Robotiq2FGripperRtuNode']]
[roslaunch][INFO] 2022-02-23 11:09:59,777: ... created process [Robotiq2FGripperRtuNode-2]
[roslaunch.pmon][INFO] 2022-02-23 11:09:59,778: ProcessMonitor.register[Robotiq2FGripperRtuNode-2]
[roslaunch.pmon][INFO] 2022-02-23 11:09:59,778: ProcessMonitor.register[Robotiq2FGripperRtuNode-2] complete
[roslaunch][INFO] 2022-02-23 11:09:59,778: ... registered process [Robotiq2FGripperRtuNode-2]
[roslaunch][INFO] 2022-02-23 11:09:59,778: process[Robotiq2FGripperRtuNode-2]: starting os process
[roslaunch][INFO] 2022-02-23 11:09:59,778: process[Robotiq2FGripperRtuNode-2]: start w/ args [[u'/home/ros/catkin_ws/src/robotiq/robotiq_2f_gripper_control/nodes/Robotiq2FGripperRtuNode.py', '/dev/ttyUSB0', u'__name:=Robotiq2FGripperRtuNode', u'__log:=/home/ros/.ros/log/2383abdc-9499-11ec-8d4a-7c507959f385/Robotiq2FGripperRtuNode-2.log']]
[roslaunch][INFO] 2022-02-23 11:09:59,778: process[Robotiq2FGripperRtuNode-2]: cwd will be [/home/ros/.ros]
[roslaunch][INFO] 2022-02-23 11:09:59,845: process[Robotiq2FGripperRtuNode-2]: started with pid [13864]
[roslaunch][INFO] 2022-02-23 11:09:59,846: ... successfully launched [Robotiq2FGripperRtuNode-2]
[roslaunch][INFO] 2022-02-23 11:09:59,846: ... preparing to launch node of type [fm_gripper_module/gripper_action_server.py]
[roslaunch][INFO] 2022-02-23 11:09:59,846: create_node_process: package[fm_gripper_module] type[gripper_action_server.py] machine[Machine(name[] env_loader[None] address[localhost] ssh_port[22] user[None] assignable[True] timeout[10.0])] master_uri[http://localhost:11311]
[roslaunch][INFO] 2022-02-23 11:09:59,846: process[gripper_action_server-3]: env[{'ROS_DISTRO': 'melodic', 'ROSLISP_PACKAGE_DIRECTORIES': '/home/ros/catkin_ws/devel/share/common-lisp', 'LD_LIBRARY_PATH': '/home/ros/catkin_ws/devel/lib:/opt/ros/melodic/lib', 'ROS_PACKAGE_PATH': '/home/ros/catkin_ws/src:/opt/ros/melodic/share', 'PATH': '/opt/ros/melodic/bin:/usr/local/sbin:/usr/local/bin:/usr/sbin:/usr/bin:/sbin:/bin', 'CMAKE_PREFIX_PATH': '/home/ros/catkin_ws/devel:/opt/ros/melodic', 'ROS_LOG_FILENAME': '/home/ros/.ros/log/2383abdc-9499-11ec-8d4a-7c507959f385/roslaunch-FM00351-u-13840.log', 'LANG': 'C.UTF-8', 'TERM': 'xterm', 'SHLVL': '1', 'DISPLAY': ':0', 'UNAME': 'ros', 'ROS_ETC_DIR': '/opt/ros/melodic/etc/ros', 'HOME': '/home/ros', 'ROS_PYTHON_VERSION': '2', 'PYTHONPATH': '/home/ros/catkin_ws/devel/lib/python2.7/dist-packages:/opt/ros/melodic/lib/python2.7/dist-packages', 'QT_X11_NO_MITSHM': '1', 'ROS_ROOT': '/opt/ros/melodic/share/ros', 'PKG_CONFIG_PATH': '/home/ros/catkin_ws/devel/lib/pkgconfig:/opt/ros/melodic/lib/pkgconfig', 'LC_ALL': 'C.UTF-8', '_': '/opt/ros/melodic/bin/roslaunch', 'OLDPWD': '/home/ros', 'HOSTNAME': 'FM00351-u', 'PWD': '/home/ros/catkin_ws', 'ROS_MASTER_URI': 'http://localhost:11311', 'ROS_VERSION': '1'}]
[roslaunch][INFO] 2022-02-23 11:09:59,846: process[gripper_action_server-3]: args[[u'/home/ros/catkin_ws/src/fm_gripper_module/src/gripper_action_server.py', u'__name:=gripper_action_server']]
[roslaunch][INFO] 2022-02-23 11:09:59,846: ... created process [gripper_action_server-3]
[roslaunch.pmon][INFO] 2022-02-23 11:09:59,847: ProcessMonitor.register[gripper_action_server-3]
[roslaunch.pmon][INFO] 2022-02-23 11:09:59,847: ProcessMonitor.register[gripper_action_server-3] complete
[roslaunch][INFO] 2022-02-23 11:09:59,847: ... registered process [gripper_action_server-3]
[roslaunch][INFO] 2022-02-23 11:09:59,847: process[gripper_action_server-3]: starting os process
[roslaunch][INFO] 2022-02-23 11:09:59,847: process[gripper_action_server-3]: start w/ args [[u'/home/ros/catkin_ws/src/fm_gripper_module/src/gripper_action_server.py', u'__name:=gripper_action_server', u'__log:=/home/ros/.ros/log/2383abdc-9499-11ec-8d4a-7c507959f385/gripper_action_server-3.log']]
[roslaunch][INFO] 2022-02-23 11:09:59,847: process[gripper_action_server-3]: cwd will be [/home/ros/.ros]
[roslaunch][INFO] 2022-02-23 11:09:59,916: process[gripper_action_server-3]: started with pid [13869]
[roslaunch][INFO] 2022-02-23 11:09:59,916: ... successfully launched [gripper_action_server-3]
[roslaunch][INFO] 2022-02-23 11:09:59,916: ... launch_nodes complete
[roslaunch.pmon][INFO] 2022-02-23 11:09:59,917: registrations completed <ProcessMonitor(ProcessMonitor-1, started daemon 140360682997504)>
[roslaunch.parent][INFO] 2022-02-23 11:09:59,917: ... roslaunch parent running, waiting for process exit
[roslaunch][INFO] 2022-02-23 11:09:59,917: spin
[roslaunch.pmon][INFO] 2022-02-23 11:10:58,220: ProcessMonitor.shutdown <ProcessMonitor(ProcessMonitor-1, started daemon 140360682997504)>
[roslaunch.pmon][INFO] 2022-02-23 11:10:58,275: ProcessMonitor._post_run <ProcessMonitor(ProcessMonitor-1, started daemon 140360682997504)>
[roslaunch.pmon][INFO] 2022-02-23 11:10:58,276: ProcessMonitor._post_run <ProcessMonitor(ProcessMonitor-1, started daemon 140360682997504)>: remaining procs are [<roslaunch.nodeprocess.LocalProcess object at 0x7fa844d1bb50>, <roslaunch.nodeprocess.LocalProcess object at 0x7fa8451a7210>, <roslaunch.nodeprocess.LocalProcess object at 0x7fa844d1be50>, <roslaunch.nodeprocess.LocalProcess object at 0x7fa844d1bdd0>]
[roslaunch.pmon][INFO] 2022-02-23 11:10:58,277: ProcessMonitor exit: killing gripper_action_server-3
[roslaunch.pmon][INFO] 2022-02-23 11:10:58,277: ProcessMonitor exit: killing Robotiq2FGripperRtuNode-2
[roslaunch][INFO] 2022-02-23 11:10:58,278: [gripper_action_server-3] killing on exit
[roslaunch][INFO] 2022-02-23 11:10:58,278: [Robotiq2FGripperRtuNode-2] killing on exit
[roslaunch][INFO] 2022-02-23 11:10:58,280: process[gripper_action_server-3]: killing os process with pid[13869] pgid[13869]
[roslaunch][INFO] 2022-02-23 11:10:58,280: process[Robotiq2FGripperRtuNode-2]: killing os process with pid[13864] pgid[13864]
[roslaunch][INFO] 2022-02-23 11:10:58,281: [gripper_action_server-3] sending SIGINT to pgid [13869]
[roslaunch][INFO] 2022-02-23 11:10:58,281: [Robotiq2FGripperRtuNode-2] sending SIGINT to pgid [13864]
[roslaunch][INFO] 2022-02-23 11:10:58,281: [gripper_action_server-3] sent SIGINT to pgid [13869]
[roslaunch][INFO] 2022-02-23 11:10:58,282: [Robotiq2FGripperRtuNode-2] sent SIGINT to pgid [13864]
[roslaunch][INFO] 2022-02-23 11:10:58,583: process[gripper_action_server-3]: SIGINT killed with return value 0
[roslaunch][INFO] 2022-02-23 11:10:58,584: process[Robotiq2FGripperRtuNode-2]: SIGINT killed with return value 0
[roslaunch.pmon][INFO] 2022-02-23 11:10:58,584: ProcessMonitor exit: killing rosout-1
[roslaunch][INFO] 2022-02-23 11:10:58,585: [rosout-1] killing on exit
[roslaunch][INFO] 2022-02-23 11:10:58,585: process[rosout-1]: killing os process with pid[13861] pgid[13861]
[roslaunch][INFO] 2022-02-23 11:10:58,585: [rosout-1] sending SIGINT to pgid [13861]
[roslaunch][INFO] 2022-02-23 11:10:58,585: [rosout-1] sent SIGINT to pgid [13861]
[roslaunch][INFO] 2022-02-23 11:10:58,786: process[rosout-1]: SIGINT killed with return value 0
[roslaunch.pmon][INFO] 2022-02-23 11:10:58,786: ProcessMonitor exit: killing master
[roslaunch][INFO] 2022-02-23 11:10:58,786: [master] killing on exit
[roslaunch][INFO] 2022-02-23 11:10:58,786: process[master]: killing os process with pid[13850] pgid[13850]
[roslaunch][INFO] 2022-02-23 11:10:58,787: [master] sending SIGINT to pgid [13850]
[roslaunch][INFO] 2022-02-23 11:10:58,787: [master] sent SIGINT to pgid [13850]
[roslaunch][INFO] 2022-02-23 11:10:58,987: process[master]: SIGINT killed with return value 0
[roslaunch.pmon][INFO] 2022-02-23 11:10:58,988: ProcessMonitor exit: cleaning up data structures and signals
[roslaunch.pmon][INFO] 2022-02-23 11:10:58,988: ProcessMonitor exit: pmon has shutdown
[roslaunch][INFO] 2022-02-23 11:10:59,037: process monitor is done spinning, initiating full shutdown
[roslaunch][INFO] 2022-02-23 11:10:59,037: runner.stop()
[roslaunch][INFO] 2022-02-23 11:10:59,037: shutting down processing monitor...
[roslaunch][INFO] 2022-02-23 11:10:59,037: shutting down processing monitor <ProcessMonitor(ProcessMonitor-1, stopped daemon 140360682997504)>
[roslaunch.pmon][INFO] 2022-02-23 11:10:59,037: ProcessMonitor.shutdown <ProcessMonitor(ProcessMonitor-1, stopped daemon 140360682997504)>
[roslaunch][INFO] 2022-02-23 11:10:59,037: ... shutting down processing monitor complete
[roslaunch][INFO] 2022-02-23 11:10:59,037: done
[roslaunch.pmon][INFO] 2022-02-23 11:10:59,038: ProcessMonitor.shutdown <ProcessMonitor(ProcessMonitor-1, stopped daemon 140360682997504)>
[rospy.core][INFO] 2022-02-23 11:10:59,038: signal_shutdown [atexit]
