[roslaunch][INFO] 2022-02-14 13:42:22,446: Checking log directory for disk usage. This may take a while.
Press Ctrl-C to interrupt
[roslaunch][INFO] 2022-02-14 13:42:22,449: Done checking log file disk usage. Usage is <1GB.
[roslaunch][INFO] 2022-02-14 13:42:22,449: roslaunch starting with args ['/opt/ros/melodic/bin/roslaunch', 'tactile_pressure_sensor', 'run_tactile_pressure.launch']
[roslaunch][INFO] 2022-02-14 13:42:22,449: roslaunch env is {'ROS_DISTRO': 'melodic', 'ROSLISP_PACKAGE_DIRECTORIES': '/home/ros/catkin_ws/devel/share/common-lisp', 'HOME': '/home/ros', 'PATH': '/opt/ros/melodic/bin:/usr/local/sbin:/usr/local/bin:/usr/sbin:/usr/bin:/sbin:/bin', 'ROS_PACKAGE_PATH': '/home/ros/catkin_ws/src:/opt/ros/melodic/share', 'CMAKE_PREFIX_PATH': '/home/ros/catkin_ws/devel:/opt/ros/melodic', 'LD_LIBRARY_PATH': '/home/ros/catkin_ws/devel/lib:/opt/ros/melodic/lib', 'LANG': 'C.UTF-8', 'TERM': 'xterm', 'ROS_LOG_FILENAME': '/home/ros/.ros/log/efc55f10-8d9b-11ec-afa3-7c507959f385/roslaunch-FM00351-u-1129.log', 'SHLVL': '1', 'DISPLAY': ':0', 'UNAME': 'ros', 'ROS_MASTER_URI': 'http://localhost:11311', 'ROS_PYTHON_VERSION': '2', 'PYTHONPATH': '/home/ros/catkin_ws/devel/lib/python2.7/dist-packages:/opt/ros/melodic/lib/python2.7/dist-packages', 'QT_X11_NO_MITSHM': '1', 'ROS_ROOT': '/opt/ros/melodic/share/ros', 'PKG_CONFIG_PATH': '/home/ros/catkin_ws/devel/lib/pkgconfig:/opt/ros/melodic/lib/pkgconfig', 'LC_ALL': 'C.UTF-8', '_': '/opt/ros/melodic/bin/roslaunch', 'OLDPWD': '/home/ros', 'HOSTNAME': 'FM00351-u', 'PWD': '/home/ros/catkin_ws', 'ROS_ETC_DIR': '/opt/ros/melodic/etc/ros', 'ROS_VERSION': '1'}
[roslaunch][INFO] 2022-02-14 13:42:22,449: starting in server mode
[roslaunch.parent][INFO] 2022-02-14 13:42:22,450: starting roslaunch parent run
[roslaunch][INFO] 2022-02-14 13:42:22,450: loading roscore config file /opt/ros/melodic/etc/ros/roscore.xml
[roslaunch][INFO] 2022-02-14 13:42:22,746: Added core node of type [rosout/rosout] in namespace [/]
[roslaunch.config][INFO] 2022-02-14 13:42:22,746: loading config file /home/ros/catkin_ws/src/tactile_pressure_sensor/launch/run_tactile_pressure.launch
[roslaunch][INFO] 2022-02-14 13:42:22,747: Added node of type [rosserial_arduino/serial_node.py] in namespace [/sensor/]
[roslaunch][INFO] 2022-02-14 13:42:22,747: Added node of type [tactile_pressure_sensor/pressure_LocAndForceEstimation.py] in namespace [/sensor/]
[roslaunch][INFO] 2022-02-14 13:42:22,747: ... selected machine [] for node of type [rosserial_arduino/serial_node.py]
[roslaunch][INFO] 2022-02-14 13:42:22,747: ... selected machine [] for node of type [tactile_pressure_sensor/pressure_LocAndForceEstimation.py]
[roslaunch.pmon][INFO] 2022-02-14 13:42:22,747: start_process_monitor: creating ProcessMonitor
[roslaunch.pmon][INFO] 2022-02-14 13:42:22,748: created process monitor <ProcessMonitor(ProcessMonitor-1, initial daemon)>
[roslaunch.pmon][INFO] 2022-02-14 13:42:22,748: start_process_monitor: ProcessMonitor started
[roslaunch.parent][INFO] 2022-02-14 13:42:22,748: starting parent XML-RPC server
[roslaunch.server][INFO] 2022-02-14 13:42:22,748: starting roslaunch XML-RPC server
[roslaunch.server][INFO] 2022-02-14 13:42:22,748: waiting for roslaunch XML-RPC server to initialize
[xmlrpc][INFO] 2022-02-14 13:42:22,748: XML-RPC server binding to 0.0.0.0:0
[xmlrpc][INFO] 2022-02-14 13:42:22,748: Started XML-RPC server [http://FM00351-u:38259/]
[xmlrpc][INFO] 2022-02-14 13:42:22,748: xml rpc node: starting XML-RPC server
[roslaunch][INFO] 2022-02-14 13:42:22,760: started roslaunch server http://FM00351-u:38259/
[roslaunch.parent][INFO] 2022-02-14 13:42:22,760: ... parent XML-RPC server started
[roslaunch][INFO] 2022-02-14 13:42:22,760: master.is_running[http://localhost:11311]
[roslaunch][INFO] 2022-02-14 13:42:22,760: auto-starting new master
[roslaunch][INFO] 2022-02-14 13:42:22,760: create_master_process: rosmaster, /opt/ros/melodic/share/ros, 11311, 3, None, False
[roslaunch][INFO] 2022-02-14 13:42:22,760: process[master]: launching with args [['rosmaster', '--core', '-p', '11311', '-w', '3']]
[roslaunch.pmon][INFO] 2022-02-14 13:42:22,761: ProcessMonitor.register[master]
[roslaunch.pmon][INFO] 2022-02-14 13:42:22,761: ProcessMonitor.register[master] complete
[roslaunch][INFO] 2022-02-14 13:42:22,761: process[master]: starting os process
[roslaunch][INFO] 2022-02-14 13:42:22,761: process[master]: start w/ args [['rosmaster', '--core', '-p', '11311', '-w', '3', '__log:=/home/ros/.ros/log/efc55f10-8d9b-11ec-afa3-7c507959f385/master.log']]
[roslaunch][INFO] 2022-02-14 13:42:22,761: process[master]: cwd will be [/home/ros/.ros]
[roslaunch][INFO] 2022-02-14 13:42:22,825: process[master]: started with pid [1139]
[roslaunch][INFO] 2022-02-14 13:42:22,826: master.is_running[http://localhost:11311]
[roslaunch][INFO] 2022-02-14 13:42:22,926: master.is_running[http://localhost:11311]
[roslaunch][INFO] 2022-02-14 13:42:23,027: master.is_running[http://localhost:11311]
[roslaunch][INFO] 2022-02-14 13:42:23,029: master.is_running[http://localhost:11311]
[roslaunch][INFO] 2022-02-14 13:42:23,030: ROS_MASTER_URI=http://localhost:11311
[roslaunch][INFO] 2022-02-14 13:42:23,032: setting /run_id to efc55f10-8d9b-11ec-afa3-7c507959f385
[roslaunch][INFO] 2022-02-14 13:42:23,033: setting /roslaunch/uris/host_fm00351_u__38259' to http://FM00351-u:38259/
[roslaunch][INFO] 2022-02-14 13:42:23,035: ... preparing to launch node of type [rosout/rosout]
[roslaunch][INFO] 2022-02-14 13:42:23,035: create_node_process: package[rosout] type[rosout] machine[Machine(name[] env_loader[None] address[localhost] ssh_port[22] user[None] assignable[True] timeout[10.0])] master_uri[http://localhost:11311]
[roslaunch][INFO] 2022-02-14 13:42:23,035: process[rosout-1]: env[{'ROS_DISTRO': 'melodic', 'ROSLISP_PACKAGE_DIRECTORIES': '/home/ros/catkin_ws/devel/share/common-lisp', 'LD_LIBRARY_PATH': '/home/ros/catkin_ws/devel/lib:/opt/ros/melodic/lib', 'ROS_PACKAGE_PATH': '/home/ros/catkin_ws/src:/opt/ros/melodic/share', 'PATH': '/opt/ros/melodic/bin:/usr/local/sbin:/usr/local/bin:/usr/sbin:/usr/bin:/sbin:/bin', 'CMAKE_PREFIX_PATH': '/home/ros/catkin_ws/devel:/opt/ros/melodic', 'ROS_LOG_FILENAME': '/home/ros/.ros/log/efc55f10-8d9b-11ec-afa3-7c507959f385/roslaunch-FM00351-u-1129.log', 'LANG': 'C.UTF-8', 'TERM': 'xterm', 'SHLVL': '1', 'DISPLAY': ':0', 'UNAME': 'ros', 'ROS_ETC_DIR': '/opt/ros/melodic/etc/ros', 'HOME': '/home/ros', 'ROS_PYTHON_VERSION': '2', 'PYTHONPATH': '/home/ros/catkin_ws/devel/lib/python2.7/dist-packages:/opt/ros/melodic/lib/python2.7/dist-packages', 'QT_X11_NO_MITSHM': '1', 'ROS_ROOT': '/opt/ros/melodic/share/ros', 'PKG_CONFIG_PATH': '/home/ros/catkin_ws/devel/lib/pkgconfig:/opt/ros/melodic/lib/pkgconfig', 'LC_ALL': 'C.UTF-8', '_': '/opt/ros/melodic/bin/roslaunch', 'OLDPWD': '/home/ros', 'HOSTNAME': 'FM00351-u', 'PWD': '/home/ros/catkin_ws', 'ROS_MASTER_URI': 'http://localhost:11311', 'ROS_VERSION': '1'}]
[roslaunch][INFO] 2022-02-14 13:42:23,231: process[rosout-1]: args[[u'/opt/ros/melodic/lib/rosout/rosout', u'__name:=rosout']]
[roslaunch][INFO] 2022-02-14 13:42:23,231: ... created process [rosout-1]
[roslaunch.pmon][INFO] 2022-02-14 13:42:23,231: ProcessMonitor.register[rosout-1]
[roslaunch.pmon][INFO] 2022-02-14 13:42:23,231: ProcessMonitor.register[rosout-1] complete
[roslaunch][INFO] 2022-02-14 13:42:23,231: ... registered process [rosout-1]
[roslaunch][INFO] 2022-02-14 13:42:23,231: process[rosout-1]: starting os process
[roslaunch][INFO] 2022-02-14 13:42:23,231: process[rosout-1]: start w/ args [[u'/opt/ros/melodic/lib/rosout/rosout', u'__name:=rosout', u'__log:=/home/ros/.ros/log/efc55f10-8d9b-11ec-afa3-7c507959f385/rosout-1.log']]
[roslaunch][INFO] 2022-02-14 13:42:23,231: process[rosout-1]: cwd will be [/home/ros/.ros]
[roslaunch][INFO] 2022-02-14 13:42:23,296: process[rosout-1]: started with pid [1150]
[roslaunch][INFO] 2022-02-14 13:42:23,296: ... successfully launched [rosout-1]
[roslaunch][INFO] 2022-02-14 13:42:23,296: load_parameters starting ...
[roslaunch][INFO] 2022-02-14 13:42:23,298: ... load_parameters complete
[roslaunch][INFO] 2022-02-14 13:42:23,298: launch_nodes: launching local nodes ...
[roslaunch][INFO] 2022-02-14 13:42:23,298: ... preparing to launch node of type [rosserial_arduino/serial_node.py]
[roslaunch][INFO] 2022-02-14 13:42:23,298: create_node_process: package[rosserial_arduino] type[serial_node.py] machine[Machine(name[] env_loader[None] address[localhost] ssh_port[22] user[None] assignable[True] timeout[10.0])] master_uri[http://localhost:11311]
[roslaunch][INFO] 2022-02-14 13:42:23,298: process[sensor/tactile_pressure-2]: env[{'ROS_DISTRO': 'melodic', 'ROSLISP_PACKAGE_DIRECTORIES': '/home/ros/catkin_ws/devel/share/common-lisp', 'LD_LIBRARY_PATH': '/home/ros/catkin_ws/devel/lib:/opt/ros/melodic/lib', 'ROS_PACKAGE_PATH': '/home/ros/catkin_ws/src:/opt/ros/melodic/share', 'PATH': '/opt/ros/melodic/bin:/usr/local/sbin:/usr/local/bin:/usr/sbin:/usr/bin:/sbin:/bin', 'CMAKE_PREFIX_PATH': '/home/ros/catkin_ws/devel:/opt/ros/melodic', 'ROS_LOG_FILENAME': '/home/ros/.ros/log/efc55f10-8d9b-11ec-afa3-7c507959f385/roslaunch-FM00351-u-1129.log', 'LANG': 'C.UTF-8', 'TERM': 'xterm', 'SHLVL': '1', 'DISPLAY': ':0', 'UNAME': 'ros', 'ROS_ETC_DIR': '/opt/ros/melodic/etc/ros', 'HOME': '/home/ros', 'ROS_PYTHON_VERSION': '2', 'PYTHONPATH': '/home/ros/catkin_ws/devel/lib/python2.7/dist-packages:/opt/ros/melodic/lib/python2.7/dist-packages', 'QT_X11_NO_MITSHM': '1', 'ROS_ROOT': '/opt/ros/melodic/share/ros', 'PKG_CONFIG_PATH': '/home/ros/catkin_ws/devel/lib/pkgconfig:/opt/ros/melodic/lib/pkgconfig', 'LC_ALL': 'C.UTF-8', 'ROS_NAMESPACE': '/sensor', '_': '/opt/ros/melodic/bin/roslaunch', 'OLDPWD': '/home/ros', 'HOSTNAME': 'FM00351-u', 'PWD': '/home/ros/catkin_ws', 'ROS_MASTER_URI': 'http://localhost:11311', 'ROS_VERSION': '1'}]
[roslaunch][INFO] 2022-02-14 13:42:23,299: process[sensor/tactile_pressure-2]: args[[u'/home/ros/catkin_ws/src/rosserial/rosserial_arduino/nodes/serial_node.py', u'/sensor/Pressure:=/sensor/pressure_data', u'__name:=tactile_pressure']]
[roslaunch][INFO] 2022-02-14 13:42:23,299: ... created process [sensor/tactile_pressure-2]
[roslaunch.pmon][INFO] 2022-02-14 13:42:23,299: ProcessMonitor.register[sensor/tactile_pressure-2]
[roslaunch.pmon][INFO] 2022-02-14 13:42:23,299: ProcessMonitor.register[sensor/tactile_pressure-2] complete
[roslaunch][INFO] 2022-02-14 13:42:23,299: ... registered process [sensor/tactile_pressure-2]
[roslaunch][INFO] 2022-02-14 13:42:23,299: process[sensor/tactile_pressure-2]: starting os process
[roslaunch][INFO] 2022-02-14 13:42:23,300: process[sensor/tactile_pressure-2]: start w/ args [[u'/home/ros/catkin_ws/src/rosserial/rosserial_arduino/nodes/serial_node.py', u'/sensor/Pressure:=/sensor/pressure_data', u'__name:=tactile_pressure', u'__log:=/home/ros/.ros/log/efc55f10-8d9b-11ec-afa3-7c507959f385/sensor-tactile_pressure-2.log']]
[roslaunch][INFO] 2022-02-14 13:42:23,300: process[sensor/tactile_pressure-2]: cwd will be [/home/ros/.ros]
[roslaunch][INFO] 2022-02-14 13:42:23,364: process[sensor/tactile_pressure-2]: started with pid [1153]
[roslaunch][INFO] 2022-02-14 13:42:23,365: ... successfully launched [sensor/tactile_pressure-2]
[roslaunch][INFO] 2022-02-14 13:42:23,365: ... preparing to launch node of type [tactile_pressure_sensor/pressure_LocAndForceEstimation.py]
[roslaunch][INFO] 2022-02-14 13:42:23,365: create_node_process: package[tactile_pressure_sensor] type[pressure_LocAndForceEstimation.py] machine[Machine(name[] env_loader[None] address[localhost] ssh_port[22] user[None] assignable[True] timeout[10.0])] master_uri[http://localhost:11311]
[roslaunch][INFO] 2022-02-14 13:42:23,365: process[sensor/process_tactile_pressure-3]: env[{'ROS_DISTRO': 'melodic', 'ROSLISP_PACKAGE_DIRECTORIES': '/home/ros/catkin_ws/devel/share/common-lisp', 'LD_LIBRARY_PATH': '/home/ros/catkin_ws/devel/lib:/opt/ros/melodic/lib', 'ROS_PACKAGE_PATH': '/home/ros/catkin_ws/src:/opt/ros/melodic/share', 'PATH': '/opt/ros/melodic/bin:/usr/local/sbin:/usr/local/bin:/usr/sbin:/usr/bin:/sbin:/bin', 'CMAKE_PREFIX_PATH': '/home/ros/catkin_ws/devel:/opt/ros/melodic', 'ROS_LOG_FILENAME': '/home/ros/.ros/log/efc55f10-8d9b-11ec-afa3-7c507959f385/roslaunch-FM00351-u-1129.log', 'LANG': 'C.UTF-8', 'TERM': 'xterm', 'SHLVL': '1', 'DISPLAY': ':0', 'UNAME': 'ros', 'ROS_ETC_DIR': '/opt/ros/melodic/etc/ros', 'HOME': '/home/ros', 'ROS_PYTHON_VERSION': '2', 'PYTHONPATH': '/home/ros/catkin_ws/devel/lib/python2.7/dist-packages:/opt/ros/melodic/lib/python2.7/dist-packages', 'QT_X11_NO_MITSHM': '1', 'ROS_ROOT': '/opt/ros/melodic/share/ros', 'PKG_CONFIG_PATH': '/home/ros/catkin_ws/devel/lib/pkgconfig:/opt/ros/melodic/lib/pkgconfig', 'LC_ALL': 'C.UTF-8', 'ROS_NAMESPACE': '/sensor', '_': '/opt/ros/melodic/bin/roslaunch', 'OLDPWD': '/home/ros', 'HOSTNAME': 'FM00351-u', 'PWD': '/home/ros/catkin_ws', 'ROS_MASTER_URI': 'http://localhost:11311', 'ROS_VERSION': '1'}]
[roslaunch][INFO] 2022-02-14 13:42:23,365: process[sensor/process_tactile_pressure-3]: args[[u'/home/ros/catkin_ws/src/tactile_pressure_sensor/src/pressure_LocAndForceEstimation.py', u'/sensor/pressure_data:=/sensor/pressure_data', u'estimated_ForceAndLoc:=/sensor/estimated_ForceAndLoc', u'__name:=process_tactile_pressure']]
[roslaunch][INFO] 2022-02-14 13:42:23,365: ... created process [sensor/process_tactile_pressure-3]
[roslaunch.pmon][INFO] 2022-02-14 13:42:23,365: ProcessMonitor.register[sensor/process_tactile_pressure-3]
[roslaunch.pmon][INFO] 2022-02-14 13:42:23,365: ProcessMonitor.register[sensor/process_tactile_pressure-3] complete
[roslaunch][INFO] 2022-02-14 13:42:23,365: ... registered process [sensor/process_tactile_pressure-3]
[roslaunch][INFO] 2022-02-14 13:42:23,366: process[sensor/process_tactile_pressure-3]: starting os process
[roslaunch][INFO] 2022-02-14 13:42:23,366: process[sensor/process_tactile_pressure-3]: start w/ args [[u'/home/ros/catkin_ws/src/tactile_pressure_sensor/src/pressure_LocAndForceEstimation.py', u'/sensor/pressure_data:=/sensor/pressure_data', u'estimated_ForceAndLoc:=/sensor/estimated_ForceAndLoc', u'__name:=process_tactile_pressure', u'__log:=/home/ros/.ros/log/efc55f10-8d9b-11ec-afa3-7c507959f385/sensor-process_tactile_pressure-3.log']]
[roslaunch][INFO] 2022-02-14 13:42:23,366: process[sensor/process_tactile_pressure-3]: cwd will be [/home/ros/.ros]
[roslaunch][INFO] 2022-02-14 13:42:23,430: process[sensor/process_tactile_pressure-3]: started with pid [1158]
[roslaunch][INFO] 2022-02-14 13:42:23,431: ... successfully launched [sensor/process_tactile_pressure-3]
[roslaunch][INFO] 2022-02-14 13:42:23,431: ... launch_nodes complete
[roslaunch.pmon][INFO] 2022-02-14 13:42:23,431: registrations completed <ProcessMonitor(ProcessMonitor-1, started daemon 140169247110912)>
[roslaunch.parent][INFO] 2022-02-14 13:42:23,431: ... roslaunch parent running, waiting for process exit
[roslaunch][INFO] 2022-02-14 13:42:23,431: spin
[roslaunch.pmon][INFO] 2022-02-14 13:42:25,919: ProcessMonitor.shutdown <ProcessMonitor(ProcessMonitor-1, started daemon 140169247110912)>
[roslaunch.pmon][INFO] 2022-02-14 13:42:25,957: ProcessMonitor._post_run <ProcessMonitor(ProcessMonitor-1, started daemon 140169247110912)>
[roslaunch.pmon][INFO] 2022-02-14 13:42:25,958: ProcessMonitor._post_run <ProcessMonitor(ProcessMonitor-1, started daemon 140169247110912)>: remaining procs are [<roslaunch.nodeprocess.LocalProcess object at 0x7f7bb258cfd0>, <roslaunch.nodeprocess.LocalProcess object at 0x7f7bb2a33350>, <roslaunch.nodeprocess.LocalProcess object at 0x7f7bb2a2d950>, <roslaunch.nodeprocess.LocalProcess object at 0x7f7bb2a9ed50>]
[roslaunch.pmon][INFO] 2022-02-14 13:42:25,962: ProcessMonitor exit: killing sensor/process_tactile_pressure-3
[roslaunch][INFO] 2022-02-14 13:42:25,963: [sensor/process_tactile_pressure-3] killing on exit
[roslaunch][INFO] 2022-02-14 13:42:25,964: process[sensor/process_tactile_pressure-3]: killing os process with pid[1158] pgid[1158]
[roslaunch.pmon][INFO] 2022-02-14 13:42:25,963: ProcessMonitor exit: killing sensor/tactile_pressure-2
[roslaunch][INFO] 2022-02-14 13:42:25,964: [sensor/process_tactile_pressure-3] sending SIGINT to pgid [1158]
[roslaunch][INFO] 2022-02-14 13:42:25,965: [sensor/tactile_pressure-2] killing on exit
[roslaunch][INFO] 2022-02-14 13:42:25,965: [sensor/process_tactile_pressure-3] sent SIGINT to pgid [1158]
[roslaunch][INFO] 2022-02-14 13:42:25,966: process[sensor/tactile_pressure-2]: killing os process with pid[1153] pgid[1153]
[roslaunch][INFO] 2022-02-14 13:42:25,967: [sensor/tactile_pressure-2] sending SIGINT to pgid [1153]
[roslaunch][INFO] 2022-02-14 13:42:25,967: [sensor/tactile_pressure-2] sent SIGINT to pgid [1153]
[roslaunch][INFO] 2022-02-14 13:42:26,168: process[sensor/tactile_pressure-2]: SIGINT killed with return value 0
[roslaunch][INFO] 2022-02-14 13:42:27,068: process[sensor/process_tactile_pressure-3]: SIGINT killed with return value 0
[roslaunch.pmon][INFO] 2022-02-14 13:42:27,069: ProcessMonitor exit: killing rosout-1
[roslaunch][INFO] 2022-02-14 13:42:27,069: [rosout-1] killing on exit
[roslaunch][INFO] 2022-02-14 13:42:27,069: process[rosout-1]: killing os process with pid[1150] pgid[1150]
[roslaunch][INFO] 2022-02-14 13:42:27,069: [rosout-1] sending SIGINT to pgid [1150]
[roslaunch][INFO] 2022-02-14 13:42:27,070: [rosout-1] sent SIGINT to pgid [1150]
[roslaunch][INFO] 2022-02-14 13:42:27,170: process[rosout-1]: SIGINT killed with return value 0
[roslaunch.pmon][INFO] 2022-02-14 13:42:27,170: ProcessMonitor exit: killing master
[roslaunch][INFO] 2022-02-14 13:42:27,171: [master] killing on exit
[roslaunch][INFO] 2022-02-14 13:42:27,171: process[master]: killing os process with pid[1139] pgid[1139]
[roslaunch][INFO] 2022-02-14 13:42:27,171: [master] sending SIGINT to pgid [1139]
[roslaunch][INFO] 2022-02-14 13:42:27,171: [master] sent SIGINT to pgid [1139]
[roslaunch][INFO] 2022-02-14 13:42:27,372: process[master]: SIGINT killed with return value 0
[roslaunch.pmon][INFO] 2022-02-14 13:42:27,372: ProcessMonitor exit: cleaning up data structures and signals
[roslaunch.pmon][INFO] 2022-02-14 13:42:27,372: ProcessMonitor exit: pmon has shutdown
[roslaunch][INFO] 2022-02-14 13:42:27,387: process monitor is done spinning, initiating full shutdown
[roslaunch][INFO] 2022-02-14 13:42:27,388: runner.stop()
[roslaunch][INFO] 2022-02-14 13:42:27,388: shutting down processing monitor...
[roslaunch][INFO] 2022-02-14 13:42:27,388: shutting down processing monitor <ProcessMonitor(ProcessMonitor-1, stopped daemon 140169247110912)>
[roslaunch.pmon][INFO] 2022-02-14 13:42:27,388: ProcessMonitor.shutdown <ProcessMonitor(ProcessMonitor-1, stopped daemon 140169247110912)>
[roslaunch][INFO] 2022-02-14 13:42:27,388: ... shutting down processing monitor complete
[roslaunch][INFO] 2022-02-14 13:42:27,388: done
[roslaunch.pmon][INFO] 2022-02-14 13:42:27,388: ProcessMonitor.shutdown <ProcessMonitor(ProcessMonitor-1, stopped daemon 140169247110912)>
[rospy.core][INFO] 2022-02-14 13:42:27,389: signal_shutdown [atexit]
