[rosmaster.main][INFO] 2022-02-14 13:22:22,246: initialization complete, waiting for shutdown
[rosmaster.main][INFO] 2022-02-14 13:22:22,246: Starting ROS Master Node
[xmlrpc][INFO] 2022-02-14 13:22:22,247: XML-RPC server binding to 0.0.0.0:11311
[xmlrpc][INFO] 2022-02-14 13:22:22,247: Started XML-RPC server [http://FM00351-u:11311/]
[xmlrpc][INFO] 2022-02-14 13:22:22,247: xml rpc node: starting XML-RPC server
[rosmaster.master][INFO] 2022-02-14 13:22:22,247: Master initialized: port[11311], uri[http://FM00351-u:11311/]
[rosmaster.master][INFO] 2022-02-14 13:22:22,284: +PARAM [/run_id] by /roslaunch
[rosmaster.master][INFO] 2022-02-14 13:22:22,285: +PARAM [/roslaunch/uris/host_fm00351_u__40849] by /roslaunch
[rosmaster.master][INFO] 2022-02-14 13:22:22,552: +PARAM [/rosversion] by /roslaunch
[rosmaster.master][INFO] 2022-02-14 13:22:22,552: +PARAM [/rosdistro] by /roslaunch
[rosmaster.master][INFO] 2022-02-14 13:22:22,552: +PARAM [/baud_pressure] by /roslaunch
[rosmaster.master][INFO] 2022-02-14 13:22:22,552: +PARAM [/port_pressure] by /roslaunch
[rosmaster.master][INFO] 2022-02-14 13:22:22,557: +SERVICE [/rosout/get_loggers] /rosout http://FM00351-u:42749/
[rosmaster.master][INFO] 2022-02-14 13:22:22,557: +SERVICE [/rosout/set_logger_level] /rosout http://FM00351-u:42749/
[rosmaster.master][INFO] 2022-02-14 13:22:22,558: +PUB [/rosout_agg] /rosout http://FM00351-u:42749/
[rosmaster.master][INFO] 2022-02-14 13:22:22,559: +SUB [/rosout] /rosout http://FM00351-u:42749/
[rosmaster.master][INFO] 2022-02-14 13:22:22,953: +PUB [/rosout] /sensor/tactile_pressure http://FM00351-u:40759/
[rosmaster.master][INFO] 2022-02-14 13:22:22,958: +SERVICE [/sensor/tactile_pressure/get_loggers] /sensor/tactile_pressure http://FM00351-u:40759/
[rosmaster.master][INFO] 2022-02-14 13:22:22,959: +SERVICE [/sensor/tactile_pressure/set_logger_level] /sensor/tactile_pressure http://FM00351-u:40759/
[rosmaster.master][INFO] 2022-02-14 13:22:22,960: +CACHEDPARAM [/rosout_disable_topics_generation] by /sensor/tactile_pressure
[rosmaster.master][INFO] 2022-02-14 13:22:22,962: +CACHEDPARAM [/rosout_disable_topics_generation] by /sensor/tactile_pressure
[rosmaster.master][INFO] 2022-02-14 13:22:22,962: +SERVICE [/sensor/tactile_pressure/reset_arduino] /sensor/tactile_pressure http://FM00351-u:40759/
[rosmaster.master][INFO] 2022-02-14 13:22:22,963: +PUB [/diagnostics] /sensor/tactile_pressure http://FM00351-u:40759/
[rosmaster.master][INFO] 2022-02-14 13:22:22,963: +CACHEDPARAM [/rosout_disable_topics_generation] by /sensor/tactile_pressure
[rosmaster.master][INFO] 2022-02-14 13:22:23,048: publisherUpdate[/rosout] -> http://FM00351-u:42749/ ['http://FM00351-u:40759/']
[rosmaster.master][INFO] 2022-02-14 13:22:23,060: publisherUpdate[/rosout] -> http://FM00351-u:42749/ ['http://FM00351-u:40759/']: sec=0.01, result=[1, '', 0]
[rosmaster.master][INFO] 2022-02-14 13:22:23,207: +PUB [/rosout] /sensor/process_tactile_pressure http://FM00351-u:35577/
[rosmaster.master][INFO] 2022-02-14 13:22:23,212: +SERVICE [/sensor/process_tactile_pressure/get_loggers] /sensor/process_tactile_pressure http://FM00351-u:35577/
[rosmaster.master][INFO] 2022-02-14 13:22:23,214: +SERVICE [/sensor/process_tactile_pressure/set_logger_level] /sensor/process_tactile_pressure http://FM00351-u:35577/
[rosmaster.master][INFO] 2022-02-14 13:22:23,217: +SUB [/sensor/pressure_reset] /sensor/process_tactile_pressure http://FM00351-u:35577/
[rosmaster.master][INFO] 2022-02-14 13:22:23,220: +SUB [/sensor/pressure_data] /sensor/process_tactile_pressure http://FM00351-u:35577/
[rosmaster.master][INFO] 2022-02-14 13:22:23,221: +PUB [/sensor/estimated_ForceAndLoc] /sensor/process_tactile_pressure http://FM00351-u:35577/
[rosmaster.master][INFO] 2022-02-14 13:22:23,248: publisherUpdate[/rosout] -> http://FM00351-u:42749/ ['http://FM00351-u:40759/', 'http://FM00351-u:35577/']
[rosmaster.master][INFO] 2022-02-14 13:22:23,268: publisherUpdate[/rosout] -> http://FM00351-u:42749/ ['http://FM00351-u:40759/', 'http://FM00351-u:35577/']: sec=0.02, result=[1, '', 0]
[rosmaster.master][INFO] 2022-02-14 13:22:23,270: +CACHEDPARAM [/rosout/omit_topics] by /rosout
[rosmaster.master][INFO] 2022-02-14 13:22:25,966: +CACHEDPARAM [/rosout_disable_topics_generation] by /sensor/tactile_pressure
[rosmaster.master][INFO] 2022-02-14 13:22:26,226: +CACHEDPARAM [/rosout_disable_topics_generation] by /sensor/process_tactile_pressure
[rosmaster.master][INFO] 2022-02-14 13:22:26,229: -SUB [/sensor/pressure_reset] /sensor/process_tactile_pressure http://FM00351-u:35577/
[rosmaster.master][INFO] 2022-02-14 13:22:26,230: -SUB [/sensor/pressure_data] /sensor/process_tactile_pressure http://FM00351-u:35577/
[rosmaster.master][INFO] 2022-02-14 13:22:26,230: -PUB [/rosout] /sensor/process_tactile_pressure http://FM00351-u:35577/
[rosmaster.master][INFO] 2022-02-14 13:22:26,230: -PUB [/sensor/estimated_ForceAndLoc] /sensor/process_tactile_pressure http://FM00351-u:35577/
[rosmaster.master][INFO] 2022-02-14 13:22:26,230: -SERVICE [/sensor/process_tactile_pressure/get_loggers] /sensor/process_tactile_pressure rosrpc://FM00351-u:39329
[rosmaster.master][INFO] 2022-02-14 13:22:26,230: -SERVICE [/sensor/process_tactile_pressure/set_logger_level] /sensor/process_tactile_pressure rosrpc://FM00351-u:39329
[rosmaster.master][INFO] 2022-02-14 13:22:26,256: publisherUpdate[/rosout] -> http://FM00351-u:42749/ ['http://FM00351-u:40759/']
[rosmaster.master][INFO] 2022-02-14 13:22:26,268: publisherUpdate[/rosout] -> http://FM00351-u:42749/ ['http://FM00351-u:40759/']: sec=0.01, result=[1, '', 0]
[rosmaster.master][INFO] 2022-02-14 13:22:28,972: +CACHEDPARAM [/rosout_disable_topics_generation] by /sensor/tactile_pressure
[rosmaster.master][INFO] 2022-02-14 13:22:31,978: +CACHEDPARAM [/rosout_disable_topics_generation] by /sensor/tactile_pressure
[rosmaster.master][INFO] 2022-02-14 13:22:32,139: -PUB [/diagnostics] /sensor/tactile_pressure http://FM00351-u:40759/
[rosmaster.master][INFO] 2022-02-14 13:22:32,139: -PUB [/rosout] /sensor/tactile_pressure http://FM00351-u:40759/
[rosmaster.master][INFO] 2022-02-14 13:22:32,139: -SERVICE [/sensor/tactile_pressure/set_logger_level] /sensor/tactile_pressure rosrpc://FM00351-u:42375
[rosmaster.master][INFO] 2022-02-14 13:22:32,139: -SERVICE [/sensor/tactile_pressure/reset_arduino] /sensor/tactile_pressure rosrpc://FM00351-u:42375
[rosmaster.master][INFO] 2022-02-14 13:22:32,139: -SERVICE [/sensor/tactile_pressure/get_loggers] /sensor/tactile_pressure rosrpc://FM00351-u:42375
[rosmaster.master][INFO] 2022-02-14 13:22:32,180: publisherUpdate[/rosout] -> http://FM00351-u:42749/ []
[rosmaster.master][INFO] 2022-02-14 13:22:32,181: publisherUpdate[/rosout] -> http://FM00351-u:42749/ []: sec=0.00, result=[1, '', 0]
[rosmaster.master][INFO] 2022-02-14 13:22:32,382: -PUB [/rosout_agg] /rosout http://FM00351-u:42749/
[rosmaster.master][INFO] 2022-02-14 13:22:32,382: -SUB [/rosout] /rosout http://FM00351-u:42749/
[rosmaster.master][INFO] 2022-02-14 13:22:32,383: -SERVICE [/rosout/get_loggers] /rosout rosrpc://FM00351-u:33349
[rosmaster.master][INFO] 2022-02-14 13:22:32,383: -SERVICE [/rosout/set_logger_level] /rosout rosrpc://FM00351-u:33349
[rosmaster.master][INFO] 2022-02-14 13:22:32,383: -CACHEDPARAM [/rosout/omit_topics] by /rosout
[rosmaster.main][INFO] 2022-02-14 13:22:32,440: keyboard interrupt, will exit
[rosmaster.main][INFO] 2022-02-14 13:22:32,440: stopping master...
[rospy.core][INFO] 2022-02-14 13:22:32,440: signal_shutdown [atexit]
