[rospy.client][INFO] 2022-02-23 12:30:23,391: init_node, name[/Robotiq2FGripperSlipController_2121_1645619423329], pid[2121]
[xmlrpc][INFO] 2022-02-23 12:30:23,391: XML-RPC server binding to 0.0.0.0:0
[xmlrpc][INFO] 2022-02-23 12:30:23,392: Started XML-RPC server [http://FM00351-u:34255/]
[rospy.init][INFO] 2022-02-23 12:30:23,392: ROS Slave URI: [http://FM00351-u:34255/]
[rospy.impl.masterslave][INFO] 2022-02-23 12:30:23,392: _ready: http://FM00351-u:34255/
[rospy.registration][INFO] 2022-02-23 12:30:23,393: Registering with master node http://localhost:11311
[xmlrpc][INFO] 2022-02-23 12:30:23,393: xml rpc node: starting XML-RPC server
[rospy.init][INFO] 2022-02-23 12:30:23,492: registered with master
[rospy.rosout][INFO] 2022-02-23 12:30:23,493: initializing /rosout core topic
[rospy.rosout][INFO] 2022-02-23 12:30:23,497: connected to core topic /rosout
[rospy.simtime][INFO] 2022-02-23 12:30:23,499: /use_sim_time is not set, will not subscribe to simulated time [/clock] topic
[rosout][INFO] 2022-02-23 12:30:23,503: controller is started now
[rospy.internal][INFO] 2022-02-23 12:30:23,597: topic[/Robotiq2FGripperRobotOutput] adding connection to [/Robotiq2FGripperRtuNode], count 0
[rospy.internal][INFO] 2022-02-23 12:30:23,770: topic[/rosout] adding connection to [/rosout], count 0
[rospy.internal][INFO] 2022-02-23 12:30:25,060: topic[/Robotiq2FGripperRobotInput] adding connection to [http://FM00351-u:44155/], count 0
[rospy.core][INFO] 2022-02-23 12:39:11,342: signal_shutdown [signal-2]
[rospy.internal][INFO] 2022-02-23 12:39:11,346: topic[/rosout] removing connection to /rosout
[rospy.internal][INFO] 2022-02-23 12:39:11,346: topic[/Robotiq2FGripperRobotOutput] removing connection to /Robotiq2FGripperRtuNode
[rospy.internal][INFO] 2022-02-23 12:39:11,346: topic[/Robotiq2FGripperRobotInput] removing connection to http://FM00351-u:44155/
[rospy.internal][WARNING] 2022-02-23 12:39:11,347: Unknown error initiating TCP/IP socket to FM00351-u:33503 (http://FM00351-u:44155/): Traceback (most recent call last):
  File "/opt/ros/melodic/lib/python2.7/dist-packages/rospy/impl/tcpros_base.py", line 562, in connect
    self.read_header()
  File "/opt/ros/melodic/lib/python2.7/dist-packages/rospy/impl/tcpros_base.py", line 657, in read_header
    self._validate_header(read_ros_handshake_header(sock, self.read_buff, self.protocol.buff_size))
AttributeError: 'NoneType' object has no attribute 'buff_size'

[rospy.impl.masterslave][INFO] 2022-02-23 12:39:11,347: signal-2
[rospy.core][INFO] 2022-02-23 12:39:13,022: signal_shutdown [atexit]
