[rospy.client][INFO] 2022-02-23 12:41:26,700: init_node, name[/Robotiq2FGripperSlipController_2170_1645620086638], pid[2170]
[xmlrpc][INFO] 2022-02-23 12:41:26,700: XML-RPC server binding to 0.0.0.0:0
[xmlrpc][INFO] 2022-02-23 12:41:26,701: Started XML-RPC server [http://FM00351-u:33075/]
[rospy.init][INFO] 2022-02-23 12:41:26,701: ROS Slave URI: [http://FM00351-u:33075/]
[rospy.impl.masterslave][INFO] 2022-02-23 12:41:26,701: _ready: http://FM00351-u:33075/
[rospy.registration][INFO] 2022-02-23 12:41:26,701: Registering with master node http://localhost:11311
[xmlrpc][INFO] 2022-02-23 12:41:26,701: xml rpc node: starting XML-RPC server
[rospy.init][INFO] 2022-02-23 12:41:26,801: registered with master
[rospy.rosout][INFO] 2022-02-23 12:41:26,802: initializing /rosout core topic
[rospy.rosout][INFO] 2022-02-23 12:41:26,806: connected to core topic /rosout
[rospy.simtime][INFO] 2022-02-23 12:41:26,808: /use_sim_time is not set, will not subscribe to simulated time [/clock] topic
[rosout][INFO] 2022-02-23 12:41:26,812: controller is started now
[rospy.internal][INFO] 2022-02-23 12:41:26,866: topic[/Robotiq2FGripperRobotOutput] adding connection to [/Robotiq2FGripperRtuNode], count 0
[rospy.internal][INFO] 2022-02-23 12:41:27,016: topic[/rosout] adding connection to [/rosout], count 0
[rospy.internal][INFO] 2022-02-23 12:41:28,370: topic[/Robotiq2FGripperRobotInput] adding connection to [http://FM00351-u:44155/], count 0
[rospy.core][INFO] 2022-02-23 12:41:41,844: signal_shutdown [atexit]
[rospy.internal][INFO] 2022-02-23 12:41:41,848: topic[/rosout] removing connection to /rosout
[rospy.internal][INFO] 2022-02-23 12:41:41,848: topic[/Robotiq2FGripperRobotOutput] removing connection to /Robotiq2FGripperRtuNode
[rospy.internal][INFO] 2022-02-23 12:41:41,849: topic[/Robotiq2FGripperRobotInput] removing connection to http://FM00351-u:44155/
[rospy.impl.masterslave][INFO] 2022-02-23 12:41:41,849: atexit
