[rospy.client][INFO] 2022-02-23 12:43:10,742: init_node, name[/Robotiq2FGripperSlipController_2203_1645620190675], pid[2203]
[xmlrpc][INFO] 2022-02-23 12:43:10,743: XML-RPC server binding to 0.0.0.0:0
[xmlrpc][INFO] 2022-02-23 12:43:10,743: Started XML-RPC server [http://FM00351-u:37359/]
[rospy.init][INFO] 2022-02-23 12:43:10,743: ROS Slave URI: [http://FM00351-u:37359/]
[rospy.impl.masterslave][INFO] 2022-02-23 12:43:10,744: _ready: http://FM00351-u:37359/
[rospy.registration][INFO] 2022-02-23 12:43:10,744: Registering with master node http://localhost:11311
[xmlrpc][INFO] 2022-02-23 12:43:10,744: xml rpc node: starting XML-RPC server
[rospy.init][INFO] 2022-02-23 12:43:10,844: registered with master
[rospy.rosout][INFO] 2022-02-23 12:43:10,844: initializing /rosout core topic
[rospy.rosout][INFO] 2022-02-23 12:43:10,847: connected to core topic /rosout
[rospy.simtime][INFO] 2022-02-23 12:43:10,847: /use_sim_time is not set, will not subscribe to simulated time [/clock] topic
[rosout][INFO] 2022-02-23 12:43:10,849: controller is started now
[rospy.internal][INFO] 2022-02-23 12:43:10,905: topic[/Robotiq2FGripperRobotOutput] adding connection to [/Robotiq2FGripperRtuNode], count 0
[rospy.internal][INFO] 2022-02-23 12:43:11,054: topic[/rosout] adding connection to [/rosout], count 0
[rospy.internal][INFO] 2022-02-23 12:43:16,615: topic[/Robotiq2FGripperRobotInput] adding connection to [http://FM00351-u:44155/], count 0
[rospy.core][INFO] 2022-02-23 12:48:20,282: signal_shutdown [signal-2]
[rospy.internal][INFO] 2022-02-23 12:48:20,287: topic[/rosout] removing connection to /rosout
[rospy.internal][INFO] 2022-02-23 12:48:20,287: topic[/Robotiq2FGripperRobotOutput] removing connection to /Robotiq2FGripperRtuNode
[rospy.internal][INFO] 2022-02-23 12:48:20,287: topic[/Robotiq2FGripperRobotInput] removing connection to http://FM00351-u:44155/
[rospy.impl.masterslave][INFO] 2022-02-23 12:48:20,288: signal-2
[rospy.core][INFO] 2022-02-23 12:48:20,905: signal_shutdown [atexit]
