[rospy.client][INFO] 2022-02-14 14:03:38,404: init_node, name[/Robotiq2FGripperForceController], pid[1252]
[xmlrpc][INFO] 2022-02-14 14:03:38,404: XML-RPC server binding to 0.0.0.0:0
[xmlrpc][INFO] 2022-02-14 14:03:38,404: Started XML-RPC server [http://FM00351-u:34941/]
[rospy.init][INFO] 2022-02-14 14:03:38,404: ROS Slave URI: [http://FM00351-u:34941/]
[rospy.impl.masterslave][INFO] 2022-02-14 14:03:38,405: _ready: http://FM00351-u:34941/
[rospy.registration][INFO] 2022-02-14 14:03:38,405: Registering with master node http://localhost:11311
[xmlrpc][INFO] 2022-02-14 14:03:38,405: xml rpc node: starting XML-RPC server
[rospy.init][INFO] 2022-02-14 14:03:38,505: registered with master
[rospy.rosout][INFO] 2022-02-14 14:03:38,505: initializing /rosout core topic
[rospy.rosout][INFO] 2022-02-14 14:03:38,509: connected to core topic /rosout
[rospy.simtime][INFO] 2022-02-14 14:03:38,511: /use_sim_time is not set, will not subscribe to simulated time [/clock] topic
[rospy.internal][INFO] 2022-02-14 14:03:38,743: topic[/rosout] adding connection to [/rosout], count 0
[rospy.core][INFO] 2022-02-14 14:04:22,354: signal_shutdown [atexit]
[rospy.internal][INFO] 2022-02-14 14:04:22,356: topic[/rosout] removing connection to /rosout
[rospy.impl.masterslave][INFO] 2022-02-14 14:04:22,356: atexit
[rospy.client][INFO] 2022-02-14 14:06:45,359: init_node, name[/Robotiq2FGripperForceController], pid[1262]
[xmlrpc][INFO] 2022-02-14 14:06:45,359: XML-RPC server binding to 0.0.0.0:0
[xmlrpc][INFO] 2022-02-14 14:06:45,359: Started XML-RPC server [http://FM00351-u:41041/]
[rospy.init][INFO] 2022-02-14 14:06:45,359: ROS Slave URI: [http://FM00351-u:41041/]
[rospy.impl.masterslave][INFO] 2022-02-14 14:06:45,359: _ready: http://FM00351-u:41041/
[rospy.registration][INFO] 2022-02-14 14:06:45,360: Registering with master node http://localhost:11311
[xmlrpc][INFO] 2022-02-14 14:06:45,360: xml rpc node: starting XML-RPC server
[rospy.init][INFO] 2022-02-14 14:06:45,460: registered with master
[rospy.rosout][INFO] 2022-02-14 14:06:45,460: initializing /rosout core topic
[rospy.rosout][INFO] 2022-02-14 14:06:45,461: connected to core topic /rosout
[rospy.simtime][INFO] 2022-02-14 14:06:45,461: /use_sim_time is not set, will not subscribe to simulated time [/clock] topic
[rospy.internal][INFO] 2022-02-14 14:06:45,722: topic[/rosout] adding connection to [/rosout], count 0
[rospy.core][INFO] 2022-02-14 14:06:53,415: signal_shutdown [atexit]
[rospy.internal][INFO] 2022-02-14 14:06:53,418: topic[/rosout] removing connection to /rosout
[rospy.impl.masterslave][INFO] 2022-02-14 14:06:53,418: atexit
[rospy.client][INFO] 2022-02-14 14:25:03,339: init_node, name[/Robotiq2FGripperForceController], pid[1054]
[xmlrpc][INFO] 2022-02-14 14:25:03,339: XML-RPC server binding to 0.0.0.0:0
[xmlrpc][INFO] 2022-02-14 14:25:03,339: Started XML-RPC server [http://FM00351-u:42333/]
[rospy.impl.masterslave][INFO] 2022-02-14 14:25:03,340: _ready: http://FM00351-u:42333/
[rospy.init][INFO] 2022-02-14 14:25:03,340: ROS Slave URI: [http://FM00351-u:42333/]
[rospy.registration][INFO] 2022-02-14 14:25:03,340: Registering with master node http://localhost:11311
[xmlrpc][INFO] 2022-02-14 14:25:03,340: xml rpc node: starting XML-RPC server
[rospy.init][INFO] 2022-02-14 14:25:03,440: registered with master
[rospy.rosout][INFO] 2022-02-14 14:25:03,441: initializing /rosout core topic
[rospy.rosout][INFO] 2022-02-14 14:25:03,444: connected to core topic /rosout
[rospy.simtime][INFO] 2022-02-14 14:25:03,446: /use_sim_time is not set, will not subscribe to simulated time [/clock] topic
[rospy.internal][INFO] 2022-02-14 14:25:03,716: topic[/rosout] adding connection to [/rosout], count 0
[rospy.core][INFO] 2022-02-14 14:26:12,592: signal_shutdown [atexit]
[rospy.internal][INFO] 2022-02-14 14:26:12,596: topic[/rosout] removing connection to /rosout
[rospy.impl.masterslave][INFO] 2022-02-14 14:26:12,596: atexit
[rospy.client][INFO] 2022-02-14 14:26:21,778: init_node, name[/Robotiq2FGripperForceController], pid[1063]
[xmlrpc][INFO] 2022-02-14 14:26:21,778: XML-RPC server binding to 0.0.0.0:0
[xmlrpc][INFO] 2022-02-14 14:26:21,778: Started XML-RPC server [http://FM00351-u:45953/]
[rospy.init][INFO] 2022-02-14 14:26:21,778: ROS Slave URI: [http://FM00351-u:45953/]
[rospy.impl.masterslave][INFO] 2022-02-14 14:26:21,778: _ready: http://FM00351-u:45953/
[xmlrpc][INFO] 2022-02-14 14:26:21,779: xml rpc node: starting XML-RPC server
[rospy.registration][INFO] 2022-02-14 14:26:21,779: Registering with master node http://localhost:11311
[rospy.init][INFO] 2022-02-14 14:26:21,879: registered with master
[rospy.rosout][INFO] 2022-02-14 14:26:21,879: initializing /rosout core topic
[rospy.rosout][INFO] 2022-02-14 14:26:21,883: connected to core topic /rosout
[rospy.simtime][INFO] 2022-02-14 14:26:21,885: /use_sim_time is not set, will not subscribe to simulated time [/clock] topic
[rospy.internal][INFO] 2022-02-14 14:26:22,100: topic[/rosout] adding connection to [/rosout], count 0
[rospy.core][INFO] 2022-02-14 14:27:06,789: signal_shutdown [signal-2]
[rospy.internal][INFO] 2022-02-14 14:27:06,794: topic[/rosout] removing connection to /rosout
[rospy.impl.masterslave][INFO] 2022-02-14 14:27:06,794: signal-2
[rospy.core][INFO] 2022-02-14 14:27:07,117: signal_shutdown [signal-2]
[rospy.core][INFO] 2022-02-14 14:27:08,208: signal_shutdown [atexit]
[rospy.client][INFO] 2022-02-14 14:28:36,197: init_node, name[/Robotiq2FGripperForceController], pid[1477]
[xmlrpc][INFO] 2022-02-14 14:28:36,197: XML-RPC server binding to 0.0.0.0:0
[xmlrpc][INFO] 2022-02-14 14:28:36,197: Started XML-RPC server [http://FM00351-u:40331/]
[rospy.init][INFO] 2022-02-14 14:28:36,197: ROS Slave URI: [http://FM00351-u:40331/]
[rospy.impl.masterslave][INFO] 2022-02-14 14:28:36,197: _ready: http://FM00351-u:40331/
[xmlrpc][INFO] 2022-02-14 14:28:36,198: xml rpc node: starting XML-RPC server
[rospy.registration][INFO] 2022-02-14 14:28:36,198: Registering with master node http://localhost:11311
[rospy.init][INFO] 2022-02-14 14:28:36,298: registered with master
[rospy.rosout][INFO] 2022-02-14 14:28:36,298: initializing /rosout core topic
[rospy.rosout][INFO] 2022-02-14 14:28:36,303: connected to core topic /rosout
[rospy.simtime][INFO] 2022-02-14 14:28:36,305: /use_sim_time is not set, will not subscribe to simulated time [/clock] topic
[rospy.internal][INFO] 2022-02-14 14:28:36,422: topic[/Robotiq2FGripperRobotOutput] adding connection to [/robotiq2FGripper], count 0
[rospy.internal][INFO] 2022-02-14 14:28:36,593: topic[/rosout] adding connection to [/rosout], count 0
[rospy.internal][INFO] 2022-02-14 14:28:38,867: topic[/Robotiq2FGripperRobotInput] adding connection to [http://FM00351-u:33625/], count 0
[rospy.core][INFO] 2022-02-14 14:28:42,813: signal_shutdown [atexit]
[rospy.internal][INFO] 2022-02-14 14:28:42,817: topic[/rosout] removing connection to /rosout
[rospy.internal][INFO] 2022-02-14 14:28:42,818: topic[/Robotiq2FGripperRobotOutput] removing connection to /robotiq2FGripper
[rospy.internal][INFO] 2022-02-14 14:28:42,818: topic[/Robotiq2FGripperRobotInput] removing connection to http://FM00351-u:33625/
[rospy.impl.masterslave][INFO] 2022-02-14 14:28:42,818: atexit
[rospy.client][INFO] 2022-02-14 14:29:07,707: init_node, name[/Robotiq2FGripperForceController], pid[1498]
[xmlrpc][INFO] 2022-02-14 14:29:07,707: XML-RPC server binding to 0.0.0.0:0
[xmlrpc][INFO] 2022-02-14 14:29:07,707: Started XML-RPC server [http://FM00351-u:43645/]
[rospy.impl.masterslave][INFO] 2022-02-14 14:29:07,707: _ready: http://FM00351-u:43645/
[rospy.init][INFO] 2022-02-14 14:29:07,707: ROS Slave URI: [http://FM00351-u:43645/]
[xmlrpc][INFO] 2022-02-14 14:29:07,708: xml rpc node: starting XML-RPC server
[rospy.registration][INFO] 2022-02-14 14:29:07,708: Registering with master node http://localhost:11311
[rospy.init][INFO] 2022-02-14 14:29:07,808: registered with master
[rospy.rosout][INFO] 2022-02-14 14:29:07,808: initializing /rosout core topic
[rospy.rosout][INFO] 2022-02-14 14:29:07,812: connected to core topic /rosout
[rospy.simtime][INFO] 2022-02-14 14:29:07,813: /use_sim_time is not set, will not subscribe to simulated time [/clock] topic
[rospy.internal][INFO] 2022-02-14 14:29:07,907: topic[/Robotiq2FGripperRobotOutput] adding connection to [/robotiq2FGripper], count 0
[rospy.internal][INFO] 2022-02-14 14:29:08,068: topic[/rosout] adding connection to [/rosout], count 0
[rospy.internal][INFO] 2022-02-14 14:29:09,876: topic[/Robotiq2FGripperRobotInput] adding connection to [http://FM00351-u:33625/], count 0
[rospy.core][INFO] 2022-02-14 14:29:33,410: signal_shutdown [atexit]
[rospy.internal][INFO] 2022-02-14 14:29:33,413: topic[/rosout] removing connection to /rosout
[rospy.internal][INFO] 2022-02-14 14:29:33,413: topic[/Robotiq2FGripperRobotOutput] removing connection to /robotiq2FGripper
[rospy.internal][INFO] 2022-02-14 14:29:33,413: topic[/Robotiq2FGripperRobotInput] removing connection to http://FM00351-u:33625/
[rospy.internal][WARNING] 2022-02-14 14:29:33,413: Unknown error initiating TCP/IP socket to FM00351-u:34509 (http://FM00351-u:33625/): Traceback (most recent call last):
  File "/opt/ros/melodic/lib/python2.7/dist-packages/rospy/impl/tcpros_base.py", line 562, in connect
    self.read_header()
  File "/opt/ros/melodic/lib/python2.7/dist-packages/rospy/impl/tcpros_base.py", line 657, in read_header
    self._validate_header(read_ros_handshake_header(sock, self.read_buff, self.protocol.buff_size))
AttributeError: 'NoneType' object has no attribute 'buff_size'

[rospy.topics][ERROR] 2022-02-14 14:29:33,414: Traceback (most recent call last):
  File "/opt/ros/melodic/lib/python2.7/dist-packages/rospy/topics.py", line 326, in close
    c.close()
  File "/opt/ros/melodic/lib/python2.7/dist-packages/rospy/impl/tcpros_base.py", line 846, in close
    self.socket.close()
AttributeError: 'NoneType' object has no attribute 'close'

[rospy.impl.masterslave][INFO] 2022-02-14 14:29:33,414: atexit
[rospy.client][INFO] 2022-02-14 14:29:36,440: init_node, name[/Robotiq2FGripperForceController], pid[1515]
[xmlrpc][INFO] 2022-02-14 14:29:36,440: XML-RPC server binding to 0.0.0.0:0
[xmlrpc][INFO] 2022-02-14 14:29:36,440: Started XML-RPC server [http://FM00351-u:34895/]
[rospy.init][INFO] 2022-02-14 14:29:36,440: ROS Slave URI: [http://FM00351-u:34895/]
[rospy.impl.masterslave][INFO] 2022-02-14 14:29:36,441: _ready: http://FM00351-u:34895/
[rospy.registration][INFO] 2022-02-14 14:29:36,441: Registering with master node http://localhost:11311
[xmlrpc][INFO] 2022-02-14 14:29:36,441: xml rpc node: starting XML-RPC server
[rospy.init][INFO] 2022-02-14 14:29:36,541: registered with master
[rospy.rosout][INFO] 2022-02-14 14:29:36,541: initializing /rosout core topic
[rospy.rosout][INFO] 2022-02-14 14:29:36,545: connected to core topic /rosout
[rospy.simtime][INFO] 2022-02-14 14:29:36,547: /use_sim_time is not set, will not subscribe to simulated time [/clock] topic
[rospy.internal][INFO] 2022-02-14 14:29:36,642: topic[/Robotiq2FGripperRobotOutput] adding connection to [/robotiq2FGripper], count 0
[rospy.internal][INFO] 2022-02-14 14:29:36,833: topic[/rosout] adding connection to [/rosout], count 0
[rospy.internal][INFO] 2022-02-14 14:29:38,943: topic[/Robotiq2FGripperRobotInput] adding connection to [http://FM00351-u:33625/], count 0
[rospy.core][INFO] 2022-02-14 14:29:42,586: signal_shutdown [atexit]
[rospy.internal][INFO] 2022-02-14 14:29:42,588: topic[/rosout] removing connection to /rosout
[rospy.internal][INFO] 2022-02-14 14:29:42,588: topic[/Robotiq2FGripperRobotOutput] removing connection to /robotiq2FGripper
[rospy.internal][INFO] 2022-02-14 14:29:42,588: topic[/Robotiq2FGripperRobotInput] removing connection to http://FM00351-u:33625/
[rospy.impl.masterslave][INFO] 2022-02-14 14:29:42,588: atexit
[rospy.client][INFO] 2022-02-14 14:29:45,484: init_node, name[/Robotiq2FGripperForceController], pid[1531]
[xmlrpc][INFO] 2022-02-14 14:29:45,484: XML-RPC server binding to 0.0.0.0:0
[xmlrpc][INFO] 2022-02-14 14:29:45,485: Started XML-RPC server [http://FM00351-u:37557/]
[rospy.init][INFO] 2022-02-14 14:29:45,485: ROS Slave URI: [http://FM00351-u:37557/]
[rospy.impl.masterslave][INFO] 2022-02-14 14:29:45,485: _ready: http://FM00351-u:37557/
[rospy.registration][INFO] 2022-02-14 14:29:45,485: Registering with master node http://localhost:11311
[xmlrpc][INFO] 2022-02-14 14:29:45,485: xml rpc node: starting XML-RPC server
[rospy.init][INFO] 2022-02-14 14:29:45,585: registered with master
[rospy.rosout][INFO] 2022-02-14 14:29:45,585: initializing /rosout core topic
[rospy.rosout][INFO] 2022-02-14 14:29:45,589: connected to core topic /rosout
[rospy.simtime][INFO] 2022-02-14 14:29:45,591: /use_sim_time is not set, will not subscribe to simulated time [/clock] topic
[rospy.internal][INFO] 2022-02-14 14:29:45,663: topic[/Robotiq2FGripperRobotOutput] adding connection to [/robotiq2FGripper], count 0
[rospy.internal][INFO] 2022-02-14 14:29:45,854: topic[/rosout] adding connection to [/rosout], count 0
[rospy.internal][INFO] 2022-02-14 14:30:05,112: topic[/Robotiq2FGripperRobotInput] adding connection to [http://FM00351-u:33625/], count 0
[rospy.core][INFO] 2022-02-14 14:30:31,655: signal_shutdown [atexit]
[rospy.internal][INFO] 2022-02-14 14:30:31,660: topic[/rosout] removing connection to /rosout
[rospy.internal][INFO] 2022-02-14 14:30:31,660: topic[/Robotiq2FGripperRobotOutput] removing connection to /robotiq2FGripper
[rospy.internal][INFO] 2022-02-14 14:30:31,660: topic[/Robotiq2FGripperRobotInput] removing connection to http://FM00351-u:33625/
[rospy.impl.masterslave][INFO] 2022-02-14 14:30:31,660: atexit
[rospy.internal][WARNING] 2022-02-14 14:30:31,660: Unknown error initiating TCP/IP socket to FM00351-u:34509 (http://FM00351-u:33625/): Traceback (most recent call last):
  File "/opt/ros/melodic/lib/python2.7/dist-packages/rospy/impl/tcpros_base.py", line 563, in connect
    self.local_endpoint = self.socket.getsockname()
AttributeError: 'NoneType' object has no attribute 'getsockname'

[rospy.client][INFO] 2022-02-14 14:32:13,138: init_node, name[/Robotiq2FGripperForceController], pid[2002]
[xmlrpc][INFO] 2022-02-14 14:32:13,139: XML-RPC server binding to 0.0.0.0:0
[xmlrpc][INFO] 2022-02-14 14:32:13,139: Started XML-RPC server [http://FM00351-u:39355/]
[rospy.init][INFO] 2022-02-14 14:32:13,139: ROS Slave URI: [http://FM00351-u:39355/]
[rospy.impl.masterslave][INFO] 2022-02-14 14:32:13,139: _ready: http://FM00351-u:39355/
[rospy.registration][INFO] 2022-02-14 14:32:13,140: Registering with master node http://localhost:11311
[xmlrpc][INFO] 2022-02-14 14:32:13,140: xml rpc node: starting XML-RPC server
[rospy.init][INFO] 2022-02-14 14:32:13,239: registered with master
[rospy.rosout][INFO] 2022-02-14 14:32:13,240: initializing /rosout core topic
[rospy.rosout][INFO] 2022-02-14 14:32:13,243: connected to core topic /rosout
[rospy.simtime][INFO] 2022-02-14 14:32:13,245: /use_sim_time is not set, will not subscribe to simulated time [/clock] topic
[rospy.internal][INFO] 2022-02-14 14:32:13,293: topic[/Robotiq2FGripperRobotOutput] adding connection to [/robotiq2FGripper], count 0
[rospy.internal][INFO] 2022-02-14 14:32:13,475: topic[/rosout] adding connection to [/rosout], count 0
[rospy.internal][INFO] 2022-02-14 14:32:20,110: topic[/Robotiq2FGripperRobotInput] adding connection to [http://FM00351-u:46355/], count 0
[rospy.core][INFO] 2022-02-14 14:32:26,363: signal_shutdown [atexit]
[rospy.internal][INFO] 2022-02-14 14:32:26,367: topic[/rosout] removing connection to /rosout
[rospy.internal][INFO] 2022-02-14 14:32:26,367: topic[/Robotiq2FGripperRobotOutput] removing connection to /robotiq2FGripper
[rospy.internal][INFO] 2022-02-14 14:32:26,367: topic[/Robotiq2FGripperRobotInput] removing connection to http://FM00351-u:46355/
[rospy.impl.masterslave][INFO] 2022-02-14 14:32:26,367: atexit
[rospy.client][INFO] 2022-02-14 14:32:45,932: init_node, name[/Robotiq2FGripperForceController], pid[2022]
[xmlrpc][INFO] 2022-02-14 14:32:45,932: XML-RPC server binding to 0.0.0.0:0
[xmlrpc][INFO] 2022-02-14 14:32:45,933: Started XML-RPC server [http://FM00351-u:34325/]
[rospy.init][INFO] 2022-02-14 14:32:45,933: ROS Slave URI: [http://FM00351-u:34325/]
[rospy.impl.masterslave][INFO] 2022-02-14 14:32:45,933: _ready: http://FM00351-u:34325/
[rospy.registration][INFO] 2022-02-14 14:32:45,933: Registering with master node http://localhost:11311
[xmlrpc][INFO] 2022-02-14 14:32:45,934: xml rpc node: starting XML-RPC server
[rospy.init][INFO] 2022-02-14 14:32:46,033: registered with master
[rospy.rosout][INFO] 2022-02-14 14:32:46,034: initializing /rosout core topic
[rospy.rosout][INFO] 2022-02-14 14:32:46,038: connected to core topic /rosout
[rospy.simtime][INFO] 2022-02-14 14:32:46,040: /use_sim_time is not set, will not subscribe to simulated time [/clock] topic
[rospy.internal][INFO] 2022-02-14 14:32:46,095: topic[/Robotiq2FGripperRobotOutput] adding connection to [/robotiq2FGripper], count 0
[rospy.internal][INFO] 2022-02-14 14:32:46,250: topic[/rosout] adding connection to [/rosout], count 0
[rospy.core][INFO] 2022-02-14 14:32:48,323: signal_shutdown [atexit]
[rospy.internal][INFO] 2022-02-14 14:32:48,325: topic[/rosout] removing connection to /rosout
[rospy.internal][INFO] 2022-02-14 14:32:48,325: topic[/Robotiq2FGripperRobotOutput] removing connection to /robotiq2FGripper
[rospy.impl.masterslave][INFO] 2022-02-14 14:32:48,325: atexit
[rospy.client][INFO] 2022-02-14 14:32:50,707: init_node, name[/Robotiq2FGripperForceController], pid[2037]
[xmlrpc][INFO] 2022-02-14 14:32:50,708: XML-RPC server binding to 0.0.0.0:0
[xmlrpc][INFO] 2022-02-14 14:32:50,708: Started XML-RPC server [http://FM00351-u:37125/]
[rospy.impl.masterslave][INFO] 2022-02-14 14:32:50,708: _ready: http://FM00351-u:37125/
[rospy.init][INFO] 2022-02-14 14:32:50,708: ROS Slave URI: [http://FM00351-u:37125/]
[xmlrpc][INFO] 2022-02-14 14:32:50,708: xml rpc node: starting XML-RPC server
[rospy.registration][INFO] 2022-02-14 14:32:50,708: Registering with master node http://localhost:11311
[rospy.init][INFO] 2022-02-14 14:32:50,809: registered with master
[rospy.rosout][INFO] 2022-02-14 14:32:50,809: initializing /rosout core topic
[rospy.rosout][INFO] 2022-02-14 14:32:50,813: connected to core topic /rosout
[rospy.simtime][INFO] 2022-02-14 14:32:50,814: /use_sim_time is not set, will not subscribe to simulated time [/clock] topic
[rospy.internal][INFO] 2022-02-14 14:32:50,866: topic[/Robotiq2FGripperRobotOutput] adding connection to [/robotiq2FGripper], count 0
[rospy.internal][INFO] 2022-02-14 14:32:51,063: topic[/rosout] adding connection to [/rosout], count 0
[rospy.core][INFO] 2022-02-14 14:32:58,697: signal_shutdown [signal-2]
[rospy.internal][INFO] 2022-02-14 14:32:58,701: topic[/rosout] removing connection to /rosout
[rospy.internal][INFO] 2022-02-14 14:32:58,701: topic[/Robotiq2FGripperRobotOutput] removing connection to /robotiq2FGripper
[rospy.impl.masterslave][INFO] 2022-02-14 14:32:58,702: signal-2
[rospy.core][INFO] 2022-02-14 14:33:00,442: signal_shutdown [atexit]
[rospy.client][INFO] 2022-02-14 14:33:02,211: init_node, name[/Robotiq2FGripperForceController], pid[2052]
[xmlrpc][INFO] 2022-02-14 14:33:02,211: XML-RPC server binding to 0.0.0.0:0
[xmlrpc][INFO] 2022-02-14 14:33:02,211: Started XML-RPC server [http://FM00351-u:34013/]
[rospy.init][INFO] 2022-02-14 14:33:02,211: ROS Slave URI: [http://FM00351-u:34013/]
[rospy.impl.masterslave][INFO] 2022-02-14 14:33:02,211: _ready: http://FM00351-u:34013/
[xmlrpc][INFO] 2022-02-14 14:33:02,212: xml rpc node: starting XML-RPC server
[rospy.registration][INFO] 2022-02-14 14:33:02,212: Registering with master node http://localhost:11311
[rospy.init][INFO] 2022-02-14 14:33:02,312: registered with master
[rospy.rosout][INFO] 2022-02-14 14:33:02,312: initializing /rosout core topic
[rospy.rosout][INFO] 2022-02-14 14:33:02,316: connected to core topic /rosout
[rospy.simtime][INFO] 2022-02-14 14:33:02,318: /use_sim_time is not set, will not subscribe to simulated time [/clock] topic
[rospy.internal][INFO] 2022-02-14 14:33:02,405: topic[/Robotiq2FGripperRobotOutput] adding connection to [/robotiq2FGripper], count 0
[rospy.internal][INFO] 2022-02-14 14:33:02,592: topic[/rosout] adding connection to [/rosout], count 0
[rospy.internal][INFO] 2022-02-14 14:33:04,429: topic[/Robotiq2FGripperRobotInput] adding connection to [http://FM00351-u:46355/], count 0
[rospy.core][INFO] 2022-02-14 14:33:28,579: signal_shutdown [signal-2]
[rospy.internal][INFO] 2022-02-14 14:33:28,582: topic[/rosout] removing connection to /rosout
[rospy.internal][INFO] 2022-02-14 14:33:28,583: topic[/Robotiq2FGripperRobotOutput] removing connection to /robotiq2FGripper
[rospy.internal][INFO] 2022-02-14 14:33:28,583: topic[/Robotiq2FGripperRobotInput] removing connection to http://FM00351-u:46355/
[rospy.impl.masterslave][INFO] 2022-02-14 14:33:28,583: signal-2
[rospy.core][INFO] 2022-02-14 14:33:38,434: signal_shutdown [atexit]
[rospy.client][INFO] 2022-02-14 14:33:40,120: init_node, name[/Robotiq2FGripperForceController], pid[2071]
[xmlrpc][INFO] 2022-02-14 14:33:40,121: XML-RPC server binding to 0.0.0.0:0
[xmlrpc][INFO] 2022-02-14 14:33:40,121: Started XML-RPC server [http://FM00351-u:42735/]
[rospy.init][INFO] 2022-02-14 14:33:40,121: ROS Slave URI: [http://FM00351-u:42735/]
[rospy.impl.masterslave][INFO] 2022-02-14 14:33:40,121: _ready: http://FM00351-u:42735/
[rospy.registration][INFO] 2022-02-14 14:33:40,122: Registering with master node http://localhost:11311
[xmlrpc][INFO] 2022-02-14 14:33:40,122: xml rpc node: starting XML-RPC server
[rospy.init][INFO] 2022-02-14 14:33:40,221: registered with master
[rospy.rosout][INFO] 2022-02-14 14:33:40,222: initializing /rosout core topic
[rospy.rosout][INFO] 2022-02-14 14:33:40,226: connected to core topic /rosout
[rospy.simtime][INFO] 2022-02-14 14:33:40,227: /use_sim_time is not set, will not subscribe to simulated time [/clock] topic
[rospy.internal][INFO] 2022-02-14 14:33:40,308: topic[/Robotiq2FGripperRobotOutput] adding connection to [/robotiq2FGripper], count 0
[rospy.internal][INFO] 2022-02-14 14:33:40,478: topic[/rosout] adding connection to [/rosout], count 0
[rospy.internal][INFO] 2022-02-14 14:33:41,440: topic[/Robotiq2FGripperRobotInput] adding connection to [http://FM00351-u:46355/], count 0
[rospy.core][INFO] 2022-02-14 14:33:59,091: signal_shutdown [atexit]
[rospy.internal][INFO] 2022-02-14 14:33:59,096: topic[/rosout] removing connection to /rosout
[rospy.internal][INFO] 2022-02-14 14:33:59,096: topic[/Robotiq2FGripperRobotOutput] removing connection to /robotiq2FGripper
[rospy.internal][INFO] 2022-02-14 14:33:59,096: topic[/Robotiq2FGripperRobotInput] removing connection to http://FM00351-u:46355/
[rospy.impl.masterslave][INFO] 2022-02-14 14:33:59,096: atexit
[rospy.client][INFO] 2022-02-14 14:34:06,799: init_node, name[/Robotiq2FGripperForceController], pid[2089]
[xmlrpc][INFO] 2022-02-14 14:34:06,799: XML-RPC server binding to 0.0.0.0:0
[xmlrpc][INFO] 2022-02-14 14:34:06,799: Started XML-RPC server [http://FM00351-u:43061/]
[rospy.init][INFO] 2022-02-14 14:34:06,800: ROS Slave URI: [http://FM00351-u:43061/]
[rospy.impl.masterslave][INFO] 2022-02-14 14:34:06,800: _ready: http://FM00351-u:43061/
[xmlrpc][INFO] 2022-02-14 14:34:06,800: xml rpc node: starting XML-RPC server
[rospy.registration][INFO] 2022-02-14 14:34:06,800: Registering with master node http://localhost:11311
[rospy.init][INFO] 2022-02-14 14:34:06,900: registered with master
[rospy.rosout][INFO] 2022-02-14 14:34:06,900: initializing /rosout core topic
[rospy.rosout][INFO] 2022-02-14 14:34:06,904: connected to core topic /rosout
[rospy.simtime][INFO] 2022-02-14 14:34:06,906: /use_sim_time is not set, will not subscribe to simulated time [/clock] topic
[rospy.internal][INFO] 2022-02-14 14:34:06,955: topic[/Robotiq2FGripperRobotOutput] adding connection to [/robotiq2FGripper], count 0
[rospy.internal][INFO] 2022-02-14 14:34:07,139: topic[/rosout] adding connection to [/rosout], count 0
[rospy.core][INFO] 2022-02-14 14:34:07,733: signal_shutdown [atexit]
[rospy.internal][INFO] 2022-02-14 14:34:07,737: topic[/rosout] removing connection to /rosout
[rospy.internal][INFO] 2022-02-14 14:34:07,737: topic[/Robotiq2FGripperRobotOutput] removing connection to /robotiq2FGripper
[rospy.impl.masterslave][INFO] 2022-02-14 14:34:07,737: atexit
[rospy.client][INFO] 2022-02-14 14:34:09,494: init_node, name[/Robotiq2FGripperForceController], pid[2105]
[xmlrpc][INFO] 2022-02-14 14:34:09,494: XML-RPC server binding to 0.0.0.0:0
[xmlrpc][INFO] 2022-02-14 14:34:09,495: Started XML-RPC server [http://FM00351-u:34973/]
[rospy.init][INFO] 2022-02-14 14:34:09,495: ROS Slave URI: [http://FM00351-u:34973/]
[rospy.impl.masterslave][INFO] 2022-02-14 14:34:09,495: _ready: http://FM00351-u:34973/
[xmlrpc][INFO] 2022-02-14 14:34:09,495: xml rpc node: starting XML-RPC server
[rospy.registration][INFO] 2022-02-14 14:34:09,495: Registering with master node http://localhost:11311
[rospy.init][INFO] 2022-02-14 14:34:09,595: registered with master
[rospy.rosout][INFO] 2022-02-14 14:34:09,596: initializing /rosout core topic
[rospy.rosout][INFO] 2022-02-14 14:34:09,600: connected to core topic /rosout
[rospy.simtime][INFO] 2022-02-14 14:34:09,602: /use_sim_time is not set, will not subscribe to simulated time [/clock] topic
[rospy.internal][INFO] 2022-02-14 14:34:09,686: topic[/Robotiq2FGripperRobotOutput] adding connection to [/robotiq2FGripper], count 0
[rospy.internal][INFO] 2022-02-14 14:34:09,846: topic[/rosout] adding connection to [/rosout], count 0
[rospy.internal][INFO] 2022-02-14 14:34:11,612: topic[/Robotiq2FGripperRobotInput] adding connection to [http://FM00351-u:46355/], count 0
[rospy.core][INFO] 2022-02-14 14:34:24,367: signal_shutdown [atexit]
[rospy.internal][INFO] 2022-02-14 14:34:24,371: topic[/rosout] removing connection to /rosout
[rospy.internal][INFO] 2022-02-14 14:34:24,372: topic[/Robotiq2FGripperRobotOutput] removing connection to /robotiq2FGripper
[rospy.internal][INFO] 2022-02-14 14:34:24,372: topic[/Robotiq2FGripperRobotInput] removing connection to http://FM00351-u:46355/
[rospy.impl.masterslave][INFO] 2022-02-14 14:34:24,372: atexit
[rospy.client][INFO] 2022-02-14 14:34:27,597: init_node, name[/Robotiq2FGripperForceController], pid[2123]
[xmlrpc][INFO] 2022-02-14 14:34:27,598: XML-RPC server binding to 0.0.0.0:0
[xmlrpc][INFO] 2022-02-14 14:34:27,598: Started XML-RPC server [http://FM00351-u:37741/]
[rospy.init][INFO] 2022-02-14 14:34:27,598: ROS Slave URI: [http://FM00351-u:37741/]
[rospy.impl.masterslave][INFO] 2022-02-14 14:34:27,598: _ready: http://FM00351-u:37741/
[xmlrpc][INFO] 2022-02-14 14:34:27,599: xml rpc node: starting XML-RPC server
[rospy.registration][INFO] 2022-02-14 14:34:27,599: Registering with master node http://localhost:11311
[rospy.init][INFO] 2022-02-14 14:34:27,698: registered with master
[rospy.rosout][INFO] 2022-02-14 14:34:27,699: initializing /rosout core topic
[rospy.rosout][INFO] 2022-02-14 14:34:27,703: connected to core topic /rosout
[rospy.simtime][INFO] 2022-02-14 14:34:27,705: /use_sim_time is not set, will not subscribe to simulated time [/clock] topic
[rospy.internal][INFO] 2022-02-14 14:34:27,828: topic[/Robotiq2FGripperRobotOutput] adding connection to [/robotiq2FGripper], count 0
[rospy.internal][INFO] 2022-02-14 14:34:27,988: topic[/rosout] adding connection to [/rosout], count 0
[rospy.internal][INFO] 2022-02-14 14:34:29,415: topic[/Robotiq2FGripperRobotInput] adding connection to [http://FM00351-u:46355/], count 0
[rospy.core][INFO] 2022-02-14 14:35:18,821: signal_shutdown [atexit]
[rospy.internal][INFO] 2022-02-14 14:35:18,826: topic[/rosout] removing connection to /rosout
[rospy.internal][INFO] 2022-02-14 14:35:18,826: topic[/Robotiq2FGripperRobotOutput] removing connection to /robotiq2FGripper
[rospy.internal][INFO] 2022-02-14 14:35:18,826: topic[/Robotiq2FGripperRobotInput] removing connection to http://FM00351-u:46355/
[rospy.impl.masterslave][INFO] 2022-02-14 14:35:18,826: atexit
[rospy.client][INFO] 2022-02-14 14:35:20,772: init_node, name[/Robotiq2FGripperForceController], pid[2141]
[xmlrpc][INFO] 2022-02-14 14:35:20,772: XML-RPC server binding to 0.0.0.0:0
[xmlrpc][INFO] 2022-02-14 14:35:20,772: Started XML-RPC server [http://FM00351-u:41179/]
[rospy.impl.masterslave][INFO] 2022-02-14 14:35:20,772: _ready: http://FM00351-u:41179/
[rospy.init][INFO] 2022-02-14 14:35:20,772: ROS Slave URI: [http://FM00351-u:41179/]
[rospy.registration][INFO] 2022-02-14 14:35:20,773: Registering with master node http://localhost:11311
[xmlrpc][INFO] 2022-02-14 14:35:20,773: xml rpc node: starting XML-RPC server
[rospy.init][INFO] 2022-02-14 14:35:20,873: registered with master
[rospy.rosout][INFO] 2022-02-14 14:35:20,873: initializing /rosout core topic
[rospy.rosout][INFO] 2022-02-14 14:35:20,877: connected to core topic /rosout
[rospy.simtime][INFO] 2022-02-14 14:35:20,879: /use_sim_time is not set, will not subscribe to simulated time [/clock] topic
[rospy.internal][INFO] 2022-02-14 14:35:20,920: topic[/Robotiq2FGripperRobotOutput] adding connection to [/robotiq2FGripper], count 0
[rospy.internal][INFO] 2022-02-14 14:35:21,094: topic[/rosout] adding connection to [/rosout], count 0
[rospy.internal][INFO] 2022-02-14 14:35:22,740: topic[/Robotiq2FGripperRobotInput] adding connection to [http://FM00351-u:46355/], count 0
[rospy.internal][INFO] 2022-02-14 14:35:49,754: topic[/rosout] removing connection to /rosout
[rospy.core][INFO] 2022-02-14 14:36:29,338: signal_shutdown [signal-2]
[rospy.registration][WARNING] 2022-02-14 14:36:29,340: cannot unregister with master due to network issues
[rospy.internal][INFO] 2022-02-14 14:36:29,340: topic[/Robotiq2FGripperRobotOutput] removing connection to /robotiq2FGripper
[rospy.internal][INFO] 2022-02-14 14:36:29,340: topic[/Robotiq2FGripperRobotInput] removing connection to http://FM00351-u:46355/
[rospy.impl.masterslave][INFO] 2022-02-14 14:36:29,341: signal-2
[rospy.core][INFO] 2022-02-14 14:36:29,954: signal_shutdown [signal-2]
[rospy.core][INFO] 2022-02-14 14:36:30,311: signal_shutdown [atexit]
[rospy.client][INFO] 2022-02-14 14:36:31,617: init_node, name[/Robotiq2FGripperForceController], pid[2169]
[xmlrpc][INFO] 2022-02-14 14:36:31,617: XML-RPC server binding to 0.0.0.0:0
[xmlrpc][INFO] 2022-02-14 14:36:31,618: Started XML-RPC server [http://FM00351-u:33753/]
[rospy.init][INFO] 2022-02-14 14:36:31,618: ROS Slave URI: [http://FM00351-u:33753/]
[rospy.impl.masterslave][INFO] 2022-02-14 14:36:31,618: _ready: http://FM00351-u:33753/
[rospy.registration][INFO] 2022-02-14 14:36:31,618: Registering with master node http://localhost:11311
[xmlrpc][INFO] 2022-02-14 14:36:31,618: xml rpc node: starting XML-RPC server
[rospy.init][INFO] 2022-02-14 14:36:31,718: registered with master
[rospy.rosout][INFO] 2022-02-14 14:36:31,719: initializing /rosout core topic
[rospy.registration][ERROR] 2022-02-14 14:36:31,720: [Errno 111] Connection refused
Unable to register with master node [http://localhost:11311]: master may not be running yet. Will keep trying.
[rospy.core][INFO] 2022-02-14 14:36:37,858: signal_shutdown [signal-2]
[rospy.registration][WARNING] 2022-02-14 14:36:37,859: cannot unregister with master due to network issues
[rospy.impl.masterslave][INFO] 2022-02-14 14:36:37,860: signal-2
[rospy.core][INFO] 2022-02-14 14:36:42,960: signal_shutdown [signal-2]
[rospy.rosout][INFO] 2022-02-14 14:36:42,960: connected to core topic /rosout
[rospy.simtime][ERROR] 2022-02-14 14:36:42,965: Unable to initialize /clock: [Errno 111] Connection refused
Traceback (most recent call last):
  File "/opt/ros/melodic/lib/python2.7/dist-packages/rospy/impl/simtime.py", line 79, in init_simtime
    if not _is_use_simtime():
  File "/opt/ros/melodic/lib/python2.7/dist-packages/rospy/impl/simtime.py", line 60, in _is_use_simtime
    code, msg, val = m.getParam(rospy.names.get_caller_id(), _USE_SIMTIME)
  File "/usr/lib/python2.7/xmlrpclib.py", line 1243, in __call__
    return self.__send(self.__name, args)
  File "/opt/ros/melodic/lib/python2.7/dist-packages/rospy/core.py", line 670, in _ServerProxy__request
    self, methodname, params)
  File "/usr/lib/python2.7/xmlrpclib.py", line 1602, in __request
    verbose=self.__verbose
  File "/usr/lib/python2.7/xmlrpclib.py", line 1283, in request
    return self.single_request(host, handler, request_body, verbose)
  File "/usr/lib/python2.7/xmlrpclib.py", line 1311, in single_request
    self.send_content(h, request_body)
  File "/usr/lib/python2.7/xmlrpclib.py", line 1459, in send_content
    connection.endheaders(request_body)
  File "/usr/lib/python2.7/httplib.py", line 1095, in endheaders
    self._send_output(message_body)
  File "/usr/lib/python2.7/httplib.py", line 898, in _send_output
    self.send(msg)
  File "/usr/lib/python2.7/httplib.py", line 860, in send
    self.connect()
  File "/usr/lib/python2.7/httplib.py", line 837, in connect
    self.timeout, self.source_address)
  File "/usr/lib/python2.7/socket.py", line 575, in create_connection
    raise err
error: [Errno 111] Connection refused

[rospy.core][INFO] 2022-02-14 14:36:42,966: signal_shutdown [atexit]
[rospy.client][INFO] 2022-02-14 14:36:51,174: init_node, name[/Robotiq2FGripperForceController], pid[2174]
[xmlrpc][INFO] 2022-02-14 14:36:51,174: XML-RPC server binding to 0.0.0.0:0
[xmlrpc][INFO] 2022-02-14 14:36:51,174: Started XML-RPC server [http://FM00351-u:40035/]
[rospy.init][INFO] 2022-02-14 14:36:51,174: ROS Slave URI: [http://FM00351-u:40035/]
[rospy.impl.masterslave][INFO] 2022-02-14 14:36:51,174: _ready: http://FM00351-u:40035/
[xmlrpc][INFO] 2022-02-14 14:36:51,175: xml rpc node: starting XML-RPC server
[rospy.registration][INFO] 2022-02-14 14:36:51,175: Registering with master node http://localhost:11311
[rospy.init][INFO] 2022-02-14 14:36:51,275: registered with master
[rospy.rosout][INFO] 2022-02-14 14:36:51,275: initializing /rosout core topic
[rospy.registration][ERROR] 2022-02-14 14:36:51,277: [Errno 111] Connection refused
Unable to register with master node [http://localhost:11311]: master may not be running yet. Will keep trying.
[rospy.core][INFO] 2022-02-14 14:36:57,995: signal_shutdown [signal-2]
[rospy.registration][WARNING] 2022-02-14 14:36:57,996: cannot unregister with master due to network issues
[rospy.impl.masterslave][INFO] 2022-02-14 14:36:57,997: signal-2
[rospy.rosout][INFO] 2022-02-14 14:37:03,098: connected to core topic /rosout
[rospy.simtime][ERROR] 2022-02-14 14:37:03,100: Unable to initialize /clock: [Errno 111] Connection refused
Traceback (most recent call last):
  File "/opt/ros/melodic/lib/python2.7/dist-packages/rospy/impl/simtime.py", line 79, in init_simtime
    if not _is_use_simtime():
  File "/opt/ros/melodic/lib/python2.7/dist-packages/rospy/impl/simtime.py", line 60, in _is_use_simtime
    code, msg, val = m.getParam(rospy.names.get_caller_id(), _USE_SIMTIME)
  File "/usr/lib/python2.7/xmlrpclib.py", line 1243, in __call__
    return self.__send(self.__name, args)
  File "/opt/ros/melodic/lib/python2.7/dist-packages/rospy/core.py", line 670, in _ServerProxy__request
    self, methodname, params)
  File "/usr/lib/python2.7/xmlrpclib.py", line 1602, in __request
    verbose=self.__verbose
  File "/usr/lib/python2.7/xmlrpclib.py", line 1283, in request
    return self.single_request(host, handler, request_body, verbose)
  File "/usr/lib/python2.7/xmlrpclib.py", line 1311, in single_request
    self.send_content(h, request_body)
  File "/usr/lib/python2.7/xmlrpclib.py", line 1459, in send_content
    connection.endheaders(request_body)
  File "/usr/lib/python2.7/httplib.py", line 1095, in endheaders
    self._send_output(message_body)
  File "/usr/lib/python2.7/httplib.py", line 898, in _send_output
    self.send(msg)
  File "/usr/lib/python2.7/httplib.py", line 860, in send
    self.connect()
  File "/usr/lib/python2.7/httplib.py", line 837, in connect
    self.timeout, self.source_address)
  File "/usr/lib/python2.7/socket.py", line 575, in create_connection
    raise err
error: [Errno 111] Connection refused

[rospy.core][INFO] 2022-02-14 14:37:03,101: signal_shutdown [atexit]
[rospy.client][INFO] 2022-02-14 14:37:37,422: init_node, name[/Robotiq2FGripperForceController], pid[2299]
[xmlrpc][INFO] 2022-02-14 14:37:37,422: XML-RPC server binding to 0.0.0.0:0
[xmlrpc][INFO] 2022-02-14 14:37:37,422: Started XML-RPC server [http://FM00351-u:34819/]
[rospy.init][INFO] 2022-02-14 14:37:37,422: ROS Slave URI: [http://FM00351-u:34819/]
[rospy.impl.masterslave][INFO] 2022-02-14 14:37:37,422: _ready: http://FM00351-u:34819/
[xmlrpc][INFO] 2022-02-14 14:37:37,423: xml rpc node: starting XML-RPC server
[rospy.registration][INFO] 2022-02-14 14:37:37,423: Registering with master node http://localhost:11311
[rospy.init][INFO] 2022-02-14 14:37:37,523: registered with master
[rospy.rosout][INFO] 2022-02-14 14:37:37,523: initializing /rosout core topic
[rospy.rosout][INFO] 2022-02-14 14:37:37,527: connected to core topic /rosout
[rospy.simtime][INFO] 2022-02-14 14:37:37,529: /use_sim_time is not set, will not subscribe to simulated time [/clock] topic
[rospy.internal][INFO] 2022-02-14 14:37:37,611: topic[/Robotiq2FGripperRobotOutput] adding connection to [/robotiq2FGripper], count 0
[rospy.internal][INFO] 2022-02-14 14:37:37,756: topic[/rosout] adding connection to [/rosout], count 0
[rospy.internal][INFO] 2022-02-14 14:37:40,893: topic[/Robotiq2FGripperRobotInput] adding connection to [http://FM00351-u:34157/], count 0
[rospy.core][INFO] 2022-02-14 14:37:45,427: signal_shutdown [atexit]
[rospy.internal][INFO] 2022-02-14 14:37:45,430: topic[/rosout] removing connection to /rosout
[rospy.internal][INFO] 2022-02-14 14:37:45,431: topic[/Robotiq2FGripperRobotOutput] removing connection to /robotiq2FGripper
[rospy.internal][INFO] 2022-02-14 14:37:45,431: topic[/Robotiq2FGripperRobotInput] removing connection to http://FM00351-u:34157/
[rospy.impl.masterslave][INFO] 2022-02-14 14:37:45,431: atexit
[rospy.internal][WARNING] 2022-02-14 14:37:45,431: Unknown error initiating TCP/IP socket to FM00351-u:40003 (http://FM00351-u:34157/): Traceback (most recent call last):
  File "/opt/ros/melodic/lib/python2.7/dist-packages/rospy/impl/tcpros_base.py", line 563, in connect
    self.local_endpoint = self.socket.getsockname()
AttributeError: 'NoneType' object has no attribute 'getsockname'

[rospy.client][INFO] 2022-02-14 14:37:52,710: init_node, name[/Robotiq2FGripperForceController], pid[2319]
[xmlrpc][INFO] 2022-02-14 14:37:52,710: XML-RPC server binding to 0.0.0.0:0
[xmlrpc][INFO] 2022-02-14 14:37:52,710: Started XML-RPC server [http://FM00351-u:36099/]
[rospy.init][INFO] 2022-02-14 14:37:52,711: ROS Slave URI: [http://FM00351-u:36099/]
[rospy.impl.masterslave][INFO] 2022-02-14 14:37:52,711: _ready: http://FM00351-u:36099/
[rospy.registration][INFO] 2022-02-14 14:37:52,711: Registering with master node http://localhost:11311
[xmlrpc][INFO] 2022-02-14 14:37:52,711: xml rpc node: starting XML-RPC server
[rospy.init][INFO] 2022-02-14 14:37:52,811: registered with master
[rospy.rosout][INFO] 2022-02-14 14:37:52,811: initializing /rosout core topic
[rospy.rosout][INFO] 2022-02-14 14:37:52,816: connected to core topic /rosout
[rospy.simtime][INFO] 2022-02-14 14:37:52,818: /use_sim_time is not set, will not subscribe to simulated time [/clock] topic
[rospy.internal][INFO] 2022-02-14 14:37:52,902: topic[/Robotiq2FGripperRobotOutput] adding connection to [/robotiq2FGripper], count 0
[rospy.internal][INFO] 2022-02-14 14:37:53,097: topic[/rosout] adding connection to [/rosout], count 0
[rospy.internal][INFO] 2022-02-14 14:37:54,427: topic[/Robotiq2FGripperRobotInput] adding connection to [http://FM00351-u:34157/], count 0
[rospy.core][INFO] 2022-02-14 14:38:51,840: signal_shutdown [signal-2]
[rospy.internal][INFO] 2022-02-14 14:38:51,844: topic[/rosout] removing connection to /rosout
[rospy.internal][INFO] 2022-02-14 14:38:51,845: topic[/Robotiq2FGripperRobotOutput] removing connection to /robotiq2FGripper
[rospy.internal][INFO] 2022-02-14 14:38:51,845: topic[/Robotiq2FGripperRobotInput] removing connection to http://FM00351-u:34157/
[rospy.impl.masterslave][INFO] 2022-02-14 14:38:51,845: signal-2
[rospy.core][INFO] 2022-02-14 14:38:53,329: signal_shutdown [signal-2]
[rospy.core][INFO] 2022-02-14 14:38:53,609: signal_shutdown [atexit]
[rospy.client][INFO] 2022-02-14 14:41:35,091: init_node, name[/Robotiq2FGripperForceController], pid[2925]
[xmlrpc][INFO] 2022-02-14 14:41:35,091: XML-RPC server binding to 0.0.0.0:0
[xmlrpc][INFO] 2022-02-14 14:41:35,092: Started XML-RPC server [http://FM00351-u:37921/]
[rospy.init][INFO] 2022-02-14 14:41:35,092: ROS Slave URI: [http://FM00351-u:37921/]
[rospy.impl.masterslave][INFO] 2022-02-14 14:41:35,092: _ready: http://FM00351-u:37921/
[rospy.registration][INFO] 2022-02-14 14:41:35,092: Registering with master node http://localhost:11311
[xmlrpc][INFO] 2022-02-14 14:41:35,092: xml rpc node: starting XML-RPC server
[rospy.init][INFO] 2022-02-14 14:41:35,192: registered with master
[rospy.rosout][INFO] 2022-02-14 14:41:35,193: initializing /rosout core topic
[rospy.rosout][INFO] 2022-02-14 14:41:35,197: connected to core topic /rosout
[rospy.simtime][INFO] 2022-02-14 14:41:35,199: /use_sim_time is not set, will not subscribe to simulated time [/clock] topic
[rospy.internal][INFO] 2022-02-14 14:41:35,314: topic[/Robotiq2FGripperRobotOutput] adding connection to [/robotiq2FGripper], count 0
[rospy.internal][INFO] 2022-02-14 14:41:35,472: topic[/rosout] adding connection to [/rosout], count 0
[rospy.internal][INFO] 2022-02-14 14:41:37,095: topic[/Robotiq2FGripperRobotInput] adding connection to [http://FM00351-u:34157/], count 0
[rospy.internal][WARNING] 2022-02-14 14:52:23,378: Unknown error initiating TCP/IP socket to FM00351-u:40003 (http://FM00351-u:34157/): Traceback (most recent call last):
  File "/opt/ros/melodic/lib/python2.7/dist-packages/rospy/impl/tcpros_base.py", line 562, in connect
    self.read_header()
  File "/opt/ros/melodic/lib/python2.7/dist-packages/rospy/impl/tcpros_base.py", line 657, in read_header
    self._validate_header(read_ros_handshake_header(sock, self.read_buff, self.protocol.buff_size))
  File "/opt/ros/melodic/lib/python2.7/dist-packages/rosgraph/network.py", line 357, in read_ros_handshake_header
    d = sock.recv(buff_size)
error: [Errno 104] Connection reset by peer

[rospy.internal][INFO] 2022-02-14 14:52:23,378: topic[/Robotiq2FGripperRobotInput] removing connection to http://FM00351-u:34157/
[rospy.internal][INFO] 2022-02-14 14:52:23,511: topic[/Robotiq2FGripperRobotOutput] removing connection to /robotiq2FGripper
[rospy.core][INFO] 2022-02-14 14:52:25,165: signal_shutdown [signal-2]
[rospy.internal][INFO] 2022-02-14 14:52:25,170: topic[/rosout] removing connection to /rosout
[rospy.impl.masterslave][INFO] 2022-02-14 14:52:25,170: signal-2
[rospy.core][INFO] 2022-02-14 14:52:26,627: signal_shutdown [atexit]
[rospy.client][INFO] 2022-02-14 14:54:31,728: init_node, name[/Robotiq2FGripperForceController], pid[3062]
[xmlrpc][INFO] 2022-02-14 14:54:31,728: XML-RPC server binding to 0.0.0.0:0
[xmlrpc][INFO] 2022-02-14 14:54:31,728: Started XML-RPC server [http://FM00351-u:34523/]
[rospy.impl.masterslave][INFO] 2022-02-14 14:54:31,728: _ready: http://FM00351-u:34523/
[rospy.init][INFO] 2022-02-14 14:54:31,728: ROS Slave URI: [http://FM00351-u:34523/]
[rospy.registration][INFO] 2022-02-14 14:54:31,729: Registering with master node http://localhost:11311
[xmlrpc][INFO] 2022-02-14 14:54:31,729: xml rpc node: starting XML-RPC server
[rospy.init][INFO] 2022-02-14 14:54:31,829: registered with master
[rospy.rosout][INFO] 2022-02-14 14:54:31,829: initializing /rosout core topic
[rospy.rosout][INFO] 2022-02-14 14:54:31,833: connected to core topic /rosout
[rospy.simtime][INFO] 2022-02-14 14:54:31,835: /use_sim_time is not set, will not subscribe to simulated time [/clock] topic
[rospy.internal][INFO] 2022-02-14 14:54:31,856: topic[/Robotiq2FGripperRobotOutput] adding connection to [/robotiq2FGripper], count 0
[rospy.internal][INFO] 2022-02-14 14:54:32,048: topic[/rosout] adding connection to [/rosout], count 0
[rospy.internal][INFO] 2022-02-14 14:54:34,398: topic[/Robotiq2FGripperRobotInput] adding connection to [http://FM00351-u:46741/], count 0
[rospy.core][INFO] 2022-02-14 14:55:53,140: signal_shutdown [signal-2]
[rospy.internal][INFO] 2022-02-14 14:55:53,144: topic[/rosout] removing connection to /rosout
[rospy.internal][INFO] 2022-02-14 14:55:53,144: topic[/Robotiq2FGripperRobotOutput] removing connection to /robotiq2FGripper
[rospy.internal][INFO] 2022-02-14 14:55:53,144: topic[/Robotiq2FGripperRobotInput] removing connection to http://FM00351-u:46741/
[rospy.impl.masterslave][INFO] 2022-02-14 14:55:53,144: signal-2
[rospy.core][INFO] 2022-02-14 14:55:54,122: signal_shutdown [atexit]
[rospy.client][INFO] 2022-02-14 14:56:44,374: init_node, name[/Robotiq2FGripperForceController], pid[3193]
[xmlrpc][INFO] 2022-02-14 14:56:44,375: XML-RPC server binding to 0.0.0.0:0
[xmlrpc][INFO] 2022-02-14 14:56:44,375: Started XML-RPC server [http://FM00351-u:36051/]
[rospy.init][INFO] 2022-02-14 14:56:44,375: ROS Slave URI: [http://FM00351-u:36051/]
[rospy.impl.masterslave][INFO] 2022-02-14 14:56:44,375: _ready: http://FM00351-u:36051/
[rospy.registration][INFO] 2022-02-14 14:56:44,375: Registering with master node http://localhost:11311
[xmlrpc][INFO] 2022-02-14 14:56:44,375: xml rpc node: starting XML-RPC server
[rospy.init][INFO] 2022-02-14 14:56:44,475: registered with master
[rospy.rosout][INFO] 2022-02-14 14:56:44,476: initializing /rosout core topic
[rospy.rosout][INFO] 2022-02-14 14:56:44,480: connected to core topic /rosout
[rospy.simtime][INFO] 2022-02-14 14:56:44,481: /use_sim_time is not set, will not subscribe to simulated time [/clock] topic
[rospy.internal][INFO] 2022-02-14 14:56:44,562: topic[/Robotiq2FGripperRobotOutput] adding connection to [/robotiq2FGripper], count 0
[rospy.internal][INFO] 2022-02-14 14:56:44,723: topic[/rosout] adding connection to [/rosout], count 0
[rospy.internal][INFO] 2022-02-14 14:56:46,942: topic[/Robotiq2FGripperRobotInput] adding connection to [http://FM00351-u:46741/], count 0
[rospy.internal][INFO] 2022-02-14 14:57:31,310: topic[/Robotiq2FGripperRobotOutput] adding connection to [/rostopic_3232_1644850651077], count 1
[rospy.core][INFO] 2022-02-14 14:57:38,259: signal_shutdown [atexit]
[rospy.internal][INFO] 2022-02-14 14:57:38,264: topic[/rosout] removing connection to /rosout
[rospy.internal][INFO] 2022-02-14 14:57:38,264: topic[/Robotiq2FGripperRobotOutput] removing connection to /robotiq2FGripper
[rospy.internal][INFO] 2022-02-14 14:57:38,264: topic[/Robotiq2FGripperRobotOutput] removing connection to /rostopic_3232_1644850651077
[rospy.internal][INFO] 2022-02-14 14:57:38,264: topic[/Robotiq2FGripperRobotInput] removing connection to http://FM00351-u:46741/
[rospy.impl.masterslave][INFO] 2022-02-14 14:57:38,264: atexit
[rospy.client][INFO] 2022-02-14 14:58:28,494: init_node, name[/Robotiq2FGripperForceController], pid[3269]
[xmlrpc][INFO] 2022-02-14 14:58:28,494: XML-RPC server binding to 0.0.0.0:0
[xmlrpc][INFO] 2022-02-14 14:58:28,494: Started XML-RPC server [http://FM00351-u:40943/]
[rospy.init][INFO] 2022-02-14 14:58:28,494: ROS Slave URI: [http://FM00351-u:40943/]
[rospy.impl.masterslave][INFO] 2022-02-14 14:58:28,494: _ready: http://FM00351-u:40943/
[rospy.registration][INFO] 2022-02-14 14:58:28,495: Registering with master node http://localhost:11311
[xmlrpc][INFO] 2022-02-14 14:58:28,495: xml rpc node: starting XML-RPC server
[rospy.init][INFO] 2022-02-14 14:58:28,595: registered with master
[rospy.rosout][INFO] 2022-02-14 14:58:28,595: initializing /rosout core topic
[rospy.rosout][INFO] 2022-02-14 14:58:28,599: connected to core topic /rosout
[rospy.simtime][INFO] 2022-02-14 14:58:28,601: /use_sim_time is not set, will not subscribe to simulated time [/clock] topic
[rospy.internal][INFO] 2022-02-14 14:58:28,653: topic[/Robotiq2FGripperRobotOutput] adding connection to [/robotiq2FGripper], count 0
[rospy.internal][INFO] 2022-02-14 14:58:28,689: topic[/Robotiq2FGripperRobotOutput] adding connection to [/rostopic_3232_1644850651077], count 1
[rospy.internal][INFO] 2022-02-14 14:58:28,843: topic[/rosout] adding connection to [/rosout], count 0
[rospy.internal][INFO] 2022-02-14 14:58:29,864: topic[/Robotiq2FGripperRobotInput] adding connection to [http://FM00351-u:46741/], count 0
[rospy.core][INFO] 2022-02-14 14:58:37,371: signal_shutdown [atexit]
[rospy.internal][INFO] 2022-02-14 14:58:37,375: topic[/rosout] removing connection to /rosout
[rospy.internal][INFO] 2022-02-14 14:58:37,375: topic[/Robotiq2FGripperRobotOutput] removing connection to /robotiq2FGripper
[rospy.internal][INFO] 2022-02-14 14:58:37,375: topic[/Robotiq2FGripperRobotOutput] removing connection to /rostopic_3232_1644850651077
[rospy.internal][INFO] 2022-02-14 14:58:37,375: topic[/Robotiq2FGripperRobotInput] removing connection to http://FM00351-u:46741/
[rospy.impl.masterslave][INFO] 2022-02-14 14:58:37,375: atexit
[rospy.client][INFO] 2022-02-14 15:14:32,208: init_node, name[/Robotiq2FGripperForceController], pid[2425]
[xmlrpc][INFO] 2022-02-14 15:14:32,208: XML-RPC server binding to 0.0.0.0:0
[xmlrpc][INFO] 2022-02-14 15:14:32,208: Started XML-RPC server [http://FM00351-u:33555/]
[rospy.impl.masterslave][INFO] 2022-02-14 15:14:32,208: _ready: http://FM00351-u:33555/
[rospy.init][INFO] 2022-02-14 15:14:32,208: ROS Slave URI: [http://FM00351-u:33555/]
[xmlrpc][INFO] 2022-02-14 15:14:32,209: xml rpc node: starting XML-RPC server
[rospy.registration][INFO] 2022-02-14 15:14:32,209: Registering with master node http://localhost:11311
[rospy.init][INFO] 2022-02-14 15:14:32,309: registered with master
[rospy.rosout][INFO] 2022-02-14 15:14:32,309: initializing /rosout core topic
[rospy.rosout][INFO] 2022-02-14 15:14:32,313: connected to core topic /rosout
[rospy.simtime][INFO] 2022-02-14 15:14:32,315: /use_sim_time is not set, will not subscribe to simulated time [/clock] topic
[rospy.internal][INFO] 2022-02-14 15:14:32,447: topic[/Robotiq2FGripperRobotOutput] adding connection to [/robotiq2FGripper], count 0
[rospy.internal][INFO] 2022-02-14 15:14:32,518: topic[/rosout] adding connection to [/rosout], count 0
[rospy.internal][INFO] 2022-02-14 15:14:35,712: topic[/Robotiq2FGripperRobotInput] adding connection to [http://FM00351-u:39251/], count 0
[rospy.core][INFO] 2022-02-14 15:15:03,118: signal_shutdown [atexit]
[rospy.internal][INFO] 2022-02-14 15:15:03,121: topic[/rosout] removing connection to /rosout
[rospy.internal][INFO] 2022-02-14 15:15:03,121: topic[/Robotiq2FGripperRobotOutput] removing connection to /robotiq2FGripper
[rospy.internal][INFO] 2022-02-14 15:15:03,121: topic[/Robotiq2FGripperRobotInput] removing connection to http://FM00351-u:39251/
[rospy.internal][WARNING] 2022-02-14 15:15:03,122: Unknown error initiating TCP/IP socket to FM00351-u:46707 (http://FM00351-u:39251/): Traceback (most recent call last):
  File "/opt/ros/melodic/lib/python2.7/dist-packages/rospy/impl/tcpros_base.py", line 562, in connect
    self.read_header()
  File "/opt/ros/melodic/lib/python2.7/dist-packages/rospy/impl/tcpros_base.py", line 657, in read_header
    self._validate_header(read_ros_handshake_header(sock, self.read_buff, self.protocol.buff_size))
AttributeError: 'NoneType' object has no attribute 'buff_size'

[rospy.topics][ERROR] 2022-02-14 15:15:03,122: Traceback (most recent call last):
  File "/opt/ros/melodic/lib/python2.7/dist-packages/rospy/topics.py", line 326, in close
    c.close()
  File "/opt/ros/melodic/lib/python2.7/dist-packages/rospy/impl/tcpros_base.py", line 846, in close
    self.socket.close()
AttributeError: 'NoneType' object has no attribute 'close'

[rospy.impl.masterslave][INFO] 2022-02-14 15:15:03,122: atexit
[rospy.client][INFO] 2022-02-14 15:15:06,488: init_node, name[/Robotiq2FGripperForceController], pid[2446]
[xmlrpc][INFO] 2022-02-14 15:15:06,488: XML-RPC server binding to 0.0.0.0:0
[xmlrpc][INFO] 2022-02-14 15:15:06,488: Started XML-RPC server [http://FM00351-u:36743/]
[rospy.impl.masterslave][INFO] 2022-02-14 15:15:06,488: _ready: http://FM00351-u:36743/
[rospy.init][INFO] 2022-02-14 15:15:06,488: ROS Slave URI: [http://FM00351-u:36743/]
[rospy.registration][INFO] 2022-02-14 15:15:06,489: Registering with master node http://localhost:11311
[xmlrpc][INFO] 2022-02-14 15:15:06,489: xml rpc node: starting XML-RPC server
[rospy.init][INFO] 2022-02-14 15:15:06,589: registered with master
[rospy.rosout][INFO] 2022-02-14 15:15:06,589: initializing /rosout core topic
[rospy.rosout][INFO] 2022-02-14 15:15:06,590: connected to core topic /rosout
[rospy.simtime][INFO] 2022-02-14 15:15:06,591: /use_sim_time is not set, will not subscribe to simulated time [/clock] topic
[rospy.internal][INFO] 2022-02-14 15:15:06,684: topic[/Robotiq2FGripperRobotOutput] adding connection to [/robotiq2FGripper], count 0
[rospy.internal][INFO] 2022-02-14 15:15:06,881: topic[/rosout] adding connection to [/rosout], count 0
[rospy.internal][INFO] 2022-02-14 15:15:08,856: topic[/Robotiq2FGripperRobotInput] adding connection to [http://FM00351-u:39251/], count 0
[rospy.core][INFO] 2022-02-14 15:15:16,930: signal_shutdown [atexit]
[rospy.internal][INFO] 2022-02-14 15:15:16,934: topic[/rosout] removing connection to /rosout
[rospy.internal][INFO] 2022-02-14 15:15:16,935: topic[/Robotiq2FGripperRobotOutput] removing connection to /robotiq2FGripper
[rospy.internal][INFO] 2022-02-14 15:15:16,935: topic[/Robotiq2FGripperRobotInput] removing connection to http://FM00351-u:39251/
[rospy.impl.masterslave][INFO] 2022-02-14 15:15:16,935: atexit
[rospy.client][INFO] 2022-02-14 15:15:24,860: init_node, name[/Robotiq2FGripperForceController], pid[2465]
[xmlrpc][INFO] 2022-02-14 15:15:24,860: XML-RPC server binding to 0.0.0.0:0
[xmlrpc][INFO] 2022-02-14 15:15:24,860: Started XML-RPC server [http://FM00351-u:36149/]
[rospy.init][INFO] 2022-02-14 15:15:24,860: ROS Slave URI: [http://FM00351-u:36149/]
[rospy.impl.masterslave][INFO] 2022-02-14 15:15:24,860: _ready: http://FM00351-u:36149/
[rospy.registration][INFO] 2022-02-14 15:15:24,861: Registering with master node http://localhost:11311
[xmlrpc][INFO] 2022-02-14 15:15:24,861: xml rpc node: starting XML-RPC server
[rospy.init][INFO] 2022-02-14 15:15:24,961: registered with master
[rospy.rosout][INFO] 2022-02-14 15:15:24,961: initializing /rosout core topic
[rospy.rosout][INFO] 2022-02-14 15:15:24,965: connected to core topic /rosout
[rospy.simtime][INFO] 2022-02-14 15:15:24,967: /use_sim_time is not set, will not subscribe to simulated time [/clock] topic
[rospy.internal][INFO] 2022-02-14 15:15:25,026: topic[/Robotiq2FGripperRobotOutput] adding connection to [/robotiq2FGripper], count 0
[rospy.internal][INFO] 2022-02-14 15:15:25,222: topic[/rosout] adding connection to [/rosout], count 0
[rospy.internal][INFO] 2022-02-14 15:15:25,977: topic[/Robotiq2FGripperRobotInput] adding connection to [http://FM00351-u:39251/], count 0
[rospy.core][INFO] 2022-02-14 15:15:30,221: signal_shutdown [atexit]
[rospy.internal][INFO] 2022-02-14 15:15:30,227: topic[/rosout] removing connection to /rosout
[rospy.internal][INFO] 2022-02-14 15:15:30,227: topic[/Robotiq2FGripperRobotOutput] removing connection to /robotiq2FGripper
[rospy.internal][INFO] 2022-02-14 15:15:30,227: topic[/Robotiq2FGripperRobotInput] removing connection to http://FM00351-u:39251/
[rospy.impl.masterslave][INFO] 2022-02-14 15:15:30,227: atexit
[rospy.client][INFO] 2022-02-14 15:40:51,455: init_node, name[/Robotiq2FGripperForceController], pid[3296]
[xmlrpc][INFO] 2022-02-14 15:40:51,455: XML-RPC server binding to 0.0.0.0:0
[xmlrpc][INFO] 2022-02-14 15:40:51,455: Started XML-RPC server [http://FM00351-u:41399/]
[rospy.init][INFO] 2022-02-14 15:40:51,456: ROS Slave URI: [http://FM00351-u:41399/]
[rospy.impl.masterslave][INFO] 2022-02-14 15:40:51,456: _ready: http://FM00351-u:41399/
[rospy.registration][INFO] 2022-02-14 15:40:51,456: Registering with master node http://localhost:11311
[xmlrpc][INFO] 2022-02-14 15:40:51,456: xml rpc node: starting XML-RPC server
[rospy.init][INFO] 2022-02-14 15:40:51,556: registered with master
[rospy.rosout][INFO] 2022-02-14 15:40:51,557: initializing /rosout core topic
[rospy.rosout][INFO] 2022-02-14 15:40:51,561: connected to core topic /rosout
[rospy.simtime][INFO] 2022-02-14 15:40:51,562: /use_sim_time is not set, will not subscribe to simulated time [/clock] topic
[rospy.internal][INFO] 2022-02-14 15:40:51,577: topic[/Robotiq2FGripperRobotOutput] adding connection to [/rostopic_3258_1644853186185], count 0
[rospy.internal][INFO] 2022-02-14 15:40:51,577: topic[/Robotiq2FGripperRobotOutput] adding connection to [/robotiq2FGripper], count 1
[rospy.internal][INFO] 2022-02-14 15:40:51,774: topic[/rosout] adding connection to [/rosout], count 0
[rospy.internal][INFO] 2022-02-14 15:40:53,826: topic[/Robotiq2FGripperRobotInput] adding connection to [http://FM00351-u:41721/], count 0
[rospy.internal][ERROR] 2022-02-14 15:55:06,264: Unable to initiate TCP/IP socket to FM00351-u:44829 (http://FM00351-u:41721/): Traceback (most recent call last):
  File "/opt/ros/melodic/lib/python2.7/dist-packages/rospy/impl/tcpros_base.py", line 562, in connect
    self.read_header()
  File "/opt/ros/melodic/lib/python2.7/dist-packages/rospy/impl/tcpros_base.py", line 657, in read_header
    self._validate_header(read_ros_handshake_header(sock, self.read_buff, self.protocol.buff_size))
  File "/opt/ros/melodic/lib/python2.7/dist-packages/rospy/impl/tcpros_base.py", line 600, in _validate_header
    raise TransportInitError("remote error reported: %s"%header['error'])
TransportInitError: remote error reported: node shutting down

[rospy.internal][INFO] 2022-02-14 15:55:06,375: topic[/Robotiq2FGripperRobotOutput] removing connection to /robotiq2FGripper
[rospy.internal][WARNING] 2022-02-14 15:55:07,267: Unknown error initiating TCP/IP socket to FM00351-u:44829 (http://FM00351-u:41721/): Traceback (most recent call last):
  File "/opt/ros/melodic/lib/python2.7/dist-packages/rospy/impl/tcpros_base.py", line 560, in connect
    self.socket.connect((dest_addr, dest_port))
  File "/usr/lib/python2.7/socket.py", line 228, in meth
    return getattr(self._sock,name)(*args)
error: [Errno 111] Connection refused

[rospy.internal][INFO] 2022-02-14 15:55:07,267: topic[/Robotiq2FGripperRobotInput] removing connection to http://FM00351-u:41721/
[rospy.core][INFO] 2022-02-14 15:56:11,487: signal_shutdown [atexit]
[rospy.internal][INFO] 2022-02-14 15:56:11,492: topic[/rosout] removing connection to /rosout
[rospy.internal][INFO] 2022-02-14 15:56:11,493: topic[/Robotiq2FGripperRobotOutput] removing connection to /rostopic_3258_1644853186185
[rospy.impl.masterslave][INFO] 2022-02-14 15:56:11,493: atexit
