[rospy.client][INFO] 2022-02-14 16:02:15,892: init_node, name[/Robotiq2FGripperSimpleController], pid[3581]
[xmlrpc][INFO] 2022-02-14 16:02:15,893: XML-RPC server binding to 0.0.0.0:0
[xmlrpc][INFO] 2022-02-14 16:02:15,893: Started XML-RPC server [http://FM00351-u:44709/]
[rospy.init][INFO] 2022-02-14 16:02:15,893: ROS Slave URI: [http://FM00351-u:44709/]
[rospy.impl.masterslave][INFO] 2022-02-14 16:02:15,893: _ready: http://FM00351-u:44709/
[rospy.registration][INFO] 2022-02-14 16:02:15,893: Registering with master node http://localhost:11311
[xmlrpc][INFO] 2022-02-14 16:02:15,893: xml rpc node: starting XML-RPC server
[rospy.init][INFO] 2022-02-14 16:02:15,993: registered with master
[rospy.rosout][INFO] 2022-02-14 16:02:15,994: initializing /rosout core topic
[rospy.rosout][INFO] 2022-02-14 16:02:15,998: connected to core topic /rosout
[rospy.simtime][INFO] 2022-02-14 16:02:16,000: /use_sim_time is not set, will not subscribe to simulated time [/clock] topic
[rospy.internal][INFO] 2022-02-14 16:02:16,100: topic[/Robotiq2FGripperRobotOutput] adding connection to [/robotiq2FGripper], count 0
[rospy.internal][INFO] 2022-02-14 16:02:16,251: topic[/rosout] adding connection to [/rosout], count 0
[rospy.internal][INFO] 2022-02-14 16:03:35,621: topic[/Robotiq2FGripperRobotOutput] adding connection to [/rostopic_4026_1644854615389], count 1
[rosout][WARNING] 2022-02-14 16:04:31,304: Inbound TCP/IP connection failed: connection from sender terminated before handshake header received. 0 bytes were received. Please check sender for additional details.
[rospy.internal][ERROR] 2022-02-14 16:04:31,306: Inbound TCP/IP connection failed:
Traceback (most recent call last):
  File "/opt/ros/melodic/lib/python2.7/dist-packages/rospy/impl/tcpros_base.py", line 325, in _tcp_server_callback
    header = read_ros_handshake_header(sock, StringIO(), buff_size)
  File "/opt/ros/melodic/lib/python2.7/dist-packages/rosgraph/network.py", line 359, in read_ros_handshake_header
    raise ROSHandshakeException("connection from sender terminated before handshake header received. %s bytes were received. Please check sender for additional details."%b.tell())
ROSHandshakeException: connection from sender terminated before handshake header received. 0 bytes were received. Please check sender for additional details.

[rospy.internal][INFO] 2022-02-14 16:04:31,476: topic[/Robotiq2FGripperRobotOutput] removing connection to /rostopic_4026_1644854615389
[rospy.internal][INFO] 2022-02-14 16:06:20,039: topic[/Robotiq2FGripperRobotOutput] removing connection to /robotiq2FGripper
[rospy.internal][INFO] 2022-02-14 16:21:35,536: topic[/rosout] removing connection to /rosout
[rospy.core][INFO] 2022-02-14 16:55:24,466: signal_shutdown [signal-2]
[rospy.registration][WARNING] 2022-02-14 16:55:24,467: cannot unregister with master due to network issues
[rospy.impl.masterslave][INFO] 2022-02-14 16:55:24,468: signal-2
[rospy.core][INFO] 2022-02-14 16:55:25,785: signal_shutdown [atexit]
