[rospy.client][INFO] 2022-02-23 12:28:11,094: init_node, name[/Robotiq2FGripperSlipController_1907_1645619291032], pid[1907]
[xmlrpc][INFO] 2022-02-23 12:28:11,098: XML-RPC server binding to 0.0.0.0:0
[xmlrpc][INFO] 2022-02-23 12:28:11,098: Started XML-RPC server [http://FM00351-u:45111/]
[rospy.impl.masterslave][INFO] 2022-02-23 12:28:11,098: _ready: http://FM00351-u:45111/
[rospy.init][INFO] 2022-02-23 12:28:11,098: ROS Slave URI: [http://FM00351-u:45111/]
[xmlrpc][INFO] 2022-02-23 12:28:11,099: xml rpc node: starting XML-RPC server
[rospy.registration][INFO] 2022-02-23 12:28:11,099: Registering with master node http://localhost:11311
[rospy.init][INFO] 2022-02-23 12:28:11,199: registered with master
[rospy.rosout][INFO] 2022-02-23 12:28:11,199: initializing /rosout core topic
[rospy.registration][ERROR] 2022-02-23 12:28:11,201: [Errno 111] Connection refused
Unable to register with master node [http://localhost:11311]: master may not be running yet. Will keep trying.
[rospy.rosout][INFO] 2022-02-23 12:28:17,632: connected to core topic /rosout
[rospy.simtime][INFO] 2022-02-23 12:28:17,633: /use_sim_time is not set, will not subscribe to simulated time [/clock] topic
[rosout][INFO] 2022-02-23 12:28:17,634: controller is started now
[rospy.internal][INFO] 2022-02-23 12:28:18,074: topic[/rosout] adding connection to [/rosout], count 0
[rospy.internal][INFO] 2022-02-23 12:29:05,665: topic[/Robotiq2FGripperRobotOutput] adding connection to [/Robotiq2FGripperRtuNode], count 0
[rospy.internal][INFO] 2022-02-23 12:29:05,694: topic[/Robotiq2FGripperRobotInput] adding connection to [http://FM00351-u:41273/], count 0
[rospy.internal][INFO] 2022-02-23 12:29:12,695: topic[/rosout] removing connection to /rosout
[rospy.internal][WARNING] 2022-02-23 12:29:15,375: Unknown error initiating TCP/IP socket to FM00351-u:36799 (http://FM00351-u:41273/): Traceback (most recent call last):
  File "/opt/ros/melodic/lib/python2.7/dist-packages/rospy/impl/tcpros_base.py", line 562, in connect
    self.read_header()
  File "/opt/ros/melodic/lib/python2.7/dist-packages/rospy/impl/tcpros_base.py", line 657, in read_header
    self._validate_header(read_ros_handshake_header(sock, self.read_buff, self.protocol.buff_size))
  File "/opt/ros/melodic/lib/python2.7/dist-packages/rosgraph/network.py", line 359, in read_ros_handshake_header
    raise ROSHandshakeException("connection from sender terminated before handshake header received. %s bytes were received. Please check sender for additional details."%b.tell())
ROSHandshakeException: connection from sender terminated before handshake header received. 0 bytes were received. Please check sender for additional details.

[rospy.internal][INFO] 2022-02-23 12:29:15,375: topic[/Robotiq2FGripperRobotInput] removing connection to http://FM00351-u:41273/
[rospy.internal][INFO] 2022-02-23 12:29:15,697: topic[/Robotiq2FGripperRobotOutput] removing connection to /Robotiq2FGripperRtuNode
[rospy.core][INFO] 2022-02-23 12:29:20,337: signal_shutdown [signal-2]
[rospy.registration][WARNING] 2022-02-23 12:29:20,338: cannot unregister with master due to network issues
[rospy.impl.masterslave][INFO] 2022-02-23 12:29:20,339: signal-2
[rospy.core][INFO] 2022-02-23 12:29:20,953: signal_shutdown [atexit]
