[rospy.client][INFO] 2021-12-21 11:15:55,384: init_node, name[/serial_node], pid[1]
[xmlrpc][INFO] 2021-12-21 11:15:55,385: XML-RPC server binding to 0.0.0.0:0
[xmlrpc][INFO] 2021-12-21 11:15:55,385: Started XML-RPC server [http://FM00351-u:45427/]
[rospy.init][INFO] 2021-12-21 11:15:55,386: ROS Slave URI: [http://FM00351-u:45427/]
[rospy.impl.masterslave][INFO] 2021-12-21 11:15:55,386: _ready: http://FM00351-u:45427/
[rospy.registration][INFO] 2021-12-21 11:15:55,387: Registering with master node http://localhost:11311
[xmlrpc][INFO] 2021-12-21 11:15:55,387: xml rpc node: starting XML-RPC server
[rospy.init][INFO] 2021-12-21 11:15:55,486: registered with master
[rospy.rosout][INFO] 2021-12-21 11:15:55,487: initializing /rosout core topic
[rospy.registration][ERROR] 2021-12-21 11:15:55,489: [Errno 111] Connection refused
Unable to register with master node [http://localhost:11311]: master may not be running yet. Will keep trying.
[rospy.core][INFO] 2021-12-21 11:16:16,216: signal_shutdown [signal-15]
[rospy.registration][WARNING] 2021-12-21 11:16:16,217: cannot unregister with master due to network issues
[rospy.impl.masterslave][INFO] 2021-12-21 11:16:16,217: signal-15
[rospy.client][INFO] 2022-02-14 16:22:12,672: init_node, name[/serial_node], pid[4180]
[xmlrpc][INFO] 2022-02-14 16:22:12,679: XML-RPC server binding to 0.0.0.0:0
[xmlrpc][INFO] 2022-02-14 16:22:12,679: Started XML-RPC server [http://FM00351-u:44505/]
[rospy.init][INFO] 2022-02-14 16:22:12,679: ROS Slave URI: [http://FM00351-u:44505/]
[rospy.impl.masterslave][INFO] 2022-02-14 16:22:12,679: _ready: http://FM00351-u:44505/
[xmlrpc][INFO] 2022-02-14 16:22:12,680: xml rpc node: starting XML-RPC server
[rospy.registration][INFO] 2022-02-14 16:22:12,680: Registering with master node http://localhost:11311
[rospy.init][INFO] 2022-02-14 16:22:12,780: registered with master
[rospy.rosout][INFO] 2022-02-14 16:22:12,780: initializing /rosout core topic
[rospy.rosout][INFO] 2022-02-14 16:22:12,784: connected to core topic /rosout
[rospy.simtime][INFO] 2022-02-14 16:22:12,786: /use_sim_time is not set, will not subscribe to simulated time [/clock] topic
[rosout][INFO] 2022-02-14 16:22:12,790: ROS Serial Python Node
[rosout][INFO] 2022-02-14 16:22:12,801: Connecting to /dev/ttyACM0 at 57600 baud
[rosout][ERROR] 2022-02-14 16:22:12,804: Error opening serial: [Errno 21] could not open port /dev/ttyACM0: [Errno 21] Is a directory: '/dev/ttyACM0'
[rospy.internal][INFO] 2022-02-14 16:22:13,054: topic[/rosout] adding connection to [/rosout], count 0
[rosout][ERROR] 2022-02-14 16:22:15,810: Error opening serial: [Errno 21] could not open port /dev/ttyACM0: [Errno 21] Is a directory: '/dev/ttyACM0'
[rospy.core][INFO] 2022-02-14 16:22:17,126: signal_shutdown [signal-2]
[rospy.internal][INFO] 2022-02-14 16:22:17,129: topic[/rosout] removing connection to /rosout
[rospy.impl.masterslave][INFO] 2022-02-14 16:22:17,130: signal-2
[rospy.core][INFO] 2022-02-14 16:22:17,262: signal_shutdown [atexit]
