[roslaunch][INFO] 2021-12-21 13:40:50,179: Checking log directory for disk usage. This may take a while.
Press Ctrl-C to interrupt
[roslaunch][INFO] 2021-12-21 13:40:50,182: Done checking log file disk usage. Usage is <1GB.
[roslaunch][INFO] 2021-12-21 13:40:50,182: roslaunch starting with args ['/opt/ros/melodic/bin/roslaunch', 'module_gripper', 'gripper.launch']
[roslaunch][INFO] 2021-12-21 13:40:50,182: roslaunch env is {'ROS_DISTRO': 'melodic', 'ROSLISP_PACKAGE_DIRECTORIES': '/home/ros/catkin_ws/devel/share/common-lisp', 'HOME': '/home/ros', 'PATH': '/opt/ros/melodic/bin:/usr/local/sbin:/usr/local/bin:/usr/sbin:/usr/bin:/sbin:/bin', 'ROS_PACKAGE_PATH': '/home/ros/catkin_ws/src:/opt/ros/melodic/share', 'CMAKE_PREFIX_PATH': '/home/ros/catkin_ws/devel:/opt/ros/melodic', 'LD_LIBRARY_PATH': '/home/ros/catkin_ws/devel/lib:/opt/ros/melodic/lib', 'LANG': 'C.UTF-8', 'ROS_LOG_FILENAME': '/home/ros/.ros/log/9c14ff0a-6263-11ec-9df9-7c507959f385/roslaunch-FM00351-u-55.log', 'SHLVL': '2', 'DISPLAY': ':0', 'UNAME': 'ros', 'ROS_MASTER_URI': 'http://localhost:11311', 'ROS_PYTHON_VERSION': '2', 'PYTHONPATH': '/home/ros/catkin_ws/devel/lib/python2.7/dist-packages:/opt/ros/melodic/lib/python2.7/dist-packages', 'QT_X11_NO_MITSHM': '1', 'ROS_ROOT': '/opt/ros/melodic/share/ros', 'PKG_CONFIG_PATH': '/home/ros/catkin_ws/devel/lib/pkgconfig:/opt/ros/melodic/lib/pkgconfig', 'LC_ALL': 'C.UTF-8', '_': '/opt/ros/melodic/bin/roslaunch', 'OLDPWD': '/home/ros', 'HOSTNAME': 'FM00351-u', 'PWD': '/home/ros/catkin_ws', 'ROS_ETC_DIR': '/opt/ros/melodic/etc/ros', 'ROS_VERSION': '1'}
[roslaunch][INFO] 2021-12-21 13:40:50,182: starting in server mode
[roslaunch.parent][INFO] 2021-12-21 13:40:50,182: starting roslaunch parent run
[roslaunch][INFO] 2021-12-21 13:40:50,182: loading roscore config file /opt/ros/melodic/etc/ros/roscore.xml
[roslaunch][INFO] 2021-12-21 13:40:50,391: Added core node of type [rosout/rosout] in namespace [/]
[roslaunch.config][INFO] 2021-12-21 13:40:50,392: loading config file /home/ros/catkin_ws/src/module_gripper/launch/gripper.launch
[roslaunch][INFO] 2021-12-21 13:40:50,392: Added node of type [module_gripper/gripper_action_server] in namespace [/]
[roslaunch][INFO] 2021-12-21 13:40:50,392: ... selected machine [] for node of type [module_gripper/gripper_action_server]
[roslaunch.pmon][INFO] 2021-12-21 13:40:50,393: start_process_monitor: creating ProcessMonitor
[roslaunch.pmon][INFO] 2021-12-21 13:40:50,393: created process monitor <ProcessMonitor(ProcessMonitor-1, initial daemon)>
[roslaunch.pmon][INFO] 2021-12-21 13:40:50,393: start_process_monitor: ProcessMonitor started
[roslaunch.parent][INFO] 2021-12-21 13:40:50,393: starting parent XML-RPC server
[roslaunch.server][INFO] 2021-12-21 13:40:50,393: starting roslaunch XML-RPC server
[roslaunch.server][INFO] 2021-12-21 13:40:50,393: waiting for roslaunch XML-RPC server to initialize
[xmlrpc][INFO] 2021-12-21 13:40:50,393: XML-RPC server binding to 0.0.0.0:0
[xmlrpc][INFO] 2021-12-21 13:40:50,393: Started XML-RPC server [http://FM00351-u:43759/]
[xmlrpc][INFO] 2021-12-21 13:40:50,394: xml rpc node: starting XML-RPC server
[roslaunch][INFO] 2021-12-21 13:40:50,404: started roslaunch server http://FM00351-u:43759/
[roslaunch.parent][INFO] 2021-12-21 13:40:50,405: ... parent XML-RPC server started
[roslaunch][INFO] 2021-12-21 13:40:50,405: master.is_running[http://localhost:11311]
[roslaunch][INFO] 2021-12-21 13:40:50,405: auto-starting new master
[roslaunch][INFO] 2021-12-21 13:40:50,405: create_master_process: rosmaster, /opt/ros/melodic/share/ros, 11311, 3, None, False
[roslaunch][INFO] 2021-12-21 13:40:50,405: process[master]: launching with args [['rosmaster', '--core', '-p', '11311', '-w', '3']]
[roslaunch.pmon][INFO] 2021-12-21 13:40:50,405: ProcessMonitor.register[master]
[roslaunch.pmon][INFO] 2021-12-21 13:40:50,405: ProcessMonitor.register[master] complete
[roslaunch][INFO] 2021-12-21 13:40:50,405: process[master]: starting os process
[roslaunch][INFO] 2021-12-21 13:40:50,405: process[master]: start w/ args [['rosmaster', '--core', '-p', '11311', '-w', '3', '__log:=/home/ros/.ros/log/9c14ff0a-6263-11ec-9df9-7c507959f385/master.log']]
[roslaunch][INFO] 2021-12-21 13:40:50,405: process[master]: cwd will be [/home/ros/.ros]
[roslaunch][INFO] 2021-12-21 13:40:50,470: process[master]: started with pid [65]
[roslaunch][INFO] 2021-12-21 13:40:50,470: master.is_running[http://localhost:11311]
[roslaunch][INFO] 2021-12-21 13:40:50,570: master.is_running[http://localhost:11311]
[roslaunch][INFO] 2021-12-21 13:40:50,671: master.is_running[http://localhost:11311]
[roslaunch][INFO] 2021-12-21 13:40:50,672: master.is_running[http://localhost:11311]
[roslaunch][INFO] 2021-12-21 13:40:50,673: ROS_MASTER_URI=http://localhost:11311
[roslaunch][INFO] 2021-12-21 13:40:50,673: setting /run_id to 9c14ff0a-6263-11ec-9df9-7c507959f385
[roslaunch][INFO] 2021-12-21 13:40:50,674: setting /roslaunch/uris/host_fm00351_u__43759' to http://FM00351-u:43759/
[roslaunch][INFO] 2021-12-21 13:40:50,675: ... preparing to launch node of type [rosout/rosout]
[roslaunch][INFO] 2021-12-21 13:40:50,675: create_node_process: package[rosout] type[rosout] machine[Machine(name[] env_loader[None] address[localhost] ssh_port[22] user[None] assignable[True] timeout[10.0])] master_uri[http://localhost:11311]
[roslaunch][INFO] 2021-12-21 13:40:50,675: process[rosout-1]: env[{'ROS_DISTRO': 'melodic', 'ROSLISP_PACKAGE_DIRECTORIES': '/home/ros/catkin_ws/devel/share/common-lisp', 'LD_LIBRARY_PATH': '/home/ros/catkin_ws/devel/lib:/opt/ros/melodic/lib', 'ROS_PACKAGE_PATH': '/home/ros/catkin_ws/src:/opt/ros/melodic/share', 'PATH': '/opt/ros/melodic/bin:/usr/local/sbin:/usr/local/bin:/usr/sbin:/usr/bin:/sbin:/bin', 'CMAKE_PREFIX_PATH': '/home/ros/catkin_ws/devel:/opt/ros/melodic', 'ROS_LOG_FILENAME': '/home/ros/.ros/log/9c14ff0a-6263-11ec-9df9-7c507959f385/roslaunch-FM00351-u-55.log', 'LANG': 'C.UTF-8', 'SHLVL': '2', 'DISPLAY': ':0', 'UNAME': 'ros', 'ROS_ETC_DIR': '/opt/ros/melodic/etc/ros', 'HOME': '/home/ros', 'ROS_PYTHON_VERSION': '2', 'PYTHONPATH': '/home/ros/catkin_ws/devel/lib/python2.7/dist-packages:/opt/ros/melodic/lib/python2.7/dist-packages', 'QT_X11_NO_MITSHM': '1', 'ROS_ROOT': '/opt/ros/melodic/share/ros', 'PKG_CONFIG_PATH': '/home/ros/catkin_ws/devel/lib/pkgconfig:/opt/ros/melodic/lib/pkgconfig', 'LC_ALL': 'C.UTF-8', '_': '/opt/ros/melodic/bin/roslaunch', 'OLDPWD': '/home/ros', 'HOSTNAME': 'FM00351-u', 'PWD': '/home/ros/catkin_ws', 'ROS_MASTER_URI': 'http://localhost:11311', 'ROS_VERSION': '1'}]
[roslaunch][INFO] 2021-12-21 13:40:50,694: process[rosout-1]: args[[u'/opt/ros/melodic/lib/rosout/rosout', u'__name:=rosout']]
[roslaunch][INFO] 2021-12-21 13:40:50,694: ... created process [rosout-1]
[roslaunch.pmon][INFO] 2021-12-21 13:40:50,695: ProcessMonitor.register[rosout-1]
[roslaunch.pmon][INFO] 2021-12-21 13:40:50,695: ProcessMonitor.register[rosout-1] complete
[roslaunch][INFO] 2021-12-21 13:40:50,695: ... registered process [rosout-1]
[roslaunch][INFO] 2021-12-21 13:40:50,695: process[rosout-1]: starting os process
[roslaunch][INFO] 2021-12-21 13:40:50,695: process[rosout-1]: start w/ args [[u'/opt/ros/melodic/lib/rosout/rosout', u'__name:=rosout', u'__log:=/home/ros/.ros/log/9c14ff0a-6263-11ec-9df9-7c507959f385/rosout-1.log']]
[roslaunch][INFO] 2021-12-21 13:40:50,695: process[rosout-1]: cwd will be [/home/ros/.ros]
[roslaunch][INFO] 2021-12-21 13:40:50,763: process[rosout-1]: started with pid [77]
[roslaunch][INFO] 2021-12-21 13:40:50,764: ... successfully launched [rosout-1]
[roslaunch][INFO] 2021-12-21 13:40:50,764: load_parameters starting ...
[roslaunch][INFO] 2021-12-21 13:40:50,766: ... load_parameters complete
[roslaunch][INFO] 2021-12-21 13:40:50,766: launch_nodes: launching local nodes ...
[roslaunch][INFO] 2021-12-21 13:40:50,766: ... preparing to launch node of type [module_gripper/gripper_action_server]
[roslaunch][INFO] 2021-12-21 13:40:50,766: create_node_process: package[module_gripper] type[gripper_action_server] machine[Machine(name[] env_loader[None] address[localhost] ssh_port[22] user[None] assignable[True] timeout[10.0])] master_uri[http://localhost:11311]
[roslaunch][INFO] 2021-12-21 13:40:50,766: process[frogs-2]: env[{'ROS_DISTRO': 'melodic', 'ROSLISP_PACKAGE_DIRECTORIES': '/home/ros/catkin_ws/devel/share/common-lisp', 'LD_LIBRARY_PATH': '/home/ros/catkin_ws/devel/lib:/opt/ros/melodic/lib', 'ROS_PACKAGE_PATH': '/home/ros/catkin_ws/src:/opt/ros/melodic/share', 'PATH': '/opt/ros/melodic/bin:/usr/local/sbin:/usr/local/bin:/usr/sbin:/usr/bin:/sbin:/bin', 'CMAKE_PREFIX_PATH': '/home/ros/catkin_ws/devel:/opt/ros/melodic', 'ROS_LOG_FILENAME': '/home/ros/.ros/log/9c14ff0a-6263-11ec-9df9-7c507959f385/roslaunch-FM00351-u-55.log', 'LANG': 'C.UTF-8', 'SHLVL': '2', 'DISPLAY': ':0', 'UNAME': 'ros', 'ROS_ETC_DIR': '/opt/ros/melodic/etc/ros', 'HOME': '/home/ros', 'ROS_PYTHON_VERSION': '2', 'PYTHONPATH': '/home/ros/catkin_ws/devel/lib/python2.7/dist-packages:/opt/ros/melodic/lib/python2.7/dist-packages', 'QT_X11_NO_MITSHM': '1', 'ROS_ROOT': '/opt/ros/melodic/share/ros', 'PKG_CONFIG_PATH': '/home/ros/catkin_ws/devel/lib/pkgconfig:/opt/ros/melodic/lib/pkgconfig', 'LC_ALL': 'C.UTF-8', '_': '/opt/ros/melodic/bin/roslaunch', 'OLDPWD': '/home/ros', 'HOSTNAME': 'FM00351-u', 'PWD': '/home/ros/catkin_ws', 'ROS_MASTER_URI': 'http://localhost:11311', 'ROS_VERSION': '1'}]
[roslaunch][INFO] 2021-12-21 13:40:50,766: process[frogs-2]: args[[u'/home/ros/catkin_ws/src/module_gripper/src/module_gripper/gripper_action_server', u'__name:=frogs']]
[roslaunch][INFO] 2021-12-21 13:40:50,767: ... created process [frogs-2]
[roslaunch.pmon][INFO] 2021-12-21 13:40:50,767: ProcessMonitor.register[frogs-2]
[roslaunch.pmon][INFO] 2021-12-21 13:40:50,767: ProcessMonitor.register[frogs-2] complete
[roslaunch][INFO] 2021-12-21 13:40:50,767: ... registered process [frogs-2]
[roslaunch][INFO] 2021-12-21 13:40:50,767: process[frogs-2]: starting os process
[roslaunch][INFO] 2021-12-21 13:40:50,767: process[frogs-2]: start w/ args [[u'/home/ros/catkin_ws/src/module_gripper/src/module_gripper/gripper_action_server', u'__name:=frogs', u'__log:=/home/ros/.ros/log/9c14ff0a-6263-11ec-9df9-7c507959f385/frogs-2.log']]
[roslaunch][INFO] 2021-12-21 13:40:50,767: process[frogs-2]: cwd will be [/home/ros/.ros]
[roslaunch][INFO] 2021-12-21 13:40:50,837: process[frogs-2]: started with pid [80]
[roslaunch][INFO] 2021-12-21 13:40:50,837: ... successfully launched [frogs-2]
[roslaunch][INFO] 2021-12-21 13:40:50,837: ... launch_nodes complete
[roslaunch.pmon][INFO] 2021-12-21 13:40:50,837: registrations completed <ProcessMonitor(ProcessMonitor-1, started daemon 139983530452736)>
[roslaunch.parent][INFO] 2021-12-21 13:40:50,837: ... roslaunch parent running, waiting for process exit
[roslaunch][INFO] 2021-12-21 13:40:50,838: spin
