[rospy.client][INFO] 2022-02-23 12:05:24,824: init_node, name[/Robotiq2FGripperRtuNode], pid[16326]
[xmlrpc][INFO] 2022-02-23 12:05:24,824: XML-RPC server binding to 0.0.0.0:0
[xmlrpc][INFO] 2022-02-23 12:05:24,825: Started XML-RPC server [http://FM00351-u:37407/]
[rospy.init][INFO] 2022-02-23 12:05:24,825: ROS Slave URI: [http://FM00351-u:37407/]
[rospy.impl.masterslave][INFO] 2022-02-23 12:05:24,825: _ready: http://FM00351-u:37407/
[rospy.registration][INFO] 2022-02-23 12:05:24,826: Registering with master node http://localhost:11311
[xmlrpc][INFO] 2022-02-23 12:05:24,826: xml rpc node: starting XML-RPC server
[rospy.init][INFO] 2022-02-23 12:05:24,925: registered with master
[rospy.rosout][INFO] 2022-02-23 12:05:24,926: initializing /rosout core topic
[rospy.rosout][INFO] 2022-02-23 12:05:24,928: connected to core topic /rosout
[rospy.simtime][INFO] 2022-02-23 12:05:24,929: /use_sim_time is not set, will not subscribe to simulated time [/clock] topic
[rospy.internal][INFO] 2022-02-23 12:05:25,169: topic[/rosout] adding connection to [/rosout], count 0
[rospy.internal][INFO] 2022-02-23 12:05:28,975: topic[/Robotiq2FGripperRobotOutput] adding connection to [http://FM00351-u:35365/], count 0
[rospy.internal][INFO] 2022-02-23 12:05:45,403: topic[/rosout] adding connection to [/rostopic_16397_1645617945169], count 1
[rospy.core][INFO] 2022-02-23 12:05:47,627: signal_shutdown [signal-2]
[rospy.internal][INFO] 2022-02-23 12:05:47,631: topic[/rosout] removing connection to /rosout
[rospy.internal][INFO] 2022-02-23 12:05:47,631: topic[/rosout] removing connection to /rostopic_16397_1645617945169
[rospy.internal][INFO] 2022-02-23 12:05:47,631: topic[/Robotiq2FGripperRobotOutput] removing connection to http://FM00351-u:35365/
[rospy.impl.masterslave][INFO] 2022-02-23 12:05:47,631: signal-2
[rospy.internal][WARNING] 2022-02-23 12:05:47,632: Unknown error initiating TCP/IP socket to FM00351-u:45243 (http://FM00351-u:35365/): Traceback (most recent call last):
  File "/opt/ros/melodic/lib/python2.7/dist-packages/rospy/impl/tcpros_base.py", line 563, in connect
    self.local_endpoint = self.socket.getsockname()
AttributeError: 'NoneType' object has no attribute 'getsockname'

[rospy.core][INFO] 2022-02-23 12:05:47,771: signal_shutdown [atexit]
