[roslaunch][INFO] 2022-02-23 12:05:23,428: Checking log directory for disk usage. This may take a while.
Press Ctrl-C to interrupt
[roslaunch][INFO] 2022-02-23 12:05:23,432: Done checking log file disk usage. Usage is <1GB.
[roslaunch][INFO] 2022-02-23 12:05:23,432: roslaunch starting with args ['/opt/ros/melodic/bin/roslaunch', 'fm_gripper_module', 'fm_gripper_module.launch']
[roslaunch][INFO] 2022-02-23 12:05:23,432: roslaunch env is {'ROS_DISTRO': 'melodic', 'ROSLISP_PACKAGE_DIRECTORIES': '/home/ros/catkin_ws/devel/share/common-lisp', 'HOME': '/home/ros', 'PATH': '/opt/ros/melodic/bin:/usr/local/sbin:/usr/local/bin:/usr/sbin:/usr/bin:/sbin:/bin', 'ROS_PACKAGE_PATH': '/home/ros/catkin_ws/src:/opt/ros/melodic/share', 'CMAKE_PREFIX_PATH': '/home/ros/catkin_ws/devel:/opt/ros/melodic', 'LD_LIBRARY_PATH': '/home/ros/catkin_ws/devel/lib:/opt/ros/melodic/lib', 'LANG': 'C.UTF-8', 'TERM': 'xterm', 'ROS_LOG_FILENAME': '/home/ros/.ros/log/e115590a-94a0-11ec-bcc1-7c507959f385/roslaunch-FM00351-u-16302.log', 'SHLVL': '1', 'DISPLAY': ':0', 'UNAME': 'ros', 'ROS_MASTER_URI': 'http://localhost:11311', 'ROS_PYTHON_VERSION': '2', 'PYTHONPATH': '/home/ros/catkin_ws/devel/lib/python2.7/dist-packages:/opt/ros/melodic/lib/python2.7/dist-packages', 'QT_X11_NO_MITSHM': '1', 'ROS_ROOT': '/opt/ros/melodic/share/ros', 'PKG_CONFIG_PATH': '/home/ros/catkin_ws/devel/lib/pkgconfig:/opt/ros/melodic/lib/pkgconfig', 'LC_ALL': 'C.UTF-8', '_': '/opt/ros/melodic/bin/roslaunch', 'OLDPWD': '/home/ros', 'HOSTNAME': 'FM00351-u', 'PWD': '/home/ros/catkin_ws', 'ROS_ETC_DIR': '/opt/ros/melodic/etc/ros', 'ROS_VERSION': '1'}
[roslaunch][INFO] 2022-02-23 12:05:23,432: starting in server mode
[roslaunch.parent][INFO] 2022-02-23 12:05:23,432: starting roslaunch parent run
[roslaunch][INFO] 2022-02-23 12:05:23,432: loading roscore config file /opt/ros/melodic/etc/ros/roscore.xml
[roslaunch][INFO] 2022-02-23 12:05:23,756: Added core node of type [rosout/rosout] in namespace [/]
[roslaunch.config][INFO] 2022-02-23 12:05:23,757: loading config file /home/ros/catkin_ws/src/fm_gripper_module/launch/fm_gripper_module.launch
[roslaunch][INFO] 2022-02-23 12:05:23,757: Added node of type [robotiq_2f_gripper_control/Robotiq2FGripperRtuNode.py] in namespace [/]
[roslaunch][INFO] 2022-02-23 12:05:23,757: Added node of type [fm_gripper_module/gripper_action_server.py] in namespace [/]
[roslaunch][INFO] 2022-02-23 12:05:23,757: ... selected machine [] for node of type [robotiq_2f_gripper_control/Robotiq2FGripperRtuNode.py]
[roslaunch][INFO] 2022-02-23 12:05:23,757: ... selected machine [] for node of type [fm_gripper_module/gripper_action_server.py]
[roslaunch.pmon][INFO] 2022-02-23 12:05:23,758: start_process_monitor: creating ProcessMonitor
[roslaunch.pmon][INFO] 2022-02-23 12:05:23,758: created process monitor <ProcessMonitor(ProcessMonitor-1, initial daemon)>
[roslaunch.pmon][INFO] 2022-02-23 12:05:23,758: start_process_monitor: ProcessMonitor started
[roslaunch.parent][INFO] 2022-02-23 12:05:23,758: starting parent XML-RPC server
[roslaunch.server][INFO] 2022-02-23 12:05:23,758: starting roslaunch XML-RPC server
[roslaunch.server][INFO] 2022-02-23 12:05:23,759: waiting for roslaunch XML-RPC server to initialize
[xmlrpc][INFO] 2022-02-23 12:05:23,759: XML-RPC server binding to 0.0.0.0:0
[xmlrpc][INFO] 2022-02-23 12:05:23,759: Started XML-RPC server [http://FM00351-u:43169/]
[xmlrpc][INFO] 2022-02-23 12:05:23,759: xml rpc node: starting XML-RPC server
[roslaunch][INFO] 2022-02-23 12:05:23,770: started roslaunch server http://FM00351-u:43169/
[roslaunch.parent][INFO] 2022-02-23 12:05:23,770: ... parent XML-RPC server started
[roslaunch][INFO] 2022-02-23 12:05:23,771: master.is_running[http://localhost:11311]
[roslaunch][INFO] 2022-02-23 12:05:23,771: auto-starting new master
[roslaunch][INFO] 2022-02-23 12:05:23,771: create_master_process: rosmaster, /opt/ros/melodic/share/ros, 11311, 3, None, False
[roslaunch][INFO] 2022-02-23 12:05:23,771: process[master]: launching with args [['rosmaster', '--core', '-p', '11311', '-w', '3']]
[roslaunch.pmon][INFO] 2022-02-23 12:05:23,771: ProcessMonitor.register[master]
[roslaunch.pmon][INFO] 2022-02-23 12:05:23,771: ProcessMonitor.register[master] complete
[roslaunch][INFO] 2022-02-23 12:05:23,771: process[master]: starting os process
[roslaunch][INFO] 2022-02-23 12:05:23,771: process[master]: start w/ args [['rosmaster', '--core', '-p', '11311', '-w', '3', '__log:=/home/ros/.ros/log/e115590a-94a0-11ec-bcc1-7c507959f385/master.log']]
[roslaunch][INFO] 2022-02-23 12:05:23,771: process[master]: cwd will be [/home/ros/.ros]
[roslaunch][INFO] 2022-02-23 12:05:23,844: process[master]: started with pid [16312]
[roslaunch][INFO] 2022-02-23 12:05:23,845: master.is_running[http://localhost:11311]
[roslaunch][INFO] 2022-02-23 12:05:23,946: master.is_running[http://localhost:11311]
[roslaunch][INFO] 2022-02-23 12:05:24,047: master.is_running[http://localhost:11311]
[roslaunch][INFO] 2022-02-23 12:05:24,048: master.is_running[http://localhost:11311]
[roslaunch][INFO] 2022-02-23 12:05:24,049: ROS_MASTER_URI=http://localhost:11311
[roslaunch][INFO] 2022-02-23 12:05:24,051: setting /run_id to e115590a-94a0-11ec-bcc1-7c507959f385
[roslaunch][INFO] 2022-02-23 12:05:24,051: setting /roslaunch/uris/host_fm00351_u__43169' to http://FM00351-u:43169/
[roslaunch][INFO] 2022-02-23 12:05:24,053: ... preparing to launch node of type [rosout/rosout]
[roslaunch][INFO] 2022-02-23 12:05:24,053: create_node_process: package[rosout] type[rosout] machine[Machine(name[] env_loader[None] address[localhost] ssh_port[22] user[None] assignable[True] timeout[10.0])] master_uri[http://localhost:11311]
[roslaunch][INFO] 2022-02-23 12:05:24,053: process[rosout-1]: env[{'ROS_DISTRO': 'melodic', 'ROSLISP_PACKAGE_DIRECTORIES': '/home/ros/catkin_ws/devel/share/common-lisp', 'LD_LIBRARY_PATH': '/home/ros/catkin_ws/devel/lib:/opt/ros/melodic/lib', 'ROS_PACKAGE_PATH': '/home/ros/catkin_ws/src:/opt/ros/melodic/share', 'PATH': '/opt/ros/melodic/bin:/usr/local/sbin:/usr/local/bin:/usr/sbin:/usr/bin:/sbin:/bin', 'CMAKE_PREFIX_PATH': '/home/ros/catkin_ws/devel:/opt/ros/melodic', 'ROS_LOG_FILENAME': '/home/ros/.ros/log/e115590a-94a0-11ec-bcc1-7c507959f385/roslaunch-FM00351-u-16302.log', 'LANG': 'C.UTF-8', 'TERM': 'xterm', 'SHLVL': '1', 'DISPLAY': ':0', 'UNAME': 'ros', 'ROS_ETC_DIR': '/opt/ros/melodic/etc/ros', 'HOME': '/home/ros', 'ROS_PYTHON_VERSION': '2', 'PYTHONPATH': '/home/ros/catkin_ws/devel/lib/python2.7/dist-packages:/opt/ros/melodic/lib/python2.7/dist-packages', 'QT_X11_NO_MITSHM': '1', 'ROS_ROOT': '/opt/ros/melodic/share/ros', 'PKG_CONFIG_PATH': '/home/ros/catkin_ws/devel/lib/pkgconfig:/opt/ros/melodic/lib/pkgconfig', 'LC_ALL': 'C.UTF-8', '_': '/opt/ros/melodic/bin/roslaunch', 'OLDPWD': '/home/ros', 'HOSTNAME': 'FM00351-u', 'PWD': '/home/ros/catkin_ws', 'ROS_MASTER_URI': 'http://localhost:11311', 'ROS_VERSION': '1'}]
[roslaunch][INFO] 2022-02-23 12:05:24,254: process[rosout-1]: args[[u'/opt/ros/melodic/lib/rosout/rosout', u'__name:=rosout']]
[roslaunch][INFO] 2022-02-23 12:05:24,254: ... created process [rosout-1]
[roslaunch.pmon][INFO] 2022-02-23 12:05:24,254: ProcessMonitor.register[rosout-1]
[roslaunch.pmon][INFO] 2022-02-23 12:05:24,254: ProcessMonitor.register[rosout-1] complete
[roslaunch][INFO] 2022-02-23 12:05:24,254: ... registered process [rosout-1]
[roslaunch][INFO] 2022-02-23 12:05:24,255: process[rosout-1]: starting os process
[roslaunch][INFO] 2022-02-23 12:05:24,255: process[rosout-1]: start w/ args [[u'/opt/ros/melodic/lib/rosout/rosout', u'__name:=rosout', u'__log:=/home/ros/.ros/log/e115590a-94a0-11ec-bcc1-7c507959f385/rosout-1.log']]
[roslaunch][INFO] 2022-02-23 12:05:24,255: process[rosout-1]: cwd will be [/home/ros/.ros]
[roslaunch][INFO] 2022-02-23 12:05:24,320: process[rosout-1]: started with pid [16323]
[roslaunch][INFO] 2022-02-23 12:05:24,320: ... successfully launched [rosout-1]
[roslaunch][INFO] 2022-02-23 12:05:24,320: load_parameters starting ...
[roslaunch][INFO] 2022-02-23 12:05:24,323: ... load_parameters complete
[roslaunch][INFO] 2022-02-23 12:05:24,323: launch_nodes: launching local nodes ...
[roslaunch][INFO] 2022-02-23 12:05:24,323: ... preparing to launch node of type [robotiq_2f_gripper_control/Robotiq2FGripperRtuNode.py]
[roslaunch][INFO] 2022-02-23 12:05:24,323: create_node_process: package[robotiq_2f_gripper_control] type[Robotiq2FGripperRtuNode.py] machine[Machine(name[] env_loader[None] address[localhost] ssh_port[22] user[None] assignable[True] timeout[10.0])] master_uri[http://localhost:11311]
[roslaunch][INFO] 2022-02-23 12:05:24,323: process[Robotiq2FGripperRtuNode-2]: env[{'ROS_DISTRO': 'melodic', 'ROSLISP_PACKAGE_DIRECTORIES': '/home/ros/catkin_ws/devel/share/common-lisp', 'LD_LIBRARY_PATH': '/home/ros/catkin_ws/devel/lib:/opt/ros/melodic/lib', 'ROS_PACKAGE_PATH': '/home/ros/catkin_ws/src:/opt/ros/melodic/share', 'PATH': '/opt/ros/melodic/bin:/usr/local/sbin:/usr/local/bin:/usr/sbin:/usr/bin:/sbin:/bin', 'CMAKE_PREFIX_PATH': '/home/ros/catkin_ws/devel:/opt/ros/melodic', 'ROS_LOG_FILENAME': '/home/ros/.ros/log/e115590a-94a0-11ec-bcc1-7c507959f385/roslaunch-FM00351-u-16302.log', 'LANG': 'C.UTF-8', 'TERM': 'xterm', 'SHLVL': '1', 'DISPLAY': ':0', 'UNAME': 'ros', 'ROS_ETC_DIR': '/opt/ros/melodic/etc/ros', 'HOME': '/home/ros', 'ROS_PYTHON_VERSION': '2', 'PYTHONPATH': '/home/ros/catkin_ws/devel/lib/python2.7/dist-packages:/opt/ros/melodic/lib/python2.7/dist-packages', 'QT_X11_NO_MITSHM': '1', 'ROS_ROOT': '/opt/ros/melodic/share/ros', 'PKG_CONFIG_PATH': '/home/ros/catkin_ws/devel/lib/pkgconfig:/opt/ros/melodic/lib/pkgconfig', 'LC_ALL': 'C.UTF-8', '_': '/opt/ros/melodic/bin/roslaunch', 'OLDPWD': '/home/ros', 'HOSTNAME': 'FM00351-u', 'PWD': '/home/ros/catkin_ws', 'ROS_MASTER_URI': 'http://localhost:11311', 'ROS_VERSION': '1'}]
[roslaunch][INFO] 2022-02-23 12:05:24,324: process[Robotiq2FGripperRtuNode-2]: args[[u'/home/ros/catkin_ws/src/robotiq/robotiq_2f_gripper_control/nodes/Robotiq2FGripperRtuNode.py', '/dev/ttyUSB0', u'__name:=Robotiq2FGripperRtuNode']]
[roslaunch][INFO] 2022-02-23 12:05:24,324: ... created process [Robotiq2FGripperRtuNode-2]
[roslaunch.pmon][INFO] 2022-02-23 12:05:24,324: ProcessMonitor.register[Robotiq2FGripperRtuNode-2]
[roslaunch.pmon][INFO] 2022-02-23 12:05:24,324: ProcessMonitor.register[Robotiq2FGripperRtuNode-2] complete
[roslaunch][INFO] 2022-02-23 12:05:24,324: ... registered process [Robotiq2FGripperRtuNode-2]
[roslaunch][INFO] 2022-02-23 12:05:24,324: process[Robotiq2FGripperRtuNode-2]: starting os process
[roslaunch][INFO] 2022-02-23 12:05:24,324: process[Robotiq2FGripperRtuNode-2]: start w/ args [[u'/home/ros/catkin_ws/src/robotiq/robotiq_2f_gripper_control/nodes/Robotiq2FGripperRtuNode.py', '/dev/ttyUSB0', u'__name:=Robotiq2FGripperRtuNode', u'__log:=/home/ros/.ros/log/e115590a-94a0-11ec-bcc1-7c507959f385/Robotiq2FGripperRtuNode-2.log']]
[roslaunch][INFO] 2022-02-23 12:05:24,324: process[Robotiq2FGripperRtuNode-2]: cwd will be [/home/ros/.ros]
[roslaunch][INFO] 2022-02-23 12:05:24,391: process[Robotiq2FGripperRtuNode-2]: started with pid [16326]
[roslaunch][INFO] 2022-02-23 12:05:24,392: ... successfully launched [Robotiq2FGripperRtuNode-2]
[roslaunch][INFO] 2022-02-23 12:05:24,392: ... preparing to launch node of type [fm_gripper_module/gripper_action_server.py]
[roslaunch][INFO] 2022-02-23 12:05:24,392: create_node_process: package[fm_gripper_module] type[gripper_action_server.py] machine[Machine(name[] env_loader[None] address[localhost] ssh_port[22] user[None] assignable[True] timeout[10.0])] master_uri[http://localhost:11311]
[roslaunch][INFO] 2022-02-23 12:05:24,392: process[gripper_action_server-3]: env[{'ROS_DISTRO': 'melodic', 'ROSLISP_PACKAGE_DIRECTORIES': '/home/ros/catkin_ws/devel/share/common-lisp', 'LD_LIBRARY_PATH': '/home/ros/catkin_ws/devel/lib:/opt/ros/melodic/lib', 'ROS_PACKAGE_PATH': '/home/ros/catkin_ws/src:/opt/ros/melodic/share', 'PATH': '/opt/ros/melodic/bin:/usr/local/sbin:/usr/local/bin:/usr/sbin:/usr/bin:/sbin:/bin', 'CMAKE_PREFIX_PATH': '/home/ros/catkin_ws/devel:/opt/ros/melodic', 'ROS_LOG_FILENAME': '/home/ros/.ros/log/e115590a-94a0-11ec-bcc1-7c507959f385/roslaunch-FM00351-u-16302.log', 'LANG': 'C.UTF-8', 'TERM': 'xterm', 'SHLVL': '1', 'DISPLAY': ':0', 'UNAME': 'ros', 'ROS_ETC_DIR': '/opt/ros/melodic/etc/ros', 'HOME': '/home/ros', 'ROS_PYTHON_VERSION': '2', 'PYTHONPATH': '/home/ros/catkin_ws/devel/lib/python2.7/dist-packages:/opt/ros/melodic/lib/python2.7/dist-packages', 'QT_X11_NO_MITSHM': '1', 'ROS_ROOT': '/opt/ros/melodic/share/ros', 'PKG_CONFIG_PATH': '/home/ros/catkin_ws/devel/lib/pkgconfig:/opt/ros/melodic/lib/pkgconfig', 'LC_ALL': 'C.UTF-8', '_': '/opt/ros/melodic/bin/roslaunch', 'OLDPWD': '/home/ros', 'HOSTNAME': 'FM00351-u', 'PWD': '/home/ros/catkin_ws', 'ROS_MASTER_URI': 'http://localhost:11311', 'ROS_VERSION': '1'}]
[roslaunch][INFO] 2022-02-23 12:05:24,392: process[gripper_action_server-3]: args[[u'/home/ros/catkin_ws/src/fm_gripper_module/src/gripper_action_server.py', u'__name:=gripper_action_server']]
[roslaunch][INFO] 2022-02-23 12:05:24,392: ... created process [gripper_action_server-3]
[roslaunch.pmon][INFO] 2022-02-23 12:05:24,392: ProcessMonitor.register[gripper_action_server-3]
[roslaunch.pmon][INFO] 2022-02-23 12:05:24,392: ProcessMonitor.register[gripper_action_server-3] complete
[roslaunch][INFO] 2022-02-23 12:05:24,392: ... registered process [gripper_action_server-3]
[roslaunch][INFO] 2022-02-23 12:05:24,393: process[gripper_action_server-3]: starting os process
[roslaunch][INFO] 2022-02-23 12:05:24,393: process[gripper_action_server-3]: start w/ args [[u'/home/ros/catkin_ws/src/fm_gripper_module/src/gripper_action_server.py', u'__name:=gripper_action_server', u'__log:=/home/ros/.ros/log/e115590a-94a0-11ec-bcc1-7c507959f385/gripper_action_server-3.log']]
[roslaunch][INFO] 2022-02-23 12:05:24,393: process[gripper_action_server-3]: cwd will be [/home/ros/.ros]
[roslaunch][INFO] 2022-02-23 12:05:24,464: process[gripper_action_server-3]: started with pid [16331]
[roslaunch][INFO] 2022-02-23 12:05:24,465: ... successfully launched [gripper_action_server-3]
[roslaunch][INFO] 2022-02-23 12:05:24,465: ... launch_nodes complete
[roslaunch.pmon][INFO] 2022-02-23 12:05:24,465: registrations completed <ProcessMonitor(ProcessMonitor-1, started daemon 140392271390464)>
[roslaunch.parent][INFO] 2022-02-23 12:05:24,465: ... roslaunch parent running, waiting for process exit
[roslaunch][INFO] 2022-02-23 12:05:24,465: spin
[roslaunch.pmon][INFO] 2022-02-23 12:05:47,609: ProcessMonitor.shutdown <ProcessMonitor(ProcessMonitor-1, started daemon 140392271390464)>
[roslaunch.pmon][INFO] 2022-02-23 12:05:47,624: ProcessMonitor._post_run <ProcessMonitor(ProcessMonitor-1, started daemon 140392271390464)>
[roslaunch.pmon][INFO] 2022-02-23 12:05:47,624: ProcessMonitor._post_run <ProcessMonitor(ProcessMonitor-1, started daemon 140392271390464)>: remaining procs are [<roslaunch.nodeprocess.LocalProcess object at 0x7faf9fa25fd0>, <roslaunch.nodeprocess.LocalProcess object at 0x7faf9feb0210>, <roslaunch.nodeprocess.LocalProcess object at 0x7faf9fa25e50>, <roslaunch.nodeprocess.LocalProcess object at 0x7faf9fa25dd0>]
[roslaunch.pmon][INFO] 2022-02-23 12:05:47,625: ProcessMonitor exit: killing gripper_action_server-3
[roslaunch.pmon][INFO] 2022-02-23 12:05:47,625: ProcessMonitor exit: killing Robotiq2FGripperRtuNode-2
[roslaunch][INFO] 2022-02-23 12:05:47,626: [Robotiq2FGripperRtuNode-2] killing on exit
[roslaunch][INFO] 2022-02-23 12:05:47,625: [gripper_action_server-3] killing on exit
[roslaunch][INFO] 2022-02-23 12:05:47,626: process[Robotiq2FGripperRtuNode-2]: killing os process with pid[16326] pgid[16326]
[roslaunch][INFO] 2022-02-23 12:05:47,627: [Robotiq2FGripperRtuNode-2] sending SIGINT to pgid [16326]
[roslaunch][INFO] 2022-02-23 12:05:47,627: process[gripper_action_server-3]: killing os process with pid[16331] pgid[16331]
[roslaunch][INFO] 2022-02-23 12:05:47,627: [Robotiq2FGripperRtuNode-2] sent SIGINT to pgid [16326]
[roslaunch][INFO] 2022-02-23 12:05:47,627: [gripper_action_server-3] sending SIGINT to pgid [16331]
[roslaunch][INFO] 2022-02-23 12:05:47,627: [gripper_action_server-3] sent SIGINT to pgid [16331]
[roslaunch][INFO] 2022-02-23 12:05:47,828: process[Robotiq2FGripperRtuNode-2]: SIGINT killed with return value 0
[roslaunch][INFO] 2022-02-23 12:05:53,140: process[gripper_action_server-3]: SIGINT killed with return value 0
[roslaunch.pmon][INFO] 2022-02-23 12:05:53,141: ProcessMonitor exit: killing rosout-1
[roslaunch][INFO] 2022-02-23 12:05:53,141: [rosout-1] killing on exit
[roslaunch][INFO] 2022-02-23 12:05:53,142: process[rosout-1]: killing os process with pid[16323] pgid[16323]
[roslaunch][INFO] 2022-02-23 12:05:53,142: [rosout-1] sending SIGINT to pgid [16323]
[roslaunch][INFO] 2022-02-23 12:05:53,142: [rosout-1] sent SIGINT to pgid [16323]
[roslaunch][INFO] 2022-02-23 12:05:53,342: process[rosout-1]: SIGINT killed with return value 0
[roslaunch.pmon][INFO] 2022-02-23 12:05:53,343: ProcessMonitor exit: killing master
[roslaunch][INFO] 2022-02-23 12:05:53,343: [master] killing on exit
[roslaunch][INFO] 2022-02-23 12:05:53,343: process[master]: killing os process with pid[16312] pgid[16312]
[roslaunch][INFO] 2022-02-23 12:05:53,343: [master] sending SIGINT to pgid [16312]
[roslaunch][INFO] 2022-02-23 12:05:53,343: [master] sent SIGINT to pgid [16312]
[roslaunch][INFO] 2022-02-23 12:05:53,543: process[master]: SIGINT killed with return value 0
[roslaunch.pmon][INFO] 2022-02-23 12:05:53,543: ProcessMonitor exit: cleaning up data structures and signals
[roslaunch.pmon][INFO] 2022-02-23 12:05:53,544: ProcessMonitor exit: pmon has shutdown
[roslaunch][INFO] 2022-02-23 12:05:53,591: process monitor is done spinning, initiating full shutdown
[roslaunch][INFO] 2022-02-23 12:05:53,592: runner.stop()
[roslaunch][INFO] 2022-02-23 12:05:53,592: shutting down processing monitor...
[roslaunch][INFO] 2022-02-23 12:05:53,592: shutting down processing monitor <ProcessMonitor(ProcessMonitor-1, stopped daemon 140392271390464)>
[roslaunch.pmon][INFO] 2022-02-23 12:05:53,592: ProcessMonitor.shutdown <ProcessMonitor(ProcessMonitor-1, stopped daemon 140392271390464)>
[roslaunch][INFO] 2022-02-23 12:05:53,592: ... shutting down processing monitor complete
[roslaunch][INFO] 2022-02-23 12:05:53,592: done
[roslaunch.pmon][INFO] 2022-02-23 12:05:53,592: ProcessMonitor.shutdown <ProcessMonitor(ProcessMonitor-1, stopped daemon 140392271390464)>
[rospy.core][INFO] 2022-02-23 12:05:53,593: signal_shutdown [atexit]
