

1646907038.456009950  Node Startup
1646907083.297346115 INFO /gripper_action_server [gripper_action_server.py:31(GripperActionServer.execute)] [topics: /gripper_action_server/goal, /gripper_action_server/status, /gripper_action_server/result, /gripper_action_server/feedback, /gripper_action_server/cancel, /rosout] state: initializing
1646907083.299885988 INFO /gripper_action_server [Robotiq2FGripperSlipController.py:774(Robotiq2FGripperSlipController.controller)] [topics: /gripper_action_server/goal, /gripper_action_server/status, /gripper_action_server/result, /gripper_action_server/feedback, /gripper_action_server/cancel, /rosout] controller is started now
1646907083.664398908 WARN /gripper_action_server [tcpros_base.py:355(TCPROSServer._tcp_server_callback)] [topics: /gripper_action_server/goal, /gripper_action_server/status, /gripper_action_server/result, /Robotiq2FGripperRobotOutput, /gripper_action_server/feedback, /gripper_action_server/cancel, /rosout] Inbound TCP/IP connection failed: connection from sender terminated before handshake header received. 0 bytes were received. Please check sender for additional details.
1646907088.529258966 INFO /fm_gripper_action_server [gripper_action_server.py:31(GripperActionServer.execute)] [topics: /gripper_action_server/goal, /gripper_action_server/status, /gripper_action_server/result, /gripper_action_server/feedback, /gripper_action_server/cancel, /rosout] state: initializing
1646907088.530272006 INFO /fm_gripper_action_server [Robotiq2FGripperSlipController.py:774(Robotiq2FGripperSlipController.controller)] [topics: /gripper_action_server/goal, /gripper_action_server/status, /gripper_action_server/result, /gripper_action_server/feedback, /gripper_action_server/cancel, /rosout] controller is started now
1646907088.710881948 ERROR /gripper_action_client [action_client.py:363(CommStateMachine.update_status)] [topics: /gripper_action_server/goal, /gripper_action_server/status, /gripper_action_server/result, /gripper_action_server/feedback, /gripper_action_server/cancel, /rosout] Invalid goal status transition from ACTIVE to _has_header
1646907088.911504983 ERROR /gripper_action_client [action_client.py:363(CommStateMachine.update_status)] [topics: /gripper_action_server/goal, /gripper_action_server/status, /gripper_action_server/result, /gripper_action_server/feedback, /gripper_action_server/cancel, /rosout] Invalid goal status transition from ACTIVE to _has_header
1646907089.111262083 ERROR /gripper_action_client [action_client.py:363(CommStateMachine.update_status)] [topics: /gripper_action_server/goal, /gripper_action_server/status, /gripper_action_server/result, /gripper_action_server/feedback, /gripper_action_server/cancel, /rosout] Invalid goal status transition from ACTIVE to _has_header
1646907089.312174081 ERROR /gripper_action_client [action_client.py:363(CommStateMachine.update_status)] [topics: /gripper_action_server/goal, /gripper_action_server/status, /gripper_action_server/result, /gripper_action_server/feedback, /gripper_action_server/cancel, /rosout] Invalid goal status transition from ACTIVE to _has_header
1646907089.511409044 ERROR /gripper_action_client [action_client.py:363(CommStateMachine.update_status)] [topics: /gripper_action_server/goal, /gripper_action_server/status, /gripper_action_server/result, /gripper_action_server/feedback, /gripper_action_server/cancel, /rosout] Invalid goal status transition from ACTIVE to _has_header
1646907089.712032079 ERROR /gripper_action_client [action_client.py:363(CommStateMachine.update_status)] [topics: /gripper_action_server/goal, /gripper_action_server/status, /gripper_action_server/result, /gripper_action_server/feedback, /gripper_action_server/cancel, /rosout] Invalid goal status transition from ACTIVE to _has_header
1646907089.911740064 ERROR /gripper_action_client [action_client.py:363(CommStateMachine.update_status)] [topics: /gripper_action_server/goal, /gripper_action_server/status, /gripper_action_server/result, /gripper_action_server/feedback, /gripper_action_server/cancel, /rosout] Invalid goal status transition from ACTIVE to _has_header
1646907090.111304044 ERROR /gripper_action_client [action_client.py:363(CommStateMachine.update_status)] [topics: /gripper_action_server/goal, /gripper_action_server/status, /gripper_action_server/result, /gripper_action_server/feedback, /gripper_action_server/cancel, /rosout] Invalid goal status transition from ACTIVE to _has_header
1646907090.311675071 ERROR /gripper_action_client [action_client.py:363(CommStateMachine.update_status)] [topics: /gripper_action_server/goal, /gripper_action_server/status, /gripper_action_server/result, /gripper_action_server/feedback, /gripper_action_server/cancel, /rosout] Invalid goal status transition from ACTIVE to _has_header
1646907090.512031078 ERROR /gripper_action_client [action_client.py:363(CommStateMachine.update_status)] [topics: /gripper_action_server/goal, /gripper_action_server/status, /gripper_action_server/result, /gripper_action_server/feedback, /gripper_action_server/cancel, /rosout] Invalid goal status transition from ACTIVE to _has_header
1646907090.712558031 ERROR /gripper_action_client [action_client.py:363(CommStateMachine.update_status)] [topics: /gripper_action_server/goal, /gripper_action_server/status, /gripper_action_server/result, /gripper_action_server/feedback, /gripper_action_server/cancel, /rosout] Invalid goal status transition from ACTIVE to _has_header
1646907090.911449909 ERROR /gripper_action_client [action_client.py:363(CommStateMachine.update_status)] [topics: /gripper_action_server/goal, /gripper_action_server/status, /gripper_action_server/result, /gripper_action_server/feedback, /gripper_action_server/cancel, /rosout] Invalid goal status transition from ACTIVE to _has_header
1646907091.112014055 ERROR /gripper_action_client [action_client.py:363(CommStateMachine.update_status)] [topics: /gripper_action_server/goal, /gripper_action_server/status, /gripper_action_server/result, /gripper_action_server/feedback, /gripper_action_server/cancel, /rosout] Invalid goal status transition from ACTIVE to _has_header
1646907091.310731887 ERROR /gripper_action_client [action_client.py:363(CommStateMachine.update_status)] [topics: /gripper_action_server/goal, /gripper_action_server/status, /gripper_action_server/result, /gripper_action_server/feedback, /gripper_action_server/cancel, /rosout] Invalid goal status transition from ACTIVE to _has_header
1646907091.511519908 ERROR /gripper_action_client [action_client.py:363(CommStateMachine.update_status)] [topics: /gripper_action_server/goal, /gripper_action_server/status, /gripper_action_server/result, /gripper_action_server/feedback, /gripper_action_server/cancel, /rosout] Invalid goal status transition from ACTIVE to _has_header
1646907091.711827993 ERROR /gripper_action_client [action_client.py:363(CommStateMachine.update_status)] [topics: /gripper_action_server/goal, /gripper_action_server/status, /gripper_action_server/result, /gripper_action_server/feedback, /gripper_action_server/cancel, /rosout] Invalid goal status transition from ACTIVE to _has_header
1646907091.911717891 ERROR /gripper_action_client [action_client.py:363(CommStateMachine.update_status)] [topics: /gripper_action_server/goal, /gripper_action_server/status, /gripper_action_server/result, /gripper_action_server/feedback, /gripper_action_server/cancel, /rosout] Invalid goal status transition from ACTIVE to _has_header
1646907092.112991094 ERROR /gripper_action_client [action_client.py:363(CommStateMachine.update_status)] [topics: /gripper_action_server/goal, /gripper_action_server/status, /gripper_action_server/result, /gripper_action_server/feedback, /gripper_action_server/cancel, /rosout] Invalid goal status transition from ACTIVE to _has_header
1646907092.312005996 ERROR /gripper_action_client [action_client.py:363(CommStateMachine.update_status)] [topics: /gripper_action_server/goal, /gripper_action_server/status, /gripper_action_server/result, /gripper_action_server/feedback, /gripper_action_server/cancel, /rosout] Invalid goal status transition from ACTIVE to _has_header
1646907092.512314081 ERROR /gripper_action_client [action_client.py:363(CommStateMachine.update_status)] [topics: /gripper_action_server/goal, /gripper_action_server/status, /gripper_action_server/result, /gripper_action_server/feedback, /gripper_action_server/cancel, /rosout] Invalid goal status transition from ACTIVE to _has_header
1646907092.711066961 ERROR /gripper_action_client [action_client.py:363(CommStateMachine.update_status)] [topics: /gripper_action_server/goal, /gripper_action_server/status, /gripper_action_server/result, /gripper_action_server/feedback, /gripper_action_server/cancel, /rosout] Invalid goal status transition from ACTIVE to _has_header
1646907092.911470890 ERROR /gripper_action_client [action_client.py:363(CommStateMachine.update_status)] [topics: /gripper_action_server/goal, /gripper_action_server/status, /gripper_action_server/result, /gripper_action_server/feedback, /gripper_action_server/cancel, /rosout] Invalid goal status transition from ACTIVE to _has_header
1646907093.111160993 ERROR /gripper_action_client [action_client.py:363(CommStateMachine.update_status)] [topics: /gripper_action_server/goal, /gripper_action_server/status, /gripper_action_server/result, /gripper_action_server/feedback, /gripper_action_server/cancel, /rosout] Invalid goal status transition from ACTIVE to _has_header
1646907093.310983896 ERROR /gripper_action_client [action_client.py:363(CommStateMachine.update_status)] [topics: /gripper_action_server/goal, /gripper_action_server/status, /gripper_action_server/result, /gripper_action_server/feedback, /gripper_action_server/cancel, /rosout] Invalid goal status transition from ACTIVE to _has_header
1646907093.511976957 ERROR /gripper_action_client [action_client.py:363(CommStateMachine.update_status)] [topics: /gripper_action_server/goal, /gripper_action_server/status, /gripper_action_server/result, /gripper_action_server/feedback, /gripper_action_server/cancel, /rosout] Invalid goal status transition from ACTIVE to _has_header
1646907093.711664915 ERROR /gripper_action_client [action_client.py:363(CommStateMachine.update_status)] [topics: /gripper_action_server/goal, /gripper_action_server/status, /gripper_action_server/result, /gripper_action_server/feedback, /gripper_action_server/cancel, /rosout] Invalid goal status transition from ACTIVE to _has_header
1646907093.910739898 ERROR /gripper_action_client [action_client.py:363(CommStateMachine.update_status)] [topics: /gripper_action_server/goal, /gripper_action_server/status, /gripper_action_server/result, /gripper_action_server/feedback, /gripper_action_server/cancel, /rosout] Invalid goal status transition from ACTIVE to _has_header
1646907094.111727952 ERROR /gripper_action_client [action_client.py:363(CommStateMachine.update_status)] [topics: /gripper_action_server/goal, /gripper_action_server/status, /gripper_action_server/result, /gripper_action_server/feedback, /gripper_action_server/cancel, /rosout] Invalid goal status transition from ACTIVE to _has_header
1646907094.310853958 ERROR /gripper_action_client [action_client.py:363(CommStateMachine.update_status)] [topics: /gripper_action_server/goal, /gripper_action_server/status, /gripper_action_server/result, /gripper_action_server/feedback, /gripper_action_server/cancel, /rosout] Invalid goal status transition from ACTIVE to _has_header
1646907094.510982036 ERROR /gripper_action_client [action_client.py:363(CommStateMachine.update_status)] [topics: /gripper_action_server/goal, /gripper_action_server/status, /gripper_action_server/result, /gripper_action_server/feedback, /gripper_action_server/cancel, /rosout] Invalid goal status transition from ACTIVE to _has_header
1646907094.711148023 ERROR /gripper_action_client [action_client.py:363(CommStateMachine.update_status)] [topics: /gripper_action_server/goal, /gripper_action_server/status, /gripper_action_server/result, /gripper_action_server/feedback, /gripper_action_server/cancel, /rosout] Invalid goal status transition from ACTIVE to _has_header
1646907094.911432981 ERROR /gripper_action_client [action_client.py:363(CommStateMachine.update_status)] [topics: /gripper_action_server/goal, /gripper_action_server/status, /gripper_action_server/result, /gripper_action_server/feedback, /gripper_action_server/cancel, /rosout] Invalid goal status transition from ACTIVE to _has_header
1646907095.111223936 ERROR /gripper_action_client [action_client.py:363(CommStateMachine.update_status)] [topics: /gripper_action_server/goal, /gripper_action_server/status, /gripper_action_server/result, /gripper_action_server/feedback, /gripper_action_server/cancel, /rosout] Invalid goal status transition from ACTIVE to _has_header
1646907095.311656951 ERROR /gripper_action_client [action_client.py:363(CommStateMachine.update_status)] [topics: /gripper_action_server/goal, /gripper_action_server/status, /gripper_action_server/result, /gripper_action_server/feedback, /gripper_action_server/cancel, /rosout] Invalid goal status transition from ACTIVE to _has_header
1646907095.511447906 ERROR /gripper_action_client [action_client.py:363(CommStateMachine.update_status)] [topics: /gripper_action_server/goal, /gripper_action_server/status, /gripper_action_server/result, /gripper_action_server/feedback, /gripper_action_server/cancel, /rosout] Invalid goal status transition from ACTIVE to _has_header
1646907095.710736989 ERROR /gripper_action_client [action_client.py:363(CommStateMachine.update_status)] [topics: /gripper_action_server/goal, /gripper_action_server/status, /gripper_action_server/result, /gripper_action_server/feedback, /gripper_action_server/cancel, /rosout] Invalid goal status transition from ACTIVE to _has_header
1646907095.910645961 ERROR /gripper_action_client [action_client.py:363(CommStateMachine.update_status)] [topics: /gripper_action_server/goal, /gripper_action_server/status, /gripper_action_server/result, /gripper_action_server/feedback, /gripper_action_server/cancel, /rosout] Invalid goal status transition from ACTIVE to _has_header
1646907096.111305952 ERROR /gripper_action_client [action_client.py:363(CommStateMachine.update_status)] [topics: /gripper_action_server/goal, /gripper_action_server/status, /gripper_action_server/result, /gripper_action_server/feedback, /gripper_action_server/cancel, /rosout] Invalid goal status transition from ACTIVE to _has_header
1646907096.311120986 ERROR /gripper_action_client [action_client.py:363(CommStateMachine.update_status)] [topics: /gripper_action_server/goal, /gripper_action_server/status, /gripper_action_server/result, /gripper_action_server/feedback, /gripper_action_server/cancel, /rosout] Invalid goal status transition from ACTIVE to _has_header
1646907096.510399103 ERROR /gripper_action_client [action_client.py:363(CommStateMachine.update_status)] [topics: /gripper_action_server/goal, /gripper_action_server/status, /gripper_action_server/result, /gripper_action_server/feedback, /gripper_action_server/cancel, /rosout] Invalid goal status transition from ACTIVE to _has_header
1646907096.711147069 ERROR /gripper_action_client [action_client.py:363(CommStateMachine.update_status)] [topics: /gripper_action_server/goal, /gripper_action_server/status, /gripper_action_server/result, /gripper_action_server/feedback, /gripper_action_server/cancel, /rosout] Invalid goal status transition from ACTIVE to _has_header
1646907096.911314964 ERROR /gripper_action_client [action_client.py:363(CommStateMachine.update_status)] [topics: /gripper_action_server/goal, /gripper_action_server/status, /gripper_action_server/result, /gripper_action_server/feedback, /gripper_action_server/cancel, /rosout] Invalid goal status transition from ACTIVE to _has_header
1646907097.111649036 ERROR /gripper_action_client [action_client.py:363(CommStateMachine.update_status)] [topics: /gripper_action_server/goal, /gripper_action_server/status, /gripper_action_server/result, /gripper_action_server/feedback, /gripper_action_server/cancel, /rosout] Invalid goal status transition from ACTIVE to _has_header
1646907097.311058044 ERROR /gripper_action_client [action_client.py:363(CommStateMachine.update_status)] [topics: /gripper_action_server/goal, /gripper_action_server/status, /gripper_action_server/result, /gripper_action_server/feedback, /gripper_action_server/cancel, /rosout] Invalid goal status transition from ACTIVE to _has_header
1646907097.510844945 ERROR /gripper_action_client [action_client.py:363(CommStateMachine.update_status)] [topics: /gripper_action_server/goal, /gripper_action_server/status, /gripper_action_server/result, /gripper_action_server/feedback, /gripper_action_server/cancel, /rosout] Invalid goal status transition from ACTIVE to _has_header
1646907097.711683988 ERROR /gripper_action_client [action_client.py:363(CommStateMachine.update_status)] [topics: /gripper_action_server/goal, /gripper_action_server/status, /gripper_action_server/result, /gripper_action_server/feedback, /gripper_action_server/cancel, /rosout] Invalid goal status transition from ACTIVE to _has_header
1646907097.911036014 ERROR /gripper_action_client [action_client.py:363(CommStateMachine.update_status)] [topics: /gripper_action_server/goal, /gripper_action_server/status, /gripper_action_server/result, /gripper_action_server/feedback, /gripper_action_server/cancel, /rosout] Invalid goal status transition from ACTIVE to _has_header
1646907098.112946033 ERROR /gripper_action_client [action_client.py:363(CommStateMachine.update_status)] [topics: /gripper_action_server/goal, /gripper_action_server/status, /gripper_action_server/result, /gripper_action_server/feedback, /gripper_action_server/cancel, /rosout] Invalid goal status transition from ACTIVE to _has_header
1646907098.310985088 ERROR /gripper_action_client [action_client.py:363(CommStateMachine.update_status)] [topics: /gripper_action_server/goal, /gripper_action_server/status, /gripper_action_server/result, /gripper_action_server/feedback, /gripper_action_server/cancel, /rosout] Invalid goal status transition from ACTIVE to _has_header
1646907098.514234066 ERROR /gripper_action_client [action_client.py:363(CommStateMachine.update_status)] [topics: /gripper_action_server/goal, /gripper_action_server/status, /gripper_action_server/result, /gripper_action_server/feedback, /gripper_action_server/cancel, /rosout] Invalid goal status transition from ACTIVE to _has_header
1646907098.711452007 ERROR /gripper_action_client [action_client.py:363(CommStateMachine.update_status)] [topics: /gripper_action_server/goal, /gripper_action_server/status, /gripper_action_server/result, /gripper_action_server/feedback, /gripper_action_server/cancel, /rosout] Invalid goal status transition from ACTIVE to _has_header
1646907098.910564899 ERROR /gripper_action_client [action_client.py:363(CommStateMachine.update_status)] [topics: /gripper_action_server/goal, /gripper_action_server/status, /gripper_action_server/result, /gripper_action_server/feedback, /gripper_action_server/cancel, /rosout] Invalid goal status transition from ACTIVE to _has_header
1646907099.112377882 ERROR /gripper_action_client [action_client.py:363(CommStateMachine.update_status)] [topics: /gripper_action_server/goal, /gripper_action_server/status, /gripper_action_server/result, /gripper_action_server/feedback, /gripper_action_server/cancel, /rosout] Invalid goal status transition from ACTIVE to _has_header
1646907099.310976028 ERROR /gripper_action_client [action_client.py:363(CommStateMachine.update_status)] [topics: /gripper_action_server/goal, /gripper_action_server/status, /gripper_action_server/result, /gripper_action_server/feedback, /gripper_action_server/cancel, /rosout] Invalid goal status transition from ACTIVE to _has_header
1646907099.511787891 ERROR /gripper_action_client [action_client.py:363(CommStateMachine.update_status)] [topics: /gripper_action_server/goal, /gripper_action_server/status, /gripper_action_server/result, /gripper_action_server/feedback, /gripper_action_server/cancel, /rosout] Invalid goal status transition from ACTIVE to _has_header
1646907099.711591958 ERROR /gripper_action_client [action_client.py:363(CommStateMachine.update_status)] [topics: /gripper_action_server/goal, /gripper_action_server/status, /gripper_action_server/result, /gripper_action_server/feedback, /gripper_action_server/cancel, /rosout] Invalid goal status transition from ACTIVE to _has_header
1646907099.911405086 ERROR /gripper_action_client [action_client.py:363(CommStateMachine.update_status)] [topics: /gripper_action_server/goal, /gripper_action_server/status, /gripper_action_server/result, /gripper_action_server/feedback, /gripper_action_server/cancel, /rosout] Invalid goal status transition from ACTIVE to _has_header
1646907100.112695932 ERROR /gripper_action_client [action_client.py:363(CommStateMachine.update_status)] [topics: /gripper_action_server/goal, /gripper_action_server/status, /gripper_action_server/result, /gripper_action_server/feedback, /gripper_action_server/cancel, /rosout] Invalid goal status transition from ACTIVE to _has_header
1646907100.312180042 ERROR /gripper_action_client [action_client.py:363(CommStateMachine.update_status)] [topics: /gripper_action_server/goal, /gripper_action_server/status, /gripper_action_server/result, /gripper_action_server/feedback, /gripper_action_server/cancel, /rosout] Invalid goal status transition from ACTIVE to _has_header
1646907211.419157028 ERROR /fm_gripper_action_server [simple_action_server.py:298(SimpleActionServer.executeLoop)] [topics: /gripper_action_server/goal, /gripper_action_server/status, /gripper_action_server/result, /Robotiq2FGripperRobotOutput, /gripper_action_server/feedback, /Robotiq2FGripperRobotInput, /rosout, /gripper_action_server/cancel] Exception in your execute callback: name 'r' is not defined
Traceback (most recent call last):
  File "/opt/ros/melodic/lib/python2.7/dist-packages/actionlib/simple_action_server.py", line 289, in executeLoop
    self.execute_callback(goal)
  File "/home/ros/catkin_ws/src/fm_gripper_module/src/gripper_action_server.py", line 54, in execute
    Robotiq2FGripperSlipController().controller()
  File "/home/ros/catkin_ws/src/fm_gripper_module/src/Robotiq2FGripperSlipController.py", line 798, in controller
    inputs = self.askForInput(self.command)
  File "/home/ros/catkin_ws/src/fm_gripper_module/src/Robotiq2FGripperSlipController.py", line 771, in askForInput
    return input(strAskForCommand)
  File "<string>", line 1, in <module>
NameError: name 'r' is not defined

