[roslaunch][INFO] 2022-02-14 13:46:44,010: Checking log directory for disk usage. This may take a while.
Press Ctrl-C to interrupt
[roslaunch][INFO] 2022-02-14 13:46:44,013: Done checking log file disk usage. Usage is <1GB.
[roslaunch][INFO] 2022-02-14 13:46:44,013: roslaunch starting with args ['/opt/ros/melodic/bin/roslaunch', 'tactile_pressure_sensor', 'run_tactile_pressure.launch']
[roslaunch][INFO] 2022-02-14 13:46:44,013: roslaunch env is {'ROS_DISTRO': 'melodic', 'ROSLISP_PACKAGE_DIRECTORIES': '/home/ros/catkin_ws/devel/share/common-lisp', 'HOME': '/home/ros', 'PATH': '/opt/ros/melodic/bin:/usr/local/sbin:/usr/local/bin:/usr/sbin:/usr/bin:/sbin:/bin', 'ROS_PACKAGE_PATH': '/home/ros/catkin_ws/src:/opt/ros/melodic/share', 'CMAKE_PREFIX_PATH': '/home/ros/catkin_ws/devel:/opt/ros/melodic', 'LD_LIBRARY_PATH': '/home/ros/catkin_ws/devel/lib:/opt/ros/melodic/lib', 'LANG': 'C.UTF-8', 'TERM': 'xterm', 'ROS_LOG_FILENAME': '/home/ros/.ros/log/4b4c391c-8d9c-11ec-8886-7c507959f385/roslaunch-FM00351-u-1657.log', 'SHLVL': '1', 'DISPLAY': ':0', 'UNAME': 'ros', 'ROS_MASTER_URI': 'http://localhost:11311', 'ROS_PYTHON_VERSION': '2', 'PYTHONPATH': '/home/ros/catkin_ws/devel/lib/python2.7/dist-packages:/opt/ros/melodic/lib/python2.7/dist-packages', 'QT_X11_NO_MITSHM': '1', 'ROS_ROOT': '/opt/ros/melodic/share/ros', 'PKG_CONFIG_PATH': '/home/ros/catkin_ws/devel/lib/pkgconfig:/opt/ros/melodic/lib/pkgconfig', 'LC_ALL': 'C.UTF-8', '_': '/opt/ros/melodic/bin/roslaunch', 'OLDPWD': '/home/ros', 'HOSTNAME': 'FM00351-u', 'PWD': '/home/ros/catkin_ws', 'ROS_ETC_DIR': '/opt/ros/melodic/etc/ros', 'ROS_VERSION': '1'}
[roslaunch][INFO] 2022-02-14 13:46:44,013: starting in server mode
[roslaunch.parent][INFO] 2022-02-14 13:46:44,014: starting roslaunch parent run
[roslaunch][INFO] 2022-02-14 13:46:44,014: loading roscore config file /opt/ros/melodic/etc/ros/roscore.xml
[roslaunch][INFO] 2022-02-14 13:46:44,311: Added core node of type [rosout/rosout] in namespace [/]
[roslaunch.config][INFO] 2022-02-14 13:46:44,311: loading config file /home/ros/catkin_ws/src/tactile_pressure_sensor/launch/run_tactile_pressure.launch
[roslaunch][INFO] 2022-02-14 13:46:44,311: Added node of type [rosserial_arduino/serial_node.py] in namespace [/sensor/]
[roslaunch][INFO] 2022-02-14 13:46:44,311: Added node of type [tactile_pressure_sensor/pressure_LocAndForceEstimation.py] in namespace [/sensor/]
[roslaunch][INFO] 2022-02-14 13:46:44,311: ... selected machine [] for node of type [rosserial_arduino/serial_node.py]
[roslaunch][INFO] 2022-02-14 13:46:44,311: ... selected machine [] for node of type [tactile_pressure_sensor/pressure_LocAndForceEstimation.py]
[roslaunch.pmon][INFO] 2022-02-14 13:46:44,312: start_process_monitor: creating ProcessMonitor
[roslaunch.pmon][INFO] 2022-02-14 13:46:44,312: created process monitor <ProcessMonitor(ProcessMonitor-1, initial daemon)>
[roslaunch.pmon][INFO] 2022-02-14 13:46:44,312: start_process_monitor: ProcessMonitor started
[roslaunch.parent][INFO] 2022-02-14 13:46:44,312: starting parent XML-RPC server
[roslaunch.server][INFO] 2022-02-14 13:46:44,312: starting roslaunch XML-RPC server
[roslaunch.server][INFO] 2022-02-14 13:46:44,313: waiting for roslaunch XML-RPC server to initialize
[xmlrpc][INFO] 2022-02-14 13:46:44,313: XML-RPC server binding to 0.0.0.0:0
[xmlrpc][INFO] 2022-02-14 13:46:44,313: Started XML-RPC server [http://FM00351-u:35519/]
[xmlrpc][INFO] 2022-02-14 13:46:44,313: xml rpc node: starting XML-RPC server
[roslaunch][INFO] 2022-02-14 13:46:44,324: started roslaunch server http://FM00351-u:35519/
[roslaunch.parent][INFO] 2022-02-14 13:46:44,324: ... parent XML-RPC server started
[roslaunch][INFO] 2022-02-14 13:46:44,324: master.is_running[http://localhost:11311]
[roslaunch][INFO] 2022-02-14 13:46:44,325: master.is_running[http://localhost:11311]
[roslaunch][INFO] 2022-02-14 13:46:44,325: ROS_MASTER_URI=http://localhost:11311
[roslaunch][INFO] 2022-02-14 13:46:44,326: setting /roslaunch/uris/host_fm00351_u__35519' to http://FM00351-u:35519/
[roslaunch][INFO] 2022-02-14 13:46:44,327: load_parameters starting ...
[roslaunch][INFO] 2022-02-14 13:46:44,328: ... load_parameters complete
[roslaunch][INFO] 2022-02-14 13:46:44,328: launch_nodes: launching local nodes ...
[roslaunch][INFO] 2022-02-14 13:46:44,328: ... preparing to launch node of type [rosserial_arduino/serial_node.py]
[roslaunch][INFO] 2022-02-14 13:46:44,328: create_node_process: package[rosserial_arduino] type[serial_node.py] machine[Machine(name[] env_loader[None] address[localhost] ssh_port[22] user[None] assignable[True] timeout[10.0])] master_uri[http://localhost:11311]
[roslaunch][INFO] 2022-02-14 13:46:44,328: process[sensor/tactile_pressure-1]: env[{'ROS_DISTRO': 'melodic', 'ROSLISP_PACKAGE_DIRECTORIES': '/home/ros/catkin_ws/devel/share/common-lisp', 'LD_LIBRARY_PATH': '/home/ros/catkin_ws/devel/lib:/opt/ros/melodic/lib', 'ROS_PACKAGE_PATH': '/home/ros/catkin_ws/src:/opt/ros/melodic/share', 'PATH': '/opt/ros/melodic/bin:/usr/local/sbin:/usr/local/bin:/usr/sbin:/usr/bin:/sbin:/bin', 'CMAKE_PREFIX_PATH': '/home/ros/catkin_ws/devel:/opt/ros/melodic', 'ROS_LOG_FILENAME': '/home/ros/.ros/log/4b4c391c-8d9c-11ec-8886-7c507959f385/roslaunch-FM00351-u-1657.log', 'LANG': 'C.UTF-8', 'TERM': 'xterm', 'SHLVL': '1', 'DISPLAY': ':0', 'UNAME': 'ros', 'ROS_ETC_DIR': '/opt/ros/melodic/etc/ros', 'HOME': '/home/ros', 'ROS_PYTHON_VERSION': '2', 'PYTHONPATH': '/home/ros/catkin_ws/devel/lib/python2.7/dist-packages:/opt/ros/melodic/lib/python2.7/dist-packages', 'QT_X11_NO_MITSHM': '1', 'ROS_ROOT': '/opt/ros/melodic/share/ros', 'PKG_CONFIG_PATH': '/home/ros/catkin_ws/devel/lib/pkgconfig:/opt/ros/melodic/lib/pkgconfig', 'LC_ALL': 'C.UTF-8', 'ROS_NAMESPACE': '/sensor', '_': '/opt/ros/melodic/bin/roslaunch', 'OLDPWD': '/home/ros', 'HOSTNAME': 'FM00351-u', 'PWD': '/home/ros/catkin_ws', 'ROS_MASTER_URI': 'http://localhost:11311', 'ROS_VERSION': '1'}]
[roslaunch][INFO] 2022-02-14 13:46:44,525: process[sensor/tactile_pressure-1]: args[[u'/home/ros/catkin_ws/src/rosserial/rosserial_arduino/nodes/serial_node.py', u'/sensor/Pressure:=/sensor/pressure_data', u'__name:=tactile_pressure']]
[roslaunch][INFO] 2022-02-14 13:46:44,525: ... created process [sensor/tactile_pressure-1]
[roslaunch.pmon][INFO] 2022-02-14 13:46:44,525: ProcessMonitor.register[sensor/tactile_pressure-1]
[roslaunch.pmon][INFO] 2022-02-14 13:46:44,525: ProcessMonitor.register[sensor/tactile_pressure-1] complete
[roslaunch][INFO] 2022-02-14 13:46:44,525: ... registered process [sensor/tactile_pressure-1]
[roslaunch][INFO] 2022-02-14 13:46:44,525: process[sensor/tactile_pressure-1]: starting os process
[roslaunch][INFO] 2022-02-14 13:46:44,525: process[sensor/tactile_pressure-1]: start w/ args [[u'/home/ros/catkin_ws/src/rosserial/rosserial_arduino/nodes/serial_node.py', u'/sensor/Pressure:=/sensor/pressure_data', u'__name:=tactile_pressure', u'__log:=/home/ros/.ros/log/4b4c391c-8d9c-11ec-8886-7c507959f385/sensor-tactile_pressure-1.log']]
[roslaunch][INFO] 2022-02-14 13:46:44,525: process[sensor/tactile_pressure-1]: cwd will be [/home/ros/.ros]
[roslaunch][INFO] 2022-02-14 13:46:44,589: process[sensor/tactile_pressure-1]: started with pid [1672]
[roslaunch][INFO] 2022-02-14 13:46:44,589: ... successfully launched [sensor/tactile_pressure-1]
[roslaunch][INFO] 2022-02-14 13:46:44,590: ... preparing to launch node of type [tactile_pressure_sensor/pressure_LocAndForceEstimation.py]
[roslaunch][INFO] 2022-02-14 13:46:44,590: create_node_process: package[tactile_pressure_sensor] type[pressure_LocAndForceEstimation.py] machine[Machine(name[] env_loader[None] address[localhost] ssh_port[22] user[None] assignable[True] timeout[10.0])] master_uri[http://localhost:11311]
[roslaunch][INFO] 2022-02-14 13:46:44,590: process[sensor/process_tactile_pressure-2]: env[{'ROS_DISTRO': 'melodic', 'ROSLISP_PACKAGE_DIRECTORIES': '/home/ros/catkin_ws/devel/share/common-lisp', 'LD_LIBRARY_PATH': '/home/ros/catkin_ws/devel/lib:/opt/ros/melodic/lib', 'ROS_PACKAGE_PATH': '/home/ros/catkin_ws/src:/opt/ros/melodic/share', 'PATH': '/opt/ros/melodic/bin:/usr/local/sbin:/usr/local/bin:/usr/sbin:/usr/bin:/sbin:/bin', 'CMAKE_PREFIX_PATH': '/home/ros/catkin_ws/devel:/opt/ros/melodic', 'ROS_LOG_FILENAME': '/home/ros/.ros/log/4b4c391c-8d9c-11ec-8886-7c507959f385/roslaunch-FM00351-u-1657.log', 'LANG': 'C.UTF-8', 'TERM': 'xterm', 'SHLVL': '1', 'DISPLAY': ':0', 'UNAME': 'ros', 'ROS_ETC_DIR': '/opt/ros/melodic/etc/ros', 'HOME': '/home/ros', 'ROS_PYTHON_VERSION': '2', 'PYTHONPATH': '/home/ros/catkin_ws/devel/lib/python2.7/dist-packages:/opt/ros/melodic/lib/python2.7/dist-packages', 'QT_X11_NO_MITSHM': '1', 'ROS_ROOT': '/opt/ros/melodic/share/ros', 'PKG_CONFIG_PATH': '/home/ros/catkin_ws/devel/lib/pkgconfig:/opt/ros/melodic/lib/pkgconfig', 'LC_ALL': 'C.UTF-8', 'ROS_NAMESPACE': '/sensor', '_': '/opt/ros/melodic/bin/roslaunch', 'OLDPWD': '/home/ros', 'HOSTNAME': 'FM00351-u', 'PWD': '/home/ros/catkin_ws', 'ROS_MASTER_URI': 'http://localhost:11311', 'ROS_VERSION': '1'}]
[roslaunch][INFO] 2022-02-14 13:46:44,590: process[sensor/process_tactile_pressure-2]: args[[u'/home/ros/catkin_ws/src/tactile_pressure_sensor/src/pressure_LocAndForceEstimation.py', u'/sensor/pressure_data:=/sensor/pressure_data', u'estimated_ForceAndLoc:=/sensor/estimated_ForceAndLoc', u'__name:=process_tactile_pressure']]
[roslaunch][INFO] 2022-02-14 13:46:44,590: ... created process [sensor/process_tactile_pressure-2]
[roslaunch.pmon][INFO] 2022-02-14 13:46:44,590: ProcessMonitor.register[sensor/process_tactile_pressure-2]
[roslaunch.pmon][INFO] 2022-02-14 13:46:44,590: ProcessMonitor.register[sensor/process_tactile_pressure-2] complete
[roslaunch][INFO] 2022-02-14 13:46:44,590: ... registered process [sensor/process_tactile_pressure-2]
[roslaunch][INFO] 2022-02-14 13:46:44,590: process[sensor/process_tactile_pressure-2]: starting os process
[roslaunch][INFO] 2022-02-14 13:46:44,590: process[sensor/process_tactile_pressure-2]: start w/ args [[u'/home/ros/catkin_ws/src/tactile_pressure_sensor/src/pressure_LocAndForceEstimation.py', u'/sensor/pressure_data:=/sensor/pressure_data', u'estimated_ForceAndLoc:=/sensor/estimated_ForceAndLoc', u'__name:=process_tactile_pressure', u'__log:=/home/ros/.ros/log/4b4c391c-8d9c-11ec-8886-7c507959f385/sensor-process_tactile_pressure-2.log']]
[roslaunch][INFO] 2022-02-14 13:46:44,590: process[sensor/process_tactile_pressure-2]: cwd will be [/home/ros/.ros]
[roslaunch][INFO] 2022-02-14 13:46:44,655: process[sensor/process_tactile_pressure-2]: started with pid [1673]
[roslaunch][INFO] 2022-02-14 13:46:44,655: ... successfully launched [sensor/process_tactile_pressure-2]
[roslaunch][INFO] 2022-02-14 13:46:44,655: ... launch_nodes complete
[roslaunch.pmon][INFO] 2022-02-14 13:46:44,655: registrations completed <ProcessMonitor(ProcessMonitor-1, started daemon 140150891362048)>
[roslaunch.parent][INFO] 2022-02-14 13:46:44,655: ... roslaunch parent running, waiting for process exit
[roslaunch][INFO] 2022-02-14 13:46:44,655: spin
[roslaunch][INFO] 2022-02-14 13:46:48,925: [sensor/process_tactile_pressure-2] process has finished cleanly
log file: /home/ros/.ros/log/4b4c391c-8d9c-11ec-8886-7c507959f385/sensor-process_tactile_pressure-2*.log
[roslaunch.pmon][INFO] 2022-02-14 13:46:48,925: ProcessMonitor.unregister[sensor/process_tactile_pressure-2] starting
[roslaunch.pmon][INFO] 2022-02-14 13:46:48,925: ProcessMonitor.unregister[sensor/process_tactile_pressure-2] complete
[roslaunch.pmon][INFO] 2022-02-14 13:47:29,305: ProcessMonitor.shutdown <ProcessMonitor(ProcessMonitor-1, started daemon 140150891362048)>
[roslaunch.pmon][INFO] 2022-02-14 13:47:29,351: ProcessMonitor._post_run <ProcessMonitor(ProcessMonitor-1, started daemon 140150891362048)>
[roslaunch.pmon][INFO] 2022-02-14 13:47:29,352: ProcessMonitor._post_run <ProcessMonitor(ProcessMonitor-1, started daemon 140150891362048)>: remaining procs are [<roslaunch.nodeprocess.LocalProcess object at 0x7f776c7afbd0>]
[roslaunch.pmon][INFO] 2022-02-14 13:47:29,352: ProcessMonitor exit: killing sensor/tactile_pressure-1
[roslaunch][INFO] 2022-02-14 13:47:29,353: [sensor/tactile_pressure-1] killing on exit
[roslaunch][INFO] 2022-02-14 13:47:29,353: process[sensor/tactile_pressure-1]: killing os process with pid[1672] pgid[1672]
[roslaunch][INFO] 2022-02-14 13:47:29,354: [sensor/tactile_pressure-1] sending SIGINT to pgid [1672]
[roslaunch][INFO] 2022-02-14 13:47:29,354: [sensor/tactile_pressure-1] sent SIGINT to pgid [1672]
[roslaunch][INFO] 2022-02-14 13:47:29,555: process[sensor/tactile_pressure-1]: SIGINT killed with return value 0
[roslaunch.pmon][INFO] 2022-02-14 13:47:29,556: ProcessMonitor exit: cleaning up data structures and signals
[roslaunch.pmon][INFO] 2022-02-14 13:47:29,556: ProcessMonitor exit: pmon has shutdown
[roslaunch][INFO] 2022-02-14 13:47:29,579: process monitor is done spinning, initiating full shutdown
[roslaunch][INFO] 2022-02-14 13:47:29,579: runner.stop()
[roslaunch][INFO] 2022-02-14 13:47:29,580: shutting down processing monitor...
[roslaunch][INFO] 2022-02-14 13:47:29,580: shutting down processing monitor <ProcessMonitor(ProcessMonitor-1, stopped daemon 140150891362048)>
[roslaunch.pmon][INFO] 2022-02-14 13:47:29,580: ProcessMonitor.shutdown <ProcessMonitor(ProcessMonitor-1, stopped daemon 140150891362048)>
[roslaunch][INFO] 2022-02-14 13:47:29,580: ... shutting down processing monitor complete
[roslaunch][INFO] 2022-02-14 13:47:29,580: done
[roslaunch.pmon][INFO] 2022-02-14 13:47:29,580: ProcessMonitor.shutdown <ProcessMonitor(ProcessMonitor-1, stopped daemon 140150891362048)>
[rospy.core][INFO] 2022-02-14 13:47:29,581: signal_shutdown [atexit]
