[roslaunch][INFO] 2021-12-21 14:18:24,209: Checking log directory for disk usage. This may take a while.
Press Ctrl-C to interrupt
[roslaunch][INFO] 2021-12-21 14:18:24,212: Done checking log file disk usage. Usage is <1GB.
[roslaunch][INFO] 2021-12-21 14:18:24,212: roslaunch starting with args ['/opt/ros/melodic/bin/roslaunch', 'tactile_pressure_sensor', 'run_tactile_pressure.launch']
[roslaunch][INFO] 2021-12-21 14:18:24,212: roslaunch env is {'ROS_DISTRO': 'melodic', 'ROSLISP_PACKAGE_DIRECTORIES': '/home/ros/catkin_ws/devel/share/common-lisp', 'HOME': '/home/ros', 'PATH': '/opt/ros/melodic/bin:/usr/local/sbin:/usr/local/bin:/usr/sbin:/usr/bin:/sbin:/bin', 'ROS_PACKAGE_PATH': '/home/ros/catkin_ws/src:/opt/ros/melodic/share', 'CMAKE_PREFIX_PATH': '/home/ros/catkin_ws/devel:/opt/ros/melodic', 'LD_LIBRARY_PATH': '/home/ros/catkin_ws/devel/lib:/opt/ros/melodic/lib', 'LANG': 'C.UTF-8', 'TERM': 'xterm', 'ROS_LOG_FILENAME': '/home/ros/.ros/log/db973aa8-6268-11ec-9085-7c507959f385/roslaunch-FM00351-u-83.log', 'SHLVL': '1', 'DISPLAY': ':0', 'UNAME': 'ros', 'ROS_MASTER_URI': 'http://localhost:11311', 'ROS_PYTHON_VERSION': '2', 'PYTHONPATH': '/home/ros/catkin_ws/devel/lib/python2.7/dist-packages:/opt/ros/melodic/lib/python2.7/dist-packages', 'QT_X11_NO_MITSHM': '1', 'ROS_ROOT': '/opt/ros/melodic/share/ros', 'PKG_CONFIG_PATH': '/home/ros/catkin_ws/devel/lib/pkgconfig:/opt/ros/melodic/lib/pkgconfig', 'LC_ALL': 'C.UTF-8', '_': '/opt/ros/melodic/bin/roslaunch', 'OLDPWD': '/home/ros', 'HOSTNAME': 'FM00351-u', 'PWD': '/home/ros/catkin_ws', 'ROS_ETC_DIR': '/opt/ros/melodic/etc/ros', 'ROS_VERSION': '1'}
[roslaunch][INFO] 2021-12-21 14:18:24,212: starting in server mode
[roslaunch.parent][INFO] 2021-12-21 14:18:24,212: starting roslaunch parent run
[roslaunch][INFO] 2021-12-21 14:18:24,212: loading roscore config file /opt/ros/melodic/etc/ros/roscore.xml
[roslaunch][INFO] 2021-12-21 14:18:24,417: Added core node of type [rosout/rosout] in namespace [/]
[roslaunch.config][INFO] 2021-12-21 14:18:24,417: loading config file /home/ros/catkin_ws/src/tactile_pressure_sensor/launch/run_tactile_pressure.launch
[roslaunch][INFO] 2021-12-21 14:18:24,418: Added node of type [rosserial_arduino/serial_node.py] in namespace [/sensor/]
[roslaunch][INFO] 2021-12-21 14:18:24,418: Added node of type [tactile_pressure_sensor/pressure_LocAndForceEstimation.py] in namespace [/sensor/]
[roslaunch][INFO] 2021-12-21 14:18:24,418: ... selected machine [] for node of type [rosserial_arduino/serial_node.py]
[roslaunch][INFO] 2021-12-21 14:18:24,418: ... selected machine [] for node of type [tactile_pressure_sensor/pressure_LocAndForceEstimation.py]
[roslaunch.pmon][INFO] 2021-12-21 14:18:24,419: start_process_monitor: creating ProcessMonitor
[roslaunch.pmon][INFO] 2021-12-21 14:18:24,419: created process monitor <ProcessMonitor(ProcessMonitor-1, initial daemon)>
[roslaunch.pmon][INFO] 2021-12-21 14:18:24,419: start_process_monitor: ProcessMonitor started
[roslaunch.parent][INFO] 2021-12-21 14:18:24,419: starting parent XML-RPC server
[roslaunch.server][INFO] 2021-12-21 14:18:24,419: starting roslaunch XML-RPC server
[roslaunch.server][INFO] 2021-12-21 14:18:24,419: waiting for roslaunch XML-RPC server to initialize
[xmlrpc][INFO] 2021-12-21 14:18:24,419: XML-RPC server binding to 0.0.0.0:0
[xmlrpc][INFO] 2021-12-21 14:18:24,419: Started XML-RPC server [http://FM00351-u:37065/]
[xmlrpc][INFO] 2021-12-21 14:18:24,419: xml rpc node: starting XML-RPC server
[roslaunch][INFO] 2021-12-21 14:18:24,430: started roslaunch server http://FM00351-u:37065/
[roslaunch.parent][INFO] 2021-12-21 14:18:24,431: ... parent XML-RPC server started
[roslaunch][INFO] 2021-12-21 14:18:24,431: master.is_running[http://localhost:11311]
[roslaunch][INFO] 2021-12-21 14:18:24,431: auto-starting new master
[roslaunch][INFO] 2021-12-21 14:18:24,431: create_master_process: rosmaster, /opt/ros/melodic/share/ros, 11311, 3, None, False
[roslaunch][INFO] 2021-12-21 14:18:24,431: process[master]: launching with args [['rosmaster', '--core', '-p', '11311', '-w', '3']]
[roslaunch.pmon][INFO] 2021-12-21 14:18:24,431: ProcessMonitor.register[master]
[roslaunch.pmon][INFO] 2021-12-21 14:18:24,431: ProcessMonitor.register[master] complete
[roslaunch][INFO] 2021-12-21 14:18:24,431: process[master]: starting os process
[roslaunch][INFO] 2021-12-21 14:18:24,431: process[master]: start w/ args [['rosmaster', '--core', '-p', '11311', '-w', '3', '__log:=/home/ros/.ros/log/db973aa8-6268-11ec-9085-7c507959f385/master.log']]
[roslaunch][INFO] 2021-12-21 14:18:24,431: process[master]: cwd will be [/home/ros/.ros]
[roslaunch][INFO] 2021-12-21 14:18:24,496: process[master]: started with pid [93]
[roslaunch][INFO] 2021-12-21 14:18:24,496: master.is_running[http://localhost:11311]
[roslaunch][INFO] 2021-12-21 14:18:24,597: master.is_running[http://localhost:11311]
[roslaunch][INFO] 2021-12-21 14:18:24,697: master.is_running[http://localhost:11311]
[roslaunch][INFO] 2021-12-21 14:18:24,701: master.is_running[http://localhost:11311]
[roslaunch][INFO] 2021-12-21 14:18:24,703: ROS_MASTER_URI=http://localhost:11311
[roslaunch][INFO] 2021-12-21 14:18:24,705: setting /run_id to db973aa8-6268-11ec-9085-7c507959f385
[roslaunch][INFO] 2021-12-21 14:18:24,707: setting /roslaunch/uris/host_fm00351_u__37065' to http://FM00351-u:37065/
[roslaunch][INFO] 2021-12-21 14:18:24,709: ... preparing to launch node of type [rosout/rosout]
[roslaunch][INFO] 2021-12-21 14:18:24,709: create_node_process: package[rosout] type[rosout] machine[Machine(name[] env_loader[None] address[localhost] ssh_port[22] user[None] assignable[True] timeout[10.0])] master_uri[http://localhost:11311]
[roslaunch][INFO] 2021-12-21 14:18:24,709: process[rosout-1]: env[{'ROS_DISTRO': 'melodic', 'ROSLISP_PACKAGE_DIRECTORIES': '/home/ros/catkin_ws/devel/share/common-lisp', 'LD_LIBRARY_PATH': '/home/ros/catkin_ws/devel/lib:/opt/ros/melodic/lib', 'ROS_PACKAGE_PATH': '/home/ros/catkin_ws/src:/opt/ros/melodic/share', 'PATH': '/opt/ros/melodic/bin:/usr/local/sbin:/usr/local/bin:/usr/sbin:/usr/bin:/sbin:/bin', 'CMAKE_PREFIX_PATH': '/home/ros/catkin_ws/devel:/opt/ros/melodic', 'ROS_LOG_FILENAME': '/home/ros/.ros/log/db973aa8-6268-11ec-9085-7c507959f385/roslaunch-FM00351-u-83.log', 'LANG': 'C.UTF-8', 'TERM': 'xterm', 'SHLVL': '1', 'DISPLAY': ':0', 'UNAME': 'ros', 'ROS_ETC_DIR': '/opt/ros/melodic/etc/ros', 'HOME': '/home/ros', 'ROS_PYTHON_VERSION': '2', 'PYTHONPATH': '/home/ros/catkin_ws/devel/lib/python2.7/dist-packages:/opt/ros/melodic/lib/python2.7/dist-packages', 'QT_X11_NO_MITSHM': '1', 'ROS_ROOT': '/opt/ros/melodic/share/ros', 'PKG_CONFIG_PATH': '/home/ros/catkin_ws/devel/lib/pkgconfig:/opt/ros/melodic/lib/pkgconfig', 'LC_ALL': 'C.UTF-8', '_': '/opt/ros/melodic/bin/roslaunch', 'OLDPWD': '/home/ros', 'HOSTNAME': 'FM00351-u', 'PWD': '/home/ros/catkin_ws', 'ROS_MASTER_URI': 'http://localhost:11311', 'ROS_VERSION': '1'}]
[roslaunch][INFO] 2021-12-21 14:18:24,728: process[rosout-1]: args[[u'/opt/ros/melodic/lib/rosout/rosout', u'__name:=rosout']]
[roslaunch][INFO] 2021-12-21 14:18:24,728: ... created process [rosout-1]
[roslaunch.pmon][INFO] 2021-12-21 14:18:24,729: ProcessMonitor.register[rosout-1]
[roslaunch.pmon][INFO] 2021-12-21 14:18:24,729: ProcessMonitor.register[rosout-1] complete
[roslaunch][INFO] 2021-12-21 14:18:24,729: ... registered process [rosout-1]
[roslaunch][INFO] 2021-12-21 14:18:24,729: process[rosout-1]: starting os process
[roslaunch][INFO] 2021-12-21 14:18:24,729: process[rosout-1]: start w/ args [[u'/opt/ros/melodic/lib/rosout/rosout', u'__name:=rosout', u'__log:=/home/ros/.ros/log/db973aa8-6268-11ec-9085-7c507959f385/rosout-1.log']]
[roslaunch][INFO] 2021-12-21 14:18:24,729: process[rosout-1]: cwd will be [/home/ros/.ros]
[roslaunch][INFO] 2021-12-21 14:18:24,794: process[rosout-1]: started with pid [104]
[roslaunch][INFO] 2021-12-21 14:18:24,794: ... successfully launched [rosout-1]
[roslaunch][INFO] 2021-12-21 14:18:24,794: load_parameters starting ...
[roslaunch][INFO] 2021-12-21 14:18:24,796: ... load_parameters complete
[roslaunch][INFO] 2021-12-21 14:18:24,796: launch_nodes: launching local nodes ...
[roslaunch][INFO] 2021-12-21 14:18:24,796: ... preparing to launch node of type [rosserial_arduino/serial_node.py]
[roslaunch][INFO] 2021-12-21 14:18:24,797: create_node_process: package[rosserial_arduino] type[serial_node.py] machine[Machine(name[] env_loader[None] address[localhost] ssh_port[22] user[None] assignable[True] timeout[10.0])] master_uri[http://localhost:11311]
[roslaunch][INFO] 2021-12-21 14:18:24,797: process[sensor/tactile_pressure-2]: env[{'ROS_DISTRO': 'melodic', 'ROSLISP_PACKAGE_DIRECTORIES': '/home/ros/catkin_ws/devel/share/common-lisp', 'LD_LIBRARY_PATH': '/home/ros/catkin_ws/devel/lib:/opt/ros/melodic/lib', 'ROS_PACKAGE_PATH': '/home/ros/catkin_ws/src:/opt/ros/melodic/share', 'PATH': '/opt/ros/melodic/bin:/usr/local/sbin:/usr/local/bin:/usr/sbin:/usr/bin:/sbin:/bin', 'CMAKE_PREFIX_PATH': '/home/ros/catkin_ws/devel:/opt/ros/melodic', 'ROS_LOG_FILENAME': '/home/ros/.ros/log/db973aa8-6268-11ec-9085-7c507959f385/roslaunch-FM00351-u-83.log', 'LANG': 'C.UTF-8', 'TERM': 'xterm', 'SHLVL': '1', 'DISPLAY': ':0', 'UNAME': 'ros', 'ROS_ETC_DIR': '/opt/ros/melodic/etc/ros', 'HOME': '/home/ros', 'ROS_PYTHON_VERSION': '2', 'PYTHONPATH': '/home/ros/catkin_ws/devel/lib/python2.7/dist-packages:/opt/ros/melodic/lib/python2.7/dist-packages', 'QT_X11_NO_MITSHM': '1', 'ROS_ROOT': '/opt/ros/melodic/share/ros', 'PKG_CONFIG_PATH': '/home/ros/catkin_ws/devel/lib/pkgconfig:/opt/ros/melodic/lib/pkgconfig', 'LC_ALL': 'C.UTF-8', 'ROS_NAMESPACE': '/sensor', '_': '/opt/ros/melodic/bin/roslaunch', 'OLDPWD': '/home/ros', 'HOSTNAME': 'FM00351-u', 'PWD': '/home/ros/catkin_ws', 'ROS_MASTER_URI': 'http://localhost:11311', 'ROS_VERSION': '1'}]
[roslaunch][INFO] 2021-12-21 14:18:24,798: process[sensor/tactile_pressure-2]: args[[u'/opt/ros/melodic/share/rosserial_arduino/serial_node.py', u'/sensor/Pressure:=/sensor/pressure_data', u'__name:=tactile_pressure']]
[roslaunch][INFO] 2021-12-21 14:18:24,798: ... created process [sensor/tactile_pressure-2]
[roslaunch.pmon][INFO] 2021-12-21 14:18:24,798: ProcessMonitor.register[sensor/tactile_pressure-2]
[roslaunch.pmon][INFO] 2021-12-21 14:18:24,798: ProcessMonitor.register[sensor/tactile_pressure-2] complete
[roslaunch][INFO] 2021-12-21 14:18:24,798: ... registered process [sensor/tactile_pressure-2]
[roslaunch][INFO] 2021-12-21 14:18:24,798: process[sensor/tactile_pressure-2]: starting os process
[roslaunch][INFO] 2021-12-21 14:18:24,798: process[sensor/tactile_pressure-2]: start w/ args [[u'/opt/ros/melodic/share/rosserial_arduino/serial_node.py', u'/sensor/Pressure:=/sensor/pressure_data', u'__name:=tactile_pressure', u'__log:=/home/ros/.ros/log/db973aa8-6268-11ec-9085-7c507959f385/sensor-tactile_pressure-2.log']]
[roslaunch][INFO] 2021-12-21 14:18:24,798: process[sensor/tactile_pressure-2]: cwd will be [/home/ros/.ros]
[roslaunch][INFO] 2021-12-21 14:18:24,863: process[sensor/tactile_pressure-2]: started with pid [107]
[roslaunch][INFO] 2021-12-21 14:18:24,863: ... successfully launched [sensor/tactile_pressure-2]
[roslaunch][INFO] 2021-12-21 14:18:24,863: ... preparing to launch node of type [tactile_pressure_sensor/pressure_LocAndForceEstimation.py]
[roslaunch][INFO] 2021-12-21 14:18:24,863: create_node_process: package[tactile_pressure_sensor] type[pressure_LocAndForceEstimation.py] machine[Machine(name[] env_loader[None] address[localhost] ssh_port[22] user[None] assignable[True] timeout[10.0])] master_uri[http://localhost:11311]
[roslaunch][INFO] 2021-12-21 14:18:24,863: process[sensor/process_tactile_pressure-3]: env[{'ROS_DISTRO': 'melodic', 'ROSLISP_PACKAGE_DIRECTORIES': '/home/ros/catkin_ws/devel/share/common-lisp', 'LD_LIBRARY_PATH': '/home/ros/catkin_ws/devel/lib:/opt/ros/melodic/lib', 'ROS_PACKAGE_PATH': '/home/ros/catkin_ws/src:/opt/ros/melodic/share', 'PATH': '/opt/ros/melodic/bin:/usr/local/sbin:/usr/local/bin:/usr/sbin:/usr/bin:/sbin:/bin', 'CMAKE_PREFIX_PATH': '/home/ros/catkin_ws/devel:/opt/ros/melodic', 'ROS_LOG_FILENAME': '/home/ros/.ros/log/db973aa8-6268-11ec-9085-7c507959f385/roslaunch-FM00351-u-83.log', 'LANG': 'C.UTF-8', 'TERM': 'xterm', 'SHLVL': '1', 'DISPLAY': ':0', 'UNAME': 'ros', 'ROS_ETC_DIR': '/opt/ros/melodic/etc/ros', 'HOME': '/home/ros', 'ROS_PYTHON_VERSION': '2', 'PYTHONPATH': '/home/ros/catkin_ws/devel/lib/python2.7/dist-packages:/opt/ros/melodic/lib/python2.7/dist-packages', 'QT_X11_NO_MITSHM': '1', 'ROS_ROOT': '/opt/ros/melodic/share/ros', 'PKG_CONFIG_PATH': '/home/ros/catkin_ws/devel/lib/pkgconfig:/opt/ros/melodic/lib/pkgconfig', 'LC_ALL': 'C.UTF-8', 'ROS_NAMESPACE': '/sensor', '_': '/opt/ros/melodic/bin/roslaunch', 'OLDPWD': '/home/ros', 'HOSTNAME': 'FM00351-u', 'PWD': '/home/ros/catkin_ws', 'ROS_MASTER_URI': 'http://localhost:11311', 'ROS_VERSION': '1'}]
[roslaunch][INFO] 2021-12-21 14:18:24,864: process[sensor/process_tactile_pressure-3]: args[[u'/home/ros/catkin_ws/src/tactile_pressure_sensor/src/pressure_LocAndForceEstimation.py', u'/sensor/pressure_data:=/sensor/pressure_data', u'estimated_ForceAndLoc:=/sensor/estimated_ForceAndLoc', u'__name:=process_tactile_pressure']]
[roslaunch][INFO] 2021-12-21 14:18:24,864: ... created process [sensor/process_tactile_pressure-3]
[roslaunch.pmon][INFO] 2021-12-21 14:18:24,864: ProcessMonitor.register[sensor/process_tactile_pressure-3]
[roslaunch.pmon][INFO] 2021-12-21 14:18:24,864: ProcessMonitor.register[sensor/process_tactile_pressure-3] complete
[roslaunch][INFO] 2021-12-21 14:18:24,864: ... registered process [sensor/process_tactile_pressure-3]
[roslaunch][INFO] 2021-12-21 14:18:24,864: process[sensor/process_tactile_pressure-3]: starting os process
[roslaunch][INFO] 2021-12-21 14:18:24,864: process[sensor/process_tactile_pressure-3]: start w/ args [[u'/home/ros/catkin_ws/src/tactile_pressure_sensor/src/pressure_LocAndForceEstimation.py', u'/sensor/pressure_data:=/sensor/pressure_data', u'estimated_ForceAndLoc:=/sensor/estimated_ForceAndLoc', u'__name:=process_tactile_pressure', u'__log:=/home/ros/.ros/log/db973aa8-6268-11ec-9085-7c507959f385/sensor-process_tactile_pressure-3.log']]
[roslaunch][INFO] 2021-12-21 14:18:24,864: process[sensor/process_tactile_pressure-3]: cwd will be [/home/ros/.ros]
[roslaunch][INFO] 2021-12-21 14:18:24,930: process[sensor/process_tactile_pressure-3]: started with pid [112]
[roslaunch][INFO] 2021-12-21 14:18:24,930: ... successfully launched [sensor/process_tactile_pressure-3]
[roslaunch][INFO] 2021-12-21 14:18:24,930: ... launch_nodes complete
[roslaunch.pmon][INFO] 2021-12-21 14:18:24,930: registrations completed <ProcessMonitor(ProcessMonitor-1, started daemon 139662779741952)>
[roslaunch.parent][INFO] 2021-12-21 14:18:24,930: ... roslaunch parent running, waiting for process exit
[roslaunch][INFO] 2021-12-21 14:18:24,930: spin
[roslaunch][INFO] 2021-12-21 14:18:29,129: [sensor/process_tactile_pressure-3] process has finished cleanly
log file: /home/ros/.ros/log/db973aa8-6268-11ec-9085-7c507959f385/sensor-process_tactile_pressure-3*.log
[roslaunch.pmon][INFO] 2021-12-21 14:18:29,130: ProcessMonitor.unregister[sensor/process_tactile_pressure-3] starting
[roslaunch.pmon][INFO] 2021-12-21 14:18:29,130: ProcessMonitor.unregister[sensor/process_tactile_pressure-3] complete
[roslaunch.pmon][INFO] 2021-12-21 14:21:44,016: ProcessMonitor.shutdown <ProcessMonitor(ProcessMonitor-1, started daemon 139662779741952)>
[roslaunch.pmon][INFO] 2021-12-21 14:21:44,093: ProcessMonitor._post_run <ProcessMonitor(ProcessMonitor-1, started daemon 139662779741952)>
[roslaunch.pmon][INFO] 2021-12-21 14:21:44,093: ProcessMonitor._post_run <ProcessMonitor(ProcessMonitor-1, started daemon 139662779741952)>: remaining procs are [<roslaunch.nodeprocess.LocalProcess object at 0x7f05c6da2b10>, <roslaunch.nodeprocess.LocalProcess object at 0x7f05c68c11d0>, <roslaunch.nodeprocess.LocalProcess object at 0x7f05c6d9f390>]
[roslaunch.pmon][INFO] 2021-12-21 14:21:44,093: ProcessMonitor exit: killing sensor/tactile_pressure-2
[roslaunch][INFO] 2021-12-21 14:21:44,093: [sensor/tactile_pressure-2] killing on exit
[roslaunch][INFO] 2021-12-21 14:21:44,094: process[sensor/tactile_pressure-2]: killing os process with pid[107] pgid[107]
[roslaunch][INFO] 2021-12-21 14:21:44,094: [sensor/tactile_pressure-2] sending SIGINT to pgid [107]
[roslaunch][INFO] 2021-12-21 14:21:44,094: [sensor/tactile_pressure-2] sent SIGINT to pgid [107]
[roslaunch][INFO] 2021-12-21 14:21:44,295: process[sensor/tactile_pressure-2]: SIGINT killed with return value 0
[roslaunch.pmon][INFO] 2021-12-21 14:21:44,295: ProcessMonitor exit: killing rosout-1
[roslaunch][INFO] 2021-12-21 14:21:44,296: [rosout-1] killing on exit
[roslaunch][INFO] 2021-12-21 14:21:44,296: process[rosout-1]: killing os process with pid[104] pgid[104]
[roslaunch][INFO] 2021-12-21 14:21:44,296: [rosout-1] sending SIGINT to pgid [104]
[roslaunch][INFO] 2021-12-21 14:21:44,296: [rosout-1] sent SIGINT to pgid [104]
[roslaunch][INFO] 2021-12-21 14:21:44,497: process[rosout-1]: SIGINT killed with return value 0
[roslaunch.pmon][INFO] 2021-12-21 14:21:44,497: ProcessMonitor exit: killing master
[roslaunch][INFO] 2021-12-21 14:21:44,497: [master] killing on exit
[roslaunch][INFO] 2021-12-21 14:21:44,497: process[master]: killing os process with pid[93] pgid[93]
[roslaunch][INFO] 2021-12-21 14:21:44,497: [master] sending SIGINT to pgid [93]
[roslaunch][INFO] 2021-12-21 14:21:44,497: [master] sent SIGINT to pgid [93]
[roslaunch][INFO] 2021-12-21 14:21:44,698: process[master]: SIGINT killed with return value 0
[roslaunch.pmon][INFO] 2021-12-21 14:21:44,698: ProcessMonitor exit: cleaning up data structures and signals
[roslaunch.pmon][INFO] 2021-12-21 14:21:44,698: ProcessMonitor exit: pmon has shutdown
[roslaunch][INFO] 2021-12-21 14:21:44,732: process monitor is done spinning, initiating full shutdown
[roslaunch][INFO] 2021-12-21 14:21:44,732: runner.stop()
[roslaunch][INFO] 2021-12-21 14:21:44,732: shutting down processing monitor...
[roslaunch][INFO] 2021-12-21 14:21:44,732: shutting down processing monitor <ProcessMonitor(ProcessMonitor-1, stopped daemon 139662779741952)>
[roslaunch.pmon][INFO] 2021-12-21 14:21:44,732: ProcessMonitor.shutdown <ProcessMonitor(ProcessMonitor-1, stopped daemon 139662779741952)>
[roslaunch][INFO] 2021-12-21 14:21:44,732: ... shutting down processing monitor complete
[roslaunch][INFO] 2021-12-21 14:21:44,732: done
[roslaunch.pmon][INFO] 2021-12-21 14:21:44,732: ProcessMonitor.shutdown <ProcessMonitor(ProcessMonitor-1, stopped daemon 139662779741952)>
[rospy.core][INFO] 2021-12-21 14:21:44,732: signal_shutdown [atexit]
