[rospy.client][INFO] 2021-12-21 14:18:25,018: init_node, name[/sensor/tactile_pressure], pid[107]
[xmlrpc][INFO] 2021-12-21 14:18:25,027: XML-RPC server binding to 0.0.0.0:0
[xmlrpc][INFO] 2021-12-21 14:18:25,027: Started XML-RPC server [http://FM00351-u:32991/]
[rospy.impl.masterslave][INFO] 2021-12-21 14:18:25,028: _ready: http://FM00351-u:32991/
[rospy.init][INFO] 2021-12-21 14:18:25,028: ROS Slave URI: [http://FM00351-u:32991/]
[xmlrpc][INFO] 2021-12-21 14:18:25,032: xml rpc node: starting XML-RPC server
[rospy.registration][INFO] 2021-12-21 14:18:25,032: Registering with master node http://localhost:11311
[rospy.init][INFO] 2021-12-21 14:18:25,129: registered with master
[rospy.rosout][INFO] 2021-12-21 14:18:25,129: initializing /rosout core topic
[rospy.rosout][INFO] 2021-12-21 14:18:25,131: connected to core topic /rosout
[rospy.simtime][INFO] 2021-12-21 14:18:25,132: /use_sim_time is not set, will not subscribe to simulated time [/clock] topic
[rosout][INFO] 2021-12-21 14:18:25,133: ROS Serial Python Node
[rosout][INFO] 2021-12-21 14:18:25,134: Connecting to /dev/ttyUSB0 at 57600 baud
[rospy.internal][INFO] 2021-12-21 14:18:25,531: topic[/rosout] adding connection to [/rosout], count 0
[rosout][INFO] 2021-12-21 14:18:27,240: Requesting topics...
[rosout][ERROR] 2021-12-21 14:18:42,244: Unable to sync with device; possible link problem or link software version mismatch such as hydro rosserial_python with groovy Arduino
[rosout][INFO] 2021-12-21 14:18:42,246: Requesting topics...
[rosout][ERROR] 2021-12-21 14:18:57,249: Unable to sync with device; possible link problem or link software version mismatch such as hydro rosserial_python with groovy Arduino
[rosout][INFO] 2021-12-21 14:18:57,252: Requesting topics...
[rosout][ERROR] 2021-12-21 14:19:12,254: Unable to sync with device; possible link problem or link software version mismatch such as hydro rosserial_python with groovy Arduino
[rosout][INFO] 2021-12-21 14:19:12,258: Requesting topics...
[rosout][ERROR] 2021-12-21 14:19:27,261: Unable to sync with device; possible link problem or link software version mismatch such as hydro rosserial_python with groovy Arduino
[rosout][INFO] 2021-12-21 14:19:27,262: Requesting topics...
[rosout][ERROR] 2021-12-21 14:19:42,264: Unable to sync with device; possible link problem or link software version mismatch such as hydro rosserial_python with groovy Arduino
[rosout][INFO] 2021-12-21 14:19:42,265: Requesting topics...
[rosout][ERROR] 2021-12-21 14:19:57,266: Unable to sync with device; possible link problem or link software version mismatch such as hydro rosserial_python with groovy Arduino
[rosout][INFO] 2021-12-21 14:19:57,269: Requesting topics...
[rosout][ERROR] 2021-12-21 14:20:12,273: Unable to sync with device; possible link problem or link software version mismatch such as hydro rosserial_python with groovy Arduino
[rosout][INFO] 2021-12-21 14:20:12,274: Requesting topics...
[rosout][ERROR] 2021-12-21 14:20:27,275: Unable to sync with device; possible link problem or link software version mismatch such as hydro rosserial_python with groovy Arduino
[rosout][INFO] 2021-12-21 14:20:27,276: Requesting topics...
[rosout][ERROR] 2021-12-21 14:20:42,278: Unable to sync with device; possible link problem or link software version mismatch such as hydro rosserial_python with groovy Arduino
[rosout][INFO] 2021-12-21 14:20:42,279: Requesting topics...
[rosout][ERROR] 2021-12-21 14:20:57,280: Unable to sync with device; possible link problem or link software version mismatch such as hydro rosserial_python with groovy Arduino
[rosout][INFO] 2021-12-21 14:20:57,281: Requesting topics...
[rosout][ERROR] 2021-12-21 14:21:12,283: Unable to sync with device; possible link problem or link software version mismatch such as hydro rosserial_python with groovy Arduino
[rosout][INFO] 2021-12-21 14:21:12,284: Requesting topics...
[rosout][ERROR] 2021-12-21 14:21:27,285: Unable to sync with device; possible link problem or link software version mismatch such as hydro rosserial_python with groovy Arduino
[rosout][INFO] 2021-12-21 14:21:27,286: Requesting topics...
[rosout][ERROR] 2021-12-21 14:21:42,288: Unable to sync with device; possible link problem or link software version mismatch such as hydro rosserial_python with groovy Arduino
[rosout][INFO] 2021-12-21 14:21:42,289: Requesting topics...
[rosout][INFO] 2021-12-21 14:21:44,094: Send tx stop request
[rospy.core][INFO] 2021-12-21 14:21:44,095: signal_shutdown [atexit]
[rospy.internal][INFO] 2021-12-21 14:21:44,096: topic[/rosout] removing connection to /rosout
[rospy.impl.masterslave][INFO] 2021-12-21 14:21:44,096: atexit
