[rosmaster.main][INFO] 2022-02-14 13:50:05,650: initialization complete, waiting for shutdown
[rosmaster.main][INFO] 2022-02-14 13:50:05,650: Starting ROS Master Node
[xmlrpc][INFO] 2022-02-14 13:50:05,651: XML-RPC server binding to 0.0.0.0:11311
[xmlrpc][INFO] 2022-02-14 13:50:05,651: Started XML-RPC server [http://FM00351-u:11311/]
[xmlrpc][INFO] 2022-02-14 13:50:05,655: xml rpc node: starting XML-RPC server
[rosmaster.master][INFO] 2022-02-14 13:50:05,651: Master initialized: port[11311], uri[http://FM00351-u:11311/]
[rosmaster.master][INFO] 2022-02-14 13:50:05,691: +PARAM [/run_id] by /roslaunch
[rosmaster.master][INFO] 2022-02-14 13:50:05,693: +PARAM [/roslaunch/uris/host_fm00351_u__36655] by /roslaunch
[rosmaster.master][INFO] 2022-02-14 13:50:05,955: +PARAM [/rosversion] by /roslaunch
[rosmaster.master][INFO] 2022-02-14 13:50:05,955: +PARAM [/rosdistro] by /roslaunch
[rosmaster.master][INFO] 2022-02-14 13:50:05,955: +PARAM [/baud_pressure] by /roslaunch
[rosmaster.master][INFO] 2022-02-14 13:50:05,955: +PARAM [/port_pressure] by /roslaunch
[rosmaster.master][INFO] 2022-02-14 13:50:05,960: +SERVICE [/rosout/get_loggers] /rosout http://FM00351-u:45183/
[rosmaster.master][INFO] 2022-02-14 13:50:05,960: +SERVICE [/rosout/set_logger_level] /rosout http://FM00351-u:45183/
[rosmaster.master][INFO] 2022-02-14 13:50:05,961: +PUB [/rosout_agg] /rosout http://FM00351-u:45183/
[rosmaster.master][INFO] 2022-02-14 13:50:05,961: +SUB [/rosout] /rosout http://FM00351-u:45183/
[rosmaster.master][INFO] 2022-02-14 13:50:06,355: +PUB [/rosout] /sensor/tactile_pressure http://FM00351-u:36747/
[rosmaster.master][INFO] 2022-02-14 13:50:06,360: +SERVICE [/sensor/tactile_pressure/get_loggers] /sensor/tactile_pressure http://FM00351-u:36747/
[rosmaster.master][INFO] 2022-02-14 13:50:06,361: +SERVICE [/sensor/tactile_pressure/set_logger_level] /sensor/tactile_pressure http://FM00351-u:36747/
[rosmaster.master][INFO] 2022-02-14 13:50:06,361: +CACHEDPARAM [/rosout_disable_topics_generation] by /sensor/tactile_pressure
[rosmaster.master][INFO] 2022-02-14 13:50:06,363: +CACHEDPARAM [/rosout_disable_topics_generation] by /sensor/tactile_pressure
[rosmaster.master][INFO] 2022-02-14 13:50:06,364: +SERVICE [/sensor/tactile_pressure/reset_arduino] /sensor/tactile_pressure http://FM00351-u:36747/
[rosmaster.master][INFO] 2022-02-14 13:50:06,365: +PUB [/diagnostics] /sensor/tactile_pressure http://FM00351-u:36747/
[rosmaster.master][INFO] 2022-02-14 13:50:06,365: +CACHEDPARAM [/rosout_disable_topics_generation] by /sensor/tactile_pressure
[rosmaster.master][INFO] 2022-02-14 13:50:06,452: publisherUpdate[/rosout] -> http://FM00351-u:45183/ ['http://FM00351-u:36747/']
[rosmaster.master][INFO] 2022-02-14 13:50:06,460: publisherUpdate[/rosout] -> http://FM00351-u:45183/ ['http://FM00351-u:36747/']: sec=0.01, result=[1, '', 0]
[rosmaster.master][INFO] 2022-02-14 13:50:06,616: +PUB [/rosout] /sensor/process_tactile_pressure http://FM00351-u:35063/
[rosmaster.master][INFO] 2022-02-14 13:50:06,620: +SERVICE [/sensor/process_tactile_pressure/get_loggers] /sensor/process_tactile_pressure http://FM00351-u:35063/
[rosmaster.master][INFO] 2022-02-14 13:50:06,622: +SERVICE [/sensor/process_tactile_pressure/set_logger_level] /sensor/process_tactile_pressure http://FM00351-u:35063/
[rosmaster.master][INFO] 2022-02-14 13:50:06,625: +SUB [/sensor/pressure_reset] /sensor/process_tactile_pressure http://FM00351-u:35063/
[rosmaster.master][INFO] 2022-02-14 13:50:06,628: +SUB [/sensor/pressure_data] /sensor/process_tactile_pressure http://FM00351-u:35063/
[rosmaster.master][INFO] 2022-02-14 13:50:06,630: +PUB [/sensor/estimated_ForceAndLoc] /sensor/process_tactile_pressure http://FM00351-u:35063/
[rosmaster.master][INFO] 2022-02-14 13:50:06,653: publisherUpdate[/rosout] -> http://FM00351-u:45183/ ['http://FM00351-u:36747/', 'http://FM00351-u:35063/']
[rosmaster.master][INFO] 2022-02-14 13:50:06,673: publisherUpdate[/rosout] -> http://FM00351-u:45183/ ['http://FM00351-u:36747/', 'http://FM00351-u:35063/']: sec=0.02, result=[1, '', 0]
[rosmaster.master][INFO] 2022-02-14 13:50:06,674: +CACHEDPARAM [/rosout/omit_topics] by /rosout
[rosmaster.master][INFO] 2022-02-14 13:50:09,370: +CACHEDPARAM [/rosout_disable_topics_generation] by /sensor/tactile_pressure
[rosmaster.master][INFO] 2022-02-14 13:50:09,635: +CACHEDPARAM [/rosout_disable_topics_generation] by /sensor/process_tactile_pressure
[rosmaster.master][INFO] 2022-02-14 13:50:09,639: -SUB [/sensor/pressure_reset] /sensor/process_tactile_pressure http://FM00351-u:35063/
[rosmaster.master][INFO] 2022-02-14 13:50:09,639: -SUB [/sensor/pressure_data] /sensor/process_tactile_pressure http://FM00351-u:35063/
[rosmaster.master][INFO] 2022-02-14 13:50:09,639: -PUB [/rosout] /sensor/process_tactile_pressure http://FM00351-u:35063/
[rosmaster.master][INFO] 2022-02-14 13:50:09,639: -PUB [/sensor/estimated_ForceAndLoc] /sensor/process_tactile_pressure http://FM00351-u:35063/
[rosmaster.master][INFO] 2022-02-14 13:50:09,640: -SERVICE [/sensor/process_tactile_pressure/get_loggers] /sensor/process_tactile_pressure rosrpc://FM00351-u:42675
[rosmaster.master][INFO] 2022-02-14 13:50:09,640: -SERVICE [/sensor/process_tactile_pressure/set_logger_level] /sensor/process_tactile_pressure rosrpc://FM00351-u:42675
[rosmaster.master][INFO] 2022-02-14 13:50:09,661: publisherUpdate[/rosout] -> http://FM00351-u:45183/ ['http://FM00351-u:36747/']
[rosmaster.master][INFO] 2022-02-14 13:50:09,672: publisherUpdate[/rosout] -> http://FM00351-u:45183/ ['http://FM00351-u:36747/']: sec=0.01, result=[1, '', 0]
[rosmaster.master][INFO] 2022-02-14 13:50:10,223: -PUB [/diagnostics] /sensor/tactile_pressure http://FM00351-u:36747/
[rosmaster.master][INFO] 2022-02-14 13:50:10,224: -PUB [/rosout] /sensor/tactile_pressure http://FM00351-u:36747/
[rosmaster.master][INFO] 2022-02-14 13:50:10,224: -SERVICE [/sensor/tactile_pressure/set_logger_level] /sensor/tactile_pressure rosrpc://FM00351-u:39115
[rosmaster.master][INFO] 2022-02-14 13:50:10,224: -SERVICE [/sensor/tactile_pressure/reset_arduino] /sensor/tactile_pressure rosrpc://FM00351-u:39115
[rosmaster.master][INFO] 2022-02-14 13:50:10,224: -SERVICE [/sensor/tactile_pressure/get_loggers] /sensor/tactile_pressure rosrpc://FM00351-u:39115
[rosmaster.master][INFO] 2022-02-14 13:50:10,270: publisherUpdate[/rosout] -> http://FM00351-u:45183/ []
[rosmaster.master][INFO] 2022-02-14 13:50:10,270: publisherUpdate[/rosout] -> http://FM00351-u:45183/ []: sec=0.00, result=[1, '', 0]
[rosmaster.master][INFO] 2022-02-14 13:50:10,571: -PUB [/rosout_agg] /rosout http://FM00351-u:45183/
[rosmaster.master][INFO] 2022-02-14 13:50:10,571: -SUB [/rosout] /rosout http://FM00351-u:45183/
[rosmaster.master][INFO] 2022-02-14 13:50:10,572: -SERVICE [/rosout/get_loggers] /rosout rosrpc://FM00351-u:51237
[rosmaster.master][INFO] 2022-02-14 13:50:10,572: -SERVICE [/rosout/set_logger_level] /rosout rosrpc://FM00351-u:51237
[rosmaster.master][INFO] 2022-02-14 13:50:10,572: -CACHEDPARAM [/rosout/omit_topics] by /rosout
[rosmaster.main][INFO] 2022-02-14 13:50:10,627: keyboard interrupt, will exit
[rosmaster.main][INFO] 2022-02-14 13:50:10,627: stopping master...
[rospy.core][INFO] 2022-02-14 13:50:10,627: signal_shutdown [atexit]
