[rospy.client][INFO] 2022-02-14 13:50:06,248: init_node, name[/sensor/tactile_pressure], pid[465]
[xmlrpc][INFO] 2022-02-14 13:50:06,249: XML-RPC server binding to 0.0.0.0:0
[xmlrpc][INFO] 2022-02-14 13:50:06,249: Started XML-RPC server [http://FM00351-u:36747/]
[rospy.init][INFO] 2022-02-14 13:50:06,249: ROS Slave URI: [http://FM00351-u:36747/]
[rospy.impl.masterslave][INFO] 2022-02-14 13:50:06,249: _ready: http://FM00351-u:36747/
[xmlrpc][INFO] 2022-02-14 13:50:06,249: xml rpc node: starting XML-RPC server
[rospy.registration][INFO] 2022-02-14 13:50:06,249: Registering with master node http://localhost:11311
[rospy.init][INFO] 2022-02-14 13:50:06,349: registered with master
[rospy.rosout][INFO] 2022-02-14 13:50:06,349: initializing /rosout core topic
[rospy.rosout][INFO] 2022-02-14 13:50:06,355: connected to core topic /rosout
[rospy.simtime][INFO] 2022-02-14 13:50:06,356: /use_sim_time is not set, will not subscribe to simulated time [/clock] topic
[rosout][INFO] 2022-02-14 13:50:06,361: ROS Serial Python Node
[rosout][INFO] 2022-02-14 13:50:06,363: Connecting to /dev/ttyACM0 at 57600 baud
[rosout][ERROR] 2022-02-14 13:50:06,365: Error opening serial: [Errno 13] could not open port /dev/ttyACM0: [Errno 13] Permission denied: '/dev/ttyACM0'
[rospy.internal][INFO] 2022-02-14 13:50:06,673: topic[/rosout] adding connection to [/rosout], count 0
[rosout][ERROR] 2022-02-14 13:50:09,369: Error opening serial: [Errno 13] could not open port /dev/ttyACM0: [Errno 13] Permission denied: '/dev/ttyACM0'
[rospy.core][INFO] 2022-02-14 13:50:10,223: signal_shutdown [signal-2]
[rospy.internal][INFO] 2022-02-14 13:50:10,224: topic[/rosout] removing connection to /rosout
[rospy.impl.masterslave][INFO] 2022-02-14 13:50:10,224: signal-2
[rospy.core][INFO] 2022-02-14 13:50:10,357: signal_shutdown [atexit]
