[roslaunch][INFO] 2021-12-21 14:22:40,824: Checking log directory for disk usage. This may take a while.
Press Ctrl-C to interrupt
[roslaunch][INFO] 2021-12-21 14:22:40,826: Done checking log file disk usage. Usage is <1GB.
[roslaunch][INFO] 2021-12-21 14:22:40,827: roslaunch starting with args ['/opt/ros/melodic/bin/roslaunch', 'tactile_pressure_sensor', 'run_tactile_pressure.launch']
[roslaunch][INFO] 2021-12-21 14:22:40,827: roslaunch env is {'ROS_DISTRO': 'melodic', 'ROSLISP_PACKAGE_DIRECTORIES': '/home/ros/catkin_ws/devel/share/common-lisp', 'HOME': '/home/ros', 'PATH': '/opt/ros/melodic/bin:/usr/local/sbin:/usr/local/bin:/usr/sbin:/usr/bin:/sbin:/bin', 'ROS_PACKAGE_PATH': '/home/ros/catkin_ws/src:/opt/ros/melodic/share', 'CMAKE_PREFIX_PATH': '/home/ros/catkin_ws/devel:/opt/ros/melodic', 'LD_LIBRARY_PATH': '/home/ros/catkin_ws/devel/lib:/opt/ros/melodic/lib', 'LANG': 'C.UTF-8', 'TERM': 'xterm', 'ROS_LOG_FILENAME': '/home/ros/.ros/log/748b1a86-6269-11ec-9e33-7c507959f385/roslaunch-FM00351-u-1575.log', 'SHLVL': '1', 'DISPLAY': ':0', 'UNAME': 'ros', 'ROS_MASTER_URI': 'http://localhost:11311', 'ROS_PYTHON_VERSION': '2', 'PYTHONPATH': '/home/ros/catkin_ws/devel/lib/python2.7/dist-packages:/opt/ros/melodic/lib/python2.7/dist-packages', 'QT_X11_NO_MITSHM': '1', 'ROS_ROOT': '/opt/ros/melodic/share/ros', 'PKG_CONFIG_PATH': '/home/ros/catkin_ws/devel/lib/pkgconfig:/opt/ros/melodic/lib/pkgconfig', 'LC_ALL': 'C.UTF-8', '_': '/opt/ros/melodic/bin/roslaunch', 'OLDPWD': '/home/ros', 'HOSTNAME': 'FM00351-u', 'PWD': '/home/ros/catkin_ws', 'ROS_ETC_DIR': '/opt/ros/melodic/etc/ros', 'ROS_VERSION': '1'}
[roslaunch][INFO] 2021-12-21 14:22:40,827: starting in server mode
[roslaunch.parent][INFO] 2021-12-21 14:22:40,827: starting roslaunch parent run
[roslaunch][INFO] 2021-12-21 14:22:40,827: loading roscore config file /opt/ros/melodic/etc/ros/roscore.xml
[roslaunch][INFO] 2021-12-21 14:22:41,038: Added core node of type [rosout/rosout] in namespace [/]
[roslaunch.config][INFO] 2021-12-21 14:22:41,038: loading config file /home/ros/catkin_ws/src/tactile_pressure_sensor/launch/run_tactile_pressure.launch
[roslaunch][INFO] 2021-12-21 14:22:41,039: Added node of type [rosserial_arduino/serial_node.py] in namespace [/sensor/]
[roslaunch][INFO] 2021-12-21 14:22:41,039: Added node of type [tactile_pressure_sensor/pressure_LocAndForceEstimation.py] in namespace [/sensor/]
[roslaunch][INFO] 2021-12-21 14:22:41,039: ... selected machine [] for node of type [rosserial_arduino/serial_node.py]
[roslaunch][INFO] 2021-12-21 14:22:41,039: ... selected machine [] for node of type [tactile_pressure_sensor/pressure_LocAndForceEstimation.py]
[roslaunch.pmon][INFO] 2021-12-21 14:22:41,040: start_process_monitor: creating ProcessMonitor
[roslaunch.pmon][INFO] 2021-12-21 14:22:41,040: created process monitor <ProcessMonitor(ProcessMonitor-1, initial daemon)>
[roslaunch.pmon][INFO] 2021-12-21 14:22:41,040: start_process_monitor: ProcessMonitor started
[roslaunch.parent][INFO] 2021-12-21 14:22:41,040: starting parent XML-RPC server
[roslaunch.server][INFO] 2021-12-21 14:22:41,041: starting roslaunch XML-RPC server
[roslaunch.server][INFO] 2021-12-21 14:22:41,041: waiting for roslaunch XML-RPC server to initialize
[xmlrpc][INFO] 2021-12-21 14:22:41,041: XML-RPC server binding to 0.0.0.0:0
[xmlrpc][INFO] 2021-12-21 14:22:41,041: Started XML-RPC server [http://FM00351-u:36435/]
[xmlrpc][INFO] 2021-12-21 14:22:41,041: xml rpc node: starting XML-RPC server
[roslaunch][INFO] 2021-12-21 14:22:41,053: started roslaunch server http://FM00351-u:36435/
[roslaunch.parent][INFO] 2021-12-21 14:22:41,053: ... parent XML-RPC server started
[roslaunch][INFO] 2021-12-21 14:22:41,053: master.is_running[http://localhost:11311]
[roslaunch][INFO] 2021-12-21 14:22:41,053: auto-starting new master
[roslaunch][INFO] 2021-12-21 14:22:41,053: create_master_process: rosmaster, /opt/ros/melodic/share/ros, 11311, 3, None, False
[roslaunch][INFO] 2021-12-21 14:22:41,053: process[master]: launching with args [['rosmaster', '--core', '-p', '11311', '-w', '3']]
[roslaunch.pmon][INFO] 2021-12-21 14:22:41,053: ProcessMonitor.register[master]
[roslaunch.pmon][INFO] 2021-12-21 14:22:41,053: ProcessMonitor.register[master] complete
[roslaunch][INFO] 2021-12-21 14:22:41,053: process[master]: starting os process
[roslaunch][INFO] 2021-12-21 14:22:41,054: process[master]: start w/ args [['rosmaster', '--core', '-p', '11311', '-w', '3', '__log:=/home/ros/.ros/log/748b1a86-6269-11ec-9e33-7c507959f385/master.log']]
[roslaunch][INFO] 2021-12-21 14:22:41,054: process[master]: cwd will be [/home/ros/.ros]
[roslaunch][INFO] 2021-12-21 14:22:41,119: process[master]: started with pid [1585]
[roslaunch][INFO] 2021-12-21 14:22:41,119: master.is_running[http://localhost:11311]
[roslaunch][INFO] 2021-12-21 14:22:41,220: master.is_running[http://localhost:11311]
[roslaunch][INFO] 2021-12-21 14:22:41,320: master.is_running[http://localhost:11311]
[roslaunch][INFO] 2021-12-21 14:22:41,324: master.is_running[http://localhost:11311]
[roslaunch][INFO] 2021-12-21 14:22:41,326: ROS_MASTER_URI=http://localhost:11311
[roslaunch][INFO] 2021-12-21 14:22:41,327: setting /run_id to 748b1a86-6269-11ec-9e33-7c507959f385
[roslaunch][INFO] 2021-12-21 14:22:41,328: setting /roslaunch/uris/host_fm00351_u__36435' to http://FM00351-u:36435/
[roslaunch][INFO] 2021-12-21 14:22:41,329: ... preparing to launch node of type [rosout/rosout]
[roslaunch][INFO] 2021-12-21 14:22:41,329: create_node_process: package[rosout] type[rosout] machine[Machine(name[] env_loader[None] address[localhost] ssh_port[22] user[None] assignable[True] timeout[10.0])] master_uri[http://localhost:11311]
[roslaunch][INFO] 2021-12-21 14:22:41,329: process[rosout-1]: env[{'ROS_DISTRO': 'melodic', 'ROSLISP_PACKAGE_DIRECTORIES': '/home/ros/catkin_ws/devel/share/common-lisp', 'LD_LIBRARY_PATH': '/home/ros/catkin_ws/devel/lib:/opt/ros/melodic/lib', 'ROS_PACKAGE_PATH': '/home/ros/catkin_ws/src:/opt/ros/melodic/share', 'PATH': '/opt/ros/melodic/bin:/usr/local/sbin:/usr/local/bin:/usr/sbin:/usr/bin:/sbin:/bin', 'CMAKE_PREFIX_PATH': '/home/ros/catkin_ws/devel:/opt/ros/melodic', 'ROS_LOG_FILENAME': '/home/ros/.ros/log/748b1a86-6269-11ec-9e33-7c507959f385/roslaunch-FM00351-u-1575.log', 'LANG': 'C.UTF-8', 'TERM': 'xterm', 'SHLVL': '1', 'DISPLAY': ':0', 'UNAME': 'ros', 'ROS_ETC_DIR': '/opt/ros/melodic/etc/ros', 'HOME': '/home/ros', 'ROS_PYTHON_VERSION': '2', 'PYTHONPATH': '/home/ros/catkin_ws/devel/lib/python2.7/dist-packages:/opt/ros/melodic/lib/python2.7/dist-packages', 'QT_X11_NO_MITSHM': '1', 'ROS_ROOT': '/opt/ros/melodic/share/ros', 'PKG_CONFIG_PATH': '/home/ros/catkin_ws/devel/lib/pkgconfig:/opt/ros/melodic/lib/pkgconfig', 'LC_ALL': 'C.UTF-8', '_': '/opt/ros/melodic/bin/roslaunch', 'OLDPWD': '/home/ros', 'HOSTNAME': 'FM00351-u', 'PWD': '/home/ros/catkin_ws', 'ROS_MASTER_URI': 'http://localhost:11311', 'ROS_VERSION': '1'}]
[roslaunch][INFO] 2021-12-21 14:22:41,354: process[rosout-1]: args[[u'/opt/ros/melodic/lib/rosout/rosout', u'__name:=rosout']]
[roslaunch][INFO] 2021-12-21 14:22:41,355: ... created process [rosout-1]
[roslaunch.pmon][INFO] 2021-12-21 14:22:41,355: ProcessMonitor.register[rosout-1]
[roslaunch.pmon][INFO] 2021-12-21 14:22:41,355: ProcessMonitor.register[rosout-1] complete
[roslaunch][INFO] 2021-12-21 14:22:41,355: ... registered process [rosout-1]
[roslaunch][INFO] 2021-12-21 14:22:41,355: process[rosout-1]: starting os process
[roslaunch][INFO] 2021-12-21 14:22:41,355: process[rosout-1]: start w/ args [[u'/opt/ros/melodic/lib/rosout/rosout', u'__name:=rosout', u'__log:=/home/ros/.ros/log/748b1a86-6269-11ec-9e33-7c507959f385/rosout-1.log']]
[roslaunch][INFO] 2021-12-21 14:22:41,355: process[rosout-1]: cwd will be [/home/ros/.ros]
[roslaunch][INFO] 2021-12-21 14:22:41,421: process[rosout-1]: started with pid [1596]
[roslaunch][INFO] 2021-12-21 14:22:41,421: ... successfully launched [rosout-1]
[roslaunch][INFO] 2021-12-21 14:22:41,422: load_parameters starting ...
[roslaunch][INFO] 2021-12-21 14:22:41,424: ... load_parameters complete
[roslaunch][INFO] 2021-12-21 14:22:41,424: launch_nodes: launching local nodes ...
[roslaunch][INFO] 2021-12-21 14:22:41,424: ... preparing to launch node of type [rosserial_arduino/serial_node.py]
[roslaunch][INFO] 2021-12-21 14:22:41,424: create_node_process: package[rosserial_arduino] type[serial_node.py] machine[Machine(name[] env_loader[None] address[localhost] ssh_port[22] user[None] assignable[True] timeout[10.0])] master_uri[http://localhost:11311]
[roslaunch][INFO] 2021-12-21 14:22:41,424: process[sensor/tactile_pressure-2]: env[{'ROS_DISTRO': 'melodic', 'ROSLISP_PACKAGE_DIRECTORIES': '/home/ros/catkin_ws/devel/share/common-lisp', 'LD_LIBRARY_PATH': '/home/ros/catkin_ws/devel/lib:/opt/ros/melodic/lib', 'ROS_PACKAGE_PATH': '/home/ros/catkin_ws/src:/opt/ros/melodic/share', 'PATH': '/opt/ros/melodic/bin:/usr/local/sbin:/usr/local/bin:/usr/sbin:/usr/bin:/sbin:/bin', 'CMAKE_PREFIX_PATH': '/home/ros/catkin_ws/devel:/opt/ros/melodic', 'ROS_LOG_FILENAME': '/home/ros/.ros/log/748b1a86-6269-11ec-9e33-7c507959f385/roslaunch-FM00351-u-1575.log', 'LANG': 'C.UTF-8', 'TERM': 'xterm', 'SHLVL': '1', 'DISPLAY': ':0', 'UNAME': 'ros', 'ROS_ETC_DIR': '/opt/ros/melodic/etc/ros', 'HOME': '/home/ros', 'ROS_PYTHON_VERSION': '2', 'PYTHONPATH': '/home/ros/catkin_ws/devel/lib/python2.7/dist-packages:/opt/ros/melodic/lib/python2.7/dist-packages', 'QT_X11_NO_MITSHM': '1', 'ROS_ROOT': '/opt/ros/melodic/share/ros', 'PKG_CONFIG_PATH': '/home/ros/catkin_ws/devel/lib/pkgconfig:/opt/ros/melodic/lib/pkgconfig', 'LC_ALL': 'C.UTF-8', 'ROS_NAMESPACE': '/sensor', '_': '/opt/ros/melodic/bin/roslaunch', 'OLDPWD': '/home/ros', 'HOSTNAME': 'FM00351-u', 'PWD': '/home/ros/catkin_ws', 'ROS_MASTER_URI': 'http://localhost:11311', 'ROS_VERSION': '1'}]
[roslaunch][INFO] 2021-12-21 14:22:41,425: process[sensor/tactile_pressure-2]: args[[u'/home/ros/catkin_ws/src/rosserial/rosserial_arduino/nodes/serial_node.py', u'/sensor/Pressure:=/sensor/pressure_data', u'__name:=tactile_pressure']]
[roslaunch][INFO] 2021-12-21 14:22:41,425: ... created process [sensor/tactile_pressure-2]
[roslaunch.pmon][INFO] 2021-12-21 14:22:41,425: ProcessMonitor.register[sensor/tactile_pressure-2]
[roslaunch.pmon][INFO] 2021-12-21 14:22:41,425: ProcessMonitor.register[sensor/tactile_pressure-2] complete
[roslaunch][INFO] 2021-12-21 14:22:41,425: ... registered process [sensor/tactile_pressure-2]
[roslaunch][INFO] 2021-12-21 14:22:41,425: process[sensor/tactile_pressure-2]: starting os process
[roslaunch][INFO] 2021-12-21 14:22:41,425: process[sensor/tactile_pressure-2]: start w/ args [[u'/home/ros/catkin_ws/src/rosserial/rosserial_arduino/nodes/serial_node.py', u'/sensor/Pressure:=/sensor/pressure_data', u'__name:=tactile_pressure', u'__log:=/home/ros/.ros/log/748b1a86-6269-11ec-9e33-7c507959f385/sensor-tactile_pressure-2.log']]
[roslaunch][INFO] 2021-12-21 14:22:41,426: process[sensor/tactile_pressure-2]: cwd will be [/home/ros/.ros]
[roslaunch][INFO] 2021-12-21 14:22:41,491: process[sensor/tactile_pressure-2]: started with pid [1599]
[roslaunch][INFO] 2021-12-21 14:22:41,492: ... successfully launched [sensor/tactile_pressure-2]
[roslaunch][INFO] 2021-12-21 14:22:41,492: ... preparing to launch node of type [tactile_pressure_sensor/pressure_LocAndForceEstimation.py]
[roslaunch][INFO] 2021-12-21 14:22:41,492: create_node_process: package[tactile_pressure_sensor] type[pressure_LocAndForceEstimation.py] machine[Machine(name[] env_loader[None] address[localhost] ssh_port[22] user[None] assignable[True] timeout[10.0])] master_uri[http://localhost:11311]
[roslaunch][INFO] 2021-12-21 14:22:41,492: process[sensor/process_tactile_pressure-3]: env[{'ROS_DISTRO': 'melodic', 'ROSLISP_PACKAGE_DIRECTORIES': '/home/ros/catkin_ws/devel/share/common-lisp', 'LD_LIBRARY_PATH': '/home/ros/catkin_ws/devel/lib:/opt/ros/melodic/lib', 'ROS_PACKAGE_PATH': '/home/ros/catkin_ws/src:/opt/ros/melodic/share', 'PATH': '/opt/ros/melodic/bin:/usr/local/sbin:/usr/local/bin:/usr/sbin:/usr/bin:/sbin:/bin', 'CMAKE_PREFIX_PATH': '/home/ros/catkin_ws/devel:/opt/ros/melodic', 'ROS_LOG_FILENAME': '/home/ros/.ros/log/748b1a86-6269-11ec-9e33-7c507959f385/roslaunch-FM00351-u-1575.log', 'LANG': 'C.UTF-8', 'TERM': 'xterm', 'SHLVL': '1', 'DISPLAY': ':0', 'UNAME': 'ros', 'ROS_ETC_DIR': '/opt/ros/melodic/etc/ros', 'HOME': '/home/ros', 'ROS_PYTHON_VERSION': '2', 'PYTHONPATH': '/home/ros/catkin_ws/devel/lib/python2.7/dist-packages:/opt/ros/melodic/lib/python2.7/dist-packages', 'QT_X11_NO_MITSHM': '1', 'ROS_ROOT': '/opt/ros/melodic/share/ros', 'PKG_CONFIG_PATH': '/home/ros/catkin_ws/devel/lib/pkgconfig:/opt/ros/melodic/lib/pkgconfig', 'LC_ALL': 'C.UTF-8', 'ROS_NAMESPACE': '/sensor', '_': '/opt/ros/melodic/bin/roslaunch', 'OLDPWD': '/home/ros', 'HOSTNAME': 'FM00351-u', 'PWD': '/home/ros/catkin_ws', 'ROS_MASTER_URI': 'http://localhost:11311', 'ROS_VERSION': '1'}]
[roslaunch][INFO] 2021-12-21 14:22:41,492: process[sensor/process_tactile_pressure-3]: args[[u'/home/ros/catkin_ws/src/tactile_pressure_sensor/src/pressure_LocAndForceEstimation.py', u'/sensor/pressure_data:=/sensor/pressure_data', u'estimated_ForceAndLoc:=/sensor/estimated_ForceAndLoc', u'__name:=process_tactile_pressure']]
[roslaunch][INFO] 2021-12-21 14:22:41,493: ... created process [sensor/process_tactile_pressure-3]
[roslaunch.pmon][INFO] 2021-12-21 14:22:41,493: ProcessMonitor.register[sensor/process_tactile_pressure-3]
[roslaunch.pmon][INFO] 2021-12-21 14:22:41,493: ProcessMonitor.register[sensor/process_tactile_pressure-3] complete
[roslaunch][INFO] 2021-12-21 14:22:41,493: ... registered process [sensor/process_tactile_pressure-3]
[roslaunch][INFO] 2021-12-21 14:22:41,493: process[sensor/process_tactile_pressure-3]: starting os process
[roslaunch][INFO] 2021-12-21 14:22:41,493: process[sensor/process_tactile_pressure-3]: start w/ args [[u'/home/ros/catkin_ws/src/tactile_pressure_sensor/src/pressure_LocAndForceEstimation.py', u'/sensor/pressure_data:=/sensor/pressure_data', u'estimated_ForceAndLoc:=/sensor/estimated_ForceAndLoc', u'__name:=process_tactile_pressure', u'__log:=/home/ros/.ros/log/748b1a86-6269-11ec-9e33-7c507959f385/sensor-process_tactile_pressure-3.log']]
[roslaunch][INFO] 2021-12-21 14:22:41,493: process[sensor/process_tactile_pressure-3]: cwd will be [/home/ros/.ros]
[roslaunch][INFO] 2021-12-21 14:22:41,559: process[sensor/process_tactile_pressure-3]: started with pid [1604]
[roslaunch][INFO] 2021-12-21 14:22:41,559: ... successfully launched [sensor/process_tactile_pressure-3]
[roslaunch][INFO] 2021-12-21 14:22:41,559: ... launch_nodes complete
[roslaunch.pmon][INFO] 2021-12-21 14:22:41,559: registrations completed <ProcessMonitor(ProcessMonitor-1, started daemon 139783342888704)>
[roslaunch.parent][INFO] 2021-12-21 14:22:41,559: ... roslaunch parent running, waiting for process exit
[roslaunch][INFO] 2021-12-21 14:22:41,559: spin
[roslaunch][ERROR] 2021-12-21 14:22:41,742: [sensor/tactile_pressure-2] process has died [pid 1599, exit code 1, cmd /home/ros/catkin_ws/src/rosserial/rosserial_arduino/nodes/serial_node.py /sensor/Pressure:=/sensor/pressure_data __name:=tactile_pressure __log:=/home/ros/.ros/log/748b1a86-6269-11ec-9e33-7c507959f385/sensor-tactile_pressure-2.log].
log file: /home/ros/.ros/log/748b1a86-6269-11ec-9e33-7c507959f385/sensor-tactile_pressure-2*.log
[roslaunch.pmon][INFO] 2021-12-21 14:22:41,742: ProcessMonitor.unregister[sensor/tactile_pressure-2] starting
[roslaunch.pmon][INFO] 2021-12-21 14:22:41,742: ProcessMonitor.unregister[sensor/tactile_pressure-2] complete
[roslaunch][INFO] 2021-12-21 14:22:45,752: [sensor/process_tactile_pressure-3] process has finished cleanly
log file: /home/ros/.ros/log/748b1a86-6269-11ec-9e33-7c507959f385/sensor-process_tactile_pressure-3*.log
[roslaunch.pmon][INFO] 2021-12-21 14:22:45,752: ProcessMonitor.unregister[sensor/process_tactile_pressure-3] starting
[roslaunch.pmon][INFO] 2021-12-21 14:22:45,752: ProcessMonitor.unregister[sensor/process_tactile_pressure-3] complete
[roslaunch.pmon][INFO] 2021-12-21 14:24:23,877: ProcessMonitor.shutdown <ProcessMonitor(ProcessMonitor-1, started daemon 139783342888704)>
[roslaunch.pmon][INFO] 2021-12-21 14:24:23,917: ProcessMonitor._post_run <ProcessMonitor(ProcessMonitor-1, started daemon 139783342888704)>
[roslaunch.pmon][INFO] 2021-12-21 14:24:23,918: ProcessMonitor._post_run <ProcessMonitor(ProcessMonitor-1, started daemon 139783342888704)>: remaining procs are [<roslaunch.nodeprocess.LocalProcess object at 0x7f21d8a9dd50>, <roslaunch.nodeprocess.LocalProcess object at 0x7f21d8f38c90>]
[roslaunch.pmon][INFO] 2021-12-21 14:24:23,922: ProcessMonitor exit: killing rosout-1
[roslaunch][INFO] 2021-12-21 14:24:23,922: [rosout-1] killing on exit
[roslaunch][INFO] 2021-12-21 14:24:23,922: process[rosout-1]: killing os process with pid[1596] pgid[1596]
[roslaunch][INFO] 2021-12-21 14:24:23,923: [rosout-1] sending SIGINT to pgid [1596]
[roslaunch][INFO] 2021-12-21 14:24:23,923: [rosout-1] sent SIGINT to pgid [1596]
[roslaunch][INFO] 2021-12-21 14:24:24,124: process[rosout-1]: SIGINT killed with return value 0
[roslaunch.pmon][INFO] 2021-12-21 14:24:24,124: ProcessMonitor exit: killing master
[roslaunch][INFO] 2021-12-21 14:24:24,124: [master] killing on exit
[roslaunch][INFO] 2021-12-21 14:24:24,124: process[master]: killing os process with pid[1585] pgid[1585]
[roslaunch][INFO] 2021-12-21 14:24:24,124: [master] sending SIGINT to pgid [1585]
[roslaunch][INFO] 2021-12-21 14:24:24,125: [master] sent SIGINT to pgid [1585]
[roslaunch][INFO] 2021-12-21 14:24:24,325: process[master]: SIGINT killed with return value 0
[roslaunch.pmon][INFO] 2021-12-21 14:24:24,326: ProcessMonitor exit: cleaning up data structures and signals
[roslaunch.pmon][INFO] 2021-12-21 14:24:24,326: ProcessMonitor exit: pmon has shutdown
[roslaunch][INFO] 2021-12-21 14:24:24,343: process monitor is done spinning, initiating full shutdown
[roslaunch][INFO] 2021-12-21 14:24:24,343: runner.stop()
[roslaunch][INFO] 2021-12-21 14:24:24,343: shutting down processing monitor...
[roslaunch][INFO] 2021-12-21 14:24:24,344: shutting down processing monitor <ProcessMonitor(ProcessMonitor-1, stopped daemon 139783342888704)>
[roslaunch.pmon][INFO] 2021-12-21 14:24:24,344: ProcessMonitor.shutdown <ProcessMonitor(ProcessMonitor-1, stopped daemon 139783342888704)>
[roslaunch][INFO] 2021-12-21 14:24:24,344: ... shutting down processing monitor complete
[roslaunch][INFO] 2021-12-21 14:24:24,344: done
[roslaunch.pmon][INFO] 2021-12-21 14:24:24,344: ProcessMonitor.shutdown <ProcessMonitor(ProcessMonitor-1, stopped daemon 139783342888704)>
[rospy.core][INFO] 2021-12-21 14:24:24,345: signal_shutdown [atexit]
