[rosmaster.main][INFO] 2022-02-14 13:31:38,828: initialization complete, waiting for shutdown
[rosmaster.main][INFO] 2022-02-14 13:31:38,828: Starting ROS Master Node
[xmlrpc][INFO] 2022-02-14 13:31:38,829: XML-RPC server binding to 0.0.0.0:11311
[xmlrpc][INFO] 2022-02-14 13:31:38,829: Started XML-RPC server [http://FM00351-u:11311/]
[rosmaster.master][INFO] 2022-02-14 13:31:38,829: Master initialized: port[11311], uri[http://FM00351-u:11311/]
[xmlrpc][INFO] 2022-02-14 13:31:38,829: xml rpc node: starting XML-RPC server
[rosmaster.master][INFO] 2022-02-14 13:31:38,867: +PARAM [/run_id] by /roslaunch
[rosmaster.master][INFO] 2022-02-14 13:31:38,869: +PARAM [/roslaunch/uris/host_fm00351_u__33339] by /roslaunch
[rosmaster.master][INFO] 2022-02-14 13:31:39,133: +PARAM [/rosversion] by /roslaunch
[rosmaster.master][INFO] 2022-02-14 13:31:39,133: +PARAM [/rosdistro] by /roslaunch
[rosmaster.master][INFO] 2022-02-14 13:31:39,133: +PARAM [/baud_pressure] by /roslaunch
[rosmaster.master][INFO] 2022-02-14 13:31:39,133: +PARAM [/port_pressure] by /roslaunch
[rosmaster.master][INFO] 2022-02-14 13:31:39,138: +SERVICE [/rosout/get_loggers] /rosout http://FM00351-u:43547/
[rosmaster.master][INFO] 2022-02-14 13:31:39,138: +SERVICE [/rosout/set_logger_level] /rosout http://FM00351-u:43547/
[rosmaster.master][INFO] 2022-02-14 13:31:39,139: +PUB [/rosout_agg] /rosout http://FM00351-u:43547/
[rosmaster.master][INFO] 2022-02-14 13:31:39,140: +SUB [/rosout] /rosout http://FM00351-u:43547/
[rosmaster.master][INFO] 2022-02-14 13:31:39,533: +PUB [/rosout] /sensor/tactile_pressure http://FM00351-u:34963/
[rosmaster.master][INFO] 2022-02-14 13:31:39,539: +SERVICE [/sensor/tactile_pressure/get_loggers] /sensor/tactile_pressure http://FM00351-u:34963/
[rosmaster.master][INFO] 2022-02-14 13:31:39,539: +SERVICE [/sensor/tactile_pressure/set_logger_level] /sensor/tactile_pressure http://FM00351-u:34963/
[rosmaster.master][INFO] 2022-02-14 13:31:39,540: +CACHEDPARAM [/rosout_disable_topics_generation] by /sensor/tactile_pressure
[rosmaster.master][INFO] 2022-02-14 13:31:39,542: +CACHEDPARAM [/rosout_disable_topics_generation] by /sensor/tactile_pressure
[rosmaster.master][INFO] 2022-02-14 13:31:39,543: +SERVICE [/sensor/tactile_pressure/reset_arduino] /sensor/tactile_pressure http://FM00351-u:34963/
[rosmaster.master][INFO] 2022-02-14 13:31:39,543: +PUB [/diagnostics] /sensor/tactile_pressure http://FM00351-u:34963/
[rosmaster.master][INFO] 2022-02-14 13:31:39,544: +CACHEDPARAM [/rosout_disable_topics_generation] by /sensor/tactile_pressure
[rosmaster.master][INFO] 2022-02-14 13:31:39,629: publisherUpdate[/rosout] -> http://FM00351-u:43547/ ['http://FM00351-u:34963/']
[rosmaster.master][INFO] 2022-02-14 13:31:39,639: publisherUpdate[/rosout] -> http://FM00351-u:43547/ ['http://FM00351-u:34963/']: sec=0.01, result=[1, '', 0]
[rosmaster.master][INFO] 2022-02-14 13:31:39,743: +CACHEDPARAM [/rosout/omit_topics] by /rosout
[rosmaster.master][INFO] 2022-02-14 13:31:39,801: +PUB [/rosout] /sensor/process_tactile_pressure http://FM00351-u:36763/
[rosmaster.master][INFO] 2022-02-14 13:31:39,805: +SERVICE [/sensor/process_tactile_pressure/get_loggers] /sensor/process_tactile_pressure http://FM00351-u:36763/
[rosmaster.master][INFO] 2022-02-14 13:31:39,807: +SERVICE [/sensor/process_tactile_pressure/set_logger_level] /sensor/process_tactile_pressure http://FM00351-u:36763/
[rosmaster.master][INFO] 2022-02-14 13:31:39,810: +SUB [/sensor/pressure_reset] /sensor/process_tactile_pressure http://FM00351-u:36763/
[rosmaster.master][INFO] 2022-02-14 13:31:39,813: +SUB [/sensor/pressure_data] /sensor/process_tactile_pressure http://FM00351-u:36763/
[rosmaster.master][INFO] 2022-02-14 13:31:39,815: +PUB [/sensor/estimated_ForceAndLoc] /sensor/process_tactile_pressure http://FM00351-u:36763/
[rosmaster.master][INFO] 2022-02-14 13:31:39,830: publisherUpdate[/rosout] -> http://FM00351-u:43547/ ['http://FM00351-u:34963/', 'http://FM00351-u:36763/']
[rosmaster.master][INFO] 2022-02-14 13:31:39,850: publisherUpdate[/rosout] -> http://FM00351-u:43547/ ['http://FM00351-u:34963/', 'http://FM00351-u:36763/']: sec=0.02, result=[1, '', 0]
[rosmaster.master][INFO] 2022-02-14 13:31:40,695: -SUB [/sensor/pressure_reset] /sensor/process_tactile_pressure http://FM00351-u:36763/
[rosmaster.master][INFO] 2022-02-14 13:31:40,695: -SUB [/sensor/pressure_data] /sensor/process_tactile_pressure http://FM00351-u:36763/
[rosmaster.master][INFO] 2022-02-14 13:31:40,696: -PUB [/rosout] /sensor/process_tactile_pressure http://FM00351-u:36763/
[rosmaster.master][INFO] 2022-02-14 13:31:40,696: -PUB [/diagnostics] /sensor/tactile_pressure http://FM00351-u:34963/
[rosmaster.master][INFO] 2022-02-14 13:31:40,696: -PUB [/sensor/estimated_ForceAndLoc] /sensor/process_tactile_pressure http://FM00351-u:36763/
[rosmaster.master][INFO] 2022-02-14 13:31:40,696: -PUB [/rosout] /sensor/tactile_pressure http://FM00351-u:34963/
[rosmaster.master][INFO] 2022-02-14 13:31:40,697: -SERVICE [/sensor/process_tactile_pressure/get_loggers] /sensor/process_tactile_pressure rosrpc://FM00351-u:38675
[rosmaster.master][INFO] 2022-02-14 13:31:40,697: -SERVICE [/sensor/tactile_pressure/set_logger_level] /sensor/tactile_pressure rosrpc://FM00351-u:38673
[rosmaster.master][INFO] 2022-02-14 13:31:40,697: -SERVICE [/sensor/process_tactile_pressure/set_logger_level] /sensor/process_tactile_pressure rosrpc://FM00351-u:38675
[rosmaster.master][INFO] 2022-02-14 13:31:40,697: -SERVICE [/sensor/tactile_pressure/reset_arduino] /sensor/tactile_pressure rosrpc://FM00351-u:38673
[rosmaster.master][INFO] 2022-02-14 13:31:40,697: -SERVICE [/sensor/tactile_pressure/get_loggers] /sensor/tactile_pressure rosrpc://FM00351-u:38673
[rosmaster.master][INFO] 2022-02-14 13:31:40,733: publisherUpdate[/rosout] -> http://FM00351-u:43547/ ['http://FM00351-u:34963/']
[rosmaster.master][INFO] 2022-02-14 13:31:40,744: publisherUpdate[/rosout] -> http://FM00351-u:43547/ ['http://FM00351-u:34963/']: sec=0.01, result=[1, '', 0]
[rosmaster.master][INFO] 2022-02-14 13:31:40,744: publisherUpdate[/rosout] -> http://FM00351-u:43547/ []
[rosmaster.master][INFO] 2022-02-14 13:31:40,744: publisherUpdate[/rosout] -> http://FM00351-u:43547/ []: sec=0.00, result=[1, '', 0]
[rosmaster.master][INFO] 2022-02-14 13:31:42,817: +CACHEDPARAM [/rosout_disable_topics_generation] by /sensor/process_tactile_pressure
[rosmaster.master][INFO] 2022-02-14 13:31:42,948: -PUB [/rosout_agg] /rosout http://FM00351-u:43547/
[rosmaster.master][INFO] 2022-02-14 13:31:42,948: -SUB [/rosout] /rosout http://FM00351-u:43547/
[rosmaster.master][INFO] 2022-02-14 13:31:42,949: -SERVICE [/rosout/get_loggers] /rosout rosrpc://FM00351-u:39251
[rosmaster.master][INFO] 2022-02-14 13:31:42,949: -SERVICE [/rosout/set_logger_level] /rosout rosrpc://FM00351-u:39251
[rosmaster.master][INFO] 2022-02-14 13:31:42,949: -CACHEDPARAM [/rosout/omit_topics] by /rosout
[rosmaster.main][INFO] 2022-02-14 13:31:43,000: keyboard interrupt, will exit
[rosmaster.main][INFO] 2022-02-14 13:31:43,000: stopping master...
[rospy.core][INFO] 2022-02-14 13:31:43,001: signal_shutdown [atexit]
