[roslaunch][INFO] 2022-02-14 13:31:38,280: Checking log directory for disk usage. This may take a while.
Press Ctrl-C to interrupt
[roslaunch][INFO] 2022-02-14 13:31:38,283: Done checking log file disk usage. Usage is <1GB.
[roslaunch][INFO] 2022-02-14 13:31:38,283: roslaunch starting with args ['/opt/ros/melodic/bin/roslaunch', 'tactile_pressure_sensor', 'run_tactile_pressure.launch']
[roslaunch][INFO] 2022-02-14 13:31:38,283: roslaunch env is {'ROS_DISTRO': 'melodic', 'ROSLISP_PACKAGE_DIRECTORIES': '/home/ros/catkin_ws/devel/share/common-lisp', 'HOME': '/home/ros', 'PATH': '/opt/ros/melodic/bin:/usr/local/sbin:/usr/local/bin:/usr/sbin:/usr/bin:/sbin:/bin', 'ROS_PACKAGE_PATH': '/home/ros/catkin_ws/src:/opt/ros/melodic/share', 'CMAKE_PREFIX_PATH': '/home/ros/catkin_ws/devel:/opt/ros/melodic', 'LD_LIBRARY_PATH': '/home/ros/catkin_ws/devel/lib:/opt/ros/melodic/lib', 'LANG': 'C.UTF-8', 'TERM': 'xterm', 'ROS_LOG_FILENAME': '/home/ros/.ros/log/6fd159f4-8d9a-11ec-a209-7c507959f385/roslaunch-FM00351-u-479.log', 'SHLVL': '1', 'DISPLAY': ':0', 'UNAME': 'ros', 'ROS_MASTER_URI': 'http://localhost:11311', 'ROS_PYTHON_VERSION': '2', 'PYTHONPATH': '/home/ros/catkin_ws/devel/lib/python2.7/dist-packages:/opt/ros/melodic/lib/python2.7/dist-packages', 'QT_X11_NO_MITSHM': '1', 'ROS_ROOT': '/opt/ros/melodic/share/ros', 'PKG_CONFIG_PATH': '/home/ros/catkin_ws/devel/lib/pkgconfig:/opt/ros/melodic/lib/pkgconfig', 'LC_ALL': 'C.UTF-8', '_': '/opt/ros/melodic/bin/roslaunch', 'HOSTNAME': 'FM00351-u', 'PWD': '/home/ros', 'ROS_ETC_DIR': '/opt/ros/melodic/etc/ros', 'ROS_VERSION': '1'}
[roslaunch][INFO] 2022-02-14 13:31:38,283: starting in server mode
[roslaunch.parent][INFO] 2022-02-14 13:31:38,283: starting roslaunch parent run
[roslaunch][INFO] 2022-02-14 13:31:38,283: loading roscore config file /opt/ros/melodic/etc/ros/roscore.xml
[roslaunch][INFO] 2022-02-14 13:31:38,580: Added core node of type [rosout/rosout] in namespace [/]
[roslaunch.config][INFO] 2022-02-14 13:31:38,580: loading config file /home/ros/catkin_ws/src/tactile_pressure_sensor/launch/run_tactile_pressure.launch
[roslaunch][INFO] 2022-02-14 13:31:38,581: Added node of type [rosserial_arduino/serial_node.py] in namespace [/sensor/]
[roslaunch][INFO] 2022-02-14 13:31:38,581: Added node of type [tactile_pressure_sensor/pressure_LocAndForceEstimation.py] in namespace [/sensor/]
[roslaunch][INFO] 2022-02-14 13:31:38,581: ... selected machine [] for node of type [rosserial_arduino/serial_node.py]
[roslaunch][INFO] 2022-02-14 13:31:38,581: ... selected machine [] for node of type [tactile_pressure_sensor/pressure_LocAndForceEstimation.py]
[roslaunch.pmon][INFO] 2022-02-14 13:31:38,581: start_process_monitor: creating ProcessMonitor
[roslaunch.pmon][INFO] 2022-02-14 13:31:38,581: created process monitor <ProcessMonitor(ProcessMonitor-1, initial daemon)>
[roslaunch.pmon][INFO] 2022-02-14 13:31:38,582: start_process_monitor: ProcessMonitor started
[roslaunch.parent][INFO] 2022-02-14 13:31:38,582: starting parent XML-RPC server
[roslaunch.server][INFO] 2022-02-14 13:31:38,582: starting roslaunch XML-RPC server
[roslaunch.server][INFO] 2022-02-14 13:31:38,582: waiting for roslaunch XML-RPC server to initialize
[xmlrpc][INFO] 2022-02-14 13:31:38,582: XML-RPC server binding to 0.0.0.0:0
[xmlrpc][INFO] 2022-02-14 13:31:38,582: Started XML-RPC server [http://FM00351-u:33339/]
[xmlrpc][INFO] 2022-02-14 13:31:38,582: xml rpc node: starting XML-RPC server
[roslaunch][INFO] 2022-02-14 13:31:38,594: started roslaunch server http://FM00351-u:33339/
[roslaunch.parent][INFO] 2022-02-14 13:31:38,594: ... parent XML-RPC server started
[roslaunch][INFO] 2022-02-14 13:31:38,594: master.is_running[http://localhost:11311]
[roslaunch][INFO] 2022-02-14 13:31:38,594: auto-starting new master
[roslaunch][INFO] 2022-02-14 13:31:38,594: create_master_process: rosmaster, /opt/ros/melodic/share/ros, 11311, 3, None, False
[roslaunch][INFO] 2022-02-14 13:31:38,594: process[master]: launching with args [['rosmaster', '--core', '-p', '11311', '-w', '3']]
[roslaunch.pmon][INFO] 2022-02-14 13:31:38,594: ProcessMonitor.register[master]
[roslaunch.pmon][INFO] 2022-02-14 13:31:38,594: ProcessMonitor.register[master] complete
[roslaunch][INFO] 2022-02-14 13:31:38,594: process[master]: starting os process
[roslaunch][INFO] 2022-02-14 13:31:38,595: process[master]: start w/ args [['rosmaster', '--core', '-p', '11311', '-w', '3', '__log:=/home/ros/.ros/log/6fd159f4-8d9a-11ec-a209-7c507959f385/master.log']]
[roslaunch][INFO] 2022-02-14 13:31:38,595: process[master]: cwd will be [/home/ros/.ros]
[roslaunch][INFO] 2022-02-14 13:31:38,659: process[master]: started with pid [489]
[roslaunch][INFO] 2022-02-14 13:31:38,659: master.is_running[http://localhost:11311]
[roslaunch][INFO] 2022-02-14 13:31:38,760: master.is_running[http://localhost:11311]
[roslaunch][INFO] 2022-02-14 13:31:38,860: master.is_running[http://localhost:11311]
[roslaunch][INFO] 2022-02-14 13:31:38,863: master.is_running[http://localhost:11311]
[roslaunch][INFO] 2022-02-14 13:31:38,865: ROS_MASTER_URI=http://localhost:11311
[roslaunch][INFO] 2022-02-14 13:31:38,867: setting /run_id to 6fd159f4-8d9a-11ec-a209-7c507959f385
[roslaunch][INFO] 2022-02-14 13:31:38,868: setting /roslaunch/uris/host_fm00351_u__33339' to http://FM00351-u:33339/
[roslaunch][INFO] 2022-02-14 13:31:38,871: ... preparing to launch node of type [rosout/rosout]
[roslaunch][INFO] 2022-02-14 13:31:38,871: create_node_process: package[rosout] type[rosout] machine[Machine(name[] env_loader[None] address[localhost] ssh_port[22] user[None] assignable[True] timeout[10.0])] master_uri[http://localhost:11311]
[roslaunch][INFO] 2022-02-14 13:31:38,872: process[rosout-1]: env[{'ROS_DISTRO': 'melodic', 'ROSLISP_PACKAGE_DIRECTORIES': '/home/ros/catkin_ws/devel/share/common-lisp', 'LD_LIBRARY_PATH': '/home/ros/catkin_ws/devel/lib:/opt/ros/melodic/lib', 'ROS_PACKAGE_PATH': '/home/ros/catkin_ws/src:/opt/ros/melodic/share', 'PATH': '/opt/ros/melodic/bin:/usr/local/sbin:/usr/local/bin:/usr/sbin:/usr/bin:/sbin:/bin', 'CMAKE_PREFIX_PATH': '/home/ros/catkin_ws/devel:/opt/ros/melodic', 'ROS_LOG_FILENAME': '/home/ros/.ros/log/6fd159f4-8d9a-11ec-a209-7c507959f385/roslaunch-FM00351-u-479.log', 'LANG': 'C.UTF-8', 'TERM': 'xterm', 'SHLVL': '1', 'DISPLAY': ':0', 'UNAME': 'ros', 'ROS_ETC_DIR': '/opt/ros/melodic/etc/ros', 'HOME': '/home/ros', 'ROS_PYTHON_VERSION': '2', 'PYTHONPATH': '/home/ros/catkin_ws/devel/lib/python2.7/dist-packages:/opt/ros/melodic/lib/python2.7/dist-packages', 'QT_X11_NO_MITSHM': '1', 'ROS_ROOT': '/opt/ros/melodic/share/ros', 'PKG_CONFIG_PATH': '/home/ros/catkin_ws/devel/lib/pkgconfig:/opt/ros/melodic/lib/pkgconfig', 'LC_ALL': 'C.UTF-8', '_': '/opt/ros/melodic/bin/roslaunch', 'HOSTNAME': 'FM00351-u', 'PWD': '/home/ros', 'ROS_MASTER_URI': 'http://localhost:11311', 'ROS_VERSION': '1'}]
[roslaunch][INFO] 2022-02-14 13:31:39,067: process[rosout-1]: args[[u'/opt/ros/melodic/lib/rosout/rosout', u'__name:=rosout']]
[roslaunch][INFO] 2022-02-14 13:31:39,068: ... created process [rosout-1]
[roslaunch.pmon][INFO] 2022-02-14 13:31:39,068: ProcessMonitor.register[rosout-1]
[roslaunch.pmon][INFO] 2022-02-14 13:31:39,068: ProcessMonitor.register[rosout-1] complete
[roslaunch][INFO] 2022-02-14 13:31:39,068: ... registered process [rosout-1]
[roslaunch][INFO] 2022-02-14 13:31:39,068: process[rosout-1]: starting os process
[roslaunch][INFO] 2022-02-14 13:31:39,068: process[rosout-1]: start w/ args [[u'/opt/ros/melodic/lib/rosout/rosout', u'__name:=rosout', u'__log:=/home/ros/.ros/log/6fd159f4-8d9a-11ec-a209-7c507959f385/rosout-1.log']]
[roslaunch][INFO] 2022-02-14 13:31:39,068: process[rosout-1]: cwd will be [/home/ros/.ros]
[roslaunch][INFO] 2022-02-14 13:31:39,131: process[rosout-1]: started with pid [500]
[roslaunch][INFO] 2022-02-14 13:31:39,132: ... successfully launched [rosout-1]
[roslaunch][INFO] 2022-02-14 13:31:39,132: load_parameters starting ...
[roslaunch][INFO] 2022-02-14 13:31:39,134: ... load_parameters complete
[roslaunch][INFO] 2022-02-14 13:31:39,134: launch_nodes: launching local nodes ...
[roslaunch][INFO] 2022-02-14 13:31:39,134: ... preparing to launch node of type [rosserial_arduino/serial_node.py]
[roslaunch][INFO] 2022-02-14 13:31:39,134: create_node_process: package[rosserial_arduino] type[serial_node.py] machine[Machine(name[] env_loader[None] address[localhost] ssh_port[22] user[None] assignable[True] timeout[10.0])] master_uri[http://localhost:11311]
[roslaunch][INFO] 2022-02-14 13:31:39,134: process[sensor/tactile_pressure-2]: env[{'ROS_DISTRO': 'melodic', 'ROSLISP_PACKAGE_DIRECTORIES': '/home/ros/catkin_ws/devel/share/common-lisp', 'LD_LIBRARY_PATH': '/home/ros/catkin_ws/devel/lib:/opt/ros/melodic/lib', 'ROS_PACKAGE_PATH': '/home/ros/catkin_ws/src:/opt/ros/melodic/share', 'PATH': '/opt/ros/melodic/bin:/usr/local/sbin:/usr/local/bin:/usr/sbin:/usr/bin:/sbin:/bin', 'CMAKE_PREFIX_PATH': '/home/ros/catkin_ws/devel:/opt/ros/melodic', 'ROS_LOG_FILENAME': '/home/ros/.ros/log/6fd159f4-8d9a-11ec-a209-7c507959f385/roslaunch-FM00351-u-479.log', 'LANG': 'C.UTF-8', 'TERM': 'xterm', 'SHLVL': '1', 'DISPLAY': ':0', 'UNAME': 'ros', 'ROS_ETC_DIR': '/opt/ros/melodic/etc/ros', 'HOME': '/home/ros', 'ROS_PYTHON_VERSION': '2', 'PYTHONPATH': '/home/ros/catkin_ws/devel/lib/python2.7/dist-packages:/opt/ros/melodic/lib/python2.7/dist-packages', 'QT_X11_NO_MITSHM': '1', 'ROS_ROOT': '/opt/ros/melodic/share/ros', 'PKG_CONFIG_PATH': '/home/ros/catkin_ws/devel/lib/pkgconfig:/opt/ros/melodic/lib/pkgconfig', 'LC_ALL': 'C.UTF-8', 'ROS_NAMESPACE': '/sensor', '_': '/opt/ros/melodic/bin/roslaunch', 'HOSTNAME': 'FM00351-u', 'PWD': '/home/ros', 'ROS_MASTER_URI': 'http://localhost:11311', 'ROS_VERSION': '1'}]
[roslaunch][INFO] 2022-02-14 13:31:39,135: process[sensor/tactile_pressure-2]: args[[u'/home/ros/catkin_ws/src/rosserial/rosserial_arduino/nodes/serial_node.py', u'/sensor/Pressure:=/sensor/pressure_data', u'__name:=tactile_pressure']]
[roslaunch][INFO] 2022-02-14 13:31:39,135: ... created process [sensor/tactile_pressure-2]
[roslaunch.pmon][INFO] 2022-02-14 13:31:39,135: ProcessMonitor.register[sensor/tactile_pressure-2]
[roslaunch.pmon][INFO] 2022-02-14 13:31:39,135: ProcessMonitor.register[sensor/tactile_pressure-2] complete
[roslaunch][INFO] 2022-02-14 13:31:39,135: ... registered process [sensor/tactile_pressure-2]
[roslaunch][INFO] 2022-02-14 13:31:39,135: process[sensor/tactile_pressure-2]: starting os process
[roslaunch][INFO] 2022-02-14 13:31:39,135: process[sensor/tactile_pressure-2]: start w/ args [[u'/home/ros/catkin_ws/src/rosserial/rosserial_arduino/nodes/serial_node.py', u'/sensor/Pressure:=/sensor/pressure_data', u'__name:=tactile_pressure', u'__log:=/home/ros/.ros/log/6fd159f4-8d9a-11ec-a209-7c507959f385/sensor-tactile_pressure-2.log']]
[roslaunch][INFO] 2022-02-14 13:31:39,135: process[sensor/tactile_pressure-2]: cwd will be [/home/ros/.ros]
[roslaunch][INFO] 2022-02-14 13:31:39,200: process[sensor/tactile_pressure-2]: started with pid [503]
[roslaunch][INFO] 2022-02-14 13:31:39,200: ... successfully launched [sensor/tactile_pressure-2]
[roslaunch][INFO] 2022-02-14 13:31:39,200: ... preparing to launch node of type [tactile_pressure_sensor/pressure_LocAndForceEstimation.py]
[roslaunch][INFO] 2022-02-14 13:31:39,200: create_node_process: package[tactile_pressure_sensor] type[pressure_LocAndForceEstimation.py] machine[Machine(name[] env_loader[None] address[localhost] ssh_port[22] user[None] assignable[True] timeout[10.0])] master_uri[http://localhost:11311]
[roslaunch][INFO] 2022-02-14 13:31:39,201: process[sensor/process_tactile_pressure-3]: env[{'ROS_DISTRO': 'melodic', 'ROSLISP_PACKAGE_DIRECTORIES': '/home/ros/catkin_ws/devel/share/common-lisp', 'LD_LIBRARY_PATH': '/home/ros/catkin_ws/devel/lib:/opt/ros/melodic/lib', 'ROS_PACKAGE_PATH': '/home/ros/catkin_ws/src:/opt/ros/melodic/share', 'PATH': '/opt/ros/melodic/bin:/usr/local/sbin:/usr/local/bin:/usr/sbin:/usr/bin:/sbin:/bin', 'CMAKE_PREFIX_PATH': '/home/ros/catkin_ws/devel:/opt/ros/melodic', 'ROS_LOG_FILENAME': '/home/ros/.ros/log/6fd159f4-8d9a-11ec-a209-7c507959f385/roslaunch-FM00351-u-479.log', 'LANG': 'C.UTF-8', 'TERM': 'xterm', 'SHLVL': '1', 'DISPLAY': ':0', 'UNAME': 'ros', 'ROS_ETC_DIR': '/opt/ros/melodic/etc/ros', 'HOME': '/home/ros', 'ROS_PYTHON_VERSION': '2', 'PYTHONPATH': '/home/ros/catkin_ws/devel/lib/python2.7/dist-packages:/opt/ros/melodic/lib/python2.7/dist-packages', 'QT_X11_NO_MITSHM': '1', 'ROS_ROOT': '/opt/ros/melodic/share/ros', 'PKG_CONFIG_PATH': '/home/ros/catkin_ws/devel/lib/pkgconfig:/opt/ros/melodic/lib/pkgconfig', 'LC_ALL': 'C.UTF-8', 'ROS_NAMESPACE': '/sensor', '_': '/opt/ros/melodic/bin/roslaunch', 'HOSTNAME': 'FM00351-u', 'PWD': '/home/ros', 'ROS_MASTER_URI': 'http://localhost:11311', 'ROS_VERSION': '1'}]
[roslaunch][INFO] 2022-02-14 13:31:39,201: process[sensor/process_tactile_pressure-3]: args[[u'/home/ros/catkin_ws/src/tactile_pressure_sensor/src/pressure_LocAndForceEstimation.py', u'/sensor/pressure_data:=/sensor/pressure_data', u'estimated_ForceAndLoc:=/sensor/estimated_ForceAndLoc', u'__name:=process_tactile_pressure']]
[roslaunch][INFO] 2022-02-14 13:31:39,201: ... created process [sensor/process_tactile_pressure-3]
[roslaunch.pmon][INFO] 2022-02-14 13:31:39,201: ProcessMonitor.register[sensor/process_tactile_pressure-3]
[roslaunch.pmon][INFO] 2022-02-14 13:31:39,201: ProcessMonitor.register[sensor/process_tactile_pressure-3] complete
[roslaunch][INFO] 2022-02-14 13:31:39,201: ... registered process [sensor/process_tactile_pressure-3]
[roslaunch][INFO] 2022-02-14 13:31:39,201: process[sensor/process_tactile_pressure-3]: starting os process
[roslaunch][INFO] 2022-02-14 13:31:39,201: process[sensor/process_tactile_pressure-3]: start w/ args [[u'/home/ros/catkin_ws/src/tactile_pressure_sensor/src/pressure_LocAndForceEstimation.py', u'/sensor/pressure_data:=/sensor/pressure_data', u'estimated_ForceAndLoc:=/sensor/estimated_ForceAndLoc', u'__name:=process_tactile_pressure', u'__log:=/home/ros/.ros/log/6fd159f4-8d9a-11ec-a209-7c507959f385/sensor-process_tactile_pressure-3.log']]
[roslaunch][INFO] 2022-02-14 13:31:39,201: process[sensor/process_tactile_pressure-3]: cwd will be [/home/ros/.ros]
[roslaunch][INFO] 2022-02-14 13:31:39,266: process[sensor/process_tactile_pressure-3]: started with pid [508]
[roslaunch][INFO] 2022-02-14 13:31:39,266: ... successfully launched [sensor/process_tactile_pressure-3]
[roslaunch][INFO] 2022-02-14 13:31:39,266: ... launch_nodes complete
[roslaunch.pmon][INFO] 2022-02-14 13:31:39,266: registrations completed <ProcessMonitor(ProcessMonitor-1, started daemon 140006307383040)>
[roslaunch.parent][INFO] 2022-02-14 13:31:39,266: ... roslaunch parent running, waiting for process exit
[roslaunch][INFO] 2022-02-14 13:31:39,267: spin
[roslaunch.pmon][INFO] 2022-02-14 13:31:40,671: ProcessMonitor.shutdown <ProcessMonitor(ProcessMonitor-1, started daemon 140006307383040)>
[roslaunch.pmon][INFO] 2022-02-14 13:31:40,687: ProcessMonitor._post_run <ProcessMonitor(ProcessMonitor-1, started daemon 140006307383040)>
[roslaunch.pmon][INFO] 2022-02-14 13:31:40,688: ProcessMonitor._post_run <ProcessMonitor(ProcessMonitor-1, started daemon 140006307383040)>: remaining procs are [<roslaunch.nodeprocess.LocalProcess object at 0x7f55c2620f50>, <roslaunch.nodeprocess.LocalProcess object at 0x7f55c2bc0e10>, <roslaunch.nodeprocess.LocalProcess object at 0x7f55c2abe8d0>, <roslaunch.nodeprocess.LocalProcess object at 0x7f55c2ac4b10>]
[roslaunch.pmon][INFO] 2022-02-14 13:31:40,688: ProcessMonitor exit: killing sensor/process_tactile_pressure-3
[roslaunch][INFO] 2022-02-14 13:31:40,689: [sensor/process_tactile_pressure-3] killing on exit
[roslaunch.pmon][INFO] 2022-02-14 13:31:40,689: ProcessMonitor exit: killing sensor/tactile_pressure-2
[roslaunch][INFO] 2022-02-14 13:31:40,690: process[sensor/process_tactile_pressure-3]: killing os process with pid[508] pgid[508]
[roslaunch][INFO] 2022-02-14 13:31:40,690: [sensor/tactile_pressure-2] killing on exit
[roslaunch][INFO] 2022-02-14 13:31:40,691: [sensor/process_tactile_pressure-3] sending SIGINT to pgid [508]
[roslaunch][INFO] 2022-02-14 13:31:40,692: process[sensor/tactile_pressure-2]: killing os process with pid[503] pgid[503]
[roslaunch][INFO] 2022-02-14 13:31:40,693: [sensor/process_tactile_pressure-3] sent SIGINT to pgid [508]
[roslaunch][INFO] 2022-02-14 13:31:40,693: [sensor/tactile_pressure-2] sending SIGINT to pgid [503]
[roslaunch][INFO] 2022-02-14 13:31:40,694: [sensor/tactile_pressure-2] sent SIGINT to pgid [503]
[roslaunch][INFO] 2022-02-14 13:31:40,895: process[sensor/tactile_pressure-2]: SIGINT killed with return value 0
[roslaunch][INFO] 2022-02-14 13:31:42,897: process[sensor/process_tactile_pressure-3]: SIGINT killed with return value 0
[roslaunch.pmon][INFO] 2022-02-14 13:31:42,898: ProcessMonitor exit: killing rosout-1
[roslaunch][INFO] 2022-02-14 13:31:42,898: [rosout-1] killing on exit
[roslaunch][INFO] 2022-02-14 13:31:42,898: process[rosout-1]: killing os process with pid[500] pgid[500]
[roslaunch][INFO] 2022-02-14 13:31:42,899: [rosout-1] sending SIGINT to pgid [500]
[roslaunch][INFO] 2022-02-14 13:31:42,899: [rosout-1] sent SIGINT to pgid [500]
[roslaunch][INFO] 2022-02-14 13:31:42,999: process[rosout-1]: SIGINT killed with return value 0
[roslaunch.pmon][INFO] 2022-02-14 13:31:42,999: ProcessMonitor exit: killing master
[roslaunch][INFO] 2022-02-14 13:31:43,000: [master] killing on exit
[roslaunch][INFO] 2022-02-14 13:31:43,000: process[master]: killing os process with pid[489] pgid[489]
[roslaunch][INFO] 2022-02-14 13:31:43,000: [master] sending SIGINT to pgid [489]
[roslaunch][INFO] 2022-02-14 13:31:43,000: [master] sent SIGINT to pgid [489]
[roslaunch][INFO] 2022-02-14 13:31:43,201: process[master]: SIGINT killed with return value 0
[roslaunch.pmon][INFO] 2022-02-14 13:31:43,201: ProcessMonitor exit: cleaning up data structures and signals
[roslaunch.pmon][INFO] 2022-02-14 13:31:43,201: ProcessMonitor exit: pmon has shutdown
[roslaunch][INFO] 2022-02-14 13:31:43,242: process monitor is done spinning, initiating full shutdown
[roslaunch][INFO] 2022-02-14 13:31:43,242: runner.stop()
[roslaunch][INFO] 2022-02-14 13:31:43,243: shutting down processing monitor...
[roslaunch][INFO] 2022-02-14 13:31:43,244: shutting down processing monitor <ProcessMonitor(ProcessMonitor-1, stopped daemon 140006307383040)>
[roslaunch.pmon][INFO] 2022-02-14 13:31:43,244: ProcessMonitor.shutdown <ProcessMonitor(ProcessMonitor-1, stopped daemon 140006307383040)>
[roslaunch][INFO] 2022-02-14 13:31:43,244: ... shutting down processing monitor complete
[roslaunch][INFO] 2022-02-14 13:31:43,244: done
[roslaunch.pmon][INFO] 2022-02-14 13:31:43,244: ProcessMonitor.shutdown <ProcessMonitor(ProcessMonitor-1, stopped daemon 140006307383040)>
[rospy.core][INFO] 2022-02-14 13:31:43,245: signal_shutdown [atexit]
