[roslaunch][INFO] 2022-02-14 13:33:12,645: Checking log directory for disk usage. This may take a while.
Press Ctrl-C to interrupt
[roslaunch][INFO] 2022-02-14 13:33:12,648: Done checking log file disk usage. Usage is <1GB.
[roslaunch][INFO] 2022-02-14 13:33:12,648: roslaunch starting with args ['/opt/ros/melodic/bin/roslaunch', 'tactile_pressure_sensor', 'run_tactile_pressure.launch']
[roslaunch][INFO] 2022-02-14 13:33:12,648: roslaunch env is {'ROS_DISTRO': 'melodic', 'ROSLISP_PACKAGE_DIRECTORIES': '/home/ros/catkin_ws/devel/share/common-lisp', 'HOME': '/home/ros', 'PATH': '/opt/ros/melodic/bin:/usr/local/sbin:/usr/local/bin:/usr/sbin:/usr/bin:/sbin:/bin', 'ROS_PACKAGE_PATH': '/home/ros/catkin_ws/src:/opt/ros/melodic/share', 'CMAKE_PREFIX_PATH': '/home/ros/catkin_ws/devel:/opt/ros/melodic', 'LD_LIBRARY_PATH': '/home/ros/catkin_ws/devel/lib:/opt/ros/melodic/lib', 'LANG': 'C.UTF-8', 'TERM': 'xterm', 'ROS_LOG_FILENAME': '/home/ros/.ros/log/a8104b54-8d9a-11ec-a40b-7c507959f385/roslaunch-FM00351-u-657.log', 'SHLVL': '1', 'DISPLAY': ':0', 'UNAME': 'ros', 'ROS_MASTER_URI': 'http://localhost:11311', 'ROS_PYTHON_VERSION': '2', 'PYTHONPATH': '/home/ros/catkin_ws/devel/lib/python2.7/dist-packages:/opt/ros/melodic/lib/python2.7/dist-packages', 'QT_X11_NO_MITSHM': '1', 'ROS_ROOT': '/opt/ros/melodic/share/ros', 'PKG_CONFIG_PATH': '/home/ros/catkin_ws/devel/lib/pkgconfig:/opt/ros/melodic/lib/pkgconfig', 'LC_ALL': 'C.UTF-8', '_': '/opt/ros/melodic/bin/roslaunch', 'HOSTNAME': 'FM00351-u', 'PWD': '/home/ros', 'ROS_ETC_DIR': '/opt/ros/melodic/etc/ros', 'ROS_VERSION': '1'}
[roslaunch][INFO] 2022-02-14 13:33:12,648: starting in server mode
[roslaunch.parent][INFO] 2022-02-14 13:33:12,648: starting roslaunch parent run
[roslaunch][INFO] 2022-02-14 13:33:12,648: loading roscore config file /opt/ros/melodic/etc/ros/roscore.xml
[roslaunch][INFO] 2022-02-14 13:33:12,944: Added core node of type [rosout/rosout] in namespace [/]
[roslaunch.config][INFO] 2022-02-14 13:33:12,944: loading config file /home/ros/catkin_ws/src/tactile_pressure_sensor/launch/run_tactile_pressure.launch
[roslaunch][INFO] 2022-02-14 13:33:12,945: Added node of type [rosserial_arduino/serial_node.py] in namespace [/sensor/]
[roslaunch][INFO] 2022-02-14 13:33:12,945: Added node of type [tactile_pressure_sensor/pressure_LocAndForceEstimation.py] in namespace [/sensor/]
[roslaunch][INFO] 2022-02-14 13:33:12,945: ... selected machine [] for node of type [rosserial_arduino/serial_node.py]
[roslaunch][INFO] 2022-02-14 13:33:12,945: ... selected machine [] for node of type [tactile_pressure_sensor/pressure_LocAndForceEstimation.py]
[roslaunch.pmon][INFO] 2022-02-14 13:33:12,945: start_process_monitor: creating ProcessMonitor
[roslaunch.pmon][INFO] 2022-02-14 13:33:12,946: created process monitor <ProcessMonitor(ProcessMonitor-1, initial daemon)>
[roslaunch.pmon][INFO] 2022-02-14 13:33:12,946: start_process_monitor: ProcessMonitor started
[roslaunch.parent][INFO] 2022-02-14 13:33:12,946: starting parent XML-RPC server
[roslaunch.server][INFO] 2022-02-14 13:33:12,946: starting roslaunch XML-RPC server
[roslaunch.server][INFO] 2022-02-14 13:33:12,946: waiting for roslaunch XML-RPC server to initialize
[xmlrpc][INFO] 2022-02-14 13:33:12,946: XML-RPC server binding to 0.0.0.0:0
[xmlrpc][INFO] 2022-02-14 13:33:12,946: Started XML-RPC server [http://FM00351-u:39761/]
[xmlrpc][INFO] 2022-02-14 13:33:12,946: xml rpc node: starting XML-RPC server
[roslaunch][INFO] 2022-02-14 13:33:12,958: started roslaunch server http://FM00351-u:39761/
[roslaunch.parent][INFO] 2022-02-14 13:33:12,958: ... parent XML-RPC server started
[roslaunch][INFO] 2022-02-14 13:33:12,958: master.is_running[http://localhost:11311]
[roslaunch][INFO] 2022-02-14 13:33:12,958: auto-starting new master
[roslaunch][INFO] 2022-02-14 13:33:12,958: create_master_process: rosmaster, /opt/ros/melodic/share/ros, 11311, 3, None, False
[roslaunch][INFO] 2022-02-14 13:33:12,958: process[master]: launching with args [['rosmaster', '--core', '-p', '11311', '-w', '3']]
[roslaunch.pmon][INFO] 2022-02-14 13:33:12,959: ProcessMonitor.register[master]
[roslaunch.pmon][INFO] 2022-02-14 13:33:12,959: ProcessMonitor.register[master] complete
[roslaunch][INFO] 2022-02-14 13:33:12,959: process[master]: starting os process
[roslaunch][INFO] 2022-02-14 13:33:12,959: process[master]: start w/ args [['rosmaster', '--core', '-p', '11311', '-w', '3', '__log:=/home/ros/.ros/log/a8104b54-8d9a-11ec-a40b-7c507959f385/master.log']]
[roslaunch][INFO] 2022-02-14 13:33:12,959: process[master]: cwd will be [/home/ros/.ros]
[roslaunch][INFO] 2022-02-14 13:33:13,025: process[master]: started with pid [667]
[roslaunch][INFO] 2022-02-14 13:33:13,025: master.is_running[http://localhost:11311]
[roslaunch][INFO] 2022-02-14 13:33:13,126: master.is_running[http://localhost:11311]
[roslaunch][INFO] 2022-02-14 13:33:13,226: master.is_running[http://localhost:11311]
[roslaunch][INFO] 2022-02-14 13:33:13,229: master.is_running[http://localhost:11311]
[roslaunch][INFO] 2022-02-14 13:33:13,230: ROS_MASTER_URI=http://localhost:11311
[roslaunch][INFO] 2022-02-14 13:33:13,232: setting /run_id to a8104b54-8d9a-11ec-a40b-7c507959f385
[roslaunch][INFO] 2022-02-14 13:33:13,234: setting /roslaunch/uris/host_fm00351_u__39761' to http://FM00351-u:39761/
[roslaunch][INFO] 2022-02-14 13:33:13,237: ... preparing to launch node of type [rosout/rosout]
[roslaunch][INFO] 2022-02-14 13:33:13,237: create_node_process: package[rosout] type[rosout] machine[Machine(name[] env_loader[None] address[localhost] ssh_port[22] user[None] assignable[True] timeout[10.0])] master_uri[http://localhost:11311]
[roslaunch][INFO] 2022-02-14 13:33:13,237: process[rosout-1]: env[{'ROS_DISTRO': 'melodic', 'ROSLISP_PACKAGE_DIRECTORIES': '/home/ros/catkin_ws/devel/share/common-lisp', 'LD_LIBRARY_PATH': '/home/ros/catkin_ws/devel/lib:/opt/ros/melodic/lib', 'ROS_PACKAGE_PATH': '/home/ros/catkin_ws/src:/opt/ros/melodic/share', 'PATH': '/opt/ros/melodic/bin:/usr/local/sbin:/usr/local/bin:/usr/sbin:/usr/bin:/sbin:/bin', 'CMAKE_PREFIX_PATH': '/home/ros/catkin_ws/devel:/opt/ros/melodic', 'ROS_LOG_FILENAME': '/home/ros/.ros/log/a8104b54-8d9a-11ec-a40b-7c507959f385/roslaunch-FM00351-u-657.log', 'LANG': 'C.UTF-8', 'TERM': 'xterm', 'SHLVL': '1', 'DISPLAY': ':0', 'UNAME': 'ros', 'ROS_ETC_DIR': '/opt/ros/melodic/etc/ros', 'HOME': '/home/ros', 'ROS_PYTHON_VERSION': '2', 'PYTHONPATH': '/home/ros/catkin_ws/devel/lib/python2.7/dist-packages:/opt/ros/melodic/lib/python2.7/dist-packages', 'QT_X11_NO_MITSHM': '1', 'ROS_ROOT': '/opt/ros/melodic/share/ros', 'PKG_CONFIG_PATH': '/home/ros/catkin_ws/devel/lib/pkgconfig:/opt/ros/melodic/lib/pkgconfig', 'LC_ALL': 'C.UTF-8', '_': '/opt/ros/melodic/bin/roslaunch', 'HOSTNAME': 'FM00351-u', 'PWD': '/home/ros', 'ROS_MASTER_URI': 'http://localhost:11311', 'ROS_VERSION': '1'}]
[roslaunch][INFO] 2022-02-14 13:33:13,437: process[rosout-1]: args[[u'/opt/ros/melodic/lib/rosout/rosout', u'__name:=rosout']]
[roslaunch][INFO] 2022-02-14 13:33:13,438: ... created process [rosout-1]
[roslaunch.pmon][INFO] 2022-02-14 13:33:13,438: ProcessMonitor.register[rosout-1]
[roslaunch.pmon][INFO] 2022-02-14 13:33:13,438: ProcessMonitor.register[rosout-1] complete
[roslaunch][INFO] 2022-02-14 13:33:13,438: ... registered process [rosout-1]
[roslaunch][INFO] 2022-02-14 13:33:13,438: process[rosout-1]: starting os process
[roslaunch][INFO] 2022-02-14 13:33:13,438: process[rosout-1]: start w/ args [[u'/opt/ros/melodic/lib/rosout/rosout', u'__name:=rosout', u'__log:=/home/ros/.ros/log/a8104b54-8d9a-11ec-a40b-7c507959f385/rosout-1.log']]
[roslaunch][INFO] 2022-02-14 13:33:13,438: process[rosout-1]: cwd will be [/home/ros/.ros]
[roslaunch][INFO] 2022-02-14 13:33:13,503: process[rosout-1]: started with pid [678]
[roslaunch][INFO] 2022-02-14 13:33:13,503: ... successfully launched [rosout-1]
[roslaunch][INFO] 2022-02-14 13:33:13,503: load_parameters starting ...
[roslaunch][INFO] 2022-02-14 13:33:13,505: ... load_parameters complete
[roslaunch][INFO] 2022-02-14 13:33:13,505: launch_nodes: launching local nodes ...
[roslaunch][INFO] 2022-02-14 13:33:13,505: ... preparing to launch node of type [rosserial_arduino/serial_node.py]
[roslaunch][INFO] 2022-02-14 13:33:13,505: create_node_process: package[rosserial_arduino] type[serial_node.py] machine[Machine(name[] env_loader[None] address[localhost] ssh_port[22] user[None] assignable[True] timeout[10.0])] master_uri[http://localhost:11311]
[roslaunch][INFO] 2022-02-14 13:33:13,505: process[sensor/tactile_pressure-2]: env[{'ROS_DISTRO': 'melodic', 'ROSLISP_PACKAGE_DIRECTORIES': '/home/ros/catkin_ws/devel/share/common-lisp', 'LD_LIBRARY_PATH': '/home/ros/catkin_ws/devel/lib:/opt/ros/melodic/lib', 'ROS_PACKAGE_PATH': '/home/ros/catkin_ws/src:/opt/ros/melodic/share', 'PATH': '/opt/ros/melodic/bin:/usr/local/sbin:/usr/local/bin:/usr/sbin:/usr/bin:/sbin:/bin', 'CMAKE_PREFIX_PATH': '/home/ros/catkin_ws/devel:/opt/ros/melodic', 'ROS_LOG_FILENAME': '/home/ros/.ros/log/a8104b54-8d9a-11ec-a40b-7c507959f385/roslaunch-FM00351-u-657.log', 'LANG': 'C.UTF-8', 'TERM': 'xterm', 'SHLVL': '1', 'DISPLAY': ':0', 'UNAME': 'ros', 'ROS_ETC_DIR': '/opt/ros/melodic/etc/ros', 'HOME': '/home/ros', 'ROS_PYTHON_VERSION': '2', 'PYTHONPATH': '/home/ros/catkin_ws/devel/lib/python2.7/dist-packages:/opt/ros/melodic/lib/python2.7/dist-packages', 'QT_X11_NO_MITSHM': '1', 'ROS_ROOT': '/opt/ros/melodic/share/ros', 'PKG_CONFIG_PATH': '/home/ros/catkin_ws/devel/lib/pkgconfig:/opt/ros/melodic/lib/pkgconfig', 'LC_ALL': 'C.UTF-8', 'ROS_NAMESPACE': '/sensor', '_': '/opt/ros/melodic/bin/roslaunch', 'HOSTNAME': 'FM00351-u', 'PWD': '/home/ros', 'ROS_MASTER_URI': 'http://localhost:11311', 'ROS_VERSION': '1'}]
[roslaunch][INFO] 2022-02-14 13:33:13,506: process[sensor/tactile_pressure-2]: args[[u'/home/ros/catkin_ws/src/rosserial/rosserial_arduino/nodes/serial_node.py', u'/sensor/Pressure:=/sensor/pressure_data', u'__name:=tactile_pressure']]
[roslaunch][INFO] 2022-02-14 13:33:13,506: ... created process [sensor/tactile_pressure-2]
[roslaunch.pmon][INFO] 2022-02-14 13:33:13,506: ProcessMonitor.register[sensor/tactile_pressure-2]
[roslaunch.pmon][INFO] 2022-02-14 13:33:13,506: ProcessMonitor.register[sensor/tactile_pressure-2] complete
[roslaunch][INFO] 2022-02-14 13:33:13,506: ... registered process [sensor/tactile_pressure-2]
[roslaunch][INFO] 2022-02-14 13:33:13,506: process[sensor/tactile_pressure-2]: starting os process
[roslaunch][INFO] 2022-02-14 13:33:13,506: process[sensor/tactile_pressure-2]: start w/ args [[u'/home/ros/catkin_ws/src/rosserial/rosserial_arduino/nodes/serial_node.py', u'/sensor/Pressure:=/sensor/pressure_data', u'__name:=tactile_pressure', u'__log:=/home/ros/.ros/log/a8104b54-8d9a-11ec-a40b-7c507959f385/sensor-tactile_pressure-2.log']]
[roslaunch][INFO] 2022-02-14 13:33:13,506: process[sensor/tactile_pressure-2]: cwd will be [/home/ros/.ros]
[roslaunch][INFO] 2022-02-14 13:33:13,571: process[sensor/tactile_pressure-2]: started with pid [681]
[roslaunch][INFO] 2022-02-14 13:33:13,571: ... successfully launched [sensor/tactile_pressure-2]
[roslaunch][INFO] 2022-02-14 13:33:13,571: ... preparing to launch node of type [tactile_pressure_sensor/pressure_LocAndForceEstimation.py]
[roslaunch][INFO] 2022-02-14 13:33:13,571: create_node_process: package[tactile_pressure_sensor] type[pressure_LocAndForceEstimation.py] machine[Machine(name[] env_loader[None] address[localhost] ssh_port[22] user[None] assignable[True] timeout[10.0])] master_uri[http://localhost:11311]
[roslaunch][INFO] 2022-02-14 13:33:13,571: process[sensor/process_tactile_pressure-3]: env[{'ROS_DISTRO': 'melodic', 'ROSLISP_PACKAGE_DIRECTORIES': '/home/ros/catkin_ws/devel/share/common-lisp', 'LD_LIBRARY_PATH': '/home/ros/catkin_ws/devel/lib:/opt/ros/melodic/lib', 'ROS_PACKAGE_PATH': '/home/ros/catkin_ws/src:/opt/ros/melodic/share', 'PATH': '/opt/ros/melodic/bin:/usr/local/sbin:/usr/local/bin:/usr/sbin:/usr/bin:/sbin:/bin', 'CMAKE_PREFIX_PATH': '/home/ros/catkin_ws/devel:/opt/ros/melodic', 'ROS_LOG_FILENAME': '/home/ros/.ros/log/a8104b54-8d9a-11ec-a40b-7c507959f385/roslaunch-FM00351-u-657.log', 'LANG': 'C.UTF-8', 'TERM': 'xterm', 'SHLVL': '1', 'DISPLAY': ':0', 'UNAME': 'ros', 'ROS_ETC_DIR': '/opt/ros/melodic/etc/ros', 'HOME': '/home/ros', 'ROS_PYTHON_VERSION': '2', 'PYTHONPATH': '/home/ros/catkin_ws/devel/lib/python2.7/dist-packages:/opt/ros/melodic/lib/python2.7/dist-packages', 'QT_X11_NO_MITSHM': '1', 'ROS_ROOT': '/opt/ros/melodic/share/ros', 'PKG_CONFIG_PATH': '/home/ros/catkin_ws/devel/lib/pkgconfig:/opt/ros/melodic/lib/pkgconfig', 'LC_ALL': 'C.UTF-8', 'ROS_NAMESPACE': '/sensor', '_': '/opt/ros/melodic/bin/roslaunch', 'HOSTNAME': 'FM00351-u', 'PWD': '/home/ros', 'ROS_MASTER_URI': 'http://localhost:11311', 'ROS_VERSION': '1'}]
[roslaunch][INFO] 2022-02-14 13:33:13,572: process[sensor/process_tactile_pressure-3]: args[[u'/home/ros/catkin_ws/src/tactile_pressure_sensor/src/pressure_LocAndForceEstimation.py', u'/sensor/pressure_data:=/sensor/pressure_data', u'estimated_ForceAndLoc:=/sensor/estimated_ForceAndLoc', u'__name:=process_tactile_pressure']]
[roslaunch][INFO] 2022-02-14 13:33:13,572: ... created process [sensor/process_tactile_pressure-3]
[roslaunch.pmon][INFO] 2022-02-14 13:33:13,572: ProcessMonitor.register[sensor/process_tactile_pressure-3]
[roslaunch.pmon][INFO] 2022-02-14 13:33:13,572: ProcessMonitor.register[sensor/process_tactile_pressure-3] complete
[roslaunch][INFO] 2022-02-14 13:33:13,572: ... registered process [sensor/process_tactile_pressure-3]
[roslaunch][INFO] 2022-02-14 13:33:13,572: process[sensor/process_tactile_pressure-3]: starting os process
[roslaunch][INFO] 2022-02-14 13:33:13,572: process[sensor/process_tactile_pressure-3]: start w/ args [[u'/home/ros/catkin_ws/src/tactile_pressure_sensor/src/pressure_LocAndForceEstimation.py', u'/sensor/pressure_data:=/sensor/pressure_data', u'estimated_ForceAndLoc:=/sensor/estimated_ForceAndLoc', u'__name:=process_tactile_pressure', u'__log:=/home/ros/.ros/log/a8104b54-8d9a-11ec-a40b-7c507959f385/sensor-process_tactile_pressure-3.log']]
[roslaunch][INFO] 2022-02-14 13:33:13,572: process[sensor/process_tactile_pressure-3]: cwd will be [/home/ros/.ros]
[roslaunch][INFO] 2022-02-14 13:33:13,637: process[sensor/process_tactile_pressure-3]: started with pid [686]
[roslaunch][INFO] 2022-02-14 13:33:13,637: ... successfully launched [sensor/process_tactile_pressure-3]
[roslaunch][INFO] 2022-02-14 13:33:13,637: ... launch_nodes complete
[roslaunch.pmon][INFO] 2022-02-14 13:33:13,637: registrations completed <ProcessMonitor(ProcessMonitor-1, started daemon 140593342408448)>
[roslaunch.parent][INFO] 2022-02-14 13:33:13,637: ... roslaunch parent running, waiting for process exit
[roslaunch][INFO] 2022-02-14 13:33:13,638: spin
[roslaunch.pmon][INFO] 2022-02-14 13:33:15,128: ProcessMonitor.shutdown <ProcessMonitor(ProcessMonitor-1, started daemon 140593342408448)>
[roslaunch.pmon][INFO] 2022-02-14 13:33:15,151: ProcessMonitor._post_run <ProcessMonitor(ProcessMonitor-1, started daemon 140593342408448)>
[roslaunch.pmon][INFO] 2022-02-14 13:33:15,152: ProcessMonitor._post_run <ProcessMonitor(ProcessMonitor-1, started daemon 140593342408448)>: remaining procs are [<roslaunch.nodeprocess.LocalProcess object at 0x7fde7065afd0>, <roslaunch.nodeprocess.LocalProcess object at 0x7fde70bfae10>, <roslaunch.nodeprocess.LocalProcess object at 0x7fde70af88d0>, <roslaunch.nodeprocess.LocalProcess object at 0x7fde70afeb10>]
[roslaunch.pmon][INFO] 2022-02-14 13:33:15,153: ProcessMonitor exit: killing sensor/process_tactile_pressure-3
[roslaunch][INFO] 2022-02-14 13:33:15,153: [sensor/process_tactile_pressure-3] killing on exit
[roslaunch.pmon][INFO] 2022-02-14 13:33:15,153: ProcessMonitor exit: killing sensor/tactile_pressure-2
[roslaunch][INFO] 2022-02-14 13:33:15,154: process[sensor/process_tactile_pressure-3]: killing os process with pid[686] pgid[686]
[roslaunch][INFO] 2022-02-14 13:33:15,155: [sensor/tactile_pressure-2] killing on exit
[roslaunch][INFO] 2022-02-14 13:33:15,156: process[sensor/tactile_pressure-2]: killing os process with pid[681] pgid[681]
[roslaunch][INFO] 2022-02-14 13:33:15,156: [sensor/process_tactile_pressure-3] sending SIGINT to pgid [686]
[roslaunch][INFO] 2022-02-14 13:33:15,157: [sensor/tactile_pressure-2] sending SIGINT to pgid [681]
[roslaunch][INFO] 2022-02-14 13:33:15,157: [sensor/process_tactile_pressure-3] sent SIGINT to pgid [686]
[roslaunch][INFO] 2022-02-14 13:33:15,157: [sensor/tactile_pressure-2] sent SIGINT to pgid [681]
[roslaunch][INFO] 2022-02-14 13:33:15,358: process[sensor/tactile_pressure-2]: SIGINT killed with return value 0
[roslaunch][INFO] 2022-02-14 13:33:17,261: process[sensor/process_tactile_pressure-3]: SIGINT killed with return value 0
[roslaunch.pmon][INFO] 2022-02-14 13:33:17,261: ProcessMonitor exit: killing rosout-1
[roslaunch][INFO] 2022-02-14 13:33:17,262: [rosout-1] killing on exit
[roslaunch][INFO] 2022-02-14 13:33:17,262: process[rosout-1]: killing os process with pid[678] pgid[678]
[roslaunch][INFO] 2022-02-14 13:33:17,262: [rosout-1] sending SIGINT to pgid [678]
[roslaunch][INFO] 2022-02-14 13:33:17,262: [rosout-1] sent SIGINT to pgid [678]
[roslaunch][INFO] 2022-02-14 13:33:17,463: process[rosout-1]: SIGINT killed with return value 0
[roslaunch.pmon][INFO] 2022-02-14 13:33:17,463: ProcessMonitor exit: killing master
[roslaunch][INFO] 2022-02-14 13:33:17,463: [master] killing on exit
[roslaunch][INFO] 2022-02-14 13:33:17,463: process[master]: killing os process with pid[667] pgid[667]
[roslaunch][INFO] 2022-02-14 13:33:17,464: [master] sending SIGINT to pgid [667]
[roslaunch][INFO] 2022-02-14 13:33:17,464: [master] sent SIGINT to pgid [667]
[roslaunch][INFO] 2022-02-14 13:33:17,664: process[master]: SIGINT killed with return value 0
[roslaunch.pmon][INFO] 2022-02-14 13:33:17,665: ProcessMonitor exit: cleaning up data structures and signals
[roslaunch.pmon][INFO] 2022-02-14 13:33:17,665: ProcessMonitor exit: pmon has shutdown
[roslaunch][INFO] 2022-02-14 13:33:17,681: process monitor is done spinning, initiating full shutdown
[roslaunch][INFO] 2022-02-14 13:33:17,681: runner.stop()
[roslaunch][INFO] 2022-02-14 13:33:17,682: shutting down processing monitor...
[roslaunch][INFO] 2022-02-14 13:33:17,682: shutting down processing monitor <ProcessMonitor(ProcessMonitor-1, stopped daemon 140593342408448)>
[roslaunch.pmon][INFO] 2022-02-14 13:33:17,682: ProcessMonitor.shutdown <ProcessMonitor(ProcessMonitor-1, stopped daemon 140593342408448)>
[roslaunch][INFO] 2022-02-14 13:33:17,682: ... shutting down processing monitor complete
[roslaunch][INFO] 2022-02-14 13:33:17,682: done
[roslaunch.pmon][INFO] 2022-02-14 13:33:17,682: ProcessMonitor.shutdown <ProcessMonitor(ProcessMonitor-1, stopped daemon 140593342408448)>
[rospy.core][INFO] 2022-02-14 13:33:17,683: signal_shutdown [atexit]
