[roslaunch][INFO] 2022-02-23 12:29:04,525: Checking log directory for disk usage. This may take a while.
Press Ctrl-C to interrupt
[roslaunch][INFO] 2022-02-23 12:29:04,529: Done checking log file disk usage. Usage is <1GB.
[roslaunch][INFO] 2022-02-23 12:29:04,529: roslaunch starting with args ['/opt/ros/melodic/bin/roslaunch', 'fm_gripper_module', 'fm_gripper_module.launch']
[roslaunch][INFO] 2022-02-23 12:29:04,529: roslaunch env is {'ROS_DISTRO': 'melodic', 'ROSLISP_PACKAGE_DIRECTORIES': '/home/ros/catkin_ws/devel/share/common-lisp', 'HOME': '/home/ros', 'PATH': '/opt/ros/melodic/bin:/usr/local/sbin:/usr/local/bin:/usr/sbin:/usr/bin:/sbin:/bin', 'ROS_PACKAGE_PATH': '/home/ros/catkin_ws/src:/opt/ros/melodic/share', 'CMAKE_PREFIX_PATH': '/home/ros/catkin_ws/devel:/opt/ros/melodic', 'LD_LIBRARY_PATH': '/home/ros/catkin_ws/devel/lib:/opt/ros/melodic/lib', 'LANG': 'C.UTF-8', 'TERM': 'xterm', 'ROS_LOG_FILENAME': '/home/ros/.ros/log/13c8ac1e-94a4-11ec-9d64-7c507959f385/roslaunch-FM00351-u-1989.log', 'SHLVL': '1', 'DISPLAY': ':0', 'UNAME': 'ros', 'ROS_MASTER_URI': 'http://localhost:11311', 'ROS_PYTHON_VERSION': '2', 'PYTHONPATH': '/home/ros/catkin_ws/devel/lib/python2.7/dist-packages:/opt/ros/melodic/lib/python2.7/dist-packages', 'QT_X11_NO_MITSHM': '1', 'ROS_ROOT': '/opt/ros/melodic/share/ros', 'PKG_CONFIG_PATH': '/home/ros/catkin_ws/devel/lib/pkgconfig:/opt/ros/melodic/lib/pkgconfig', 'LC_ALL': 'C.UTF-8', '_': '/opt/ros/melodic/bin/roslaunch', 'OLDPWD': '/home/ros', 'HOSTNAME': 'FM00351-u', 'PWD': '/home/ros/catkin_ws', 'ROS_ETC_DIR': '/opt/ros/melodic/etc/ros', 'ROS_VERSION': '1'}
[roslaunch][INFO] 2022-02-23 12:29:04,529: starting in server mode
[roslaunch.parent][INFO] 2022-02-23 12:29:04,530: starting roslaunch parent run
[roslaunch][INFO] 2022-02-23 12:29:04,530: loading roscore config file /opt/ros/melodic/etc/ros/roscore.xml
[roslaunch][INFO] 2022-02-23 12:29:04,838: Added core node of type [rosout/rosout] in namespace [/]
[roslaunch.config][INFO] 2022-02-23 12:29:04,838: loading config file /home/ros/catkin_ws/src/fm_gripper_module/launch/fm_gripper_module.launch
[roslaunch][INFO] 2022-02-23 12:29:04,838: Added node of type [robotiq_2f_gripper_control/Robotiq2FGripperRtuNode.py] in namespace [/]
[roslaunch][INFO] 2022-02-23 12:29:04,838: Added node of type [fm_gripper_module/gripper_action_server.py] in namespace [/]
[roslaunch][INFO] 2022-02-23 12:29:04,838: ... selected machine [] for node of type [robotiq_2f_gripper_control/Robotiq2FGripperRtuNode.py]
[roslaunch][INFO] 2022-02-23 12:29:04,839: ... selected machine [] for node of type [fm_gripper_module/gripper_action_server.py]
[roslaunch.pmon][INFO] 2022-02-23 12:29:04,839: start_process_monitor: creating ProcessMonitor
[roslaunch.pmon][INFO] 2022-02-23 12:29:04,839: created process monitor <ProcessMonitor(ProcessMonitor-1, initial daemon)>
[roslaunch.pmon][INFO] 2022-02-23 12:29:04,839: start_process_monitor: ProcessMonitor started
[roslaunch.parent][INFO] 2022-02-23 12:29:04,839: starting parent XML-RPC server
[roslaunch.server][INFO] 2022-02-23 12:29:04,840: starting roslaunch XML-RPC server
[roslaunch.server][INFO] 2022-02-23 12:29:04,840: waiting for roslaunch XML-RPC server to initialize
[xmlrpc][INFO] 2022-02-23 12:29:04,840: XML-RPC server binding to 0.0.0.0:0
[xmlrpc][INFO] 2022-02-23 12:29:04,840: Started XML-RPC server [http://FM00351-u:38763/]
[xmlrpc][INFO] 2022-02-23 12:29:04,840: xml rpc node: starting XML-RPC server
[roslaunch][INFO] 2022-02-23 12:29:04,851: started roslaunch server http://FM00351-u:38763/
[roslaunch.parent][INFO] 2022-02-23 12:29:04,851: ... parent XML-RPC server started
[roslaunch][INFO] 2022-02-23 12:29:04,851: master.is_running[http://localhost:11311]
[roslaunch][INFO] 2022-02-23 12:29:04,852: master.is_running[http://localhost:11311]
[roslaunch][INFO] 2022-02-23 12:29:04,853: ROS_MASTER_URI=http://localhost:11311
[roslaunch][INFO] 2022-02-23 12:29:04,854: setting /roslaunch/uris/host_fm00351_u__38763' to http://FM00351-u:38763/
[roslaunch][INFO] 2022-02-23 12:29:04,855: load_parameters starting ...
[roslaunch][INFO] 2022-02-23 12:29:04,857: ... load_parameters complete
[roslaunch][INFO] 2022-02-23 12:29:04,857: launch_nodes: launching local nodes ...
[roslaunch][INFO] 2022-02-23 12:29:04,857: ... preparing to launch node of type [robotiq_2f_gripper_control/Robotiq2FGripperRtuNode.py]
[roslaunch][INFO] 2022-02-23 12:29:04,857: create_node_process: package[robotiq_2f_gripper_control] type[Robotiq2FGripperRtuNode.py] machine[Machine(name[] env_loader[None] address[localhost] ssh_port[22] user[None] assignable[True] timeout[10.0])] master_uri[http://localhost:11311]
[roslaunch][INFO] 2022-02-23 12:29:04,857: process[Robotiq2FGripperRtuNode-1]: env[{'ROS_DISTRO': 'melodic', 'ROSLISP_PACKAGE_DIRECTORIES': '/home/ros/catkin_ws/devel/share/common-lisp', 'LD_LIBRARY_PATH': '/home/ros/catkin_ws/devel/lib:/opt/ros/melodic/lib', 'ROS_PACKAGE_PATH': '/home/ros/catkin_ws/src:/opt/ros/melodic/share', 'PATH': '/opt/ros/melodic/bin:/usr/local/sbin:/usr/local/bin:/usr/sbin:/usr/bin:/sbin:/bin', 'CMAKE_PREFIX_PATH': '/home/ros/catkin_ws/devel:/opt/ros/melodic', 'ROS_LOG_FILENAME': '/home/ros/.ros/log/13c8ac1e-94a4-11ec-9d64-7c507959f385/roslaunch-FM00351-u-1989.log', 'LANG': 'C.UTF-8', 'TERM': 'xterm', 'SHLVL': '1', 'DISPLAY': ':0', 'UNAME': 'ros', 'ROS_ETC_DIR': '/opt/ros/melodic/etc/ros', 'HOME': '/home/ros', 'ROS_PYTHON_VERSION': '2', 'PYTHONPATH': '/home/ros/catkin_ws/devel/lib/python2.7/dist-packages:/opt/ros/melodic/lib/python2.7/dist-packages', 'QT_X11_NO_MITSHM': '1', 'ROS_ROOT': '/opt/ros/melodic/share/ros', 'PKG_CONFIG_PATH': '/home/ros/catkin_ws/devel/lib/pkgconfig:/opt/ros/melodic/lib/pkgconfig', 'LC_ALL': 'C.UTF-8', '_': '/opt/ros/melodic/bin/roslaunch', 'OLDPWD': '/home/ros', 'HOSTNAME': 'FM00351-u', 'PWD': '/home/ros/catkin_ws', 'ROS_MASTER_URI': 'http://localhost:11311', 'ROS_VERSION': '1'}]
[roslaunch][INFO] 2022-02-23 12:29:05,057: process[Robotiq2FGripperRtuNode-1]: args[[u'/home/ros/catkin_ws/src/robotiq/robotiq_2f_gripper_control/nodes/Robotiq2FGripperRtuNode.py', '/dev/ttyUSB0', u'__name:=Robotiq2FGripperRtuNode']]
[roslaunch][INFO] 2022-02-23 12:29:05,057: ... created process [Robotiq2FGripperRtuNode-1]
[roslaunch.pmon][INFO] 2022-02-23 12:29:05,057: ProcessMonitor.register[Robotiq2FGripperRtuNode-1]
[roslaunch.pmon][INFO] 2022-02-23 12:29:05,057: ProcessMonitor.register[Robotiq2FGripperRtuNode-1] complete
[roslaunch][INFO] 2022-02-23 12:29:05,057: ... registered process [Robotiq2FGripperRtuNode-1]
[roslaunch][INFO] 2022-02-23 12:29:05,057: process[Robotiq2FGripperRtuNode-1]: starting os process
[roslaunch][INFO] 2022-02-23 12:29:05,057: process[Robotiq2FGripperRtuNode-1]: start w/ args [[u'/home/ros/catkin_ws/src/robotiq/robotiq_2f_gripper_control/nodes/Robotiq2FGripperRtuNode.py', '/dev/ttyUSB0', u'__name:=Robotiq2FGripperRtuNode', u'__log:=/home/ros/.ros/log/13c8ac1e-94a4-11ec-9d64-7c507959f385/Robotiq2FGripperRtuNode-1.log']]
[roslaunch][INFO] 2022-02-23 12:29:05,057: process[Robotiq2FGripperRtuNode-1]: cwd will be [/home/ros/.ros]
[roslaunch][INFO] 2022-02-23 12:29:05,123: process[Robotiq2FGripperRtuNode-1]: started with pid [2004]
[roslaunch][INFO] 2022-02-23 12:29:05,123: ... successfully launched [Robotiq2FGripperRtuNode-1]
[roslaunch][INFO] 2022-02-23 12:29:05,123: ... preparing to launch node of type [fm_gripper_module/gripper_action_server.py]
[roslaunch][INFO] 2022-02-23 12:29:05,124: create_node_process: package[fm_gripper_module] type[gripper_action_server.py] machine[Machine(name[] env_loader[None] address[localhost] ssh_port[22] user[None] assignable[True] timeout[10.0])] master_uri[http://localhost:11311]
[roslaunch][INFO] 2022-02-23 12:29:05,124: process[gripper_action_server-2]: env[{'ROS_DISTRO': 'melodic', 'ROSLISP_PACKAGE_DIRECTORIES': '/home/ros/catkin_ws/devel/share/common-lisp', 'LD_LIBRARY_PATH': '/home/ros/catkin_ws/devel/lib:/opt/ros/melodic/lib', 'ROS_PACKAGE_PATH': '/home/ros/catkin_ws/src:/opt/ros/melodic/share', 'PATH': '/opt/ros/melodic/bin:/usr/local/sbin:/usr/local/bin:/usr/sbin:/usr/bin:/sbin:/bin', 'CMAKE_PREFIX_PATH': '/home/ros/catkin_ws/devel:/opt/ros/melodic', 'ROS_LOG_FILENAME': '/home/ros/.ros/log/13c8ac1e-94a4-11ec-9d64-7c507959f385/roslaunch-FM00351-u-1989.log', 'LANG': 'C.UTF-8', 'TERM': 'xterm', 'SHLVL': '1', 'DISPLAY': ':0', 'UNAME': 'ros', 'ROS_ETC_DIR': '/opt/ros/melodic/etc/ros', 'HOME': '/home/ros', 'ROS_PYTHON_VERSION': '2', 'PYTHONPATH': '/home/ros/catkin_ws/devel/lib/python2.7/dist-packages:/opt/ros/melodic/lib/python2.7/dist-packages', 'QT_X11_NO_MITSHM': '1', 'ROS_ROOT': '/opt/ros/melodic/share/ros', 'PKG_CONFIG_PATH': '/home/ros/catkin_ws/devel/lib/pkgconfig:/opt/ros/melodic/lib/pkgconfig', 'LC_ALL': 'C.UTF-8', '_': '/opt/ros/melodic/bin/roslaunch', 'OLDPWD': '/home/ros', 'HOSTNAME': 'FM00351-u', 'PWD': '/home/ros/catkin_ws', 'ROS_MASTER_URI': 'http://localhost:11311', 'ROS_VERSION': '1'}]
[roslaunch][INFO] 2022-02-23 12:29:05,125: process[gripper_action_server-2]: args[[u'/home/ros/catkin_ws/src/fm_gripper_module/src/gripper_action_server.py', u'__name:=gripper_action_server']]
[roslaunch][INFO] 2022-02-23 12:29:05,125: ... created process [gripper_action_server-2]
[roslaunch.pmon][INFO] 2022-02-23 12:29:05,125: ProcessMonitor.register[gripper_action_server-2]
[roslaunch.pmon][INFO] 2022-02-23 12:29:05,125: ProcessMonitor.register[gripper_action_server-2] complete
[roslaunch][INFO] 2022-02-23 12:29:05,125: ... registered process [gripper_action_server-2]
[roslaunch][INFO] 2022-02-23 12:29:05,125: process[gripper_action_server-2]: starting os process
[roslaunch][INFO] 2022-02-23 12:29:05,125: process[gripper_action_server-2]: start w/ args [[u'/home/ros/catkin_ws/src/fm_gripper_module/src/gripper_action_server.py', u'__name:=gripper_action_server', u'__log:=/home/ros/.ros/log/13c8ac1e-94a4-11ec-9d64-7c507959f385/gripper_action_server-2.log']]
[roslaunch][INFO] 2022-02-23 12:29:05,125: process[gripper_action_server-2]: cwd will be [/home/ros/.ros]
[roslaunch][INFO] 2022-02-23 12:29:05,194: process[gripper_action_server-2]: started with pid [2005]
[roslaunch][INFO] 2022-02-23 12:29:05,195: ... successfully launched [gripper_action_server-2]
[roslaunch][INFO] 2022-02-23 12:29:05,195: ... launch_nodes complete
[roslaunch.pmon][INFO] 2022-02-23 12:29:05,195: registrations completed <ProcessMonitor(ProcessMonitor-1, started daemon 139641445934848)>
[roslaunch.parent][INFO] 2022-02-23 12:29:05,195: ... roslaunch parent running, waiting for process exit
[roslaunch][INFO] 2022-02-23 12:29:05,195: spin
[roslaunch.pmon][INFO] 2022-02-23 12:29:15,269: ProcessMonitor.shutdown <ProcessMonitor(ProcessMonitor-1, started daemon 139641445934848)>
[roslaunch.pmon][INFO] 2022-02-23 12:29:15,365: ProcessMonitor._post_run <ProcessMonitor(ProcessMonitor-1, started daemon 139641445934848)>
[roslaunch.pmon][INFO] 2022-02-23 12:29:15,366: ProcessMonitor._post_run <ProcessMonitor(ProcessMonitor-1, started daemon 139641445934848)>: remaining procs are [<roslaunch.nodeprocess.LocalProcess object at 0x7f00cf1d1390>, <roslaunch.nodeprocess.LocalProcess object at 0x7f00ceed3b90>]
[roslaunch.pmon][INFO] 2022-02-23 12:29:15,366: ProcessMonitor exit: killing gripper_action_server-2
[roslaunch][INFO] 2022-02-23 12:29:15,367: [gripper_action_server-2] killing on exit
[roslaunch.pmon][INFO] 2022-02-23 12:29:15,367: ProcessMonitor exit: killing Robotiq2FGripperRtuNode-1
[roslaunch][INFO] 2022-02-23 12:29:15,369: process[gripper_action_server-2]: killing os process with pid[2005] pgid[2005]
[roslaunch][INFO] 2022-02-23 12:29:15,370: [Robotiq2FGripperRtuNode-1] killing on exit
[roslaunch][INFO] 2022-02-23 12:29:15,371: [gripper_action_server-2] sending SIGINT to pgid [2005]
[roslaunch][INFO] 2022-02-23 12:29:15,371: [gripper_action_server-2] sent SIGINT to pgid [2005]
[roslaunch][INFO] 2022-02-23 12:29:15,372: process[Robotiq2FGripperRtuNode-1]: killing os process with pid[2004] pgid[2004]
[roslaunch][INFO] 2022-02-23 12:29:15,372: [Robotiq2FGripperRtuNode-1] sending SIGINT to pgid [2004]
[roslaunch][INFO] 2022-02-23 12:29:15,373: [Robotiq2FGripperRtuNode-1] sent SIGINT to pgid [2004]
[roslaunch][INFO] 2022-02-23 12:29:15,574: process[Robotiq2FGripperRtuNode-1]: SIGINT killed with return value 0
[roslaunch][INFO] 2022-02-23 12:29:15,673: process[gripper_action_server-2]: SIGINT killed with return value 0
[roslaunch.pmon][INFO] 2022-02-23 12:29:15,673: ProcessMonitor exit: cleaning up data structures and signals
[roslaunch.pmon][INFO] 2022-02-23 12:29:15,674: ProcessMonitor exit: pmon has shutdown
[roslaunch][INFO] 2022-02-23 12:29:15,685: process monitor is done spinning, initiating full shutdown
[roslaunch][INFO] 2022-02-23 12:29:15,685: runner.stop()
[roslaunch][INFO] 2022-02-23 12:29:15,685: shutting down processing monitor...
[roslaunch][INFO] 2022-02-23 12:29:15,686: shutting down processing monitor <ProcessMonitor(ProcessMonitor-1, stopped daemon 139641445934848)>
[roslaunch.pmon][INFO] 2022-02-23 12:29:15,686: ProcessMonitor.shutdown <ProcessMonitor(ProcessMonitor-1, stopped daemon 139641445934848)>
[roslaunch][INFO] 2022-02-23 12:29:15,686: ... shutting down processing monitor complete
[roslaunch][INFO] 2022-02-23 12:29:15,686: done
[roslaunch.pmon][INFO] 2022-02-23 12:29:15,686: ProcessMonitor.shutdown <ProcessMonitor(ProcessMonitor-1, stopped daemon 139641445934848)>
[rospy.core][INFO] 2022-02-23 12:29:15,687: signal_shutdown [atexit]
