[roslaunch][INFO] 2022-02-23 12:28:16,978: Checking log directory for disk usage. This may take a while.
Press Ctrl-C to interrupt
[roslaunch][INFO] 2022-02-23 12:28:16,982: Done checking log file disk usage. Usage is <1GB.
[roslaunch][INFO] 2022-02-23 12:28:16,982: roslaunch starting with args ['roscore', '--core']
[roslaunch][INFO] 2022-02-23 12:28:16,982: roslaunch env is {'ROS_DISTRO': 'melodic', 'ROSLISP_PACKAGE_DIRECTORIES': '/home/ros/catkin_ws/devel/share/common-lisp', 'HOME': '/home/ros', 'PATH': '/opt/ros/melodic/bin:/usr/local/sbin:/usr/local/bin:/usr/sbin:/usr/bin:/sbin:/bin', 'ROS_PACKAGE_PATH': '/home/ros/catkin_ws/src:/opt/ros/melodic/share', 'CMAKE_PREFIX_PATH': '/home/ros/catkin_ws/devel:/opt/ros/melodic', 'LD_LIBRARY_PATH': '/home/ros/catkin_ws/devel/lib:/opt/ros/melodic/lib', 'LANG': 'C.UTF-8', 'TERM': 'xterm', 'ROS_LOG_FILENAME': '/home/ros/.ros/log/13c8ac1e-94a4-11ec-9d64-7c507959f385/roslaunch-FM00351-u-1912.log', 'SHLVL': '1', 'DISPLAY': ':0', 'UNAME': 'ros', 'ROS_MASTER_URI': 'http://localhost:11311', 'ROS_PYTHON_VERSION': '2', 'PYTHONPATH': '/home/ros/catkin_ws/devel/lib/python2.7/dist-packages:/opt/ros/melodic/lib/python2.7/dist-packages', 'QT_X11_NO_MITSHM': '1', 'ROS_ROOT': '/opt/ros/melodic/share/ros', 'PKG_CONFIG_PATH': '/home/ros/catkin_ws/devel/lib/pkgconfig:/opt/ros/melodic/lib/pkgconfig', 'LC_ALL': 'C.UTF-8', '_': '/opt/ros/melodic/bin/roscore', 'OLDPWD': '/home/ros', 'HOSTNAME': 'FM00351-u', 'PWD': '/home/ros/catkin_ws', 'ROS_ETC_DIR': '/opt/ros/melodic/etc/ros', 'ROS_VERSION': '1'}
[roslaunch][INFO] 2022-02-23 12:28:16,982: starting in server mode
[roslaunch.parent][INFO] 2022-02-23 12:28:16,982: starting roslaunch parent run
[roslaunch][INFO] 2022-02-23 12:28:16,982: loading roscore config file /opt/ros/melodic/etc/ros/roscore.xml
[roslaunch][INFO] 2022-02-23 12:28:17,288: Added core node of type [rosout/rosout] in namespace [/]
[roslaunch.pmon][INFO] 2022-02-23 12:28:17,288: start_process_monitor: creating ProcessMonitor
[roslaunch.pmon][INFO] 2022-02-23 12:28:17,288: created process monitor <ProcessMonitor(ProcessMonitor-1, initial daemon)>
[roslaunch.pmon][INFO] 2022-02-23 12:28:17,288: start_process_monitor: ProcessMonitor started
[roslaunch.parent][INFO] 2022-02-23 12:28:17,288: starting parent XML-RPC server
[roslaunch.server][INFO] 2022-02-23 12:28:17,289: starting roslaunch XML-RPC server
[roslaunch.server][INFO] 2022-02-23 12:28:17,289: waiting for roslaunch XML-RPC server to initialize
[xmlrpc][INFO] 2022-02-23 12:28:17,289: XML-RPC server binding to 0.0.0.0:0
[xmlrpc][INFO] 2022-02-23 12:28:17,289: Started XML-RPC server [http://FM00351-u:44839/]
[xmlrpc][INFO] 2022-02-23 12:28:17,289: xml rpc node: starting XML-RPC server
[roslaunch][INFO] 2022-02-23 12:28:17,300: started roslaunch server http://FM00351-u:44839/
[roslaunch.parent][INFO] 2022-02-23 12:28:17,300: ... parent XML-RPC server started
[roslaunch][INFO] 2022-02-23 12:28:17,301: master.is_running[http://FM00351-u:11311/]
[roslaunch][INFO] 2022-02-23 12:28:17,302: auto-starting new master
[roslaunch][INFO] 2022-02-23 12:28:17,302: create_master_process: rosmaster, /opt/ros/melodic/share/ros, 11311, 3, None, False
[roslaunch][INFO] 2022-02-23 12:28:17,302: process[master]: launching with args [['rosmaster', '--core', '-p', '11311', '-w', '3']]
[roslaunch.pmon][INFO] 2022-02-23 12:28:17,302: ProcessMonitor.register[master]
[roslaunch.pmon][INFO] 2022-02-23 12:28:17,302: ProcessMonitor.register[master] complete
[roslaunch][INFO] 2022-02-23 12:28:17,302: process[master]: starting os process
[roslaunch][INFO] 2022-02-23 12:28:17,302: process[master]: start w/ args [['rosmaster', '--core', '-p', '11311', '-w', '3', '__log:=/home/ros/.ros/log/13c8ac1e-94a4-11ec-9d64-7c507959f385/master.log']]
[roslaunch][INFO] 2022-02-23 12:28:17,302: process[master]: cwd will be [/home/ros/.ros]
[roslaunch][INFO] 2022-02-23 12:28:17,371: process[master]: started with pid [1922]
[roslaunch][INFO] 2022-02-23 12:28:17,372: master.is_running[http://FM00351-u:11311/]
[roslaunch][INFO] 2022-02-23 12:28:17,472: master.is_running[http://FM00351-u:11311/]
[roslaunch][INFO] 2022-02-23 12:28:17,573: master.is_running[http://FM00351-u:11311/]
[roslaunch][INFO] 2022-02-23 12:28:17,575: master.is_running[http://FM00351-u:11311/]
[roslaunch][INFO] 2022-02-23 12:28:17,576: ROS_MASTER_URI=http://FM00351-u:11311/
[roslaunch][INFO] 2022-02-23 12:28:17,577: setting /run_id to 13c8ac1e-94a4-11ec-9d64-7c507959f385
[roslaunch][INFO] 2022-02-23 12:28:17,578: setting /roslaunch/uris/host_fm00351_u__44839' to http://FM00351-u:44839/
[roslaunch][INFO] 2022-02-23 12:28:17,579: ... preparing to launch node of type [rosout/rosout]
[roslaunch][INFO] 2022-02-23 12:28:17,580: create_node_process: package[rosout] type[rosout] machine[Machine(name[] env_loader[None] address[localhost] ssh_port[22] user[None] assignable[True] timeout[10.0])] master_uri[http://FM00351-u:11311/]
[roslaunch][INFO] 2022-02-23 12:28:17,580: process[rosout-1]: env[{'ROS_DISTRO': 'melodic', 'ROSLISP_PACKAGE_DIRECTORIES': '/home/ros/catkin_ws/devel/share/common-lisp', 'LD_LIBRARY_PATH': '/home/ros/catkin_ws/devel/lib:/opt/ros/melodic/lib', 'ROS_PACKAGE_PATH': '/home/ros/catkin_ws/src:/opt/ros/melodic/share', 'PATH': '/opt/ros/melodic/bin:/usr/local/sbin:/usr/local/bin:/usr/sbin:/usr/bin:/sbin:/bin', 'CMAKE_PREFIX_PATH': '/home/ros/catkin_ws/devel:/opt/ros/melodic', 'ROS_LOG_FILENAME': '/home/ros/.ros/log/13c8ac1e-94a4-11ec-9d64-7c507959f385/roslaunch-FM00351-u-1912.log', 'LANG': 'C.UTF-8', 'TERM': 'xterm', 'SHLVL': '1', 'DISPLAY': ':0', 'UNAME': 'ros', 'ROS_ETC_DIR': '/opt/ros/melodic/etc/ros', 'HOME': '/home/ros', 'ROS_PYTHON_VERSION': '2', 'PYTHONPATH': '/home/ros/catkin_ws/devel/lib/python2.7/dist-packages:/opt/ros/melodic/lib/python2.7/dist-packages', 'QT_X11_NO_MITSHM': '1', 'ROS_ROOT': '/opt/ros/melodic/share/ros', 'PKG_CONFIG_PATH': '/home/ros/catkin_ws/devel/lib/pkgconfig:/opt/ros/melodic/lib/pkgconfig', 'LC_ALL': 'C.UTF-8', '_': '/opt/ros/melodic/bin/roscore', 'OLDPWD': '/home/ros', 'HOSTNAME': 'FM00351-u', 'PWD': '/home/ros/catkin_ws', 'ROS_MASTER_URI': 'http://FM00351-u:11311/', 'ROS_VERSION': '1'}]
[roslaunch][INFO] 2022-02-23 12:28:17,797: process[rosout-1]: args[[u'/opt/ros/melodic/lib/rosout/rosout', u'__name:=rosout']]
[roslaunch][INFO] 2022-02-23 12:28:17,797: ... created process [rosout-1]
[roslaunch.pmon][INFO] 2022-02-23 12:28:17,797: ProcessMonitor.register[rosout-1]
[roslaunch.pmon][INFO] 2022-02-23 12:28:17,797: ProcessMonitor.register[rosout-1] complete
[roslaunch][INFO] 2022-02-23 12:28:17,797: ... registered process [rosout-1]
[roslaunch][INFO] 2022-02-23 12:28:17,797: process[rosout-1]: starting os process
[roslaunch][INFO] 2022-02-23 12:28:17,797: process[rosout-1]: start w/ args [[u'/opt/ros/melodic/lib/rosout/rosout', u'__name:=rosout', u'__log:=/home/ros/.ros/log/13c8ac1e-94a4-11ec-9d64-7c507959f385/rosout-1.log']]
[roslaunch][INFO] 2022-02-23 12:28:17,797: process[rosout-1]: cwd will be [/home/ros/.ros]
[roslaunch][INFO] 2022-02-23 12:28:17,866: process[rosout-1]: started with pid [1935]
[roslaunch][INFO] 2022-02-23 12:28:17,866: ... successfully launched [rosout-1]
[roslaunch][INFO] 2022-02-23 12:28:17,866: load_parameters starting ...
[roslaunch][INFO] 2022-02-23 12:28:17,870: ... load_parameters complete
[roslaunch][INFO] 2022-02-23 12:28:17,870: launch_nodes: launching local nodes ...
[roslaunch][INFO] 2022-02-23 12:28:17,870: ... launch_nodes complete
[roslaunch.pmon][INFO] 2022-02-23 12:28:17,870: registrations completed <ProcessMonitor(ProcessMonitor-1, started daemon 140425291798272)>
[roslaunch.parent][INFO] 2022-02-23 12:28:17,870: ... roslaunch parent running, waiting for process exit
[roslaunch][INFO] 2022-02-23 12:28:17,870: spin
[roslaunch.pmon][INFO] 2022-02-23 12:29:12,143: ProcessMonitor.shutdown <ProcessMonitor(ProcessMonitor-1, started daemon 140425291798272)>
[roslaunch.pmon][INFO] 2022-02-23 12:29:12,243: ProcessMonitor._post_run <ProcessMonitor(ProcessMonitor-1, started daemon 140425291798272)>
[roslaunch.pmon][INFO] 2022-02-23 12:29:12,243: ProcessMonitor._post_run <ProcessMonitor(ProcessMonitor-1, started daemon 140425291798272)>: remaining procs are [<roslaunch.nodeprocess.LocalProcess object at 0x7fb74fa5f650>, <roslaunch.nodeprocess.LocalProcess object at 0x7fb74faa8190>]
[roslaunch.pmon][INFO] 2022-02-23 12:29:12,247: ProcessMonitor exit: killing rosout-1
[roslaunch][INFO] 2022-02-23 12:29:12,248: [rosout-1] killing on exit
[roslaunch][INFO] 2022-02-23 12:29:12,248: process[rosout-1]: killing os process with pid[1935] pgid[1935]
[roslaunch][INFO] 2022-02-23 12:29:12,248: [rosout-1] sending SIGINT to pgid [1935]
[roslaunch][INFO] 2022-02-23 12:29:12,248: [rosout-1] sent SIGINT to pgid [1935]
[roslaunch][INFO] 2022-02-23 12:29:12,449: process[rosout-1]: SIGINT killed with return value 0
[roslaunch.pmon][INFO] 2022-02-23 12:29:12,449: ProcessMonitor exit: killing master
[roslaunch][INFO] 2022-02-23 12:29:12,449: [master] killing on exit
[roslaunch][INFO] 2022-02-23 12:29:12,449: process[master]: killing os process with pid[1922] pgid[1922]
[roslaunch][INFO] 2022-02-23 12:29:12,450: [master] sending SIGINT to pgid [1922]
[roslaunch][INFO] 2022-02-23 12:29:12,450: [master] sent SIGINT to pgid [1922]
[roslaunch][INFO] 2022-02-23 12:29:12,650: process[master]: SIGINT killed with return value 0
[roslaunch.pmon][INFO] 2022-02-23 12:29:12,651: ProcessMonitor exit: cleaning up data structures and signals
[roslaunch.pmon][INFO] 2022-02-23 12:29:12,651: ProcessMonitor exit: pmon has shutdown
[roslaunch][INFO] 2022-02-23 12:29:12,658: process monitor is done spinning, initiating full shutdown
[roslaunch][INFO] 2022-02-23 12:29:12,658: runner.stop()
[roslaunch][INFO] 2022-02-23 12:29:12,658: shutting down processing monitor...
[roslaunch][INFO] 2022-02-23 12:29:12,658: shutting down processing monitor <ProcessMonitor(ProcessMonitor-1, stopped daemon 140425291798272)>
[roslaunch.pmon][INFO] 2022-02-23 12:29:12,659: ProcessMonitor.shutdown <ProcessMonitor(ProcessMonitor-1, stopped daemon 140425291798272)>
[roslaunch][INFO] 2022-02-23 12:29:12,659: ... shutting down processing monitor complete
[roslaunch][INFO] 2022-02-23 12:29:12,659: done
[roslaunch.pmon][INFO] 2022-02-23 12:29:12,659: ProcessMonitor.shutdown <ProcessMonitor(ProcessMonitor-1, stopped daemon 140425291798272)>
[rospy.core][INFO] 2022-02-23 12:29:12,659: signal_shutdown [atexit]
