[rospy.client][INFO] 2022-02-14 13:28:19,320: init_node, name[/sensor/tactile_pressure], pid[413]
[xmlrpc][INFO] 2022-02-14 13:28:19,320: XML-RPC server binding to 0.0.0.0:0
[xmlrpc][INFO] 2022-02-14 13:28:19,321: Started XML-RPC server [http://FM00351-u:43561/]
[rospy.init][INFO] 2022-02-14 13:28:19,321: ROS Slave URI: [http://FM00351-u:43561/]
[rospy.impl.masterslave][INFO] 2022-02-14 13:28:19,321: _ready: http://FM00351-u:43561/
[rospy.registration][INFO] 2022-02-14 13:28:19,321: Registering with master node http://localhost:11311
[xmlrpc][INFO] 2022-02-14 13:28:19,321: xml rpc node: starting XML-RPC server
[rospy.init][INFO] 2022-02-14 13:28:19,421: registered with master
[rospy.rosout][INFO] 2022-02-14 13:28:19,421: initializing /rosout core topic
[rospy.rosout][INFO] 2022-02-14 13:28:19,428: connected to core topic /rosout
[rospy.simtime][INFO] 2022-02-14 13:28:19,428: /use_sim_time is not set, will not subscribe to simulated time [/clock] topic
[rosout][INFO] 2022-02-14 13:28:19,434: ROS Serial Python Node
[rosout][INFO] 2022-02-14 13:28:19,436: Connecting to /dev/ttyACM0 at 57600 baud
[rosout][ERROR] 2022-02-14 13:28:19,437: Error opening serial: [Errno 21] could not open port /dev/ttyACM0: [Errno 21] Is a directory: '/dev/ttyACM0'
[rospy.internal][INFO] 2022-02-14 13:28:19,741: topic[/rosout] adding connection to [/rosout], count 0
[rosout][ERROR] 2022-02-14 13:28:22,441: Error opening serial: [Errno 21] could not open port /dev/ttyACM0: [Errno 21] Is a directory: '/dev/ttyACM0'
[rospy.core][INFO] 2022-02-14 13:28:23,588: signal_shutdown [signal-2]
[rospy.internal][INFO] 2022-02-14 13:28:23,591: topic[/rosout] removing connection to /rosout
[rospy.impl.masterslave][INFO] 2022-02-14 13:28:23,591: signal-2
[rospy.core][INFO] 2022-02-14 13:28:23,756: signal_shutdown [atexit]
