[rosmaster.main][INFO] 2022-03-09 08:46:52,461: initialization complete, waiting for shutdown
[rosmaster.main][INFO] 2022-03-09 08:46:52,461: Starting ROS Master Node
[xmlrpc][INFO] 2022-03-09 08:46:52,462: XML-RPC server binding to 0.0.0.0:11311
[xmlrpc][INFO] 2022-03-09 08:46:52,462: Started XML-RPC server [http://FM00351-u:11311/]
[xmlrpc][INFO] 2022-03-09 08:46:52,462: xml rpc node: starting XML-RPC server
[rosmaster.master][INFO] 2022-03-09 08:46:52,462: Master initialized: port[11311], uri[http://FM00351-u:11311/]
[rosmaster.master][INFO] 2022-03-09 08:46:52,502: +PARAM [/run_id] by /roslaunch
[rosmaster.master][INFO] 2022-03-09 08:46:52,502: +PARAM [/roslaunch/uris/host_fm00351_u__34583] by /roslaunch
[rosmaster.master][INFO] 2022-03-09 08:46:52,765: +PARAM [/rosversion] by /roslaunch
[rosmaster.master][INFO] 2022-03-09 08:46:52,765: +PARAM [/rosdistro] by /roslaunch
[rosmaster.master][INFO] 2022-03-09 08:46:52,770: +SERVICE [/rosout/get_loggers] /rosout http://FM00351-u:45117/
[rosmaster.master][INFO] 2022-03-09 08:46:52,770: +SERVICE [/rosout/set_logger_level] /rosout http://FM00351-u:45117/
[rosmaster.master][INFO] 2022-03-09 08:46:52,770: +PUB [/rosout_agg] /rosout http://FM00351-u:45117/
[rosmaster.master][INFO] 2022-03-09 08:46:52,772: +SUB [/rosout] /rosout http://FM00351-u:45117/
[rosmaster.master][INFO] 2022-03-09 08:46:53,311: +PUB [/rosout] /Robotiq2FGripperRtuNode http://FM00351-u:34771/
[rosmaster.master][INFO] 2022-03-09 08:46:53,313: +SERVICE [/Robotiq2FGripperRtuNode/get_loggers] /Robotiq2FGripperRtuNode http://FM00351-u:34771/
[rosmaster.master][INFO] 2022-03-09 08:46:53,314: +SERVICE [/Robotiq2FGripperRtuNode/set_logger_level] /Robotiq2FGripperRtuNode http://FM00351-u:34771/
[rosmaster.master][INFO] 2022-03-09 08:46:53,315: +PUB [/Robotiq2FGripperRobotInput] /Robotiq2FGripperRtuNode http://FM00351-u:34771/
[rosmaster.master][INFO] 2022-03-09 08:46:53,317: +SUB [/Robotiq2FGripperRobotOutput] /Robotiq2FGripperRtuNode http://FM00351-u:34771/
[rosmaster.master][INFO] 2022-03-09 08:46:53,319: -SUB [/Robotiq2FGripperRobotOutput] /Robotiq2FGripperRtuNode http://FM00351-u:34771/
[rosmaster.master][INFO] 2022-03-09 08:46:53,319: -PUB [/Robotiq2FGripperRobotInput] /Robotiq2FGripperRtuNode http://FM00351-u:34771/
[rosmaster.master][INFO] 2022-03-09 08:46:53,320: -PUB [/rosout] /Robotiq2FGripperRtuNode http://FM00351-u:34771/
[rosmaster.master][INFO] 2022-03-09 08:46:53,320: -SERVICE [/Robotiq2FGripperRtuNode/get_loggers] /Robotiq2FGripperRtuNode rosrpc://FM00351-u:37511
[rosmaster.master][INFO] 2022-03-09 08:46:53,320: -SERVICE [/Robotiq2FGripperRtuNode/set_logger_level] /Robotiq2FGripperRtuNode rosrpc://FM00351-u:37511
[rosmaster.master][INFO] 2022-03-09 08:46:53,363: publisherUpdate[/rosout] -> http://FM00351-u:45117/ ['http://FM00351-u:34771/']
[rosmaster.master][INFO] 2022-03-09 08:46:53,374: publisherUpdate[/rosout] -> http://FM00351-u:45117/ ['http://FM00351-u:34771/']: sec=0.01, result=[1, '', 0]
[rosmaster.master][INFO] 2022-03-09 08:46:53,375: publisherUpdate[/rosout] -> http://FM00351-u:45117/ []
[rosmaster.master][INFO] 2022-03-09 08:46:53,375: publisherUpdate[/rosout] -> http://FM00351-u:45117/ []: sec=0.00, result=[1, '', 0]
[rosmaster.master][INFO] 2022-03-09 08:46:53,391: +PUB [/rosout] /gripper_action_server http://FM00351-u:45411/
[rosmaster.master][INFO] 2022-03-09 08:46:53,395: +SERVICE [/gripper_action_server/get_loggers] /gripper_action_server http://FM00351-u:45411/
[rosmaster.master][INFO] 2022-03-09 08:46:53,397: +SERVICE [/gripper_action_server/set_logger_level] /gripper_action_server http://FM00351-u:45411/
[rosmaster.master][INFO] 2022-03-09 08:46:53,400: +PUB [/gripper_action_server/status] /gripper_action_server http://FM00351-u:45411/
[rosmaster.master][INFO] 2022-03-09 08:46:53,402: +PUB [/gripper_action_server/result] /gripper_action_server http://FM00351-u:45411/
[rosmaster.master][INFO] 2022-03-09 08:46:53,403: +PUB [/gripper_action_server/feedback] /gripper_action_server http://FM00351-u:45411/
[rosmaster.master][INFO] 2022-03-09 08:46:53,406: +SUB [/gripper_action_server/goal] /gripper_action_server http://FM00351-u:45411/
[rosmaster.master][INFO] 2022-03-09 08:46:53,409: +SUB [/gripper_action_server/cancel] /gripper_action_server http://FM00351-u:45411/
[rosmaster.master][INFO] 2022-03-09 08:46:53,463: publisherUpdate[/rosout] -> http://FM00351-u:45117/ ['http://FM00351-u:45411/']
[rosmaster.master][INFO] 2022-03-09 08:46:53,471: publisherUpdate[/rosout] -> http://FM00351-u:45117/ ['http://FM00351-u:45411/']: sec=0.01, result=[1, '', 0]
[rosmaster.master][INFO] 2022-03-09 08:46:54,730: -SUB [/gripper_action_server/goal] /gripper_action_server http://FM00351-u:45411/
[rosmaster.master][INFO] 2022-03-09 08:46:54,730: -SUB [/gripper_action_server/cancel] /gripper_action_server http://FM00351-u:45411/
[rosmaster.master][INFO] 2022-03-09 08:46:54,730: -PUB [/gripper_action_server/feedback] /gripper_action_server http://FM00351-u:45411/
[rosmaster.master][INFO] 2022-03-09 08:46:54,730: -PUB [/gripper_action_server/status] /gripper_action_server http://FM00351-u:45411/
[rosmaster.master][INFO] 2022-03-09 08:46:54,730: -PUB [/rosout] /gripper_action_server http://FM00351-u:45411/
[rosmaster.master][INFO] 2022-03-09 08:46:54,730: -PUB [/gripper_action_server/result] /gripper_action_server http://FM00351-u:45411/
[rosmaster.master][INFO] 2022-03-09 08:46:54,730: -SERVICE [/gripper_action_server/get_loggers] /gripper_action_server rosrpc://FM00351-u:34821
[rosmaster.master][INFO] 2022-03-09 08:46:54,730: -SERVICE [/gripper_action_server/set_logger_level] /gripper_action_server rosrpc://FM00351-u:34821
[rosmaster.master][INFO] 2022-03-09 08:46:54,768: publisherUpdate[/rosout] -> http://FM00351-u:45117/ []
[rosmaster.master][INFO] 2022-03-09 08:46:54,778: publisherUpdate[/rosout] -> http://FM00351-u:45117/ []: sec=0.01, result=[1, '', 0]
[rosmaster.master][INFO] 2022-03-09 08:46:54,979: -PUB [/rosout_agg] /rosout http://FM00351-u:45117/
[rosmaster.master][INFO] 2022-03-09 08:46:54,979: -SUB [/rosout] /rosout http://FM00351-u:45117/
[rosmaster.master][INFO] 2022-03-09 08:46:54,980: -SERVICE [/rosout/get_loggers] /rosout rosrpc://FM00351-u:33453
[rosmaster.master][INFO] 2022-03-09 08:46:54,980: -SERVICE [/rosout/set_logger_level] /rosout rosrpc://FM00351-u:33453
[rosmaster.main][INFO] 2022-03-09 08:46:55,031: keyboard interrupt, will exit
[rosmaster.main][INFO] 2022-03-09 08:46:55,031: stopping master...
[rospy.core][INFO] 2022-03-09 08:46:55,032: signal_shutdown [atexit]
