[roslaunch][INFO] 2022-03-09 08:46:51,921: Checking log directory for disk usage. This may take a while.
Press Ctrl-C to interrupt
[roslaunch][INFO] 2022-03-09 08:46:51,923: Done checking log file disk usage. Usage is <1GB.
[roslaunch][INFO] 2022-03-09 08:46:51,924: roslaunch starting with args ['/opt/ros/melodic/bin/roslaunch', 'fm_gripper_module', 'fm_gripper_module.launch']
[roslaunch][INFO] 2022-03-09 08:46:51,924: roslaunch env is {'ROS_DISTRO': 'melodic', 'ROSLISP_PACKAGE_DIRECTORIES': '/home/ros/catkin_ws/devel/share/common-lisp', 'HOME': '/home/ros', 'PATH': '/opt/ros/melodic/bin:/usr/local/sbin:/usr/local/bin:/usr/sbin:/usr/bin:/sbin:/bin', 'ROS_PACKAGE_PATH': '/home/ros/catkin_ws/src:/opt/ros/melodic/share', 'CMAKE_PREFIX_PATH': '/home/ros/catkin_ws/devel:/opt/ros/melodic', 'LD_LIBRARY_PATH': '/home/ros/catkin_ws/devel/lib:/opt/ros/melodic/lib', 'LANG': 'C.UTF-8', 'TERM': 'xterm', 'ROS_LOG_FILENAME': '/home/ros/.ros/log/770e41a8-9f85-11ec-9848-7c507959f385/roslaunch-FM00351-u-527.log', 'SHLVL': '1', 'DISPLAY': ':0', 'UNAME': 'ros', 'ROS_MASTER_URI': 'http://localhost:11311', 'ROS_PYTHON_VERSION': '2', 'PYTHONPATH': '/home/ros/catkin_ws/devel/lib/python2.7/dist-packages:/opt/ros/melodic/lib/python2.7/dist-packages', 'QT_X11_NO_MITSHM': '1', 'ROS_ROOT': '/opt/ros/melodic/share/ros', 'PKG_CONFIG_PATH': '/home/ros/catkin_ws/devel/lib/pkgconfig:/opt/ros/melodic/lib/pkgconfig', 'LC_ALL': 'C.UTF-8', '_': '/opt/ros/melodic/bin/roslaunch', 'OLDPWD': '/home/ros', 'HOSTNAME': 'FM00351-u', 'PWD': '/home/ros/catkin_ws', 'ROS_ETC_DIR': '/opt/ros/melodic/etc/ros', 'ROS_VERSION': '1'}
[roslaunch][INFO] 2022-03-09 08:46:51,924: starting in server mode
[roslaunch.parent][INFO] 2022-03-09 08:46:51,924: starting roslaunch parent run
[roslaunch][INFO] 2022-03-09 08:46:51,924: loading roscore config file /opt/ros/melodic/etc/ros/roscore.xml
[roslaunch][INFO] 2022-03-09 08:46:52,216: Added core node of type [rosout/rosout] in namespace [/]
[roslaunch.config][INFO] 2022-03-09 08:46:52,216: loading config file /home/ros/catkin_ws/src/fm_gripper_module/launch/fm_gripper_module.launch
[roslaunch][INFO] 2022-03-09 08:46:52,216: Added node of type [robotiq_2f_gripper_control/Robotiq2FGripperRtuNode.py] in namespace [/]
[roslaunch][INFO] 2022-03-09 08:46:52,216: Added node of type [fm_gripper_module/gripper_action_server.py] in namespace [/]
[roslaunch][INFO] 2022-03-09 08:46:52,216: ... selected machine [] for node of type [robotiq_2f_gripper_control/Robotiq2FGripperRtuNode.py]
[roslaunch][INFO] 2022-03-09 08:46:52,216: ... selected machine [] for node of type [fm_gripper_module/gripper_action_server.py]
[roslaunch.pmon][INFO] 2022-03-09 08:46:52,217: start_process_monitor: creating ProcessMonitor
[roslaunch.pmon][INFO] 2022-03-09 08:46:52,217: created process monitor <ProcessMonitor(ProcessMonitor-1, initial daemon)>
[roslaunch.pmon][INFO] 2022-03-09 08:46:52,217: start_process_monitor: ProcessMonitor started
[roslaunch.parent][INFO] 2022-03-09 08:46:52,217: starting parent XML-RPC server
[roslaunch.server][INFO] 2022-03-09 08:46:52,217: starting roslaunch XML-RPC server
[roslaunch.server][INFO] 2022-03-09 08:46:52,217: waiting for roslaunch XML-RPC server to initialize
[xmlrpc][INFO] 2022-03-09 08:46:52,218: XML-RPC server binding to 0.0.0.0:0
[xmlrpc][INFO] 2022-03-09 08:46:52,218: Started XML-RPC server [http://FM00351-u:34583/]
[xmlrpc][INFO] 2022-03-09 08:46:52,218: xml rpc node: starting XML-RPC server
[roslaunch][INFO] 2022-03-09 08:46:52,229: started roslaunch server http://FM00351-u:34583/
[roslaunch.parent][INFO] 2022-03-09 08:46:52,229: ... parent XML-RPC server started
[roslaunch][INFO] 2022-03-09 08:46:52,229: master.is_running[http://localhost:11311]
[roslaunch][INFO] 2022-03-09 08:46:52,229: auto-starting new master
[roslaunch][INFO] 2022-03-09 08:46:52,229: create_master_process: rosmaster, /opt/ros/melodic/share/ros, 11311, 3, None, False
[roslaunch][INFO] 2022-03-09 08:46:52,229: process[master]: launching with args [['rosmaster', '--core', '-p', '11311', '-w', '3']]
[roslaunch.pmon][INFO] 2022-03-09 08:46:52,229: ProcessMonitor.register[master]
[roslaunch.pmon][INFO] 2022-03-09 08:46:52,229: ProcessMonitor.register[master] complete
[roslaunch][INFO] 2022-03-09 08:46:52,229: process[master]: starting os process
[roslaunch][INFO] 2022-03-09 08:46:52,229: process[master]: start w/ args [['rosmaster', '--core', '-p', '11311', '-w', '3', '__log:=/home/ros/.ros/log/770e41a8-9f85-11ec-9848-7c507959f385/master.log']]
[roslaunch][INFO] 2022-03-09 08:46:52,230: process[master]: cwd will be [/home/ros/.ros]
[roslaunch][INFO] 2022-03-09 08:46:52,294: process[master]: started with pid [537]
[roslaunch][INFO] 2022-03-09 08:46:52,294: master.is_running[http://localhost:11311]
[roslaunch][INFO] 2022-03-09 08:46:52,394: master.is_running[http://localhost:11311]
[roslaunch][INFO] 2022-03-09 08:46:52,495: master.is_running[http://localhost:11311]
[roslaunch][INFO] 2022-03-09 08:46:52,498: master.is_running[http://localhost:11311]
[roslaunch][INFO] 2022-03-09 08:46:52,499: ROS_MASTER_URI=http://localhost:11311
[roslaunch][INFO] 2022-03-09 08:46:52,501: setting /run_id to 770e41a8-9f85-11ec-9848-7c507959f385
[roslaunch][INFO] 2022-03-09 08:46:52,502: setting /roslaunch/uris/host_fm00351_u__34583' to http://FM00351-u:34583/
[roslaunch][INFO] 2022-03-09 08:46:52,503: ... preparing to launch node of type [rosout/rosout]
[roslaunch][INFO] 2022-03-09 08:46:52,503: create_node_process: package[rosout] type[rosout] machine[Machine(name[] env_loader[None] address[localhost] ssh_port[22] user[None] assignable[True] timeout[10.0])] master_uri[http://localhost:11311]
[roslaunch][INFO] 2022-03-09 08:46:52,503: process[rosout-1]: env[{'ROS_DISTRO': 'melodic', 'ROSLISP_PACKAGE_DIRECTORIES': '/home/ros/catkin_ws/devel/share/common-lisp', 'LD_LIBRARY_PATH': '/home/ros/catkin_ws/devel/lib:/opt/ros/melodic/lib', 'ROS_PACKAGE_PATH': '/home/ros/catkin_ws/src:/opt/ros/melodic/share', 'PATH': '/opt/ros/melodic/bin:/usr/local/sbin:/usr/local/bin:/usr/sbin:/usr/bin:/sbin:/bin', 'CMAKE_PREFIX_PATH': '/home/ros/catkin_ws/devel:/opt/ros/melodic', 'ROS_LOG_FILENAME': '/home/ros/.ros/log/770e41a8-9f85-11ec-9848-7c507959f385/roslaunch-FM00351-u-527.log', 'LANG': 'C.UTF-8', 'TERM': 'xterm', 'SHLVL': '1', 'DISPLAY': ':0', 'UNAME': 'ros', 'ROS_ETC_DIR': '/opt/ros/melodic/etc/ros', 'HOME': '/home/ros', 'ROS_PYTHON_VERSION': '2', 'PYTHONPATH': '/home/ros/catkin_ws/devel/lib/python2.7/dist-packages:/opt/ros/melodic/lib/python2.7/dist-packages', 'QT_X11_NO_MITSHM': '1', 'ROS_ROOT': '/opt/ros/melodic/share/ros', 'PKG_CONFIG_PATH': '/home/ros/catkin_ws/devel/lib/pkgconfig:/opt/ros/melodic/lib/pkgconfig', 'LC_ALL': 'C.UTF-8', '_': '/opt/ros/melodic/bin/roslaunch', 'OLDPWD': '/home/ros', 'HOSTNAME': 'FM00351-u', 'PWD': '/home/ros/catkin_ws', 'ROS_MASTER_URI': 'http://localhost:11311', 'ROS_VERSION': '1'}]
[roslaunch][INFO] 2022-03-09 08:46:52,698: process[rosout-1]: args[[u'/opt/ros/melodic/lib/rosout/rosout', u'__name:=rosout']]
[roslaunch][INFO] 2022-03-09 08:46:52,699: ... created process [rosout-1]
[roslaunch.pmon][INFO] 2022-03-09 08:46:52,699: ProcessMonitor.register[rosout-1]
[roslaunch.pmon][INFO] 2022-03-09 08:46:52,699: ProcessMonitor.register[rosout-1] complete
[roslaunch][INFO] 2022-03-09 08:46:52,699: ... registered process [rosout-1]
[roslaunch][INFO] 2022-03-09 08:46:52,699: process[rosout-1]: starting os process
[roslaunch][INFO] 2022-03-09 08:46:52,699: process[rosout-1]: start w/ args [[u'/opt/ros/melodic/lib/rosout/rosout', u'__name:=rosout', u'__log:=/home/ros/.ros/log/770e41a8-9f85-11ec-9848-7c507959f385/rosout-1.log']]
[roslaunch][INFO] 2022-03-09 08:46:52,699: process[rosout-1]: cwd will be [/home/ros/.ros]
[roslaunch][INFO] 2022-03-09 08:46:52,763: process[rosout-1]: started with pid [548]
[roslaunch][INFO] 2022-03-09 08:46:52,763: ... successfully launched [rosout-1]
[roslaunch][INFO] 2022-03-09 08:46:52,763: load_parameters starting ...
[roslaunch][INFO] 2022-03-09 08:46:52,765: ... load_parameters complete
[roslaunch][INFO] 2022-03-09 08:46:52,765: launch_nodes: launching local nodes ...
[roslaunch][INFO] 2022-03-09 08:46:52,765: ... preparing to launch node of type [robotiq_2f_gripper_control/Robotiq2FGripperRtuNode.py]
[roslaunch][INFO] 2022-03-09 08:46:52,766: create_node_process: package[robotiq_2f_gripper_control] type[Robotiq2FGripperRtuNode.py] machine[Machine(name[] env_loader[None] address[localhost] ssh_port[22] user[None] assignable[True] timeout[10.0])] master_uri[http://localhost:11311]
[roslaunch][INFO] 2022-03-09 08:46:52,766: process[Robotiq2FGripperRtuNode-2]: env[{'ROS_DISTRO': 'melodic', 'ROSLISP_PACKAGE_DIRECTORIES': '/home/ros/catkin_ws/devel/share/common-lisp', 'LD_LIBRARY_PATH': '/home/ros/catkin_ws/devel/lib:/opt/ros/melodic/lib', 'ROS_PACKAGE_PATH': '/home/ros/catkin_ws/src:/opt/ros/melodic/share', 'PATH': '/opt/ros/melodic/bin:/usr/local/sbin:/usr/local/bin:/usr/sbin:/usr/bin:/sbin:/bin', 'CMAKE_PREFIX_PATH': '/home/ros/catkin_ws/devel:/opt/ros/melodic', 'ROS_LOG_FILENAME': '/home/ros/.ros/log/770e41a8-9f85-11ec-9848-7c507959f385/roslaunch-FM00351-u-527.log', 'LANG': 'C.UTF-8', 'TERM': 'xterm', 'SHLVL': '1', 'DISPLAY': ':0', 'UNAME': 'ros', 'ROS_ETC_DIR': '/opt/ros/melodic/etc/ros', 'HOME': '/home/ros', 'ROS_PYTHON_VERSION': '2', 'PYTHONPATH': '/home/ros/catkin_ws/devel/lib/python2.7/dist-packages:/opt/ros/melodic/lib/python2.7/dist-packages', 'QT_X11_NO_MITSHM': '1', 'ROS_ROOT': '/opt/ros/melodic/share/ros', 'PKG_CONFIG_PATH': '/home/ros/catkin_ws/devel/lib/pkgconfig:/opt/ros/melodic/lib/pkgconfig', 'LC_ALL': 'C.UTF-8', '_': '/opt/ros/melodic/bin/roslaunch', 'OLDPWD': '/home/ros', 'HOSTNAME': 'FM00351-u', 'PWD': '/home/ros/catkin_ws', 'ROS_MASTER_URI': 'http://localhost:11311', 'ROS_VERSION': '1'}]
[roslaunch][INFO] 2022-03-09 08:46:52,766: process[Robotiq2FGripperRtuNode-2]: args[[u'/home/ros/catkin_ws/src/robotiq/robotiq_2f_gripper_control/nodes/Robotiq2FGripperRtuNode.py', '/dev/ttyUSB0', u'__name:=Robotiq2FGripperRtuNode']]
[roslaunch][INFO] 2022-03-09 08:46:52,766: ... created process [Robotiq2FGripperRtuNode-2]
[roslaunch.pmon][INFO] 2022-03-09 08:46:52,766: ProcessMonitor.register[Robotiq2FGripperRtuNode-2]
[roslaunch.pmon][INFO] 2022-03-09 08:46:52,766: ProcessMonitor.register[Robotiq2FGripperRtuNode-2] complete
[roslaunch][INFO] 2022-03-09 08:46:52,766: ... registered process [Robotiq2FGripperRtuNode-2]
[roslaunch][INFO] 2022-03-09 08:46:52,766: process[Robotiq2FGripperRtuNode-2]: starting os process
[roslaunch][INFO] 2022-03-09 08:46:52,766: process[Robotiq2FGripperRtuNode-2]: start w/ args [[u'/home/ros/catkin_ws/src/robotiq/robotiq_2f_gripper_control/nodes/Robotiq2FGripperRtuNode.py', '/dev/ttyUSB0', u'__name:=Robotiq2FGripperRtuNode', u'__log:=/home/ros/.ros/log/770e41a8-9f85-11ec-9848-7c507959f385/Robotiq2FGripperRtuNode-2.log']]
[roslaunch][INFO] 2022-03-09 08:46:52,766: process[Robotiq2FGripperRtuNode-2]: cwd will be [/home/ros/.ros]
[roslaunch][INFO] 2022-03-09 08:46:52,831: process[Robotiq2FGripperRtuNode-2]: started with pid [551]
[roslaunch][INFO] 2022-03-09 08:46:52,831: ... successfully launched [Robotiq2FGripperRtuNode-2]
[roslaunch][INFO] 2022-03-09 08:46:52,831: ... preparing to launch node of type [fm_gripper_module/gripper_action_server.py]
[roslaunch][INFO] 2022-03-09 08:46:52,831: create_node_process: package[fm_gripper_module] type[gripper_action_server.py] machine[Machine(name[] env_loader[None] address[localhost] ssh_port[22] user[None] assignable[True] timeout[10.0])] master_uri[http://localhost:11311]
[roslaunch][INFO] 2022-03-09 08:46:52,831: process[gripper_action_server-3]: env[{'ROS_DISTRO': 'melodic', 'ROSLISP_PACKAGE_DIRECTORIES': '/home/ros/catkin_ws/devel/share/common-lisp', 'LD_LIBRARY_PATH': '/home/ros/catkin_ws/devel/lib:/opt/ros/melodic/lib', 'ROS_PACKAGE_PATH': '/home/ros/catkin_ws/src:/opt/ros/melodic/share', 'PATH': '/opt/ros/melodic/bin:/usr/local/sbin:/usr/local/bin:/usr/sbin:/usr/bin:/sbin:/bin', 'CMAKE_PREFIX_PATH': '/home/ros/catkin_ws/devel:/opt/ros/melodic', 'ROS_LOG_FILENAME': '/home/ros/.ros/log/770e41a8-9f85-11ec-9848-7c507959f385/roslaunch-FM00351-u-527.log', 'LANG': 'C.UTF-8', 'TERM': 'xterm', 'SHLVL': '1', 'DISPLAY': ':0', 'UNAME': 'ros', 'ROS_ETC_DIR': '/opt/ros/melodic/etc/ros', 'HOME': '/home/ros', 'ROS_PYTHON_VERSION': '2', 'PYTHONPATH': '/home/ros/catkin_ws/devel/lib/python2.7/dist-packages:/opt/ros/melodic/lib/python2.7/dist-packages', 'QT_X11_NO_MITSHM': '1', 'ROS_ROOT': '/opt/ros/melodic/share/ros', 'PKG_CONFIG_PATH': '/home/ros/catkin_ws/devel/lib/pkgconfig:/opt/ros/melodic/lib/pkgconfig', 'LC_ALL': 'C.UTF-8', '_': '/opt/ros/melodic/bin/roslaunch', 'OLDPWD': '/home/ros', 'HOSTNAME': 'FM00351-u', 'PWD': '/home/ros/catkin_ws', 'ROS_MASTER_URI': 'http://localhost:11311', 'ROS_VERSION': '1'}]
[roslaunch][INFO] 2022-03-09 08:46:52,832: process[gripper_action_server-3]: args[[u'/home/ros/catkin_ws/src/fm_gripper_module/src/gripper_action_server.py', u'__name:=gripper_action_server']]
[roslaunch][INFO] 2022-03-09 08:46:52,832: ... created process [gripper_action_server-3]
[roslaunch.pmon][INFO] 2022-03-09 08:46:52,832: ProcessMonitor.register[gripper_action_server-3]
[roslaunch.pmon][INFO] 2022-03-09 08:46:52,832: ProcessMonitor.register[gripper_action_server-3] complete
[roslaunch][INFO] 2022-03-09 08:46:52,832: ... registered process [gripper_action_server-3]
[roslaunch][INFO] 2022-03-09 08:46:52,832: process[gripper_action_server-3]: starting os process
[roslaunch][INFO] 2022-03-09 08:46:52,832: process[gripper_action_server-3]: start w/ args [[u'/home/ros/catkin_ws/src/fm_gripper_module/src/gripper_action_server.py', u'__name:=gripper_action_server', u'__log:=/home/ros/.ros/log/770e41a8-9f85-11ec-9848-7c507959f385/gripper_action_server-3.log']]
[roslaunch][INFO] 2022-03-09 08:46:52,832: process[gripper_action_server-3]: cwd will be [/home/ros/.ros]
[roslaunch][INFO] 2022-03-09 08:46:52,896: process[gripper_action_server-3]: started with pid [556]
[roslaunch][INFO] 2022-03-09 08:46:52,897: ... successfully launched [gripper_action_server-3]
[roslaunch][INFO] 2022-03-09 08:46:52,897: ... launch_nodes complete
[roslaunch.pmon][INFO] 2022-03-09 08:46:52,897: registrations completed <ProcessMonitor(ProcessMonitor-1, started daemon 140200866191104)>
[roslaunch.parent][INFO] 2022-03-09 08:46:52,897: ... roslaunch parent running, waiting for process exit
[roslaunch][INFO] 2022-03-09 08:46:52,897: spin
[roslaunch][ERROR] 2022-03-09 08:46:53,520: [Robotiq2FGripperRtuNode-2] process has died [pid 551, exit code 1, cmd /home/ros/catkin_ws/src/robotiq/robotiq_2f_gripper_control/nodes/Robotiq2FGripperRtuNode.py /dev/ttyUSB0 __name:=Robotiq2FGripperRtuNode __log:=/home/ros/.ros/log/770e41a8-9f85-11ec-9848-7c507959f385/Robotiq2FGripperRtuNode-2.log].
log file: /home/ros/.ros/log/770e41a8-9f85-11ec-9848-7c507959f385/Robotiq2FGripperRtuNode-2*.log
[roslaunch.pmon][INFO] 2022-03-09 08:46:53,521: ProcessMonitor.unregister[Robotiq2FGripperRtuNode-2] starting
[roslaunch.pmon][INFO] 2022-03-09 08:46:53,521: ProcessMonitor.unregister[Robotiq2FGripperRtuNode-2] complete
[roslaunch.pmon][INFO] 2022-03-09 08:46:54,718: ProcessMonitor.shutdown <ProcessMonitor(ProcessMonitor-1, started daemon 140200866191104)>
[roslaunch.pmon][INFO] 2022-03-09 08:46:54,725: ProcessMonitor._post_run <ProcessMonitor(ProcessMonitor-1, started daemon 140200866191104)>
[roslaunch.pmon][INFO] 2022-03-09 08:46:54,725: ProcessMonitor._post_run <ProcessMonitor(ProcessMonitor-1, started daemon 140200866191104)>: remaining procs are [<roslaunch.nodeprocess.LocalProcess object at 0x7f830efecb90>, <roslaunch.nodeprocess.LocalProcess object at 0x7f830f477210>, <roslaunch.nodeprocess.LocalProcess object at 0x7f830efeccd0>]
[roslaunch.pmon][INFO] 2022-03-09 08:46:54,726: ProcessMonitor exit: killing gripper_action_server-3
[roslaunch][INFO] 2022-03-09 08:46:54,727: [gripper_action_server-3] killing on exit
[roslaunch][INFO] 2022-03-09 08:46:54,728: process[gripper_action_server-3]: killing os process with pid[556] pgid[556]
[roslaunch][INFO] 2022-03-09 08:46:54,728: [gripper_action_server-3] sending SIGINT to pgid [556]
[roslaunch][INFO] 2022-03-09 08:46:54,728: [gripper_action_server-3] sent SIGINT to pgid [556]
[roslaunch][INFO] 2022-03-09 08:46:54,929: process[gripper_action_server-3]: SIGINT killed with return value 0
[roslaunch.pmon][INFO] 2022-03-09 08:46:54,929: ProcessMonitor exit: killing rosout-1
[roslaunch][INFO] 2022-03-09 08:46:54,929: [rosout-1] killing on exit
[roslaunch][INFO] 2022-03-09 08:46:54,930: process[rosout-1]: killing os process with pid[548] pgid[548]
[roslaunch][INFO] 2022-03-09 08:46:54,930: [rosout-1] sending SIGINT to pgid [548]
[roslaunch][INFO] 2022-03-09 08:46:54,930: [rosout-1] sent SIGINT to pgid [548]
[roslaunch][INFO] 2022-03-09 08:46:55,030: process[rosout-1]: SIGINT killed with return value 0
[roslaunch.pmon][INFO] 2022-03-09 08:46:55,030: ProcessMonitor exit: killing master
[roslaunch][INFO] 2022-03-09 08:46:55,030: [master] killing on exit
[roslaunch][INFO] 2022-03-09 08:46:55,031: process[master]: killing os process with pid[537] pgid[537]
[roslaunch][INFO] 2022-03-09 08:46:55,031: [master] sending SIGINT to pgid [537]
[roslaunch][INFO] 2022-03-09 08:46:55,031: [master] sent SIGINT to pgid [537]
[roslaunch][INFO] 2022-03-09 08:46:55,232: process[master]: SIGINT killed with return value 0
[roslaunch.pmon][INFO] 2022-03-09 08:46:55,232: ProcessMonitor exit: cleaning up data structures and signals
[roslaunch.pmon][INFO] 2022-03-09 08:46:55,232: ProcessMonitor exit: pmon has shutdown
[roslaunch][INFO] 2022-03-09 08:46:55,273: process monitor is done spinning, initiating full shutdown
[roslaunch][INFO] 2022-03-09 08:46:55,273: runner.stop()
[roslaunch][INFO] 2022-03-09 08:46:55,273: shutting down processing monitor...
[roslaunch][INFO] 2022-03-09 08:46:55,274: shutting down processing monitor <ProcessMonitor(ProcessMonitor-1, stopped daemon 140200866191104)>
[roslaunch.pmon][INFO] 2022-03-09 08:46:55,274: ProcessMonitor.shutdown <ProcessMonitor(ProcessMonitor-1, stopped daemon 140200866191104)>
[roslaunch][INFO] 2022-03-09 08:46:55,274: ... shutting down processing monitor complete
[roslaunch][INFO] 2022-03-09 08:46:55,274: done
[roslaunch.pmon][INFO] 2022-03-09 08:46:55,274: ProcessMonitor.shutdown <ProcessMonitor(ProcessMonitor-1, stopped daemon 140200866191104)>
[rospy.core][INFO] 2022-03-09 08:46:55,275: signal_shutdown [atexit]
