[rosmaster.main][INFO] 2022-03-09 08:46:34,840: initialization complete, waiting for shutdown
[rosmaster.main][INFO] 2022-03-09 08:46:34,840: Starting ROS Master Node
[xmlrpc][INFO] 2022-03-09 08:46:34,841: XML-RPC server binding to 0.0.0.0:11311
[xmlrpc][INFO] 2022-03-09 08:46:34,841: Started XML-RPC server [http://FM00351-u:11311/]
[xmlrpc][INFO] 2022-03-09 08:46:34,841: xml rpc node: starting XML-RPC server
[rosmaster.master][INFO] 2022-03-09 08:46:34,841: Master initialized: port[11311], uri[http://FM00351-u:11311/]
[rosmaster.master][INFO] 2022-03-09 08:46:34,882: +PARAM [/run_id] by /roslaunch
[rosmaster.master][INFO] 2022-03-09 08:46:34,884: +PARAM [/roslaunch/uris/host_fm00351_u__46189] by /roslaunch
[rosmaster.master][INFO] 2022-03-09 08:46:35,145: +PARAM [/rosversion] by /roslaunch
[rosmaster.master][INFO] 2022-03-09 08:46:35,145: +PARAM [/rosdistro] by /roslaunch
[rosmaster.master][INFO] 2022-03-09 08:46:35,165: +SERVICE [/rosout/get_loggers] /rosout http://FM00351-u:44827/
[rosmaster.master][INFO] 2022-03-09 08:46:35,165: +SERVICE [/rosout/set_logger_level] /rosout http://FM00351-u:44827/
[rosmaster.master][INFO] 2022-03-09 08:46:35,165: +PUB [/rosout_agg] /rosout http://FM00351-u:44827/
[rosmaster.master][INFO] 2022-03-09 08:46:35,166: +SUB [/rosout] /rosout http://FM00351-u:44827/
[rosmaster.master][INFO] 2022-03-09 08:46:35,702: +PUB [/rosout] /Robotiq2FGripperRtuNode http://FM00351-u:41661/
[rosmaster.master][INFO] 2022-03-09 08:46:35,704: +SERVICE [/Robotiq2FGripperRtuNode/get_loggers] /Robotiq2FGripperRtuNode http://FM00351-u:41661/
[rosmaster.master][INFO] 2022-03-09 08:46:35,705: +SERVICE [/Robotiq2FGripperRtuNode/set_logger_level] /Robotiq2FGripperRtuNode http://FM00351-u:41661/
[rosmaster.master][INFO] 2022-03-09 08:46:35,706: +PUB [/Robotiq2FGripperRobotInput] /Robotiq2FGripperRtuNode http://FM00351-u:41661/
[rosmaster.master][INFO] 2022-03-09 08:46:35,709: +SUB [/Robotiq2FGripperRobotOutput] /Robotiq2FGripperRtuNode http://FM00351-u:41661/
[rosmaster.master][INFO] 2022-03-09 08:46:35,713: -SUB [/Robotiq2FGripperRobotOutput] /Robotiq2FGripperRtuNode http://FM00351-u:41661/
[rosmaster.master][INFO] 2022-03-09 08:46:35,713: -PUB [/Robotiq2FGripperRobotInput] /Robotiq2FGripperRtuNode http://FM00351-u:41661/
[rosmaster.master][INFO] 2022-03-09 08:46:35,713: -PUB [/rosout] /Robotiq2FGripperRtuNode http://FM00351-u:41661/
[rosmaster.master][INFO] 2022-03-09 08:46:35,713: -SERVICE [/Robotiq2FGripperRtuNode/get_loggers] /Robotiq2FGripperRtuNode rosrpc://FM00351-u:37997
[rosmaster.master][INFO] 2022-03-09 08:46:35,713: -SERVICE [/Robotiq2FGripperRtuNode/set_logger_level] /Robotiq2FGripperRtuNode rosrpc://FM00351-u:37997
[rosmaster.master][INFO] 2022-03-09 08:46:35,742: publisherUpdate[/rosout] -> http://FM00351-u:44827/ ['http://FM00351-u:41661/']
[rosmaster.master][INFO] 2022-03-09 08:46:35,754: publisherUpdate[/rosout] -> http://FM00351-u:44827/ ['http://FM00351-u:41661/']: sec=0.01, result=[1, '', 0]
[rosmaster.master][INFO] 2022-03-09 08:46:35,754: publisherUpdate[/rosout] -> http://FM00351-u:44827/ []
[rosmaster.master][INFO] 2022-03-09 08:46:35,754: publisherUpdate[/rosout] -> http://FM00351-u:44827/ []: sec=0.00, result=[1, '', 0]
[rosmaster.master][INFO] 2022-03-09 08:46:35,778: +PUB [/rosout] /gripper_action_server http://FM00351-u:36267/
[rosmaster.master][INFO] 2022-03-09 08:46:35,782: +SERVICE [/gripper_action_server/get_loggers] /gripper_action_server http://FM00351-u:36267/
[rosmaster.master][INFO] 2022-03-09 08:46:35,783: +SERVICE [/gripper_action_server/set_logger_level] /gripper_action_server http://FM00351-u:36267/
[rosmaster.master][INFO] 2022-03-09 08:46:35,787: +PUB [/gripper_action_server/status] /gripper_action_server http://FM00351-u:36267/
[rosmaster.master][INFO] 2022-03-09 08:46:35,788: +PUB [/gripper_action_server/result] /gripper_action_server http://FM00351-u:36267/
[rosmaster.master][INFO] 2022-03-09 08:46:35,789: +PUB [/gripper_action_server/feedback] /gripper_action_server http://FM00351-u:36267/
[rosmaster.master][INFO] 2022-03-09 08:46:35,793: +SUB [/gripper_action_server/goal] /gripper_action_server http://FM00351-u:36267/
[rosmaster.master][INFO] 2022-03-09 08:46:35,795: +SUB [/gripper_action_server/cancel] /gripper_action_server http://FM00351-u:36267/
[rosmaster.master][INFO] 2022-03-09 08:46:35,843: publisherUpdate[/rosout] -> http://FM00351-u:44827/ ['http://FM00351-u:36267/']
[rosmaster.master][INFO] 2022-03-09 08:46:35,851: publisherUpdate[/rosout] -> http://FM00351-u:44827/ ['http://FM00351-u:36267/']: sec=0.01, result=[1, '', 0]
[rosmaster.master][INFO] 2022-03-09 08:46:48,851: -SUB [/gripper_action_server/goal] /gripper_action_server http://FM00351-u:36267/
[rosmaster.master][INFO] 2022-03-09 08:46:48,852: -SUB [/gripper_action_server/cancel] /gripper_action_server http://FM00351-u:36267/
[rosmaster.master][INFO] 2022-03-09 08:46:48,852: -PUB [/gripper_action_server/feedback] /gripper_action_server http://FM00351-u:36267/
[rosmaster.master][INFO] 2022-03-09 08:46:48,852: -PUB [/gripper_action_server/status] /gripper_action_server http://FM00351-u:36267/
[rosmaster.master][INFO] 2022-03-09 08:46:48,852: -PUB [/rosout] /gripper_action_server http://FM00351-u:36267/
[rosmaster.master][INFO] 2022-03-09 08:46:48,852: -PUB [/gripper_action_server/result] /gripper_action_server http://FM00351-u:36267/
[rosmaster.master][INFO] 2022-03-09 08:46:48,852: -SERVICE [/gripper_action_server/get_loggers] /gripper_action_server rosrpc://FM00351-u:39231
[rosmaster.master][INFO] 2022-03-09 08:46:48,853: -SERVICE [/gripper_action_server/set_logger_level] /gripper_action_server rosrpc://FM00351-u:39231
[rosmaster.master][INFO] 2022-03-09 08:46:48,874: publisherUpdate[/rosout] -> http://FM00351-u:44827/ []
[rosmaster.master][INFO] 2022-03-09 08:46:48,885: publisherUpdate[/rosout] -> http://FM00351-u:44827/ []: sec=0.01, result=[1, '', 0]
[rosmaster.master][INFO] 2022-03-09 08:46:49,687: -PUB [/rosout_agg] /rosout http://FM00351-u:44827/
[rosmaster.master][INFO] 2022-03-09 08:46:49,687: -SUB [/rosout] /rosout http://FM00351-u:44827/
[rosmaster.master][INFO] 2022-03-09 08:46:49,688: -SERVICE [/rosout/get_loggers] /rosout rosrpc://FM00351-u:53931
[rosmaster.master][INFO] 2022-03-09 08:46:49,688: -SERVICE [/rosout/set_logger_level] /rosout rosrpc://FM00351-u:53931
[rosmaster.main][INFO] 2022-03-09 08:46:49,754: keyboard interrupt, will exit
[rosmaster.main][INFO] 2022-03-09 08:46:49,754: stopping master...
[rospy.core][INFO] 2022-03-09 08:46:49,754: signal_shutdown [atexit]
