[roslaunch][INFO] 2022-03-09 08:46:34,255: Checking log directory for disk usage. This may take a while.
Press Ctrl-C to interrupt
[roslaunch][INFO] 2022-03-09 08:46:34,268: Done checking log file disk usage. Usage is <1GB.
[roslaunch][INFO] 2022-03-09 08:46:34,268: roslaunch starting with args ['/opt/ros/melodic/bin/roslaunch', 'fm_gripper_module', 'fm_gripper_module.launch']
[roslaunch][INFO] 2022-03-09 08:46:34,268: roslaunch env is {'ROS_DISTRO': 'melodic', 'ROSLISP_PACKAGE_DIRECTORIES': '/home/ros/catkin_ws/devel/share/common-lisp', 'HOME': '/home/ros', 'PATH': '/opt/ros/melodic/bin:/usr/local/sbin:/usr/local/bin:/usr/sbin:/usr/bin:/sbin:/bin', 'ROS_PACKAGE_PATH': '/home/ros/catkin_ws/src:/opt/ros/melodic/share', 'CMAKE_PREFIX_PATH': '/home/ros/catkin_ws/devel:/opt/ros/melodic', 'LD_LIBRARY_PATH': '/home/ros/catkin_ws/devel/lib:/opt/ros/melodic/lib', 'LANG': 'C.UTF-8', 'TERM': 'xterm', 'ROS_LOG_FILENAME': '/home/ros/.ros/log/6c85dbf6-9f85-11ec-bbd7-7c507959f385/roslaunch-FM00351-u-470.log', 'SHLVL': '1', 'DISPLAY': ':0', 'UNAME': 'ros', 'ROS_MASTER_URI': 'http://localhost:11311', 'ROS_PYTHON_VERSION': '2', 'PYTHONPATH': '/home/ros/catkin_ws/devel/lib/python2.7/dist-packages:/opt/ros/melodic/lib/python2.7/dist-packages', 'QT_X11_NO_MITSHM': '1', 'ROS_ROOT': '/opt/ros/melodic/share/ros', 'PKG_CONFIG_PATH': '/home/ros/catkin_ws/devel/lib/pkgconfig:/opt/ros/melodic/lib/pkgconfig', 'LC_ALL': 'C.UTF-8', '_': '/opt/ros/melodic/bin/roslaunch', 'OLDPWD': '/home/ros', 'HOSTNAME': 'FM00351-u', 'PWD': '/home/ros/catkin_ws', 'ROS_ETC_DIR': '/opt/ros/melodic/etc/ros', 'ROS_VERSION': '1'}
[roslaunch][INFO] 2022-03-09 08:46:34,268: starting in server mode
[roslaunch.parent][INFO] 2022-03-09 08:46:34,268: starting roslaunch parent run
[roslaunch][INFO] 2022-03-09 08:46:34,268: loading roscore config file /opt/ros/melodic/etc/ros/roscore.xml
[roslaunch][INFO] 2022-03-09 08:46:34,596: Added core node of type [rosout/rosout] in namespace [/]
[roslaunch.config][INFO] 2022-03-09 08:46:34,596: loading config file /home/ros/catkin_ws/src/fm_gripper_module/launch/fm_gripper_module.launch
[roslaunch][INFO] 2022-03-09 08:46:34,597: Added node of type [robotiq_2f_gripper_control/Robotiq2FGripperRtuNode.py] in namespace [/]
[roslaunch][INFO] 2022-03-09 08:46:34,597: Added node of type [fm_gripper_module/gripper_action_server.py] in namespace [/]
[roslaunch][INFO] 2022-03-09 08:46:34,597: ... selected machine [] for node of type [robotiq_2f_gripper_control/Robotiq2FGripperRtuNode.py]
[roslaunch][INFO] 2022-03-09 08:46:34,597: ... selected machine [] for node of type [fm_gripper_module/gripper_action_server.py]
[roslaunch.pmon][INFO] 2022-03-09 08:46:34,598: start_process_monitor: creating ProcessMonitor
[roslaunch.pmon][INFO] 2022-03-09 08:46:34,598: created process monitor <ProcessMonitor(ProcessMonitor-1, initial daemon)>
[roslaunch.pmon][INFO] 2022-03-09 08:46:34,599: start_process_monitor: ProcessMonitor started
[roslaunch.parent][INFO] 2022-03-09 08:46:34,599: starting parent XML-RPC server
[roslaunch.server][INFO] 2022-03-09 08:46:34,599: starting roslaunch XML-RPC server
[roslaunch.server][INFO] 2022-03-09 08:46:34,599: waiting for roslaunch XML-RPC server to initialize
[xmlrpc][INFO] 2022-03-09 08:46:34,599: XML-RPC server binding to 0.0.0.0:0
[xmlrpc][INFO] 2022-03-09 08:46:34,599: Started XML-RPC server [http://FM00351-u:46189/]
[xmlrpc][INFO] 2022-03-09 08:46:34,599: xml rpc node: starting XML-RPC server
[roslaunch][INFO] 2022-03-09 08:46:34,610: started roslaunch server http://FM00351-u:46189/
[roslaunch.parent][INFO] 2022-03-09 08:46:34,610: ... parent XML-RPC server started
[roslaunch][INFO] 2022-03-09 08:46:34,610: master.is_running[http://localhost:11311]
[roslaunch][INFO] 2022-03-09 08:46:34,610: auto-starting new master
[roslaunch][INFO] 2022-03-09 08:46:34,610: create_master_process: rosmaster, /opt/ros/melodic/share/ros, 11311, 3, None, False
[roslaunch][INFO] 2022-03-09 08:46:34,610: process[master]: launching with args [['rosmaster', '--core', '-p', '11311', '-w', '3']]
[roslaunch.pmon][INFO] 2022-03-09 08:46:34,611: ProcessMonitor.register[master]
[roslaunch.pmon][INFO] 2022-03-09 08:46:34,611: ProcessMonitor.register[master] complete
[roslaunch][INFO] 2022-03-09 08:46:34,611: process[master]: starting os process
[roslaunch][INFO] 2022-03-09 08:46:34,611: process[master]: start w/ args [['rosmaster', '--core', '-p', '11311', '-w', '3', '__log:=/home/ros/.ros/log/6c85dbf6-9f85-11ec-bbd7-7c507959f385/master.log']]
[roslaunch][INFO] 2022-03-09 08:46:34,611: process[master]: cwd will be [/home/ros/.ros]
[roslaunch][INFO] 2022-03-09 08:46:34,674: process[master]: started with pid [480]
[roslaunch][INFO] 2022-03-09 08:46:34,674: master.is_running[http://localhost:11311]
[roslaunch][INFO] 2022-03-09 08:46:34,775: master.is_running[http://localhost:11311]
[roslaunch][INFO] 2022-03-09 08:46:34,875: master.is_running[http://localhost:11311]
[roslaunch][INFO] 2022-03-09 08:46:34,878: master.is_running[http://localhost:11311]
[roslaunch][INFO] 2022-03-09 08:46:34,879: ROS_MASTER_URI=http://localhost:11311
[roslaunch][INFO] 2022-03-09 08:46:34,881: setting /run_id to 6c85dbf6-9f85-11ec-bbd7-7c507959f385
[roslaunch][INFO] 2022-03-09 08:46:34,883: setting /roslaunch/uris/host_fm00351_u__46189' to http://FM00351-u:46189/
[roslaunch][INFO] 2022-03-09 08:46:34,884: ... preparing to launch node of type [rosout/rosout]
[roslaunch][INFO] 2022-03-09 08:46:34,884: create_node_process: package[rosout] type[rosout] machine[Machine(name[] env_loader[None] address[localhost] ssh_port[22] user[None] assignable[True] timeout[10.0])] master_uri[http://localhost:11311]
[roslaunch][INFO] 2022-03-09 08:46:34,885: process[rosout-1]: env[{'ROS_DISTRO': 'melodic', 'ROSLISP_PACKAGE_DIRECTORIES': '/home/ros/catkin_ws/devel/share/common-lisp', 'LD_LIBRARY_PATH': '/home/ros/catkin_ws/devel/lib:/opt/ros/melodic/lib', 'ROS_PACKAGE_PATH': '/home/ros/catkin_ws/src:/opt/ros/melodic/share', 'PATH': '/opt/ros/melodic/bin:/usr/local/sbin:/usr/local/bin:/usr/sbin:/usr/bin:/sbin:/bin', 'CMAKE_PREFIX_PATH': '/home/ros/catkin_ws/devel:/opt/ros/melodic', 'ROS_LOG_FILENAME': '/home/ros/.ros/log/6c85dbf6-9f85-11ec-bbd7-7c507959f385/roslaunch-FM00351-u-470.log', 'LANG': 'C.UTF-8', 'TERM': 'xterm', 'SHLVL': '1', 'DISPLAY': ':0', 'UNAME': 'ros', 'ROS_ETC_DIR': '/opt/ros/melodic/etc/ros', 'HOME': '/home/ros', 'ROS_PYTHON_VERSION': '2', 'PYTHONPATH': '/home/ros/catkin_ws/devel/lib/python2.7/dist-packages:/opt/ros/melodic/lib/python2.7/dist-packages', 'QT_X11_NO_MITSHM': '1', 'ROS_ROOT': '/opt/ros/melodic/share/ros', 'PKG_CONFIG_PATH': '/home/ros/catkin_ws/devel/lib/pkgconfig:/opt/ros/melodic/lib/pkgconfig', 'LC_ALL': 'C.UTF-8', '_': '/opt/ros/melodic/bin/roslaunch', 'OLDPWD': '/home/ros', 'HOSTNAME': 'FM00351-u', 'PWD': '/home/ros/catkin_ws', 'ROS_MASTER_URI': 'http://localhost:11311', 'ROS_VERSION': '1'}]
[roslaunch][INFO] 2022-03-09 08:46:35,078: process[rosout-1]: args[[u'/opt/ros/melodic/lib/rosout/rosout', u'__name:=rosout']]
[roslaunch][INFO] 2022-03-09 08:46:35,078: ... created process [rosout-1]
[roslaunch.pmon][INFO] 2022-03-09 08:46:35,078: ProcessMonitor.register[rosout-1]
[roslaunch.pmon][INFO] 2022-03-09 08:46:35,078: ProcessMonitor.register[rosout-1] complete
[roslaunch][INFO] 2022-03-09 08:46:35,078: ... registered process [rosout-1]
[roslaunch][INFO] 2022-03-09 08:46:35,078: process[rosout-1]: starting os process
[roslaunch][INFO] 2022-03-09 08:46:35,078: process[rosout-1]: start w/ args [[u'/opt/ros/melodic/lib/rosout/rosout', u'__name:=rosout', u'__log:=/home/ros/.ros/log/6c85dbf6-9f85-11ec-bbd7-7c507959f385/rosout-1.log']]
[roslaunch][INFO] 2022-03-09 08:46:35,078: process[rosout-1]: cwd will be [/home/ros/.ros]
[roslaunch][INFO] 2022-03-09 08:46:35,144: process[rosout-1]: started with pid [491]
[roslaunch][INFO] 2022-03-09 08:46:35,144: ... successfully launched [rosout-1]
[roslaunch][INFO] 2022-03-09 08:46:35,144: load_parameters starting ...
[roslaunch][INFO] 2022-03-09 08:46:35,146: ... load_parameters complete
[roslaunch][INFO] 2022-03-09 08:46:35,146: launch_nodes: launching local nodes ...
[roslaunch][INFO] 2022-03-09 08:46:35,146: ... preparing to launch node of type [robotiq_2f_gripper_control/Robotiq2FGripperRtuNode.py]
[roslaunch][INFO] 2022-03-09 08:46:35,146: create_node_process: package[robotiq_2f_gripper_control] type[Robotiq2FGripperRtuNode.py] machine[Machine(name[] env_loader[None] address[localhost] ssh_port[22] user[None] assignable[True] timeout[10.0])] master_uri[http://localhost:11311]
[roslaunch][INFO] 2022-03-09 08:46:35,146: process[Robotiq2FGripperRtuNode-2]: env[{'ROS_DISTRO': 'melodic', 'ROSLISP_PACKAGE_DIRECTORIES': '/home/ros/catkin_ws/devel/share/common-lisp', 'LD_LIBRARY_PATH': '/home/ros/catkin_ws/devel/lib:/opt/ros/melodic/lib', 'ROS_PACKAGE_PATH': '/home/ros/catkin_ws/src:/opt/ros/melodic/share', 'PATH': '/opt/ros/melodic/bin:/usr/local/sbin:/usr/local/bin:/usr/sbin:/usr/bin:/sbin:/bin', 'CMAKE_PREFIX_PATH': '/home/ros/catkin_ws/devel:/opt/ros/melodic', 'ROS_LOG_FILENAME': '/home/ros/.ros/log/6c85dbf6-9f85-11ec-bbd7-7c507959f385/roslaunch-FM00351-u-470.log', 'LANG': 'C.UTF-8', 'TERM': 'xterm', 'SHLVL': '1', 'DISPLAY': ':0', 'UNAME': 'ros', 'ROS_ETC_DIR': '/opt/ros/melodic/etc/ros', 'HOME': '/home/ros', 'ROS_PYTHON_VERSION': '2', 'PYTHONPATH': '/home/ros/catkin_ws/devel/lib/python2.7/dist-packages:/opt/ros/melodic/lib/python2.7/dist-packages', 'QT_X11_NO_MITSHM': '1', 'ROS_ROOT': '/opt/ros/melodic/share/ros', 'PKG_CONFIG_PATH': '/home/ros/catkin_ws/devel/lib/pkgconfig:/opt/ros/melodic/lib/pkgconfig', 'LC_ALL': 'C.UTF-8', '_': '/opt/ros/melodic/bin/roslaunch', 'OLDPWD': '/home/ros', 'HOSTNAME': 'FM00351-u', 'PWD': '/home/ros/catkin_ws', 'ROS_MASTER_URI': 'http://localhost:11311', 'ROS_VERSION': '1'}]
[roslaunch][INFO] 2022-03-09 08:46:35,148: process[Robotiq2FGripperRtuNode-2]: args[[u'/home/ros/catkin_ws/src/robotiq/robotiq_2f_gripper_control/nodes/Robotiq2FGripperRtuNode.py', '/dev/ttyUSB0', u'__name:=Robotiq2FGripperRtuNode']]
[roslaunch][INFO] 2022-03-09 08:46:35,148: ... created process [Robotiq2FGripperRtuNode-2]
[roslaunch.pmon][INFO] 2022-03-09 08:46:35,148: ProcessMonitor.register[Robotiq2FGripperRtuNode-2]
[roslaunch.pmon][INFO] 2022-03-09 08:46:35,148: ProcessMonitor.register[Robotiq2FGripperRtuNode-2] complete
[roslaunch][INFO] 2022-03-09 08:46:35,148: ... registered process [Robotiq2FGripperRtuNode-2]
[roslaunch][INFO] 2022-03-09 08:46:35,148: process[Robotiq2FGripperRtuNode-2]: starting os process
[roslaunch][INFO] 2022-03-09 08:46:35,148: process[Robotiq2FGripperRtuNode-2]: start w/ args [[u'/home/ros/catkin_ws/src/robotiq/robotiq_2f_gripper_control/nodes/Robotiq2FGripperRtuNode.py', '/dev/ttyUSB0', u'__name:=Robotiq2FGripperRtuNode', u'__log:=/home/ros/.ros/log/6c85dbf6-9f85-11ec-bbd7-7c507959f385/Robotiq2FGripperRtuNode-2.log']]
[roslaunch][INFO] 2022-03-09 08:46:35,148: process[Robotiq2FGripperRtuNode-2]: cwd will be [/home/ros/.ros]
[roslaunch][INFO] 2022-03-09 08:46:35,212: process[Robotiq2FGripperRtuNode-2]: started with pid [494]
[roslaunch][INFO] 2022-03-09 08:46:35,212: ... successfully launched [Robotiq2FGripperRtuNode-2]
[roslaunch][INFO] 2022-03-09 08:46:35,212: ... preparing to launch node of type [fm_gripper_module/gripper_action_server.py]
[roslaunch][INFO] 2022-03-09 08:46:35,212: create_node_process: package[fm_gripper_module] type[gripper_action_server.py] machine[Machine(name[] env_loader[None] address[localhost] ssh_port[22] user[None] assignable[True] timeout[10.0])] master_uri[http://localhost:11311]
[roslaunch][INFO] 2022-03-09 08:46:35,212: process[gripper_action_server-3]: env[{'ROS_DISTRO': 'melodic', 'ROSLISP_PACKAGE_DIRECTORIES': '/home/ros/catkin_ws/devel/share/common-lisp', 'LD_LIBRARY_PATH': '/home/ros/catkin_ws/devel/lib:/opt/ros/melodic/lib', 'ROS_PACKAGE_PATH': '/home/ros/catkin_ws/src:/opt/ros/melodic/share', 'PATH': '/opt/ros/melodic/bin:/usr/local/sbin:/usr/local/bin:/usr/sbin:/usr/bin:/sbin:/bin', 'CMAKE_PREFIX_PATH': '/home/ros/catkin_ws/devel:/opt/ros/melodic', 'ROS_LOG_FILENAME': '/home/ros/.ros/log/6c85dbf6-9f85-11ec-bbd7-7c507959f385/roslaunch-FM00351-u-470.log', 'LANG': 'C.UTF-8', 'TERM': 'xterm', 'SHLVL': '1', 'DISPLAY': ':0', 'UNAME': 'ros', 'ROS_ETC_DIR': '/opt/ros/melodic/etc/ros', 'HOME': '/home/ros', 'ROS_PYTHON_VERSION': '2', 'PYTHONPATH': '/home/ros/catkin_ws/devel/lib/python2.7/dist-packages:/opt/ros/melodic/lib/python2.7/dist-packages', 'QT_X11_NO_MITSHM': '1', 'ROS_ROOT': '/opt/ros/melodic/share/ros', 'PKG_CONFIG_PATH': '/home/ros/catkin_ws/devel/lib/pkgconfig:/opt/ros/melodic/lib/pkgconfig', 'LC_ALL': 'C.UTF-8', '_': '/opt/ros/melodic/bin/roslaunch', 'OLDPWD': '/home/ros', 'HOSTNAME': 'FM00351-u', 'PWD': '/home/ros/catkin_ws', 'ROS_MASTER_URI': 'http://localhost:11311', 'ROS_VERSION': '1'}]
[roslaunch][INFO] 2022-03-09 08:46:35,213: process[gripper_action_server-3]: args[[u'/home/ros/catkin_ws/src/fm_gripper_module/src/gripper_action_server.py', u'__name:=gripper_action_server']]
[roslaunch][INFO] 2022-03-09 08:46:35,213: ... created process [gripper_action_server-3]
[roslaunch.pmon][INFO] 2022-03-09 08:46:35,213: ProcessMonitor.register[gripper_action_server-3]
[roslaunch.pmon][INFO] 2022-03-09 08:46:35,213: ProcessMonitor.register[gripper_action_server-3] complete
[roslaunch][INFO] 2022-03-09 08:46:35,213: ... registered process [gripper_action_server-3]
[roslaunch][INFO] 2022-03-09 08:46:35,213: process[gripper_action_server-3]: starting os process
[roslaunch][INFO] 2022-03-09 08:46:35,213: process[gripper_action_server-3]: start w/ args [[u'/home/ros/catkin_ws/src/fm_gripper_module/src/gripper_action_server.py', u'__name:=gripper_action_server', u'__log:=/home/ros/.ros/log/6c85dbf6-9f85-11ec-bbd7-7c507959f385/gripper_action_server-3.log']]
[roslaunch][INFO] 2022-03-09 08:46:35,213: process[gripper_action_server-3]: cwd will be [/home/ros/.ros]
[roslaunch][INFO] 2022-03-09 08:46:35,278: process[gripper_action_server-3]: started with pid [499]
[roslaunch][INFO] 2022-03-09 08:46:35,278: ... successfully launched [gripper_action_server-3]
[roslaunch][INFO] 2022-03-09 08:46:35,278: ... launch_nodes complete
[roslaunch.pmon][INFO] 2022-03-09 08:46:35,278: registrations completed <ProcessMonitor(ProcessMonitor-1, started daemon 139944002213632)>
[roslaunch.parent][INFO] 2022-03-09 08:46:35,278: ... roslaunch parent running, waiting for process exit
[roslaunch][INFO] 2022-03-09 08:46:35,278: spin
[roslaunch][ERROR] 2022-03-09 08:46:35,902: [Robotiq2FGripperRtuNode-2] process has died [pid 494, exit code 1, cmd /home/ros/catkin_ws/src/robotiq/robotiq_2f_gripper_control/nodes/Robotiq2FGripperRtuNode.py /dev/ttyUSB0 __name:=Robotiq2FGripperRtuNode __log:=/home/ros/.ros/log/6c85dbf6-9f85-11ec-bbd7-7c507959f385/Robotiq2FGripperRtuNode-2.log].
log file: /home/ros/.ros/log/6c85dbf6-9f85-11ec-bbd7-7c507959f385/Robotiq2FGripperRtuNode-2*.log
[roslaunch.pmon][INFO] 2022-03-09 08:46:35,902: ProcessMonitor.unregister[Robotiq2FGripperRtuNode-2] starting
[roslaunch.pmon][INFO] 2022-03-09 08:46:35,902: ProcessMonitor.unregister[Robotiq2FGripperRtuNode-2] complete
[roslaunch.pmon][INFO] 2022-03-09 08:46:48,824: ProcessMonitor.shutdown <ProcessMonitor(ProcessMonitor-1, started daemon 139944002213632)>
[roslaunch.pmon][INFO] 2022-03-09 08:46:48,845: ProcessMonitor._post_run <ProcessMonitor(ProcessMonitor-1, started daemon 139944002213632)>
[roslaunch.pmon][INFO] 2022-03-09 08:46:48,846: ProcessMonitor._post_run <ProcessMonitor(ProcessMonitor-1, started daemon 139944002213632)>: remaining procs are [<roslaunch.nodeprocess.LocalProcess object at 0x7f4740b58b90>, <roslaunch.nodeprocess.LocalProcess object at 0x7f4740fe3210>, <roslaunch.nodeprocess.LocalProcess object at 0x7f4740b58dd0>]
[roslaunch.pmon][INFO] 2022-03-09 08:46:48,846: ProcessMonitor exit: killing gripper_action_server-3
[roslaunch][INFO] 2022-03-09 08:46:48,847: [gripper_action_server-3] killing on exit
[roslaunch][INFO] 2022-03-09 08:46:48,848: process[gripper_action_server-3]: killing os process with pid[499] pgid[499]
[roslaunch][INFO] 2022-03-09 08:46:48,848: [gripper_action_server-3] sending SIGINT to pgid [499]
[roslaunch][INFO] 2022-03-09 08:46:48,848: [gripper_action_server-3] sent SIGINT to pgid [499]
[roslaunch][INFO] 2022-03-09 08:46:49,550: process[gripper_action_server-3]: SIGINT killed with return value 0
[roslaunch.pmon][INFO] 2022-03-09 08:46:49,551: ProcessMonitor exit: killing rosout-1
[roslaunch][INFO] 2022-03-09 08:46:49,551: [rosout-1] killing on exit
[roslaunch][INFO] 2022-03-09 08:46:49,551: process[rosout-1]: killing os process with pid[491] pgid[491]
[roslaunch][INFO] 2022-03-09 08:46:49,552: [rosout-1] sending SIGINT to pgid [491]
[roslaunch][INFO] 2022-03-09 08:46:49,552: [rosout-1] sent SIGINT to pgid [491]
[roslaunch][INFO] 2022-03-09 08:46:49,753: process[rosout-1]: SIGINT killed with return value 0
[roslaunch.pmon][INFO] 2022-03-09 08:46:49,753: ProcessMonitor exit: killing master
[roslaunch][INFO] 2022-03-09 08:46:49,753: [master] killing on exit
[roslaunch][INFO] 2022-03-09 08:46:49,753: process[master]: killing os process with pid[480] pgid[480]
[roslaunch][INFO] 2022-03-09 08:46:49,753: [master] sending SIGINT to pgid [480]
[roslaunch][INFO] 2022-03-09 08:46:49,753: [master] sent SIGINT to pgid [480]
[roslaunch][INFO] 2022-03-09 08:46:49,954: process[master]: SIGINT killed with return value 0
[roslaunch.pmon][INFO] 2022-03-09 08:46:49,954: ProcessMonitor exit: cleaning up data structures and signals
[roslaunch.pmon][INFO] 2022-03-09 08:46:49,955: ProcessMonitor exit: pmon has shutdown
[roslaunch][INFO] 2022-03-09 08:46:49,971: process monitor is done spinning, initiating full shutdown
[roslaunch][INFO] 2022-03-09 08:46:49,971: runner.stop()
[roslaunch][INFO] 2022-03-09 08:46:49,971: shutting down processing monitor...
[roslaunch][INFO] 2022-03-09 08:46:49,971: shutting down processing monitor <ProcessMonitor(ProcessMonitor-1, stopped daemon 139944002213632)>
[roslaunch.pmon][INFO] 2022-03-09 08:46:49,971: ProcessMonitor.shutdown <ProcessMonitor(ProcessMonitor-1, stopped daemon 139944002213632)>
[roslaunch][INFO] 2022-03-09 08:46:49,971: ... shutting down processing monitor complete
[roslaunch][INFO] 2022-03-09 08:46:49,971: done
[roslaunch.pmon][INFO] 2022-03-09 08:46:49,972: ProcessMonitor.shutdown <ProcessMonitor(ProcessMonitor-1, stopped daemon 139944002213632)>
[rospy.core][INFO] 2022-03-09 08:46:49,972: signal_shutdown [atexit]
