[rospy.client][INFO] 2022-02-14 13:39:08,425: init_node, name[/sensor/tactile_pressure], pid[1065]
[xmlrpc][INFO] 2022-02-14 13:39:08,425: XML-RPC server binding to 0.0.0.0:0
[xmlrpc][INFO] 2022-02-14 13:39:08,425: Started XML-RPC server [http://FM00351-u:41995/]
[rospy.init][INFO] 2022-02-14 13:39:08,425: ROS Slave URI: [http://FM00351-u:41995/]
[rospy.impl.masterslave][INFO] 2022-02-14 13:39:08,425: _ready: http://FM00351-u:41995/
[rospy.registration][INFO] 2022-02-14 13:39:08,426: Registering with master node http://localhost:11311
[xmlrpc][INFO] 2022-02-14 13:39:08,426: xml rpc node: starting XML-RPC server
[rospy.init][INFO] 2022-02-14 13:39:08,525: registered with master
[rospy.rosout][INFO] 2022-02-14 13:39:08,526: initializing /rosout core topic
[rospy.rosout][INFO] 2022-02-14 13:39:08,531: connected to core topic /rosout
[rospy.simtime][INFO] 2022-02-14 13:39:08,532: /use_sim_time is not set, will not subscribe to simulated time [/clock] topic
[rosout][INFO] 2022-02-14 13:39:08,537: ROS Serial Python Node
[rosout][INFO] 2022-02-14 13:39:08,540: Connecting to /dev/ttyACM0/ at 57600 baud
[rosout][ERROR] 2022-02-14 13:39:08,541: Error opening serial: [Errno 21] could not open port /dev/ttyACM0/: [Errno 21] Is a directory: '/dev/ttyACM0/'
[rospy.internal][INFO] 2022-02-14 13:39:08,849: topic[/rosout] adding connection to [/rosout], count 0
[rosout][ERROR] 2022-02-14 13:39:11,543: Error opening serial: [Errno 21] could not open port /dev/ttyACM0/: [Errno 21] Is a directory: '/dev/ttyACM0/'
[rosout][ERROR] 2022-02-14 13:39:14,548: Error opening serial: [Errno 21] could not open port /dev/ttyACM0/: [Errno 21] Is a directory: '/dev/ttyACM0/'
[rospy.core][INFO] 2022-02-14 13:39:17,308: signal_shutdown [signal-2]
[rospy.internal][INFO] 2022-02-14 13:39:17,311: topic[/rosout] removing connection to /rosout
[rospy.impl.masterslave][INFO] 2022-02-14 13:39:17,311: signal-2
[rospy.core][INFO] 2022-02-14 13:39:17,476: signal_shutdown [atexit]
