[rosmaster.main][INFO] 2022-02-23 12:21:38,435: initialization complete, waiting for shutdown
[rosmaster.main][INFO] 2022-02-23 12:21:38,435: Starting ROS Master Node
[xmlrpc][INFO] 2022-02-23 12:21:38,436: XML-RPC server binding to 0.0.0.0:11311
[xmlrpc][INFO] 2022-02-23 12:21:38,436: Started XML-RPC server [http://FM00351-u:11311/]
[xmlrpc][INFO] 2022-02-23 12:21:38,436: xml rpc node: starting XML-RPC server
[rosmaster.master][INFO] 2022-02-23 12:21:38,436: Master initialized: port[11311], uri[http://FM00351-u:11311/]
[rosmaster.master][INFO] 2022-02-23 12:21:38,466: +PARAM [/run_id] by /roslaunch
[rosmaster.master][INFO] 2022-02-23 12:21:38,466: +PARAM [/roslaunch/uris/host_fm00351_u__33959] by /roslaunch
[rosmaster.master][INFO] 2022-02-23 12:21:38,737: +PARAM [/rosversion] by /roslaunch
[rosmaster.master][INFO] 2022-02-23 12:21:38,737: +PARAM [/rosdistro] by /roslaunch
[rosmaster.master][INFO] 2022-02-23 12:21:38,742: +SERVICE [/rosout/get_loggers] /rosout http://FM00351-u:45715/
[rosmaster.master][INFO] 2022-02-23 12:21:38,743: +SERVICE [/rosout/set_logger_level] /rosout http://FM00351-u:45715/
[rosmaster.master][INFO] 2022-02-23 12:21:38,744: +PUB [/rosout_agg] /rosout http://FM00351-u:45715/
[rosmaster.master][INFO] 2022-02-23 12:21:38,745: +SUB [/rosout] /rosout http://FM00351-u:45715/
[rosmaster.master][INFO] 2022-02-23 12:21:39,331: +PUB [/rosout] /Robotiq2FGripperRtuNode http://FM00351-u:36719/
[rosmaster.master][INFO] 2022-02-23 12:21:39,332: +SERVICE [/Robotiq2FGripperRtuNode/get_loggers] /Robotiq2FGripperRtuNode http://FM00351-u:36719/
[rosmaster.master][INFO] 2022-02-23 12:21:39,333: +SERVICE [/Robotiq2FGripperRtuNode/set_logger_level] /Robotiq2FGripperRtuNode http://FM00351-u:36719/
[rosmaster.master][INFO] 2022-02-23 12:21:39,333: +PUB [/Robotiq2FGripperRobotInput] /Robotiq2FGripperRtuNode http://FM00351-u:36719/
[rosmaster.master][INFO] 2022-02-23 12:21:39,334: +SUB [/Robotiq2FGripperRobotOutput] /Robotiq2FGripperRtuNode http://FM00351-u:36719/
[rosmaster.master][INFO] 2022-02-23 12:21:39,335: -SUB [/Robotiq2FGripperRobotOutput] /Robotiq2FGripperRtuNode http://FM00351-u:36719/
[rosmaster.master][INFO] 2022-02-23 12:21:39,335: -PUB [/Robotiq2FGripperRobotInput] /Robotiq2FGripperRtuNode http://FM00351-u:36719/
[rosmaster.master][INFO] 2022-02-23 12:21:39,335: -PUB [/rosout] /Robotiq2FGripperRtuNode http://FM00351-u:36719/
[rosmaster.master][INFO] 2022-02-23 12:21:39,335: -SERVICE [/Robotiq2FGripperRtuNode/get_loggers] /Robotiq2FGripperRtuNode rosrpc://FM00351-u:45383
[rosmaster.master][INFO] 2022-02-23 12:21:39,335: -SERVICE [/Robotiq2FGripperRtuNode/set_logger_level] /Robotiq2FGripperRtuNode rosrpc://FM00351-u:45383
[rosmaster.master][INFO] 2022-02-23 12:21:39,337: publisherUpdate[/rosout] -> http://FM00351-u:45715/ ['http://FM00351-u:36719/']
[rosmaster.master][INFO] 2022-02-23 12:21:39,347: publisherUpdate[/rosout] -> http://FM00351-u:45715/ ['http://FM00351-u:36719/']: sec=0.01, result=[1, '', 0]
[rosmaster.master][INFO] 2022-02-23 12:21:39,347: publisherUpdate[/rosout] -> http://FM00351-u:45715/ []
[rosmaster.master][INFO] 2022-02-23 12:21:39,347: publisherUpdate[/rosout] -> http://FM00351-u:45715/ []: sec=0.00, result=[1, '', 0]
[rosmaster.master][INFO] 2022-02-23 12:21:39,418: +PUB [/rosout] /gripper_action_server http://FM00351-u:34971/
[rosmaster.master][INFO] 2022-02-23 12:21:39,420: +SERVICE [/gripper_action_server/get_loggers] /gripper_action_server http://FM00351-u:34971/
[rosmaster.master][INFO] 2022-02-23 12:21:39,421: +SERVICE [/gripper_action_server/set_logger_level] /gripper_action_server http://FM00351-u:34971/
[rosmaster.master][INFO] 2022-02-23 12:21:39,422: +PUB [/gripper_action_server/status] /gripper_action_server http://FM00351-u:34971/
[rosmaster.master][INFO] 2022-02-23 12:21:39,423: +PUB [/gripper_action_server/result] /gripper_action_server http://FM00351-u:34971/
[rosmaster.master][INFO] 2022-02-23 12:21:39,423: +PUB [/gripper_action_server/feedback] /gripper_action_server http://FM00351-u:34971/
[rosmaster.master][INFO] 2022-02-23 12:21:39,425: +SUB [/gripper_action_server/goal] /gripper_action_server http://FM00351-u:34971/
[rosmaster.master][INFO] 2022-02-23 12:21:39,425: +SUB [/gripper_action_server/cancel] /gripper_action_server http://FM00351-u:34971/
[rosmaster.master][INFO] 2022-02-23 12:21:39,437: publisherUpdate[/rosout] -> http://FM00351-u:45715/ ['http://FM00351-u:34971/']
[rosmaster.master][INFO] 2022-02-23 12:21:39,445: publisherUpdate[/rosout] -> http://FM00351-u:45715/ ['http://FM00351-u:34971/']: sec=0.01, result=[1, '', 0]
[rosmaster.master][INFO] 2022-02-23 12:21:45,206: -SUB [/gripper_action_server/goal] /gripper_action_server http://FM00351-u:34971/
[rosmaster.master][INFO] 2022-02-23 12:21:45,206: -SUB [/gripper_action_server/cancel] /gripper_action_server http://FM00351-u:34971/
[rosmaster.master][INFO] 2022-02-23 12:21:45,206: -PUB [/gripper_action_server/feedback] /gripper_action_server http://FM00351-u:34971/
[rosmaster.master][INFO] 2022-02-23 12:21:45,206: -PUB [/gripper_action_server/status] /gripper_action_server http://FM00351-u:34971/
[rosmaster.master][INFO] 2022-02-23 12:21:45,206: -PUB [/rosout] /gripper_action_server http://FM00351-u:34971/
[rosmaster.master][INFO] 2022-02-23 12:21:45,206: -PUB [/gripper_action_server/result] /gripper_action_server http://FM00351-u:34971/
[rosmaster.master][INFO] 2022-02-23 12:21:45,206: -SERVICE [/gripper_action_server/get_loggers] /gripper_action_server rosrpc://FM00351-u:40091
[rosmaster.master][INFO] 2022-02-23 12:21:45,206: -SERVICE [/gripper_action_server/set_logger_level] /gripper_action_server rosrpc://FM00351-u:40091
[rosmaster.master][INFO] 2022-02-23 12:21:45,251: publisherUpdate[/rosout] -> http://FM00351-u:45715/ []
[rosmaster.master][INFO] 2022-02-23 12:21:45,261: publisherUpdate[/rosout] -> http://FM00351-u:45715/ []: sec=0.01, result=[1, '', 0]
[rosmaster.master][INFO] 2022-02-23 12:21:45,462: -PUB [/rosout_agg] /rosout http://FM00351-u:45715/
[rosmaster.master][INFO] 2022-02-23 12:21:45,462: -SUB [/rosout] /rosout http://FM00351-u:45715/
[rosmaster.master][INFO] 2022-02-23 12:21:45,463: -SERVICE [/rosout/get_loggers] /rosout rosrpc://FM00351-u:52055
[rosmaster.master][INFO] 2022-02-23 12:21:45,463: -SERVICE [/rosout/set_logger_level] /rosout rosrpc://FM00351-u:52055
[rosmaster.main][INFO] 2022-02-23 12:21:45,506: keyboard interrupt, will exit
[rosmaster.main][INFO] 2022-02-23 12:21:45,506: stopping master...
[rospy.core][INFO] 2022-02-23 12:21:45,506: signal_shutdown [atexit]
