[roslaunch][INFO] 2022-02-23 12:21:37,866: Checking log directory for disk usage. This may take a while.
Press Ctrl-C to interrupt
[roslaunch][INFO] 2022-02-23 12:21:37,870: Done checking log file disk usage. Usage is <1GB.
[roslaunch][INFO] 2022-02-23 12:21:37,870: roslaunch starting with args ['/opt/ros/melodic/bin/roslaunch', 'fm_gripper_module', 'fm_gripper_module.launch']
[roslaunch][INFO] 2022-02-23 12:21:37,870: roslaunch env is {'ROS_DISTRO': 'melodic', 'ROSLISP_PACKAGE_DIRECTORIES': '/home/ros/catkin_ws/devel/share/common-lisp', 'HOME': '/home/ros', 'PATH': '/opt/ros/melodic/bin:/usr/local/sbin:/usr/local/bin:/usr/sbin:/usr/bin:/sbin:/bin', 'ROS_PACKAGE_PATH': '/home/ros/catkin_ws/src:/opt/ros/melodic/share', 'CMAKE_PREFIX_PATH': '/home/ros/catkin_ws/devel:/opt/ros/melodic', 'LD_LIBRARY_PATH': '/home/ros/catkin_ws/devel/lib:/opt/ros/melodic/lib', 'LANG': 'C.UTF-8', 'TERM': 'xterm', 'ROS_LOG_FILENAME': '/home/ros/.ros/log/25e4c51e-94a3-11ec-9dd9-7c507959f385/roslaunch-FM00351-u-423.log', 'SHLVL': '1', 'DISPLAY': ':0', 'UNAME': 'ros', 'ROS_MASTER_URI': 'http://localhost:11311', 'ROS_PYTHON_VERSION': '2', 'PYTHONPATH': '/home/ros/catkin_ws/devel/lib/python2.7/dist-packages:/opt/ros/melodic/lib/python2.7/dist-packages', 'QT_X11_NO_MITSHM': '1', 'ROS_ROOT': '/opt/ros/melodic/share/ros', 'PKG_CONFIG_PATH': '/home/ros/catkin_ws/devel/lib/pkgconfig:/opt/ros/melodic/lib/pkgconfig', 'LC_ALL': 'C.UTF-8', '_': '/opt/ros/melodic/bin/roslaunch', 'OLDPWD': '/home/ros', 'HOSTNAME': 'FM00351-u', 'PWD': '/home/ros/catkin_ws', 'ROS_ETC_DIR': '/opt/ros/melodic/etc/ros', 'ROS_VERSION': '1'}
[roslaunch][INFO] 2022-02-23 12:21:37,870: starting in server mode
[roslaunch.parent][INFO] 2022-02-23 12:21:37,870: starting roslaunch parent run
[roslaunch][INFO] 2022-02-23 12:21:37,870: loading roscore config file /opt/ros/melodic/etc/ros/roscore.xml
[roslaunch][INFO] 2022-02-23 12:21:38,179: Added core node of type [rosout/rosout] in namespace [/]
[roslaunch.config][INFO] 2022-02-23 12:21:38,179: loading config file /home/ros/catkin_ws/src/fm_gripper_module/launch/fm_gripper_module.launch
[roslaunch][INFO] 2022-02-23 12:21:38,179: Added node of type [robotiq_2f_gripper_control/Robotiq2FGripperRtuNode.py] in namespace [/]
[roslaunch][INFO] 2022-02-23 12:21:38,179: Added node of type [fm_gripper_module/gripper_action_server.py] in namespace [/]
[roslaunch][INFO] 2022-02-23 12:21:38,180: ... selected machine [] for node of type [robotiq_2f_gripper_control/Robotiq2FGripperRtuNode.py]
[roslaunch][INFO] 2022-02-23 12:21:38,180: ... selected machine [] for node of type [fm_gripper_module/gripper_action_server.py]
[roslaunch.pmon][INFO] 2022-02-23 12:21:38,180: start_process_monitor: creating ProcessMonitor
[roslaunch.pmon][INFO] 2022-02-23 12:21:38,180: created process monitor <ProcessMonitor(ProcessMonitor-1, initial daemon)>
[roslaunch.pmon][INFO] 2022-02-23 12:21:38,180: start_process_monitor: ProcessMonitor started
[roslaunch.parent][INFO] 2022-02-23 12:21:38,181: starting parent XML-RPC server
[roslaunch.server][INFO] 2022-02-23 12:21:38,181: starting roslaunch XML-RPC server
[roslaunch.server][INFO] 2022-02-23 12:21:38,181: waiting for roslaunch XML-RPC server to initialize
[xmlrpc][INFO] 2022-02-23 12:21:38,181: XML-RPC server binding to 0.0.0.0:0
[xmlrpc][INFO] 2022-02-23 12:21:38,181: Started XML-RPC server [http://FM00351-u:33959/]
[xmlrpc][INFO] 2022-02-23 12:21:38,181: xml rpc node: starting XML-RPC server
[roslaunch][INFO] 2022-02-23 12:21:38,192: started roslaunch server http://FM00351-u:33959/
[roslaunch.parent][INFO] 2022-02-23 12:21:38,193: ... parent XML-RPC server started
[roslaunch][INFO] 2022-02-23 12:21:38,193: master.is_running[http://localhost:11311]
[roslaunch][INFO] 2022-02-23 12:21:38,193: auto-starting new master
[roslaunch][INFO] 2022-02-23 12:21:38,193: create_master_process: rosmaster, /opt/ros/melodic/share/ros, 11311, 3, None, False
[roslaunch][INFO] 2022-02-23 12:21:38,193: process[master]: launching with args [['rosmaster', '--core', '-p', '11311', '-w', '3']]
[roslaunch.pmon][INFO] 2022-02-23 12:21:38,193: ProcessMonitor.register[master]
[roslaunch.pmon][INFO] 2022-02-23 12:21:38,193: ProcessMonitor.register[master] complete
[roslaunch][INFO] 2022-02-23 12:21:38,193: process[master]: starting os process
[roslaunch][INFO] 2022-02-23 12:21:38,193: process[master]: start w/ args [['rosmaster', '--core', '-p', '11311', '-w', '3', '__log:=/home/ros/.ros/log/25e4c51e-94a3-11ec-9dd9-7c507959f385/master.log']]
[roslaunch][INFO] 2022-02-23 12:21:38,193: process[master]: cwd will be [/home/ros/.ros]
[roslaunch][INFO] 2022-02-23 12:21:38,261: process[master]: started with pid [433]
[roslaunch][INFO] 2022-02-23 12:21:38,261: master.is_running[http://localhost:11311]
[roslaunch][INFO] 2022-02-23 12:21:38,362: master.is_running[http://localhost:11311]
[roslaunch][INFO] 2022-02-23 12:21:38,462: master.is_running[http://localhost:11311]
[roslaunch][INFO] 2022-02-23 12:21:38,464: master.is_running[http://localhost:11311]
[roslaunch][INFO] 2022-02-23 12:21:38,465: ROS_MASTER_URI=http://localhost:11311
[roslaunch][INFO] 2022-02-23 12:21:38,465: setting /run_id to 25e4c51e-94a3-11ec-9dd9-7c507959f385
[roslaunch][INFO] 2022-02-23 12:21:38,466: setting /roslaunch/uris/host_fm00351_u__33959' to http://FM00351-u:33959/
[roslaunch][INFO] 2022-02-23 12:21:38,468: ... preparing to launch node of type [rosout/rosout]
[roslaunch][INFO] 2022-02-23 12:21:38,468: create_node_process: package[rosout] type[rosout] machine[Machine(name[] env_loader[None] address[localhost] ssh_port[22] user[None] assignable[True] timeout[10.0])] master_uri[http://localhost:11311]
[roslaunch][INFO] 2022-02-23 12:21:38,468: process[rosout-1]: env[{'ROS_DISTRO': 'melodic', 'ROSLISP_PACKAGE_DIRECTORIES': '/home/ros/catkin_ws/devel/share/common-lisp', 'LD_LIBRARY_PATH': '/home/ros/catkin_ws/devel/lib:/opt/ros/melodic/lib', 'ROS_PACKAGE_PATH': '/home/ros/catkin_ws/src:/opt/ros/melodic/share', 'PATH': '/opt/ros/melodic/bin:/usr/local/sbin:/usr/local/bin:/usr/sbin:/usr/bin:/sbin:/bin', 'CMAKE_PREFIX_PATH': '/home/ros/catkin_ws/devel:/opt/ros/melodic', 'ROS_LOG_FILENAME': '/home/ros/.ros/log/25e4c51e-94a3-11ec-9dd9-7c507959f385/roslaunch-FM00351-u-423.log', 'LANG': 'C.UTF-8', 'TERM': 'xterm', 'SHLVL': '1', 'DISPLAY': ':0', 'UNAME': 'ros', 'ROS_ETC_DIR': '/opt/ros/melodic/etc/ros', 'HOME': '/home/ros', 'ROS_PYTHON_VERSION': '2', 'PYTHONPATH': '/home/ros/catkin_ws/devel/lib/python2.7/dist-packages:/opt/ros/melodic/lib/python2.7/dist-packages', 'QT_X11_NO_MITSHM': '1', 'ROS_ROOT': '/opt/ros/melodic/share/ros', 'PKG_CONFIG_PATH': '/home/ros/catkin_ws/devel/lib/pkgconfig:/opt/ros/melodic/lib/pkgconfig', 'LC_ALL': 'C.UTF-8', '_': '/opt/ros/melodic/bin/roslaunch', 'OLDPWD': '/home/ros', 'HOSTNAME': 'FM00351-u', 'PWD': '/home/ros/catkin_ws', 'ROS_MASTER_URI': 'http://localhost:11311', 'ROS_VERSION': '1'}]
[roslaunch][INFO] 2022-02-23 12:21:38,668: process[rosout-1]: args[[u'/opt/ros/melodic/lib/rosout/rosout', u'__name:=rosout']]
[roslaunch][INFO] 2022-02-23 12:21:38,668: ... created process [rosout-1]
[roslaunch.pmon][INFO] 2022-02-23 12:21:38,668: ProcessMonitor.register[rosout-1]
[roslaunch.pmon][INFO] 2022-02-23 12:21:38,668: ProcessMonitor.register[rosout-1] complete
[roslaunch][INFO] 2022-02-23 12:21:38,668: ... registered process [rosout-1]
[roslaunch][INFO] 2022-02-23 12:21:38,668: process[rosout-1]: starting os process
[roslaunch][INFO] 2022-02-23 12:21:38,669: process[rosout-1]: start w/ args [[u'/opt/ros/melodic/lib/rosout/rosout', u'__name:=rosout', u'__log:=/home/ros/.ros/log/25e4c51e-94a3-11ec-9dd9-7c507959f385/rosout-1.log']]
[roslaunch][INFO] 2022-02-23 12:21:38,669: process[rosout-1]: cwd will be [/home/ros/.ros]
[roslaunch][INFO] 2022-02-23 12:21:38,735: process[rosout-1]: started with pid [444]
[roslaunch][INFO] 2022-02-23 12:21:38,735: ... successfully launched [rosout-1]
[roslaunch][INFO] 2022-02-23 12:21:38,735: load_parameters starting ...
[roslaunch][INFO] 2022-02-23 12:21:38,738: ... load_parameters complete
[roslaunch][INFO] 2022-02-23 12:21:38,738: launch_nodes: launching local nodes ...
[roslaunch][INFO] 2022-02-23 12:21:38,738: ... preparing to launch node of type [robotiq_2f_gripper_control/Robotiq2FGripperRtuNode.py]
[roslaunch][INFO] 2022-02-23 12:21:38,738: create_node_process: package[robotiq_2f_gripper_control] type[Robotiq2FGripperRtuNode.py] machine[Machine(name[] env_loader[None] address[localhost] ssh_port[22] user[None] assignable[True] timeout[10.0])] master_uri[http://localhost:11311]
[roslaunch][INFO] 2022-02-23 12:21:38,738: process[Robotiq2FGripperRtuNode-2]: env[{'ROS_DISTRO': 'melodic', 'ROSLISP_PACKAGE_DIRECTORIES': '/home/ros/catkin_ws/devel/share/common-lisp', 'LD_LIBRARY_PATH': '/home/ros/catkin_ws/devel/lib:/opt/ros/melodic/lib', 'ROS_PACKAGE_PATH': '/home/ros/catkin_ws/src:/opt/ros/melodic/share', 'PATH': '/opt/ros/melodic/bin:/usr/local/sbin:/usr/local/bin:/usr/sbin:/usr/bin:/sbin:/bin', 'CMAKE_PREFIX_PATH': '/home/ros/catkin_ws/devel:/opt/ros/melodic', 'ROS_LOG_FILENAME': '/home/ros/.ros/log/25e4c51e-94a3-11ec-9dd9-7c507959f385/roslaunch-FM00351-u-423.log', 'LANG': 'C.UTF-8', 'TERM': 'xterm', 'SHLVL': '1', 'DISPLAY': ':0', 'UNAME': 'ros', 'ROS_ETC_DIR': '/opt/ros/melodic/etc/ros', 'HOME': '/home/ros', 'ROS_PYTHON_VERSION': '2', 'PYTHONPATH': '/home/ros/catkin_ws/devel/lib/python2.7/dist-packages:/opt/ros/melodic/lib/python2.7/dist-packages', 'QT_X11_NO_MITSHM': '1', 'ROS_ROOT': '/opt/ros/melodic/share/ros', 'PKG_CONFIG_PATH': '/home/ros/catkin_ws/devel/lib/pkgconfig:/opt/ros/melodic/lib/pkgconfig', 'LC_ALL': 'C.UTF-8', '_': '/opt/ros/melodic/bin/roslaunch', 'OLDPWD': '/home/ros', 'HOSTNAME': 'FM00351-u', 'PWD': '/home/ros/catkin_ws', 'ROS_MASTER_URI': 'http://localhost:11311', 'ROS_VERSION': '1'}]
[roslaunch][INFO] 2022-02-23 12:21:38,739: process[Robotiq2FGripperRtuNode-2]: args[[u'/home/ros/catkin_ws/src/robotiq/robotiq_2f_gripper_control/nodes/Robotiq2FGripperRtuNode.py', '/dev/ttyUSB0', u'__name:=Robotiq2FGripperRtuNode']]
[roslaunch][INFO] 2022-02-23 12:21:38,739: ... created process [Robotiq2FGripperRtuNode-2]
[roslaunch.pmon][INFO] 2022-02-23 12:21:38,739: ProcessMonitor.register[Robotiq2FGripperRtuNode-2]
[roslaunch.pmon][INFO] 2022-02-23 12:21:38,739: ProcessMonitor.register[Robotiq2FGripperRtuNode-2] complete
[roslaunch][INFO] 2022-02-23 12:21:38,739: ... registered process [Robotiq2FGripperRtuNode-2]
[roslaunch][INFO] 2022-02-23 12:21:38,739: process[Robotiq2FGripperRtuNode-2]: starting os process
[roslaunch][INFO] 2022-02-23 12:21:38,739: process[Robotiq2FGripperRtuNode-2]: start w/ args [[u'/home/ros/catkin_ws/src/robotiq/robotiq_2f_gripper_control/nodes/Robotiq2FGripperRtuNode.py', '/dev/ttyUSB0', u'__name:=Robotiq2FGripperRtuNode', u'__log:=/home/ros/.ros/log/25e4c51e-94a3-11ec-9dd9-7c507959f385/Robotiq2FGripperRtuNode-2.log']]
[roslaunch][INFO] 2022-02-23 12:21:38,739: process[Robotiq2FGripperRtuNode-2]: cwd will be [/home/ros/.ros]
[roslaunch][INFO] 2022-02-23 12:21:38,808: process[Robotiq2FGripperRtuNode-2]: started with pid [447]
[roslaunch][INFO] 2022-02-23 12:21:38,808: ... successfully launched [Robotiq2FGripperRtuNode-2]
[roslaunch][INFO] 2022-02-23 12:21:38,808: ... preparing to launch node of type [fm_gripper_module/gripper_action_server.py]
[roslaunch][INFO] 2022-02-23 12:21:38,808: create_node_process: package[fm_gripper_module] type[gripper_action_server.py] machine[Machine(name[] env_loader[None] address[localhost] ssh_port[22] user[None] assignable[True] timeout[10.0])] master_uri[http://localhost:11311]
[roslaunch][INFO] 2022-02-23 12:21:38,808: process[gripper_action_server-3]: env[{'ROS_DISTRO': 'melodic', 'ROSLISP_PACKAGE_DIRECTORIES': '/home/ros/catkin_ws/devel/share/common-lisp', 'LD_LIBRARY_PATH': '/home/ros/catkin_ws/devel/lib:/opt/ros/melodic/lib', 'ROS_PACKAGE_PATH': '/home/ros/catkin_ws/src:/opt/ros/melodic/share', 'PATH': '/opt/ros/melodic/bin:/usr/local/sbin:/usr/local/bin:/usr/sbin:/usr/bin:/sbin:/bin', 'CMAKE_PREFIX_PATH': '/home/ros/catkin_ws/devel:/opt/ros/melodic', 'ROS_LOG_FILENAME': '/home/ros/.ros/log/25e4c51e-94a3-11ec-9dd9-7c507959f385/roslaunch-FM00351-u-423.log', 'LANG': 'C.UTF-8', 'TERM': 'xterm', 'SHLVL': '1', 'DISPLAY': ':0', 'UNAME': 'ros', 'ROS_ETC_DIR': '/opt/ros/melodic/etc/ros', 'HOME': '/home/ros', 'ROS_PYTHON_VERSION': '2', 'PYTHONPATH': '/home/ros/catkin_ws/devel/lib/python2.7/dist-packages:/opt/ros/melodic/lib/python2.7/dist-packages', 'QT_X11_NO_MITSHM': '1', 'ROS_ROOT': '/opt/ros/melodic/share/ros', 'PKG_CONFIG_PATH': '/home/ros/catkin_ws/devel/lib/pkgconfig:/opt/ros/melodic/lib/pkgconfig', 'LC_ALL': 'C.UTF-8', '_': '/opt/ros/melodic/bin/roslaunch', 'OLDPWD': '/home/ros', 'HOSTNAME': 'FM00351-u', 'PWD': '/home/ros/catkin_ws', 'ROS_MASTER_URI': 'http://localhost:11311', 'ROS_VERSION': '1'}]
[roslaunch][INFO] 2022-02-23 12:21:38,809: process[gripper_action_server-3]: args[[u'/home/ros/catkin_ws/src/fm_gripper_module/src/gripper_action_server.py', u'__name:=gripper_action_server']]
[roslaunch][INFO] 2022-02-23 12:21:38,809: ... created process [gripper_action_server-3]
[roslaunch.pmon][INFO] 2022-02-23 12:21:38,809: ProcessMonitor.register[gripper_action_server-3]
[roslaunch.pmon][INFO] 2022-02-23 12:21:38,809: ProcessMonitor.register[gripper_action_server-3] complete
[roslaunch][INFO] 2022-02-23 12:21:38,809: ... registered process [gripper_action_server-3]
[roslaunch][INFO] 2022-02-23 12:21:38,809: process[gripper_action_server-3]: starting os process
[roslaunch][INFO] 2022-02-23 12:21:38,809: process[gripper_action_server-3]: start w/ args [[u'/home/ros/catkin_ws/src/fm_gripper_module/src/gripper_action_server.py', u'__name:=gripper_action_server', u'__log:=/home/ros/.ros/log/25e4c51e-94a3-11ec-9dd9-7c507959f385/gripper_action_server-3.log']]
[roslaunch][INFO] 2022-02-23 12:21:38,809: process[gripper_action_server-3]: cwd will be [/home/ros/.ros]
[roslaunch][INFO] 2022-02-23 12:21:38,879: process[gripper_action_server-3]: started with pid [452]
[roslaunch][INFO] 2022-02-23 12:21:38,879: ... successfully launched [gripper_action_server-3]
[roslaunch][INFO] 2022-02-23 12:21:38,879: ... launch_nodes complete
[roslaunch.pmon][INFO] 2022-02-23 12:21:38,879: registrations completed <ProcessMonitor(ProcessMonitor-1, started daemon 140678545557248)>
[roslaunch.parent][INFO] 2022-02-23 12:21:38,880: ... roslaunch parent running, waiting for process exit
[roslaunch][INFO] 2022-02-23 12:21:38,880: spin
[roslaunch][ERROR] 2022-02-23 12:21:39,484: [Robotiq2FGripperRtuNode-2] process has died [pid 447, exit code 1, cmd /home/ros/catkin_ws/src/robotiq/robotiq_2f_gripper_control/nodes/Robotiq2FGripperRtuNode.py /dev/ttyUSB0 __name:=Robotiq2FGripperRtuNode __log:=/home/ros/.ros/log/25e4c51e-94a3-11ec-9dd9-7c507959f385/Robotiq2FGripperRtuNode-2.log].
log file: /home/ros/.ros/log/25e4c51e-94a3-11ec-9dd9-7c507959f385/Robotiq2FGripperRtuNode-2*.log
[roslaunch.pmon][INFO] 2022-02-23 12:21:39,484: ProcessMonitor.unregister[Robotiq2FGripperRtuNode-2] starting
[roslaunch.pmon][INFO] 2022-02-23 12:21:39,484: ProcessMonitor.unregister[Robotiq2FGripperRtuNode-2] complete
[roslaunch.pmon][INFO] 2022-02-23 12:21:45,190: ProcessMonitor.shutdown <ProcessMonitor(ProcessMonitor-1, started daemon 140678545557248)>
[roslaunch.pmon][INFO] 2022-02-23 12:21:45,200: ProcessMonitor._post_run <ProcessMonitor(ProcessMonitor-1, started daemon 140678545557248)>
[roslaunch.pmon][INFO] 2022-02-23 12:21:45,201: ProcessMonitor._post_run <ProcessMonitor(ProcessMonitor-1, started daemon 140678545557248)>: remaining procs are [<roslaunch.nodeprocess.LocalProcess object at 0x7ff246e77b90>, <roslaunch.nodeprocess.LocalProcess object at 0x7ff247302210>, <roslaunch.nodeprocess.LocalProcess object at 0x7ff246e77dd0>]
[roslaunch.pmon][INFO] 2022-02-23 12:21:45,201: ProcessMonitor exit: killing gripper_action_server-3
[roslaunch][INFO] 2022-02-23 12:21:45,202: [gripper_action_server-3] killing on exit
[roslaunch][INFO] 2022-02-23 12:21:45,203: process[gripper_action_server-3]: killing os process with pid[452] pgid[452]
[roslaunch][INFO] 2022-02-23 12:21:45,203: [gripper_action_server-3] sending SIGINT to pgid [452]
[roslaunch][INFO] 2022-02-23 12:21:45,204: [gripper_action_server-3] sent SIGINT to pgid [452]
[roslaunch][INFO] 2022-02-23 12:21:45,404: process[gripper_action_server-3]: SIGINT killed with return value 0
[roslaunch.pmon][INFO] 2022-02-23 12:21:45,405: ProcessMonitor exit: killing rosout-1
[roslaunch][INFO] 2022-02-23 12:21:45,405: [rosout-1] killing on exit
[roslaunch][INFO] 2022-02-23 12:21:45,405: process[rosout-1]: killing os process with pid[444] pgid[444]
[roslaunch][INFO] 2022-02-23 12:21:45,405: [rosout-1] sending SIGINT to pgid [444]
[roslaunch][INFO] 2022-02-23 12:21:45,405: [rosout-1] sent SIGINT to pgid [444]
[roslaunch][INFO] 2022-02-23 12:21:45,505: process[rosout-1]: SIGINT killed with return value 0
[roslaunch.pmon][INFO] 2022-02-23 12:21:45,505: ProcessMonitor exit: killing master
[roslaunch][INFO] 2022-02-23 12:21:45,505: [master] killing on exit
[roslaunch][INFO] 2022-02-23 12:21:45,506: process[master]: killing os process with pid[433] pgid[433]
[roslaunch][INFO] 2022-02-23 12:21:45,506: [master] sending SIGINT to pgid [433]
[roslaunch][INFO] 2022-02-23 12:21:45,506: [master] sent SIGINT to pgid [433]
[roslaunch][INFO] 2022-02-23 12:21:45,706: process[master]: SIGINT killed with return value 0
[roslaunch.pmon][INFO] 2022-02-23 12:21:45,707: ProcessMonitor exit: cleaning up data structures and signals
[roslaunch.pmon][INFO] 2022-02-23 12:21:45,707: ProcessMonitor exit: pmon has shutdown
[roslaunch][INFO] 2022-02-23 12:21:45,756: process monitor is done spinning, initiating full shutdown
[roslaunch][INFO] 2022-02-23 12:21:45,756: runner.stop()
[roslaunch][INFO] 2022-02-23 12:21:45,756: shutting down processing monitor...
[roslaunch][INFO] 2022-02-23 12:21:45,756: shutting down processing monitor <ProcessMonitor(ProcessMonitor-1, stopped daemon 140678545557248)>
[roslaunch.pmon][INFO] 2022-02-23 12:21:45,756: ProcessMonitor.shutdown <ProcessMonitor(ProcessMonitor-1, stopped daemon 140678545557248)>
[roslaunch][INFO] 2022-02-23 12:21:45,757: ... shutting down processing monitor complete
[roslaunch][INFO] 2022-02-23 12:21:45,757: done
[roslaunch.pmon][INFO] 2022-02-23 12:21:45,757: ProcessMonitor.shutdown <ProcessMonitor(ProcessMonitor-1, stopped daemon 140678545557248)>
[rospy.core][INFO] 2022-02-23 12:21:45,757: signal_shutdown [atexit]
