[rosmaster.main][INFO] 2022-02-14 15:13:44,398: initialization complete, waiting for shutdown
[rosmaster.main][INFO] 2022-02-14 15:13:44,398: Starting ROS Master Node
[xmlrpc][INFO] 2022-02-14 15:13:44,399: XML-RPC server binding to 0.0.0.0:11311
[xmlrpc][INFO] 2022-02-14 15:13:44,399: Started XML-RPC server [http://FM00351-u:11311/]
[rosmaster.master][INFO] 2022-02-14 15:13:44,399: Master initialized: port[11311], uri[http://FM00351-u:11311/]
[xmlrpc][INFO] 2022-02-14 15:13:44,399: xml rpc node: starting XML-RPC server
[rosmaster.master][INFO] 2022-02-14 15:13:44,435: +PARAM [/run_id] by /roslaunch
[rosmaster.master][INFO] 2022-02-14 15:13:44,437: +PARAM [/roslaunch/uris/host_fm00351_u__34387] by /roslaunch
[rosmaster.master][INFO] 2022-02-14 15:13:44,706: +PARAM [/rosversion] by /roslaunch
[rosmaster.master][INFO] 2022-02-14 15:13:44,706: +PARAM [/rosdistro] by /roslaunch
[rosmaster.master][INFO] 2022-02-14 15:13:44,711: +SERVICE [/rosout/get_loggers] /rosout http://FM00351-u:40075/
[rosmaster.master][INFO] 2022-02-14 15:13:44,712: +SERVICE [/rosout/set_logger_level] /rosout http://FM00351-u:40075/
[rosmaster.master][INFO] 2022-02-14 15:13:44,712: +PUB [/rosout_agg] /rosout http://FM00351-u:40075/
[rosmaster.master][INFO] 2022-02-14 15:13:44,713: +SUB [/rosout] /rosout http://FM00351-u:40075/
[rosmaster.master][INFO] 2022-02-14 15:13:45,065: +PUB [/rosout] /frogs http://FM00351-u:41961/
[rosmaster.master][INFO] 2022-02-14 15:13:45,067: +SERVICE [/frogs/get_loggers] /frogs http://FM00351-u:41961/
[rosmaster.master][INFO] 2022-02-14 15:13:45,067: +SERVICE [/frogs/set_logger_level] /frogs http://FM00351-u:41961/
[rosmaster.master][INFO] 2022-02-14 15:13:45,068: +PUB [/gripper_action_server/status] /frogs http://FM00351-u:41961/
[rosmaster.master][INFO] 2022-02-14 15:13:45,069: +PUB [/gripper_action_server/result] /frogs http://FM00351-u:41961/
[rosmaster.master][INFO] 2022-02-14 15:13:45,069: +PUB [/gripper_action_server/feedback] /frogs http://FM00351-u:41961/
[rosmaster.master][INFO] 2022-02-14 15:13:45,070: +SUB [/gripper_action_server/goal] /frogs http://FM00351-u:41961/
[rosmaster.master][INFO] 2022-02-14 15:13:45,071: +SUB [/gripper_action_server/cancel] /frogs http://FM00351-u:41961/
[rosmaster.master][INFO] 2022-02-14 15:13:45,072: +PUB [/Robotiq2FGripperRobotOutput] /frogs http://FM00351-u:41961/
[rosmaster.master][INFO] 2022-02-14 15:13:45,072: +SUB [/Robotiq2FGripperRobotInput] /frogs http://FM00351-u:41961/
[rosmaster.master][INFO] 2022-02-14 15:13:45,099: publisherUpdate[/rosout] -> http://FM00351-u:40075/ ['http://FM00351-u:41961/']
[rosmaster.master][INFO] 2022-02-14 15:13:45,107: publisherUpdate[/rosout] -> http://FM00351-u:40075/ ['http://FM00351-u:41961/']: sec=0.01, result=[1, '', 0]
[rosmaster.master][INFO] 2022-02-14 15:13:49,141: +PUB [/rosout] /robotiq2FGripper http://FM00351-u:39251/
[rosmaster.master][INFO] 2022-02-14 15:13:49,146: +SERVICE [/robotiq2FGripper/get_loggers] /robotiq2FGripper http://FM00351-u:39251/
[rosmaster.master][INFO] 2022-02-14 15:13:49,147: +SERVICE [/robotiq2FGripper/set_logger_level] /robotiq2FGripper http://FM00351-u:39251/
[rosmaster.master][INFO] 2022-02-14 15:13:49,149: +PUB [/Robotiq2FGripperRobotInput] /robotiq2FGripper http://FM00351-u:39251/
[rosmaster.master][INFO] 2022-02-14 15:13:49,152: +SUB [/Robotiq2FGripperRobotOutput] /robotiq2FGripper http://FM00351-u:39251/
[rosmaster.master][INFO] 2022-02-14 15:13:49,208: publisherUpdate[/rosout] -> http://FM00351-u:40075/ ['http://FM00351-u:41961/', 'http://FM00351-u:39251/']
[rosmaster.master][INFO] 2022-02-14 15:13:49,209: publisherUpdate[/Robotiq2FGripperRobotInput] -> http://FM00351-u:41961/ ['http://FM00351-u:39251/']
[rosmaster.master][INFO] 2022-02-14 15:13:49,213: publisherUpdate[/Robotiq2FGripperRobotInput] -> http://FM00351-u:41961/ ['http://FM00351-u:39251/']: sec=0.00, result=[1, '', 0]
[rosmaster.master][INFO] 2022-02-14 15:13:49,218: publisherUpdate[/rosout] -> http://FM00351-u:40075/ ['http://FM00351-u:41961/', 'http://FM00351-u:39251/']: sec=0.01, result=[1, '', 0]
[rosmaster.master][INFO] 2022-02-14 15:14:12,623: +PUB [/rosout] /rostopic_2054_1644851652459 http://FM00351-u:33829/
[rosmaster.master][INFO] 2022-02-14 15:14:12,627: +SERVICE [/rostopic_2054_1644851652459/get_loggers] /rostopic_2054_1644851652459 http://FM00351-u:33829/
[rosmaster.master][INFO] 2022-02-14 15:14:12,629: +SERVICE [/rostopic_2054_1644851652459/set_logger_level] /rostopic_2054_1644851652459 http://FM00351-u:33829/
[rosmaster.master][INFO] 2022-02-14 15:14:12,638: +SUB [/Robotiq2FGripperRobotInput] /rostopic_2054_1644851652459 http://FM00351-u:33829/
[rosmaster.master][INFO] 2022-02-14 15:14:12,665: publisherUpdate[/rosout] -> http://FM00351-u:40075/ ['http://FM00351-u:41961/', 'http://FM00351-u:39251/', 'http://FM00351-u:33829/']
[rosmaster.master][INFO] 2022-02-14 15:14:12,676: publisherUpdate[/rosout] -> http://FM00351-u:40075/ ['http://FM00351-u:41961/', 'http://FM00351-u:39251/', 'http://FM00351-u:33829/']: sec=0.01, result=[1, '', 0]
[rosmaster.master][INFO] 2022-02-14 15:14:32,312: +PUB [/rosout] /Robotiq2FGripperForceController http://FM00351-u:33555/
[rosmaster.master][INFO] 2022-02-14 15:14:32,313: publisherUpdate[/rosout] -> http://FM00351-u:40075/ ['http://FM00351-u:41961/', 'http://FM00351-u:39251/', 'http://FM00351-u:33829/', 'http://FM00351-u:33555/']
[rosmaster.master][INFO] 2022-02-14 15:14:32,315: publisherUpdate[/rosout] -> http://FM00351-u:40075/ ['http://FM00351-u:41961/', 'http://FM00351-u:39251/', 'http://FM00351-u:33829/', 'http://FM00351-u:33555/']: sec=0.00, result=[1, '', 0]
[rosmaster.master][INFO] 2022-02-14 15:14:32,317: +SERVICE [/Robotiq2FGripperForceController/get_loggers] /Robotiq2FGripperForceController http://FM00351-u:33555/
[rosmaster.master][INFO] 2022-02-14 15:14:32,318: +SERVICE [/Robotiq2FGripperForceController/set_logger_level] /Robotiq2FGripperForceController http://FM00351-u:33555/
[rosmaster.master][INFO] 2022-02-14 15:14:32,320: +PUB [/Robotiq2FGripperRobotOutput] /Robotiq2FGripperForceController http://FM00351-u:33555/
[rosmaster.master][INFO] 2022-02-14 15:14:32,404: publisherUpdate[/Robotiq2FGripperRobotOutput] -> http://FM00351-u:39251/ ['http://FM00351-u:41961/', 'http://FM00351-u:33555/']
[rosmaster.master][INFO] 2022-02-14 15:14:32,407: publisherUpdate[/Robotiq2FGripperRobotOutput] -> http://FM00351-u:39251/ ['http://FM00351-u:41961/', 'http://FM00351-u:33555/']: sec=0.00, result=[1, '', 0]
[rosmaster.master][INFO] 2022-02-14 15:14:35,691: +SUB [/Robotiq2FGripperRobotInput] /Robotiq2FGripperForceController http://FM00351-u:33555/
[rosmaster.master][INFO] 2022-02-14 15:15:03,120: -SUB [/Robotiq2FGripperRobotInput] /Robotiq2FGripperForceController http://FM00351-u:33555/
[rosmaster.master][INFO] 2022-02-14 15:15:03,120: -PUB [/rosout] /Robotiq2FGripperForceController http://FM00351-u:33555/
[rosmaster.master][INFO] 2022-02-14 15:15:03,120: -PUB [/Robotiq2FGripperRobotOutput] /Robotiq2FGripperForceController http://FM00351-u:33555/
[rosmaster.master][INFO] 2022-02-14 15:15:03,120: -SERVICE [/Robotiq2FGripperForceController/set_logger_level] /Robotiq2FGripperForceController rosrpc://FM00351-u:41805
[rosmaster.master][INFO] 2022-02-14 15:15:03,120: -SERVICE [/Robotiq2FGripperForceController/get_loggers] /Robotiq2FGripperForceController rosrpc://FM00351-u:41805
[rosmaster.master][INFO] 2022-02-14 15:15:03,168: publisherUpdate[/rosout] -> http://FM00351-u:40075/ ['http://FM00351-u:41961/', 'http://FM00351-u:39251/', 'http://FM00351-u:33829/']
[rosmaster.master][INFO] 2022-02-14 15:15:03,168: publisherUpdate[/Robotiq2FGripperRobotOutput] -> http://FM00351-u:39251/ ['http://FM00351-u:41961/']
[rosmaster.master][INFO] 2022-02-14 15:15:03,170: publisherUpdate[/rosout] -> http://FM00351-u:40075/ ['http://FM00351-u:41961/', 'http://FM00351-u:39251/', 'http://FM00351-u:33829/']: sec=0.00, result=[1, '', 0]
[rosmaster.master][INFO] 2022-02-14 15:15:03,172: publisherUpdate[/Robotiq2FGripperRobotOutput] -> http://FM00351-u:39251/ ['http://FM00351-u:41961/']: sec=0.00, result=[1, '', 0]
[rosmaster.master][INFO] 2022-02-14 15:15:03,276: +CACHEDPARAM [/rosout_disable_topics_generation] by /robotiq2FGripper
[rosmaster.master][INFO] 2022-02-14 15:15:03,276: +CACHEDPARAM [/rosout/omit_topics] by /rosout
[rosmaster.master][INFO] 2022-02-14 15:15:06,590: +PUB [/rosout] /Robotiq2FGripperForceController http://FM00351-u:36743/
[rosmaster.master][INFO] 2022-02-14 15:15:06,592: +SERVICE [/Robotiq2FGripperForceController/get_loggers] /Robotiq2FGripperForceController http://FM00351-u:36743/
[rosmaster.master][INFO] 2022-02-14 15:15:06,592: +SERVICE [/Robotiq2FGripperForceController/set_logger_level] /Robotiq2FGripperForceController http://FM00351-u:36743/
[rosmaster.master][INFO] 2022-02-14 15:15:06,593: +PUB [/Robotiq2FGripperRobotOutput] /Robotiq2FGripperForceController http://FM00351-u:36743/
[rosmaster.master][INFO] 2022-02-14 15:15:06,677: publisherUpdate[/rosout] -> http://FM00351-u:40075/ ['http://FM00351-u:41961/', 'http://FM00351-u:39251/', 'http://FM00351-u:33829/', 'http://FM00351-u:36743/']
[rosmaster.master][INFO] 2022-02-14 15:15:06,679: publisherUpdate[/rosout] -> http://FM00351-u:40075/ ['http://FM00351-u:41961/', 'http://FM00351-u:39251/', 'http://FM00351-u:33829/', 'http://FM00351-u:36743/']: sec=0.00, result=[1, '', 0]
[rosmaster.master][INFO] 2022-02-14 15:15:06,679: publisherUpdate[/Robotiq2FGripperRobotOutput] -> http://FM00351-u:39251/ ['http://FM00351-u:41961/', 'http://FM00351-u:36743/']
[rosmaster.master][INFO] 2022-02-14 15:15:06,682: publisherUpdate[/Robotiq2FGripperRobotOutput] -> http://FM00351-u:39251/ ['http://FM00351-u:41961/', 'http://FM00351-u:36743/']: sec=0.00, result=[1, '', 0]
[rosmaster.master][INFO] 2022-02-14 15:15:08,845: +SUB [/Robotiq2FGripperRobotInput] /Robotiq2FGripperForceController http://FM00351-u:36743/
[rosmaster.master][INFO] 2022-02-14 15:15:16,932: -SUB [/Robotiq2FGripperRobotInput] /Robotiq2FGripperForceController http://FM00351-u:36743/
[rosmaster.master][INFO] 2022-02-14 15:15:16,932: -PUB [/rosout] /Robotiq2FGripperForceController http://FM00351-u:36743/
[rosmaster.master][INFO] 2022-02-14 15:15:16,932: -PUB [/Robotiq2FGripperRobotOutput] /Robotiq2FGripperForceController http://FM00351-u:36743/
[rosmaster.master][INFO] 2022-02-14 15:15:16,932: -SERVICE [/Robotiq2FGripperForceController/set_logger_level] /Robotiq2FGripperForceController rosrpc://FM00351-u:35773
[rosmaster.master][INFO] 2022-02-14 15:15:16,932: -SERVICE [/Robotiq2FGripperForceController/get_loggers] /Robotiq2FGripperForceController rosrpc://FM00351-u:35773
[rosmaster.master][INFO] 2022-02-14 15:15:17,000: publisherUpdate[/rosout] -> http://FM00351-u:40075/ ['http://FM00351-u:41961/', 'http://FM00351-u:39251/', 'http://FM00351-u:33829/']
[rosmaster.master][INFO] 2022-02-14 15:15:17,001: publisherUpdate[/rosout] -> http://FM00351-u:40075/ ['http://FM00351-u:41961/', 'http://FM00351-u:39251/', 'http://FM00351-u:33829/']: sec=0.00, result=[1, '', 0]
[rosmaster.master][INFO] 2022-02-14 15:15:17,001: publisherUpdate[/Robotiq2FGripperRobotOutput] -> http://FM00351-u:39251/ ['http://FM00351-u:41961/']
[rosmaster.master][INFO] 2022-02-14 15:15:17,003: publisherUpdate[/Robotiq2FGripperRobotOutput] -> http://FM00351-u:39251/ ['http://FM00351-u:41961/']: sec=0.00, result=[1, '', 0]
[rosmaster.master][INFO] 2022-02-14 15:15:24,964: +PUB [/rosout] /Robotiq2FGripperForceController http://FM00351-u:36149/
[rosmaster.master][INFO] 2022-02-14 15:15:24,968: +SERVICE [/Robotiq2FGripperForceController/get_loggers] /Robotiq2FGripperForceController http://FM00351-u:36149/
[rosmaster.master][INFO] 2022-02-14 15:15:24,970: +SERVICE [/Robotiq2FGripperForceController/set_logger_level] /Robotiq2FGripperForceController http://FM00351-u:36149/
[rosmaster.master][INFO] 2022-02-14 15:15:24,972: +PUB [/Robotiq2FGripperRobotOutput] /Robotiq2FGripperForceController http://FM00351-u:36149/
[rosmaster.master][INFO] 2022-02-14 15:15:25,017: publisherUpdate[/rosout] -> http://FM00351-u:40075/ ['http://FM00351-u:41961/', 'http://FM00351-u:39251/', 'http://FM00351-u:33829/', 'http://FM00351-u:36149/']
[rosmaster.master][INFO] 2022-02-14 15:15:25,017: publisherUpdate[/Robotiq2FGripperRobotOutput] -> http://FM00351-u:39251/ ['http://FM00351-u:41961/', 'http://FM00351-u:36149/']
[rosmaster.master][INFO] 2022-02-14 15:15:25,019: publisherUpdate[/rosout] -> http://FM00351-u:40075/ ['http://FM00351-u:41961/', 'http://FM00351-u:39251/', 'http://FM00351-u:33829/', 'http://FM00351-u:36149/']: sec=0.00, result=[1, '', 0]
[rosmaster.master][INFO] 2022-02-14 15:15:25,020: publisherUpdate[/Robotiq2FGripperRobotOutput] -> http://FM00351-u:39251/ ['http://FM00351-u:41961/', 'http://FM00351-u:36149/']: sec=0.00, result=[1, '', 0]
[rosmaster.master][INFO] 2022-02-14 15:15:25,971: +SUB [/Robotiq2FGripperRobotInput] /Robotiq2FGripperForceController http://FM00351-u:36149/
[rosmaster.master][INFO] 2022-02-14 15:15:30,223: -SUB [/Robotiq2FGripperRobotInput] /Robotiq2FGripperForceController http://FM00351-u:36149/
[rosmaster.master][INFO] 2022-02-14 15:15:30,226: -PUB [/rosout] /Robotiq2FGripperForceController http://FM00351-u:36149/
[rosmaster.master][INFO] 2022-02-14 15:15:30,226: -PUB [/Robotiq2FGripperRobotOutput] /Robotiq2FGripperForceController http://FM00351-u:36149/
[rosmaster.master][INFO] 2022-02-14 15:15:30,226: -SERVICE [/Robotiq2FGripperForceController/set_logger_level] /Robotiq2FGripperForceController rosrpc://FM00351-u:41077
[rosmaster.master][INFO] 2022-02-14 15:15:30,226: -SERVICE [/Robotiq2FGripperForceController/get_loggers] /Robotiq2FGripperForceController rosrpc://FM00351-u:41077
[rosmaster.master][INFO] 2022-02-14 15:15:30,229: publisherUpdate[/rosout] -> http://FM00351-u:40075/ ['http://FM00351-u:41961/', 'http://FM00351-u:39251/', 'http://FM00351-u:33829/']
[rosmaster.master][INFO] 2022-02-14 15:15:30,229: publisherUpdate[/Robotiq2FGripperRobotOutput] -> http://FM00351-u:39251/ ['http://FM00351-u:41961/']
[rosmaster.master][INFO] 2022-02-14 15:15:30,229: publisherUpdate[/rosout] -> http://FM00351-u:40075/ ['http://FM00351-u:41961/', 'http://FM00351-u:39251/', 'http://FM00351-u:33829/']: sec=0.00, result=[1, '', 0]
[rosmaster.master][INFO] 2022-02-14 15:15:30,229: publisherUpdate[/Robotiq2FGripperRobotOutput] -> http://FM00351-u:39251/ ['http://FM00351-u:41961/']: sec=0.00, result=[1, '', 0]
[rosmaster.master][INFO] 2022-02-14 15:21:55,008: +PARAM [/roslaunch/uris/host_fm00351_u__36595] by /roslaunch
[rosmaster.master][INFO] 2022-02-14 15:21:55,009: +PARAM [/rosversion] by /roslaunch
[rosmaster.master][INFO] 2022-02-14 15:21:55,009: +PARAM [/rosdistro] by /roslaunch
[rosmaster.master][INFO] 2022-02-14 15:21:55,567: +PUB [/rosout] /frogs http://FM00351-u:33401/
[rosmaster.master][INFO] 2022-02-14 15:21:55,568: publisherUpdate[/rosout] -> http://FM00351-u:40075/ ['http://FM00351-u:39251/', 'http://FM00351-u:33829/', 'http://FM00351-u:33401/']
[rosmaster.master][INFO] 2022-02-14 15:21:55,570: publisherUpdate[/rosout] -> http://FM00351-u:40075/ ['http://FM00351-u:39251/', 'http://FM00351-u:33829/', 'http://FM00351-u:33401/']: sec=0.00, result=[1, '', 0]
[rosmaster.master][INFO] 2022-02-14 15:21:55,572: -SUB [/gripper_action_server/goal] /frogs http://FM00351-u:41961/
[rosmaster.master][INFO] 2022-02-14 15:21:55,573: +SERVICE [/frogs/get_loggers] /frogs http://FM00351-u:33401/
[rosmaster.master][INFO] 2022-02-14 15:21:55,573: -SUB [/gripper_action_server/cancel] /frogs http://FM00351-u:41961/
[rosmaster.master][INFO] 2022-02-14 15:21:55,573: -SUB [/Robotiq2FGripperRobotInput] /frogs http://FM00351-u:41961/
[rosmaster.master][INFO] 2022-02-14 15:21:55,573: -PUB [/gripper_action_server/feedback] /frogs http://FM00351-u:41961/
[rosmaster.master][INFO] 2022-02-14 15:21:55,573: +SERVICE [/frogs/set_logger_level] /frogs http://FM00351-u:33401/
[rosmaster.master][INFO] 2022-02-14 15:21:55,573: -PUB [/gripper_action_server/status] /frogs http://FM00351-u:41961/
[rosmaster.master][INFO] 2022-02-14 15:21:55,573: -PUB [/rosout] /frogs http://FM00351-u:41961/
[rosmaster.master][INFO] 2022-02-14 15:21:55,573: -PUB [/gripper_action_server/result] /frogs http://FM00351-u:41961/
[rosmaster.master][INFO] 2022-02-14 15:21:55,573: -PUB [/Robotiq2FGripperRobotOutput] /frogs http://FM00351-u:41961/
[rosmaster.master][INFO] 2022-02-14 15:21:55,573: -SERVICE [/frogs/get_loggers] /frogs rosrpc://FM00351-u:40197
[rosmaster.master][INFO] 2022-02-14 15:21:55,573: -SERVICE [/frogs/set_logger_level] /frogs rosrpc://FM00351-u:40197
[rosmaster.master][INFO] 2022-02-14 15:21:55,574: +PUB [/gripper_action_server/status] /frogs http://FM00351-u:33401/
[rosmaster.master][INFO] 2022-02-14 15:21:55,574: +PUB [/gripper_action_server/result] /frogs http://FM00351-u:33401/
[rosmaster.master][INFO] 2022-02-14 15:21:55,575: +PUB [/gripper_action_server/feedback] /frogs http://FM00351-u:33401/
[rosmaster.master][INFO] 2022-02-14 15:21:55,575: +SUB [/gripper_action_server/goal] /frogs http://FM00351-u:33401/
[rosmaster.master][INFO] 2022-02-14 15:21:55,576: +SUB [/gripper_action_server/cancel] /frogs http://FM00351-u:33401/
[rosmaster.master][INFO] 2022-02-14 15:21:55,577: +PUB [/Robotiq2FGripperRobotOutput] /frogs http://FM00351-u:33401/
[rosmaster.master][INFO] 2022-02-14 15:21:55,577: +SUB [/Robotiq2FGripperRobotInput] /frogs http://FM00351-u:33401/
[rosmaster.master][INFO] 2022-02-14 15:21:55,669: publisherUpdate[/Robotiq2FGripperRobotOutput] -> http://FM00351-u:39251/ ['http://FM00351-u:33401/']
[rosmaster.master][INFO] 2022-02-14 15:21:55,671: publisherUpdate[/Robotiq2FGripperRobotOutput] -> http://FM00351-u:39251/ ['http://FM00351-u:33401/']: sec=0.00, result=[1, '', 0]
[rosmaster.master][INFO] 2022-02-14 15:25:52,601: -SUB [/Robotiq2FGripperRobotInput] /rostopic_2054_1644851652459 http://FM00351-u:33829/
[rosmaster.master][INFO] 2022-02-14 15:25:52,602: -PUB [/rosout] /rostopic_2054_1644851652459 http://FM00351-u:33829/
[rosmaster.master][INFO] 2022-02-14 15:25:52,602: -SERVICE [/rostopic_2054_1644851652459/get_loggers] /rostopic_2054_1644851652459 rosrpc://FM00351-u:44207
[rosmaster.master][INFO] 2022-02-14 15:25:52,602: -SERVICE [/rostopic_2054_1644851652459/set_logger_level] /rostopic_2054_1644851652459 rosrpc://FM00351-u:44207
[rosmaster.master][INFO] 2022-02-14 15:25:52,632: publisherUpdate[/rosout] -> http://FM00351-u:40075/ ['http://FM00351-u:39251/', 'http://FM00351-u:33401/']
[rosmaster.master][INFO] 2022-02-14 15:25:52,633: publisherUpdate[/rosout] -> http://FM00351-u:40075/ ['http://FM00351-u:39251/', 'http://FM00351-u:33401/']: sec=0.00, result=[1, '', 0]
[rosmaster.master][INFO] 2022-02-14 15:27:45,290: -SUB [/gripper_action_server/goal] /frogs http://FM00351-u:33401/
[rosmaster.master][INFO] 2022-02-14 15:27:45,290: -SUB [/gripper_action_server/cancel] /frogs http://FM00351-u:33401/
[rosmaster.master][INFO] 2022-02-14 15:27:45,290: -SUB [/Robotiq2FGripperRobotInput] /frogs http://FM00351-u:33401/
[rosmaster.master][INFO] 2022-02-14 15:27:45,291: -PUB [/gripper_action_server/feedback] /frogs http://FM00351-u:33401/
[rosmaster.master][INFO] 2022-02-14 15:27:45,291: -PUB [/gripper_action_server/status] /frogs http://FM00351-u:33401/
[rosmaster.master][INFO] 2022-02-14 15:27:45,291: -PUB [/rosout] /frogs http://FM00351-u:33401/
[rosmaster.master][INFO] 2022-02-14 15:27:45,291: -PUB [/gripper_action_server/result] /frogs http://FM00351-u:33401/
[rosmaster.master][INFO] 2022-02-14 15:27:45,291: -PUB [/Robotiq2FGripperRobotOutput] /frogs http://FM00351-u:33401/
[rosmaster.master][INFO] 2022-02-14 15:27:45,291: -SERVICE [/frogs/get_loggers] /frogs rosrpc://FM00351-u:39767
[rosmaster.master][INFO] 2022-02-14 15:27:45,291: -SERVICE [/frogs/set_logger_level] /frogs rosrpc://FM00351-u:39767
[rosmaster.master][INFO] 2022-02-14 15:27:45,315: publisherUpdate[/rosout] -> http://FM00351-u:40075/ ['http://FM00351-u:39251/']
[rosmaster.master][INFO] 2022-02-14 15:27:45,316: publisherUpdate[/rosout] -> http://FM00351-u:40075/ ['http://FM00351-u:39251/']: sec=0.00, result=[1, '', 0]
[rosmaster.master][INFO] 2022-02-14 15:27:45,317: publisherUpdate[/Robotiq2FGripperRobotOutput] -> http://FM00351-u:39251/ []
[rosmaster.master][INFO] 2022-02-14 15:27:45,319: publisherUpdate[/Robotiq2FGripperRobotOutput] -> http://FM00351-u:39251/ []: sec=0.00, result=[1, '', 0]
[rosmaster.master][INFO] 2022-02-14 15:27:56,343: -SUB [/Robotiq2FGripperRobotOutput] /robotiq2FGripper http://FM00351-u:39251/
[rosmaster.master][INFO] 2022-02-14 15:27:56,343: -PUB [/Robotiq2FGripperRobotInput] /robotiq2FGripper http://FM00351-u:39251/
[rosmaster.master][INFO] 2022-02-14 15:27:56,343: -PUB [/rosout] /robotiq2FGripper http://FM00351-u:39251/
[rosmaster.master][INFO] 2022-02-14 15:27:56,344: -SERVICE [/robotiq2FGripper/set_logger_level] /robotiq2FGripper rosrpc://FM00351-u:46707
[rosmaster.master][INFO] 2022-02-14 15:27:56,344: -SERVICE [/robotiq2FGripper/get_loggers] /robotiq2FGripper rosrpc://FM00351-u:46707
[rosmaster.master][INFO] 2022-02-14 15:27:56,396: publisherUpdate[/rosout] -> http://FM00351-u:40075/ []
[rosmaster.master][INFO] 2022-02-14 15:27:56,397: publisherUpdate[/rosout] -> http://FM00351-u:40075/ []: sec=0.00, result=[1, '', 0]
[rosmaster.master][INFO] 2022-02-14 15:28:32,971: -PUB [/rosout_agg] /rosout http://FM00351-u:40075/
[rosmaster.master][INFO] 2022-02-14 15:28:32,971: -SUB [/rosout] /rosout http://FM00351-u:40075/
[rosmaster.master][INFO] 2022-02-14 15:28:32,972: -SERVICE [/rosout/get_loggers] /rosout rosrpc://FM00351-u:50955
[rosmaster.master][INFO] 2022-02-14 15:28:32,972: -SERVICE [/rosout/set_logger_level] /rosout rosrpc://FM00351-u:50955
[rosmaster.master][INFO] 2022-02-14 15:28:32,972: -CACHEDPARAM [/rosout/omit_topics] by /rosout
[rosmaster.main][INFO] 2022-02-14 15:28:33,056: keyboard interrupt, will exit
[rosmaster.main][INFO] 2022-02-14 15:28:33,056: stopping master...
[rospy.core][INFO] 2022-02-14 15:28:33,057: signal_shutdown [atexit]
