[roslaunch][INFO] 2022-02-14 15:21:54,685: Checking log directory for disk usage. This may take a while.
Press Ctrl-C to interrupt
[roslaunch][INFO] 2022-02-14 15:21:54,688: Done checking log file disk usage. Usage is <1GB.
[roslaunch][INFO] 2022-02-14 15:21:54,688: roslaunch starting with args ['/opt/ros/melodic/bin/roslaunch', 'module_gripper', 'gripper.launch']
[roslaunch][INFO] 2022-02-14 15:21:54,688: roslaunch env is {'ROS_DISTRO': 'melodic', 'ROSLISP_PACKAGE_DIRECTORIES': '/home/ros/catkin_ws/devel/share/common-lisp', 'HOME': '/home/ros', 'PATH': '/opt/ros/melodic/bin:/usr/local/sbin:/usr/local/bin:/usr/sbin:/usr/bin:/sbin:/bin', 'ROS_PACKAGE_PATH': '/home/ros/catkin_ws/src:/opt/ros/melodic/share', 'CMAKE_PREFIX_PATH': '/home/ros/catkin_ws/devel:/opt/ros/melodic', 'LD_LIBRARY_PATH': '/home/ros/catkin_ws/devel/lib:/opt/ros/melodic/lib', 'LANG': 'C.UTF-8', 'TERM': 'xterm', 'ROS_LOG_FILENAME': '/home/ros/.ros/log/b2f17f4e-8da8-11ec-8c6d-7c507959f385/roslaunch-FM00351-u-2547.log', 'SHLVL': '1', 'DISPLAY': ':0', 'UNAME': 'ros', 'ROS_MASTER_URI': 'http://localhost:11311', 'ROS_PYTHON_VERSION': '2', 'PYTHONPATH': '/home/ros/catkin_ws/devel/lib/python2.7/dist-packages:/opt/ros/melodic/lib/python2.7/dist-packages', 'QT_X11_NO_MITSHM': '1', 'ROS_ROOT': '/opt/ros/melodic/share/ros', 'PKG_CONFIG_PATH': '/home/ros/catkin_ws/devel/lib/pkgconfig:/opt/ros/melodic/lib/pkgconfig', 'LC_ALL': 'C.UTF-8', '_': '/opt/ros/melodic/bin/roslaunch', 'OLDPWD': '/home/ros', 'HOSTNAME': 'FM00351-u', 'PWD': '/home/ros/catkin_ws/src/FFROG_WP3', 'ROS_ETC_DIR': '/opt/ros/melodic/etc/ros', 'ROS_VERSION': '1'}
[roslaunch][INFO] 2022-02-14 15:21:54,688: starting in server mode
[roslaunch.parent][INFO] 2022-02-14 15:21:54,689: starting roslaunch parent run
[roslaunch][INFO] 2022-02-14 15:21:54,689: loading roscore config file /opt/ros/melodic/etc/ros/roscore.xml
[roslaunch][INFO] 2022-02-14 15:21:54,993: Added core node of type [rosout/rosout] in namespace [/]
[roslaunch.config][INFO] 2022-02-14 15:21:54,993: loading config file /home/ros/catkin_ws/src/fm_gripper_module/launch/gripper.launch
[roslaunch][INFO] 2022-02-14 15:21:54,993: Added node of type [module_gripper/gripper_action_server] in namespace [/]
[roslaunch][INFO] 2022-02-14 15:21:54,993: ... selected machine [] for node of type [module_gripper/gripper_action_server]
[roslaunch.pmon][INFO] 2022-02-14 15:21:54,994: start_process_monitor: creating ProcessMonitor
[roslaunch.pmon][INFO] 2022-02-14 15:21:54,994: created process monitor <ProcessMonitor(ProcessMonitor-1, initial daemon)>
[roslaunch.pmon][INFO] 2022-02-14 15:21:54,994: start_process_monitor: ProcessMonitor started
[roslaunch.parent][INFO] 2022-02-14 15:21:54,994: starting parent XML-RPC server
[roslaunch.server][INFO] 2022-02-14 15:21:54,994: starting roslaunch XML-RPC server
[roslaunch.server][INFO] 2022-02-14 15:21:54,994: waiting for roslaunch XML-RPC server to initialize
[xmlrpc][INFO] 2022-02-14 15:21:54,995: XML-RPC server binding to 0.0.0.0:0
[xmlrpc][INFO] 2022-02-14 15:21:54,995: Started XML-RPC server [http://FM00351-u:36595/]
[xmlrpc][INFO] 2022-02-14 15:21:54,995: xml rpc node: starting XML-RPC server
[roslaunch][INFO] 2022-02-14 15:21:55,006: started roslaunch server http://FM00351-u:36595/
[roslaunch.parent][INFO] 2022-02-14 15:21:55,006: ... parent XML-RPC server started
[roslaunch][INFO] 2022-02-14 15:21:55,006: master.is_running[http://localhost:11311]
[roslaunch][INFO] 2022-02-14 15:21:55,006: master.is_running[http://localhost:11311]
[roslaunch][INFO] 2022-02-14 15:21:55,007: ROS_MASTER_URI=http://localhost:11311
[roslaunch][INFO] 2022-02-14 15:21:55,008: setting /roslaunch/uris/host_fm00351_u__36595' to http://FM00351-u:36595/
[roslaunch][INFO] 2022-02-14 15:21:55,008: load_parameters starting ...
[roslaunch][INFO] 2022-02-14 15:21:55,010: ... load_parameters complete
[roslaunch][INFO] 2022-02-14 15:21:55,010: launch_nodes: launching local nodes ...
[roslaunch][INFO] 2022-02-14 15:21:55,010: ... preparing to launch node of type [module_gripper/gripper_action_server]
[roslaunch][INFO] 2022-02-14 15:21:55,010: create_node_process: package[module_gripper] type[gripper_action_server] machine[Machine(name[] env_loader[None] address[localhost] ssh_port[22] user[None] assignable[True] timeout[10.0])] master_uri[http://localhost:11311]
[roslaunch][INFO] 2022-02-14 15:21:55,010: process[frogs-1]: env[{'ROS_DISTRO': 'melodic', 'ROSLISP_PACKAGE_DIRECTORIES': '/home/ros/catkin_ws/devel/share/common-lisp', 'LD_LIBRARY_PATH': '/home/ros/catkin_ws/devel/lib:/opt/ros/melodic/lib', 'ROS_PACKAGE_PATH': '/home/ros/catkin_ws/src:/opt/ros/melodic/share', 'PATH': '/opt/ros/melodic/bin:/usr/local/sbin:/usr/local/bin:/usr/sbin:/usr/bin:/sbin:/bin', 'CMAKE_PREFIX_PATH': '/home/ros/catkin_ws/devel:/opt/ros/melodic', 'ROS_LOG_FILENAME': '/home/ros/.ros/log/b2f17f4e-8da8-11ec-8c6d-7c507959f385/roslaunch-FM00351-u-2547.log', 'LANG': 'C.UTF-8', 'TERM': 'xterm', 'SHLVL': '1', 'DISPLAY': ':0', 'UNAME': 'ros', 'ROS_ETC_DIR': '/opt/ros/melodic/etc/ros', 'HOME': '/home/ros', 'ROS_PYTHON_VERSION': '2', 'PYTHONPATH': '/home/ros/catkin_ws/devel/lib/python2.7/dist-packages:/opt/ros/melodic/lib/python2.7/dist-packages', 'QT_X11_NO_MITSHM': '1', 'ROS_ROOT': '/opt/ros/melodic/share/ros', 'PKG_CONFIG_PATH': '/home/ros/catkin_ws/devel/lib/pkgconfig:/opt/ros/melodic/lib/pkgconfig', 'LC_ALL': 'C.UTF-8', '_': '/opt/ros/melodic/bin/roslaunch', 'OLDPWD': '/home/ros', 'HOSTNAME': 'FM00351-u', 'PWD': '/home/ros/catkin_ws/src/FFROG_WP3', 'ROS_MASTER_URI': 'http://localhost:11311', 'ROS_VERSION': '1'}]
[roslaunch][INFO] 2022-02-14 15:21:55,205: process[frogs-1]: args[[u'/home/ros/catkin_ws/src/fm_gripper_module/src/fm_gripper_module/gripper_action_server', u'__name:=frogs']]
[roslaunch][INFO] 2022-02-14 15:21:55,205: ... created process [frogs-1]
[roslaunch.pmon][INFO] 2022-02-14 15:21:55,205: ProcessMonitor.register[frogs-1]
[roslaunch.pmon][INFO] 2022-02-14 15:21:55,205: ProcessMonitor.register[frogs-1] complete
[roslaunch][INFO] 2022-02-14 15:21:55,205: ... registered process [frogs-1]
[roslaunch][INFO] 2022-02-14 15:21:55,206: process[frogs-1]: starting os process
[roslaunch][INFO] 2022-02-14 15:21:55,206: process[frogs-1]: start w/ args [[u'/home/ros/catkin_ws/src/fm_gripper_module/src/fm_gripper_module/gripper_action_server', u'__name:=frogs', u'__log:=/home/ros/.ros/log/b2f17f4e-8da8-11ec-8c6d-7c507959f385/frogs-1.log']]
[roslaunch][INFO] 2022-02-14 15:21:55,206: process[frogs-1]: cwd will be [/home/ros/.ros]
[roslaunch][INFO] 2022-02-14 15:21:55,270: process[frogs-1]: started with pid [2562]
[roslaunch][INFO] 2022-02-14 15:21:55,271: ... successfully launched [frogs-1]
[roslaunch][INFO] 2022-02-14 15:21:55,271: ... launch_nodes complete
[roslaunch.pmon][INFO] 2022-02-14 15:21:55,271: registrations completed <ProcessMonitor(ProcessMonitor-1, started daemon 140493950641920)>
[roslaunch.parent][INFO] 2022-02-14 15:21:55,271: ... roslaunch parent running, waiting for process exit
[roslaunch][INFO] 2022-02-14 15:21:55,271: spin
[roslaunch.pmon][INFO] 2022-02-14 15:27:45,227: ProcessMonitor.shutdown <ProcessMonitor(ProcessMonitor-1, started daemon 140493950641920)>
[roslaunch.pmon][INFO] 2022-02-14 15:27:45,283: ProcessMonitor._post_run <ProcessMonitor(ProcessMonitor-1, started daemon 140493950641920)>
[roslaunch.pmon][INFO] 2022-02-14 15:27:45,284: ProcessMonitor._post_run <ProcessMonitor(ProcessMonitor-1, started daemon 140493950641920)>: remaining procs are [<roslaunch.nodeprocess.LocalProcess object at 0x7fc74c261cd0>]
[roslaunch.pmon][INFO] 2022-02-14 15:27:45,285: ProcessMonitor exit: killing frogs-1
[roslaunch][INFO] 2022-02-14 15:27:45,286: [frogs-1] killing on exit
[roslaunch][INFO] 2022-02-14 15:27:45,286: process[frogs-1]: killing os process with pid[2562] pgid[2562]
[roslaunch][INFO] 2022-02-14 15:27:45,287: [frogs-1] sending SIGINT to pgid [2562]
[roslaunch][INFO] 2022-02-14 15:27:45,287: [frogs-1] sent SIGINT to pgid [2562]
[roslaunch][INFO] 2022-02-14 15:27:45,989: process[frogs-1]: SIGINT killed with return value 0
[roslaunch.pmon][INFO] 2022-02-14 15:27:45,990: ProcessMonitor exit: cleaning up data structures and signals
[roslaunch.pmon][INFO] 2022-02-14 15:27:45,990: ProcessMonitor exit: pmon has shutdown
[roslaunch][INFO] 2022-02-14 15:27:45,993: process monitor is done spinning, initiating full shutdown
[roslaunch][INFO] 2022-02-14 15:27:45,993: runner.stop()
[roslaunch][INFO] 2022-02-14 15:27:45,994: shutting down processing monitor...
[roslaunch][INFO] 2022-02-14 15:27:45,994: shutting down processing monitor <ProcessMonitor(ProcessMonitor-1, stopped daemon 140493950641920)>
[roslaunch.pmon][INFO] 2022-02-14 15:27:45,994: ProcessMonitor.shutdown <ProcessMonitor(ProcessMonitor-1, stopped daemon 140493950641920)>
[roslaunch][INFO] 2022-02-14 15:27:45,994: ... shutting down processing monitor complete
[roslaunch][INFO] 2022-02-14 15:27:45,994: done
[roslaunch.pmon][INFO] 2022-02-14 15:27:45,994: ProcessMonitor.shutdown <ProcessMonitor(ProcessMonitor-1, stopped daemon 140493950641920)>
[rospy.core][INFO] 2022-02-14 15:27:45,995: signal_shutdown [atexit]
