[roslaunch][INFO] 2022-02-14 15:13:43,851: Checking log directory for disk usage. This may take a while.
Press Ctrl-C to interrupt
[roslaunch][INFO] 2022-02-14 15:13:43,855: Done checking log file disk usage. Usage is <1GB.
[roslaunch][INFO] 2022-02-14 15:13:43,855: roslaunch starting with args ['/opt/ros/melodic/bin/roslaunch', 'module_gripper', 'gripper.launch']
[roslaunch][INFO] 2022-02-14 15:13:43,855: roslaunch env is {'ROS_DISTRO': 'melodic', 'ROSLISP_PACKAGE_DIRECTORIES': '/home/ros/catkin_ws/devel/share/common-lisp', 'HOME': '/home/ros', 'PATH': '/opt/ros/melodic/bin:/usr/local/sbin:/usr/local/bin:/usr/sbin:/usr/bin:/sbin:/bin', 'ROS_PACKAGE_PATH': '/home/ros/catkin_ws/src:/opt/ros/melodic/share', 'CMAKE_PREFIX_PATH': '/home/ros/catkin_ws/devel:/opt/ros/melodic', 'LD_LIBRARY_PATH': '/home/ros/catkin_ws/devel/lib:/opt/ros/melodic/lib', 'LANG': 'C.UTF-8', 'TERM': 'xterm', 'ROS_LOG_FILENAME': '/home/ros/.ros/log/b2f17f4e-8da8-11ec-8c6d-7c507959f385/roslaunch-FM00351-u-1560.log', 'SHLVL': '2', 'DISPLAY': ':0', 'UNAME': 'ros', 'ROS_MASTER_URI': 'http://localhost:11311', 'ROS_PYTHON_VERSION': '2', 'PYTHONPATH': '/home/ros/catkin_ws/devel/lib/python2.7/dist-packages:/opt/ros/melodic/lib/python2.7/dist-packages', 'QT_X11_NO_MITSHM': '1', 'ROS_ROOT': '/opt/ros/melodic/share/ros', 'PKG_CONFIG_PATH': '/home/ros/catkin_ws/devel/lib/pkgconfig:/opt/ros/melodic/lib/pkgconfig', 'LC_ALL': 'C.UTF-8', '_': '/opt/ros/melodic/bin/roslaunch', 'OLDPWD': '/home/ros', 'HOSTNAME': 'FM00351-u', 'PWD': '/home/ros/catkin_ws', 'ROS_ETC_DIR': '/opt/ros/melodic/etc/ros', 'ROS_VERSION': '1'}
[roslaunch][INFO] 2022-02-14 15:13:43,855: starting in server mode
[roslaunch.parent][INFO] 2022-02-14 15:13:43,855: starting roslaunch parent run
[roslaunch][INFO] 2022-02-14 15:13:43,855: loading roscore config file /opt/ros/melodic/etc/ros/roscore.xml
[roslaunch][INFO] 2022-02-14 15:13:44,151: Added core node of type [rosout/rosout] in namespace [/]
[roslaunch.config][INFO] 2022-02-14 15:13:44,151: loading config file /home/ros/catkin_ws/src/fm_gripper_module/launch/gripper.launch
[roslaunch][INFO] 2022-02-14 15:13:44,151: Added node of type [module_gripper/gripper_action_server] in namespace [/]
[roslaunch][INFO] 2022-02-14 15:13:44,151: ... selected machine [] for node of type [module_gripper/gripper_action_server]
[roslaunch.pmon][INFO] 2022-02-14 15:13:44,152: start_process_monitor: creating ProcessMonitor
[roslaunch.pmon][INFO] 2022-02-14 15:13:44,152: created process monitor <ProcessMonitor(ProcessMonitor-1, initial daemon)>
[roslaunch.pmon][INFO] 2022-02-14 15:13:44,152: start_process_monitor: ProcessMonitor started
[roslaunch.parent][INFO] 2022-02-14 15:13:44,152: starting parent XML-RPC server
[roslaunch.server][INFO] 2022-02-14 15:13:44,152: starting roslaunch XML-RPC server
[roslaunch.server][INFO] 2022-02-14 15:13:44,152: waiting for roslaunch XML-RPC server to initialize
[xmlrpc][INFO] 2022-02-14 15:13:44,152: XML-RPC server binding to 0.0.0.0:0
[xmlrpc][INFO] 2022-02-14 15:13:44,152: Started XML-RPC server [http://FM00351-u:34387/]
[xmlrpc][INFO] 2022-02-14 15:13:44,152: xml rpc node: starting XML-RPC server
[roslaunch][INFO] 2022-02-14 15:13:44,163: started roslaunch server http://FM00351-u:34387/
[roslaunch.parent][INFO] 2022-02-14 15:13:44,163: ... parent XML-RPC server started
[roslaunch][INFO] 2022-02-14 15:13:44,164: master.is_running[http://localhost:11311]
[roslaunch][INFO] 2022-02-14 15:13:44,164: auto-starting new master
[roslaunch][INFO] 2022-02-14 15:13:44,164: create_master_process: rosmaster, /opt/ros/melodic/share/ros, 11311, 3, None, False
[roslaunch][INFO] 2022-02-14 15:13:44,164: process[master]: launching with args [['rosmaster', '--core', '-p', '11311', '-w', '3']]
[roslaunch.pmon][INFO] 2022-02-14 15:13:44,164: ProcessMonitor.register[master]
[roslaunch.pmon][INFO] 2022-02-14 15:13:44,164: ProcessMonitor.register[master] complete
[roslaunch][INFO] 2022-02-14 15:13:44,164: process[master]: starting os process
[roslaunch][INFO] 2022-02-14 15:13:44,164: process[master]: start w/ args [['rosmaster', '--core', '-p', '11311', '-w', '3', '__log:=/home/ros/.ros/log/b2f17f4e-8da8-11ec-8c6d-7c507959f385/master.log']]
[roslaunch][INFO] 2022-02-14 15:13:44,164: process[master]: cwd will be [/home/ros/.ros]
[roslaunch][INFO] 2022-02-14 15:13:44,228: process[master]: started with pid [1570]
[roslaunch][INFO] 2022-02-14 15:13:44,228: master.is_running[http://localhost:11311]
[roslaunch][INFO] 2022-02-14 15:13:44,329: master.is_running[http://localhost:11311]
[roslaunch][INFO] 2022-02-14 15:13:44,429: master.is_running[http://localhost:11311]
[roslaunch][INFO] 2022-02-14 15:13:44,431: master.is_running[http://localhost:11311]
[roslaunch][INFO] 2022-02-14 15:13:44,432: ROS_MASTER_URI=http://localhost:11311
[roslaunch][INFO] 2022-02-14 15:13:44,434: setting /run_id to b2f17f4e-8da8-11ec-8c6d-7c507959f385
[roslaunch][INFO] 2022-02-14 15:13:44,436: setting /roslaunch/uris/host_fm00351_u__34387' to http://FM00351-u:34387/
[roslaunch][INFO] 2022-02-14 15:13:44,438: ... preparing to launch node of type [rosout/rosout]
[roslaunch][INFO] 2022-02-14 15:13:44,438: create_node_process: package[rosout] type[rosout] machine[Machine(name[] env_loader[None] address[localhost] ssh_port[22] user[None] assignable[True] timeout[10.0])] master_uri[http://localhost:11311]
[roslaunch][INFO] 2022-02-14 15:13:44,438: process[rosout-1]: env[{'ROS_DISTRO': 'melodic', 'ROSLISP_PACKAGE_DIRECTORIES': '/home/ros/catkin_ws/devel/share/common-lisp', 'LD_LIBRARY_PATH': '/home/ros/catkin_ws/devel/lib:/opt/ros/melodic/lib', 'ROS_PACKAGE_PATH': '/home/ros/catkin_ws/src:/opt/ros/melodic/share', 'PATH': '/opt/ros/melodic/bin:/usr/local/sbin:/usr/local/bin:/usr/sbin:/usr/bin:/sbin:/bin', 'CMAKE_PREFIX_PATH': '/home/ros/catkin_ws/devel:/opt/ros/melodic', 'ROS_LOG_FILENAME': '/home/ros/.ros/log/b2f17f4e-8da8-11ec-8c6d-7c507959f385/roslaunch-FM00351-u-1560.log', 'LANG': 'C.UTF-8', 'TERM': 'xterm', 'SHLVL': '2', 'DISPLAY': ':0', 'UNAME': 'ros', 'ROS_ETC_DIR': '/opt/ros/melodic/etc/ros', 'HOME': '/home/ros', 'ROS_PYTHON_VERSION': '2', 'PYTHONPATH': '/home/ros/catkin_ws/devel/lib/python2.7/dist-packages:/opt/ros/melodic/lib/python2.7/dist-packages', 'QT_X11_NO_MITSHM': '1', 'ROS_ROOT': '/opt/ros/melodic/share/ros', 'PKG_CONFIG_PATH': '/home/ros/catkin_ws/devel/lib/pkgconfig:/opt/ros/melodic/lib/pkgconfig', 'LC_ALL': 'C.UTF-8', '_': '/opt/ros/melodic/bin/roslaunch', 'OLDPWD': '/home/ros', 'HOSTNAME': 'FM00351-u', 'PWD': '/home/ros/catkin_ws', 'ROS_MASTER_URI': 'http://localhost:11311', 'ROS_VERSION': '1'}]
[roslaunch][INFO] 2022-02-14 15:13:44,639: process[rosout-1]: args[[u'/opt/ros/melodic/lib/rosout/rosout', u'__name:=rosout']]
[roslaunch][INFO] 2022-02-14 15:13:44,639: ... created process [rosout-1]
[roslaunch.pmon][INFO] 2022-02-14 15:13:44,639: ProcessMonitor.register[rosout-1]
[roslaunch.pmon][INFO] 2022-02-14 15:13:44,639: ProcessMonitor.register[rosout-1] complete
[roslaunch][INFO] 2022-02-14 15:13:44,639: ... registered process [rosout-1]
[roslaunch][INFO] 2022-02-14 15:13:44,639: process[rosout-1]: starting os process
[roslaunch][INFO] 2022-02-14 15:13:44,639: process[rosout-1]: start w/ args [[u'/opt/ros/melodic/lib/rosout/rosout', u'__name:=rosout', u'__log:=/home/ros/.ros/log/b2f17f4e-8da8-11ec-8c6d-7c507959f385/rosout-1.log']]
[roslaunch][INFO] 2022-02-14 15:13:44,639: process[rosout-1]: cwd will be [/home/ros/.ros]
[roslaunch][INFO] 2022-02-14 15:13:44,704: process[rosout-1]: started with pid [1581]
[roslaunch][INFO] 2022-02-14 15:13:44,705: ... successfully launched [rosout-1]
[roslaunch][INFO] 2022-02-14 15:13:44,705: load_parameters starting ...
[roslaunch][INFO] 2022-02-14 15:13:44,706: ... load_parameters complete
[roslaunch][INFO] 2022-02-14 15:13:44,706: launch_nodes: launching local nodes ...
[roslaunch][INFO] 2022-02-14 15:13:44,707: ... preparing to launch node of type [module_gripper/gripper_action_server]
[roslaunch][INFO] 2022-02-14 15:13:44,707: create_node_process: package[module_gripper] type[gripper_action_server] machine[Machine(name[] env_loader[None] address[localhost] ssh_port[22] user[None] assignable[True] timeout[10.0])] master_uri[http://localhost:11311]
[roslaunch][INFO] 2022-02-14 15:13:44,707: process[frogs-2]: env[{'ROS_DISTRO': 'melodic', 'ROSLISP_PACKAGE_DIRECTORIES': '/home/ros/catkin_ws/devel/share/common-lisp', 'LD_LIBRARY_PATH': '/home/ros/catkin_ws/devel/lib:/opt/ros/melodic/lib', 'ROS_PACKAGE_PATH': '/home/ros/catkin_ws/src:/opt/ros/melodic/share', 'PATH': '/opt/ros/melodic/bin:/usr/local/sbin:/usr/local/bin:/usr/sbin:/usr/bin:/sbin:/bin', 'CMAKE_PREFIX_PATH': '/home/ros/catkin_ws/devel:/opt/ros/melodic', 'ROS_LOG_FILENAME': '/home/ros/.ros/log/b2f17f4e-8da8-11ec-8c6d-7c507959f385/roslaunch-FM00351-u-1560.log', 'LANG': 'C.UTF-8', 'TERM': 'xterm', 'SHLVL': '2', 'DISPLAY': ':0', 'UNAME': 'ros', 'ROS_ETC_DIR': '/opt/ros/melodic/etc/ros', 'HOME': '/home/ros', 'ROS_PYTHON_VERSION': '2', 'PYTHONPATH': '/home/ros/catkin_ws/devel/lib/python2.7/dist-packages:/opt/ros/melodic/lib/python2.7/dist-packages', 'QT_X11_NO_MITSHM': '1', 'ROS_ROOT': '/opt/ros/melodic/share/ros', 'PKG_CONFIG_PATH': '/home/ros/catkin_ws/devel/lib/pkgconfig:/opt/ros/melodic/lib/pkgconfig', 'LC_ALL': 'C.UTF-8', '_': '/opt/ros/melodic/bin/roslaunch', 'OLDPWD': '/home/ros', 'HOSTNAME': 'FM00351-u', 'PWD': '/home/ros/catkin_ws', 'ROS_MASTER_URI': 'http://localhost:11311', 'ROS_VERSION': '1'}]
[roslaunch][INFO] 2022-02-14 15:13:44,707: process[frogs-2]: args[[u'/home/ros/catkin_ws/src/fm_gripper_module/src/fm_gripper_module/gripper_action_server', u'__name:=frogs']]
[roslaunch][INFO] 2022-02-14 15:13:44,707: ... created process [frogs-2]
[roslaunch.pmon][INFO] 2022-02-14 15:13:44,707: ProcessMonitor.register[frogs-2]
[roslaunch.pmon][INFO] 2022-02-14 15:13:44,707: ProcessMonitor.register[frogs-2] complete
[roslaunch][INFO] 2022-02-14 15:13:44,707: ... registered process [frogs-2]
[roslaunch][INFO] 2022-02-14 15:13:44,707: process[frogs-2]: starting os process
[roslaunch][INFO] 2022-02-14 15:13:44,707: process[frogs-2]: start w/ args [[u'/home/ros/catkin_ws/src/fm_gripper_module/src/fm_gripper_module/gripper_action_server', u'__name:=frogs', u'__log:=/home/ros/.ros/log/b2f17f4e-8da8-11ec-8c6d-7c507959f385/frogs-2.log']]
[roslaunch][INFO] 2022-02-14 15:13:44,707: process[frogs-2]: cwd will be [/home/ros/.ros]
[roslaunch][INFO] 2022-02-14 15:13:44,772: process[frogs-2]: started with pid [1584]
[roslaunch][INFO] 2022-02-14 15:13:44,772: ... successfully launched [frogs-2]
[roslaunch][INFO] 2022-02-14 15:13:44,772: ... launch_nodes complete
[roslaunch.pmon][INFO] 2022-02-14 15:13:44,772: registrations completed <ProcessMonitor(ProcessMonitor-1, started daemon 140059418248960)>
[roslaunch.parent][INFO] 2022-02-14 15:13:44,772: ... roslaunch parent running, waiting for process exit
[roslaunch][INFO] 2022-02-14 15:13:44,773: spin
[roslaunch][INFO] 2022-02-14 15:21:55,719: [frogs-2] process has finished cleanly
log file: /home/ros/.ros/log/b2f17f4e-8da8-11ec-8c6d-7c507959f385/frogs-2*.log
[roslaunch.pmon][INFO] 2022-02-14 15:21:55,719: ProcessMonitor.unregister[frogs-2] starting
[roslaunch.pmon][INFO] 2022-02-14 15:21:55,719: ProcessMonitor.unregister[frogs-2] complete
[roslaunch.pmon][INFO] 2022-02-14 15:28:32,813: ProcessMonitor.shutdown <ProcessMonitor(ProcessMonitor-1, started daemon 140059418248960)>
[roslaunch.pmon][INFO] 2022-02-14 15:28:32,850: ProcessMonitor._post_run <ProcessMonitor(ProcessMonitor-1, started daemon 140059418248960)>
[roslaunch.pmon][INFO] 2022-02-14 15:28:32,850: ProcessMonitor._post_run <ProcessMonitor(ProcessMonitor-1, started daemon 140059418248960)>: remaining procs are [<roslaunch.nodeprocess.LocalProcess object at 0x7f6220098ed0>, <roslaunch.nodeprocess.LocalProcess object at 0x7f6220526c50>]
[roslaunch.pmon][INFO] 2022-02-14 15:28:32,854: ProcessMonitor exit: killing rosout-1
[roslaunch][INFO] 2022-02-14 15:28:32,854: [rosout-1] killing on exit
[roslaunch][INFO] 2022-02-14 15:28:32,854: process[rosout-1]: killing os process with pid[1581] pgid[1581]
[roslaunch][INFO] 2022-02-14 15:28:32,854: [rosout-1] sending SIGINT to pgid [1581]
[roslaunch][INFO] 2022-02-14 15:28:32,854: [rosout-1] sent SIGINT to pgid [1581]
[roslaunch][INFO] 2022-02-14 15:28:33,055: process[rosout-1]: SIGINT killed with return value 0
[roslaunch.pmon][INFO] 2022-02-14 15:28:33,055: ProcessMonitor exit: killing master
[roslaunch][INFO] 2022-02-14 15:28:33,056: [master] killing on exit
[roslaunch][INFO] 2022-02-14 15:28:33,056: process[master]: killing os process with pid[1570] pgid[1570]
[roslaunch][INFO] 2022-02-14 15:28:33,056: [master] sending SIGINT to pgid [1570]
[roslaunch][INFO] 2022-02-14 15:28:33,056: [master] sent SIGINT to pgid [1570]
[roslaunch][INFO] 2022-02-14 15:28:33,257: process[master]: SIGINT killed with return value 0
[roslaunch.pmon][INFO] 2022-02-14 15:28:33,257: ProcessMonitor exit: cleaning up data structures and signals
[roslaunch.pmon][INFO] 2022-02-14 15:28:33,257: ProcessMonitor exit: pmon has shutdown
[roslaunch][INFO] 2022-02-14 15:28:33,278: process monitor is done spinning, initiating full shutdown
[roslaunch][INFO] 2022-02-14 15:28:33,279: runner.stop()
[roslaunch][INFO] 2022-02-14 15:28:33,279: shutting down processing monitor...
[roslaunch][INFO] 2022-02-14 15:28:33,279: shutting down processing monitor <ProcessMonitor(ProcessMonitor-1, stopped daemon 140059418248960)>
[roslaunch.pmon][INFO] 2022-02-14 15:28:33,279: ProcessMonitor.shutdown <ProcessMonitor(ProcessMonitor-1, stopped daemon 140059418248960)>
[roslaunch][INFO] 2022-02-14 15:28:33,279: ... shutting down processing monitor complete
[roslaunch][INFO] 2022-02-14 15:28:33,279: done
[roslaunch.pmon][INFO] 2022-02-14 15:28:33,280: ProcessMonitor.shutdown <ProcessMonitor(ProcessMonitor-1, stopped daemon 140059418248960)>
[rospy.core][INFO] 2022-02-14 15:28:33,280: signal_shutdown [atexit]
