[roslaunch][INFO] 2022-03-09 08:48:55,318: Checking log directory for disk usage. This may take a while.
Press Ctrl-C to interrupt
[roslaunch][INFO] 2022-03-09 08:48:55,321: Done checking log file disk usage. Usage is <1GB.
[roslaunch][INFO] 2022-03-09 08:48:55,321: roslaunch starting with args ['/opt/ros/melodic/bin/roslaunch', 'fm_gripper_module', 'fm_gripper_module.launch']
[roslaunch][INFO] 2022-03-09 08:48:55,321: roslaunch env is {'ROS_DISTRO': 'melodic', 'ROSLISP_PACKAGE_DIRECTORIES': '/home/ros/catkin_ws/devel/share/common-lisp', 'HOME': '/home/ros', 'PATH': '/opt/ros/melodic/bin:/usr/local/sbin:/usr/local/bin:/usr/sbin:/usr/bin:/sbin:/bin', 'ROS_PACKAGE_PATH': '/home/ros/catkin_ws/src:/opt/ros/melodic/share', 'CMAKE_PREFIX_PATH': '/home/ros/catkin_ws/devel:/opt/ros/melodic', 'LD_LIBRARY_PATH': '/home/ros/catkin_ws/devel/lib:/opt/ros/melodic/lib', 'LANG': 'C.UTF-8', 'TERM': 'xterm', 'ROS_LOG_FILENAME': '/home/ros/.ros/log/c09b1c88-9f85-11ec-8b35-7c507959f385/roslaunch-FM00351-u-534.log', 'SHLVL': '1', 'DISPLAY': ':0', 'UNAME': 'ros', 'ROS_MASTER_URI': 'http://localhost:11311', 'ROS_PYTHON_VERSION': '2', 'PYTHONPATH': '/home/ros/catkin_ws/devel/lib/python2.7/dist-packages:/opt/ros/melodic/lib/python2.7/dist-packages', 'QT_X11_NO_MITSHM': '1', 'ROS_ROOT': '/opt/ros/melodic/share/ros', 'PKG_CONFIG_PATH': '/home/ros/catkin_ws/devel/lib/pkgconfig:/opt/ros/melodic/lib/pkgconfig', 'LC_ALL': 'C.UTF-8', '_': '/opt/ros/melodic/bin/roslaunch', 'OLDPWD': '/home/ros', 'HOSTNAME': 'FM00351-u', 'PWD': '/home/ros/catkin_ws', 'ROS_ETC_DIR': '/opt/ros/melodic/etc/ros', 'ROS_VERSION': '1'}
[roslaunch][INFO] 2022-03-09 08:48:55,321: starting in server mode
[roslaunch.parent][INFO] 2022-03-09 08:48:55,321: starting roslaunch parent run
[roslaunch][INFO] 2022-03-09 08:48:55,322: loading roscore config file /opt/ros/melodic/etc/ros/roscore.xml
[roslaunch][INFO] 2022-03-09 08:48:55,620: Added core node of type [rosout/rosout] in namespace [/]
[roslaunch.config][INFO] 2022-03-09 08:48:55,620: loading config file /home/ros/catkin_ws/src/fm_gripper_module/launch/fm_gripper_module.launch
[roslaunch][INFO] 2022-03-09 08:48:55,620: Added node of type [robotiq_2f_gripper_control/Robotiq2FGripperRtuNode.py] in namespace [/]
[roslaunch][INFO] 2022-03-09 08:48:55,620: Added node of type [fm_gripper_module/gripper_action_server.py] in namespace [/]
[roslaunch][INFO] 2022-03-09 08:48:55,620: ... selected machine [] for node of type [robotiq_2f_gripper_control/Robotiq2FGripperRtuNode.py]
[roslaunch][INFO] 2022-03-09 08:48:55,620: ... selected machine [] for node of type [fm_gripper_module/gripper_action_server.py]
[roslaunch.pmon][INFO] 2022-03-09 08:48:55,621: start_process_monitor: creating ProcessMonitor
[roslaunch.pmon][INFO] 2022-03-09 08:48:55,621: created process monitor <ProcessMonitor(ProcessMonitor-1, initial daemon)>
[roslaunch.pmon][INFO] 2022-03-09 08:48:55,621: start_process_monitor: ProcessMonitor started
[roslaunch.parent][INFO] 2022-03-09 08:48:55,621: starting parent XML-RPC server
[roslaunch.server][INFO] 2022-03-09 08:48:55,622: starting roslaunch XML-RPC server
[roslaunch.server][INFO] 2022-03-09 08:48:55,622: waiting for roslaunch XML-RPC server to initialize
[xmlrpc][INFO] 2022-03-09 08:48:55,622: XML-RPC server binding to 0.0.0.0:0
[xmlrpc][INFO] 2022-03-09 08:48:55,622: Started XML-RPC server [http://FM00351-u:44437/]
[xmlrpc][INFO] 2022-03-09 08:48:55,622: xml rpc node: starting XML-RPC server
[roslaunch][INFO] 2022-03-09 08:48:55,633: started roslaunch server http://FM00351-u:44437/
[roslaunch.parent][INFO] 2022-03-09 08:48:55,633: ... parent XML-RPC server started
[roslaunch][INFO] 2022-03-09 08:48:55,633: master.is_running[http://localhost:11311]
[roslaunch][INFO] 2022-03-09 08:48:55,633: auto-starting new master
[roslaunch][INFO] 2022-03-09 08:48:55,633: create_master_process: rosmaster, /opt/ros/melodic/share/ros, 11311, 3, None, False
[roslaunch][INFO] 2022-03-09 08:48:55,633: process[master]: launching with args [['rosmaster', '--core', '-p', '11311', '-w', '3']]
[roslaunch.pmon][INFO] 2022-03-09 08:48:55,633: ProcessMonitor.register[master]
[roslaunch.pmon][INFO] 2022-03-09 08:48:55,634: ProcessMonitor.register[master] complete
[roslaunch][INFO] 2022-03-09 08:48:55,634: process[master]: starting os process
[roslaunch][INFO] 2022-03-09 08:48:55,634: process[master]: start w/ args [['rosmaster', '--core', '-p', '11311', '-w', '3', '__log:=/home/ros/.ros/log/c09b1c88-9f85-11ec-8b35-7c507959f385/master.log']]
[roslaunch][INFO] 2022-03-09 08:48:55,634: process[master]: cwd will be [/home/ros/.ros]
[roslaunch][INFO] 2022-03-09 08:48:55,698: process[master]: started with pid [544]
[roslaunch][INFO] 2022-03-09 08:48:55,698: master.is_running[http://localhost:11311]
[roslaunch][INFO] 2022-03-09 08:48:55,799: master.is_running[http://localhost:11311]
[roslaunch][INFO] 2022-03-09 08:48:55,899: master.is_running[http://localhost:11311]
[roslaunch][INFO] 2022-03-09 08:48:55,901: master.is_running[http://localhost:11311]
[roslaunch][INFO] 2022-03-09 08:48:55,902: ROS_MASTER_URI=http://localhost:11311
[roslaunch][INFO] 2022-03-09 08:48:55,902: setting /run_id to c09b1c88-9f85-11ec-8b35-7c507959f385
[roslaunch][INFO] 2022-03-09 08:48:55,903: setting /roslaunch/uris/host_fm00351_u__44437' to http://FM00351-u:44437/
[roslaunch][INFO] 2022-03-09 08:48:55,904: ... preparing to launch node of type [rosout/rosout]
[roslaunch][INFO] 2022-03-09 08:48:55,904: create_node_process: package[rosout] type[rosout] machine[Machine(name[] env_loader[None] address[localhost] ssh_port[22] user[None] assignable[True] timeout[10.0])] master_uri[http://localhost:11311]
[roslaunch][INFO] 2022-03-09 08:48:55,904: process[rosout-1]: env[{'ROS_DISTRO': 'melodic', 'ROSLISP_PACKAGE_DIRECTORIES': '/home/ros/catkin_ws/devel/share/common-lisp', 'LD_LIBRARY_PATH': '/home/ros/catkin_ws/devel/lib:/opt/ros/melodic/lib', 'ROS_PACKAGE_PATH': '/home/ros/catkin_ws/src:/opt/ros/melodic/share', 'PATH': '/opt/ros/melodic/bin:/usr/local/sbin:/usr/local/bin:/usr/sbin:/usr/bin:/sbin:/bin', 'CMAKE_PREFIX_PATH': '/home/ros/catkin_ws/devel:/opt/ros/melodic', 'ROS_LOG_FILENAME': '/home/ros/.ros/log/c09b1c88-9f85-11ec-8b35-7c507959f385/roslaunch-FM00351-u-534.log', 'LANG': 'C.UTF-8', 'TERM': 'xterm', 'SHLVL': '1', 'DISPLAY': ':0', 'UNAME': 'ros', 'ROS_ETC_DIR': '/opt/ros/melodic/etc/ros', 'HOME': '/home/ros', 'ROS_PYTHON_VERSION': '2', 'PYTHONPATH': '/home/ros/catkin_ws/devel/lib/python2.7/dist-packages:/opt/ros/melodic/lib/python2.7/dist-packages', 'QT_X11_NO_MITSHM': '1', 'ROS_ROOT': '/opt/ros/melodic/share/ros', 'PKG_CONFIG_PATH': '/home/ros/catkin_ws/devel/lib/pkgconfig:/opt/ros/melodic/lib/pkgconfig', 'LC_ALL': 'C.UTF-8', '_': '/opt/ros/melodic/bin/roslaunch', 'OLDPWD': '/home/ros', 'HOSTNAME': 'FM00351-u', 'PWD': '/home/ros/catkin_ws', 'ROS_MASTER_URI': 'http://localhost:11311', 'ROS_VERSION': '1'}]
[roslaunch][INFO] 2022-03-09 08:48:56,097: process[rosout-1]: args[[u'/opt/ros/melodic/lib/rosout/rosout', u'__name:=rosout']]
[roslaunch][INFO] 2022-03-09 08:48:56,097: ... created process [rosout-1]
[roslaunch.pmon][INFO] 2022-03-09 08:48:56,098: ProcessMonitor.register[rosout-1]
[roslaunch.pmon][INFO] 2022-03-09 08:48:56,098: ProcessMonitor.register[rosout-1] complete
[roslaunch][INFO] 2022-03-09 08:48:56,098: ... registered process [rosout-1]
[roslaunch][INFO] 2022-03-09 08:48:56,098: process[rosout-1]: starting os process
[roslaunch][INFO] 2022-03-09 08:48:56,098: process[rosout-1]: start w/ args [[u'/opt/ros/melodic/lib/rosout/rosout', u'__name:=rosout', u'__log:=/home/ros/.ros/log/c09b1c88-9f85-11ec-8b35-7c507959f385/rosout-1.log']]
[roslaunch][INFO] 2022-03-09 08:48:56,098: process[rosout-1]: cwd will be [/home/ros/.ros]
[roslaunch][INFO] 2022-03-09 08:48:56,162: process[rosout-1]: started with pid [555]
[roslaunch][INFO] 2022-03-09 08:48:56,162: ... successfully launched [rosout-1]
[roslaunch][INFO] 2022-03-09 08:48:56,162: load_parameters starting ...
[roslaunch][INFO] 2022-03-09 08:48:56,164: ... load_parameters complete
[roslaunch][INFO] 2022-03-09 08:48:56,164: launch_nodes: launching local nodes ...
[roslaunch][INFO] 2022-03-09 08:48:56,164: ... preparing to launch node of type [robotiq_2f_gripper_control/Robotiq2FGripperRtuNode.py]
[roslaunch][INFO] 2022-03-09 08:48:56,164: create_node_process: package[robotiq_2f_gripper_control] type[Robotiq2FGripperRtuNode.py] machine[Machine(name[] env_loader[None] address[localhost] ssh_port[22] user[None] assignable[True] timeout[10.0])] master_uri[http://localhost:11311]
[roslaunch][INFO] 2022-03-09 08:48:56,164: process[Robotiq2FGripperRtuNode-2]: env[{'ROS_DISTRO': 'melodic', 'ROSLISP_PACKAGE_DIRECTORIES': '/home/ros/catkin_ws/devel/share/common-lisp', 'LD_LIBRARY_PATH': '/home/ros/catkin_ws/devel/lib:/opt/ros/melodic/lib', 'ROS_PACKAGE_PATH': '/home/ros/catkin_ws/src:/opt/ros/melodic/share', 'PATH': '/opt/ros/melodic/bin:/usr/local/sbin:/usr/local/bin:/usr/sbin:/usr/bin:/sbin:/bin', 'CMAKE_PREFIX_PATH': '/home/ros/catkin_ws/devel:/opt/ros/melodic', 'ROS_LOG_FILENAME': '/home/ros/.ros/log/c09b1c88-9f85-11ec-8b35-7c507959f385/roslaunch-FM00351-u-534.log', 'LANG': 'C.UTF-8', 'TERM': 'xterm', 'SHLVL': '1', 'DISPLAY': ':0', 'UNAME': 'ros', 'ROS_ETC_DIR': '/opt/ros/melodic/etc/ros', 'HOME': '/home/ros', 'ROS_PYTHON_VERSION': '2', 'PYTHONPATH': '/home/ros/catkin_ws/devel/lib/python2.7/dist-packages:/opt/ros/melodic/lib/python2.7/dist-packages', 'QT_X11_NO_MITSHM': '1', 'ROS_ROOT': '/opt/ros/melodic/share/ros', 'PKG_CONFIG_PATH': '/home/ros/catkin_ws/devel/lib/pkgconfig:/opt/ros/melodic/lib/pkgconfig', 'LC_ALL': 'C.UTF-8', '_': '/opt/ros/melodic/bin/roslaunch', 'OLDPWD': '/home/ros', 'HOSTNAME': 'FM00351-u', 'PWD': '/home/ros/catkin_ws', 'ROS_MASTER_URI': 'http://localhost:11311', 'ROS_VERSION': '1'}]
[roslaunch][INFO] 2022-03-09 08:48:56,164: process[Robotiq2FGripperRtuNode-2]: args[[u'/home/ros/catkin_ws/src/robotiq/robotiq_2f_gripper_control/nodes/Robotiq2FGripperRtuNode.py', '/dev/ttyUSB0', u'__name:=Robotiq2FGripperRtuNode']]
[roslaunch][INFO] 2022-03-09 08:48:56,164: ... created process [Robotiq2FGripperRtuNode-2]
[roslaunch.pmon][INFO] 2022-03-09 08:48:56,164: ProcessMonitor.register[Robotiq2FGripperRtuNode-2]
[roslaunch.pmon][INFO] 2022-03-09 08:48:56,164: ProcessMonitor.register[Robotiq2FGripperRtuNode-2] complete
[roslaunch][INFO] 2022-03-09 08:48:56,165: ... registered process [Robotiq2FGripperRtuNode-2]
[roslaunch][INFO] 2022-03-09 08:48:56,165: process[Robotiq2FGripperRtuNode-2]: starting os process
[roslaunch][INFO] 2022-03-09 08:48:56,165: process[Robotiq2FGripperRtuNode-2]: start w/ args [[u'/home/ros/catkin_ws/src/robotiq/robotiq_2f_gripper_control/nodes/Robotiq2FGripperRtuNode.py', '/dev/ttyUSB0', u'__name:=Robotiq2FGripperRtuNode', u'__log:=/home/ros/.ros/log/c09b1c88-9f85-11ec-8b35-7c507959f385/Robotiq2FGripperRtuNode-2.log']]
[roslaunch][INFO] 2022-03-09 08:48:56,165: process[Robotiq2FGripperRtuNode-2]: cwd will be [/home/ros/.ros]
[roslaunch][INFO] 2022-03-09 08:48:56,229: process[Robotiq2FGripperRtuNode-2]: started with pid [558]
[roslaunch][INFO] 2022-03-09 08:48:56,229: ... successfully launched [Robotiq2FGripperRtuNode-2]
[roslaunch][INFO] 2022-03-09 08:48:56,229: ... preparing to launch node of type [fm_gripper_module/gripper_action_server.py]
[roslaunch][INFO] 2022-03-09 08:48:56,229: create_node_process: package[fm_gripper_module] type[gripper_action_server.py] machine[Machine(name[] env_loader[None] address[localhost] ssh_port[22] user[None] assignable[True] timeout[10.0])] master_uri[http://localhost:11311]
[roslaunch][INFO] 2022-03-09 08:48:56,229: process[gripper_action_server-3]: env[{'ROS_DISTRO': 'melodic', 'ROSLISP_PACKAGE_DIRECTORIES': '/home/ros/catkin_ws/devel/share/common-lisp', 'LD_LIBRARY_PATH': '/home/ros/catkin_ws/devel/lib:/opt/ros/melodic/lib', 'ROS_PACKAGE_PATH': '/home/ros/catkin_ws/src:/opt/ros/melodic/share', 'PATH': '/opt/ros/melodic/bin:/usr/local/sbin:/usr/local/bin:/usr/sbin:/usr/bin:/sbin:/bin', 'CMAKE_PREFIX_PATH': '/home/ros/catkin_ws/devel:/opt/ros/melodic', 'ROS_LOG_FILENAME': '/home/ros/.ros/log/c09b1c88-9f85-11ec-8b35-7c507959f385/roslaunch-FM00351-u-534.log', 'LANG': 'C.UTF-8', 'TERM': 'xterm', 'SHLVL': '1', 'DISPLAY': ':0', 'UNAME': 'ros', 'ROS_ETC_DIR': '/opt/ros/melodic/etc/ros', 'HOME': '/home/ros', 'ROS_PYTHON_VERSION': '2', 'PYTHONPATH': '/home/ros/catkin_ws/devel/lib/python2.7/dist-packages:/opt/ros/melodic/lib/python2.7/dist-packages', 'QT_X11_NO_MITSHM': '1', 'ROS_ROOT': '/opt/ros/melodic/share/ros', 'PKG_CONFIG_PATH': '/home/ros/catkin_ws/devel/lib/pkgconfig:/opt/ros/melodic/lib/pkgconfig', 'LC_ALL': 'C.UTF-8', '_': '/opt/ros/melodic/bin/roslaunch', 'OLDPWD': '/home/ros', 'HOSTNAME': 'FM00351-u', 'PWD': '/home/ros/catkin_ws', 'ROS_MASTER_URI': 'http://localhost:11311', 'ROS_VERSION': '1'}]
[roslaunch][INFO] 2022-03-09 08:48:56,230: process[gripper_action_server-3]: args[[u'/home/ros/catkin_ws/src/fm_gripper_module/src/gripper_action_server.py', u'__name:=gripper_action_server']]
[roslaunch][INFO] 2022-03-09 08:48:56,230: ... created process [gripper_action_server-3]
[roslaunch.pmon][INFO] 2022-03-09 08:48:56,230: ProcessMonitor.register[gripper_action_server-3]
[roslaunch.pmon][INFO] 2022-03-09 08:48:56,230: ProcessMonitor.register[gripper_action_server-3] complete
[roslaunch][INFO] 2022-03-09 08:48:56,230: ... registered process [gripper_action_server-3]
[roslaunch][INFO] 2022-03-09 08:48:56,230: process[gripper_action_server-3]: starting os process
[roslaunch][INFO] 2022-03-09 08:48:56,230: process[gripper_action_server-3]: start w/ args [[u'/home/ros/catkin_ws/src/fm_gripper_module/src/gripper_action_server.py', u'__name:=gripper_action_server', u'__log:=/home/ros/.ros/log/c09b1c88-9f85-11ec-8b35-7c507959f385/gripper_action_server-3.log']]
[roslaunch][INFO] 2022-03-09 08:48:56,230: process[gripper_action_server-3]: cwd will be [/home/ros/.ros]
[roslaunch][INFO] 2022-03-09 08:48:56,294: process[gripper_action_server-3]: started with pid [563]
[roslaunch][INFO] 2022-03-09 08:48:56,294: ... successfully launched [gripper_action_server-3]
[roslaunch][INFO] 2022-03-09 08:48:56,294: ... launch_nodes complete
[roslaunch.pmon][INFO] 2022-03-09 08:48:56,295: registrations completed <ProcessMonitor(ProcessMonitor-1, started daemon 140649519306496)>
[roslaunch.parent][INFO] 2022-03-09 08:48:56,295: ... roslaunch parent running, waiting for process exit
[roslaunch][INFO] 2022-03-09 08:48:56,295: spin
[roslaunch][ERROR] 2022-03-09 08:48:56,924: [Robotiq2FGripperRtuNode-2] process has died [pid 558, exit code 1, cmd /home/ros/catkin_ws/src/robotiq/robotiq_2f_gripper_control/nodes/Robotiq2FGripperRtuNode.py /dev/ttyUSB0 __name:=Robotiq2FGripperRtuNode __log:=/home/ros/.ros/log/c09b1c88-9f85-11ec-8b35-7c507959f385/Robotiq2FGripperRtuNode-2.log].
log file: /home/ros/.ros/log/c09b1c88-9f85-11ec-8b35-7c507959f385/Robotiq2FGripperRtuNode-2*.log
[roslaunch.pmon][INFO] 2022-03-09 08:48:56,925: ProcessMonitor.unregister[Robotiq2FGripperRtuNode-2] starting
[roslaunch.pmon][INFO] 2022-03-09 08:48:56,925: ProcessMonitor.unregister[Robotiq2FGripperRtuNode-2] complete
[roslaunch.pmon][INFO] 2022-03-09 08:49:33,196: ProcessMonitor.shutdown <ProcessMonitor(ProcessMonitor-1, started daemon 140649519306496)>
[roslaunch.pmon][INFO] 2022-03-09 08:49:33,197: ProcessMonitor._post_run <ProcessMonitor(ProcessMonitor-1, started daemon 140649519306496)>
[roslaunch.pmon][INFO] 2022-03-09 08:49:33,198: ProcessMonitor._post_run <ProcessMonitor(ProcessMonitor-1, started daemon 140649519306496)>: remaining procs are [<roslaunch.nodeprocess.LocalProcess object at 0x7feb84ce0f90>, <roslaunch.nodeprocess.LocalProcess object at 0x7feb8516b210>, <roslaunch.nodeprocess.LocalProcess object at 0x7feb84ce0dd0>]
[roslaunch.pmon][INFO] 2022-03-09 08:49:33,198: ProcessMonitor exit: killing gripper_action_server-3
[roslaunch][INFO] 2022-03-09 08:49:33,199: [gripper_action_server-3] killing on exit
[roslaunch][INFO] 2022-03-09 08:49:33,199: process[gripper_action_server-3]: killing os process with pid[563] pgid[563]
[roslaunch][INFO] 2022-03-09 08:49:33,200: [gripper_action_server-3] sending SIGINT to pgid [563]
[roslaunch][INFO] 2022-03-09 08:49:33,201: [gripper_action_server-3] sent SIGINT to pgid [563]
[roslaunch][INFO] 2022-03-09 08:49:33,402: process[gripper_action_server-3]: SIGINT killed with return value 0
[roslaunch.pmon][INFO] 2022-03-09 08:49:33,402: ProcessMonitor exit: killing rosout-1
[roslaunch][INFO] 2022-03-09 08:49:33,403: [rosout-1] killing on exit
[roslaunch][INFO] 2022-03-09 08:49:33,403: process[rosout-1]: killing os process with pid[555] pgid[555]
[roslaunch][INFO] 2022-03-09 08:49:33,403: [rosout-1] sending SIGINT to pgid [555]
[roslaunch][INFO] 2022-03-09 08:49:33,403: [rosout-1] sent SIGINT to pgid [555]
[roslaunch][INFO] 2022-03-09 08:49:33,504: process[rosout-1]: SIGINT killed with return value 0
[roslaunch.pmon][INFO] 2022-03-09 08:49:33,504: ProcessMonitor exit: killing master
[roslaunch][INFO] 2022-03-09 08:49:33,504: [master] killing on exit
[roslaunch][INFO] 2022-03-09 08:49:33,504: process[master]: killing os process with pid[544] pgid[544]
[roslaunch][INFO] 2022-03-09 08:49:33,505: [master] sending SIGINT to pgid [544]
[roslaunch][INFO] 2022-03-09 08:49:33,505: [master] sent SIGINT to pgid [544]
[roslaunch][INFO] 2022-03-09 08:49:33,705: process[master]: SIGINT killed with return value 0
[roslaunch.pmon][INFO] 2022-03-09 08:49:33,706: ProcessMonitor exit: cleaning up data structures and signals
[roslaunch.pmon][INFO] 2022-03-09 08:49:33,706: ProcessMonitor exit: pmon has shutdown
[roslaunch][INFO] 2022-03-09 08:49:33,727: process monitor is done spinning, initiating full shutdown
[roslaunch][INFO] 2022-03-09 08:49:33,727: runner.stop()
[roslaunch][INFO] 2022-03-09 08:49:33,727: shutting down processing monitor...
[roslaunch][INFO] 2022-03-09 08:49:33,727: shutting down processing monitor <ProcessMonitor(ProcessMonitor-1, stopped daemon 140649519306496)>
[roslaunch.pmon][INFO] 2022-03-09 08:49:33,727: ProcessMonitor.shutdown <ProcessMonitor(ProcessMonitor-1, stopped daemon 140649519306496)>
[roslaunch][INFO] 2022-03-09 08:49:33,727: ... shutting down processing monitor complete
[roslaunch][INFO] 2022-03-09 08:49:33,727: done
[roslaunch.pmon][INFO] 2022-03-09 08:49:33,728: ProcessMonitor.shutdown <ProcessMonitor(ProcessMonitor-1, stopped daemon 140649519306496)>
[rospy.core][INFO] 2022-03-09 08:49:33,728: signal_shutdown [atexit]
