[rospy.client][INFO] 2022-02-14 13:25:48,650: init_node, name[/sensor/tactile_pressure], pid[349]
[xmlrpc][INFO] 2022-02-14 13:25:48,651: XML-RPC server binding to 0.0.0.0:0
[xmlrpc][INFO] 2022-02-14 13:25:48,651: Started XML-RPC server [http://FM00351-u:41479/]
[rospy.init][INFO] 2022-02-14 13:25:48,651: ROS Slave URI: [http://FM00351-u:41479/]
[rospy.impl.masterslave][INFO] 2022-02-14 13:25:48,651: _ready: http://FM00351-u:41479/
[rospy.registration][INFO] 2022-02-14 13:25:48,651: Registering with master node http://localhost:11311
[xmlrpc][INFO] 2022-02-14 13:25:48,651: xml rpc node: starting XML-RPC server
[rospy.init][INFO] 2022-02-14 13:25:48,751: registered with master
[rospy.rosout][INFO] 2022-02-14 13:25:48,751: initializing /rosout core topic
[rospy.rosout][INFO] 2022-02-14 13:25:48,757: connected to core topic /rosout
[rospy.simtime][INFO] 2022-02-14 13:25:48,758: /use_sim_time is not set, will not subscribe to simulated time [/clock] topic
[rosout][INFO] 2022-02-14 13:25:48,761: ROS Serial Python Node
[rosout][INFO] 2022-02-14 13:25:48,763: Connecting to /dev/ttyACM0 at 57600 baud
[rosout][ERROR] 2022-02-14 13:25:48,765: Error opening serial: [Errno 21] could not open port /dev/ttyACM0: [Errno 21] Is a directory: '/dev/ttyACM0'
[rospy.internal][INFO] 2022-02-14 13:25:49,073: topic[/rosout] adding connection to [/rosout], count 0
[rosout][ERROR] 2022-02-14 13:25:51,767: Error opening serial: [Errno 21] could not open port /dev/ttyACM0: [Errno 21] Is a directory: '/dev/ttyACM0'
[rosout][ERROR] 2022-02-14 13:25:54,773: Error opening serial: [Errno 21] could not open port /dev/ttyACM0: [Errno 21] Is a directory: '/dev/ttyACM0'
[rosout][ERROR] 2022-02-14 13:25:57,779: Error opening serial: [Errno 21] could not open port /dev/ttyACM0: [Errno 21] Is a directory: '/dev/ttyACM0'
[rosout][ERROR] 2022-02-14 13:26:00,784: Error opening serial: [Errno 21] could not open port /dev/ttyACM0: [Errno 21] Is a directory: '/dev/ttyACM0'
[rospy.core][INFO] 2022-02-14 13:26:01,950: signal_shutdown [signal-2]
[rospy.internal][INFO] 2022-02-14 13:26:01,954: topic[/rosout] removing connection to /rosout
[rospy.impl.masterslave][INFO] 2022-02-14 13:26:01,954: signal-2
[rospy.core][INFO] 2022-02-14 13:26:02,087: signal_shutdown [atexit]
