[roslaunch][INFO] 2022-02-14 14:11:42,954: Checking log directory for disk usage. This may take a while.
Press Ctrl-C to interrupt
[roslaunch][INFO] 2022-02-14 14:11:42,958: Done checking log file disk usage. Usage is <1GB.
[roslaunch][INFO] 2022-02-14 14:11:42,958: roslaunch starting with args ['/opt/ros/melodic/bin/roslaunch', 'tactile_pressure_sensor', 'run_tactile_pressure.launch']
[roslaunch][INFO] 2022-02-14 14:11:42,958: roslaunch env is {'ROS_DISTRO': 'melodic', 'ROSLISP_PACKAGE_DIRECTORIES': '/home/ros/catkin_ws/devel/share/common-lisp', 'HOME': '/home/ros', 'PATH': '/opt/ros/melodic/bin:/usr/local/sbin:/usr/local/bin:/usr/sbin:/usr/bin:/sbin:/bin', 'ROS_PACKAGE_PATH': '/home/ros/catkin_ws/src:/opt/ros/melodic/share', 'CMAKE_PREFIX_PATH': '/home/ros/catkin_ws/devel:/opt/ros/melodic', 'LD_LIBRARY_PATH': '/home/ros/catkin_ws/devel/lib:/opt/ros/melodic/lib', 'LANG': 'C.UTF-8', 'TERM': 'xterm', 'ROS_LOG_FILENAME': '/home/ros/.ros/log/091da4d2-8da0-11ec-8439-7c507959f385/roslaunch-FM00351-u-395.log', 'SHLVL': '1', 'DISPLAY': ':0', 'UNAME': 'ros', 'ROS_MASTER_URI': 'http://localhost:11311', 'ROS_PYTHON_VERSION': '2', 'PYTHONPATH': '/home/ros/catkin_ws/devel/lib/python2.7/dist-packages:/opt/ros/melodic/lib/python2.7/dist-packages', 'QT_X11_NO_MITSHM': '1', 'ROS_ROOT': '/opt/ros/melodic/share/ros', 'PKG_CONFIG_PATH': '/home/ros/catkin_ws/devel/lib/pkgconfig:/opt/ros/melodic/lib/pkgconfig', 'LC_ALL': 'C.UTF-8', '_': '/opt/ros/melodic/bin/roslaunch', 'HOSTNAME': 'FM00351-u', 'PWD': '/home/ros', 'ROS_ETC_DIR': '/opt/ros/melodic/etc/ros', 'ROS_VERSION': '1'}
[roslaunch][INFO] 2022-02-14 14:11:42,958: starting in server mode
[roslaunch.parent][INFO] 2022-02-14 14:11:42,958: starting roslaunch parent run
[roslaunch][INFO] 2022-02-14 14:11:42,958: loading roscore config file /opt/ros/melodic/etc/ros/roscore.xml
[roslaunch][INFO] 2022-02-14 14:11:43,254: Added core node of type [rosout/rosout] in namespace [/]
[roslaunch.config][INFO] 2022-02-14 14:11:43,254: loading config file /home/ros/catkin_ws/src/tactile_pressure_sensor/launch/run_tactile_pressure.launch
[roslaunch][INFO] 2022-02-14 14:11:43,255: Added node of type [rosserial_arduino/serial_node.py] in namespace [/sensor/]
[roslaunch][INFO] 2022-02-14 14:11:43,255: Added node of type [tactile_pressure_sensor/pressure_LocAndForceEstimation.py] in namespace [/sensor/]
[roslaunch][INFO] 2022-02-14 14:11:43,255: ... selected machine [] for node of type [rosserial_arduino/serial_node.py]
[roslaunch][INFO] 2022-02-14 14:11:43,255: ... selected machine [] for node of type [tactile_pressure_sensor/pressure_LocAndForceEstimation.py]
[roslaunch.pmon][INFO] 2022-02-14 14:11:43,256: start_process_monitor: creating ProcessMonitor
[roslaunch.pmon][INFO] 2022-02-14 14:11:43,256: created process monitor <ProcessMonitor(ProcessMonitor-1, initial daemon)>
[roslaunch.pmon][INFO] 2022-02-14 14:11:43,256: start_process_monitor: ProcessMonitor started
[roslaunch.parent][INFO] 2022-02-14 14:11:43,256: starting parent XML-RPC server
[roslaunch.server][INFO] 2022-02-14 14:11:43,256: starting roslaunch XML-RPC server
[roslaunch.server][INFO] 2022-02-14 14:11:43,256: waiting for roslaunch XML-RPC server to initialize
[xmlrpc][INFO] 2022-02-14 14:11:43,256: XML-RPC server binding to 0.0.0.0:0
[xmlrpc][INFO] 2022-02-14 14:11:43,256: Started XML-RPC server [http://FM00351-u:43125/]
[xmlrpc][INFO] 2022-02-14 14:11:43,256: xml rpc node: starting XML-RPC server
[roslaunch][INFO] 2022-02-14 14:11:43,268: started roslaunch server http://FM00351-u:43125/
[roslaunch.parent][INFO] 2022-02-14 14:11:43,268: ... parent XML-RPC server started
[roslaunch][INFO] 2022-02-14 14:11:43,268: master.is_running[http://localhost:11311]
[roslaunch][INFO] 2022-02-14 14:11:43,269: auto-starting new master
[roslaunch][INFO] 2022-02-14 14:11:43,269: create_master_process: rosmaster, /opt/ros/melodic/share/ros, 11311, 3, None, False
[roslaunch][INFO] 2022-02-14 14:11:43,269: process[master]: launching with args [['rosmaster', '--core', '-p', '11311', '-w', '3']]
[roslaunch.pmon][INFO] 2022-02-14 14:11:43,269: ProcessMonitor.register[master]
[roslaunch.pmon][INFO] 2022-02-14 14:11:43,269: ProcessMonitor.register[master] complete
[roslaunch][INFO] 2022-02-14 14:11:43,269: process[master]: starting os process
[roslaunch][INFO] 2022-02-14 14:11:43,269: process[master]: start w/ args [['rosmaster', '--core', '-p', '11311', '-w', '3', '__log:=/home/ros/.ros/log/091da4d2-8da0-11ec-8439-7c507959f385/master.log']]
[roslaunch][INFO] 2022-02-14 14:11:43,269: process[master]: cwd will be [/home/ros/.ros]
[roslaunch][INFO] 2022-02-14 14:11:43,334: process[master]: started with pid [405]
[roslaunch][INFO] 2022-02-14 14:11:43,334: master.is_running[http://localhost:11311]
[roslaunch][INFO] 2022-02-14 14:11:43,435: master.is_running[http://localhost:11311]
[roslaunch][INFO] 2022-02-14 14:11:43,535: master.is_running[http://localhost:11311]
[roslaunch][INFO] 2022-02-14 14:11:43,537: master.is_running[http://localhost:11311]
[roslaunch][INFO] 2022-02-14 14:11:43,538: ROS_MASTER_URI=http://localhost:11311
[roslaunch][INFO] 2022-02-14 14:11:43,539: setting /run_id to 091da4d2-8da0-11ec-8439-7c507959f385
[roslaunch][INFO] 2022-02-14 14:11:43,540: setting /roslaunch/uris/host_fm00351_u__43125' to http://FM00351-u:43125/
[roslaunch][INFO] 2022-02-14 14:11:43,542: ... preparing to launch node of type [rosout/rosout]
[roslaunch][INFO] 2022-02-14 14:11:43,542: create_node_process: package[rosout] type[rosout] machine[Machine(name[] env_loader[None] address[localhost] ssh_port[22] user[None] assignable[True] timeout[10.0])] master_uri[http://localhost:11311]
[roslaunch][INFO] 2022-02-14 14:11:43,542: process[rosout-1]: env[{'ROS_DISTRO': 'melodic', 'ROSLISP_PACKAGE_DIRECTORIES': '/home/ros/catkin_ws/devel/share/common-lisp', 'LD_LIBRARY_PATH': '/home/ros/catkin_ws/devel/lib:/opt/ros/melodic/lib', 'ROS_PACKAGE_PATH': '/home/ros/catkin_ws/src:/opt/ros/melodic/share', 'PATH': '/opt/ros/melodic/bin:/usr/local/sbin:/usr/local/bin:/usr/sbin:/usr/bin:/sbin:/bin', 'CMAKE_PREFIX_PATH': '/home/ros/catkin_ws/devel:/opt/ros/melodic', 'ROS_LOG_FILENAME': '/home/ros/.ros/log/091da4d2-8da0-11ec-8439-7c507959f385/roslaunch-FM00351-u-395.log', 'LANG': 'C.UTF-8', 'TERM': 'xterm', 'SHLVL': '1', 'DISPLAY': ':0', 'UNAME': 'ros', 'ROS_ETC_DIR': '/opt/ros/melodic/etc/ros', 'HOME': '/home/ros', 'ROS_PYTHON_VERSION': '2', 'PYTHONPATH': '/home/ros/catkin_ws/devel/lib/python2.7/dist-packages:/opt/ros/melodic/lib/python2.7/dist-packages', 'QT_X11_NO_MITSHM': '1', 'ROS_ROOT': '/opt/ros/melodic/share/ros', 'PKG_CONFIG_PATH': '/home/ros/catkin_ws/devel/lib/pkgconfig:/opt/ros/melodic/lib/pkgconfig', 'LC_ALL': 'C.UTF-8', '_': '/opt/ros/melodic/bin/roslaunch', 'HOSTNAME': 'FM00351-u', 'PWD': '/home/ros', 'ROS_MASTER_URI': 'http://localhost:11311', 'ROS_VERSION': '1'}]
[roslaunch][INFO] 2022-02-14 14:11:43,737: process[rosout-1]: args[[u'/opt/ros/melodic/lib/rosout/rosout', u'__name:=rosout']]
[roslaunch][INFO] 2022-02-14 14:11:43,737: ... created process [rosout-1]
[roslaunch.pmon][INFO] 2022-02-14 14:11:43,737: ProcessMonitor.register[rosout-1]
[roslaunch.pmon][INFO] 2022-02-14 14:11:43,737: ProcessMonitor.register[rosout-1] complete
[roslaunch][INFO] 2022-02-14 14:11:43,737: ... registered process [rosout-1]
[roslaunch][INFO] 2022-02-14 14:11:43,737: process[rosout-1]: starting os process
[roslaunch][INFO] 2022-02-14 14:11:43,737: process[rosout-1]: start w/ args [[u'/opt/ros/melodic/lib/rosout/rosout', u'__name:=rosout', u'__log:=/home/ros/.ros/log/091da4d2-8da0-11ec-8439-7c507959f385/rosout-1.log']]
[roslaunch][INFO] 2022-02-14 14:11:43,737: process[rosout-1]: cwd will be [/home/ros/.ros]
[roslaunch][INFO] 2022-02-14 14:11:43,802: process[rosout-1]: started with pid [416]
[roslaunch][INFO] 2022-02-14 14:11:43,802: ... successfully launched [rosout-1]
[roslaunch][INFO] 2022-02-14 14:11:43,802: load_parameters starting ...
[roslaunch][INFO] 2022-02-14 14:11:43,804: ... load_parameters complete
[roslaunch][INFO] 2022-02-14 14:11:43,804: launch_nodes: launching local nodes ...
[roslaunch][INFO] 2022-02-14 14:11:43,804: ... preparing to launch node of type [rosserial_arduino/serial_node.py]
[roslaunch][INFO] 2022-02-14 14:11:43,804: create_node_process: package[rosserial_arduino] type[serial_node.py] machine[Machine(name[] env_loader[None] address[localhost] ssh_port[22] user[None] assignable[True] timeout[10.0])] master_uri[http://localhost:11311]
[roslaunch][INFO] 2022-02-14 14:11:43,804: process[sensor/tactile_pressure-2]: env[{'ROS_DISTRO': 'melodic', 'ROSLISP_PACKAGE_DIRECTORIES': '/home/ros/catkin_ws/devel/share/common-lisp', 'LD_LIBRARY_PATH': '/home/ros/catkin_ws/devel/lib:/opt/ros/melodic/lib', 'ROS_PACKAGE_PATH': '/home/ros/catkin_ws/src:/opt/ros/melodic/share', 'PATH': '/opt/ros/melodic/bin:/usr/local/sbin:/usr/local/bin:/usr/sbin:/usr/bin:/sbin:/bin', 'CMAKE_PREFIX_PATH': '/home/ros/catkin_ws/devel:/opt/ros/melodic', 'ROS_LOG_FILENAME': '/home/ros/.ros/log/091da4d2-8da0-11ec-8439-7c507959f385/roslaunch-FM00351-u-395.log', 'LANG': 'C.UTF-8', 'TERM': 'xterm', 'SHLVL': '1', 'DISPLAY': ':0', 'UNAME': 'ros', 'ROS_ETC_DIR': '/opt/ros/melodic/etc/ros', 'HOME': '/home/ros', 'ROS_PYTHON_VERSION': '2', 'PYTHONPATH': '/home/ros/catkin_ws/devel/lib/python2.7/dist-packages:/opt/ros/melodic/lib/python2.7/dist-packages', 'QT_X11_NO_MITSHM': '1', 'ROS_ROOT': '/opt/ros/melodic/share/ros', 'PKG_CONFIG_PATH': '/home/ros/catkin_ws/devel/lib/pkgconfig:/opt/ros/melodic/lib/pkgconfig', 'LC_ALL': 'C.UTF-8', 'ROS_NAMESPACE': '/sensor', '_': '/opt/ros/melodic/bin/roslaunch', 'HOSTNAME': 'FM00351-u', 'PWD': '/home/ros', 'ROS_MASTER_URI': 'http://localhost:11311', 'ROS_VERSION': '1'}]
[roslaunch][INFO] 2022-02-14 14:11:43,805: process[sensor/tactile_pressure-2]: args[[u'/home/ros/catkin_ws/src/rosserial/rosserial_arduino/nodes/serial_node.py', u'/sensor/Pressure:=/sensor/pressure_data', u'__name:=tactile_pressure']]
[roslaunch][INFO] 2022-02-14 14:11:43,805: ... created process [sensor/tactile_pressure-2]
[roslaunch.pmon][INFO] 2022-02-14 14:11:43,805: ProcessMonitor.register[sensor/tactile_pressure-2]
[roslaunch.pmon][INFO] 2022-02-14 14:11:43,805: ProcessMonitor.register[sensor/tactile_pressure-2] complete
[roslaunch][INFO] 2022-02-14 14:11:43,806: ... registered process [sensor/tactile_pressure-2]
[roslaunch][INFO] 2022-02-14 14:11:43,806: process[sensor/tactile_pressure-2]: starting os process
[roslaunch][INFO] 2022-02-14 14:11:43,806: process[sensor/tactile_pressure-2]: start w/ args [[u'/home/ros/catkin_ws/src/rosserial/rosserial_arduino/nodes/serial_node.py', u'/sensor/Pressure:=/sensor/pressure_data', u'__name:=tactile_pressure', u'__log:=/home/ros/.ros/log/091da4d2-8da0-11ec-8439-7c507959f385/sensor-tactile_pressure-2.log']]
[roslaunch][INFO] 2022-02-14 14:11:43,806: process[sensor/tactile_pressure-2]: cwd will be [/home/ros/.ros]
[roslaunch][INFO] 2022-02-14 14:11:43,870: process[sensor/tactile_pressure-2]: started with pid [419]
[roslaunch][INFO] 2022-02-14 14:11:43,871: ... successfully launched [sensor/tactile_pressure-2]
[roslaunch][INFO] 2022-02-14 14:11:43,871: ... preparing to launch node of type [tactile_pressure_sensor/pressure_LocAndForceEstimation.py]
[roslaunch][INFO] 2022-02-14 14:11:43,871: create_node_process: package[tactile_pressure_sensor] type[pressure_LocAndForceEstimation.py] machine[Machine(name[] env_loader[None] address[localhost] ssh_port[22] user[None] assignable[True] timeout[10.0])] master_uri[http://localhost:11311]
[roslaunch][INFO] 2022-02-14 14:11:43,871: process[sensor/process_tactile_pressure-3]: env[{'ROS_DISTRO': 'melodic', 'ROSLISP_PACKAGE_DIRECTORIES': '/home/ros/catkin_ws/devel/share/common-lisp', 'LD_LIBRARY_PATH': '/home/ros/catkin_ws/devel/lib:/opt/ros/melodic/lib', 'ROS_PACKAGE_PATH': '/home/ros/catkin_ws/src:/opt/ros/melodic/share', 'PATH': '/opt/ros/melodic/bin:/usr/local/sbin:/usr/local/bin:/usr/sbin:/usr/bin:/sbin:/bin', 'CMAKE_PREFIX_PATH': '/home/ros/catkin_ws/devel:/opt/ros/melodic', 'ROS_LOG_FILENAME': '/home/ros/.ros/log/091da4d2-8da0-11ec-8439-7c507959f385/roslaunch-FM00351-u-395.log', 'LANG': 'C.UTF-8', 'TERM': 'xterm', 'SHLVL': '1', 'DISPLAY': ':0', 'UNAME': 'ros', 'ROS_ETC_DIR': '/opt/ros/melodic/etc/ros', 'HOME': '/home/ros', 'ROS_PYTHON_VERSION': '2', 'PYTHONPATH': '/home/ros/catkin_ws/devel/lib/python2.7/dist-packages:/opt/ros/melodic/lib/python2.7/dist-packages', 'QT_X11_NO_MITSHM': '1', 'ROS_ROOT': '/opt/ros/melodic/share/ros', 'PKG_CONFIG_PATH': '/home/ros/catkin_ws/devel/lib/pkgconfig:/opt/ros/melodic/lib/pkgconfig', 'LC_ALL': 'C.UTF-8', 'ROS_NAMESPACE': '/sensor', '_': '/opt/ros/melodic/bin/roslaunch', 'HOSTNAME': 'FM00351-u', 'PWD': '/home/ros', 'ROS_MASTER_URI': 'http://localhost:11311', 'ROS_VERSION': '1'}]
[roslaunch][INFO] 2022-02-14 14:11:43,871: process[sensor/process_tactile_pressure-3]: args[[u'/home/ros/catkin_ws/src/tactile_pressure_sensor/src/pressure_LocAndForceEstimation.py', u'/sensor/pressure_data:=/sensor/pressure_data', u'estimated_ForceAndLoc:=/sensor/estimated_ForceAndLoc', u'__name:=process_tactile_pressure']]
[roslaunch][INFO] 2022-02-14 14:11:43,872: ... created process [sensor/process_tactile_pressure-3]
[roslaunch.pmon][INFO] 2022-02-14 14:11:43,872: ProcessMonitor.register[sensor/process_tactile_pressure-3]
[roslaunch.pmon][INFO] 2022-02-14 14:11:43,872: ProcessMonitor.register[sensor/process_tactile_pressure-3] complete
[roslaunch][INFO] 2022-02-14 14:11:43,872: ... registered process [sensor/process_tactile_pressure-3]
[roslaunch][INFO] 2022-02-14 14:11:43,872: process[sensor/process_tactile_pressure-3]: starting os process
[roslaunch][INFO] 2022-02-14 14:11:43,872: process[sensor/process_tactile_pressure-3]: start w/ args [[u'/home/ros/catkin_ws/src/tactile_pressure_sensor/src/pressure_LocAndForceEstimation.py', u'/sensor/pressure_data:=/sensor/pressure_data', u'estimated_ForceAndLoc:=/sensor/estimated_ForceAndLoc', u'__name:=process_tactile_pressure', u'__log:=/home/ros/.ros/log/091da4d2-8da0-11ec-8439-7c507959f385/sensor-process_tactile_pressure-3.log']]
[roslaunch][INFO] 2022-02-14 14:11:43,872: process[sensor/process_tactile_pressure-3]: cwd will be [/home/ros/.ros]
[roslaunch][INFO] 2022-02-14 14:11:43,937: process[sensor/process_tactile_pressure-3]: started with pid [424]
[roslaunch][INFO] 2022-02-14 14:11:43,937: ... successfully launched [sensor/process_tactile_pressure-3]
[roslaunch][INFO] 2022-02-14 14:11:43,937: ... launch_nodes complete
[roslaunch.pmon][INFO] 2022-02-14 14:11:43,937: registrations completed <ProcessMonitor(ProcessMonitor-1, started daemon 140166727661312)>
[roslaunch.parent][INFO] 2022-02-14 14:11:43,937: ... roslaunch parent running, waiting for process exit
[roslaunch][INFO] 2022-02-14 14:11:43,937: spin
[roslaunch][ERROR] 2022-02-14 14:14:52,179: [sensor/tactile_pressure-2] process has died [pid 419, exit code 1, cmd /home/ros/catkin_ws/src/rosserial/rosserial_arduino/nodes/serial_node.py /sensor/Pressure:=/sensor/pressure_data __name:=tactile_pressure __log:=/home/ros/.ros/log/091da4d2-8da0-11ec-8439-7c507959f385/sensor-tactile_pressure-2.log].
log file: /home/ros/.ros/log/091da4d2-8da0-11ec-8439-7c507959f385/sensor-tactile_pressure-2*.log
[roslaunch.pmon][INFO] 2022-02-14 14:14:52,179: ProcessMonitor.unregister[sensor/tactile_pressure-2] starting
[roslaunch.pmon][INFO] 2022-02-14 14:14:52,179: ProcessMonitor.unregister[sensor/tactile_pressure-2] complete
[roslaunch.pmon][INFO] 2022-02-14 14:35:48,846: ProcessMonitor.shutdown <ProcessMonitor(ProcessMonitor-1, started daemon 140166727661312)>
[roslaunch.pmon][INFO] 2022-02-14 14:35:48,944: ProcessMonitor._post_run <ProcessMonitor(ProcessMonitor-1, started daemon 140166727661312)>
[roslaunch.pmon][INFO] 2022-02-14 14:35:48,944: ProcessMonitor._post_run <ProcessMonitor(ProcessMonitor-1, started daemon 140166727661312)>: remaining procs are [<roslaunch.nodeprocess.LocalProcess object at 0x7f7b1c7d9a50>, <roslaunch.nodeprocess.LocalProcess object at 0x7f7b1c889e10>, <roslaunch.nodeprocess.LocalProcess object at 0x7f7b1c777b10>]
[roslaunch.pmon][INFO] 2022-02-14 14:35:48,945: ProcessMonitor exit: killing sensor/process_tactile_pressure-3
[roslaunch][INFO] 2022-02-14 14:35:48,945: [sensor/process_tactile_pressure-3] killing on exit
[roslaunch][INFO] 2022-02-14 14:35:48,946: process[sensor/process_tactile_pressure-3]: killing os process with pid[424] pgid[424]
[roslaunch][INFO] 2022-02-14 14:35:48,947: [sensor/process_tactile_pressure-3] sending SIGINT to pgid [424]
[roslaunch][INFO] 2022-02-14 14:35:48,947: [sensor/process_tactile_pressure-3] sent SIGINT to pgid [424]
[roslaunch][INFO] 2022-02-14 14:35:49,649: process[sensor/process_tactile_pressure-3]: SIGINT killed with return value 0
[roslaunch.pmon][INFO] 2022-02-14 14:35:49,650: ProcessMonitor exit: killing rosout-1
[roslaunch][INFO] 2022-02-14 14:35:49,650: [rosout-1] killing on exit
[roslaunch][INFO] 2022-02-14 14:35:49,651: process[rosout-1]: killing os process with pid[416] pgid[416]
[roslaunch][INFO] 2022-02-14 14:35:49,651: [rosout-1] sending SIGINT to pgid [416]
[roslaunch][INFO] 2022-02-14 14:35:49,651: [rosout-1] sent SIGINT to pgid [416]
[roslaunch][INFO] 2022-02-14 14:35:49,852: process[rosout-1]: SIGINT killed with return value 0
[roslaunch.pmon][INFO] 2022-02-14 14:35:49,852: ProcessMonitor exit: killing master
[roslaunch][INFO] 2022-02-14 14:35:49,852: [master] killing on exit
[roslaunch][INFO] 2022-02-14 14:35:49,852: process[master]: killing os process with pid[405] pgid[405]
[roslaunch][INFO] 2022-02-14 14:35:49,852: [master] sending SIGINT to pgid [405]
[roslaunch][INFO] 2022-02-14 14:35:49,853: [master] sent SIGINT to pgid [405]
[roslaunch][INFO] 2022-02-14 14:35:50,053: process[master]: SIGINT killed with return value 0
[roslaunch.pmon][INFO] 2022-02-14 14:35:50,054: ProcessMonitor exit: cleaning up data structures and signals
[roslaunch.pmon][INFO] 2022-02-14 14:35:50,054: ProcessMonitor exit: pmon has shutdown
[roslaunch][INFO] 2022-02-14 14:35:50,064: process monitor is done spinning, initiating full shutdown
[roslaunch][INFO] 2022-02-14 14:35:50,064: runner.stop()
[roslaunch][INFO] 2022-02-14 14:35:50,064: shutting down processing monitor...
[roslaunch][INFO] 2022-02-14 14:35:50,064: shutting down processing monitor <ProcessMonitor(ProcessMonitor-1, stopped daemon 140166727661312)>
[roslaunch.pmon][INFO] 2022-02-14 14:35:50,064: ProcessMonitor.shutdown <ProcessMonitor(ProcessMonitor-1, stopped daemon 140166727661312)>
[roslaunch][INFO] 2022-02-14 14:35:50,064: ... shutting down processing monitor complete
[roslaunch][INFO] 2022-02-14 14:35:50,065: done
[roslaunch.pmon][INFO] 2022-02-14 14:35:50,065: ProcessMonitor.shutdown <ProcessMonitor(ProcessMonitor-1, stopped daemon 140166727661312)>
[rospy.core][INFO] 2022-02-14 14:35:50,065: signal_shutdown [atexit]
