[rosmaster.main][INFO] 2022-03-09 09:44:09,393: initialization complete, waiting for shutdown
[rosmaster.main][INFO] 2022-03-09 09:44:09,393: Starting ROS Master Node
[xmlrpc][INFO] 2022-03-09 09:44:09,393: XML-RPC server binding to 0.0.0.0:11311
[xmlrpc][INFO] 2022-03-09 09:44:09,394: Started XML-RPC server [http://FM00351-u:11311/]
[xmlrpc][INFO] 2022-03-09 09:44:09,394: xml rpc node: starting XML-RPC server
[rosmaster.master][INFO] 2022-03-09 09:44:09,394: Master initialized: port[11311], uri[http://FM00351-u:11311/]
[rosmaster.master][INFO] 2022-03-09 09:44:09,409: +PARAM [/run_id] by /roslaunch
[rosmaster.master][INFO] 2022-03-09 09:44:09,410: +PARAM [/roslaunch/uris/host_fm00351_u__45653] by /roslaunch
[rosmaster.master][INFO] 2022-03-09 09:44:09,696: +PARAM [/rosversion] by /roslaunch
[rosmaster.master][INFO] 2022-03-09 09:44:09,696: +PARAM [/rosdistro] by /roslaunch
[rosmaster.master][INFO] 2022-03-09 09:44:09,701: +SERVICE [/rosout/get_loggers] /rosout http://FM00351-u:39759/
[rosmaster.master][INFO] 2022-03-09 09:44:09,701: +SERVICE [/rosout/set_logger_level] /rosout http://FM00351-u:39759/
[rosmaster.master][INFO] 2022-03-09 09:44:09,702: +PUB [/rosout_agg] /rosout http://FM00351-u:39759/
[rosmaster.master][INFO] 2022-03-09 09:44:09,702: +SUB [/rosout] /rosout http://FM00351-u:39759/
[rosmaster.master][INFO] 2022-03-09 09:44:10,293: +PUB [/rosout] /Robotiq2FGripperRtuNode http://FM00351-u:36899/
[rosmaster.master][INFO] 2022-03-09 09:44:10,294: +SERVICE [/Robotiq2FGripperRtuNode/get_loggers] /Robotiq2FGripperRtuNode http://FM00351-u:36899/
[rosmaster.master][INFO] 2022-03-09 09:44:10,294: publisherUpdate[/rosout] -> http://FM00351-u:39759/ ['http://FM00351-u:36899/']
[rosmaster.master][INFO] 2022-03-09 09:44:10,295: +SERVICE [/Robotiq2FGripperRtuNode/set_logger_level] /Robotiq2FGripperRtuNode http://FM00351-u:36899/
[rosmaster.master][INFO] 2022-03-09 09:44:10,295: +PUB [/Robotiq2FGripperRobotInput] /Robotiq2FGripperRtuNode http://FM00351-u:36899/
[rosmaster.master][INFO] 2022-03-09 09:44:10,296: +SUB [/Robotiq2FGripperRobotOutput] /Robotiq2FGripperRtuNode http://FM00351-u:36899/
[rosmaster.master][INFO] 2022-03-09 09:44:10,302: publisherUpdate[/rosout] -> http://FM00351-u:39759/ ['http://FM00351-u:36899/']: sec=0.01, result=[1, '', 0]
[rosmaster.master][INFO] 2022-03-09 09:44:10,383: +PUB [/rosout] /gripper_action_server http://FM00351-u:46013/
[rosmaster.master][INFO] 2022-03-09 09:44:10,384: +SERVICE [/gripper_action_server/get_loggers] /gripper_action_server http://FM00351-u:46013/
[rosmaster.master][INFO] 2022-03-09 09:44:10,385: +SERVICE [/gripper_action_server/set_logger_level] /gripper_action_server http://FM00351-u:46013/
[rosmaster.master][INFO] 2022-03-09 09:44:10,386: +PUB [/gripper_action_server/status] /gripper_action_server http://FM00351-u:46013/
[rosmaster.master][INFO] 2022-03-09 09:44:10,386: +PUB [/gripper_action_server/result] /gripper_action_server http://FM00351-u:46013/
[rosmaster.master][INFO] 2022-03-09 09:44:10,386: +PUB [/gripper_action_server/feedback] /gripper_action_server http://FM00351-u:46013/
[rosmaster.master][INFO] 2022-03-09 09:44:10,387: +SUB [/gripper_action_server/goal] /gripper_action_server http://FM00351-u:46013/
[rosmaster.master][INFO] 2022-03-09 09:44:10,388: +SUB [/gripper_action_server/cancel] /gripper_action_server http://FM00351-u:46013/
[rosmaster.master][INFO] 2022-03-09 09:44:10,395: publisherUpdate[/rosout] -> http://FM00351-u:39759/ ['http://FM00351-u:36899/', 'http://FM00351-u:46013/']
[rosmaster.master][INFO] 2022-03-09 09:44:10,402: publisherUpdate[/rosout] -> http://FM00351-u:39759/ ['http://FM00351-u:36899/', 'http://FM00351-u:46013/']: sec=0.01, result=[1, '', 0]
[rosmaster.master][INFO] 2022-03-09 09:58:16,800: +PUB [/rosout] /fm_gripper_action_server http://FM00351-u:33087/
[rosmaster.master][INFO] 2022-03-09 09:58:16,804: +SERVICE [/fm_gripper_action_server/get_loggers] /fm_gripper_action_server http://FM00351-u:33087/
[rosmaster.master][INFO] 2022-03-09 09:58:16,806: +SERVICE [/fm_gripper_action_server/set_logger_level] /fm_gripper_action_server http://FM00351-u:33087/
[rosmaster.master][INFO] 2022-03-09 09:58:16,810: +PUB [/gripper_action_server/status] /fm_gripper_action_server http://FM00351-u:33087/
[rosmaster.master][INFO] 2022-03-09 09:58:16,810: publisherUpdate[/rosout] -> http://FM00351-u:39759/ ['http://FM00351-u:36899/', 'http://FM00351-u:46013/', 'http://FM00351-u:33087/']
[rosmaster.master][INFO] 2022-03-09 09:58:16,812: +PUB [/gripper_action_server/result] /fm_gripper_action_server http://FM00351-u:33087/
[rosmaster.master][INFO] 2022-03-09 09:58:16,813: +PUB [/gripper_action_server/feedback] /fm_gripper_action_server http://FM00351-u:33087/
[rosmaster.master][INFO] 2022-03-09 09:58:16,817: +SUB [/gripper_action_server/goal] /fm_gripper_action_server http://FM00351-u:33087/
[rosmaster.master][INFO] 2022-03-09 09:58:16,818: +SUB [/gripper_action_server/cancel] /fm_gripper_action_server http://FM00351-u:33087/
[rosmaster.master][INFO] 2022-03-09 09:58:16,823: publisherUpdate[/rosout] -> http://FM00351-u:39759/ ['http://FM00351-u:36899/', 'http://FM00351-u:46013/', 'http://FM00351-u:33087/']: sec=0.01, result=[1, '', 0]
[rosmaster.master][INFO] 2022-03-09 09:58:42,985: +PUB [/rosout] /gripper_action_client http://FM00351-u:35581/
[rosmaster.master][INFO] 2022-03-09 09:58:42,986: +SERVICE [/gripper_action_client/get_loggers] /gripper_action_client http://FM00351-u:35581/
[rosmaster.master][INFO] 2022-03-09 09:58:42,986: +SERVICE [/gripper_action_client/set_logger_level] /gripper_action_client http://FM00351-u:35581/
[rosmaster.master][INFO] 2022-03-09 09:58:42,987: +PUB [/gripper_action_server/goal] /gripper_action_client http://FM00351-u:35581/
[rosmaster.master][INFO] 2022-03-09 09:58:42,988: +PUB [/gripper_action_server/cancel] /gripper_action_client http://FM00351-u:35581/
[rosmaster.master][INFO] 2022-03-09 09:58:42,989: +SUB [/gripper_action_server/status] /gripper_action_client http://FM00351-u:35581/
[rosmaster.master][INFO] 2022-03-09 09:58:42,989: +SUB [/gripper_action_server/result] /gripper_action_client http://FM00351-u:35581/
[rosmaster.master][INFO] 2022-03-09 09:58:42,990: +SUB [/gripper_action_server/feedback] /gripper_action_client http://FM00351-u:35581/
[rosmaster.master][INFO] 2022-03-09 09:58:43,064: publisherUpdate[/rosout] -> http://FM00351-u:39759/ ['http://FM00351-u:36899/', 'http://FM00351-u:46013/', 'http://FM00351-u:33087/', 'http://FM00351-u:35581/']
[rosmaster.master][INFO] 2022-03-09 09:58:43,065: publisherUpdate[/rosout] -> http://FM00351-u:39759/ ['http://FM00351-u:36899/', 'http://FM00351-u:46013/', 'http://FM00351-u:33087/', 'http://FM00351-u:35581/']: sec=0.00, result=[1, '', 0]
[rosmaster.master][INFO] 2022-03-09 09:58:43,065: publisherUpdate[/gripper_action_server/goal] -> http://FM00351-u:46013/ ['http://FM00351-u:35581/']
[rosmaster.master][INFO] 2022-03-09 09:58:43,066: publisherUpdate[/gripper_action_server/goal] -> http://FM00351-u:46013/ ['http://FM00351-u:35581/']: sec=0.00, result=[1, '', 0]
[rosmaster.master][INFO] 2022-03-09 09:58:43,066: publisherUpdate[/gripper_action_server/goal] -> http://FM00351-u:33087/ ['http://FM00351-u:35581/']
[rosmaster.master][INFO] 2022-03-09 09:58:43,066: publisherUpdate[/gripper_action_server/goal] -> http://FM00351-u:33087/ ['http://FM00351-u:35581/']: sec=0.00, result=[1, '', 0]
[rosmaster.master][INFO] 2022-03-09 09:58:43,066: publisherUpdate[/gripper_action_server/cancel] -> http://FM00351-u:46013/ ['http://FM00351-u:35581/']
[rosmaster.master][INFO] 2022-03-09 09:58:43,067: publisherUpdate[/gripper_action_server/cancel] -> http://FM00351-u:46013/ ['http://FM00351-u:35581/']: sec=0.00, result=[1, '', 0]
[rosmaster.master][INFO] 2022-03-09 09:58:43,067: publisherUpdate[/gripper_action_server/cancel] -> http://FM00351-u:33087/ ['http://FM00351-u:35581/']
[rosmaster.master][INFO] 2022-03-09 09:58:43,067: publisherUpdate[/gripper_action_server/cancel] -> http://FM00351-u:33087/ ['http://FM00351-u:35581/']: sec=0.00, result=[1, '', 0]
[rosmaster.master][INFO] 2022-03-09 09:58:43,108: +CACHEDPARAM [/rosout_disable_topics_generation] by /gripper_action_server
[rosmaster.master][INFO] 2022-03-09 09:58:43,109: +CACHEDPARAM [/rosout_disable_topics_generation] by /gripper_action_server
[rosmaster.master][INFO] 2022-03-09 09:58:43,109: +CACHEDPARAM [/rosout/omit_topics] by /rosout
[rosmaster.master][INFO] 2022-03-09 09:58:43,109: +PUB [/Robotiq2FGripperRobotOutput] /gripper_action_server http://FM00351-u:46013/
[rosmaster.master][INFO] 2022-03-09 09:58:43,111: +CACHEDPARAM [/rosout_disable_topics_generation] by /fm_gripper_action_server
[rosmaster.master][INFO] 2022-03-09 09:58:43,112: +CACHEDPARAM [/rosout_disable_topics_generation] by /fm_gripper_action_server
[rosmaster.master][INFO] 2022-03-09 09:58:43,112: +PUB [/Robotiq2FGripperRobotOutput] /fm_gripper_action_server http://FM00351-u:33087/
[rosmaster.master][INFO] 2022-03-09 09:58:43,167: publisherUpdate[/Robotiq2FGripperRobotOutput] -> http://FM00351-u:36899/ ['http://FM00351-u:46013/']
[rosmaster.master][INFO] 2022-03-09 09:58:43,168: publisherUpdate[/Robotiq2FGripperRobotOutput] -> http://FM00351-u:36899/ ['http://FM00351-u:46013/']: sec=0.00, result=[1, '', 0]
[rosmaster.master][INFO] 2022-03-09 09:58:43,168: publisherUpdate[/Robotiq2FGripperRobotOutput] -> http://FM00351-u:36899/ ['http://FM00351-u:46013/', 'http://FM00351-u:33087/']
[rosmaster.master][INFO] 2022-03-09 09:58:43,169: publisherUpdate[/Robotiq2FGripperRobotOutput] -> http://FM00351-u:36899/ ['http://FM00351-u:46013/', 'http://FM00351-u:33087/']: sec=0.00, result=[1, '', 0]
[rosmaster.master][INFO] 2022-03-09 10:08:58,082: -SUB [/gripper_action_server/goal] /fm_gripper_action_server http://FM00351-u:33087/
[rosmaster.master][INFO] 2022-03-09 10:08:58,082: -SUB [/gripper_action_server/cancel] /fm_gripper_action_server http://FM00351-u:33087/
[rosmaster.master][INFO] 2022-03-09 10:08:58,082: -PUB [/gripper_action_server/feedback] /fm_gripper_action_server http://FM00351-u:33087/
[rosmaster.master][INFO] 2022-03-09 10:08:58,082: -PUB [/gripper_action_server/status] /fm_gripper_action_server http://FM00351-u:33087/
[rosmaster.master][INFO] 2022-03-09 10:08:58,082: -PUB [/rosout] /fm_gripper_action_server http://FM00351-u:33087/
[rosmaster.master][INFO] 2022-03-09 10:08:58,082: -PUB [/gripper_action_server/result] /fm_gripper_action_server http://FM00351-u:33087/
[rosmaster.master][INFO] 2022-03-09 10:08:58,082: -PUB [/Robotiq2FGripperRobotOutput] /fm_gripper_action_server http://FM00351-u:33087/
[rosmaster.master][INFO] 2022-03-09 10:08:58,082: -SERVICE [/fm_gripper_action_server/set_logger_level] /fm_gripper_action_server rosrpc://FM00351-u:36769
[rosmaster.master][INFO] 2022-03-09 10:08:58,082: -SERVICE [/fm_gripper_action_server/get_loggers] /fm_gripper_action_server rosrpc://FM00351-u:36769
[rosmaster.master][INFO] 2022-03-09 10:08:58,141: publisherUpdate[/gripper_action_server/feedback] -> http://FM00351-u:35581/ ['http://FM00351-u:46013/']
[rosmaster.master][INFO] 2022-03-09 10:08:58,142: publisherUpdate[/rosout] -> http://FM00351-u:39759/ ['http://FM00351-u:36899/', 'http://FM00351-u:46013/', 'http://FM00351-u:35581/']
[rosmaster.master][INFO] 2022-03-09 10:08:58,142: publisherUpdate[/Robotiq2FGripperRobotOutput] -> http://FM00351-u:36899/ ['http://FM00351-u:46013/']
[rosmaster.master][INFO] 2022-03-09 10:08:58,144: publisherUpdate[/rosout] -> http://FM00351-u:39759/ ['http://FM00351-u:36899/', 'http://FM00351-u:46013/', 'http://FM00351-u:35581/']: sec=0.00, result=[1, '', 0]
[rosmaster.master][INFO] 2022-03-09 10:08:58,145: publisherUpdate[/gripper_action_server/feedback] -> http://FM00351-u:35581/ ['http://FM00351-u:46013/']: sec=0.00, result=[1, '', 0]
[rosmaster.master][INFO] 2022-03-09 10:08:58,146: publisherUpdate[/gripper_action_server/status] -> http://FM00351-u:35581/ ['http://FM00351-u:46013/']
[rosmaster.master][INFO] 2022-03-09 10:08:58,146: publisherUpdate[/Robotiq2FGripperRobotOutput] -> http://FM00351-u:36899/ ['http://FM00351-u:46013/']: sec=0.00, result=[1, '', 0]
[rosmaster.master][INFO] 2022-03-09 10:08:58,147: publisherUpdate[/gripper_action_server/status] -> http://FM00351-u:35581/ ['http://FM00351-u:46013/']: sec=0.00, result=[1, '', 0]
[rosmaster.master][INFO] 2022-03-09 10:08:58,147: publisherUpdate[/gripper_action_server/result] -> http://FM00351-u:35581/ ['http://FM00351-u:46013/']
[rosmaster.master][INFO] 2022-03-09 10:08:58,147: publisherUpdate[/gripper_action_server/result] -> http://FM00351-u:35581/ ['http://FM00351-u:46013/']: sec=0.00, result=[1, '', 0]
[rosmaster.master][INFO] 2022-03-09 10:08:59,158: +CACHEDPARAM [/rosout_disable_topics_generation] by /fm_gripper_action_server
[rosmaster.master][INFO] 2022-03-09 10:09:02,601: -SUB [/gripper_action_server/feedback] /gripper_action_client http://FM00351-u:35581/
[rosmaster.master][INFO] 2022-03-09 10:09:02,601: -SUB [/gripper_action_server/status] /gripper_action_client http://FM00351-u:35581/
[rosmaster.master][INFO] 2022-03-09 10:09:02,602: -SUB [/gripper_action_server/result] /gripper_action_client http://FM00351-u:35581/
[rosmaster.master][INFO] 2022-03-09 10:09:02,602: -PUB [/gripper_action_server/goal] /gripper_action_client http://FM00351-u:35581/
[rosmaster.master][INFO] 2022-03-09 10:09:02,602: -PUB [/gripper_action_server/cancel] /gripper_action_client http://FM00351-u:35581/
[rosmaster.master][INFO] 2022-03-09 10:09:02,602: -PUB [/rosout] /gripper_action_client http://FM00351-u:35581/
[rosmaster.master][INFO] 2022-03-09 10:09:02,602: -SERVICE [/gripper_action_client/get_loggers] /gripper_action_client rosrpc://FM00351-u:44797
[rosmaster.master][INFO] 2022-03-09 10:09:02,602: -SERVICE [/gripper_action_client/set_logger_level] /gripper_action_client rosrpc://FM00351-u:44797
[rosmaster.master][INFO] 2022-03-09 10:09:02,654: publisherUpdate[/gripper_action_server/goal] -> http://FM00351-u:46013/ []
[rosmaster.master][INFO] 2022-03-09 10:09:02,656: publisherUpdate[/rosout] -> http://FM00351-u:39759/ ['http://FM00351-u:36899/', 'http://FM00351-u:46013/']
[rosmaster.master][INFO] 2022-03-09 10:09:02,657: publisherUpdate[/rosout] -> http://FM00351-u:39759/ ['http://FM00351-u:36899/', 'http://FM00351-u:46013/']: sec=0.00, result=[1, '', 0]
[rosmaster.master][INFO] 2022-03-09 10:09:02,658: publisherUpdate[/gripper_action_server/goal] -> http://FM00351-u:46013/ []: sec=0.00, result=[1, '', 0]
[rosmaster.master][INFO] 2022-03-09 10:09:02,658: publisherUpdate[/gripper_action_server/cancel] -> http://FM00351-u:46013/ []
[rosmaster.master][INFO] 2022-03-09 10:09:02,660: publisherUpdate[/gripper_action_server/cancel] -> http://FM00351-u:46013/ []: sec=0.00, result=[1, '', 0]
[rosmaster.master][INFO] 2022-03-09 10:09:02,787: +CACHEDPARAM [/rosout_disable_topics_generation] by /gripper_action_server
[rosmaster.master][INFO] 2022-03-09 10:09:05,685: -SUB [/gripper_action_server/goal] /gripper_action_server http://FM00351-u:46013/
[rosmaster.master][INFO] 2022-03-09 10:09:05,685: -SUB [/gripper_action_server/cancel] /gripper_action_server http://FM00351-u:46013/
[rosmaster.master][INFO] 2022-03-09 10:09:05,685: -PUB [/gripper_action_server/feedback] /gripper_action_server http://FM00351-u:46013/
[rosmaster.master][INFO] 2022-03-09 10:09:05,686: -PUB [/gripper_action_server/status] /gripper_action_server http://FM00351-u:46013/
[rosmaster.master][INFO] 2022-03-09 10:09:05,686: -PUB [/rosout] /gripper_action_server http://FM00351-u:46013/
[rosmaster.master][INFO] 2022-03-09 10:09:05,686: -PUB [/gripper_action_server/result] /gripper_action_server http://FM00351-u:46013/
[rosmaster.master][INFO] 2022-03-09 10:09:05,686: -PUB [/Robotiq2FGripperRobotOutput] /gripper_action_server http://FM00351-u:46013/
[rosmaster.master][INFO] 2022-03-09 10:09:05,686: -SERVICE [/gripper_action_server/get_loggers] /gripper_action_server rosrpc://FM00351-u:44261
[rosmaster.master][INFO] 2022-03-09 10:09:05,686: -SERVICE [/gripper_action_server/set_logger_level] /gripper_action_server rosrpc://FM00351-u:44261
[rosmaster.master][INFO] 2022-03-09 10:09:05,686: -SUB [/Robotiq2FGripperRobotOutput] /Robotiq2FGripperRtuNode http://FM00351-u:36899/
[rosmaster.master][INFO] 2022-03-09 10:09:05,686: -PUB [/Robotiq2FGripperRobotInput] /Robotiq2FGripperRtuNode http://FM00351-u:36899/
[rosmaster.master][INFO] 2022-03-09 10:09:05,686: -PUB [/rosout] /Robotiq2FGripperRtuNode http://FM00351-u:36899/
[rosmaster.master][INFO] 2022-03-09 10:09:05,686: -SERVICE [/Robotiq2FGripperRtuNode/get_loggers] /Robotiq2FGripperRtuNode rosrpc://FM00351-u:43401
[rosmaster.master][INFO] 2022-03-09 10:09:05,687: -SERVICE [/Robotiq2FGripperRtuNode/set_logger_level] /Robotiq2FGripperRtuNode rosrpc://FM00351-u:43401
[rosmaster.master][INFO] 2022-03-09 10:09:05,763: publisherUpdate[/rosout] -> http://FM00351-u:39759/ ['http://FM00351-u:36899/']
[rosmaster.master][INFO] 2022-03-09 10:09:05,764: publisherUpdate[/rosout] -> http://FM00351-u:39759/ ['http://FM00351-u:36899/']: sec=0.00, result=[1, '', 0]
[rosmaster.master][INFO] 2022-03-09 10:09:05,764: publisherUpdate[/Robotiq2FGripperRobotOutput] -> http://FM00351-u:36899/ []
[rosmaster.master][INFO] 2022-03-09 10:09:05,765: publisherUpdate[/rosout] -> http://FM00351-u:39759/ []
[rosmaster.master][INFO] 2022-03-09 10:09:05,766: publisherUpdate[/Robotiq2FGripperRobotOutput] -> http://FM00351-u:36899/ []: sec=0.00, result=[1, '', 0]
[rosmaster.master][INFO] 2022-03-09 10:09:05,767: publisherUpdate[/rosout] -> http://FM00351-u:39759/ []: sec=0.00, result=[1, '', 0]
[rosmaster.master][INFO] 2022-03-09 10:09:07,301: +CACHEDPARAM [/rosout_disable_topics_generation] by /gripper_action_server
[rosmaster.master][INFO] 2022-03-09 10:09:07,570: -PUB [/rosout_agg] /rosout http://FM00351-u:39759/
[rosmaster.master][INFO] 2022-03-09 10:09:07,571: -SUB [/rosout] /rosout http://FM00351-u:39759/
[rosmaster.master][INFO] 2022-03-09 10:09:07,571: -SERVICE [/rosout/get_loggers] /rosout rosrpc://FM00351-u:42009
[rosmaster.master][INFO] 2022-03-09 10:09:07,571: -SERVICE [/rosout/set_logger_level] /rosout rosrpc://FM00351-u:42009
[rosmaster.master][INFO] 2022-03-09 10:09:07,571: -CACHEDPARAM [/rosout/omit_topics] by /rosout
[rosmaster.main][INFO] 2022-03-09 10:09:07,591: keyboard interrupt, will exit
[rosmaster.main][INFO] 2022-03-09 10:09:07,591: stopping master...
[rospy.core][INFO] 2022-03-09 10:09:07,591: signal_shutdown [atexit]
