[roslaunch][INFO] 2022-02-14 14:53:19,122: Checking log directory for disk usage. This may take a while.
Press Ctrl-C to interrupt
[roslaunch][INFO] 2022-02-14 14:53:19,125: Done checking log file disk usage. Usage is <1GB.
[roslaunch][INFO] 2022-02-14 14:53:19,125: roslaunch starting with args ['/opt/ros/melodic/bin/roslaunch', 'module_gripper', 'gripper.launch']
[roslaunch][INFO] 2022-02-14 14:53:19,125: roslaunch env is {'ROS_DISTRO': 'melodic', 'ROSLISP_PACKAGE_DIRECTORIES': '/home/ros/catkin_ws/devel/share/common-lisp', 'HOME': '/home/ros', 'PATH': '/opt/ros/melodic/bin:/usr/local/sbin:/usr/local/bin:/usr/sbin:/usr/bin:/sbin:/bin', 'ROS_PACKAGE_PATH': '/home/ros/catkin_ws/src:/opt/ros/melodic/share', 'CMAKE_PREFIX_PATH': '/home/ros/catkin_ws/devel:/opt/ros/melodic', 'LD_LIBRARY_PATH': '/home/ros/catkin_ws/devel/lib:/opt/ros/melodic/lib', 'LANG': 'C.UTF-8', 'TERM': 'xterm', 'ROS_LOG_FILENAME': '/home/ros/.ros/log/9e51ec9a-8da3-11ec-870e-7c507959f385/roslaunch-FM00351-u-2984.log', 'SHLVL': '2', 'DISPLAY': ':0', 'UNAME': 'ros', 'ROS_MASTER_URI': 'http://localhost:11311', 'ROS_PYTHON_VERSION': '2', 'PYTHONPATH': '/home/ros/catkin_ws/devel/lib/python2.7/dist-packages:/opt/ros/melodic/lib/python2.7/dist-packages', 'QT_X11_NO_MITSHM': '1', 'ROS_ROOT': '/opt/ros/melodic/share/ros', 'PKG_CONFIG_PATH': '/home/ros/catkin_ws/devel/lib/pkgconfig:/opt/ros/melodic/lib/pkgconfig', 'LC_ALL': 'C.UTF-8', '_': '/opt/ros/melodic/bin/roslaunch', 'OLDPWD': '/home/ros', 'HOSTNAME': 'FM00351-u', 'PWD': '/home/ros/catkin_ws', 'ROS_ETC_DIR': '/opt/ros/melodic/etc/ros', 'ROS_VERSION': '1'}
[roslaunch][INFO] 2022-02-14 14:53:19,125: starting in server mode
[roslaunch.parent][INFO] 2022-02-14 14:53:19,125: starting roslaunch parent run
[roslaunch][INFO] 2022-02-14 14:53:19,125: loading roscore config file /opt/ros/melodic/etc/ros/roscore.xml
[roslaunch][INFO] 2022-02-14 14:53:19,421: Added core node of type [rosout/rosout] in namespace [/]
[roslaunch.config][INFO] 2022-02-14 14:53:19,421: loading config file /home/ros/catkin_ws/src/fm_gripper_module/launch/gripper.launch
[roslaunch][INFO] 2022-02-14 14:53:19,421: Added node of type [module_gripper/gripper_action_server] in namespace [/]
[roslaunch][INFO] 2022-02-14 14:53:19,421: ... selected machine [] for node of type [module_gripper/gripper_action_server]
[roslaunch.pmon][INFO] 2022-02-14 14:53:19,422: start_process_monitor: creating ProcessMonitor
[roslaunch.pmon][INFO] 2022-02-14 14:53:19,422: created process monitor <ProcessMonitor(ProcessMonitor-1, initial daemon)>
[roslaunch.pmon][INFO] 2022-02-14 14:53:19,422: start_process_monitor: ProcessMonitor started
[roslaunch.parent][INFO] 2022-02-14 14:53:19,422: starting parent XML-RPC server
[roslaunch.server][INFO] 2022-02-14 14:53:19,422: starting roslaunch XML-RPC server
[roslaunch.server][INFO] 2022-02-14 14:53:19,422: waiting for roslaunch XML-RPC server to initialize
[xmlrpc][INFO] 2022-02-14 14:53:19,422: XML-RPC server binding to 0.0.0.0:0
[xmlrpc][INFO] 2022-02-14 14:53:19,422: Started XML-RPC server [http://FM00351-u:41803/]
[xmlrpc][INFO] 2022-02-14 14:53:19,423: xml rpc node: starting XML-RPC server
[roslaunch][INFO] 2022-02-14 14:53:19,433: started roslaunch server http://FM00351-u:41803/
[roslaunch.parent][INFO] 2022-02-14 14:53:19,434: ... parent XML-RPC server started
[roslaunch][INFO] 2022-02-14 14:53:19,434: master.is_running[http://localhost:11311]
[roslaunch][INFO] 2022-02-14 14:53:19,434: master.is_running[http://localhost:11311]
[roslaunch][INFO] 2022-02-14 14:53:19,435: ROS_MASTER_URI=http://localhost:11311
[roslaunch][INFO] 2022-02-14 14:53:19,436: setting /roslaunch/uris/host_fm00351_u__41803' to http://FM00351-u:41803/
[roslaunch][INFO] 2022-02-14 14:53:19,437: load_parameters starting ...
[roslaunch][INFO] 2022-02-14 14:53:19,438: ... load_parameters complete
[roslaunch][INFO] 2022-02-14 14:53:19,438: launch_nodes: launching local nodes ...
[roslaunch][INFO] 2022-02-14 14:53:19,438: ... preparing to launch node of type [module_gripper/gripper_action_server]
[roslaunch][INFO] 2022-02-14 14:53:19,438: create_node_process: package[module_gripper] type[gripper_action_server] machine[Machine(name[] env_loader[None] address[localhost] ssh_port[22] user[None] assignable[True] timeout[10.0])] master_uri[http://localhost:11311]
[roslaunch][INFO] 2022-02-14 14:53:19,438: process[frogs-1]: env[{'ROS_DISTRO': 'melodic', 'ROSLISP_PACKAGE_DIRECTORIES': '/home/ros/catkin_ws/devel/share/common-lisp', 'LD_LIBRARY_PATH': '/home/ros/catkin_ws/devel/lib:/opt/ros/melodic/lib', 'ROS_PACKAGE_PATH': '/home/ros/catkin_ws/src:/opt/ros/melodic/share', 'PATH': '/opt/ros/melodic/bin:/usr/local/sbin:/usr/local/bin:/usr/sbin:/usr/bin:/sbin:/bin', 'CMAKE_PREFIX_PATH': '/home/ros/catkin_ws/devel:/opt/ros/melodic', 'ROS_LOG_FILENAME': '/home/ros/.ros/log/9e51ec9a-8da3-11ec-870e-7c507959f385/roslaunch-FM00351-u-2984.log', 'LANG': 'C.UTF-8', 'TERM': 'xterm', 'SHLVL': '2', 'DISPLAY': ':0', 'UNAME': 'ros', 'ROS_ETC_DIR': '/opt/ros/melodic/etc/ros', 'HOME': '/home/ros', 'ROS_PYTHON_VERSION': '2', 'PYTHONPATH': '/home/ros/catkin_ws/devel/lib/python2.7/dist-packages:/opt/ros/melodic/lib/python2.7/dist-packages', 'QT_X11_NO_MITSHM': '1', 'ROS_ROOT': '/opt/ros/melodic/share/ros', 'PKG_CONFIG_PATH': '/home/ros/catkin_ws/devel/lib/pkgconfig:/opt/ros/melodic/lib/pkgconfig', 'LC_ALL': 'C.UTF-8', '_': '/opt/ros/melodic/bin/roslaunch', 'OLDPWD': '/home/ros', 'HOSTNAME': 'FM00351-u', 'PWD': '/home/ros/catkin_ws', 'ROS_MASTER_URI': 'http://localhost:11311', 'ROS_VERSION': '1'}]
[roslaunch][INFO] 2022-02-14 14:53:19,633: process[frogs-1]: args[[u'/home/ros/catkin_ws/src/fm_gripper_module/src/fm_gripper_module/gripper_action_server', u'__name:=frogs']]
[roslaunch][INFO] 2022-02-14 14:53:19,633: ... created process [frogs-1]
[roslaunch.pmon][INFO] 2022-02-14 14:53:19,633: ProcessMonitor.register[frogs-1]
[roslaunch.pmon][INFO] 2022-02-14 14:53:19,633: ProcessMonitor.register[frogs-1] complete
[roslaunch][INFO] 2022-02-14 14:53:19,633: ... registered process [frogs-1]
[roslaunch][INFO] 2022-02-14 14:53:19,633: process[frogs-1]: starting os process
[roslaunch][INFO] 2022-02-14 14:53:19,633: process[frogs-1]: start w/ args [[u'/home/ros/catkin_ws/src/fm_gripper_module/src/fm_gripper_module/gripper_action_server', u'__name:=frogs', u'__log:=/home/ros/.ros/log/9e51ec9a-8da3-11ec-870e-7c507959f385/frogs-1.log']]
[roslaunch][INFO] 2022-02-14 14:53:19,633: process[frogs-1]: cwd will be [/home/ros/.ros]
[roslaunch][INFO] 2022-02-14 14:53:19,698: process[frogs-1]: started with pid [2999]
[roslaunch][INFO] 2022-02-14 14:53:19,698: ... successfully launched [frogs-1]
[roslaunch][INFO] 2022-02-14 14:53:19,698: ... launch_nodes complete
[roslaunch.pmon][INFO] 2022-02-14 14:53:19,698: registrations completed <ProcessMonitor(ProcessMonitor-1, started daemon 140249724884736)>
[roslaunch.parent][INFO] 2022-02-14 14:53:19,698: ... roslaunch parent running, waiting for process exit
[roslaunch][INFO] 2022-02-14 14:53:19,698: spin
