[roslaunch][INFO] 2022-02-14 14:37:21,766: Checking log directory for disk usage. This may take a while.
Press Ctrl-C to interrupt
[roslaunch][INFO] 2022-02-14 14:37:21,769: Done checking log file disk usage. Usage is <1GB.
[roslaunch][INFO] 2022-02-14 14:37:21,769: roslaunch starting with args ['roscore', '--core']
[roslaunch][INFO] 2022-02-14 14:37:21,769: roslaunch env is {'ROS_DISTRO': 'melodic', 'ROSLISP_PACKAGE_DIRECTORIES': '/home/ros/catkin_ws/devel/share/common-lisp', 'HOME': '/home/ros', 'PATH': '/opt/ros/melodic/bin:/usr/local/sbin:/usr/local/bin:/usr/sbin:/usr/bin:/sbin:/bin', 'ROS_PACKAGE_PATH': '/home/ros/catkin_ws/src:/opt/ros/melodic/share', 'CMAKE_PREFIX_PATH': '/home/ros/catkin_ws/devel:/opt/ros/melodic', 'LD_LIBRARY_PATH': '/home/ros/catkin_ws/devel/lib:/opt/ros/melodic/lib', 'LANG': 'C.UTF-8', 'TERM': 'xterm', 'ROS_LOG_FILENAME': '/home/ros/.ros/log/9e51ec9a-8da3-11ec-870e-7c507959f385/roslaunch-FM00351-u-2194.log', 'SHLVL': '1', 'DISPLAY': ':0', 'UNAME': 'ros', 'ROS_MASTER_URI': 'http://localhost:11311', 'ROS_PYTHON_VERSION': '2', 'PYTHONPATH': '/home/ros/catkin_ws/devel/lib/python2.7/dist-packages:/opt/ros/melodic/lib/python2.7/dist-packages', 'QT_X11_NO_MITSHM': '1', 'ROS_ROOT': '/opt/ros/melodic/share/ros', 'PKG_CONFIG_PATH': '/home/ros/catkin_ws/devel/lib/pkgconfig:/opt/ros/melodic/lib/pkgconfig', 'LC_ALL': 'C.UTF-8', '_': '/opt/ros/melodic/bin/roscore', 'HOSTNAME': 'FM00351-u', 'PWD': '/home/ros', 'ROS_ETC_DIR': '/opt/ros/melodic/etc/ros', 'ROS_VERSION': '1'}
[roslaunch][INFO] 2022-02-14 14:37:21,769: starting in server mode
[roslaunch.parent][INFO] 2022-02-14 14:37:21,769: starting roslaunch parent run
[roslaunch][INFO] 2022-02-14 14:37:21,769: loading roscore config file /opt/ros/melodic/etc/ros/roscore.xml
[roslaunch][INFO] 2022-02-14 14:37:22,063: Added core node of type [rosout/rosout] in namespace [/]
[roslaunch.pmon][INFO] 2022-02-14 14:37:22,063: start_process_monitor: creating ProcessMonitor
[roslaunch.pmon][INFO] 2022-02-14 14:37:22,063: created process monitor <ProcessMonitor(ProcessMonitor-1, initial daemon)>
[roslaunch.pmon][INFO] 2022-02-14 14:37:22,063: start_process_monitor: ProcessMonitor started
[roslaunch.parent][INFO] 2022-02-14 14:37:22,063: starting parent XML-RPC server
[roslaunch.server][INFO] 2022-02-14 14:37:22,063: starting roslaunch XML-RPC server
[roslaunch.server][INFO] 2022-02-14 14:37:22,063: waiting for roslaunch XML-RPC server to initialize
[xmlrpc][INFO] 2022-02-14 14:37:22,063: XML-RPC server binding to 0.0.0.0:0
[xmlrpc][INFO] 2022-02-14 14:37:22,064: Started XML-RPC server [http://FM00351-u:43547/]
[xmlrpc][INFO] 2022-02-14 14:37:22,064: xml rpc node: starting XML-RPC server
[roslaunch][INFO] 2022-02-14 14:37:22,075: started roslaunch server http://FM00351-u:43547/
[roslaunch.parent][INFO] 2022-02-14 14:37:22,075: ... parent XML-RPC server started
[roslaunch][INFO] 2022-02-14 14:37:22,075: master.is_running[http://FM00351-u:11311/]
[roslaunch][INFO] 2022-02-14 14:37:22,076: auto-starting new master
[roslaunch][INFO] 2022-02-14 14:37:22,076: create_master_process: rosmaster, /opt/ros/melodic/share/ros, 11311, 3, None, False
[roslaunch][INFO] 2022-02-14 14:37:22,076: process[master]: launching with args [['rosmaster', '--core', '-p', '11311', '-w', '3']]
[roslaunch.pmon][INFO] 2022-02-14 14:37:22,076: ProcessMonitor.register[master]
[roslaunch.pmon][INFO] 2022-02-14 14:37:22,076: ProcessMonitor.register[master] complete
[roslaunch][INFO] 2022-02-14 14:37:22,076: process[master]: starting os process
[roslaunch][INFO] 2022-02-14 14:37:22,076: process[master]: start w/ args [['rosmaster', '--core', '-p', '11311', '-w', '3', '__log:=/home/ros/.ros/log/9e51ec9a-8da3-11ec-870e-7c507959f385/master.log']]
[roslaunch][INFO] 2022-02-14 14:37:22,076: process[master]: cwd will be [/home/ros/.ros]
[roslaunch][INFO] 2022-02-14 14:37:22,140: process[master]: started with pid [2204]
[roslaunch][INFO] 2022-02-14 14:37:22,140: master.is_running[http://FM00351-u:11311/]
[roslaunch][INFO] 2022-02-14 14:37:22,240: master.is_running[http://FM00351-u:11311/]
[roslaunch][INFO] 2022-02-14 14:37:22,341: master.is_running[http://FM00351-u:11311/]
[roslaunch][INFO] 2022-02-14 14:37:22,342: master.is_running[http://FM00351-u:11311/]
[roslaunch][INFO] 2022-02-14 14:37:22,342: ROS_MASTER_URI=http://FM00351-u:11311/
[roslaunch][INFO] 2022-02-14 14:37:22,343: setting /run_id to 9e51ec9a-8da3-11ec-870e-7c507959f385
[roslaunch][INFO] 2022-02-14 14:37:22,344: setting /roslaunch/uris/host_fm00351_u__43547' to http://FM00351-u:43547/
[roslaunch][INFO] 2022-02-14 14:37:22,345: ... preparing to launch node of type [rosout/rosout]
[roslaunch][INFO] 2022-02-14 14:37:22,345: create_node_process: package[rosout] type[rosout] machine[Machine(name[] env_loader[None] address[localhost] ssh_port[22] user[None] assignable[True] timeout[10.0])] master_uri[http://FM00351-u:11311/]
[roslaunch][INFO] 2022-02-14 14:37:22,345: process[rosout-1]: env[{'ROS_DISTRO': 'melodic', 'ROSLISP_PACKAGE_DIRECTORIES': '/home/ros/catkin_ws/devel/share/common-lisp', 'LD_LIBRARY_PATH': '/home/ros/catkin_ws/devel/lib:/opt/ros/melodic/lib', 'ROS_PACKAGE_PATH': '/home/ros/catkin_ws/src:/opt/ros/melodic/share', 'PATH': '/opt/ros/melodic/bin:/usr/local/sbin:/usr/local/bin:/usr/sbin:/usr/bin:/sbin:/bin', 'CMAKE_PREFIX_PATH': '/home/ros/catkin_ws/devel:/opt/ros/melodic', 'ROS_LOG_FILENAME': '/home/ros/.ros/log/9e51ec9a-8da3-11ec-870e-7c507959f385/roslaunch-FM00351-u-2194.log', 'LANG': 'C.UTF-8', 'TERM': 'xterm', 'SHLVL': '1', 'DISPLAY': ':0', 'UNAME': 'ros', 'ROS_ETC_DIR': '/opt/ros/melodic/etc/ros', 'HOME': '/home/ros', 'ROS_PYTHON_VERSION': '2', 'PYTHONPATH': '/home/ros/catkin_ws/devel/lib/python2.7/dist-packages:/opt/ros/melodic/lib/python2.7/dist-packages', 'QT_X11_NO_MITSHM': '1', 'ROS_ROOT': '/opt/ros/melodic/share/ros', 'PKG_CONFIG_PATH': '/home/ros/catkin_ws/devel/lib/pkgconfig:/opt/ros/melodic/lib/pkgconfig', 'LC_ALL': 'C.UTF-8', '_': '/opt/ros/melodic/bin/roscore', 'HOSTNAME': 'FM00351-u', 'PWD': '/home/ros', 'ROS_MASTER_URI': 'http://FM00351-u:11311/', 'ROS_VERSION': '1'}]
[roslaunch][INFO] 2022-02-14 14:37:22,541: process[rosout-1]: args[[u'/opt/ros/melodic/lib/rosout/rosout', u'__name:=rosout']]
[roslaunch][INFO] 2022-02-14 14:37:22,542: ... created process [rosout-1]
[roslaunch.pmon][INFO] 2022-02-14 14:37:22,542: ProcessMonitor.register[rosout-1]
[roslaunch.pmon][INFO] 2022-02-14 14:37:22,542: ProcessMonitor.register[rosout-1] complete
[roslaunch][INFO] 2022-02-14 14:37:22,542: ... registered process [rosout-1]
[roslaunch][INFO] 2022-02-14 14:37:22,542: process[rosout-1]: starting os process
[roslaunch][INFO] 2022-02-14 14:37:22,542: process[rosout-1]: start w/ args [[u'/opt/ros/melodic/lib/rosout/rosout', u'__name:=rosout', u'__log:=/home/ros/.ros/log/9e51ec9a-8da3-11ec-870e-7c507959f385/rosout-1.log']]
[roslaunch][INFO] 2022-02-14 14:37:22,542: process[rosout-1]: cwd will be [/home/ros/.ros]
[roslaunch][INFO] 2022-02-14 14:37:22,607: process[rosout-1]: started with pid [2217]
[roslaunch][INFO] 2022-02-14 14:37:22,607: ... successfully launched [rosout-1]
[roslaunch][INFO] 2022-02-14 14:37:22,607: load_parameters starting ...
[roslaunch][INFO] 2022-02-14 14:37:22,609: ... load_parameters complete
[roslaunch][INFO] 2022-02-14 14:37:22,609: launch_nodes: launching local nodes ...
[roslaunch][INFO] 2022-02-14 14:37:22,609: ... launch_nodes complete
[roslaunch.pmon][INFO] 2022-02-14 14:37:22,609: registrations completed <ProcessMonitor(ProcessMonitor-1, started daemon 140679388059392)>
[roslaunch.parent][INFO] 2022-02-14 14:37:22,609: ... roslaunch parent running, waiting for process exit
[roslaunch][INFO] 2022-02-14 14:37:22,609: spin
[roslaunch.pmon][INFO] 2022-02-14 14:59:55,425: ProcessMonitor.shutdown <ProcessMonitor(ProcessMonitor-1, started daemon 140679388059392)>
[roslaunch.pmon][INFO] 2022-02-14 14:59:55,476: ProcessMonitor._post_run <ProcessMonitor(ProcessMonitor-1, started daemon 140679388059392)>
[roslaunch.pmon][INFO] 2022-02-14 14:59:55,476: ProcessMonitor._post_run <ProcessMonitor(ProcessMonitor-1, started daemon 140679388059392)>: remaining procs are [<roslaunch.nodeprocess.LocalProcess object at 0x7ff278f735d0>, <roslaunch.nodeprocess.LocalProcess object at 0x7ff278f8de10>]
[roslaunch.pmon][INFO] 2022-02-14 14:59:55,477: ProcessMonitor exit: killing rosout-1
[roslaunch][INFO] 2022-02-14 14:59:55,477: [rosout-1] killing on exit
[roslaunch][INFO] 2022-02-14 14:59:55,477: process[rosout-1]: killing os process with pid[2217] pgid[2217]
[roslaunch][INFO] 2022-02-14 14:59:55,477: [rosout-1] sending SIGINT to pgid [2217]
[roslaunch][INFO] 2022-02-14 14:59:55,478: [rosout-1] sent SIGINT to pgid [2217]
[roslaunch][INFO] 2022-02-14 14:59:55,678: process[rosout-1]: SIGINT killed with return value 0
[roslaunch.pmon][INFO] 2022-02-14 14:59:55,678: ProcessMonitor exit: killing master
[roslaunch][INFO] 2022-02-14 14:59:55,679: [master] killing on exit
[roslaunch][INFO] 2022-02-14 14:59:55,679: process[master]: killing os process with pid[2204] pgid[2204]
[roslaunch][INFO] 2022-02-14 14:59:55,679: [master] sending SIGINT to pgid [2204]
[roslaunch][INFO] 2022-02-14 14:59:55,679: [master] sent SIGINT to pgid [2204]
[roslaunch][INFO] 2022-02-14 14:59:55,880: process[master]: SIGINT killed with return value 0
[roslaunch.pmon][INFO] 2022-02-14 14:59:55,880: ProcessMonitor exit: cleaning up data structures and signals
[roslaunch.pmon][INFO] 2022-02-14 14:59:55,880: ProcessMonitor exit: pmon has shutdown
[roslaunch][INFO] 2022-02-14 14:59:55,890: process monitor is done spinning, initiating full shutdown
[roslaunch][INFO] 2022-02-14 14:59:55,890: runner.stop()
[roslaunch][INFO] 2022-02-14 14:59:55,890: shutting down processing monitor...
[roslaunch][INFO] 2022-02-14 14:59:55,890: shutting down processing monitor <ProcessMonitor(ProcessMonitor-1, stopped daemon 140679388059392)>
[roslaunch.pmon][INFO] 2022-02-14 14:59:55,890: ProcessMonitor.shutdown <ProcessMonitor(ProcessMonitor-1, stopped daemon 140679388059392)>
[roslaunch][INFO] 2022-02-14 14:59:55,891: ... shutting down processing monitor complete
[roslaunch][INFO] 2022-02-14 14:59:55,891: done
[roslaunch.pmon][INFO] 2022-02-14 14:59:55,891: ProcessMonitor.shutdown <ProcessMonitor(ProcessMonitor-1, stopped daemon 140679388059392)>
[rospy.core][INFO] 2022-02-14 14:59:55,891: signal_shutdown [atexit]
