[rospy.client][INFO] 2021-12-21 12:56:47,154: init_node, name[/sensor/tactile_pressure], pid[178]
[xmlrpc][INFO] 2021-12-21 12:56:47,155: XML-RPC server binding to 0.0.0.0:0
[rospy.init][INFO] 2021-12-21 12:56:47,156: ROS Slave URI: [http://FM00351-u:41821/]
[xmlrpc][INFO] 2021-12-21 12:56:47,156: Started XML-RPC server [http://FM00351-u:41821/]
[rospy.impl.masterslave][INFO] 2021-12-21 12:56:47,157: _ready: http://FM00351-u:41821/
[xmlrpc][INFO] 2021-12-21 12:56:47,159: xml rpc node: starting XML-RPC server
[rospy.registration][INFO] 2021-12-21 12:56:47,159: Registering with master node http://localhost:11311
[rospy.init][INFO] 2021-12-21 12:56:47,257: registered with master
[rospy.rosout][INFO] 2021-12-21 12:56:47,257: initializing /rosout core topic
[rospy.rosout][INFO] 2021-12-21 12:56:47,258: connected to core topic /rosout
[rospy.simtime][INFO] 2021-12-21 12:56:47,259: /use_sim_time is not set, will not subscribe to simulated time [/clock] topic
[rosout][INFO] 2021-12-21 12:56:47,260: ROS Serial Python Node
[rosout][INFO] 2021-12-21 12:56:47,261: Connecting to /dev/ttyUSB0 at 57600 baud
[rosout][ERROR] 2021-12-21 12:56:47,262: Error opening serial: [Errno 21] could not open port /dev/ttyUSB0: [Errno 21] Is a directory: '/dev/ttyUSB0'
[rospy.internal][INFO] 2021-12-21 12:56:47,471: topic[/rosout] adding connection to [/rosout], count 0
[rosout][ERROR] 2021-12-21 12:56:50,264: Error opening serial: [Errno 21] could not open port /dev/ttyUSB0: [Errno 21] Is a directory: '/dev/ttyUSB0'
[rosout][ERROR] 2021-12-21 12:56:53,273: Error opening serial: [Errno 21] could not open port /dev/ttyUSB0: [Errno 21] Is a directory: '/dev/ttyUSB0'
[rosout][ERROR] 2021-12-21 12:56:56,279: Error opening serial: [Errno 21] could not open port /dev/ttyUSB0: [Errno 21] Is a directory: '/dev/ttyUSB0'
[rospy.core][INFO] 2021-12-21 12:56:59,038: signal_shutdown [signal-2]
[rospy.internal][INFO] 2021-12-21 12:56:59,041: topic[/rosout] removing connection to /rosout
[rospy.impl.masterslave][INFO] 2021-12-21 12:56:59,041: signal-2
[rospy.core][INFO] 2021-12-21 12:56:59,206: signal_shutdown [atexit]
