[rospy.client][INFO] 2022-02-23 11:23:11,467: init_node, name[/Robotiq2FGripperRtuNode], pid[15481]
[xmlrpc][INFO] 2022-02-23 11:23:11,468: XML-RPC server binding to 0.0.0.0:0
[rospy.init][INFO] 2022-02-23 11:23:11,468: ROS Slave URI: [http://FM00351-u:38011/]
[xmlrpc][INFO] 2022-02-23 11:23:11,468: Started XML-RPC server [http://FM00351-u:38011/]
[rospy.impl.masterslave][INFO] 2022-02-23 11:23:11,468: _ready: http://FM00351-u:38011/
[xmlrpc][INFO] 2022-02-23 11:23:11,469: xml rpc node: starting XML-RPC server
[rospy.registration][INFO] 2022-02-23 11:23:11,469: Registering with master node http://localhost:11311
[rospy.init][INFO] 2022-02-23 11:23:11,568: registered with master
[rospy.rosout][INFO] 2022-02-23 11:23:11,568: initializing /rosout core topic
[rospy.rosout][INFO] 2022-02-23 11:23:11,570: connected to core topic /rosout
[rospy.simtime][INFO] 2022-02-23 11:23:11,571: /use_sim_time is not set, will not subscribe to simulated time [/clock] topic
[rospy.internal][INFO] 2022-02-23 11:23:11,795: topic[/rosout] adding connection to [/rosout], count 0
[rospy.internal][INFO] 2022-02-23 11:23:13,799: topic[/Robotiq2FGripperRobotOutput] adding connection to [http://FM00351-u:36873/], count 0
[rospy.core][INFO] 2022-02-23 11:24:15,662: signal_shutdown [signal-2]
[rospy.internal][INFO] 2022-02-23 11:24:15,665: topic[/rosout] removing connection to /rosout
[rospy.internal][INFO] 2022-02-23 11:24:15,665: topic[/Robotiq2FGripperRobotOutput] removing connection to http://FM00351-u:36873/
[rospy.impl.masterslave][INFO] 2022-02-23 11:24:15,665: signal-2
[rospy.internal][WARNING] 2022-02-23 11:24:15,665: Unknown error initiating TCP/IP socket to FM00351-u:36329 (http://FM00351-u:36873/): Traceback (most recent call last):
  File "/opt/ros/melodic/lib/python2.7/dist-packages/rospy/impl/tcpros_base.py", line 562, in connect
    self.read_header()
  File "/opt/ros/melodic/lib/python2.7/dist-packages/rospy/impl/tcpros_base.py", line 657, in read_header
    self._validate_header(read_ros_handshake_header(sock, self.read_buff, self.protocol.buff_size))
  File "/opt/ros/melodic/lib/python2.7/dist-packages/rosgraph/network.py", line 359, in read_ros_handshake_header
    raise ROSHandshakeException("connection from sender terminated before handshake header received. %s bytes were received. Please check sender for additional details."%b.tell())
ROSHandshakeException: connection from sender terminated before handshake header received. 0 bytes were received. Please check sender for additional details.

[rospy.core][INFO] 2022-02-23 11:24:15,798: signal_shutdown [atexit]
