[roslaunch][INFO] 2022-02-23 11:23:10,075: Checking log directory for disk usage. This may take a while.
Press Ctrl-C to interrupt
[roslaunch][INFO] 2022-02-23 11:23:10,078: Done checking log file disk usage. Usage is <1GB.
[roslaunch][INFO] 2022-02-23 11:23:10,078: roslaunch starting with args ['/opt/ros/melodic/bin/roslaunch', 'fm_gripper_module', 'fm_gripper_module.launch']
[roslaunch][INFO] 2022-02-23 11:23:10,078: roslaunch env is {'ROS_DISTRO': 'melodic', 'ROSLISP_PACKAGE_DIRECTORIES': '/home/ros/catkin_ws/devel/share/common-lisp', 'HOME': '/home/ros', 'PATH': '/opt/ros/melodic/bin:/usr/local/sbin:/usr/local/bin:/usr/sbin:/usr/bin:/sbin:/bin', 'ROS_PACKAGE_PATH': '/home/ros/catkin_ws/src:/opt/ros/melodic/share', 'CMAKE_PREFIX_PATH': '/home/ros/catkin_ws/devel:/opt/ros/melodic', 'LD_LIBRARY_PATH': '/home/ros/catkin_ws/devel/lib:/opt/ros/melodic/lib', 'LANG': 'C.UTF-8', 'TERM': 'xterm', 'ROS_LOG_FILENAME': '/home/ros/.ros/log/fb165f8a-949a-11ec-b507-7c507959f385/roslaunch-FM00351-u-15456.log', 'SHLVL': '1', 'DISPLAY': ':0', 'UNAME': 'ros', 'ROS_MASTER_URI': 'http://localhost:11311', 'ROS_PYTHON_VERSION': '2', 'PYTHONPATH': '/home/ros/catkin_ws/devel/lib/python2.7/dist-packages:/opt/ros/melodic/lib/python2.7/dist-packages', 'QT_X11_NO_MITSHM': '1', 'ROS_ROOT': '/opt/ros/melodic/share/ros', 'PKG_CONFIG_PATH': '/home/ros/catkin_ws/devel/lib/pkgconfig:/opt/ros/melodic/lib/pkgconfig', 'LC_ALL': 'C.UTF-8', '_': '/opt/ros/melodic/bin/roslaunch', 'OLDPWD': '/home/ros', 'HOSTNAME': 'FM00351-u', 'PWD': '/home/ros/catkin_ws', 'ROS_ETC_DIR': '/opt/ros/melodic/etc/ros', 'ROS_VERSION': '1'}
[roslaunch][INFO] 2022-02-23 11:23:10,078: starting in server mode
[roslaunch.parent][INFO] 2022-02-23 11:23:10,079: starting roslaunch parent run
[roslaunch][INFO] 2022-02-23 11:23:10,079: loading roscore config file /opt/ros/melodic/etc/ros/roscore.xml
[roslaunch][INFO] 2022-02-23 11:23:10,396: Added core node of type [rosout/rosout] in namespace [/]
[roslaunch.config][INFO] 2022-02-23 11:23:10,397: loading config file /home/ros/catkin_ws/src/fm_gripper_module/launch/fm_gripper_module.launch
[roslaunch][INFO] 2022-02-23 11:23:10,397: Added node of type [robotiq_2f_gripper_control/Robotiq2FGripperRtuNode.py] in namespace [/]
[roslaunch][INFO] 2022-02-23 11:23:10,397: Added node of type [fm_gripper_module/gripper_action_server.py] in namespace [/]
[roslaunch][INFO] 2022-02-23 11:23:10,397: ... selected machine [] for node of type [robotiq_2f_gripper_control/Robotiq2FGripperRtuNode.py]
[roslaunch][INFO] 2022-02-23 11:23:10,397: ... selected machine [] for node of type [fm_gripper_module/gripper_action_server.py]
[roslaunch.pmon][INFO] 2022-02-23 11:23:10,398: start_process_monitor: creating ProcessMonitor
[roslaunch.pmon][INFO] 2022-02-23 11:23:10,398: created process monitor <ProcessMonitor(ProcessMonitor-1, initial daemon)>
[roslaunch.pmon][INFO] 2022-02-23 11:23:10,398: start_process_monitor: ProcessMonitor started
[roslaunch.parent][INFO] 2022-02-23 11:23:10,398: starting parent XML-RPC server
[roslaunch.server][INFO] 2022-02-23 11:23:10,398: starting roslaunch XML-RPC server
[roslaunch.server][INFO] 2022-02-23 11:23:10,398: waiting for roslaunch XML-RPC server to initialize
[xmlrpc][INFO] 2022-02-23 11:23:10,398: XML-RPC server binding to 0.0.0.0:0
[xmlrpc][INFO] 2022-02-23 11:23:10,399: Started XML-RPC server [http://FM00351-u:35589/]
[xmlrpc][INFO] 2022-02-23 11:23:10,399: xml rpc node: starting XML-RPC server
[roslaunch][INFO] 2022-02-23 11:23:10,410: started roslaunch server http://FM00351-u:35589/
[roslaunch.parent][INFO] 2022-02-23 11:23:10,410: ... parent XML-RPC server started
[roslaunch][INFO] 2022-02-23 11:23:10,410: master.is_running[http://localhost:11311]
[roslaunch][INFO] 2022-02-23 11:23:10,410: auto-starting new master
[roslaunch][INFO] 2022-02-23 11:23:10,410: create_master_process: rosmaster, /opt/ros/melodic/share/ros, 11311, 3, None, False
[roslaunch][INFO] 2022-02-23 11:23:10,411: process[master]: launching with args [['rosmaster', '--core', '-p', '11311', '-w', '3']]
[roslaunch.pmon][INFO] 2022-02-23 11:23:10,411: ProcessMonitor.register[master]
[roslaunch.pmon][INFO] 2022-02-23 11:23:10,411: ProcessMonitor.register[master] complete
[roslaunch][INFO] 2022-02-23 11:23:10,411: process[master]: starting os process
[roslaunch][INFO] 2022-02-23 11:23:10,411: process[master]: start w/ args [['rosmaster', '--core', '-p', '11311', '-w', '3', '__log:=/home/ros/.ros/log/fb165f8a-949a-11ec-b507-7c507959f385/master.log']]
[roslaunch][INFO] 2022-02-23 11:23:10,411: process[master]: cwd will be [/home/ros/.ros]
[roslaunch][INFO] 2022-02-23 11:23:10,482: process[master]: started with pid [15466]
[roslaunch][INFO] 2022-02-23 11:23:10,482: master.is_running[http://localhost:11311]
[roslaunch][INFO] 2022-02-23 11:23:10,583: master.is_running[http://localhost:11311]
[roslaunch][INFO] 2022-02-23 11:23:10,683: master.is_running[http://localhost:11311]
[roslaunch][INFO] 2022-02-23 11:23:10,685: master.is_running[http://localhost:11311]
[roslaunch][INFO] 2022-02-23 11:23:10,686: ROS_MASTER_URI=http://localhost:11311
[roslaunch][INFO] 2022-02-23 11:23:10,686: setting /run_id to fb165f8a-949a-11ec-b507-7c507959f385
[roslaunch][INFO] 2022-02-23 11:23:10,687: setting /roslaunch/uris/host_fm00351_u__35589' to http://FM00351-u:35589/
[roslaunch][INFO] 2022-02-23 11:23:10,689: ... preparing to launch node of type [rosout/rosout]
[roslaunch][INFO] 2022-02-23 11:23:10,689: create_node_process: package[rosout] type[rosout] machine[Machine(name[] env_loader[None] address[localhost] ssh_port[22] user[None] assignable[True] timeout[10.0])] master_uri[http://localhost:11311]
[roslaunch][INFO] 2022-02-23 11:23:10,689: process[rosout-1]: env[{'ROS_DISTRO': 'melodic', 'ROSLISP_PACKAGE_DIRECTORIES': '/home/ros/catkin_ws/devel/share/common-lisp', 'LD_LIBRARY_PATH': '/home/ros/catkin_ws/devel/lib:/opt/ros/melodic/lib', 'ROS_PACKAGE_PATH': '/home/ros/catkin_ws/src:/opt/ros/melodic/share', 'PATH': '/opt/ros/melodic/bin:/usr/local/sbin:/usr/local/bin:/usr/sbin:/usr/bin:/sbin:/bin', 'CMAKE_PREFIX_PATH': '/home/ros/catkin_ws/devel:/opt/ros/melodic', 'ROS_LOG_FILENAME': '/home/ros/.ros/log/fb165f8a-949a-11ec-b507-7c507959f385/roslaunch-FM00351-u-15456.log', 'LANG': 'C.UTF-8', 'TERM': 'xterm', 'SHLVL': '1', 'DISPLAY': ':0', 'UNAME': 'ros', 'ROS_ETC_DIR': '/opt/ros/melodic/etc/ros', 'HOME': '/home/ros', 'ROS_PYTHON_VERSION': '2', 'PYTHONPATH': '/home/ros/catkin_ws/devel/lib/python2.7/dist-packages:/opt/ros/melodic/lib/python2.7/dist-packages', 'QT_X11_NO_MITSHM': '1', 'ROS_ROOT': '/opt/ros/melodic/share/ros', 'PKG_CONFIG_PATH': '/home/ros/catkin_ws/devel/lib/pkgconfig:/opt/ros/melodic/lib/pkgconfig', 'LC_ALL': 'C.UTF-8', '_': '/opt/ros/melodic/bin/roslaunch', 'OLDPWD': '/home/ros', 'HOSTNAME': 'FM00351-u', 'PWD': '/home/ros/catkin_ws', 'ROS_MASTER_URI': 'http://localhost:11311', 'ROS_VERSION': '1'}]
[roslaunch][INFO] 2022-02-23 11:23:10,896: process[rosout-1]: args[[u'/opt/ros/melodic/lib/rosout/rosout', u'__name:=rosout']]
[roslaunch][INFO] 2022-02-23 11:23:10,896: ... created process [rosout-1]
[roslaunch.pmon][INFO] 2022-02-23 11:23:10,896: ProcessMonitor.register[rosout-1]
[roslaunch.pmon][INFO] 2022-02-23 11:23:10,896: ProcessMonitor.register[rosout-1] complete
[roslaunch][INFO] 2022-02-23 11:23:10,896: ... registered process [rosout-1]
[roslaunch][INFO] 2022-02-23 11:23:10,896: process[rosout-1]: starting os process
[roslaunch][INFO] 2022-02-23 11:23:10,896: process[rosout-1]: start w/ args [[u'/opt/ros/melodic/lib/rosout/rosout', u'__name:=rosout', u'__log:=/home/ros/.ros/log/fb165f8a-949a-11ec-b507-7c507959f385/rosout-1.log']]
[roslaunch][INFO] 2022-02-23 11:23:10,896: process[rosout-1]: cwd will be [/home/ros/.ros]
[roslaunch][INFO] 2022-02-23 11:23:10,962: process[rosout-1]: started with pid [15477]
[roslaunch][INFO] 2022-02-23 11:23:10,962: ... successfully launched [rosout-1]
[roslaunch][INFO] 2022-02-23 11:23:10,962: load_parameters starting ...
[roslaunch][INFO] 2022-02-23 11:23:10,966: ... load_parameters complete
[roslaunch][INFO] 2022-02-23 11:23:10,966: launch_nodes: launching local nodes ...
[roslaunch][INFO] 2022-02-23 11:23:10,966: ... preparing to launch node of type [robotiq_2f_gripper_control/Robotiq2FGripperRtuNode.py]
[roslaunch][INFO] 2022-02-23 11:23:10,966: create_node_process: package[robotiq_2f_gripper_control] type[Robotiq2FGripperRtuNode.py] machine[Machine(name[] env_loader[None] address[localhost] ssh_port[22] user[None] assignable[True] timeout[10.0])] master_uri[http://localhost:11311]
[roslaunch][INFO] 2022-02-23 11:23:10,966: process[Robotiq2FGripperRtuNode-2]: env[{'ROS_DISTRO': 'melodic', 'ROSLISP_PACKAGE_DIRECTORIES': '/home/ros/catkin_ws/devel/share/common-lisp', 'LD_LIBRARY_PATH': '/home/ros/catkin_ws/devel/lib:/opt/ros/melodic/lib', 'ROS_PACKAGE_PATH': '/home/ros/catkin_ws/src:/opt/ros/melodic/share', 'PATH': '/opt/ros/melodic/bin:/usr/local/sbin:/usr/local/bin:/usr/sbin:/usr/bin:/sbin:/bin', 'CMAKE_PREFIX_PATH': '/home/ros/catkin_ws/devel:/opt/ros/melodic', 'ROS_LOG_FILENAME': '/home/ros/.ros/log/fb165f8a-949a-11ec-b507-7c507959f385/roslaunch-FM00351-u-15456.log', 'LANG': 'C.UTF-8', 'TERM': 'xterm', 'SHLVL': '1', 'DISPLAY': ':0', 'UNAME': 'ros', 'ROS_ETC_DIR': '/opt/ros/melodic/etc/ros', 'HOME': '/home/ros', 'ROS_PYTHON_VERSION': '2', 'PYTHONPATH': '/home/ros/catkin_ws/devel/lib/python2.7/dist-packages:/opt/ros/melodic/lib/python2.7/dist-packages', 'QT_X11_NO_MITSHM': '1', 'ROS_ROOT': '/opt/ros/melodic/share/ros', 'PKG_CONFIG_PATH': '/home/ros/catkin_ws/devel/lib/pkgconfig:/opt/ros/melodic/lib/pkgconfig', 'LC_ALL': 'C.UTF-8', '_': '/opt/ros/melodic/bin/roslaunch', 'OLDPWD': '/home/ros', 'HOSTNAME': 'FM00351-u', 'PWD': '/home/ros/catkin_ws', 'ROS_MASTER_URI': 'http://localhost:11311', 'ROS_VERSION': '1'}]
[roslaunch][INFO] 2022-02-23 11:23:10,967: process[Robotiq2FGripperRtuNode-2]: args[[u'/home/ros/catkin_ws/src/robotiq/robotiq_2f_gripper_control/nodes/Robotiq2FGripperRtuNode.py', '/dev/ttyUSB0', u'__name:=Robotiq2FGripperRtuNode']]
[roslaunch][INFO] 2022-02-23 11:23:10,967: ... created process [Robotiq2FGripperRtuNode-2]
[roslaunch.pmon][INFO] 2022-02-23 11:23:10,967: ProcessMonitor.register[Robotiq2FGripperRtuNode-2]
[roslaunch.pmon][INFO] 2022-02-23 11:23:10,967: ProcessMonitor.register[Robotiq2FGripperRtuNode-2] complete
[roslaunch][INFO] 2022-02-23 11:23:10,967: ... registered process [Robotiq2FGripperRtuNode-2]
[roslaunch][INFO] 2022-02-23 11:23:10,967: process[Robotiq2FGripperRtuNode-2]: starting os process
[roslaunch][INFO] 2022-02-23 11:23:10,967: process[Robotiq2FGripperRtuNode-2]: start w/ args [[u'/home/ros/catkin_ws/src/robotiq/robotiq_2f_gripper_control/nodes/Robotiq2FGripperRtuNode.py', '/dev/ttyUSB0', u'__name:=Robotiq2FGripperRtuNode', u'__log:=/home/ros/.ros/log/fb165f8a-949a-11ec-b507-7c507959f385/Robotiq2FGripperRtuNode-2.log']]
[roslaunch][INFO] 2022-02-23 11:23:10,967: process[Robotiq2FGripperRtuNode-2]: cwd will be [/home/ros/.ros]
[roslaunch][INFO] 2022-02-23 11:23:11,038: process[Robotiq2FGripperRtuNode-2]: started with pid [15481]
[roslaunch][INFO] 2022-02-23 11:23:11,038: ... successfully launched [Robotiq2FGripperRtuNode-2]
[roslaunch][INFO] 2022-02-23 11:23:11,038: ... preparing to launch node of type [fm_gripper_module/gripper_action_server.py]
[roslaunch][INFO] 2022-02-23 11:23:11,038: create_node_process: package[fm_gripper_module] type[gripper_action_server.py] machine[Machine(name[] env_loader[None] address[localhost] ssh_port[22] user[None] assignable[True] timeout[10.0])] master_uri[http://localhost:11311]
[roslaunch][INFO] 2022-02-23 11:23:11,038: process[gripper_action_server-3]: env[{'ROS_DISTRO': 'melodic', 'ROSLISP_PACKAGE_DIRECTORIES': '/home/ros/catkin_ws/devel/share/common-lisp', 'LD_LIBRARY_PATH': '/home/ros/catkin_ws/devel/lib:/opt/ros/melodic/lib', 'ROS_PACKAGE_PATH': '/home/ros/catkin_ws/src:/opt/ros/melodic/share', 'PATH': '/opt/ros/melodic/bin:/usr/local/sbin:/usr/local/bin:/usr/sbin:/usr/bin:/sbin:/bin', 'CMAKE_PREFIX_PATH': '/home/ros/catkin_ws/devel:/opt/ros/melodic', 'ROS_LOG_FILENAME': '/home/ros/.ros/log/fb165f8a-949a-11ec-b507-7c507959f385/roslaunch-FM00351-u-15456.log', 'LANG': 'C.UTF-8', 'TERM': 'xterm', 'SHLVL': '1', 'DISPLAY': ':0', 'UNAME': 'ros', 'ROS_ETC_DIR': '/opt/ros/melodic/etc/ros', 'HOME': '/home/ros', 'ROS_PYTHON_VERSION': '2', 'PYTHONPATH': '/home/ros/catkin_ws/devel/lib/python2.7/dist-packages:/opt/ros/melodic/lib/python2.7/dist-packages', 'QT_X11_NO_MITSHM': '1', 'ROS_ROOT': '/opt/ros/melodic/share/ros', 'PKG_CONFIG_PATH': '/home/ros/catkin_ws/devel/lib/pkgconfig:/opt/ros/melodic/lib/pkgconfig', 'LC_ALL': 'C.UTF-8', '_': '/opt/ros/melodic/bin/roslaunch', 'OLDPWD': '/home/ros', 'HOSTNAME': 'FM00351-u', 'PWD': '/home/ros/catkin_ws', 'ROS_MASTER_URI': 'http://localhost:11311', 'ROS_VERSION': '1'}]
[roslaunch][INFO] 2022-02-23 11:23:11,039: process[gripper_action_server-3]: args[[u'/home/ros/catkin_ws/src/fm_gripper_module/src/gripper_action_server.py', u'__name:=gripper_action_server']]
[roslaunch][INFO] 2022-02-23 11:23:11,039: ... created process [gripper_action_server-3]
[roslaunch.pmon][INFO] 2022-02-23 11:23:11,039: ProcessMonitor.register[gripper_action_server-3]
[roslaunch.pmon][INFO] 2022-02-23 11:23:11,039: ProcessMonitor.register[gripper_action_server-3] complete
[roslaunch][INFO] 2022-02-23 11:23:11,039: ... registered process [gripper_action_server-3]
[roslaunch][INFO] 2022-02-23 11:23:11,039: process[gripper_action_server-3]: starting os process
[roslaunch][INFO] 2022-02-23 11:23:11,039: process[gripper_action_server-3]: start w/ args [[u'/home/ros/catkin_ws/src/fm_gripper_module/src/gripper_action_server.py', u'__name:=gripper_action_server', u'__log:=/home/ros/.ros/log/fb165f8a-949a-11ec-b507-7c507959f385/gripper_action_server-3.log']]
[roslaunch][INFO] 2022-02-23 11:23:11,039: process[gripper_action_server-3]: cwd will be [/home/ros/.ros]
[roslaunch][INFO] 2022-02-23 11:23:11,114: process[gripper_action_server-3]: started with pid [15485]
[roslaunch][INFO] 2022-02-23 11:23:11,114: ... successfully launched [gripper_action_server-3]
[roslaunch][INFO] 2022-02-23 11:23:11,114: ... launch_nodes complete
[roslaunch.pmon][INFO] 2022-02-23 11:23:11,114: registrations completed <ProcessMonitor(ProcessMonitor-1, started daemon 139656734045952)>
[roslaunch.parent][INFO] 2022-02-23 11:23:11,114: ... roslaunch parent running, waiting for process exit
[roslaunch][INFO] 2022-02-23 11:23:11,114: spin
[roslaunch.pmon][INFO] 2022-02-23 11:24:15,587: ProcessMonitor.shutdown <ProcessMonitor(ProcessMonitor-1, started daemon 139656734045952)>
[roslaunch.pmon][INFO] 2022-02-23 11:24:15,655: ProcessMonitor._post_run <ProcessMonitor(ProcessMonitor-1, started daemon 139656734045952)>
[roslaunch.pmon][INFO] 2022-02-23 11:24:15,655: ProcessMonitor._post_run <ProcessMonitor(ProcessMonitor-1, started daemon 139656734045952)>: remaining procs are [<roslaunch.nodeprocess.LocalProcess object at 0x7f045e312c50>, <roslaunch.nodeprocess.LocalProcess object at 0x7f045e79d210>, <roslaunch.nodeprocess.LocalProcess object at 0x7f045e312e50>, <roslaunch.nodeprocess.LocalProcess object at 0x7f045e312dd0>]
[roslaunch.pmon][INFO] 2022-02-23 11:24:15,656: ProcessMonitor exit: killing gripper_action_server-3
[roslaunch][INFO] 2022-02-23 11:24:15,657: [gripper_action_server-3] killing on exit
[roslaunch.pmon][INFO] 2022-02-23 11:24:15,657: ProcessMonitor exit: killing Robotiq2FGripperRtuNode-2
[roslaunch][INFO] 2022-02-23 11:24:15,658: process[gripper_action_server-3]: killing os process with pid[15485] pgid[15485]
[roslaunch][INFO] 2022-02-23 11:24:15,658: [Robotiq2FGripperRtuNode-2] killing on exit
[roslaunch][INFO] 2022-02-23 11:24:15,659: [gripper_action_server-3] sending SIGINT to pgid [15485]
[roslaunch][INFO] 2022-02-23 11:24:15,660: [gripper_action_server-3] sent SIGINT to pgid [15485]
[roslaunch][INFO] 2022-02-23 11:24:15,661: process[Robotiq2FGripperRtuNode-2]: killing os process with pid[15481] pgid[15481]
[roslaunch][INFO] 2022-02-23 11:24:15,662: [Robotiq2FGripperRtuNode-2] sending SIGINT to pgid [15481]
[roslaunch][INFO] 2022-02-23 11:24:15,662: [Robotiq2FGripperRtuNode-2] sent SIGINT to pgid [15481]
[roslaunch][INFO] 2022-02-23 11:24:15,863: process[Robotiq2FGripperRtuNode-2]: SIGINT killed with return value 0
[roslaunch][INFO] 2022-02-23 11:24:17,065: process[gripper_action_server-3]: SIGINT killed with return value 0
[roslaunch.pmon][INFO] 2022-02-23 11:24:17,066: ProcessMonitor exit: killing rosout-1
[roslaunch][INFO] 2022-02-23 11:24:17,066: [rosout-1] killing on exit
[roslaunch][INFO] 2022-02-23 11:24:17,066: process[rosout-1]: killing os process with pid[15477] pgid[15477]
[roslaunch][INFO] 2022-02-23 11:24:17,066: [rosout-1] sending SIGINT to pgid [15477]
[roslaunch][INFO] 2022-02-23 11:24:17,066: [rosout-1] sent SIGINT to pgid [15477]
[roslaunch][INFO] 2022-02-23 11:24:17,267: process[rosout-1]: SIGINT killed with return value 0
[roslaunch.pmon][INFO] 2022-02-23 11:24:17,267: ProcessMonitor exit: killing master
[roslaunch][INFO] 2022-02-23 11:24:17,267: [master] killing on exit
[roslaunch][INFO] 2022-02-23 11:24:17,268: process[master]: killing os process with pid[15466] pgid[15466]
[roslaunch][INFO] 2022-02-23 11:24:17,268: [master] sending SIGINT to pgid [15466]
[roslaunch][INFO] 2022-02-23 11:24:17,268: [master] sent SIGINT to pgid [15466]
[roslaunch][INFO] 2022-02-23 11:24:17,468: process[master]: SIGINT killed with return value 0
[roslaunch.pmon][INFO] 2022-02-23 11:24:17,469: ProcessMonitor exit: cleaning up data structures and signals
[roslaunch.pmon][INFO] 2022-02-23 11:24:17,469: ProcessMonitor exit: pmon has shutdown
[roslaunch][INFO] 2022-02-23 11:24:17,508: process monitor is done spinning, initiating full shutdown
[roslaunch][INFO] 2022-02-23 11:24:17,508: runner.stop()
[roslaunch][INFO] 2022-02-23 11:24:17,508: shutting down processing monitor...
[roslaunch][INFO] 2022-02-23 11:24:17,508: shutting down processing monitor <ProcessMonitor(ProcessMonitor-1, stopped daemon 139656734045952)>
[roslaunch.pmon][INFO] 2022-02-23 11:24:17,508: ProcessMonitor.shutdown <ProcessMonitor(ProcessMonitor-1, stopped daemon 139656734045952)>
[roslaunch][INFO] 2022-02-23 11:24:17,509: ... shutting down processing monitor complete
[roslaunch][INFO] 2022-02-23 11:24:17,509: done
[roslaunch.pmon][INFO] 2022-02-23 11:24:17,509: ProcessMonitor.shutdown <ProcessMonitor(ProcessMonitor-1, stopped daemon 139656734045952)>
[rospy.core][INFO] 2022-02-23 11:24:17,509: signal_shutdown [atexit]
