[roslaunch][INFO] 2021-12-21 14:02:12,026: Checking log directory for disk usage. This may take a while.
Press Ctrl-C to interrupt
[roslaunch][INFO] 2021-12-21 14:02:12,029: Done checking log file disk usage. Usage is <1GB.
[roslaunch][INFO] 2021-12-21 14:02:12,029: roslaunch starting with args ['/opt/ros/melodic/bin/roslaunch', 'tactile_pressure_sensor', 'run_tactile_pressure.launch']
[roslaunch][INFO] 2021-12-21 14:02:12,029: roslaunch env is {'ROS_DISTRO': 'melodic', 'ROSLISP_PACKAGE_DIRECTORIES': '/home/ros/catkin_ws/devel/share/common-lisp', 'HOME': '/home/ros', 'PATH': '/opt/ros/melodic/bin:/usr/local/sbin:/usr/local/bin:/usr/sbin:/usr/bin:/sbin:/bin', 'ROS_PACKAGE_PATH': '/home/ros/catkin_ws/src:/opt/ros/melodic/share', 'CMAKE_PREFIX_PATH': '/home/ros/catkin_ws/devel:/opt/ros/melodic', 'LD_LIBRARY_PATH': '/home/ros/catkin_ws/devel/lib:/opt/ros/melodic/lib', 'LANG': 'C.UTF-8', 'TERM': 'xterm', 'ROS_LOG_FILENAME': '/home/ros/.ros/log/981fe6dc-6266-11ec-8f3d-7c507959f385/roslaunch-FM00351-u-102.log', 'SHLVL': '1', 'DISPLAY': ':0', 'UNAME': 'ros', 'ROS_MASTER_URI': 'http://localhost:11311', 'ROS_PYTHON_VERSION': '2', 'PYTHONPATH': '/home/ros/catkin_ws/devel/lib/python2.7/dist-packages:/opt/ros/melodic/lib/python2.7/dist-packages', 'QT_X11_NO_MITSHM': '1', 'ROS_ROOT': '/opt/ros/melodic/share/ros', 'PKG_CONFIG_PATH': '/home/ros/catkin_ws/devel/lib/pkgconfig:/opt/ros/melodic/lib/pkgconfig', 'LC_ALL': 'C.UTF-8', '_': '/opt/ros/melodic/bin/roslaunch', 'OLDPWD': '/home/ros', 'HOSTNAME': 'FM00351-u', 'PWD': '/home/ros/catkin_ws', 'ROS_ETC_DIR': '/opt/ros/melodic/etc/ros', 'ROS_VERSION': '1'}
[roslaunch][INFO] 2021-12-21 14:02:12,029: starting in server mode
[roslaunch.parent][INFO] 2021-12-21 14:02:12,029: starting roslaunch parent run
[roslaunch][INFO] 2021-12-21 14:02:12,029: loading roscore config file /opt/ros/melodic/etc/ros/roscore.xml
[roslaunch][INFO] 2021-12-21 14:02:12,234: Added core node of type [rosout/rosout] in namespace [/]
[roslaunch.config][INFO] 2021-12-21 14:02:12,235: loading config file /home/ros/catkin_ws/src/tactile_pressure_sensor/launch/run_tactile_pressure.launch
[roslaunch][INFO] 2021-12-21 14:02:12,235: Added node of type [rosserial_arduino/serial_node.py] in namespace [/sensor/]
[roslaunch][INFO] 2021-12-21 14:02:12,235: Added node of type [tactile_pressure_sensor/pressure_LocAndForceEstimation.py] in namespace [/sensor/]
[roslaunch][INFO] 2021-12-21 14:02:12,235: ... selected machine [] for node of type [rosserial_arduino/serial_node.py]
[roslaunch][INFO] 2021-12-21 14:02:12,235: ... selected machine [] for node of type [tactile_pressure_sensor/pressure_LocAndForceEstimation.py]
[roslaunch.pmon][INFO] 2021-12-21 14:02:12,236: start_process_monitor: creating ProcessMonitor
[roslaunch.pmon][INFO] 2021-12-21 14:02:12,236: created process monitor <ProcessMonitor(ProcessMonitor-1, initial daemon)>
[roslaunch.pmon][INFO] 2021-12-21 14:02:12,236: start_process_monitor: ProcessMonitor started
[roslaunch.parent][INFO] 2021-12-21 14:02:12,236: starting parent XML-RPC server
[roslaunch.server][INFO] 2021-12-21 14:02:12,236: starting roslaunch XML-RPC server
[roslaunch.server][INFO] 2021-12-21 14:02:12,236: waiting for roslaunch XML-RPC server to initialize
[xmlrpc][INFO] 2021-12-21 14:02:12,236: XML-RPC server binding to 0.0.0.0:0
[xmlrpc][INFO] 2021-12-21 14:02:12,237: Started XML-RPC server [http://FM00351-u:45847/]
[xmlrpc][INFO] 2021-12-21 14:02:12,237: xml rpc node: starting XML-RPC server
[roslaunch][INFO] 2021-12-21 14:02:12,248: started roslaunch server http://FM00351-u:45847/
[roslaunch.parent][INFO] 2021-12-21 14:02:12,248: ... parent XML-RPC server started
[roslaunch][INFO] 2021-12-21 14:02:12,248: master.is_running[http://localhost:11311]
[roslaunch][INFO] 2021-12-21 14:02:12,249: auto-starting new master
[roslaunch][INFO] 2021-12-21 14:02:12,249: create_master_process: rosmaster, /opt/ros/melodic/share/ros, 11311, 3, None, False
[roslaunch][INFO] 2021-12-21 14:02:12,249: process[master]: launching with args [['rosmaster', '--core', '-p', '11311', '-w', '3']]
[roslaunch.pmon][INFO] 2021-12-21 14:02:12,249: ProcessMonitor.register[master]
[roslaunch.pmon][INFO] 2021-12-21 14:02:12,249: ProcessMonitor.register[master] complete
[roslaunch][INFO] 2021-12-21 14:02:12,249: process[master]: starting os process
[roslaunch][INFO] 2021-12-21 14:02:12,249: process[master]: start w/ args [['rosmaster', '--core', '-p', '11311', '-w', '3', '__log:=/home/ros/.ros/log/981fe6dc-6266-11ec-8f3d-7c507959f385/master.log']]
[roslaunch][INFO] 2021-12-21 14:02:12,249: process[master]: cwd will be [/home/ros/.ros]
[roslaunch][INFO] 2021-12-21 14:02:12,314: process[master]: started with pid [112]
[roslaunch][INFO] 2021-12-21 14:02:12,314: master.is_running[http://localhost:11311]
[roslaunch][INFO] 2021-12-21 14:02:12,415: master.is_running[http://localhost:11311]
[roslaunch][INFO] 2021-12-21 14:02:12,515: master.is_running[http://localhost:11311]
[roslaunch][INFO] 2021-12-21 14:02:12,519: master.is_running[http://localhost:11311]
[roslaunch][INFO] 2021-12-21 14:02:12,521: ROS_MASTER_URI=http://localhost:11311
[roslaunch][INFO] 2021-12-21 14:02:12,523: setting /run_id to 981fe6dc-6266-11ec-8f3d-7c507959f385
[roslaunch][INFO] 2021-12-21 14:02:12,524: setting /roslaunch/uris/host_fm00351_u__45847' to http://FM00351-u:45847/
[roslaunch][INFO] 2021-12-21 14:02:12,525: ... preparing to launch node of type [rosout/rosout]
[roslaunch][INFO] 2021-12-21 14:02:12,525: create_node_process: package[rosout] type[rosout] machine[Machine(name[] env_loader[None] address[localhost] ssh_port[22] user[None] assignable[True] timeout[10.0])] master_uri[http://localhost:11311]
[roslaunch][INFO] 2021-12-21 14:02:12,525: process[rosout-1]: env[{'ROS_DISTRO': 'melodic', 'ROSLISP_PACKAGE_DIRECTORIES': '/home/ros/catkin_ws/devel/share/common-lisp', 'LD_LIBRARY_PATH': '/home/ros/catkin_ws/devel/lib:/opt/ros/melodic/lib', 'ROS_PACKAGE_PATH': '/home/ros/catkin_ws/src:/opt/ros/melodic/share', 'PATH': '/opt/ros/melodic/bin:/usr/local/sbin:/usr/local/bin:/usr/sbin:/usr/bin:/sbin:/bin', 'CMAKE_PREFIX_PATH': '/home/ros/catkin_ws/devel:/opt/ros/melodic', 'ROS_LOG_FILENAME': '/home/ros/.ros/log/981fe6dc-6266-11ec-8f3d-7c507959f385/roslaunch-FM00351-u-102.log', 'LANG': 'C.UTF-8', 'TERM': 'xterm', 'SHLVL': '1', 'DISPLAY': ':0', 'UNAME': 'ros', 'ROS_ETC_DIR': '/opt/ros/melodic/etc/ros', 'HOME': '/home/ros', 'ROS_PYTHON_VERSION': '2', 'PYTHONPATH': '/home/ros/catkin_ws/devel/lib/python2.7/dist-packages:/opt/ros/melodic/lib/python2.7/dist-packages', 'QT_X11_NO_MITSHM': '1', 'ROS_ROOT': '/opt/ros/melodic/share/ros', 'PKG_CONFIG_PATH': '/home/ros/catkin_ws/devel/lib/pkgconfig:/opt/ros/melodic/lib/pkgconfig', 'LC_ALL': 'C.UTF-8', '_': '/opt/ros/melodic/bin/roslaunch', 'OLDPWD': '/home/ros', 'HOSTNAME': 'FM00351-u', 'PWD': '/home/ros/catkin_ws', 'ROS_MASTER_URI': 'http://localhost:11311', 'ROS_VERSION': '1'}]
[roslaunch][INFO] 2021-12-21 14:02:12,545: process[rosout-1]: args[[u'/opt/ros/melodic/lib/rosout/rosout', u'__name:=rosout']]
[roslaunch][INFO] 2021-12-21 14:02:12,545: ... created process [rosout-1]
[roslaunch.pmon][INFO] 2021-12-21 14:02:12,545: ProcessMonitor.register[rosout-1]
[roslaunch.pmon][INFO] 2021-12-21 14:02:12,545: ProcessMonitor.register[rosout-1] complete
[roslaunch][INFO] 2021-12-21 14:02:12,545: ... registered process [rosout-1]
[roslaunch][INFO] 2021-12-21 14:02:12,545: process[rosout-1]: starting os process
[roslaunch][INFO] 2021-12-21 14:02:12,546: process[rosout-1]: start w/ args [[u'/opt/ros/melodic/lib/rosout/rosout', u'__name:=rosout', u'__log:=/home/ros/.ros/log/981fe6dc-6266-11ec-8f3d-7c507959f385/rosout-1.log']]
[roslaunch][INFO] 2021-12-21 14:02:12,546: process[rosout-1]: cwd will be [/home/ros/.ros]
[roslaunch][INFO] 2021-12-21 14:02:12,612: process[rosout-1]: started with pid [123]
[roslaunch][INFO] 2021-12-21 14:02:12,612: ... successfully launched [rosout-1]
[roslaunch][INFO] 2021-12-21 14:02:12,612: load_parameters starting ...
[roslaunch][INFO] 2021-12-21 14:02:12,615: ... load_parameters complete
[roslaunch][INFO] 2021-12-21 14:02:12,615: launch_nodes: launching local nodes ...
[roslaunch][INFO] 2021-12-21 14:02:12,615: ... preparing to launch node of type [rosserial_arduino/serial_node.py]
[roslaunch][INFO] 2021-12-21 14:02:12,615: create_node_process: package[rosserial_arduino] type[serial_node.py] machine[Machine(name[] env_loader[None] address[localhost] ssh_port[22] user[None] assignable[True] timeout[10.0])] master_uri[http://localhost:11311]
[roslaunch][INFO] 2021-12-21 14:02:12,615: process[sensor/tactile_pressure-2]: env[{'ROS_DISTRO': 'melodic', 'ROSLISP_PACKAGE_DIRECTORIES': '/home/ros/catkin_ws/devel/share/common-lisp', 'LD_LIBRARY_PATH': '/home/ros/catkin_ws/devel/lib:/opt/ros/melodic/lib', 'ROS_PACKAGE_PATH': '/home/ros/catkin_ws/src:/opt/ros/melodic/share', 'PATH': '/opt/ros/melodic/bin:/usr/local/sbin:/usr/local/bin:/usr/sbin:/usr/bin:/sbin:/bin', 'CMAKE_PREFIX_PATH': '/home/ros/catkin_ws/devel:/opt/ros/melodic', 'ROS_LOG_FILENAME': '/home/ros/.ros/log/981fe6dc-6266-11ec-8f3d-7c507959f385/roslaunch-FM00351-u-102.log', 'LANG': 'C.UTF-8', 'TERM': 'xterm', 'SHLVL': '1', 'DISPLAY': ':0', 'UNAME': 'ros', 'ROS_ETC_DIR': '/opt/ros/melodic/etc/ros', 'HOME': '/home/ros', 'ROS_PYTHON_VERSION': '2', 'PYTHONPATH': '/home/ros/catkin_ws/devel/lib/python2.7/dist-packages:/opt/ros/melodic/lib/python2.7/dist-packages', 'QT_X11_NO_MITSHM': '1', 'ROS_ROOT': '/opt/ros/melodic/share/ros', 'PKG_CONFIG_PATH': '/home/ros/catkin_ws/devel/lib/pkgconfig:/opt/ros/melodic/lib/pkgconfig', 'LC_ALL': 'C.UTF-8', 'ROS_NAMESPACE': '/sensor', '_': '/opt/ros/melodic/bin/roslaunch', 'OLDPWD': '/home/ros', 'HOSTNAME': 'FM00351-u', 'PWD': '/home/ros/catkin_ws', 'ROS_MASTER_URI': 'http://localhost:11311', 'ROS_VERSION': '1'}]
[roslaunch][INFO] 2021-12-21 14:02:12,616: process[sensor/tactile_pressure-2]: args[[u'/opt/ros/melodic/share/rosserial_arduino/serial_node.py', u'/sensor/Pressure:=/sensor/pressure_data', u'__name:=tactile_pressure']]
[roslaunch][INFO] 2021-12-21 14:02:12,616: ... created process [sensor/tactile_pressure-2]
[roslaunch.pmon][INFO] 2021-12-21 14:02:12,616: ProcessMonitor.register[sensor/tactile_pressure-2]
[roslaunch.pmon][INFO] 2021-12-21 14:02:12,616: ProcessMonitor.register[sensor/tactile_pressure-2] complete
[roslaunch][INFO] 2021-12-21 14:02:12,616: ... registered process [sensor/tactile_pressure-2]
[roslaunch][INFO] 2021-12-21 14:02:12,616: process[sensor/tactile_pressure-2]: starting os process
[roslaunch][INFO] 2021-12-21 14:02:12,616: process[sensor/tactile_pressure-2]: start w/ args [[u'/opt/ros/melodic/share/rosserial_arduino/serial_node.py', u'/sensor/Pressure:=/sensor/pressure_data', u'__name:=tactile_pressure', u'__log:=/home/ros/.ros/log/981fe6dc-6266-11ec-8f3d-7c507959f385/sensor-tactile_pressure-2.log']]
[roslaunch][INFO] 2021-12-21 14:02:12,616: process[sensor/tactile_pressure-2]: cwd will be [/home/ros/.ros]
[roslaunch][INFO] 2021-12-21 14:02:12,681: process[sensor/tactile_pressure-2]: started with pid [126]
[roslaunch][INFO] 2021-12-21 14:02:12,681: ... successfully launched [sensor/tactile_pressure-2]
[roslaunch][INFO] 2021-12-21 14:02:12,681: ... preparing to launch node of type [tactile_pressure_sensor/pressure_LocAndForceEstimation.py]
[roslaunch][INFO] 2021-12-21 14:02:12,681: create_node_process: package[tactile_pressure_sensor] type[pressure_LocAndForceEstimation.py] machine[Machine(name[] env_loader[None] address[localhost] ssh_port[22] user[None] assignable[True] timeout[10.0])] master_uri[http://localhost:11311]
[roslaunch][INFO] 2021-12-21 14:02:12,681: process[sensor/process_tactile_pressure-3]: env[{'ROS_DISTRO': 'melodic', 'ROSLISP_PACKAGE_DIRECTORIES': '/home/ros/catkin_ws/devel/share/common-lisp', 'LD_LIBRARY_PATH': '/home/ros/catkin_ws/devel/lib:/opt/ros/melodic/lib', 'ROS_PACKAGE_PATH': '/home/ros/catkin_ws/src:/opt/ros/melodic/share', 'PATH': '/opt/ros/melodic/bin:/usr/local/sbin:/usr/local/bin:/usr/sbin:/usr/bin:/sbin:/bin', 'CMAKE_PREFIX_PATH': '/home/ros/catkin_ws/devel:/opt/ros/melodic', 'ROS_LOG_FILENAME': '/home/ros/.ros/log/981fe6dc-6266-11ec-8f3d-7c507959f385/roslaunch-FM00351-u-102.log', 'LANG': 'C.UTF-8', 'TERM': 'xterm', 'SHLVL': '1', 'DISPLAY': ':0', 'UNAME': 'ros', 'ROS_ETC_DIR': '/opt/ros/melodic/etc/ros', 'HOME': '/home/ros', 'ROS_PYTHON_VERSION': '2', 'PYTHONPATH': '/home/ros/catkin_ws/devel/lib/python2.7/dist-packages:/opt/ros/melodic/lib/python2.7/dist-packages', 'QT_X11_NO_MITSHM': '1', 'ROS_ROOT': '/opt/ros/melodic/share/ros', 'PKG_CONFIG_PATH': '/home/ros/catkin_ws/devel/lib/pkgconfig:/opt/ros/melodic/lib/pkgconfig', 'LC_ALL': 'C.UTF-8', 'ROS_NAMESPACE': '/sensor', '_': '/opt/ros/melodic/bin/roslaunch', 'OLDPWD': '/home/ros', 'HOSTNAME': 'FM00351-u', 'PWD': '/home/ros/catkin_ws', 'ROS_MASTER_URI': 'http://localhost:11311', 'ROS_VERSION': '1'}]
[roslaunch][INFO] 2021-12-21 14:02:12,682: process[sensor/process_tactile_pressure-3]: args[[u'/home/ros/catkin_ws/src/tactile_pressure_sensor/src/pressure_LocAndForceEstimation.py', u'/sensor/pressure_data:=/sensor/pressure_data', u'estimated_ForceAndLoc:=/sensor/estimated_ForceAndLoc', u'__name:=process_tactile_pressure']]
[roslaunch][INFO] 2021-12-21 14:02:12,682: ... created process [sensor/process_tactile_pressure-3]
[roslaunch.pmon][INFO] 2021-12-21 14:02:12,682: ProcessMonitor.register[sensor/process_tactile_pressure-3]
[roslaunch.pmon][INFO] 2021-12-21 14:02:12,682: ProcessMonitor.register[sensor/process_tactile_pressure-3] complete
[roslaunch][INFO] 2021-12-21 14:02:12,682: ... registered process [sensor/process_tactile_pressure-3]
[roslaunch][INFO] 2021-12-21 14:02:12,682: process[sensor/process_tactile_pressure-3]: starting os process
[roslaunch][INFO] 2021-12-21 14:02:12,682: process[sensor/process_tactile_pressure-3]: start w/ args [[u'/home/ros/catkin_ws/src/tactile_pressure_sensor/src/pressure_LocAndForceEstimation.py', u'/sensor/pressure_data:=/sensor/pressure_data', u'estimated_ForceAndLoc:=/sensor/estimated_ForceAndLoc', u'__name:=process_tactile_pressure', u'__log:=/home/ros/.ros/log/981fe6dc-6266-11ec-8f3d-7c507959f385/sensor-process_tactile_pressure-3.log']]
[roslaunch][INFO] 2021-12-21 14:02:12,682: process[sensor/process_tactile_pressure-3]: cwd will be [/home/ros/.ros]
[roslaunch][INFO] 2021-12-21 14:02:12,750: process[sensor/process_tactile_pressure-3]: started with pid [131]
[roslaunch][INFO] 2021-12-21 14:02:12,750: ... successfully launched [sensor/process_tactile_pressure-3]
[roslaunch][INFO] 2021-12-21 14:02:12,750: ... launch_nodes complete
[roslaunch.pmon][INFO] 2021-12-21 14:02:12,750: registrations completed <ProcessMonitor(ProcessMonitor-1, started daemon 139738782013184)>
[roslaunch.parent][INFO] 2021-12-21 14:02:12,750: ... roslaunch parent running, waiting for process exit
[roslaunch][INFO] 2021-12-21 14:02:12,750: spin
[roslaunch][INFO] 2021-12-21 14:02:16,949: [sensor/process_tactile_pressure-3] process has finished cleanly
log file: /home/ros/.ros/log/981fe6dc-6266-11ec-8f3d-7c507959f385/sensor-process_tactile_pressure-3*.log
[roslaunch.pmon][INFO] 2021-12-21 14:02:16,950: ProcessMonitor.unregister[sensor/process_tactile_pressure-3] starting
[roslaunch.pmon][INFO] 2021-12-21 14:02:16,950: ProcessMonitor.unregister[sensor/process_tactile_pressure-3] complete
[roslaunch.pmon][INFO] 2021-12-21 14:02:51,081: ProcessMonitor.shutdown <ProcessMonitor(ProcessMonitor-1, started daemon 139738782013184)>
[roslaunch.pmon][INFO] 2021-12-21 14:02:51,147: ProcessMonitor._post_run <ProcessMonitor(ProcessMonitor-1, started daemon 139738782013184)>
[roslaunch.pmon][INFO] 2021-12-21 14:02:51,148: ProcessMonitor._post_run <ProcessMonitor(ProcessMonitor-1, started daemon 139738782013184)>: remaining procs are [<roslaunch.nodeprocess.LocalProcess object at 0x7f1778f0cb10>, <roslaunch.nodeprocess.LocalProcess object at 0x7f177896f050>, <roslaunch.nodeprocess.LocalProcess object at 0x7f1778f09310>]
[roslaunch.pmon][INFO] 2021-12-21 14:02:51,149: ProcessMonitor exit: killing sensor/tactile_pressure-2
[roslaunch][INFO] 2021-12-21 14:02:51,149: [sensor/tactile_pressure-2] killing on exit
[roslaunch][INFO] 2021-12-21 14:02:51,151: process[sensor/tactile_pressure-2]: killing os process with pid[126] pgid[126]
[roslaunch][INFO] 2021-12-21 14:02:51,151: [sensor/tactile_pressure-2] sending SIGINT to pgid [126]
[roslaunch][INFO] 2021-12-21 14:02:51,152: [sensor/tactile_pressure-2] sent SIGINT to pgid [126]
[roslaunch][INFO] 2021-12-21 14:02:51,353: process[sensor/tactile_pressure-2]: SIGINT killed with return value 0
[roslaunch.pmon][INFO] 2021-12-21 14:02:51,353: ProcessMonitor exit: killing rosout-1
[roslaunch][INFO] 2021-12-21 14:02:51,354: [rosout-1] killing on exit
[roslaunch][INFO] 2021-12-21 14:02:51,354: process[rosout-1]: killing os process with pid[123] pgid[123]
[roslaunch][INFO] 2021-12-21 14:02:51,354: [rosout-1] sending SIGINT to pgid [123]
[roslaunch][INFO] 2021-12-21 14:02:51,354: [rosout-1] sent SIGINT to pgid [123]
[roslaunch][INFO] 2021-12-21 14:02:51,454: process[rosout-1]: SIGINT killed with return value 0
[roslaunch.pmon][INFO] 2021-12-21 14:02:51,455: ProcessMonitor exit: killing master
[roslaunch][INFO] 2021-12-21 14:02:51,455: [master] killing on exit
[roslaunch][INFO] 2021-12-21 14:02:51,455: process[master]: killing os process with pid[112] pgid[112]
[roslaunch][INFO] 2021-12-21 14:02:51,455: [master] sending SIGINT to pgid [112]
[roslaunch][INFO] 2021-12-21 14:02:51,455: [master] sent SIGINT to pgid [112]
[roslaunch][INFO] 2021-12-21 14:02:51,655: process[master]: SIGINT killed with return value 0
[roslaunch.pmon][INFO] 2021-12-21 14:02:51,656: ProcessMonitor exit: cleaning up data structures and signals
[roslaunch.pmon][INFO] 2021-12-21 14:02:51,656: ProcessMonitor exit: pmon has shutdown
[roslaunch][INFO] 2021-12-21 14:02:51,698: process monitor is done spinning, initiating full shutdown
[roslaunch][INFO] 2021-12-21 14:02:51,698: runner.stop()
[roslaunch][INFO] 2021-12-21 14:02:51,698: shutting down processing monitor...
[roslaunch][INFO] 2021-12-21 14:02:51,698: shutting down processing monitor <ProcessMonitor(ProcessMonitor-1, stopped daemon 139738782013184)>
[roslaunch.pmon][INFO] 2021-12-21 14:02:51,699: ProcessMonitor.shutdown <ProcessMonitor(ProcessMonitor-1, stopped daemon 139738782013184)>
[roslaunch][INFO] 2021-12-21 14:02:51,699: ... shutting down processing monitor complete
[roslaunch][INFO] 2021-12-21 14:02:51,699: done
[roslaunch.pmon][INFO] 2021-12-21 14:02:51,699: ProcessMonitor.shutdown <ProcessMonitor(ProcessMonitor-1, stopped daemon 139738782013184)>
[rospy.core][INFO] 2021-12-21 14:02:51,700: signal_shutdown [atexit]
