[roslaunch][INFO] 2022-02-23 11:04:04,270: Checking log directory for disk usage. This may take a while.
Press Ctrl-C to interrupt
[roslaunch][INFO] 2022-02-23 11:04:04,274: Done checking log file disk usage. Usage is <1GB.
[roslaunch][INFO] 2022-02-23 11:04:04,274: roslaunch starting with args ['/opt/ros/melodic/bin/roslaunch', 'fm_gripper_module', 'fm_gripper_module.launch']
[roslaunch][INFO] 2022-02-23 11:04:04,274: roslaunch env is {'ROS_DISTRO': 'melodic', 'ROSLISP_PACKAGE_DIRECTORIES': '/home/ros/catkin_ws/devel/share/common-lisp', 'HOME': '/home/ros', 'PATH': '/opt/ros/melodic/bin:/usr/local/sbin:/usr/local/bin:/usr/sbin:/usr/bin:/sbin:/bin', 'ROS_PACKAGE_PATH': '/home/ros/catkin_ws/src:/opt/ros/melodic/share', 'CMAKE_PREFIX_PATH': '/home/ros/catkin_ws/devel:/opt/ros/melodic', 'LD_LIBRARY_PATH': '/home/ros/catkin_ws/devel/lib:/opt/ros/melodic/lib', 'LANG': 'C.UTF-8', 'TERM': 'xterm', 'ROS_LOG_FILENAME': '/home/ros/.ros/log/502275f2-9498-11ec-b312-7c507959f385/roslaunch-FM00351-u-11854.log', 'SHLVL': '1', 'DISPLAY': ':0', 'UNAME': 'ros', 'ROS_MASTER_URI': 'http://localhost:11311', 'ROS_PYTHON_VERSION': '2', 'PYTHONPATH': '/home/ros/catkin_ws/devel/lib/python2.7/dist-packages:/opt/ros/melodic/lib/python2.7/dist-packages', 'QT_X11_NO_MITSHM': '1', 'ROS_ROOT': '/opt/ros/melodic/share/ros', 'PKG_CONFIG_PATH': '/home/ros/catkin_ws/devel/lib/pkgconfig:/opt/ros/melodic/lib/pkgconfig', 'LC_ALL': 'C.UTF-8', '_': '/opt/ros/melodic/bin/roslaunch', 'OLDPWD': '/home/ros', 'HOSTNAME': 'FM00351-u', 'PWD': '/home/ros/catkin_ws', 'ROS_ETC_DIR': '/opt/ros/melodic/etc/ros', 'ROS_VERSION': '1'}
[roslaunch][INFO] 2022-02-23 11:04:04,274: starting in server mode
[roslaunch.parent][INFO] 2022-02-23 11:04:04,274: starting roslaunch parent run
[roslaunch][INFO] 2022-02-23 11:04:04,275: loading roscore config file /opt/ros/melodic/etc/ros/roscore.xml
[roslaunch][INFO] 2022-02-23 11:04:04,577: Added core node of type [rosout/rosout] in namespace [/]
[roslaunch.config][INFO] 2022-02-23 11:04:04,578: loading config file /home/ros/catkin_ws/src/fm_gripper_module/launch/fm_gripper_module.launch
[roslaunch][INFO] 2022-02-23 11:04:04,578: Added node of type [robotiq_2f_gripper_control/Robotiq2FGripperRtuNode.py] in namespace [/]
[roslaunch][INFO] 2022-02-23 11:04:04,578: Added node of type [fm_gripper_module/Robotiq2FGripperSlipController.py] in namespace [/]
[roslaunch][INFO] 2022-02-23 11:04:04,578: ... selected machine [] for node of type [robotiq_2f_gripper_control/Robotiq2FGripperRtuNode.py]
[roslaunch][INFO] 2022-02-23 11:04:04,578: ... selected machine [] for node of type [fm_gripper_module/Robotiq2FGripperSlipController.py]
[roslaunch.pmon][INFO] 2022-02-23 11:04:04,579: start_process_monitor: creating ProcessMonitor
[roslaunch.pmon][INFO] 2022-02-23 11:04:04,579: created process monitor <ProcessMonitor(ProcessMonitor-1, initial daemon)>
[roslaunch.pmon][INFO] 2022-02-23 11:04:04,579: start_process_monitor: ProcessMonitor started
[roslaunch.parent][INFO] 2022-02-23 11:04:04,579: starting parent XML-RPC server
[roslaunch.server][INFO] 2022-02-23 11:04:04,579: starting roslaunch XML-RPC server
[roslaunch.server][INFO] 2022-02-23 11:04:04,579: waiting for roslaunch XML-RPC server to initialize
[xmlrpc][INFO] 2022-02-23 11:04:04,580: XML-RPC server binding to 0.0.0.0:0
[xmlrpc][INFO] 2022-02-23 11:04:04,580: Started XML-RPC server [http://FM00351-u:40095/]
[xmlrpc][INFO] 2022-02-23 11:04:04,580: xml rpc node: starting XML-RPC server
[roslaunch][INFO] 2022-02-23 11:04:04,591: started roslaunch server http://FM00351-u:40095/
[roslaunch.parent][INFO] 2022-02-23 11:04:04,591: ... parent XML-RPC server started
[roslaunch][INFO] 2022-02-23 11:04:04,592: master.is_running[http://localhost:11311]
[roslaunch][INFO] 2022-02-23 11:04:04,592: auto-starting new master
[roslaunch][INFO] 2022-02-23 11:04:04,592: create_master_process: rosmaster, /opt/ros/melodic/share/ros, 11311, 3, None, False
[roslaunch][INFO] 2022-02-23 11:04:04,592: process[master]: launching with args [['rosmaster', '--core', '-p', '11311', '-w', '3']]
[roslaunch.pmon][INFO] 2022-02-23 11:04:04,592: ProcessMonitor.register[master]
[roslaunch.pmon][INFO] 2022-02-23 11:04:04,592: ProcessMonitor.register[master] complete
[roslaunch][INFO] 2022-02-23 11:04:04,592: process[master]: starting os process
[roslaunch][INFO] 2022-02-23 11:04:04,592: process[master]: start w/ args [['rosmaster', '--core', '-p', '11311', '-w', '3', '__log:=/home/ros/.ros/log/502275f2-9498-11ec-b312-7c507959f385/master.log']]
[roslaunch][INFO] 2022-02-23 11:04:04,592: process[master]: cwd will be [/home/ros/.ros]
[roslaunch][INFO] 2022-02-23 11:04:04,659: process[master]: started with pid [11864]
[roslaunch][INFO] 2022-02-23 11:04:04,659: master.is_running[http://localhost:11311]
[roslaunch][INFO] 2022-02-23 11:04:04,760: master.is_running[http://localhost:11311]
[roslaunch][INFO] 2022-02-23 11:04:04,860: master.is_running[http://localhost:11311]
[roslaunch][INFO] 2022-02-23 11:04:04,862: master.is_running[http://localhost:11311]
[roslaunch][INFO] 2022-02-23 11:04:04,863: ROS_MASTER_URI=http://localhost:11311
[roslaunch][INFO] 2022-02-23 11:04:04,865: setting /run_id to 502275f2-9498-11ec-b312-7c507959f385
[roslaunch][INFO] 2022-02-23 11:04:04,866: setting /roslaunch/uris/host_fm00351_u__40095' to http://FM00351-u:40095/
[roslaunch][INFO] 2022-02-23 11:04:04,868: ... preparing to launch node of type [rosout/rosout]
[roslaunch][INFO] 2022-02-23 11:04:04,868: create_node_process: package[rosout] type[rosout] machine[Machine(name[] env_loader[None] address[localhost] ssh_port[22] user[None] assignable[True] timeout[10.0])] master_uri[http://localhost:11311]
[roslaunch][INFO] 2022-02-23 11:04:04,868: process[rosout-1]: env[{'ROS_DISTRO': 'melodic', 'ROSLISP_PACKAGE_DIRECTORIES': '/home/ros/catkin_ws/devel/share/common-lisp', 'LD_LIBRARY_PATH': '/home/ros/catkin_ws/devel/lib:/opt/ros/melodic/lib', 'ROS_PACKAGE_PATH': '/home/ros/catkin_ws/src:/opt/ros/melodic/share', 'PATH': '/opt/ros/melodic/bin:/usr/local/sbin:/usr/local/bin:/usr/sbin:/usr/bin:/sbin:/bin', 'CMAKE_PREFIX_PATH': '/home/ros/catkin_ws/devel:/opt/ros/melodic', 'ROS_LOG_FILENAME': '/home/ros/.ros/log/502275f2-9498-11ec-b312-7c507959f385/roslaunch-FM00351-u-11854.log', 'LANG': 'C.UTF-8', 'TERM': 'xterm', 'SHLVL': '1', 'DISPLAY': ':0', 'UNAME': 'ros', 'ROS_ETC_DIR': '/opt/ros/melodic/etc/ros', 'HOME': '/home/ros', 'ROS_PYTHON_VERSION': '2', 'PYTHONPATH': '/home/ros/catkin_ws/devel/lib/python2.7/dist-packages:/opt/ros/melodic/lib/python2.7/dist-packages', 'QT_X11_NO_MITSHM': '1', 'ROS_ROOT': '/opt/ros/melodic/share/ros', 'PKG_CONFIG_PATH': '/home/ros/catkin_ws/devel/lib/pkgconfig:/opt/ros/melodic/lib/pkgconfig', 'LC_ALL': 'C.UTF-8', '_': '/opt/ros/melodic/bin/roslaunch', 'OLDPWD': '/home/ros', 'HOSTNAME': 'FM00351-u', 'PWD': '/home/ros/catkin_ws', 'ROS_MASTER_URI': 'http://localhost:11311', 'ROS_VERSION': '1'}]
[roslaunch][INFO] 2022-02-23 11:04:05,067: process[rosout-1]: args[[u'/opt/ros/melodic/lib/rosout/rosout', u'__name:=rosout']]
[roslaunch][INFO] 2022-02-23 11:04:05,067: ... created process [rosout-1]
[roslaunch.pmon][INFO] 2022-02-23 11:04:05,067: ProcessMonitor.register[rosout-1]
[roslaunch.pmon][INFO] 2022-02-23 11:04:05,067: ProcessMonitor.register[rosout-1] complete
[roslaunch][INFO] 2022-02-23 11:04:05,067: ... registered process [rosout-1]
[roslaunch][INFO] 2022-02-23 11:04:05,067: process[rosout-1]: starting os process
[roslaunch][INFO] 2022-02-23 11:04:05,067: process[rosout-1]: start w/ args [[u'/opt/ros/melodic/lib/rosout/rosout', u'__name:=rosout', u'__log:=/home/ros/.ros/log/502275f2-9498-11ec-b312-7c507959f385/rosout-1.log']]
[roslaunch][INFO] 2022-02-23 11:04:05,067: process[rosout-1]: cwd will be [/home/ros/.ros]
[roslaunch][INFO] 2022-02-23 11:04:05,132: process[rosout-1]: started with pid [11875]
[roslaunch][INFO] 2022-02-23 11:04:05,132: ... successfully launched [rosout-1]
[roslaunch][INFO] 2022-02-23 11:04:05,132: load_parameters starting ...
[roslaunch][INFO] 2022-02-23 11:04:05,135: ... load_parameters complete
[roslaunch][INFO] 2022-02-23 11:04:05,135: launch_nodes: launching local nodes ...
[roslaunch][INFO] 2022-02-23 11:04:05,135: ... preparing to launch node of type [robotiq_2f_gripper_control/Robotiq2FGripperRtuNode.py]
[roslaunch][INFO] 2022-02-23 11:04:05,136: create_node_process: package[robotiq_2f_gripper_control] type[Robotiq2FGripperRtuNode.py] machine[Machine(name[] env_loader[None] address[localhost] ssh_port[22] user[None] assignable[True] timeout[10.0])] master_uri[http://localhost:11311]
[roslaunch][INFO] 2022-02-23 11:04:05,136: process[Robotiq2FGripperRtuNode-2]: env[{'ROS_DISTRO': 'melodic', 'ROSLISP_PACKAGE_DIRECTORIES': '/home/ros/catkin_ws/devel/share/common-lisp', 'LD_LIBRARY_PATH': '/home/ros/catkin_ws/devel/lib:/opt/ros/melodic/lib', 'ROS_PACKAGE_PATH': '/home/ros/catkin_ws/src:/opt/ros/melodic/share', 'PATH': '/opt/ros/melodic/bin:/usr/local/sbin:/usr/local/bin:/usr/sbin:/usr/bin:/sbin:/bin', 'CMAKE_PREFIX_PATH': '/home/ros/catkin_ws/devel:/opt/ros/melodic', 'ROS_LOG_FILENAME': '/home/ros/.ros/log/502275f2-9498-11ec-b312-7c507959f385/roslaunch-FM00351-u-11854.log', 'LANG': 'C.UTF-8', 'TERM': 'xterm', 'SHLVL': '1', 'DISPLAY': ':0', 'UNAME': 'ros', 'ROS_ETC_DIR': '/opt/ros/melodic/etc/ros', 'HOME': '/home/ros', 'ROS_PYTHON_VERSION': '2', 'PYTHONPATH': '/home/ros/catkin_ws/devel/lib/python2.7/dist-packages:/opt/ros/melodic/lib/python2.7/dist-packages', 'QT_X11_NO_MITSHM': '1', 'ROS_ROOT': '/opt/ros/melodic/share/ros', 'PKG_CONFIG_PATH': '/home/ros/catkin_ws/devel/lib/pkgconfig:/opt/ros/melodic/lib/pkgconfig', 'LC_ALL': 'C.UTF-8', '_': '/opt/ros/melodic/bin/roslaunch', 'OLDPWD': '/home/ros', 'HOSTNAME': 'FM00351-u', 'PWD': '/home/ros/catkin_ws', 'ROS_MASTER_URI': 'http://localhost:11311', 'ROS_VERSION': '1'}]
[roslaunch][INFO] 2022-02-23 11:04:05,137: process[Robotiq2FGripperRtuNode-2]: args[[u'/home/ros/catkin_ws/src/robotiq/robotiq_2f_gripper_control/nodes/Robotiq2FGripperRtuNode.py', '/dev/ttyUSB0', u'__name:=Robotiq2FGripperRtuNode']]
[roslaunch][INFO] 2022-02-23 11:04:05,137: ... created process [Robotiq2FGripperRtuNode-2]
[roslaunch.pmon][INFO] 2022-02-23 11:04:05,137: ProcessMonitor.register[Robotiq2FGripperRtuNode-2]
[roslaunch.pmon][INFO] 2022-02-23 11:04:05,137: ProcessMonitor.register[Robotiq2FGripperRtuNode-2] complete
[roslaunch][INFO] 2022-02-23 11:04:05,137: ... registered process [Robotiq2FGripperRtuNode-2]
[roslaunch][INFO] 2022-02-23 11:04:05,137: process[Robotiq2FGripperRtuNode-2]: starting os process
[roslaunch][INFO] 2022-02-23 11:04:05,137: process[Robotiq2FGripperRtuNode-2]: start w/ args [[u'/home/ros/catkin_ws/src/robotiq/robotiq_2f_gripper_control/nodes/Robotiq2FGripperRtuNode.py', '/dev/ttyUSB0', u'__name:=Robotiq2FGripperRtuNode', u'__log:=/home/ros/.ros/log/502275f2-9498-11ec-b312-7c507959f385/Robotiq2FGripperRtuNode-2.log']]
[roslaunch][INFO] 2022-02-23 11:04:05,137: process[Robotiq2FGripperRtuNode-2]: cwd will be [/home/ros/.ros]
[roslaunch][INFO] 2022-02-23 11:04:05,204: process[Robotiq2FGripperRtuNode-2]: started with pid [11878]
[roslaunch][INFO] 2022-02-23 11:04:05,204: ... successfully launched [Robotiq2FGripperRtuNode-2]
[roslaunch][INFO] 2022-02-23 11:04:05,205: ... preparing to launch node of type [fm_gripper_module/Robotiq2FGripperSlipController.py]
[roslaunch][INFO] 2022-02-23 11:04:05,205: create_node_process: package[fm_gripper_module] type[Robotiq2FGripperSlipController.py] machine[Machine(name[] env_loader[None] address[localhost] ssh_port[22] user[None] assignable[True] timeout[10.0])] master_uri[http://localhost:11311]
[roslaunch][INFO] 2022-02-23 11:04:05,205: process[Robotiq2FGripperSlipController-3]: env[{'ROS_DISTRO': 'melodic', 'ROSLISP_PACKAGE_DIRECTORIES': '/home/ros/catkin_ws/devel/share/common-lisp', 'LD_LIBRARY_PATH': '/home/ros/catkin_ws/devel/lib:/opt/ros/melodic/lib', 'ROS_PACKAGE_PATH': '/home/ros/catkin_ws/src:/opt/ros/melodic/share', 'PATH': '/opt/ros/melodic/bin:/usr/local/sbin:/usr/local/bin:/usr/sbin:/usr/bin:/sbin:/bin', 'CMAKE_PREFIX_PATH': '/home/ros/catkin_ws/devel:/opt/ros/melodic', 'ROS_LOG_FILENAME': '/home/ros/.ros/log/502275f2-9498-11ec-b312-7c507959f385/roslaunch-FM00351-u-11854.log', 'LANG': 'C.UTF-8', 'TERM': 'xterm', 'SHLVL': '1', 'DISPLAY': ':0', 'UNAME': 'ros', 'ROS_ETC_DIR': '/opt/ros/melodic/etc/ros', 'HOME': '/home/ros', 'ROS_PYTHON_VERSION': '2', 'PYTHONPATH': '/home/ros/catkin_ws/devel/lib/python2.7/dist-packages:/opt/ros/melodic/lib/python2.7/dist-packages', 'QT_X11_NO_MITSHM': '1', 'ROS_ROOT': '/opt/ros/melodic/share/ros', 'PKG_CONFIG_PATH': '/home/ros/catkin_ws/devel/lib/pkgconfig:/opt/ros/melodic/lib/pkgconfig', 'LC_ALL': 'C.UTF-8', '_': '/opt/ros/melodic/bin/roslaunch', 'OLDPWD': '/home/ros', 'HOSTNAME': 'FM00351-u', 'PWD': '/home/ros/catkin_ws', 'ROS_MASTER_URI': 'http://localhost:11311', 'ROS_VERSION': '1'}]
[roslaunch][INFO] 2022-02-23 11:04:05,205: process[Robotiq2FGripperSlipController-3]: args[[u'/home/ros/catkin_ws/src/fm_gripper_module/src/Robotiq2FGripperSlipController.py', u'__name:=Robotiq2FGripperSlipController']]
[roslaunch][INFO] 2022-02-23 11:04:05,205: ... created process [Robotiq2FGripperSlipController-3]
[roslaunch.pmon][INFO] 2022-02-23 11:04:05,205: ProcessMonitor.register[Robotiq2FGripperSlipController-3]
[roslaunch.pmon][INFO] 2022-02-23 11:04:05,205: ProcessMonitor.register[Robotiq2FGripperSlipController-3] complete
[roslaunch][INFO] 2022-02-23 11:04:05,205: ... registered process [Robotiq2FGripperSlipController-3]
[roslaunch][INFO] 2022-02-23 11:04:05,205: process[Robotiq2FGripperSlipController-3]: starting os process
[roslaunch][INFO] 2022-02-23 11:04:05,205: process[Robotiq2FGripperSlipController-3]: start w/ args [[u'/home/ros/catkin_ws/src/fm_gripper_module/src/Robotiq2FGripperSlipController.py', u'__name:=Robotiq2FGripperSlipController', u'__log:=/home/ros/.ros/log/502275f2-9498-11ec-b312-7c507959f385/Robotiq2FGripperSlipController-3.log']]
[roslaunch][INFO] 2022-02-23 11:04:05,205: process[Robotiq2FGripperSlipController-3]: cwd will be [/home/ros/.ros]
[roslaunch][INFO] 2022-02-23 11:04:05,275: process[Robotiq2FGripperSlipController-3]: started with pid [11883]
[roslaunch][INFO] 2022-02-23 11:04:05,275: ... successfully launched [Robotiq2FGripperSlipController-3]
[roslaunch][INFO] 2022-02-23 11:04:05,275: ... launch_nodes complete
[roslaunch.pmon][INFO] 2022-02-23 11:04:05,275: registrations completed <ProcessMonitor(ProcessMonitor-1, started daemon 140025789200128)>
[roslaunch.parent][INFO] 2022-02-23 11:04:05,275: ... roslaunch parent running, waiting for process exit
[roslaunch][INFO] 2022-02-23 11:04:05,275: spin
[roslaunch][ERROR] 2022-02-23 11:04:05,782: [Robotiq2FGripperSlipController-3] process has died [pid 11883, exit code 1, cmd /home/ros/catkin_ws/src/fm_gripper_module/src/Robotiq2FGripperSlipController.py __name:=Robotiq2FGripperSlipController __log:=/home/ros/.ros/log/502275f2-9498-11ec-b312-7c507959f385/Robotiq2FGripperSlipController-3.log].
log file: /home/ros/.ros/log/502275f2-9498-11ec-b312-7c507959f385/Robotiq2FGripperSlipController-3*.log
[roslaunch.pmon][INFO] 2022-02-23 11:04:05,782: ProcessMonitor.unregister[Robotiq2FGripperSlipController-3] starting
[roslaunch.pmon][INFO] 2022-02-23 11:04:05,782: ProcessMonitor.unregister[Robotiq2FGripperSlipController-3] complete
[roslaunch.pmon][INFO] 2022-02-23 11:04:47,918: ProcessMonitor.shutdown <ProcessMonitor(ProcessMonitor-1, started daemon 140025789200128)>
[roslaunch.pmon][INFO] 2022-02-23 11:04:48,007: ProcessMonitor._post_run <ProcessMonitor(ProcessMonitor-1, started daemon 140025789200128)>
[roslaunch.pmon][INFO] 2022-02-23 11:04:48,007: ProcessMonitor._post_run <ProcessMonitor(ProcessMonitor-1, started daemon 140025789200128)>: remaining procs are [<roslaunch.nodeprocess.LocalProcess object at 0x7f5a4b97eb90>, <roslaunch.nodeprocess.LocalProcess object at 0x7f5a4be09210>, <roslaunch.nodeprocess.LocalProcess object at 0x7f5a4b97ee50>]
[roslaunch.pmon][INFO] 2022-02-23 11:04:48,008: ProcessMonitor exit: killing Robotiq2FGripperRtuNode-2
[roslaunch][INFO] 2022-02-23 11:04:48,009: [Robotiq2FGripperRtuNode-2] killing on exit
[roslaunch][INFO] 2022-02-23 11:04:48,009: process[Robotiq2FGripperRtuNode-2]: killing os process with pid[11878] pgid[11878]
[roslaunch][INFO] 2022-02-23 11:04:48,010: [Robotiq2FGripperRtuNode-2] sending SIGINT to pgid [11878]
[roslaunch][INFO] 2022-02-23 11:04:48,010: [Robotiq2FGripperRtuNode-2] sent SIGINT to pgid [11878]
[roslaunch][INFO] 2022-02-23 11:04:48,211: process[Robotiq2FGripperRtuNode-2]: SIGINT killed with return value 0
[roslaunch.pmon][INFO] 2022-02-23 11:04:48,211: ProcessMonitor exit: killing rosout-1
[roslaunch][INFO] 2022-02-23 11:04:48,212: [rosout-1] killing on exit
[roslaunch][INFO] 2022-02-23 11:04:48,212: process[rosout-1]: killing os process with pid[11875] pgid[11875]
[roslaunch][INFO] 2022-02-23 11:04:48,212: [rosout-1] sending SIGINT to pgid [11875]
[roslaunch][INFO] 2022-02-23 11:04:48,212: [rosout-1] sent SIGINT to pgid [11875]
[roslaunch][INFO] 2022-02-23 11:04:48,413: process[rosout-1]: SIGINT killed with return value 0
[roslaunch.pmon][INFO] 2022-02-23 11:04:48,413: ProcessMonitor exit: killing master
[roslaunch][INFO] 2022-02-23 11:04:48,413: [master] killing on exit
[roslaunch][INFO] 2022-02-23 11:04:48,413: process[master]: killing os process with pid[11864] pgid[11864]
[roslaunch][INFO] 2022-02-23 11:04:48,413: [master] sending SIGINT to pgid [11864]
[roslaunch][INFO] 2022-02-23 11:04:48,414: [master] sent SIGINT to pgid [11864]
[roslaunch][INFO] 2022-02-23 11:04:48,614: process[master]: SIGINT killed with return value 0
[roslaunch.pmon][INFO] 2022-02-23 11:04:48,615: ProcessMonitor exit: cleaning up data structures and signals
[roslaunch.pmon][INFO] 2022-02-23 11:04:48,615: ProcessMonitor exit: pmon has shutdown
[roslaunch][INFO] 2022-02-23 11:04:48,634: process monitor is done spinning, initiating full shutdown
[roslaunch][INFO] 2022-02-23 11:04:48,635: runner.stop()
[roslaunch][INFO] 2022-02-23 11:04:48,635: shutting down processing monitor...
[roslaunch][INFO] 2022-02-23 11:04:48,635: shutting down processing monitor <ProcessMonitor(ProcessMonitor-1, stopped daemon 140025789200128)>
[roslaunch.pmon][INFO] 2022-02-23 11:04:48,635: ProcessMonitor.shutdown <ProcessMonitor(ProcessMonitor-1, stopped daemon 140025789200128)>
[roslaunch][INFO] 2022-02-23 11:04:48,635: ... shutting down processing monitor complete
[roslaunch][INFO] 2022-02-23 11:04:48,635: done
[roslaunch.pmon][INFO] 2022-02-23 11:04:48,636: ProcessMonitor.shutdown <ProcessMonitor(ProcessMonitor-1, stopped daemon 140025789200128)>
[rospy.core][INFO] 2022-02-23 11:04:48,636: signal_shutdown [atexit]
