[roslaunch][INFO] 2022-02-14 13:36:19,327: Checking log directory for disk usage. This may take a while.
Press Ctrl-C to interrupt
[roslaunch][INFO] 2022-02-14 13:36:19,330: Done checking log file disk usage. Usage is <1GB.
[roslaunch][INFO] 2022-02-14 13:36:19,330: roslaunch starting with args ['/opt/ros/melodic/bin/roslaunch', 'tactile_pressure_sensor', 'run_tactile_pressure.launch']
[roslaunch][INFO] 2022-02-14 13:36:19,330: roslaunch env is {'ROS_DISTRO': 'melodic', 'ROSLISP_PACKAGE_DIRECTORIES': '/home/ros/catkin_ws/devel/share/common-lisp', 'HOME': '/home/ros', 'PATH': '/opt/ros/melodic/bin:/usr/local/sbin:/usr/local/bin:/usr/sbin:/usr/bin:/sbin:/bin', 'ROS_PACKAGE_PATH': '/home/ros/catkin_ws/src:/opt/ros/melodic/share', 'CMAKE_PREFIX_PATH': '/home/ros/catkin_ws/devel:/opt/ros/melodic', 'LD_LIBRARY_PATH': '/home/ros/catkin_ws/devel/lib:/opt/ros/melodic/lib', 'LANG': 'C.UTF-8', 'TERM': 'xterm', 'ROS_LOG_FILENAME': '/home/ros/.ros/log/1755c4a8-8d9b-11ec-a487-7c507959f385/roslaunch-FM00351-u-687.log', 'SHLVL': '1', 'DISPLAY': ':0', 'UNAME': 'ros', 'ROS_MASTER_URI': 'http://localhost:11311', 'ROS_PYTHON_VERSION': '2', 'PYTHONPATH': '/home/ros/catkin_ws/devel/lib/python2.7/dist-packages:/opt/ros/melodic/lib/python2.7/dist-packages', 'QT_X11_NO_MITSHM': '1', 'ROS_ROOT': '/opt/ros/melodic/share/ros', 'PKG_CONFIG_PATH': '/home/ros/catkin_ws/devel/lib/pkgconfig:/opt/ros/melodic/lib/pkgconfig', 'LC_ALL': 'C.UTF-8', '_': '/opt/ros/melodic/bin/roslaunch', 'OLDPWD': '/home/ros', 'HOSTNAME': 'FM00351-u', 'PWD': '/home/ros/catkin_ws', 'ROS_ETC_DIR': '/opt/ros/melodic/etc/ros', 'ROS_VERSION': '1'}
[roslaunch][INFO] 2022-02-14 13:36:19,330: starting in server mode
[roslaunch.parent][INFO] 2022-02-14 13:36:19,330: starting roslaunch parent run
[roslaunch][INFO] 2022-02-14 13:36:19,330: loading roscore config file /opt/ros/melodic/etc/ros/roscore.xml
[roslaunch][INFO] 2022-02-14 13:36:19,627: Added core node of type [rosout/rosout] in namespace [/]
[roslaunch.config][INFO] 2022-02-14 13:36:19,627: loading config file /home/ros/catkin_ws/src/tactile_pressure_sensor/launch/run_tactile_pressure.launch
[roslaunch][INFO] 2022-02-14 13:36:19,627: Added node of type [rosserial_arduino/serial_node.py] in namespace [/sensor/]
[roslaunch][INFO] 2022-02-14 13:36:19,627: Added node of type [tactile_pressure_sensor/pressure_LocAndForceEstimation.py] in namespace [/sensor/]
[roslaunch][INFO] 2022-02-14 13:36:19,627: ... selected machine [] for node of type [rosserial_arduino/serial_node.py]
[roslaunch][INFO] 2022-02-14 13:36:19,627: ... selected machine [] for node of type [tactile_pressure_sensor/pressure_LocAndForceEstimation.py]
[roslaunch.pmon][INFO] 2022-02-14 13:36:19,628: start_process_monitor: creating ProcessMonitor
[roslaunch.pmon][INFO] 2022-02-14 13:36:19,628: created process monitor <ProcessMonitor(ProcessMonitor-1, initial daemon)>
[roslaunch.pmon][INFO] 2022-02-14 13:36:19,628: start_process_monitor: ProcessMonitor started
[roslaunch.parent][INFO] 2022-02-14 13:36:19,628: starting parent XML-RPC server
[roslaunch.server][INFO] 2022-02-14 13:36:19,628: starting roslaunch XML-RPC server
[roslaunch.server][INFO] 2022-02-14 13:36:19,628: waiting for roslaunch XML-RPC server to initialize
[xmlrpc][INFO] 2022-02-14 13:36:19,628: XML-RPC server binding to 0.0.0.0:0
[xmlrpc][INFO] 2022-02-14 13:36:19,629: Started XML-RPC server [http://FM00351-u:37573/]
[xmlrpc][INFO] 2022-02-14 13:36:19,629: xml rpc node: starting XML-RPC server
[roslaunch][INFO] 2022-02-14 13:36:19,640: started roslaunch server http://FM00351-u:37573/
[roslaunch.parent][INFO] 2022-02-14 13:36:19,640: ... parent XML-RPC server started
[roslaunch][INFO] 2022-02-14 13:36:19,641: master.is_running[http://localhost:11311]
[roslaunch][INFO] 2022-02-14 13:36:19,641: auto-starting new master
[roslaunch][INFO] 2022-02-14 13:36:19,641: create_master_process: rosmaster, /opt/ros/melodic/share/ros, 11311, 3, None, False
[roslaunch][INFO] 2022-02-14 13:36:19,641: process[master]: launching with args [['rosmaster', '--core', '-p', '11311', '-w', '3']]
[roslaunch.pmon][INFO] 2022-02-14 13:36:19,641: ProcessMonitor.register[master]
[roslaunch.pmon][INFO] 2022-02-14 13:36:19,641: ProcessMonitor.register[master] complete
[roslaunch][INFO] 2022-02-14 13:36:19,641: process[master]: starting os process
[roslaunch][INFO] 2022-02-14 13:36:19,641: process[master]: start w/ args [['rosmaster', '--core', '-p', '11311', '-w', '3', '__log:=/home/ros/.ros/log/1755c4a8-8d9b-11ec-a487-7c507959f385/master.log']]
[roslaunch][INFO] 2022-02-14 13:36:19,641: process[master]: cwd will be [/home/ros/.ros]
[roslaunch][INFO] 2022-02-14 13:36:19,706: process[master]: started with pid [697]
[roslaunch][INFO] 2022-02-14 13:36:19,707: master.is_running[http://localhost:11311]
[roslaunch][INFO] 2022-02-14 13:36:19,807: master.is_running[http://localhost:11311]
[roslaunch][INFO] 2022-02-14 13:36:19,908: master.is_running[http://localhost:11311]
[roslaunch][INFO] 2022-02-14 13:36:19,909: master.is_running[http://localhost:11311]
[roslaunch][INFO] 2022-02-14 13:36:19,910: ROS_MASTER_URI=http://localhost:11311
[roslaunch][INFO] 2022-02-14 13:36:19,911: setting /run_id to 1755c4a8-8d9b-11ec-a487-7c507959f385
[roslaunch][INFO] 2022-02-14 13:36:19,912: setting /roslaunch/uris/host_fm00351_u__37573' to http://FM00351-u:37573/
[roslaunch][INFO] 2022-02-14 13:36:19,914: ... preparing to launch node of type [rosout/rosout]
[roslaunch][INFO] 2022-02-14 13:36:19,914: create_node_process: package[rosout] type[rosout] machine[Machine(name[] env_loader[None] address[localhost] ssh_port[22] user[None] assignable[True] timeout[10.0])] master_uri[http://localhost:11311]
[roslaunch][INFO] 2022-02-14 13:36:19,915: process[rosout-1]: env[{'ROS_DISTRO': 'melodic', 'ROSLISP_PACKAGE_DIRECTORIES': '/home/ros/catkin_ws/devel/share/common-lisp', 'LD_LIBRARY_PATH': '/home/ros/catkin_ws/devel/lib:/opt/ros/melodic/lib', 'ROS_PACKAGE_PATH': '/home/ros/catkin_ws/src:/opt/ros/melodic/share', 'PATH': '/opt/ros/melodic/bin:/usr/local/sbin:/usr/local/bin:/usr/sbin:/usr/bin:/sbin:/bin', 'CMAKE_PREFIX_PATH': '/home/ros/catkin_ws/devel:/opt/ros/melodic', 'ROS_LOG_FILENAME': '/home/ros/.ros/log/1755c4a8-8d9b-11ec-a487-7c507959f385/roslaunch-FM00351-u-687.log', 'LANG': 'C.UTF-8', 'TERM': 'xterm', 'SHLVL': '1', 'DISPLAY': ':0', 'UNAME': 'ros', 'ROS_ETC_DIR': '/opt/ros/melodic/etc/ros', 'HOME': '/home/ros', 'ROS_PYTHON_VERSION': '2', 'PYTHONPATH': '/home/ros/catkin_ws/devel/lib/python2.7/dist-packages:/opt/ros/melodic/lib/python2.7/dist-packages', 'QT_X11_NO_MITSHM': '1', 'ROS_ROOT': '/opt/ros/melodic/share/ros', 'PKG_CONFIG_PATH': '/home/ros/catkin_ws/devel/lib/pkgconfig:/opt/ros/melodic/lib/pkgconfig', 'LC_ALL': 'C.UTF-8', '_': '/opt/ros/melodic/bin/roslaunch', 'OLDPWD': '/home/ros', 'HOSTNAME': 'FM00351-u', 'PWD': '/home/ros/catkin_ws', 'ROS_MASTER_URI': 'http://localhost:11311', 'ROS_VERSION': '1'}]
[roslaunch][INFO] 2022-02-14 13:36:20,112: process[rosout-1]: args[[u'/opt/ros/melodic/lib/rosout/rosout', u'__name:=rosout']]
[roslaunch][INFO] 2022-02-14 13:36:20,112: ... created process [rosout-1]
[roslaunch.pmon][INFO] 2022-02-14 13:36:20,112: ProcessMonitor.register[rosout-1]
[roslaunch.pmon][INFO] 2022-02-14 13:36:20,112: ProcessMonitor.register[rosout-1] complete
[roslaunch][INFO] 2022-02-14 13:36:20,112: ... registered process [rosout-1]
[roslaunch][INFO] 2022-02-14 13:36:20,112: process[rosout-1]: starting os process
[roslaunch][INFO] 2022-02-14 13:36:20,112: process[rosout-1]: start w/ args [[u'/opt/ros/melodic/lib/rosout/rosout', u'__name:=rosout', u'__log:=/home/ros/.ros/log/1755c4a8-8d9b-11ec-a487-7c507959f385/rosout-1.log']]
[roslaunch][INFO] 2022-02-14 13:36:20,112: process[rosout-1]: cwd will be [/home/ros/.ros]
[roslaunch][INFO] 2022-02-14 13:36:20,177: process[rosout-1]: started with pid [708]
[roslaunch][INFO] 2022-02-14 13:36:20,177: ... successfully launched [rosout-1]
[roslaunch][INFO] 2022-02-14 13:36:20,177: load_parameters starting ...
[roslaunch][INFO] 2022-02-14 13:36:20,179: ... load_parameters complete
[roslaunch][INFO] 2022-02-14 13:36:20,179: launch_nodes: launching local nodes ...
[roslaunch][INFO] 2022-02-14 13:36:20,179: ... preparing to launch node of type [rosserial_arduino/serial_node.py]
[roslaunch][INFO] 2022-02-14 13:36:20,179: create_node_process: package[rosserial_arduino] type[serial_node.py] machine[Machine(name[] env_loader[None] address[localhost] ssh_port[22] user[None] assignable[True] timeout[10.0])] master_uri[http://localhost:11311]
[roslaunch][INFO] 2022-02-14 13:36:20,179: process[sensor/tactile_pressure-2]: env[{'ROS_DISTRO': 'melodic', 'ROSLISP_PACKAGE_DIRECTORIES': '/home/ros/catkin_ws/devel/share/common-lisp', 'LD_LIBRARY_PATH': '/home/ros/catkin_ws/devel/lib:/opt/ros/melodic/lib', 'ROS_PACKAGE_PATH': '/home/ros/catkin_ws/src:/opt/ros/melodic/share', 'PATH': '/opt/ros/melodic/bin:/usr/local/sbin:/usr/local/bin:/usr/sbin:/usr/bin:/sbin:/bin', 'CMAKE_PREFIX_PATH': '/home/ros/catkin_ws/devel:/opt/ros/melodic', 'ROS_LOG_FILENAME': '/home/ros/.ros/log/1755c4a8-8d9b-11ec-a487-7c507959f385/roslaunch-FM00351-u-687.log', 'LANG': 'C.UTF-8', 'TERM': 'xterm', 'SHLVL': '1', 'DISPLAY': ':0', 'UNAME': 'ros', 'ROS_ETC_DIR': '/opt/ros/melodic/etc/ros', 'HOME': '/home/ros', 'ROS_PYTHON_VERSION': '2', 'PYTHONPATH': '/home/ros/catkin_ws/devel/lib/python2.7/dist-packages:/opt/ros/melodic/lib/python2.7/dist-packages', 'QT_X11_NO_MITSHM': '1', 'ROS_ROOT': '/opt/ros/melodic/share/ros', 'PKG_CONFIG_PATH': '/home/ros/catkin_ws/devel/lib/pkgconfig:/opt/ros/melodic/lib/pkgconfig', 'LC_ALL': 'C.UTF-8', 'ROS_NAMESPACE': '/sensor', '_': '/opt/ros/melodic/bin/roslaunch', 'OLDPWD': '/home/ros', 'HOSTNAME': 'FM00351-u', 'PWD': '/home/ros/catkin_ws', 'ROS_MASTER_URI': 'http://localhost:11311', 'ROS_VERSION': '1'}]
[roslaunch][INFO] 2022-02-14 13:36:20,180: process[sensor/tactile_pressure-2]: args[[u'/home/ros/catkin_ws/src/rosserial/rosserial_arduino/nodes/serial_node.py', u'/sensor/Pressure:=/sensor/pressure_data', u'__name:=tactile_pressure']]
[roslaunch][INFO] 2022-02-14 13:36:20,180: ... created process [sensor/tactile_pressure-2]
[roslaunch.pmon][INFO] 2022-02-14 13:36:20,180: ProcessMonitor.register[sensor/tactile_pressure-2]
[roslaunch.pmon][INFO] 2022-02-14 13:36:20,180: ProcessMonitor.register[sensor/tactile_pressure-2] complete
[roslaunch][INFO] 2022-02-14 13:36:20,180: ... registered process [sensor/tactile_pressure-2]
[roslaunch][INFO] 2022-02-14 13:36:20,180: process[sensor/tactile_pressure-2]: starting os process
[roslaunch][INFO] 2022-02-14 13:36:20,180: process[sensor/tactile_pressure-2]: start w/ args [[u'/home/ros/catkin_ws/src/rosserial/rosserial_arduino/nodes/serial_node.py', u'/sensor/Pressure:=/sensor/pressure_data', u'__name:=tactile_pressure', u'__log:=/home/ros/.ros/log/1755c4a8-8d9b-11ec-a487-7c507959f385/sensor-tactile_pressure-2.log']]
[roslaunch][INFO] 2022-02-14 13:36:20,180: process[sensor/tactile_pressure-2]: cwd will be [/home/ros/.ros]
[roslaunch][INFO] 2022-02-14 13:36:20,245: process[sensor/tactile_pressure-2]: started with pid [711]
[roslaunch][INFO] 2022-02-14 13:36:20,246: ... successfully launched [sensor/tactile_pressure-2]
[roslaunch][INFO] 2022-02-14 13:36:20,246: ... preparing to launch node of type [tactile_pressure_sensor/pressure_LocAndForceEstimation.py]
[roslaunch][INFO] 2022-02-14 13:36:20,246: create_node_process: package[tactile_pressure_sensor] type[pressure_LocAndForceEstimation.py] machine[Machine(name[] env_loader[None] address[localhost] ssh_port[22] user[None] assignable[True] timeout[10.0])] master_uri[http://localhost:11311]
[roslaunch][INFO] 2022-02-14 13:36:20,246: process[sensor/process_tactile_pressure-3]: env[{'ROS_DISTRO': 'melodic', 'ROSLISP_PACKAGE_DIRECTORIES': '/home/ros/catkin_ws/devel/share/common-lisp', 'LD_LIBRARY_PATH': '/home/ros/catkin_ws/devel/lib:/opt/ros/melodic/lib', 'ROS_PACKAGE_PATH': '/home/ros/catkin_ws/src:/opt/ros/melodic/share', 'PATH': '/opt/ros/melodic/bin:/usr/local/sbin:/usr/local/bin:/usr/sbin:/usr/bin:/sbin:/bin', 'CMAKE_PREFIX_PATH': '/home/ros/catkin_ws/devel:/opt/ros/melodic', 'ROS_LOG_FILENAME': '/home/ros/.ros/log/1755c4a8-8d9b-11ec-a487-7c507959f385/roslaunch-FM00351-u-687.log', 'LANG': 'C.UTF-8', 'TERM': 'xterm', 'SHLVL': '1', 'DISPLAY': ':0', 'UNAME': 'ros', 'ROS_ETC_DIR': '/opt/ros/melodic/etc/ros', 'HOME': '/home/ros', 'ROS_PYTHON_VERSION': '2', 'PYTHONPATH': '/home/ros/catkin_ws/devel/lib/python2.7/dist-packages:/opt/ros/melodic/lib/python2.7/dist-packages', 'QT_X11_NO_MITSHM': '1', 'ROS_ROOT': '/opt/ros/melodic/share/ros', 'PKG_CONFIG_PATH': '/home/ros/catkin_ws/devel/lib/pkgconfig:/opt/ros/melodic/lib/pkgconfig', 'LC_ALL': 'C.UTF-8', 'ROS_NAMESPACE': '/sensor', '_': '/opt/ros/melodic/bin/roslaunch', 'OLDPWD': '/home/ros', 'HOSTNAME': 'FM00351-u', 'PWD': '/home/ros/catkin_ws', 'ROS_MASTER_URI': 'http://localhost:11311', 'ROS_VERSION': '1'}]
[roslaunch][INFO] 2022-02-14 13:36:20,246: process[sensor/process_tactile_pressure-3]: args[[u'/home/ros/catkin_ws/src/tactile_pressure_sensor/src/pressure_LocAndForceEstimation.py', u'/sensor/pressure_data:=/sensor/pressure_data', u'estimated_ForceAndLoc:=/sensor/estimated_ForceAndLoc', u'__name:=process_tactile_pressure']]
[roslaunch][INFO] 2022-02-14 13:36:20,246: ... created process [sensor/process_tactile_pressure-3]
[roslaunch.pmon][INFO] 2022-02-14 13:36:20,246: ProcessMonitor.register[sensor/process_tactile_pressure-3]
[roslaunch.pmon][INFO] 2022-02-14 13:36:20,246: ProcessMonitor.register[sensor/process_tactile_pressure-3] complete
[roslaunch][INFO] 2022-02-14 13:36:20,246: ... registered process [sensor/process_tactile_pressure-3]
[roslaunch][INFO] 2022-02-14 13:36:20,246: process[sensor/process_tactile_pressure-3]: starting os process
[roslaunch][INFO] 2022-02-14 13:36:20,247: process[sensor/process_tactile_pressure-3]: start w/ args [[u'/home/ros/catkin_ws/src/tactile_pressure_sensor/src/pressure_LocAndForceEstimation.py', u'/sensor/pressure_data:=/sensor/pressure_data', u'estimated_ForceAndLoc:=/sensor/estimated_ForceAndLoc', u'__name:=process_tactile_pressure', u'__log:=/home/ros/.ros/log/1755c4a8-8d9b-11ec-a487-7c507959f385/sensor-process_tactile_pressure-3.log']]
[roslaunch][INFO] 2022-02-14 13:36:20,247: process[sensor/process_tactile_pressure-3]: cwd will be [/home/ros/.ros]
[roslaunch][INFO] 2022-02-14 13:36:20,312: process[sensor/process_tactile_pressure-3]: started with pid [716]
[roslaunch][INFO] 2022-02-14 13:36:20,312: ... successfully launched [sensor/process_tactile_pressure-3]
[roslaunch][INFO] 2022-02-14 13:36:20,312: ... launch_nodes complete
[roslaunch.pmon][INFO] 2022-02-14 13:36:20,312: registrations completed <ProcessMonitor(ProcessMonitor-1, started daemon 139999107184384)>
[roslaunch.parent][INFO] 2022-02-14 13:36:20,312: ... roslaunch parent running, waiting for process exit
[roslaunch][INFO] 2022-02-14 13:36:20,312: spin
[roslaunch][INFO] 2022-02-14 13:36:24,541: [sensor/process_tactile_pressure-3] process has finished cleanly
log file: /home/ros/.ros/log/1755c4a8-8d9b-11ec-a487-7c507959f385/sensor-process_tactile_pressure-3*.log
[roslaunch.pmon][INFO] 2022-02-14 13:36:24,542: ProcessMonitor.unregister[sensor/process_tactile_pressure-3] starting
[roslaunch.pmon][INFO] 2022-02-14 13:36:24,546: ProcessMonitor.unregister[sensor/process_tactile_pressure-3] complete
[roslaunch.pmon][INFO] 2022-02-14 13:36:29,456: ProcessMonitor.shutdown <ProcessMonitor(ProcessMonitor-1, started daemon 139999107184384)>
[roslaunch.pmon][INFO] 2022-02-14 13:36:29,458: ProcessMonitor._post_run <ProcessMonitor(ProcessMonitor-1, started daemon 139999107184384)>
[roslaunch.pmon][INFO] 2022-02-14 13:36:29,458: ProcessMonitor._post_run <ProcessMonitor(ProcessMonitor-1, started daemon 139999107184384)>: remaining procs are [<roslaunch.nodeprocess.LocalProcess object at 0x7f5415378d10>, <roslaunch.nodeprocess.LocalProcess object at 0x7f541581f350>, <roslaunch.nodeprocess.LocalProcess object at 0x7f541590a190>]
[roslaunch.pmon][INFO] 2022-02-14 13:36:29,459: ProcessMonitor exit: killing sensor/tactile_pressure-2
[roslaunch][INFO] 2022-02-14 13:36:29,459: [sensor/tactile_pressure-2] killing on exit
[roslaunch][INFO] 2022-02-14 13:36:29,459: process[sensor/tactile_pressure-2]: killing os process with pid[711] pgid[711]
[roslaunch][INFO] 2022-02-14 13:36:29,460: [sensor/tactile_pressure-2] sending SIGINT to pgid [711]
[roslaunch][INFO] 2022-02-14 13:36:29,460: [sensor/tactile_pressure-2] sent SIGINT to pgid [711]
[roslaunch][INFO] 2022-02-14 13:36:29,661: process[sensor/tactile_pressure-2]: SIGINT killed with return value 0
[roslaunch.pmon][INFO] 2022-02-14 13:36:29,662: ProcessMonitor exit: killing rosout-1
[roslaunch][INFO] 2022-02-14 13:36:29,662: [rosout-1] killing on exit
[roslaunch][INFO] 2022-02-14 13:36:29,662: process[rosout-1]: killing os process with pid[708] pgid[708]
[roslaunch][INFO] 2022-02-14 13:36:29,662: [rosout-1] sending SIGINT to pgid [708]
[roslaunch][INFO] 2022-02-14 13:36:29,662: [rosout-1] sent SIGINT to pgid [708]
[roslaunch][INFO] 2022-02-14 13:36:29,763: process[rosout-1]: SIGINT killed with return value 0
[roslaunch.pmon][INFO] 2022-02-14 13:36:29,763: ProcessMonitor exit: killing master
[roslaunch][INFO] 2022-02-14 13:36:29,763: [master] killing on exit
[roslaunch][INFO] 2022-02-14 13:36:29,764: process[master]: killing os process with pid[697] pgid[697]
[roslaunch][INFO] 2022-02-14 13:36:29,764: [master] sending SIGINT to pgid [697]
[roslaunch][INFO] 2022-02-14 13:36:29,764: [master] sent SIGINT to pgid [697]
[roslaunch][INFO] 2022-02-14 13:36:29,965: process[master]: SIGINT killed with return value 0
[roslaunch.pmon][INFO] 2022-02-14 13:36:29,965: ProcessMonitor exit: cleaning up data structures and signals
[roslaunch.pmon][INFO] 2022-02-14 13:36:29,965: ProcessMonitor exit: pmon has shutdown
[roslaunch][INFO] 2022-02-14 13:36:29,972: process monitor is done spinning, initiating full shutdown
[roslaunch][INFO] 2022-02-14 13:36:29,972: runner.stop()
[roslaunch][INFO] 2022-02-14 13:36:29,973: shutting down processing monitor...
[roslaunch][INFO] 2022-02-14 13:36:29,973: shutting down processing monitor <ProcessMonitor(ProcessMonitor-1, stopped daemon 139999107184384)>
[roslaunch.pmon][INFO] 2022-02-14 13:36:29,973: ProcessMonitor.shutdown <ProcessMonitor(ProcessMonitor-1, stopped daemon 139999107184384)>
[roslaunch][INFO] 2022-02-14 13:36:29,973: ... shutting down processing monitor complete
[roslaunch][INFO] 2022-02-14 13:36:29,973: done
[roslaunch.pmon][INFO] 2022-02-14 13:36:29,973: ProcessMonitor.shutdown <ProcessMonitor(ProcessMonitor-1, stopped daemon 139999107184384)>
[rospy.core][INFO] 2022-02-14 13:36:29,974: signal_shutdown [atexit]
