[rospy.client][INFO] 2022-02-14 13:36:20,473: init_node, name[/sensor/tactile_pressure], pid[711]
[xmlrpc][INFO] 2022-02-14 13:36:20,473: XML-RPC server binding to 0.0.0.0:0
[xmlrpc][INFO] 2022-02-14 13:36:20,473: Started XML-RPC server [http://FM00351-u:36359/]
[rospy.init][INFO] 2022-02-14 13:36:20,473: ROS Slave URI: [http://FM00351-u:36359/]
[rospy.impl.masterslave][INFO] 2022-02-14 13:36:20,473: _ready: http://FM00351-u:36359/
[xmlrpc][INFO] 2022-02-14 13:36:20,474: xml rpc node: starting XML-RPC server
[rospy.registration][INFO] 2022-02-14 13:36:20,474: Registering with master node http://localhost:11311
[rospy.init][INFO] 2022-02-14 13:36:20,574: registered with master
[rospy.rosout][INFO] 2022-02-14 13:36:20,574: initializing /rosout core topic
[rospy.rosout][INFO] 2022-02-14 13:36:20,580: connected to core topic /rosout
[rospy.simtime][INFO] 2022-02-14 13:36:20,581: /use_sim_time is not set, will not subscribe to simulated time [/clock] topic
[rosout][INFO] 2022-02-14 13:36:20,586: ROS Serial Python Node
[rosout][INFO] 2022-02-14 13:36:20,588: Connecting to /dev/ttyACM0 at 57600 baud
[rosout][ERROR] 2022-02-14 13:36:20,590: Error opening serial: [Errno 21] could not open port /dev/ttyACM0: [Errno 21] Is a directory: '/dev/ttyACM0'
[rospy.internal][INFO] 2022-02-14 13:36:20,902: topic[/rosout] adding connection to [/rosout], count 0
[rosout][ERROR] 2022-02-14 13:36:23,592: Error opening serial: [Errno 21] could not open port /dev/ttyACM0: [Errno 21] Is a directory: '/dev/ttyACM0'
[rosout][ERROR] 2022-02-14 13:36:26,596: Error opening serial: [Errno 21] could not open port /dev/ttyACM0: [Errno 21] Is a directory: '/dev/ttyACM0'
[rospy.core][INFO] 2022-02-14 13:36:29,460: signal_shutdown [signal-2]
[rospy.internal][INFO] 2022-02-14 13:36:29,462: topic[/rosout] removing connection to /rosout
[rospy.impl.masterslave][INFO] 2022-02-14 13:36:29,462: signal-2
[rospy.core][INFO] 2022-02-14 13:36:29,595: signal_shutdown [atexit]
