[roslaunch][INFO] 2021-12-21 12:07:46,531: Checking log directory for disk usage. This may take a while.
Press Ctrl-C to interrupt
[roslaunch][INFO] 2021-12-21 12:07:46,533: Done checking log file disk usage. Usage is <1GB.
[roslaunch][INFO] 2021-12-21 12:07:46,533: roslaunch starting with args ['/opt/ros/melodic/bin/roslaunch', 'tactile_pressure_sensor', 'run_tactile_pressure.launch']
[roslaunch][INFO] 2021-12-21 12:07:46,533: roslaunch env is {'ROS_DISTRO': 'melodic', 'ROSLISP_PACKAGE_DIRECTORIES': '/home/ros/catkin_ws/devel/share/common-lisp', 'HOME': '/home/ros', 'PATH': '/opt/ros/melodic/bin:/usr/local/sbin:/usr/local/bin:/usr/sbin:/usr/bin:/sbin:/bin', 'ROS_PACKAGE_PATH': '/home/ros/catkin_ws/src:/opt/ros/melodic/share', 'CMAKE_PREFIX_PATH': '/home/ros/catkin_ws/devel:/opt/ros/melodic', 'LD_LIBRARY_PATH': '/home/ros/catkin_ws/devel/lib:/opt/ros/melodic/lib', 'LANG': 'C.UTF-8', 'TERM': 'xterm', 'ROS_LOG_FILENAME': '/home/ros/.ros/log/9bf8529a-6256-11ec-8d88-7c507959f385/roslaunch-FM00351-u-526.log', 'SHLVL': '1', 'DISPLAY': ':0', 'UNAME': 'ros', 'ROS_MASTER_URI': 'http://localhost:11311', 'ROS_PYTHON_VERSION': '2', 'PYTHONPATH': '/home/ros/catkin_ws/devel/lib/python2.7/dist-packages:/opt/ros/melodic/lib/python2.7/dist-packages', 'QT_X11_NO_MITSHM': '1', 'ROS_ROOT': '/opt/ros/melodic/share/ros', 'PKG_CONFIG_PATH': '/home/ros/catkin_ws/devel/lib/pkgconfig:/opt/ros/melodic/lib/pkgconfig', 'LC_ALL': 'C.UTF-8', '_': '/opt/ros/melodic/bin/roslaunch', 'OLDPWD': '/home/ros', 'HOSTNAME': 'FM00351-u', 'PWD': '/home/ros/catkin_ws', 'ROS_ETC_DIR': '/opt/ros/melodic/etc/ros', 'ROS_VERSION': '1'}
[roslaunch][INFO] 2021-12-21 12:07:46,533: starting in server mode
[roslaunch.parent][INFO] 2021-12-21 12:07:46,534: starting roslaunch parent run
[roslaunch][INFO] 2021-12-21 12:07:46,534: loading roscore config file /opt/ros/melodic/etc/ros/roscore.xml
[roslaunch][INFO] 2021-12-21 12:07:46,743: Added core node of type [rosout/rosout] in namespace [/]
[roslaunch.config][INFO] 2021-12-21 12:07:46,743: loading config file /home/ros/catkin_ws/src/tactile_pressure_sensor/launch/run_tactile_pressure.launch
[roslaunch][INFO] 2021-12-21 12:07:46,743: Added node of type [rosserial_arduino/serial_node.py] in namespace [/sensor/]
[roslaunch][INFO] 2021-12-21 12:07:46,743: Added node of type [tactile_pressure_sensor/pressure_LocAndForceEstimation.py] in namespace [/sensor/]
[roslaunch][INFO] 2021-12-21 12:07:46,744: ... selected machine [] for node of type [rosserial_arduino/serial_node.py]
[roslaunch][INFO] 2021-12-21 12:07:46,744: ... selected machine [] for node of type [tactile_pressure_sensor/pressure_LocAndForceEstimation.py]
[roslaunch.pmon][INFO] 2021-12-21 12:07:46,744: start_process_monitor: creating ProcessMonitor
[roslaunch.pmon][INFO] 2021-12-21 12:07:46,744: created process monitor <ProcessMonitor(ProcessMonitor-1, initial daemon)>
[roslaunch.pmon][INFO] 2021-12-21 12:07:46,745: start_process_monitor: ProcessMonitor started
[roslaunch.parent][INFO] 2021-12-21 12:07:46,745: starting parent XML-RPC server
[roslaunch.server][INFO] 2021-12-21 12:07:46,745: starting roslaunch XML-RPC server
[roslaunch.server][INFO] 2021-12-21 12:07:46,745: waiting for roslaunch XML-RPC server to initialize
[xmlrpc][INFO] 2021-12-21 12:07:46,746: XML-RPC server binding to 0.0.0.0:0
[xmlrpc][INFO] 2021-12-21 12:07:46,746: Started XML-RPC server [http://FM00351-u:33183/]
[xmlrpc][INFO] 2021-12-21 12:07:46,746: xml rpc node: starting XML-RPC server
[roslaunch][INFO] 2021-12-21 12:07:46,757: started roslaunch server http://FM00351-u:33183/
[roslaunch.parent][INFO] 2021-12-21 12:07:46,757: ... parent XML-RPC server started
[roslaunch][INFO] 2021-12-21 12:07:46,757: master.is_running[http://localhost:11311]
[roslaunch][INFO] 2021-12-21 12:07:46,757: auto-starting new master
[roslaunch][INFO] 2021-12-21 12:07:46,757: create_master_process: rosmaster, /opt/ros/melodic/share/ros, 11311, 3, None, False
[roslaunch][INFO] 2021-12-21 12:07:46,757: process[master]: launching with args [['rosmaster', '--core', '-p', '11311', '-w', '3']]
[roslaunch.pmon][INFO] 2021-12-21 12:07:46,757: ProcessMonitor.register[master]
[roslaunch.pmon][INFO] 2021-12-21 12:07:46,758: ProcessMonitor.register[master] complete
[roslaunch][INFO] 2021-12-21 12:07:46,758: process[master]: starting os process
[roslaunch][INFO] 2021-12-21 12:07:46,758: process[master]: start w/ args [['rosmaster', '--core', '-p', '11311', '-w', '3', '__log:=/home/ros/.ros/log/9bf8529a-6256-11ec-8d88-7c507959f385/master.log']]
[roslaunch][INFO] 2021-12-21 12:07:46,758: process[master]: cwd will be [/home/ros/.ros]
[roslaunch][INFO] 2021-12-21 12:07:46,829: process[master]: started with pid [536]
[roslaunch][INFO] 2021-12-21 12:07:46,829: master.is_running[http://localhost:11311]
[roslaunch][INFO] 2021-12-21 12:07:46,930: master.is_running[http://localhost:11311]
[roslaunch][INFO] 2021-12-21 12:07:47,030: master.is_running[http://localhost:11311]
[roslaunch][INFO] 2021-12-21 12:07:47,034: master.is_running[http://localhost:11311]
[roslaunch][INFO] 2021-12-21 12:07:47,036: ROS_MASTER_URI=http://localhost:11311
[roslaunch][INFO] 2021-12-21 12:07:47,038: setting /run_id to 9bf8529a-6256-11ec-8d88-7c507959f385
[roslaunch][INFO] 2021-12-21 12:07:47,039: setting /roslaunch/uris/host_fm00351_u__33183' to http://FM00351-u:33183/
[roslaunch][INFO] 2021-12-21 12:07:47,042: ... preparing to launch node of type [rosout/rosout]
[roslaunch][INFO] 2021-12-21 12:07:47,042: create_node_process: package[rosout] type[rosout] machine[Machine(name[] env_loader[None] address[localhost] ssh_port[22] user[None] assignable[True] timeout[10.0])] master_uri[http://localhost:11311]
[roslaunch][INFO] 2021-12-21 12:07:47,042: process[rosout-1]: env[{'ROS_DISTRO': 'melodic', 'ROSLISP_PACKAGE_DIRECTORIES': '/home/ros/catkin_ws/devel/share/common-lisp', 'LD_LIBRARY_PATH': '/home/ros/catkin_ws/devel/lib:/opt/ros/melodic/lib', 'ROS_PACKAGE_PATH': '/home/ros/catkin_ws/src:/opt/ros/melodic/share', 'PATH': '/opt/ros/melodic/bin:/usr/local/sbin:/usr/local/bin:/usr/sbin:/usr/bin:/sbin:/bin', 'CMAKE_PREFIX_PATH': '/home/ros/catkin_ws/devel:/opt/ros/melodic', 'ROS_LOG_FILENAME': '/home/ros/.ros/log/9bf8529a-6256-11ec-8d88-7c507959f385/roslaunch-FM00351-u-526.log', 'LANG': 'C.UTF-8', 'TERM': 'xterm', 'SHLVL': '1', 'DISPLAY': ':0', 'UNAME': 'ros', 'ROS_ETC_DIR': '/opt/ros/melodic/etc/ros', 'HOME': '/home/ros', 'ROS_PYTHON_VERSION': '2', 'PYTHONPATH': '/home/ros/catkin_ws/devel/lib/python2.7/dist-packages:/opt/ros/melodic/lib/python2.7/dist-packages', 'QT_X11_NO_MITSHM': '1', 'ROS_ROOT': '/opt/ros/melodic/share/ros', 'PKG_CONFIG_PATH': '/home/ros/catkin_ws/devel/lib/pkgconfig:/opt/ros/melodic/lib/pkgconfig', 'LC_ALL': 'C.UTF-8', '_': '/opt/ros/melodic/bin/roslaunch', 'OLDPWD': '/home/ros', 'HOSTNAME': 'FM00351-u', 'PWD': '/home/ros/catkin_ws', 'ROS_MASTER_URI': 'http://localhost:11311', 'ROS_VERSION': '1'}]
[roslaunch][INFO] 2021-12-21 12:07:47,063: process[rosout-1]: args[[u'/opt/ros/melodic/lib/rosout/rosout', u'__name:=rosout']]
[roslaunch][INFO] 2021-12-21 12:07:47,063: ... created process [rosout-1]
[roslaunch.pmon][INFO] 2021-12-21 12:07:47,063: ProcessMonitor.register[rosout-1]
[roslaunch.pmon][INFO] 2021-12-21 12:07:47,063: ProcessMonitor.register[rosout-1] complete
[roslaunch][INFO] 2021-12-21 12:07:47,063: ... registered process [rosout-1]
[roslaunch][INFO] 2021-12-21 12:07:47,063: process[rosout-1]: starting os process
[roslaunch][INFO] 2021-12-21 12:07:47,063: process[rosout-1]: start w/ args [[u'/opt/ros/melodic/lib/rosout/rosout', u'__name:=rosout', u'__log:=/home/ros/.ros/log/9bf8529a-6256-11ec-8d88-7c507959f385/rosout-1.log']]
[roslaunch][INFO] 2021-12-21 12:07:47,063: process[rosout-1]: cwd will be [/home/ros/.ros]
[roslaunch][INFO] 2021-12-21 12:07:47,129: process[rosout-1]: started with pid [547]
[roslaunch][INFO] 2021-12-21 12:07:47,129: ... successfully launched [rosout-1]
[roslaunch][INFO] 2021-12-21 12:07:47,129: load_parameters starting ...
[roslaunch][INFO] 2021-12-21 12:07:47,133: ... load_parameters complete
[roslaunch][INFO] 2021-12-21 12:07:47,133: launch_nodes: launching local nodes ...
[roslaunch][INFO] 2021-12-21 12:07:47,133: ... preparing to launch node of type [rosserial_arduino/serial_node.py]
[roslaunch][INFO] 2021-12-21 12:07:47,133: create_node_process: package[rosserial_arduino] type[serial_node.py] machine[Machine(name[] env_loader[None] address[localhost] ssh_port[22] user[None] assignable[True] timeout[10.0])] master_uri[http://localhost:11311]
[roslaunch][INFO] 2021-12-21 12:07:47,134: process[sensor/tactile_pressure-2]: env[{'ROS_DISTRO': 'melodic', 'ROSLISP_PACKAGE_DIRECTORIES': '/home/ros/catkin_ws/devel/share/common-lisp', 'LD_LIBRARY_PATH': '/home/ros/catkin_ws/devel/lib:/opt/ros/melodic/lib', 'ROS_PACKAGE_PATH': '/home/ros/catkin_ws/src:/opt/ros/melodic/share', 'PATH': '/opt/ros/melodic/bin:/usr/local/sbin:/usr/local/bin:/usr/sbin:/usr/bin:/sbin:/bin', 'CMAKE_PREFIX_PATH': '/home/ros/catkin_ws/devel:/opt/ros/melodic', 'ROS_LOG_FILENAME': '/home/ros/.ros/log/9bf8529a-6256-11ec-8d88-7c507959f385/roslaunch-FM00351-u-526.log', 'LANG': 'C.UTF-8', 'TERM': 'xterm', 'SHLVL': '1', 'DISPLAY': ':0', 'UNAME': 'ros', 'ROS_ETC_DIR': '/opt/ros/melodic/etc/ros', 'HOME': '/home/ros', 'ROS_PYTHON_VERSION': '2', 'PYTHONPATH': '/home/ros/catkin_ws/devel/lib/python2.7/dist-packages:/opt/ros/melodic/lib/python2.7/dist-packages', 'QT_X11_NO_MITSHM': '1', 'ROS_ROOT': '/opt/ros/melodic/share/ros', 'PKG_CONFIG_PATH': '/home/ros/catkin_ws/devel/lib/pkgconfig:/opt/ros/melodic/lib/pkgconfig', 'LC_ALL': 'C.UTF-8', 'ROS_NAMESPACE': '/sensor', '_': '/opt/ros/melodic/bin/roslaunch', 'OLDPWD': '/home/ros', 'HOSTNAME': 'FM00351-u', 'PWD': '/home/ros/catkin_ws', 'ROS_MASTER_URI': 'http://localhost:11311', 'ROS_VERSION': '1'}]
[roslaunch][INFO] 2021-12-21 12:07:47,135: process[sensor/tactile_pressure-2]: args[[u'/opt/ros/melodic/share/rosserial_arduino/serial_node.py', u'/sensor/Pressure:=/sensor/pressure_data', u'__name:=tactile_pressure']]
[roslaunch][INFO] 2021-12-21 12:07:47,136: ... created process [sensor/tactile_pressure-2]
[roslaunch.pmon][INFO] 2021-12-21 12:07:47,136: ProcessMonitor.register[sensor/tactile_pressure-2]
[roslaunch.pmon][INFO] 2021-12-21 12:07:47,136: ProcessMonitor.register[sensor/tactile_pressure-2] complete
[roslaunch][INFO] 2021-12-21 12:07:47,136: ... registered process [sensor/tactile_pressure-2]
[roslaunch][INFO] 2021-12-21 12:07:47,136: process[sensor/tactile_pressure-2]: starting os process
[roslaunch][INFO] 2021-12-21 12:07:47,136: process[sensor/tactile_pressure-2]: start w/ args [[u'/opt/ros/melodic/share/rosserial_arduino/serial_node.py', u'/sensor/Pressure:=/sensor/pressure_data', u'__name:=tactile_pressure', u'__log:=/home/ros/.ros/log/9bf8529a-6256-11ec-8d88-7c507959f385/sensor-tactile_pressure-2.log']]
[roslaunch][INFO] 2021-12-21 12:07:47,136: process[sensor/tactile_pressure-2]: cwd will be [/home/ros/.ros]
[roslaunch][INFO] 2021-12-21 12:07:47,204: process[sensor/tactile_pressure-2]: started with pid [553]
[roslaunch][INFO] 2021-12-21 12:07:47,204: ... successfully launched [sensor/tactile_pressure-2]
[roslaunch][INFO] 2021-12-21 12:07:47,204: ... preparing to launch node of type [tactile_pressure_sensor/pressure_LocAndForceEstimation.py]
[roslaunch][INFO] 2021-12-21 12:07:47,204: create_node_process: package[tactile_pressure_sensor] type[pressure_LocAndForceEstimation.py] machine[Machine(name[] env_loader[None] address[localhost] ssh_port[22] user[None] assignable[True] timeout[10.0])] master_uri[http://localhost:11311]
[roslaunch][INFO] 2021-12-21 12:07:47,204: process[sensor/process_tactile_pressure-3]: env[{'ROS_DISTRO': 'melodic', 'ROSLISP_PACKAGE_DIRECTORIES': '/home/ros/catkin_ws/devel/share/common-lisp', 'LD_LIBRARY_PATH': '/home/ros/catkin_ws/devel/lib:/opt/ros/melodic/lib', 'ROS_PACKAGE_PATH': '/home/ros/catkin_ws/src:/opt/ros/melodic/share', 'PATH': '/opt/ros/melodic/bin:/usr/local/sbin:/usr/local/bin:/usr/sbin:/usr/bin:/sbin:/bin', 'CMAKE_PREFIX_PATH': '/home/ros/catkin_ws/devel:/opt/ros/melodic', 'ROS_LOG_FILENAME': '/home/ros/.ros/log/9bf8529a-6256-11ec-8d88-7c507959f385/roslaunch-FM00351-u-526.log', 'LANG': 'C.UTF-8', 'TERM': 'xterm', 'SHLVL': '1', 'DISPLAY': ':0', 'UNAME': 'ros', 'ROS_ETC_DIR': '/opt/ros/melodic/etc/ros', 'HOME': '/home/ros', 'ROS_PYTHON_VERSION': '2', 'PYTHONPATH': '/home/ros/catkin_ws/devel/lib/python2.7/dist-packages:/opt/ros/melodic/lib/python2.7/dist-packages', 'QT_X11_NO_MITSHM': '1', 'ROS_ROOT': '/opt/ros/melodic/share/ros', 'PKG_CONFIG_PATH': '/home/ros/catkin_ws/devel/lib/pkgconfig:/opt/ros/melodic/lib/pkgconfig', 'LC_ALL': 'C.UTF-8', 'ROS_NAMESPACE': '/sensor', '_': '/opt/ros/melodic/bin/roslaunch', 'OLDPWD': '/home/ros', 'HOSTNAME': 'FM00351-u', 'PWD': '/home/ros/catkin_ws', 'ROS_MASTER_URI': 'http://localhost:11311', 'ROS_VERSION': '1'}]
[roslaunch][INFO] 2021-12-21 12:07:47,205: process[sensor/process_tactile_pressure-3]: args[[u'/home/ros/catkin_ws/src/tactile_pressure_sensor/src/pressure_LocAndForceEstimation.py', u'/sensor/pressure_data:=/sensor/pressure_data', u'estimated_ForceAndLoc:=/sensor/estimated_ForceAndLoc', u'__name:=process_tactile_pressure']]
[roslaunch][INFO] 2021-12-21 12:07:47,205: ... created process [sensor/process_tactile_pressure-3]
[roslaunch.pmon][INFO] 2021-12-21 12:07:47,205: ProcessMonitor.register[sensor/process_tactile_pressure-3]
[roslaunch.pmon][INFO] 2021-12-21 12:07:47,205: ProcessMonitor.register[sensor/process_tactile_pressure-3] complete
[roslaunch][INFO] 2021-12-21 12:07:47,205: ... registered process [sensor/process_tactile_pressure-3]
[roslaunch][INFO] 2021-12-21 12:07:47,205: process[sensor/process_tactile_pressure-3]: starting os process
[roslaunch][INFO] 2021-12-21 12:07:47,205: process[sensor/process_tactile_pressure-3]: start w/ args [[u'/home/ros/catkin_ws/src/tactile_pressure_sensor/src/pressure_LocAndForceEstimation.py', u'/sensor/pressure_data:=/sensor/pressure_data', u'estimated_ForceAndLoc:=/sensor/estimated_ForceAndLoc', u'__name:=process_tactile_pressure', u'__log:=/home/ros/.ros/log/9bf8529a-6256-11ec-8d88-7c507959f385/sensor-process_tactile_pressure-3.log']]
[roslaunch][INFO] 2021-12-21 12:07:47,205: process[sensor/process_tactile_pressure-3]: cwd will be [/home/ros/.ros]
[roslaunch][INFO] 2021-12-21 12:07:47,275: process[sensor/process_tactile_pressure-3]: started with pid [555]
[roslaunch][INFO] 2021-12-21 12:07:47,275: ... successfully launched [sensor/process_tactile_pressure-3]
[roslaunch][INFO] 2021-12-21 12:07:47,275: ... launch_nodes complete
[roslaunch.pmon][INFO] 2021-12-21 12:07:47,275: registrations completed <ProcessMonitor(ProcessMonitor-1, started daemon 139891147785984)>
[roslaunch.parent][INFO] 2021-12-21 12:07:47,275: ... roslaunch parent running, waiting for process exit
[roslaunch][INFO] 2021-12-21 12:07:47,275: spin
[roslaunch][INFO] 2021-12-21 12:07:51,458: [sensor/process_tactile_pressure-3] process has finished cleanly
log file: /home/ros/.ros/log/9bf8529a-6256-11ec-8d88-7c507959f385/sensor-process_tactile_pressure-3*.log
[roslaunch.pmon][INFO] 2021-12-21 12:07:51,458: ProcessMonitor.unregister[sensor/process_tactile_pressure-3] starting
[roslaunch.pmon][INFO] 2021-12-21 12:07:51,458: ProcessMonitor.unregister[sensor/process_tactile_pressure-3] complete
[roslaunch.pmon][INFO] 2021-12-21 12:07:53,802: ProcessMonitor.shutdown <ProcessMonitor(ProcessMonitor-1, started daemon 139891147785984)>
[roslaunch.pmon][INFO] 2021-12-21 12:07:53,866: ProcessMonitor._post_run <ProcessMonitor(ProcessMonitor-1, started daemon 139891147785984)>
[roslaunch.pmon][INFO] 2021-12-21 12:07:53,866: ProcessMonitor._post_run <ProcessMonitor(ProcessMonitor-1, started daemon 139891147785984)>: remaining procs are [<roslaunch.nodeprocess.LocalProcess object at 0x7f3af2a5fc90>, <roslaunch.nodeprocess.LocalProcess object at 0x7f3af24c2050>, <roslaunch.nodeprocess.LocalProcess object at 0x7f3af2a5c310>]
[roslaunch.pmon][INFO] 2021-12-21 12:07:53,867: ProcessMonitor exit: killing sensor/tactile_pressure-2
[roslaunch][INFO] 2021-12-21 12:07:53,868: [sensor/tactile_pressure-2] killing on exit
[roslaunch][INFO] 2021-12-21 12:07:53,868: process[sensor/tactile_pressure-2]: killing os process with pid[553] pgid[553]
[roslaunch][INFO] 2021-12-21 12:07:53,869: [sensor/tactile_pressure-2] sending SIGINT to pgid [553]
[roslaunch][INFO] 2021-12-21 12:07:53,869: [sensor/tactile_pressure-2] sent SIGINT to pgid [553]
[roslaunch][INFO] 2021-12-21 12:07:54,071: process[sensor/tactile_pressure-2]: SIGINT killed with return value 0
[roslaunch.pmon][INFO] 2021-12-21 12:07:54,072: ProcessMonitor exit: killing rosout-1
[roslaunch][INFO] 2021-12-21 12:07:54,072: [rosout-1] killing on exit
[roslaunch][INFO] 2021-12-21 12:07:54,072: process[rosout-1]: killing os process with pid[547] pgid[547]
[roslaunch][INFO] 2021-12-21 12:07:54,072: [rosout-1] sending SIGINT to pgid [547]
[roslaunch][INFO] 2021-12-21 12:07:54,072: [rosout-1] sent SIGINT to pgid [547]
[roslaunch][INFO] 2021-12-21 12:07:54,273: process[rosout-1]: SIGINT killed with return value 0
[roslaunch.pmon][INFO] 2021-12-21 12:07:54,273: ProcessMonitor exit: killing master
[roslaunch][INFO] 2021-12-21 12:07:54,273: [master] killing on exit
[roslaunch][INFO] 2021-12-21 12:07:54,274: process[master]: killing os process with pid[536] pgid[536]
[roslaunch][INFO] 2021-12-21 12:07:54,274: [master] sending SIGINT to pgid [536]
[roslaunch][INFO] 2021-12-21 12:07:54,274: [master] sent SIGINT to pgid [536]
[roslaunch][INFO] 2021-12-21 12:07:54,475: process[master]: SIGINT killed with return value 0
[roslaunch.pmon][INFO] 2021-12-21 12:07:54,475: ProcessMonitor exit: cleaning up data structures and signals
[roslaunch.pmon][INFO] 2021-12-21 12:07:54,475: ProcessMonitor exit: pmon has shutdown
[roslaunch][INFO] 2021-12-21 12:07:54,519: process monitor is done spinning, initiating full shutdown
[roslaunch][INFO] 2021-12-21 12:07:54,519: runner.stop()
[roslaunch][INFO] 2021-12-21 12:07:54,520: shutting down processing monitor...
[roslaunch][INFO] 2021-12-21 12:07:54,520: shutting down processing monitor <ProcessMonitor(ProcessMonitor-1, stopped daemon 139891147785984)>
[roslaunch.pmon][INFO] 2021-12-21 12:07:54,520: ProcessMonitor.shutdown <ProcessMonitor(ProcessMonitor-1, stopped daemon 139891147785984)>
[roslaunch][INFO] 2021-12-21 12:07:54,520: ... shutting down processing monitor complete
[roslaunch][INFO] 2021-12-21 12:07:54,520: done
[roslaunch.pmon][INFO] 2021-12-21 12:07:54,520: ProcessMonitor.shutdown <ProcessMonitor(ProcessMonitor-1, stopped daemon 139891147785984)>
[rospy.core][INFO] 2021-12-21 12:07:54,521: signal_shutdown [atexit]
