[roslaunch][INFO] 2022-02-14 13:35:20,087: Checking log directory for disk usage. This may take a while.
Press Ctrl-C to interrupt
[roslaunch][INFO] 2022-02-14 13:35:20,090: Done checking log file disk usage. Usage is <1GB.
[roslaunch][INFO] 2022-02-14 13:35:20,090: roslaunch starting with args ['/opt/ros/melodic/bin/roslaunch', 'tactile_pressure_sensor', 'run_tactile_pressure.launch']
[roslaunch][INFO] 2022-02-14 13:35:20,090: roslaunch env is {'ROS_DISTRO': 'melodic', 'ROSLISP_PACKAGE_DIRECTORIES': '/home/ros/catkin_ws/devel/share/common-lisp', 'HOME': '/home/ros', 'PATH': '/opt/ros/melodic/bin:/usr/local/sbin:/usr/local/bin:/usr/sbin:/usr/bin:/sbin:/bin', 'ROS_PACKAGE_PATH': '/home/ros/catkin_ws/src:/opt/ros/melodic/share', 'CMAKE_PREFIX_PATH': '/home/ros/catkin_ws/devel:/opt/ros/melodic', 'LD_LIBRARY_PATH': '/home/ros/catkin_ws/devel/lib:/opt/ros/melodic/lib', 'LANG': 'C.UTF-8', 'TERM': 'xterm', 'ROS_LOG_FILENAME': '/home/ros/.ros/log/f4066e3a-8d9a-11ec-9178-7c507959f385/roslaunch-FM00351-u-509.log', 'SHLVL': '1', 'DISPLAY': ':0', 'UNAME': 'ros', 'ROS_MASTER_URI': 'http://localhost:11311', 'ROS_PYTHON_VERSION': '2', 'PYTHONPATH': '/home/ros/catkin_ws/devel/lib/python2.7/dist-packages:/opt/ros/melodic/lib/python2.7/dist-packages', 'QT_X11_NO_MITSHM': '1', 'ROS_ROOT': '/opt/ros/melodic/share/ros', 'PKG_CONFIG_PATH': '/home/ros/catkin_ws/devel/lib/pkgconfig:/opt/ros/melodic/lib/pkgconfig', 'LC_ALL': 'C.UTF-8', '_': '/opt/ros/melodic/bin/roslaunch', 'OLDPWD': '/home/ros', 'HOSTNAME': 'FM00351-u', 'PWD': '/home/ros/catkin_ws', 'ROS_ETC_DIR': '/opt/ros/melodic/etc/ros', 'ROS_VERSION': '1'}
[roslaunch][INFO] 2022-02-14 13:35:20,090: starting in server mode
[roslaunch.parent][INFO] 2022-02-14 13:35:20,091: starting roslaunch parent run
[roslaunch][INFO] 2022-02-14 13:35:20,091: loading roscore config file /opt/ros/melodic/etc/ros/roscore.xml
[roslaunch][INFO] 2022-02-14 13:35:20,387: Added core node of type [rosout/rosout] in namespace [/]
[roslaunch.config][INFO] 2022-02-14 13:35:20,387: loading config file /home/ros/catkin_ws/src/tactile_pressure_sensor/launch/run_tactile_pressure.launch
[roslaunch][INFO] 2022-02-14 13:35:20,387: Added node of type [rosserial_arduino/serial_node.py] in namespace [/sensor/]
[roslaunch][INFO] 2022-02-14 13:35:20,387: Added node of type [tactile_pressure_sensor/pressure_LocAndForceEstimation.py] in namespace [/sensor/]
[roslaunch][INFO] 2022-02-14 13:35:20,387: ... selected machine [] for node of type [rosserial_arduino/serial_node.py]
[roslaunch][INFO] 2022-02-14 13:35:20,387: ... selected machine [] for node of type [tactile_pressure_sensor/pressure_LocAndForceEstimation.py]
[roslaunch.pmon][INFO] 2022-02-14 13:35:20,388: start_process_monitor: creating ProcessMonitor
[roslaunch.pmon][INFO] 2022-02-14 13:35:20,388: created process monitor <ProcessMonitor(ProcessMonitor-1, initial daemon)>
[roslaunch.pmon][INFO] 2022-02-14 13:35:20,388: start_process_monitor: ProcessMonitor started
[roslaunch.parent][INFO] 2022-02-14 13:35:20,388: starting parent XML-RPC server
[roslaunch.server][INFO] 2022-02-14 13:35:20,388: starting roslaunch XML-RPC server
[roslaunch.server][INFO] 2022-02-14 13:35:20,388: waiting for roslaunch XML-RPC server to initialize
[xmlrpc][INFO] 2022-02-14 13:35:20,389: XML-RPC server binding to 0.0.0.0:0
[xmlrpc][INFO] 2022-02-14 13:35:20,389: Started XML-RPC server [http://FM00351-u:37959/]
[xmlrpc][INFO] 2022-02-14 13:35:20,389: xml rpc node: starting XML-RPC server
[roslaunch][INFO] 2022-02-14 13:35:20,400: started roslaunch server http://FM00351-u:37959/
[roslaunch.parent][INFO] 2022-02-14 13:35:20,400: ... parent XML-RPC server started
[roslaunch][INFO] 2022-02-14 13:35:20,401: master.is_running[http://localhost:11311]
[roslaunch][INFO] 2022-02-14 13:35:20,401: auto-starting new master
[roslaunch][INFO] 2022-02-14 13:35:20,401: create_master_process: rosmaster, /opt/ros/melodic/share/ros, 11311, 3, None, False
[roslaunch][INFO] 2022-02-14 13:35:20,401: process[master]: launching with args [['rosmaster', '--core', '-p', '11311', '-w', '3']]
[roslaunch.pmon][INFO] 2022-02-14 13:35:20,401: ProcessMonitor.register[master]
[roslaunch.pmon][INFO] 2022-02-14 13:35:20,401: ProcessMonitor.register[master] complete
[roslaunch][INFO] 2022-02-14 13:35:20,401: process[master]: starting os process
[roslaunch][INFO] 2022-02-14 13:35:20,401: process[master]: start w/ args [['rosmaster', '--core', '-p', '11311', '-w', '3', '__log:=/home/ros/.ros/log/f4066e3a-8d9a-11ec-9178-7c507959f385/master.log']]
[roslaunch][INFO] 2022-02-14 13:35:20,401: process[master]: cwd will be [/home/ros/.ros]
[roslaunch][INFO] 2022-02-14 13:35:20,467: process[master]: started with pid [519]
[roslaunch][INFO] 2022-02-14 13:35:20,467: master.is_running[http://localhost:11311]
[roslaunch][INFO] 2022-02-14 13:35:20,567: master.is_running[http://localhost:11311]
[roslaunch][INFO] 2022-02-14 13:35:20,668: master.is_running[http://localhost:11311]
[roslaunch][INFO] 2022-02-14 13:35:20,670: master.is_running[http://localhost:11311]
[roslaunch][INFO] 2022-02-14 13:35:20,671: ROS_MASTER_URI=http://localhost:11311
[roslaunch][INFO] 2022-02-14 13:35:20,672: setting /run_id to f4066e3a-8d9a-11ec-9178-7c507959f385
[roslaunch][INFO] 2022-02-14 13:35:20,674: setting /roslaunch/uris/host_fm00351_u__37959' to http://FM00351-u:37959/
[roslaunch][INFO] 2022-02-14 13:35:20,677: ... preparing to launch node of type [rosout/rosout]
[roslaunch][INFO] 2022-02-14 13:35:20,677: create_node_process: package[rosout] type[rosout] machine[Machine(name[] env_loader[None] address[localhost] ssh_port[22] user[None] assignable[True] timeout[10.0])] master_uri[http://localhost:11311]
[roslaunch][INFO] 2022-02-14 13:35:20,677: process[rosout-1]: env[{'ROS_DISTRO': 'melodic', 'ROSLISP_PACKAGE_DIRECTORIES': '/home/ros/catkin_ws/devel/share/common-lisp', 'LD_LIBRARY_PATH': '/home/ros/catkin_ws/devel/lib:/opt/ros/melodic/lib', 'ROS_PACKAGE_PATH': '/home/ros/catkin_ws/src:/opt/ros/melodic/share', 'PATH': '/opt/ros/melodic/bin:/usr/local/sbin:/usr/local/bin:/usr/sbin:/usr/bin:/sbin:/bin', 'CMAKE_PREFIX_PATH': '/home/ros/catkin_ws/devel:/opt/ros/melodic', 'ROS_LOG_FILENAME': '/home/ros/.ros/log/f4066e3a-8d9a-11ec-9178-7c507959f385/roslaunch-FM00351-u-509.log', 'LANG': 'C.UTF-8', 'TERM': 'xterm', 'SHLVL': '1', 'DISPLAY': ':0', 'UNAME': 'ros', 'ROS_ETC_DIR': '/opt/ros/melodic/etc/ros', 'HOME': '/home/ros', 'ROS_PYTHON_VERSION': '2', 'PYTHONPATH': '/home/ros/catkin_ws/devel/lib/python2.7/dist-packages:/opt/ros/melodic/lib/python2.7/dist-packages', 'QT_X11_NO_MITSHM': '1', 'ROS_ROOT': '/opt/ros/melodic/share/ros', 'PKG_CONFIG_PATH': '/home/ros/catkin_ws/devel/lib/pkgconfig:/opt/ros/melodic/lib/pkgconfig', 'LC_ALL': 'C.UTF-8', '_': '/opt/ros/melodic/bin/roslaunch', 'OLDPWD': '/home/ros', 'HOSTNAME': 'FM00351-u', 'PWD': '/home/ros/catkin_ws', 'ROS_MASTER_URI': 'http://localhost:11311', 'ROS_VERSION': '1'}]
[roslaunch][INFO] 2022-02-14 13:35:20,874: process[rosout-1]: args[[u'/opt/ros/melodic/lib/rosout/rosout', u'__name:=rosout']]
[roslaunch][INFO] 2022-02-14 13:35:20,874: ... created process [rosout-1]
[roslaunch.pmon][INFO] 2022-02-14 13:35:20,874: ProcessMonitor.register[rosout-1]
[roslaunch.pmon][INFO] 2022-02-14 13:35:20,874: ProcessMonitor.register[rosout-1] complete
[roslaunch][INFO] 2022-02-14 13:35:20,874: ... registered process [rosout-1]
[roslaunch][INFO] 2022-02-14 13:35:20,874: process[rosout-1]: starting os process
[roslaunch][INFO] 2022-02-14 13:35:20,874: process[rosout-1]: start w/ args [[u'/opt/ros/melodic/lib/rosout/rosout', u'__name:=rosout', u'__log:=/home/ros/.ros/log/f4066e3a-8d9a-11ec-9178-7c507959f385/rosout-1.log']]
[roslaunch][INFO] 2022-02-14 13:35:20,874: process[rosout-1]: cwd will be [/home/ros/.ros]
[roslaunch][INFO] 2022-02-14 13:35:20,938: process[rosout-1]: started with pid [530]
[roslaunch][INFO] 2022-02-14 13:35:20,939: ... successfully launched [rosout-1]
[roslaunch][INFO] 2022-02-14 13:35:20,939: load_parameters starting ...
[roslaunch][INFO] 2022-02-14 13:35:20,941: ... load_parameters complete
[roslaunch][INFO] 2022-02-14 13:35:20,941: launch_nodes: launching local nodes ...
[roslaunch][INFO] 2022-02-14 13:35:20,941: ... preparing to launch node of type [rosserial_arduino/serial_node.py]
[roslaunch][INFO] 2022-02-14 13:35:20,941: create_node_process: package[rosserial_arduino] type[serial_node.py] machine[Machine(name[] env_loader[None] address[localhost] ssh_port[22] user[None] assignable[True] timeout[10.0])] master_uri[http://localhost:11311]
[roslaunch][INFO] 2022-02-14 13:35:20,941: process[sensor/tactile_pressure-2]: env[{'ROS_DISTRO': 'melodic', 'ROSLISP_PACKAGE_DIRECTORIES': '/home/ros/catkin_ws/devel/share/common-lisp', 'LD_LIBRARY_PATH': '/home/ros/catkin_ws/devel/lib:/opt/ros/melodic/lib', 'ROS_PACKAGE_PATH': '/home/ros/catkin_ws/src:/opt/ros/melodic/share', 'PATH': '/opt/ros/melodic/bin:/usr/local/sbin:/usr/local/bin:/usr/sbin:/usr/bin:/sbin:/bin', 'CMAKE_PREFIX_PATH': '/home/ros/catkin_ws/devel:/opt/ros/melodic', 'ROS_LOG_FILENAME': '/home/ros/.ros/log/f4066e3a-8d9a-11ec-9178-7c507959f385/roslaunch-FM00351-u-509.log', 'LANG': 'C.UTF-8', 'TERM': 'xterm', 'SHLVL': '1', 'DISPLAY': ':0', 'UNAME': 'ros', 'ROS_ETC_DIR': '/opt/ros/melodic/etc/ros', 'HOME': '/home/ros', 'ROS_PYTHON_VERSION': '2', 'PYTHONPATH': '/home/ros/catkin_ws/devel/lib/python2.7/dist-packages:/opt/ros/melodic/lib/python2.7/dist-packages', 'QT_X11_NO_MITSHM': '1', 'ROS_ROOT': '/opt/ros/melodic/share/ros', 'PKG_CONFIG_PATH': '/home/ros/catkin_ws/devel/lib/pkgconfig:/opt/ros/melodic/lib/pkgconfig', 'LC_ALL': 'C.UTF-8', 'ROS_NAMESPACE': '/sensor', '_': '/opt/ros/melodic/bin/roslaunch', 'OLDPWD': '/home/ros', 'HOSTNAME': 'FM00351-u', 'PWD': '/home/ros/catkin_ws', 'ROS_MASTER_URI': 'http://localhost:11311', 'ROS_VERSION': '1'}]
[roslaunch][INFO] 2022-02-14 13:35:20,942: process[sensor/tactile_pressure-2]: args[[u'/home/ros/catkin_ws/src/rosserial/rosserial_arduino/nodes/serial_node.py', u'/sensor/Pressure:=/sensor/pressure_data', u'__name:=tactile_pressure']]
[roslaunch][INFO] 2022-02-14 13:35:20,942: ... created process [sensor/tactile_pressure-2]
[roslaunch.pmon][INFO] 2022-02-14 13:35:20,942: ProcessMonitor.register[sensor/tactile_pressure-2]
[roslaunch.pmon][INFO] 2022-02-14 13:35:20,942: ProcessMonitor.register[sensor/tactile_pressure-2] complete
[roslaunch][INFO] 2022-02-14 13:35:20,942: ... registered process [sensor/tactile_pressure-2]
[roslaunch][INFO] 2022-02-14 13:35:20,942: process[sensor/tactile_pressure-2]: starting os process
[roslaunch][INFO] 2022-02-14 13:35:20,942: process[sensor/tactile_pressure-2]: start w/ args [[u'/home/ros/catkin_ws/src/rosserial/rosserial_arduino/nodes/serial_node.py', u'/sensor/Pressure:=/sensor/pressure_data', u'__name:=tactile_pressure', u'__log:=/home/ros/.ros/log/f4066e3a-8d9a-11ec-9178-7c507959f385/sensor-tactile_pressure-2.log']]
[roslaunch][INFO] 2022-02-14 13:35:20,942: process[sensor/tactile_pressure-2]: cwd will be [/home/ros/.ros]
[roslaunch][INFO] 2022-02-14 13:35:21,007: process[sensor/tactile_pressure-2]: started with pid [533]
[roslaunch][INFO] 2022-02-14 13:35:21,007: ... successfully launched [sensor/tactile_pressure-2]
[roslaunch][INFO] 2022-02-14 13:35:21,008: ... preparing to launch node of type [tactile_pressure_sensor/pressure_LocAndForceEstimation.py]
[roslaunch][INFO] 2022-02-14 13:35:21,008: create_node_process: package[tactile_pressure_sensor] type[pressure_LocAndForceEstimation.py] machine[Machine(name[] env_loader[None] address[localhost] ssh_port[22] user[None] assignable[True] timeout[10.0])] master_uri[http://localhost:11311]
[roslaunch][INFO] 2022-02-14 13:35:21,008: process[sensor/process_tactile_pressure-3]: env[{'ROS_DISTRO': 'melodic', 'ROSLISP_PACKAGE_DIRECTORIES': '/home/ros/catkin_ws/devel/share/common-lisp', 'LD_LIBRARY_PATH': '/home/ros/catkin_ws/devel/lib:/opt/ros/melodic/lib', 'ROS_PACKAGE_PATH': '/home/ros/catkin_ws/src:/opt/ros/melodic/share', 'PATH': '/opt/ros/melodic/bin:/usr/local/sbin:/usr/local/bin:/usr/sbin:/usr/bin:/sbin:/bin', 'CMAKE_PREFIX_PATH': '/home/ros/catkin_ws/devel:/opt/ros/melodic', 'ROS_LOG_FILENAME': '/home/ros/.ros/log/f4066e3a-8d9a-11ec-9178-7c507959f385/roslaunch-FM00351-u-509.log', 'LANG': 'C.UTF-8', 'TERM': 'xterm', 'SHLVL': '1', 'DISPLAY': ':0', 'UNAME': 'ros', 'ROS_ETC_DIR': '/opt/ros/melodic/etc/ros', 'HOME': '/home/ros', 'ROS_PYTHON_VERSION': '2', 'PYTHONPATH': '/home/ros/catkin_ws/devel/lib/python2.7/dist-packages:/opt/ros/melodic/lib/python2.7/dist-packages', 'QT_X11_NO_MITSHM': '1', 'ROS_ROOT': '/opt/ros/melodic/share/ros', 'PKG_CONFIG_PATH': '/home/ros/catkin_ws/devel/lib/pkgconfig:/opt/ros/melodic/lib/pkgconfig', 'LC_ALL': 'C.UTF-8', 'ROS_NAMESPACE': '/sensor', '_': '/opt/ros/melodic/bin/roslaunch', 'OLDPWD': '/home/ros', 'HOSTNAME': 'FM00351-u', 'PWD': '/home/ros/catkin_ws', 'ROS_MASTER_URI': 'http://localhost:11311', 'ROS_VERSION': '1'}]
[roslaunch][INFO] 2022-02-14 13:35:21,008: process[sensor/process_tactile_pressure-3]: args[[u'/home/ros/catkin_ws/src/tactile_pressure_sensor/src/pressure_LocAndForceEstimation.py', u'/sensor/pressure_data:=/sensor/pressure_data', u'estimated_ForceAndLoc:=/sensor/estimated_ForceAndLoc', u'__name:=process_tactile_pressure']]
[roslaunch][INFO] 2022-02-14 13:35:21,008: ... created process [sensor/process_tactile_pressure-3]
[roslaunch.pmon][INFO] 2022-02-14 13:35:21,008: ProcessMonitor.register[sensor/process_tactile_pressure-3]
[roslaunch.pmon][INFO] 2022-02-14 13:35:21,008: ProcessMonitor.register[sensor/process_tactile_pressure-3] complete
[roslaunch][INFO] 2022-02-14 13:35:21,008: ... registered process [sensor/process_tactile_pressure-3]
[roslaunch][INFO] 2022-02-14 13:35:21,008: process[sensor/process_tactile_pressure-3]: starting os process
[roslaunch][INFO] 2022-02-14 13:35:21,009: process[sensor/process_tactile_pressure-3]: start w/ args [[u'/home/ros/catkin_ws/src/tactile_pressure_sensor/src/pressure_LocAndForceEstimation.py', u'/sensor/pressure_data:=/sensor/pressure_data', u'estimated_ForceAndLoc:=/sensor/estimated_ForceAndLoc', u'__name:=process_tactile_pressure', u'__log:=/home/ros/.ros/log/f4066e3a-8d9a-11ec-9178-7c507959f385/sensor-process_tactile_pressure-3.log']]
[roslaunch][INFO] 2022-02-14 13:35:21,009: process[sensor/process_tactile_pressure-3]: cwd will be [/home/ros/.ros]
[roslaunch][INFO] 2022-02-14 13:35:21,073: process[sensor/process_tactile_pressure-3]: started with pid [538]
[roslaunch][INFO] 2022-02-14 13:35:21,074: ... successfully launched [sensor/process_tactile_pressure-3]
[roslaunch][INFO] 2022-02-14 13:35:21,074: ... launch_nodes complete
[roslaunch.pmon][INFO] 2022-02-14 13:35:21,074: registrations completed <ProcessMonitor(ProcessMonitor-1, started daemon 140205531547392)>
[roslaunch.parent][INFO] 2022-02-14 13:35:21,074: ... roslaunch parent running, waiting for process exit
[roslaunch][INFO] 2022-02-14 13:35:21,074: spin
[roslaunch.pmon][INFO] 2022-02-14 13:35:23,676: ProcessMonitor.shutdown <ProcessMonitor(ProcessMonitor-1, started daemon 140205531547392)>
[roslaunch.pmon][INFO] 2022-02-14 13:35:23,697: ProcessMonitor._post_run <ProcessMonitor(ProcessMonitor-1, started daemon 140205531547392)>
[roslaunch.pmon][INFO] 2022-02-14 13:35:23,698: ProcessMonitor._post_run <ProcessMonitor(ProcessMonitor-1, started daemon 140205531547392)>: remaining procs are [<roslaunch.nodeprocess.LocalProcess object at 0x7f8425115d10>, <roslaunch.nodeprocess.LocalProcess object at 0x7f84255bc350>, <roslaunch.nodeprocess.LocalProcess object at 0x7f84256a7190>, <roslaunch.nodeprocess.LocalProcess object at 0x7f8425115f90>]
[roslaunch.pmon][INFO] 2022-02-14 13:35:23,698: ProcessMonitor exit: killing sensor/process_tactile_pressure-3
[roslaunch][INFO] 2022-02-14 13:35:23,699: [sensor/process_tactile_pressure-3] killing on exit
[roslaunch.pmon][INFO] 2022-02-14 13:35:23,700: ProcessMonitor exit: killing sensor/tactile_pressure-2
[roslaunch][INFO] 2022-02-14 13:35:23,700: process[sensor/process_tactile_pressure-3]: killing os process with pid[538] pgid[538]
[roslaunch][INFO] 2022-02-14 13:35:23,701: [sensor/tactile_pressure-2] killing on exit
[roslaunch][INFO] 2022-02-14 13:35:23,702: [sensor/process_tactile_pressure-3] sending SIGINT to pgid [538]
[roslaunch][INFO] 2022-02-14 13:35:23,703: process[sensor/tactile_pressure-2]: killing os process with pid[533] pgid[533]
[roslaunch][INFO] 2022-02-14 13:35:23,703: [sensor/process_tactile_pressure-3] sent SIGINT to pgid [538]
[roslaunch][INFO] 2022-02-14 13:35:23,704: [sensor/tactile_pressure-2] sending SIGINT to pgid [533]
[roslaunch][INFO] 2022-02-14 13:35:23,705: [sensor/tactile_pressure-2] sent SIGINT to pgid [533]
[roslaunch][INFO] 2022-02-14 13:35:23,905: process[sensor/tactile_pressure-2]: SIGINT killed with return value 0
[roslaunch][INFO] 2022-02-14 13:35:24,707: process[sensor/process_tactile_pressure-3]: SIGINT killed with return value 0
[roslaunch.pmon][INFO] 2022-02-14 13:35:24,707: ProcessMonitor exit: killing rosout-1
[roslaunch][INFO] 2022-02-14 13:35:24,711: [rosout-1] killing on exit
[roslaunch][INFO] 2022-02-14 13:35:24,711: process[rosout-1]: killing os process with pid[530] pgid[530]
[roslaunch][INFO] 2022-02-14 13:35:24,711: [rosout-1] sending SIGINT to pgid [530]
[roslaunch][INFO] 2022-02-14 13:35:24,712: [rosout-1] sent SIGINT to pgid [530]
[roslaunch][INFO] 2022-02-14 13:35:24,912: process[rosout-1]: SIGINT killed with return value 0
[roslaunch.pmon][INFO] 2022-02-14 13:35:24,912: ProcessMonitor exit: killing master
[roslaunch][INFO] 2022-02-14 13:35:24,913: [master] killing on exit
[roslaunch][INFO] 2022-02-14 13:35:24,913: process[master]: killing os process with pid[519] pgid[519]
[roslaunch][INFO] 2022-02-14 13:35:24,913: [master] sending SIGINT to pgid [519]
[roslaunch][INFO] 2022-02-14 13:35:24,913: [master] sent SIGINT to pgid [519]
[roslaunch][INFO] 2022-02-14 13:35:25,113: process[master]: SIGINT killed with return value 0
[roslaunch.pmon][INFO] 2022-02-14 13:35:25,114: ProcessMonitor exit: cleaning up data structures and signals
[roslaunch.pmon][INFO] 2022-02-14 13:35:25,114: ProcessMonitor exit: pmon has shutdown
[roslaunch][INFO] 2022-02-14 13:35:25,144: process monitor is done spinning, initiating full shutdown
[roslaunch][INFO] 2022-02-14 13:35:25,144: runner.stop()
[roslaunch][INFO] 2022-02-14 13:35:25,145: shutting down processing monitor...
[roslaunch][INFO] 2022-02-14 13:35:25,145: shutting down processing monitor <ProcessMonitor(ProcessMonitor-1, stopped daemon 140205531547392)>
[roslaunch.pmon][INFO] 2022-02-14 13:35:25,145: ProcessMonitor.shutdown <ProcessMonitor(ProcessMonitor-1, stopped daemon 140205531547392)>
[roslaunch][INFO] 2022-02-14 13:35:25,145: ... shutting down processing monitor complete
[roslaunch][INFO] 2022-02-14 13:35:25,145: done
[roslaunch.pmon][INFO] 2022-02-14 13:35:25,145: ProcessMonitor.shutdown <ProcessMonitor(ProcessMonitor-1, stopped daemon 140205531547392)>
[rospy.core][INFO] 2022-02-14 13:35:25,146: signal_shutdown [atexit]
