[roslaunch][INFO] 2022-02-23 11:27:30,535: Checking log directory for disk usage. This may take a while.
Press Ctrl-C to interrupt
[roslaunch][INFO] 2022-02-23 11:27:30,539: Done checking log file disk usage. Usage is <1GB.
[roslaunch][INFO] 2022-02-23 11:27:30,539: roslaunch starting with args ['/opt/ros/melodic/bin/roslaunch', 'fm_gripper_module', 'fm_gripper_module.launch']
[roslaunch][INFO] 2022-02-23 11:27:30,539: roslaunch env is {'ROS_DISTRO': 'melodic', 'ROSLISP_PACKAGE_DIRECTORIES': '/home/ros/catkin_ws/devel/share/common-lisp', 'HOME': '/home/ros', 'PATH': '/opt/ros/melodic/bin:/usr/local/sbin:/usr/local/bin:/usr/sbin:/usr/bin:/sbin:/bin', 'ROS_PACKAGE_PATH': '/home/ros/catkin_ws/src:/opt/ros/melodic/share', 'CMAKE_PREFIX_PATH': '/home/ros/catkin_ws/devel:/opt/ros/melodic', 'LD_LIBRARY_PATH': '/home/ros/catkin_ws/devel/lib:/opt/ros/melodic/lib', 'LANG': 'C.UTF-8', 'TERM': 'xterm', 'ROS_LOG_FILENAME': '/home/ros/.ros/log/965576ca-949b-11ec-9a86-7c507959f385/roslaunch-FM00351-u-15843.log', 'SHLVL': '1', 'DISPLAY': ':0', 'UNAME': 'ros', 'ROS_MASTER_URI': 'http://localhost:11311', 'ROS_PYTHON_VERSION': '2', 'PYTHONPATH': '/home/ros/catkin_ws/devel/lib/python2.7/dist-packages:/opt/ros/melodic/lib/python2.7/dist-packages', 'QT_X11_NO_MITSHM': '1', 'ROS_ROOT': '/opt/ros/melodic/share/ros', 'PKG_CONFIG_PATH': '/home/ros/catkin_ws/devel/lib/pkgconfig:/opt/ros/melodic/lib/pkgconfig', 'LC_ALL': 'C.UTF-8', '_': '/opt/ros/melodic/bin/roslaunch', 'OLDPWD': '/home/ros', 'HOSTNAME': 'FM00351-u', 'PWD': '/home/ros/catkin_ws', 'ROS_ETC_DIR': '/opt/ros/melodic/etc/ros', 'ROS_VERSION': '1'}
[roslaunch][INFO] 2022-02-23 11:27:30,539: starting in server mode
[roslaunch.parent][INFO] 2022-02-23 11:27:30,539: starting roslaunch parent run
[roslaunch][INFO] 2022-02-23 11:27:30,539: loading roscore config file /opt/ros/melodic/etc/ros/roscore.xml
[roslaunch][INFO] 2022-02-23 11:27:30,860: Added core node of type [rosout/rosout] in namespace [/]
[roslaunch.config][INFO] 2022-02-23 11:27:30,861: loading config file /home/ros/catkin_ws/src/fm_gripper_module/launch/fm_gripper_module.launch
[roslaunch][INFO] 2022-02-23 11:27:30,861: Added node of type [robotiq_2f_gripper_control/Robotiq2FGripperRtuNode.py] in namespace [/]
[roslaunch][INFO] 2022-02-23 11:27:30,861: Added node of type [fm_gripper_module/gripper_action_server.py] in namespace [/]
[roslaunch][INFO] 2022-02-23 11:27:30,861: ... selected machine [] for node of type [robotiq_2f_gripper_control/Robotiq2FGripperRtuNode.py]
[roslaunch][INFO] 2022-02-23 11:27:30,861: ... selected machine [] for node of type [fm_gripper_module/gripper_action_server.py]
[roslaunch.pmon][INFO] 2022-02-23 11:27:30,862: start_process_monitor: creating ProcessMonitor
[roslaunch.pmon][INFO] 2022-02-23 11:27:30,862: created process monitor <ProcessMonitor(ProcessMonitor-1, initial daemon)>
[roslaunch.pmon][INFO] 2022-02-23 11:27:30,862: start_process_monitor: ProcessMonitor started
[roslaunch.parent][INFO] 2022-02-23 11:27:30,862: starting parent XML-RPC server
[roslaunch.server][INFO] 2022-02-23 11:27:30,862: starting roslaunch XML-RPC server
[roslaunch.server][INFO] 2022-02-23 11:27:30,862: waiting for roslaunch XML-RPC server to initialize
[xmlrpc][INFO] 2022-02-23 11:27:30,862: XML-RPC server binding to 0.0.0.0:0
[xmlrpc][INFO] 2022-02-23 11:27:30,863: Started XML-RPC server [http://FM00351-u:38853/]
[xmlrpc][INFO] 2022-02-23 11:27:30,863: xml rpc node: starting XML-RPC server
[roslaunch][INFO] 2022-02-23 11:27:30,874: started roslaunch server http://FM00351-u:38853/
[roslaunch.parent][INFO] 2022-02-23 11:27:30,874: ... parent XML-RPC server started
[roslaunch][INFO] 2022-02-23 11:27:30,874: master.is_running[http://localhost:11311]
[roslaunch][INFO] 2022-02-23 11:27:30,875: auto-starting new master
[roslaunch][INFO] 2022-02-23 11:27:30,875: create_master_process: rosmaster, /opt/ros/melodic/share/ros, 11311, 3, None, False
[roslaunch][INFO] 2022-02-23 11:27:30,875: process[master]: launching with args [['rosmaster', '--core', '-p', '11311', '-w', '3']]
[roslaunch.pmon][INFO] 2022-02-23 11:27:30,875: ProcessMonitor.register[master]
[roslaunch.pmon][INFO] 2022-02-23 11:27:30,875: ProcessMonitor.register[master] complete
[roslaunch][INFO] 2022-02-23 11:27:30,875: process[master]: starting os process
[roslaunch][INFO] 2022-02-23 11:27:30,875: process[master]: start w/ args [['rosmaster', '--core', '-p', '11311', '-w', '3', '__log:=/home/ros/.ros/log/965576ca-949b-11ec-9a86-7c507959f385/master.log']]
[roslaunch][INFO] 2022-02-23 11:27:30,875: process[master]: cwd will be [/home/ros/.ros]
[roslaunch][INFO] 2022-02-23 11:27:30,944: process[master]: started with pid [15853]
[roslaunch][INFO] 2022-02-23 11:27:30,945: master.is_running[http://localhost:11311]
[roslaunch][INFO] 2022-02-23 11:27:31,046: master.is_running[http://localhost:11311]
[roslaunch][INFO] 2022-02-23 11:27:31,146: master.is_running[http://localhost:11311]
[roslaunch][INFO] 2022-02-23 11:27:31,147: master.is_running[http://localhost:11311]
[roslaunch][INFO] 2022-02-23 11:27:31,148: ROS_MASTER_URI=http://localhost:11311
[roslaunch][INFO] 2022-02-23 11:27:31,149: setting /run_id to 965576ca-949b-11ec-9a86-7c507959f385
[roslaunch][INFO] 2022-02-23 11:27:31,149: setting /roslaunch/uris/host_fm00351_u__38853' to http://FM00351-u:38853/
[roslaunch][INFO] 2022-02-23 11:27:31,151: ... preparing to launch node of type [rosout/rosout]
[roslaunch][INFO] 2022-02-23 11:27:31,151: create_node_process: package[rosout] type[rosout] machine[Machine(name[] env_loader[None] address[localhost] ssh_port[22] user[None] assignable[True] timeout[10.0])] master_uri[http://localhost:11311]
[roslaunch][INFO] 2022-02-23 11:27:31,151: process[rosout-1]: env[{'ROS_DISTRO': 'melodic', 'ROSLISP_PACKAGE_DIRECTORIES': '/home/ros/catkin_ws/devel/share/common-lisp', 'LD_LIBRARY_PATH': '/home/ros/catkin_ws/devel/lib:/opt/ros/melodic/lib', 'ROS_PACKAGE_PATH': '/home/ros/catkin_ws/src:/opt/ros/melodic/share', 'PATH': '/opt/ros/melodic/bin:/usr/local/sbin:/usr/local/bin:/usr/sbin:/usr/bin:/sbin:/bin', 'CMAKE_PREFIX_PATH': '/home/ros/catkin_ws/devel:/opt/ros/melodic', 'ROS_LOG_FILENAME': '/home/ros/.ros/log/965576ca-949b-11ec-9a86-7c507959f385/roslaunch-FM00351-u-15843.log', 'LANG': 'C.UTF-8', 'TERM': 'xterm', 'SHLVL': '1', 'DISPLAY': ':0', 'UNAME': 'ros', 'ROS_ETC_DIR': '/opt/ros/melodic/etc/ros', 'HOME': '/home/ros', 'ROS_PYTHON_VERSION': '2', 'PYTHONPATH': '/home/ros/catkin_ws/devel/lib/python2.7/dist-packages:/opt/ros/melodic/lib/python2.7/dist-packages', 'QT_X11_NO_MITSHM': '1', 'ROS_ROOT': '/opt/ros/melodic/share/ros', 'PKG_CONFIG_PATH': '/home/ros/catkin_ws/devel/lib/pkgconfig:/opt/ros/melodic/lib/pkgconfig', 'LC_ALL': 'C.UTF-8', '_': '/opt/ros/melodic/bin/roslaunch', 'OLDPWD': '/home/ros', 'HOSTNAME': 'FM00351-u', 'PWD': '/home/ros/catkin_ws', 'ROS_MASTER_URI': 'http://localhost:11311', 'ROS_VERSION': '1'}]
[roslaunch][INFO] 2022-02-23 11:27:31,364: process[rosout-1]: args[[u'/opt/ros/melodic/lib/rosout/rosout', u'__name:=rosout']]
[roslaunch][INFO] 2022-02-23 11:27:31,364: ... created process [rosout-1]
[roslaunch.pmon][INFO] 2022-02-23 11:27:31,364: ProcessMonitor.register[rosout-1]
[roslaunch.pmon][INFO] 2022-02-23 11:27:31,364: ProcessMonitor.register[rosout-1] complete
[roslaunch][INFO] 2022-02-23 11:27:31,364: ... registered process [rosout-1]
[roslaunch][INFO] 2022-02-23 11:27:31,364: process[rosout-1]: starting os process
[roslaunch][INFO] 2022-02-23 11:27:31,364: process[rosout-1]: start w/ args [[u'/opt/ros/melodic/lib/rosout/rosout', u'__name:=rosout', u'__log:=/home/ros/.ros/log/965576ca-949b-11ec-9a86-7c507959f385/rosout-1.log']]
[roslaunch][INFO] 2022-02-23 11:27:31,364: process[rosout-1]: cwd will be [/home/ros/.ros]
[roslaunch][INFO] 2022-02-23 11:27:31,434: process[rosout-1]: started with pid [15864]
[roslaunch][INFO] 2022-02-23 11:27:31,435: ... successfully launched [rosout-1]
[roslaunch][INFO] 2022-02-23 11:27:31,435: load_parameters starting ...
[roslaunch][INFO] 2022-02-23 11:27:31,438: ... load_parameters complete
[roslaunch][INFO] 2022-02-23 11:27:31,438: launch_nodes: launching local nodes ...
[roslaunch][INFO] 2022-02-23 11:27:31,438: ... preparing to launch node of type [robotiq_2f_gripper_control/Robotiq2FGripperRtuNode.py]
[roslaunch][INFO] 2022-02-23 11:27:31,438: create_node_process: package[robotiq_2f_gripper_control] type[Robotiq2FGripperRtuNode.py] machine[Machine(name[] env_loader[None] address[localhost] ssh_port[22] user[None] assignable[True] timeout[10.0])] master_uri[http://localhost:11311]
[roslaunch][INFO] 2022-02-23 11:27:31,438: process[Robotiq2FGripperRtuNode-2]: env[{'ROS_DISTRO': 'melodic', 'ROSLISP_PACKAGE_DIRECTORIES': '/home/ros/catkin_ws/devel/share/common-lisp', 'LD_LIBRARY_PATH': '/home/ros/catkin_ws/devel/lib:/opt/ros/melodic/lib', 'ROS_PACKAGE_PATH': '/home/ros/catkin_ws/src:/opt/ros/melodic/share', 'PATH': '/opt/ros/melodic/bin:/usr/local/sbin:/usr/local/bin:/usr/sbin:/usr/bin:/sbin:/bin', 'CMAKE_PREFIX_PATH': '/home/ros/catkin_ws/devel:/opt/ros/melodic', 'ROS_LOG_FILENAME': '/home/ros/.ros/log/965576ca-949b-11ec-9a86-7c507959f385/roslaunch-FM00351-u-15843.log', 'LANG': 'C.UTF-8', 'TERM': 'xterm', 'SHLVL': '1', 'DISPLAY': ':0', 'UNAME': 'ros', 'ROS_ETC_DIR': '/opt/ros/melodic/etc/ros', 'HOME': '/home/ros', 'ROS_PYTHON_VERSION': '2', 'PYTHONPATH': '/home/ros/catkin_ws/devel/lib/python2.7/dist-packages:/opt/ros/melodic/lib/python2.7/dist-packages', 'QT_X11_NO_MITSHM': '1', 'ROS_ROOT': '/opt/ros/melodic/share/ros', 'PKG_CONFIG_PATH': '/home/ros/catkin_ws/devel/lib/pkgconfig:/opt/ros/melodic/lib/pkgconfig', 'LC_ALL': 'C.UTF-8', '_': '/opt/ros/melodic/bin/roslaunch', 'OLDPWD': '/home/ros', 'HOSTNAME': 'FM00351-u', 'PWD': '/home/ros/catkin_ws', 'ROS_MASTER_URI': 'http://localhost:11311', 'ROS_VERSION': '1'}]
[roslaunch][INFO] 2022-02-23 11:27:31,439: process[Robotiq2FGripperRtuNode-2]: args[[u'/home/ros/catkin_ws/src/robotiq/robotiq_2f_gripper_control/nodes/Robotiq2FGripperRtuNode.py', '/dev/ttyUSB0', u'__name:=Robotiq2FGripperRtuNode']]
[roslaunch][INFO] 2022-02-23 11:27:31,439: ... created process [Robotiq2FGripperRtuNode-2]
[roslaunch.pmon][INFO] 2022-02-23 11:27:31,439: ProcessMonitor.register[Robotiq2FGripperRtuNode-2]
[roslaunch.pmon][INFO] 2022-02-23 11:27:31,439: ProcessMonitor.register[Robotiq2FGripperRtuNode-2] complete
[roslaunch][INFO] 2022-02-23 11:27:31,439: ... registered process [Robotiq2FGripperRtuNode-2]
[roslaunch][INFO] 2022-02-23 11:27:31,439: process[Robotiq2FGripperRtuNode-2]: starting os process
[roslaunch][INFO] 2022-02-23 11:27:31,439: process[Robotiq2FGripperRtuNode-2]: start w/ args [[u'/home/ros/catkin_ws/src/robotiq/robotiq_2f_gripper_control/nodes/Robotiq2FGripperRtuNode.py', '/dev/ttyUSB0', u'__name:=Robotiq2FGripperRtuNode', u'__log:=/home/ros/.ros/log/965576ca-949b-11ec-9a86-7c507959f385/Robotiq2FGripperRtuNode-2.log']]
[roslaunch][INFO] 2022-02-23 11:27:31,439: process[Robotiq2FGripperRtuNode-2]: cwd will be [/home/ros/.ros]
[roslaunch][INFO] 2022-02-23 11:27:31,511: process[Robotiq2FGripperRtuNode-2]: started with pid [15867]
[roslaunch][INFO] 2022-02-23 11:27:31,511: ... successfully launched [Robotiq2FGripperRtuNode-2]
[roslaunch][INFO] 2022-02-23 11:27:31,511: ... preparing to launch node of type [fm_gripper_module/gripper_action_server.py]
[roslaunch][INFO] 2022-02-23 11:27:31,511: create_node_process: package[fm_gripper_module] type[gripper_action_server.py] machine[Machine(name[] env_loader[None] address[localhost] ssh_port[22] user[None] assignable[True] timeout[10.0])] master_uri[http://localhost:11311]
[roslaunch][INFO] 2022-02-23 11:27:31,511: process[gripper_action_server-3]: env[{'ROS_DISTRO': 'melodic', 'ROSLISP_PACKAGE_DIRECTORIES': '/home/ros/catkin_ws/devel/share/common-lisp', 'LD_LIBRARY_PATH': '/home/ros/catkin_ws/devel/lib:/opt/ros/melodic/lib', 'ROS_PACKAGE_PATH': '/home/ros/catkin_ws/src:/opt/ros/melodic/share', 'PATH': '/opt/ros/melodic/bin:/usr/local/sbin:/usr/local/bin:/usr/sbin:/usr/bin:/sbin:/bin', 'CMAKE_PREFIX_PATH': '/home/ros/catkin_ws/devel:/opt/ros/melodic', 'ROS_LOG_FILENAME': '/home/ros/.ros/log/965576ca-949b-11ec-9a86-7c507959f385/roslaunch-FM00351-u-15843.log', 'LANG': 'C.UTF-8', 'TERM': 'xterm', 'SHLVL': '1', 'DISPLAY': ':0', 'UNAME': 'ros', 'ROS_ETC_DIR': '/opt/ros/melodic/etc/ros', 'HOME': '/home/ros', 'ROS_PYTHON_VERSION': '2', 'PYTHONPATH': '/home/ros/catkin_ws/devel/lib/python2.7/dist-packages:/opt/ros/melodic/lib/python2.7/dist-packages', 'QT_X11_NO_MITSHM': '1', 'ROS_ROOT': '/opt/ros/melodic/share/ros', 'PKG_CONFIG_PATH': '/home/ros/catkin_ws/devel/lib/pkgconfig:/opt/ros/melodic/lib/pkgconfig', 'LC_ALL': 'C.UTF-8', '_': '/opt/ros/melodic/bin/roslaunch', 'OLDPWD': '/home/ros', 'HOSTNAME': 'FM00351-u', 'PWD': '/home/ros/catkin_ws', 'ROS_MASTER_URI': 'http://localhost:11311', 'ROS_VERSION': '1'}]
[roslaunch][INFO] 2022-02-23 11:27:31,512: process[gripper_action_server-3]: args[[u'/home/ros/catkin_ws/src/fm_gripper_module/src/gripper_action_server.py', u'__name:=gripper_action_server']]
[roslaunch][INFO] 2022-02-23 11:27:31,512: ... created process [gripper_action_server-3]
[roslaunch.pmon][INFO] 2022-02-23 11:27:31,512: ProcessMonitor.register[gripper_action_server-3]
[roslaunch.pmon][INFO] 2022-02-23 11:27:31,512: ProcessMonitor.register[gripper_action_server-3] complete
[roslaunch][INFO] 2022-02-23 11:27:31,512: ... registered process [gripper_action_server-3]
[roslaunch][INFO] 2022-02-23 11:27:31,512: process[gripper_action_server-3]: starting os process
[roslaunch][INFO] 2022-02-23 11:27:31,512: process[gripper_action_server-3]: start w/ args [[u'/home/ros/catkin_ws/src/fm_gripper_module/src/gripper_action_server.py', u'__name:=gripper_action_server', u'__log:=/home/ros/.ros/log/965576ca-949b-11ec-9a86-7c507959f385/gripper_action_server-3.log']]
[roslaunch][INFO] 2022-02-23 11:27:31,512: process[gripper_action_server-3]: cwd will be [/home/ros/.ros]
[roslaunch][INFO] 2022-02-23 11:27:31,586: process[gripper_action_server-3]: started with pid [15872]
[roslaunch][INFO] 2022-02-23 11:27:31,586: ... successfully launched [gripper_action_server-3]
[roslaunch][INFO] 2022-02-23 11:27:31,586: ... launch_nodes complete
[roslaunch.pmon][INFO] 2022-02-23 11:27:31,586: registrations completed <ProcessMonitor(ProcessMonitor-1, started daemon 140016575706880)>
[roslaunch.parent][INFO] 2022-02-23 11:27:31,587: ... roslaunch parent running, waiting for process exit
[roslaunch][INFO] 2022-02-23 11:27:31,587: spin
[roslaunch.pmon][INFO] 2022-02-23 11:30:42,748: ProcessMonitor.shutdown <ProcessMonitor(ProcessMonitor-1, started daemon 140016575706880)>
[roslaunch.pmon][INFO] 2022-02-23 11:30:42,809: ProcessMonitor._post_run <ProcessMonitor(ProcessMonitor-1, started daemon 140016575706880)>
[roslaunch.pmon][INFO] 2022-02-23 11:30:42,809: ProcessMonitor._post_run <ProcessMonitor(ProcessMonitor-1, started daemon 140016575706880)>: remaining procs are [<roslaunch.nodeprocess.LocalProcess object at 0x7f58266d2a90>, <roslaunch.nodeprocess.LocalProcess object at 0x7f5826b5d210>, <roslaunch.nodeprocess.LocalProcess object at 0x7f58266d2e50>, <roslaunch.nodeprocess.LocalProcess object at 0x7f58266d2dd0>]
[roslaunch.pmon][INFO] 2022-02-23 11:30:42,810: ProcessMonitor exit: killing gripper_action_server-3
[roslaunch][INFO] 2022-02-23 11:30:42,811: [gripper_action_server-3] killing on exit
[roslaunch.pmon][INFO] 2022-02-23 11:30:42,811: ProcessMonitor exit: killing Robotiq2FGripperRtuNode-2
[roslaunch][INFO] 2022-02-23 11:30:42,811: process[gripper_action_server-3]: killing os process with pid[15872] pgid[15872]
[roslaunch][INFO] 2022-02-23 11:30:42,812: [Robotiq2FGripperRtuNode-2] killing on exit
[roslaunch][INFO] 2022-02-23 11:30:42,812: [gripper_action_server-3] sending SIGINT to pgid [15872]
[roslaunch][INFO] 2022-02-23 11:30:42,813: [gripper_action_server-3] sent SIGINT to pgid [15872]
[roslaunch][INFO] 2022-02-23 11:30:42,814: process[Robotiq2FGripperRtuNode-2]: killing os process with pid[15867] pgid[15867]
[roslaunch][INFO] 2022-02-23 11:30:42,814: [Robotiq2FGripperRtuNode-2] sending SIGINT to pgid [15867]
[roslaunch][INFO] 2022-02-23 11:30:42,815: [Robotiq2FGripperRtuNode-2] sent SIGINT to pgid [15867]
[roslaunch][INFO] 2022-02-23 11:30:43,116: process[Robotiq2FGripperRtuNode-2]: SIGINT killed with return value 0
[roslaunch][INFO] 2022-02-23 11:30:45,119: process[gripper_action_server-3]: SIGINT killed with return value 0
[roslaunch.pmon][INFO] 2022-02-23 11:30:45,120: ProcessMonitor exit: killing rosout-1
[roslaunch][INFO] 2022-02-23 11:30:45,120: [rosout-1] killing on exit
[roslaunch][INFO] 2022-02-23 11:30:45,120: process[rosout-1]: killing os process with pid[15864] pgid[15864]
[roslaunch][INFO] 2022-02-23 11:30:45,121: [rosout-1] sending SIGINT to pgid [15864]
[roslaunch][INFO] 2022-02-23 11:30:45,121: [rosout-1] sent SIGINT to pgid [15864]
[roslaunch][INFO] 2022-02-23 11:30:45,322: process[rosout-1]: SIGINT killed with return value 0
[roslaunch.pmon][INFO] 2022-02-23 11:30:45,322: ProcessMonitor exit: killing master
[roslaunch][INFO] 2022-02-23 11:30:45,322: [master] killing on exit
[roslaunch][INFO] 2022-02-23 11:30:45,322: process[master]: killing os process with pid[15853] pgid[15853]
[roslaunch][INFO] 2022-02-23 11:30:45,323: [master] sending SIGINT to pgid [15853]
[roslaunch][INFO] 2022-02-23 11:30:45,323: [master] sent SIGINT to pgid [15853]
[roslaunch][INFO] 2022-02-23 11:30:45,523: process[master]: SIGINT killed with return value 0
[roslaunch.pmon][INFO] 2022-02-23 11:30:45,523: ProcessMonitor exit: cleaning up data structures and signals
[roslaunch.pmon][INFO] 2022-02-23 11:30:45,524: ProcessMonitor exit: pmon has shutdown
[roslaunch][INFO] 2022-02-23 11:30:45,572: process monitor is done spinning, initiating full shutdown
[roslaunch][INFO] 2022-02-23 11:30:45,573: runner.stop()
[roslaunch][INFO] 2022-02-23 11:30:45,573: shutting down processing monitor...
[roslaunch][INFO] 2022-02-23 11:30:45,573: shutting down processing monitor <ProcessMonitor(ProcessMonitor-1, stopped daemon 140016575706880)>
[roslaunch.pmon][INFO] 2022-02-23 11:30:45,573: ProcessMonitor.shutdown <ProcessMonitor(ProcessMonitor-1, stopped daemon 140016575706880)>
[roslaunch][INFO] 2022-02-23 11:30:45,573: ... shutting down processing monitor complete
[roslaunch][INFO] 2022-02-23 11:30:45,573: done
[roslaunch.pmon][INFO] 2022-02-23 11:30:45,573: ProcessMonitor.shutdown <ProcessMonitor(ProcessMonitor-1, stopped daemon 140016575706880)>
[rospy.core][INFO] 2022-02-23 11:30:45,574: signal_shutdown [atexit]
