[rosmaster.main][INFO] 2022-02-14 13:29:47,426: initialization complete, waiting for shutdown
[rosmaster.main][INFO] 2022-02-14 13:29:47,426: Starting ROS Master Node
[xmlrpc][INFO] 2022-02-14 13:29:47,427: XML-RPC server binding to 0.0.0.0:11311
[xmlrpc][INFO] 2022-02-14 13:29:47,427: Started XML-RPC server [http://FM00351-u:11311/]
[xmlrpc][INFO] 2022-02-14 13:29:47,427: xml rpc node: starting XML-RPC server
[rosmaster.master][INFO] 2022-02-14 13:29:47,427: Master initialized: port[11311], uri[http://FM00351-u:11311/]
[rosmaster.master][INFO] 2022-02-14 13:29:47,460: +PARAM [/run_id] by /roslaunch
[rosmaster.master][INFO] 2022-02-14 13:29:47,461: +PARAM [/roslaunch/uris/host_fm00351_u__45037] by /roslaunch
[rosmaster.master][INFO] 2022-02-14 13:29:47,725: +PARAM [/rosversion] by /roslaunch
[rosmaster.master][INFO] 2022-02-14 13:29:47,725: +PARAM [/rosdistro] by /roslaunch
[rosmaster.master][INFO] 2022-02-14 13:29:47,725: +PARAM [/baud_pressure] by /roslaunch
[rosmaster.master][INFO] 2022-02-14 13:29:47,725: +PARAM [/port_pressure] by /roslaunch
[rosmaster.master][INFO] 2022-02-14 13:29:47,730: +SERVICE [/rosout/get_loggers] /rosout http://FM00351-u:37261/
[rosmaster.master][INFO] 2022-02-14 13:29:47,731: +SERVICE [/rosout/set_logger_level] /rosout http://FM00351-u:37261/
[rosmaster.master][INFO] 2022-02-14 13:29:47,731: +PUB [/rosout_agg] /rosout http://FM00351-u:37261/
[rosmaster.master][INFO] 2022-02-14 13:29:47,732: +SUB [/rosout] /rosout http://FM00351-u:37261/
[rosmaster.master][INFO] 2022-02-14 13:29:48,126: +PUB [/rosout] /sensor/tactile_pressure http://FM00351-u:33297/
[rosmaster.master][INFO] 2022-02-14 13:29:48,127: publisherUpdate[/rosout] -> http://FM00351-u:37261/ ['http://FM00351-u:33297/']
[rosmaster.master][INFO] 2022-02-14 13:29:48,131: +SERVICE [/sensor/tactile_pressure/get_loggers] /sensor/tactile_pressure http://FM00351-u:33297/
[rosmaster.master][INFO] 2022-02-14 13:29:48,132: +SERVICE [/sensor/tactile_pressure/set_logger_level] /sensor/tactile_pressure http://FM00351-u:33297/
[rosmaster.master][INFO] 2022-02-14 13:29:48,133: +CACHEDPARAM [/rosout_disable_topics_generation] by /sensor/tactile_pressure
[rosmaster.master][INFO] 2022-02-14 13:29:48,135: +CACHEDPARAM [/rosout_disable_topics_generation] by /sensor/tactile_pressure
[rosmaster.master][INFO] 2022-02-14 13:29:48,135: +SERVICE [/sensor/tactile_pressure/reset_arduino] /sensor/tactile_pressure http://FM00351-u:33297/
[rosmaster.master][INFO] 2022-02-14 13:29:48,136: +PUB [/diagnostics] /sensor/tactile_pressure http://FM00351-u:33297/
[rosmaster.master][INFO] 2022-02-14 13:29:48,136: +CACHEDPARAM [/rosout_disable_topics_generation] by /sensor/tactile_pressure
[rosmaster.master][INFO] 2022-02-14 13:29:48,140: publisherUpdate[/rosout] -> http://FM00351-u:37261/ ['http://FM00351-u:33297/']: sec=0.01, result=[1, '', 0]
[rosmaster.master][INFO] 2022-02-14 13:29:48,345: +CACHEDPARAM [/rosout/omit_topics] by /rosout
[rosmaster.master][INFO] 2022-02-14 13:29:48,385: +PUB [/rosout] /sensor/process_tactile_pressure http://FM00351-u:35153/
[rosmaster.master][INFO] 2022-02-14 13:29:48,389: +SERVICE [/sensor/process_tactile_pressure/get_loggers] /sensor/process_tactile_pressure http://FM00351-u:35153/
[rosmaster.master][INFO] 2022-02-14 13:29:48,391: +SERVICE [/sensor/process_tactile_pressure/set_logger_level] /sensor/process_tactile_pressure http://FM00351-u:35153/
[rosmaster.master][INFO] 2022-02-14 13:29:48,394: +SUB [/sensor/pressure_reset] /sensor/process_tactile_pressure http://FM00351-u:35153/
[rosmaster.master][INFO] 2022-02-14 13:29:48,397: +SUB [/sensor/pressure_data] /sensor/process_tactile_pressure http://FM00351-u:35153/
[rosmaster.master][INFO] 2022-02-14 13:29:48,399: +PUB [/sensor/estimated_ForceAndLoc] /sensor/process_tactile_pressure http://FM00351-u:35153/
[rosmaster.master][INFO] 2022-02-14 13:29:48,428: publisherUpdate[/rosout] -> http://FM00351-u:37261/ ['http://FM00351-u:33297/', 'http://FM00351-u:35153/']
[rosmaster.master][INFO] 2022-02-14 13:29:48,449: publisherUpdate[/rosout] -> http://FM00351-u:37261/ ['http://FM00351-u:33297/', 'http://FM00351-u:35153/']: sec=0.02, result=[1, '', 0]
[rosmaster.master][INFO] 2022-02-14 13:29:51,142: +CACHEDPARAM [/rosout_disable_topics_generation] by /sensor/tactile_pressure
[rosmaster.master][INFO] 2022-02-14 13:29:51,403: +CACHEDPARAM [/rosout_disable_topics_generation] by /sensor/process_tactile_pressure
[rosmaster.master][INFO] 2022-02-14 13:29:51,405: -SUB [/sensor/pressure_reset] /sensor/process_tactile_pressure http://FM00351-u:35153/
[rosmaster.master][INFO] 2022-02-14 13:29:51,405: -SUB [/sensor/pressure_data] /sensor/process_tactile_pressure http://FM00351-u:35153/
[rosmaster.master][INFO] 2022-02-14 13:29:51,405: -PUB [/rosout] /sensor/process_tactile_pressure http://FM00351-u:35153/
[rosmaster.master][INFO] 2022-02-14 13:29:51,405: -PUB [/sensor/estimated_ForceAndLoc] /sensor/process_tactile_pressure http://FM00351-u:35153/
[rosmaster.master][INFO] 2022-02-14 13:29:51,405: -SERVICE [/sensor/process_tactile_pressure/get_loggers] /sensor/process_tactile_pressure rosrpc://FM00351-u:45865
[rosmaster.master][INFO] 2022-02-14 13:29:51,405: -SERVICE [/sensor/process_tactile_pressure/set_logger_level] /sensor/process_tactile_pressure rosrpc://FM00351-u:45865
[rosmaster.master][INFO] 2022-02-14 13:29:51,436: publisherUpdate[/rosout] -> http://FM00351-u:37261/ ['http://FM00351-u:33297/']
[rosmaster.master][INFO] 2022-02-14 13:29:51,443: publisherUpdate[/rosout] -> http://FM00351-u:37261/ ['http://FM00351-u:33297/']: sec=0.01, result=[1, '', 0]
[rosmaster.master][INFO] 2022-02-14 13:29:52,504: -PUB [/diagnostics] /sensor/tactile_pressure http://FM00351-u:33297/
[rosmaster.master][INFO] 2022-02-14 13:29:52,505: -PUB [/rosout] /sensor/tactile_pressure http://FM00351-u:33297/
[rosmaster.master][INFO] 2022-02-14 13:29:52,505: -SERVICE [/sensor/tactile_pressure/set_logger_level] /sensor/tactile_pressure rosrpc://FM00351-u:37889
[rosmaster.master][INFO] 2022-02-14 13:29:52,505: -SERVICE [/sensor/tactile_pressure/reset_arduino] /sensor/tactile_pressure rosrpc://FM00351-u:37889
[rosmaster.master][INFO] 2022-02-14 13:29:52,505: -SERVICE [/sensor/tactile_pressure/get_loggers] /sensor/tactile_pressure rosrpc://FM00351-u:37889
[rosmaster.master][INFO] 2022-02-14 13:29:52,545: publisherUpdate[/rosout] -> http://FM00351-u:37261/ []
[rosmaster.master][INFO] 2022-02-14 13:29:52,546: publisherUpdate[/rosout] -> http://FM00351-u:37261/ []: sec=0.00, result=[1, '', 0]
[rosmaster.master][INFO] 2022-02-14 13:29:52,747: -PUB [/rosout_agg] /rosout http://FM00351-u:37261/
[rosmaster.master][INFO] 2022-02-14 13:29:52,747: -SUB [/rosout] /rosout http://FM00351-u:37261/
[rosmaster.master][INFO] 2022-02-14 13:29:52,747: -SERVICE [/rosout/get_loggers] /rosout rosrpc://FM00351-u:47543
[rosmaster.master][INFO] 2022-02-14 13:29:52,747: -SERVICE [/rosout/set_logger_level] /rosout rosrpc://FM00351-u:47543
[rosmaster.master][INFO] 2022-02-14 13:29:52,748: -CACHEDPARAM [/rosout/omit_topics] by /rosout
[rosmaster.main][INFO] 2022-02-14 13:29:52,803: keyboard interrupt, will exit
[rosmaster.main][INFO] 2022-02-14 13:29:52,803: stopping master...
[rospy.core][INFO] 2022-02-14 13:29:52,803: signal_shutdown [atexit]
