[rospy.client][INFO] 2022-02-14 13:29:48,020: init_node, name[/sensor/tactile_pressure], pid[323]
[xmlrpc][INFO] 2022-02-14 13:29:48,020: XML-RPC server binding to 0.0.0.0:0
[xmlrpc][INFO] 2022-02-14 13:29:48,020: Started XML-RPC server [http://FM00351-u:33297/]
[rospy.init][INFO] 2022-02-14 13:29:48,020: ROS Slave URI: [http://FM00351-u:33297/]
[rospy.impl.masterslave][INFO] 2022-02-14 13:29:48,020: _ready: http://FM00351-u:33297/
[xmlrpc][INFO] 2022-02-14 13:29:48,020: xml rpc node: starting XML-RPC server
[rospy.registration][INFO] 2022-02-14 13:29:48,021: Registering with master node http://localhost:11311
[rospy.init][INFO] 2022-02-14 13:29:48,120: registered with master
[rospy.rosout][INFO] 2022-02-14 13:29:48,121: initializing /rosout core topic
[rospy.rosout][INFO] 2022-02-14 13:29:48,126: connected to core topic /rosout
[rospy.simtime][INFO] 2022-02-14 13:29:48,127: /use_sim_time is not set, will not subscribe to simulated time [/clock] topic
[rosout][INFO] 2022-02-14 13:29:48,132: ROS Serial Python Node
[rosout][INFO] 2022-02-14 13:29:48,134: Connecting to /dev/ttyACM0 at 57600 baud
[rosout][ERROR] 2022-02-14 13:29:48,136: Error opening serial: [Errno 21] could not open port /dev/ttyACM0: [Errno 21] Is a directory: '/dev/ttyACM0'
[rospy.internal][INFO] 2022-02-14 13:29:48,343: topic[/rosout] adding connection to [/rosout], count 0
[rosout][ERROR] 2022-02-14 13:29:51,140: Error opening serial: [Errno 21] could not open port /dev/ttyACM0: [Errno 21] Is a directory: '/dev/ttyACM0'
[rospy.core][INFO] 2022-02-14 13:29:52,502: signal_shutdown [signal-2]
[rospy.internal][INFO] 2022-02-14 13:29:52,505: topic[/rosout] removing connection to /rosout
[rospy.impl.masterslave][INFO] 2022-02-14 13:29:52,505: signal-2
[rospy.core][INFO] 2022-02-14 13:29:52,638: signal_shutdown [atexit]
