[roslaunch][INFO] 2021-12-21 14:17:10,528: Checking log directory for disk usage. This may take a while.
Press Ctrl-C to interrupt
[roslaunch][INFO] 2021-12-21 14:17:10,530: Done checking log file disk usage. Usage is <1GB.
[roslaunch][INFO] 2021-12-21 14:17:10,530: roslaunch starting with args ['/opt/ros/melodic/bin/roslaunch', 'tactile_pressure_sensor', 'run_tactile_pressure.launch']
[roslaunch][INFO] 2021-12-21 14:17:10,530: roslaunch env is {'ROS_DISTRO': 'melodic', 'ROSLISP_PACKAGE_DIRECTORIES': '/home/ros/catkin_ws/devel/share/common-lisp', 'HOME': '/home/ros', 'PATH': '/opt/ros/melodic/bin:/usr/local/sbin:/usr/local/bin:/usr/sbin:/usr/bin:/sbin:/bin', 'ROS_PACKAGE_PATH': '/home/ros/catkin_ws/src:/opt/ros/melodic/share', 'CMAKE_PREFIX_PATH': '/home/ros/catkin_ws/devel:/opt/ros/melodic', 'LD_LIBRARY_PATH': '/home/ros/catkin_ws/devel/lib:/opt/ros/melodic/lib', 'LANG': 'C.UTF-8', 'TERM': 'xterm', 'ROS_LOG_FILENAME': '/home/ros/.ros/log/afac511c-6268-11ec-91bb-7c507959f385/roslaunch-FM00351-u-100.log', 'SHLVL': '1', 'DISPLAY': ':0', 'UNAME': 'ros', 'ROS_MASTER_URI': 'http://localhost:11311', 'ROS_PYTHON_VERSION': '2', 'PYTHONPATH': '/home/ros/catkin_ws/devel/lib/python2.7/dist-packages:/opt/ros/melodic/lib/python2.7/dist-packages', 'QT_X11_NO_MITSHM': '1', 'ROS_ROOT': '/opt/ros/melodic/share/ros', 'PKG_CONFIG_PATH': '/home/ros/catkin_ws/devel/lib/pkgconfig:/opt/ros/melodic/lib/pkgconfig', 'LC_ALL': 'C.UTF-8', '_': '/opt/ros/melodic/bin/roslaunch', 'OLDPWD': '/home/ros', 'HOSTNAME': 'FM00351-u', 'PWD': '/home/ros/catkin_ws', 'ROS_ETC_DIR': '/opt/ros/melodic/etc/ros', 'ROS_VERSION': '1'}
[roslaunch][INFO] 2021-12-21 14:17:10,530: starting in server mode
[roslaunch.parent][INFO] 2021-12-21 14:17:10,531: starting roslaunch parent run
[roslaunch][INFO] 2021-12-21 14:17:10,531: loading roscore config file /opt/ros/melodic/etc/ros/roscore.xml
[roslaunch][INFO] 2021-12-21 14:17:10,735: Added core node of type [rosout/rosout] in namespace [/]
[roslaunch.config][INFO] 2021-12-21 14:17:10,735: loading config file /home/ros/catkin_ws/src/tactile_pressure_sensor/launch/run_tactile_pressure.launch
[roslaunch][INFO] 2021-12-21 14:17:10,735: Added node of type [rosserial_arduino/serial_node.py] in namespace [/sensor/]
[roslaunch][INFO] 2021-12-21 14:17:10,735: Added node of type [tactile_pressure_sensor/pressure_LocAndForceEstimation.py] in namespace [/sensor/]
[roslaunch][INFO] 2021-12-21 14:17:10,735: ... selected machine [] for node of type [rosserial_arduino/serial_node.py]
[roslaunch][INFO] 2021-12-21 14:17:10,735: ... selected machine [] for node of type [tactile_pressure_sensor/pressure_LocAndForceEstimation.py]
[roslaunch.pmon][INFO] 2021-12-21 14:17:10,736: start_process_monitor: creating ProcessMonitor
[roslaunch.pmon][INFO] 2021-12-21 14:17:10,736: created process monitor <ProcessMonitor(ProcessMonitor-1, initial daemon)>
[roslaunch.pmon][INFO] 2021-12-21 14:17:10,736: start_process_monitor: ProcessMonitor started
[roslaunch.parent][INFO] 2021-12-21 14:17:10,736: starting parent XML-RPC server
[roslaunch.server][INFO] 2021-12-21 14:17:10,736: starting roslaunch XML-RPC server
[roslaunch.server][INFO] 2021-12-21 14:17:10,737: waiting for roslaunch XML-RPC server to initialize
[xmlrpc][INFO] 2021-12-21 14:17:10,737: XML-RPC server binding to 0.0.0.0:0
[xmlrpc][INFO] 2021-12-21 14:17:10,737: Started XML-RPC server [http://FM00351-u:38897/]
[xmlrpc][INFO] 2021-12-21 14:17:10,737: xml rpc node: starting XML-RPC server
[roslaunch][INFO] 2021-12-21 14:17:10,748: started roslaunch server http://FM00351-u:38897/
[roslaunch.parent][INFO] 2021-12-21 14:17:10,748: ... parent XML-RPC server started
[roslaunch][INFO] 2021-12-21 14:17:10,748: master.is_running[http://localhost:11311]
[roslaunch][INFO] 2021-12-21 14:17:10,749: auto-starting new master
[roslaunch][INFO] 2021-12-21 14:17:10,749: create_master_process: rosmaster, /opt/ros/melodic/share/ros, 11311, 3, None, False
[roslaunch][INFO] 2021-12-21 14:17:10,749: process[master]: launching with args [['rosmaster', '--core', '-p', '11311', '-w', '3']]
[roslaunch.pmon][INFO] 2021-12-21 14:17:10,749: ProcessMonitor.register[master]
[roslaunch.pmon][INFO] 2021-12-21 14:17:10,749: ProcessMonitor.register[master] complete
[roslaunch][INFO] 2021-12-21 14:17:10,749: process[master]: starting os process
[roslaunch][INFO] 2021-12-21 14:17:10,749: process[master]: start w/ args [['rosmaster', '--core', '-p', '11311', '-w', '3', '__log:=/home/ros/.ros/log/afac511c-6268-11ec-91bb-7c507959f385/master.log']]
[roslaunch][INFO] 2021-12-21 14:17:10,749: process[master]: cwd will be [/home/ros/.ros]
[roslaunch][INFO] 2021-12-21 14:17:10,814: process[master]: started with pid [110]
[roslaunch][INFO] 2021-12-21 14:17:10,814: master.is_running[http://localhost:11311]
[roslaunch][INFO] 2021-12-21 14:17:10,915: master.is_running[http://localhost:11311]
[roslaunch][INFO] 2021-12-21 14:17:11,015: master.is_running[http://localhost:11311]
[roslaunch][INFO] 2021-12-21 14:17:11,019: master.is_running[http://localhost:11311]
[roslaunch][INFO] 2021-12-21 14:17:11,021: ROS_MASTER_URI=http://localhost:11311
[roslaunch][INFO] 2021-12-21 14:17:11,023: setting /run_id to afac511c-6268-11ec-91bb-7c507959f385
[roslaunch][INFO] 2021-12-21 14:17:11,025: setting /roslaunch/uris/host_fm00351_u__38897' to http://FM00351-u:38897/
[roslaunch][INFO] 2021-12-21 14:17:11,027: ... preparing to launch node of type [rosout/rosout]
[roslaunch][INFO] 2021-12-21 14:17:11,027: create_node_process: package[rosout] type[rosout] machine[Machine(name[] env_loader[None] address[localhost] ssh_port[22] user[None] assignable[True] timeout[10.0])] master_uri[http://localhost:11311]
[roslaunch][INFO] 2021-12-21 14:17:11,027: process[rosout-1]: env[{'ROS_DISTRO': 'melodic', 'ROSLISP_PACKAGE_DIRECTORIES': '/home/ros/catkin_ws/devel/share/common-lisp', 'LD_LIBRARY_PATH': '/home/ros/catkin_ws/devel/lib:/opt/ros/melodic/lib', 'ROS_PACKAGE_PATH': '/home/ros/catkin_ws/src:/opt/ros/melodic/share', 'PATH': '/opt/ros/melodic/bin:/usr/local/sbin:/usr/local/bin:/usr/sbin:/usr/bin:/sbin:/bin', 'CMAKE_PREFIX_PATH': '/home/ros/catkin_ws/devel:/opt/ros/melodic', 'ROS_LOG_FILENAME': '/home/ros/.ros/log/afac511c-6268-11ec-91bb-7c507959f385/roslaunch-FM00351-u-100.log', 'LANG': 'C.UTF-8', 'TERM': 'xterm', 'SHLVL': '1', 'DISPLAY': ':0', 'UNAME': 'ros', 'ROS_ETC_DIR': '/opt/ros/melodic/etc/ros', 'HOME': '/home/ros', 'ROS_PYTHON_VERSION': '2', 'PYTHONPATH': '/home/ros/catkin_ws/devel/lib/python2.7/dist-packages:/opt/ros/melodic/lib/python2.7/dist-packages', 'QT_X11_NO_MITSHM': '1', 'ROS_ROOT': '/opt/ros/melodic/share/ros', 'PKG_CONFIG_PATH': '/home/ros/catkin_ws/devel/lib/pkgconfig:/opt/ros/melodic/lib/pkgconfig', 'LC_ALL': 'C.UTF-8', '_': '/opt/ros/melodic/bin/roslaunch', 'OLDPWD': '/home/ros', 'HOSTNAME': 'FM00351-u', 'PWD': '/home/ros/catkin_ws', 'ROS_MASTER_URI': 'http://localhost:11311', 'ROS_VERSION': '1'}]
[roslaunch][INFO] 2021-12-21 14:17:11,047: process[rosout-1]: args[[u'/opt/ros/melodic/lib/rosout/rosout', u'__name:=rosout']]
[roslaunch][INFO] 2021-12-21 14:17:11,047: ... created process [rosout-1]
[roslaunch.pmon][INFO] 2021-12-21 14:17:11,047: ProcessMonitor.register[rosout-1]
[roslaunch.pmon][INFO] 2021-12-21 14:17:11,047: ProcessMonitor.register[rosout-1] complete
[roslaunch][INFO] 2021-12-21 14:17:11,047: ... registered process [rosout-1]
[roslaunch][INFO] 2021-12-21 14:17:11,047: process[rosout-1]: starting os process
[roslaunch][INFO] 2021-12-21 14:17:11,047: process[rosout-1]: start w/ args [[u'/opt/ros/melodic/lib/rosout/rosout', u'__name:=rosout', u'__log:=/home/ros/.ros/log/afac511c-6268-11ec-91bb-7c507959f385/rosout-1.log']]
[roslaunch][INFO] 2021-12-21 14:17:11,047: process[rosout-1]: cwd will be [/home/ros/.ros]
[roslaunch][INFO] 2021-12-21 14:17:11,111: process[rosout-1]: started with pid [121]
[roslaunch][INFO] 2021-12-21 14:17:11,112: ... successfully launched [rosout-1]
[roslaunch][INFO] 2021-12-21 14:17:11,112: load_parameters starting ...
[roslaunch][INFO] 2021-12-21 14:17:11,114: ... load_parameters complete
[roslaunch][INFO] 2021-12-21 14:17:11,114: launch_nodes: launching local nodes ...
[roslaunch][INFO] 2021-12-21 14:17:11,114: ... preparing to launch node of type [rosserial_arduino/serial_node.py]
[roslaunch][INFO] 2021-12-21 14:17:11,114: create_node_process: package[rosserial_arduino] type[serial_node.py] machine[Machine(name[] env_loader[None] address[localhost] ssh_port[22] user[None] assignable[True] timeout[10.0])] master_uri[http://localhost:11311]
[roslaunch][INFO] 2021-12-21 14:17:11,114: process[sensor/tactile_pressure-2]: env[{'ROS_DISTRO': 'melodic', 'ROSLISP_PACKAGE_DIRECTORIES': '/home/ros/catkin_ws/devel/share/common-lisp', 'LD_LIBRARY_PATH': '/home/ros/catkin_ws/devel/lib:/opt/ros/melodic/lib', 'ROS_PACKAGE_PATH': '/home/ros/catkin_ws/src:/opt/ros/melodic/share', 'PATH': '/opt/ros/melodic/bin:/usr/local/sbin:/usr/local/bin:/usr/sbin:/usr/bin:/sbin:/bin', 'CMAKE_PREFIX_PATH': '/home/ros/catkin_ws/devel:/opt/ros/melodic', 'ROS_LOG_FILENAME': '/home/ros/.ros/log/afac511c-6268-11ec-91bb-7c507959f385/roslaunch-FM00351-u-100.log', 'LANG': 'C.UTF-8', 'TERM': 'xterm', 'SHLVL': '1', 'DISPLAY': ':0', 'UNAME': 'ros', 'ROS_ETC_DIR': '/opt/ros/melodic/etc/ros', 'HOME': '/home/ros', 'ROS_PYTHON_VERSION': '2', 'PYTHONPATH': '/home/ros/catkin_ws/devel/lib/python2.7/dist-packages:/opt/ros/melodic/lib/python2.7/dist-packages', 'QT_X11_NO_MITSHM': '1', 'ROS_ROOT': '/opt/ros/melodic/share/ros', 'PKG_CONFIG_PATH': '/home/ros/catkin_ws/devel/lib/pkgconfig:/opt/ros/melodic/lib/pkgconfig', 'LC_ALL': 'C.UTF-8', 'ROS_NAMESPACE': '/sensor', '_': '/opt/ros/melodic/bin/roslaunch', 'OLDPWD': '/home/ros', 'HOSTNAME': 'FM00351-u', 'PWD': '/home/ros/catkin_ws', 'ROS_MASTER_URI': 'http://localhost:11311', 'ROS_VERSION': '1'}]
[roslaunch][INFO] 2021-12-21 14:17:11,115: process[sensor/tactile_pressure-2]: args[[u'/opt/ros/melodic/share/rosserial_arduino/serial_node.py', u'/sensor/Pressure:=/sensor/pressure_data', u'__name:=tactile_pressure']]
[roslaunch][INFO] 2021-12-21 14:17:11,116: ... created process [sensor/tactile_pressure-2]
[roslaunch.pmon][INFO] 2021-12-21 14:17:11,116: ProcessMonitor.register[sensor/tactile_pressure-2]
[roslaunch.pmon][INFO] 2021-12-21 14:17:11,116: ProcessMonitor.register[sensor/tactile_pressure-2] complete
[roslaunch][INFO] 2021-12-21 14:17:11,116: ... registered process [sensor/tactile_pressure-2]
[roslaunch][INFO] 2021-12-21 14:17:11,116: process[sensor/tactile_pressure-2]: starting os process
[roslaunch][INFO] 2021-12-21 14:17:11,116: process[sensor/tactile_pressure-2]: start w/ args [[u'/opt/ros/melodic/share/rosserial_arduino/serial_node.py', u'/sensor/Pressure:=/sensor/pressure_data', u'__name:=tactile_pressure', u'__log:=/home/ros/.ros/log/afac511c-6268-11ec-91bb-7c507959f385/sensor-tactile_pressure-2.log']]
[roslaunch][INFO] 2021-12-21 14:17:11,116: process[sensor/tactile_pressure-2]: cwd will be [/home/ros/.ros]
[roslaunch][INFO] 2021-12-21 14:17:11,182: process[sensor/tactile_pressure-2]: started with pid [124]
[roslaunch][INFO] 2021-12-21 14:17:11,182: ... successfully launched [sensor/tactile_pressure-2]
[roslaunch][INFO] 2021-12-21 14:17:11,182: ... preparing to launch node of type [tactile_pressure_sensor/pressure_LocAndForceEstimation.py]
[roslaunch][INFO] 2021-12-21 14:17:11,182: create_node_process: package[tactile_pressure_sensor] type[pressure_LocAndForceEstimation.py] machine[Machine(name[] env_loader[None] address[localhost] ssh_port[22] user[None] assignable[True] timeout[10.0])] master_uri[http://localhost:11311]
[roslaunch][INFO] 2021-12-21 14:17:11,182: process[sensor/process_tactile_pressure-3]: env[{'ROS_DISTRO': 'melodic', 'ROSLISP_PACKAGE_DIRECTORIES': '/home/ros/catkin_ws/devel/share/common-lisp', 'LD_LIBRARY_PATH': '/home/ros/catkin_ws/devel/lib:/opt/ros/melodic/lib', 'ROS_PACKAGE_PATH': '/home/ros/catkin_ws/src:/opt/ros/melodic/share', 'PATH': '/opt/ros/melodic/bin:/usr/local/sbin:/usr/local/bin:/usr/sbin:/usr/bin:/sbin:/bin', 'CMAKE_PREFIX_PATH': '/home/ros/catkin_ws/devel:/opt/ros/melodic', 'ROS_LOG_FILENAME': '/home/ros/.ros/log/afac511c-6268-11ec-91bb-7c507959f385/roslaunch-FM00351-u-100.log', 'LANG': 'C.UTF-8', 'TERM': 'xterm', 'SHLVL': '1', 'DISPLAY': ':0', 'UNAME': 'ros', 'ROS_ETC_DIR': '/opt/ros/melodic/etc/ros', 'HOME': '/home/ros', 'ROS_PYTHON_VERSION': '2', 'PYTHONPATH': '/home/ros/catkin_ws/devel/lib/python2.7/dist-packages:/opt/ros/melodic/lib/python2.7/dist-packages', 'QT_X11_NO_MITSHM': '1', 'ROS_ROOT': '/opt/ros/melodic/share/ros', 'PKG_CONFIG_PATH': '/home/ros/catkin_ws/devel/lib/pkgconfig:/opt/ros/melodic/lib/pkgconfig', 'LC_ALL': 'C.UTF-8', 'ROS_NAMESPACE': '/sensor', '_': '/opt/ros/melodic/bin/roslaunch', 'OLDPWD': '/home/ros', 'HOSTNAME': 'FM00351-u', 'PWD': '/home/ros/catkin_ws', 'ROS_MASTER_URI': 'http://localhost:11311', 'ROS_VERSION': '1'}]
[roslaunch][INFO] 2021-12-21 14:17:11,183: process[sensor/process_tactile_pressure-3]: args[[u'/home/ros/catkin_ws/src/tactile_pressure_sensor/src/pressure_LocAndForceEstimation.py', u'/sensor/pressure_data:=/sensor/pressure_data', u'estimated_ForceAndLoc:=/sensor/estimated_ForceAndLoc', u'__name:=process_tactile_pressure']]
[roslaunch][INFO] 2021-12-21 14:17:11,183: ... created process [sensor/process_tactile_pressure-3]
[roslaunch.pmon][INFO] 2021-12-21 14:17:11,183: ProcessMonitor.register[sensor/process_tactile_pressure-3]
[roslaunch.pmon][INFO] 2021-12-21 14:17:11,183: ProcessMonitor.register[sensor/process_tactile_pressure-3] complete
[roslaunch][INFO] 2021-12-21 14:17:11,183: ... registered process [sensor/process_tactile_pressure-3]
[roslaunch][INFO] 2021-12-21 14:17:11,183: process[sensor/process_tactile_pressure-3]: starting os process
[roslaunch][INFO] 2021-12-21 14:17:11,183: process[sensor/process_tactile_pressure-3]: start w/ args [[u'/home/ros/catkin_ws/src/tactile_pressure_sensor/src/pressure_LocAndForceEstimation.py', u'/sensor/pressure_data:=/sensor/pressure_data', u'estimated_ForceAndLoc:=/sensor/estimated_ForceAndLoc', u'__name:=process_tactile_pressure', u'__log:=/home/ros/.ros/log/afac511c-6268-11ec-91bb-7c507959f385/sensor-process_tactile_pressure-3.log']]
[roslaunch][INFO] 2021-12-21 14:17:11,183: process[sensor/process_tactile_pressure-3]: cwd will be [/home/ros/.ros]
[roslaunch][INFO] 2021-12-21 14:17:11,248: process[sensor/process_tactile_pressure-3]: started with pid [129]
[roslaunch][INFO] 2021-12-21 14:17:11,248: ... successfully launched [sensor/process_tactile_pressure-3]
[roslaunch][INFO] 2021-12-21 14:17:11,248: ... launch_nodes complete
[roslaunch.pmon][INFO] 2021-12-21 14:17:11,248: registrations completed <ProcessMonitor(ProcessMonitor-1, started daemon 140647971829504)>
[roslaunch.parent][INFO] 2021-12-21 14:17:11,248: ... roslaunch parent running, waiting for process exit
[roslaunch][INFO] 2021-12-21 14:17:11,249: spin
[roslaunch][INFO] 2021-12-21 14:17:15,447: [sensor/process_tactile_pressure-3] process has finished cleanly
log file: /home/ros/.ros/log/afac511c-6268-11ec-91bb-7c507959f385/sensor-process_tactile_pressure-3*.log
[roslaunch.pmon][INFO] 2021-12-21 14:17:15,448: ProcessMonitor.unregister[sensor/process_tactile_pressure-3] starting
[roslaunch.pmon][INFO] 2021-12-21 14:17:15,448: ProcessMonitor.unregister[sensor/process_tactile_pressure-3] complete
[roslaunch.pmon][INFO] 2021-12-21 14:17:16,590: ProcessMonitor.shutdown <ProcessMonitor(ProcessMonitor-1, started daemon 140647971829504)>
[roslaunch.pmon][INFO] 2021-12-21 14:17:16,652: ProcessMonitor._post_run <ProcessMonitor(ProcessMonitor-1, started daemon 140647971829504)>
[roslaunch.pmon][INFO] 2021-12-21 14:17:16,652: ProcessMonitor._post_run <ProcessMonitor(ProcessMonitor-1, started daemon 140647971829504)>: remaining procs are [<roslaunch.nodeprocess.LocalProcess object at 0x7feb28e06c90>, <roslaunch.nodeprocess.LocalProcess object at 0x7feb28869050>, <roslaunch.nodeprocess.LocalProcess object at 0x7feb28e03310>]
[roslaunch.pmon][INFO] 2021-12-21 14:17:16,653: ProcessMonitor exit: killing sensor/tactile_pressure-2
[roslaunch][INFO] 2021-12-21 14:17:16,653: [sensor/tactile_pressure-2] killing on exit
[roslaunch][INFO] 2021-12-21 14:17:16,654: process[sensor/tactile_pressure-2]: killing os process with pid[124] pgid[124]
[roslaunch][INFO] 2021-12-21 14:17:16,655: [sensor/tactile_pressure-2] sending SIGINT to pgid [124]
[roslaunch][INFO] 2021-12-21 14:17:16,655: [sensor/tactile_pressure-2] sent SIGINT to pgid [124]
[roslaunch][INFO] 2021-12-21 14:17:16,856: process[sensor/tactile_pressure-2]: SIGINT killed with return value 0
[roslaunch.pmon][INFO] 2021-12-21 14:17:16,857: ProcessMonitor exit: killing rosout-1
[roslaunch][INFO] 2021-12-21 14:17:16,857: [rosout-1] killing on exit
[roslaunch][INFO] 2021-12-21 14:17:16,857: process[rosout-1]: killing os process with pid[121] pgid[121]
[roslaunch][INFO] 2021-12-21 14:17:16,857: [rosout-1] sending SIGINT to pgid [121]
[roslaunch][INFO] 2021-12-21 14:17:16,858: [rosout-1] sent SIGINT to pgid [121]
[roslaunch][INFO] 2021-12-21 14:17:17,058: process[rosout-1]: SIGINT killed with return value 0
[roslaunch.pmon][INFO] 2021-12-21 14:17:17,059: ProcessMonitor exit: killing master
[roslaunch][INFO] 2021-12-21 14:17:17,059: [master] killing on exit
[roslaunch][INFO] 2021-12-21 14:17:17,059: process[master]: killing os process with pid[110] pgid[110]
[roslaunch][INFO] 2021-12-21 14:17:17,059: [master] sending SIGINT to pgid [110]
[roslaunch][INFO] 2021-12-21 14:17:17,059: [master] sent SIGINT to pgid [110]
[roslaunch][INFO] 2021-12-21 14:17:17,260: process[master]: SIGINT killed with return value 0
[roslaunch.pmon][INFO] 2021-12-21 14:17:17,260: ProcessMonitor exit: cleaning up data structures and signals
[roslaunch.pmon][INFO] 2021-12-21 14:17:17,260: ProcessMonitor exit: pmon has shutdown
[roslaunch][INFO] 2021-12-21 14:17:17,307: process monitor is done spinning, initiating full shutdown
[roslaunch][INFO] 2021-12-21 14:17:17,307: runner.stop()
[roslaunch][INFO] 2021-12-21 14:17:17,307: shutting down processing monitor...
[roslaunch][INFO] 2021-12-21 14:17:17,307: shutting down processing monitor <ProcessMonitor(ProcessMonitor-1, stopped daemon 140647971829504)>
[roslaunch.pmon][INFO] 2021-12-21 14:17:17,308: ProcessMonitor.shutdown <ProcessMonitor(ProcessMonitor-1, stopped daemon 140647971829504)>
[roslaunch][INFO] 2021-12-21 14:17:17,308: ... shutting down processing monitor complete
[roslaunch][INFO] 2021-12-21 14:17:17,308: done
[roslaunch.pmon][INFO] 2021-12-21 14:17:17,308: ProcessMonitor.shutdown <ProcessMonitor(ProcessMonitor-1, stopped daemon 140647971829504)>
[rospy.core][INFO] 2021-12-21 14:17:17,308: signal_shutdown [atexit]
