[roslaunch][INFO] 2022-02-23 11:08:16,759: Checking log directory for disk usage. This may take a while.
Press Ctrl-C to interrupt
[roslaunch][INFO] 2022-02-23 11:08:16,763: Done checking log file disk usage. Usage is <1GB.
[roslaunch][INFO] 2022-02-23 11:08:16,763: roslaunch starting with args ['/opt/ros/melodic/bin/roslaunch', 'fm_gripper_module', 'fm_gripper_module.launch']
[roslaunch][INFO] 2022-02-23 11:08:16,763: roslaunch env is {'ROS_DISTRO': 'melodic', 'ROSLISP_PACKAGE_DIRECTORIES': '/home/ros/catkin_ws/devel/share/common-lisp', 'HOME': '/home/ros', 'PATH': '/opt/ros/melodic/bin:/usr/local/sbin:/usr/local/bin:/usr/sbin:/usr/bin:/sbin:/bin', 'ROS_PACKAGE_PATH': '/home/ros/catkin_ws/src:/opt/ros/melodic/share', 'CMAKE_PREFIX_PATH': '/home/ros/catkin_ws/devel:/opt/ros/melodic', 'LD_LIBRARY_PATH': '/home/ros/catkin_ws/devel/lib:/opt/ros/melodic/lib', 'LANG': 'C.UTF-8', 'TERM': 'xterm', 'ROS_LOG_FILENAME': '/home/ros/.ros/log/e6a148aa-9498-11ec-81d4-7c507959f385/roslaunch-FM00351-u-13618.log', 'SHLVL': '1', 'DISPLAY': ':0', 'UNAME': 'ros', 'ROS_MASTER_URI': 'http://localhost:11311', 'ROS_PYTHON_VERSION': '2', 'PYTHONPATH': '/home/ros/catkin_ws/devel/lib/python2.7/dist-packages:/opt/ros/melodic/lib/python2.7/dist-packages', 'QT_X11_NO_MITSHM': '1', 'ROS_ROOT': '/opt/ros/melodic/share/ros', 'PKG_CONFIG_PATH': '/home/ros/catkin_ws/devel/lib/pkgconfig:/opt/ros/melodic/lib/pkgconfig', 'LC_ALL': 'C.UTF-8', '_': '/opt/ros/melodic/bin/roslaunch', 'OLDPWD': '/home/ros', 'HOSTNAME': 'FM00351-u', 'PWD': '/home/ros/catkin_ws', 'ROS_ETC_DIR': '/opt/ros/melodic/etc/ros', 'ROS_VERSION': '1'}
[roslaunch][INFO] 2022-02-23 11:08:16,763: starting in server mode
[roslaunch.parent][INFO] 2022-02-23 11:08:16,763: starting roslaunch parent run
[roslaunch][INFO] 2022-02-23 11:08:16,763: loading roscore config file /opt/ros/melodic/etc/ros/roscore.xml
[roslaunch][INFO] 2022-02-23 11:08:17,070: Added core node of type [rosout/rosout] in namespace [/]
[roslaunch.config][INFO] 2022-02-23 11:08:17,070: loading config file /home/ros/catkin_ws/src/fm_gripper_module/launch/fm_gripper_module.launch
[roslaunch][INFO] 2022-02-23 11:08:17,071: Added node of type [robotiq_2f_gripper_control/Robotiq2FGripperRtuNode.py] in namespace [/]
[roslaunch][INFO] 2022-02-23 11:08:17,071: Added node of type [fm_gripper_module/Robotiq2FGripperSlipController.py] in namespace [/]
[roslaunch][INFO] 2022-02-23 11:08:17,071: Added node of type [fm_gripper_module/gripper_action_server.py] in namespace [/]
[roslaunch][INFO] 2022-02-23 11:08:17,071: ... selected machine [] for node of type [robotiq_2f_gripper_control/Robotiq2FGripperRtuNode.py]
[roslaunch][INFO] 2022-02-23 11:08:17,071: ... selected machine [] for node of type [fm_gripper_module/Robotiq2FGripperSlipController.py]
[roslaunch][INFO] 2022-02-23 11:08:17,071: ... selected machine [] for node of type [fm_gripper_module/gripper_action_server.py]
[roslaunch.pmon][INFO] 2022-02-23 11:08:17,072: start_process_monitor: creating ProcessMonitor
[roslaunch.pmon][INFO] 2022-02-23 11:08:17,072: created process monitor <ProcessMonitor(ProcessMonitor-1, initial daemon)>
[roslaunch.pmon][INFO] 2022-02-23 11:08:17,072: start_process_monitor: ProcessMonitor started
[roslaunch.parent][INFO] 2022-02-23 11:08:17,072: starting parent XML-RPC server
[roslaunch.server][INFO] 2022-02-23 11:08:17,072: starting roslaunch XML-RPC server
[roslaunch.server][INFO] 2022-02-23 11:08:17,072: waiting for roslaunch XML-RPC server to initialize
[xmlrpc][INFO] 2022-02-23 11:08:17,073: XML-RPC server binding to 0.0.0.0:0
[xmlrpc][INFO] 2022-02-23 11:08:17,073: Started XML-RPC server [http://FM00351-u:34065/]
[xmlrpc][INFO] 2022-02-23 11:08:17,073: xml rpc node: starting XML-RPC server
[roslaunch][INFO] 2022-02-23 11:08:17,084: started roslaunch server http://FM00351-u:34065/
[roslaunch.parent][INFO] 2022-02-23 11:08:17,084: ... parent XML-RPC server started
[roslaunch][INFO] 2022-02-23 11:08:17,084: master.is_running[http://localhost:11311]
[roslaunch][INFO] 2022-02-23 11:08:17,084: auto-starting new master
[roslaunch][INFO] 2022-02-23 11:08:17,084: create_master_process: rosmaster, /opt/ros/melodic/share/ros, 11311, 3, None, False
[roslaunch][INFO] 2022-02-23 11:08:17,084: process[master]: launching with args [['rosmaster', '--core', '-p', '11311', '-w', '3']]
[roslaunch.pmon][INFO] 2022-02-23 11:08:17,084: ProcessMonitor.register[master]
[roslaunch.pmon][INFO] 2022-02-23 11:08:17,084: ProcessMonitor.register[master] complete
[roslaunch][INFO] 2022-02-23 11:08:17,084: process[master]: starting os process
[roslaunch][INFO] 2022-02-23 11:08:17,085: process[master]: start w/ args [['rosmaster', '--core', '-p', '11311', '-w', '3', '__log:=/home/ros/.ros/log/e6a148aa-9498-11ec-81d4-7c507959f385/master.log']]
[roslaunch][INFO] 2022-02-23 11:08:17,085: process[master]: cwd will be [/home/ros/.ros]
[roslaunch][INFO] 2022-02-23 11:08:17,152: process[master]: started with pid [13628]
[roslaunch][INFO] 2022-02-23 11:08:17,152: master.is_running[http://localhost:11311]
[roslaunch][INFO] 2022-02-23 11:08:17,252: master.is_running[http://localhost:11311]
[roslaunch][INFO] 2022-02-23 11:08:17,353: master.is_running[http://localhost:11311]
[roslaunch][INFO] 2022-02-23 11:08:17,354: master.is_running[http://localhost:11311]
[roslaunch][INFO] 2022-02-23 11:08:17,356: ROS_MASTER_URI=http://localhost:11311
[roslaunch][INFO] 2022-02-23 11:08:17,357: setting /run_id to e6a148aa-9498-11ec-81d4-7c507959f385
[roslaunch][INFO] 2022-02-23 11:08:17,358: setting /roslaunch/uris/host_fm00351_u__34065' to http://FM00351-u:34065/
[roslaunch][INFO] 2022-02-23 11:08:17,361: ... preparing to launch node of type [rosout/rosout]
[roslaunch][INFO] 2022-02-23 11:08:17,361: create_node_process: package[rosout] type[rosout] machine[Machine(name[] env_loader[None] address[localhost] ssh_port[22] user[None] assignable[True] timeout[10.0])] master_uri[http://localhost:11311]
[roslaunch][INFO] 2022-02-23 11:08:17,361: process[rosout-1]: env[{'ROS_DISTRO': 'melodic', 'ROSLISP_PACKAGE_DIRECTORIES': '/home/ros/catkin_ws/devel/share/common-lisp', 'LD_LIBRARY_PATH': '/home/ros/catkin_ws/devel/lib:/opt/ros/melodic/lib', 'ROS_PACKAGE_PATH': '/home/ros/catkin_ws/src:/opt/ros/melodic/share', 'PATH': '/opt/ros/melodic/bin:/usr/local/sbin:/usr/local/bin:/usr/sbin:/usr/bin:/sbin:/bin', 'CMAKE_PREFIX_PATH': '/home/ros/catkin_ws/devel:/opt/ros/melodic', 'ROS_LOG_FILENAME': '/home/ros/.ros/log/e6a148aa-9498-11ec-81d4-7c507959f385/roslaunch-FM00351-u-13618.log', 'LANG': 'C.UTF-8', 'TERM': 'xterm', 'SHLVL': '1', 'DISPLAY': ':0', 'UNAME': 'ros', 'ROS_ETC_DIR': '/opt/ros/melodic/etc/ros', 'HOME': '/home/ros', 'ROS_PYTHON_VERSION': '2', 'PYTHONPATH': '/home/ros/catkin_ws/devel/lib/python2.7/dist-packages:/opt/ros/melodic/lib/python2.7/dist-packages', 'QT_X11_NO_MITSHM': '1', 'ROS_ROOT': '/opt/ros/melodic/share/ros', 'PKG_CONFIG_PATH': '/home/ros/catkin_ws/devel/lib/pkgconfig:/opt/ros/melodic/lib/pkgconfig', 'LC_ALL': 'C.UTF-8', '_': '/opt/ros/melodic/bin/roslaunch', 'OLDPWD': '/home/ros', 'HOSTNAME': 'FM00351-u', 'PWD': '/home/ros/catkin_ws', 'ROS_MASTER_URI': 'http://localhost:11311', 'ROS_VERSION': '1'}]
[roslaunch][INFO] 2022-02-23 11:08:17,562: process[rosout-1]: args[[u'/opt/ros/melodic/lib/rosout/rosout', u'__name:=rosout']]
[roslaunch][INFO] 2022-02-23 11:08:17,562: ... created process [rosout-1]
[roslaunch.pmon][INFO] 2022-02-23 11:08:17,562: ProcessMonitor.register[rosout-1]
[roslaunch.pmon][INFO] 2022-02-23 11:08:17,562: ProcessMonitor.register[rosout-1] complete
[roslaunch][INFO] 2022-02-23 11:08:17,562: ... registered process [rosout-1]
[roslaunch][INFO] 2022-02-23 11:08:17,562: process[rosout-1]: starting os process
[roslaunch][INFO] 2022-02-23 11:08:17,562: process[rosout-1]: start w/ args [[u'/opt/ros/melodic/lib/rosout/rosout', u'__name:=rosout', u'__log:=/home/ros/.ros/log/e6a148aa-9498-11ec-81d4-7c507959f385/rosout-1.log']]
[roslaunch][INFO] 2022-02-23 11:08:17,562: process[rosout-1]: cwd will be [/home/ros/.ros]
[roslaunch][INFO] 2022-02-23 11:08:17,628: process[rosout-1]: started with pid [13639]
[roslaunch][INFO] 2022-02-23 11:08:17,628: ... successfully launched [rosout-1]
[roslaunch][INFO] 2022-02-23 11:08:17,629: load_parameters starting ...
[roslaunch][INFO] 2022-02-23 11:08:17,632: ... load_parameters complete
[roslaunch][INFO] 2022-02-23 11:08:17,632: launch_nodes: launching local nodes ...
[roslaunch][INFO] 2022-02-23 11:08:17,632: ... preparing to launch node of type [robotiq_2f_gripper_control/Robotiq2FGripperRtuNode.py]
[roslaunch][INFO] 2022-02-23 11:08:17,632: create_node_process: package[robotiq_2f_gripper_control] type[Robotiq2FGripperRtuNode.py] machine[Machine(name[] env_loader[None] address[localhost] ssh_port[22] user[None] assignable[True] timeout[10.0])] master_uri[http://localhost:11311]
[roslaunch][INFO] 2022-02-23 11:08:17,632: process[Robotiq2FGripperRtuNode-2]: env[{'ROS_DISTRO': 'melodic', 'ROSLISP_PACKAGE_DIRECTORIES': '/home/ros/catkin_ws/devel/share/common-lisp', 'LD_LIBRARY_PATH': '/home/ros/catkin_ws/devel/lib:/opt/ros/melodic/lib', 'ROS_PACKAGE_PATH': '/home/ros/catkin_ws/src:/opt/ros/melodic/share', 'PATH': '/opt/ros/melodic/bin:/usr/local/sbin:/usr/local/bin:/usr/sbin:/usr/bin:/sbin:/bin', 'CMAKE_PREFIX_PATH': '/home/ros/catkin_ws/devel:/opt/ros/melodic', 'ROS_LOG_FILENAME': '/home/ros/.ros/log/e6a148aa-9498-11ec-81d4-7c507959f385/roslaunch-FM00351-u-13618.log', 'LANG': 'C.UTF-8', 'TERM': 'xterm', 'SHLVL': '1', 'DISPLAY': ':0', 'UNAME': 'ros', 'ROS_ETC_DIR': '/opt/ros/melodic/etc/ros', 'HOME': '/home/ros', 'ROS_PYTHON_VERSION': '2', 'PYTHONPATH': '/home/ros/catkin_ws/devel/lib/python2.7/dist-packages:/opt/ros/melodic/lib/python2.7/dist-packages', 'QT_X11_NO_MITSHM': '1', 'ROS_ROOT': '/opt/ros/melodic/share/ros', 'PKG_CONFIG_PATH': '/home/ros/catkin_ws/devel/lib/pkgconfig:/opt/ros/melodic/lib/pkgconfig', 'LC_ALL': 'C.UTF-8', '_': '/opt/ros/melodic/bin/roslaunch', 'OLDPWD': '/home/ros', 'HOSTNAME': 'FM00351-u', 'PWD': '/home/ros/catkin_ws', 'ROS_MASTER_URI': 'http://localhost:11311', 'ROS_VERSION': '1'}]
[roslaunch][INFO] 2022-02-23 11:08:17,633: process[Robotiq2FGripperRtuNode-2]: args[[u'/home/ros/catkin_ws/src/robotiq/robotiq_2f_gripper_control/nodes/Robotiq2FGripperRtuNode.py', '/dev/ttyUSB0', u'__name:=Robotiq2FGripperRtuNode']]
[roslaunch][INFO] 2022-02-23 11:08:17,633: ... created process [Robotiq2FGripperRtuNode-2]
[roslaunch.pmon][INFO] 2022-02-23 11:08:17,633: ProcessMonitor.register[Robotiq2FGripperRtuNode-2]
[roslaunch.pmon][INFO] 2022-02-23 11:08:17,633: ProcessMonitor.register[Robotiq2FGripperRtuNode-2] complete
[roslaunch][INFO] 2022-02-23 11:08:17,633: ... registered process [Robotiq2FGripperRtuNode-2]
[roslaunch][INFO] 2022-02-23 11:08:17,633: process[Robotiq2FGripperRtuNode-2]: starting os process
[roslaunch][INFO] 2022-02-23 11:08:17,633: process[Robotiq2FGripperRtuNode-2]: start w/ args [[u'/home/ros/catkin_ws/src/robotiq/robotiq_2f_gripper_control/nodes/Robotiq2FGripperRtuNode.py', '/dev/ttyUSB0', u'__name:=Robotiq2FGripperRtuNode', u'__log:=/home/ros/.ros/log/e6a148aa-9498-11ec-81d4-7c507959f385/Robotiq2FGripperRtuNode-2.log']]
[roslaunch][INFO] 2022-02-23 11:08:17,633: process[Robotiq2FGripperRtuNode-2]: cwd will be [/home/ros/.ros]
[roslaunch][INFO] 2022-02-23 11:08:17,700: process[Robotiq2FGripperRtuNode-2]: started with pid [13642]
[roslaunch][INFO] 2022-02-23 11:08:17,700: ... successfully launched [Robotiq2FGripperRtuNode-2]
[roslaunch][INFO] 2022-02-23 11:08:17,700: ... preparing to launch node of type [fm_gripper_module/Robotiq2FGripperSlipController.py]
[roslaunch][INFO] 2022-02-23 11:08:17,700: create_node_process: package[fm_gripper_module] type[Robotiq2FGripperSlipController.py] machine[Machine(name[] env_loader[None] address[localhost] ssh_port[22] user[None] assignable[True] timeout[10.0])] master_uri[http://localhost:11311]
[roslaunch][INFO] 2022-02-23 11:08:17,700: process[Robotiq2FGripperSlipController-3]: env[{'ROS_DISTRO': 'melodic', 'ROSLISP_PACKAGE_DIRECTORIES': '/home/ros/catkin_ws/devel/share/common-lisp', 'LD_LIBRARY_PATH': '/home/ros/catkin_ws/devel/lib:/opt/ros/melodic/lib', 'ROS_PACKAGE_PATH': '/home/ros/catkin_ws/src:/opt/ros/melodic/share', 'PATH': '/opt/ros/melodic/bin:/usr/local/sbin:/usr/local/bin:/usr/sbin:/usr/bin:/sbin:/bin', 'CMAKE_PREFIX_PATH': '/home/ros/catkin_ws/devel:/opt/ros/melodic', 'ROS_LOG_FILENAME': '/home/ros/.ros/log/e6a148aa-9498-11ec-81d4-7c507959f385/roslaunch-FM00351-u-13618.log', 'LANG': 'C.UTF-8', 'TERM': 'xterm', 'SHLVL': '1', 'DISPLAY': ':0', 'UNAME': 'ros', 'ROS_ETC_DIR': '/opt/ros/melodic/etc/ros', 'HOME': '/home/ros', 'ROS_PYTHON_VERSION': '2', 'PYTHONPATH': '/home/ros/catkin_ws/devel/lib/python2.7/dist-packages:/opt/ros/melodic/lib/python2.7/dist-packages', 'QT_X11_NO_MITSHM': '1', 'ROS_ROOT': '/opt/ros/melodic/share/ros', 'PKG_CONFIG_PATH': '/home/ros/catkin_ws/devel/lib/pkgconfig:/opt/ros/melodic/lib/pkgconfig', 'LC_ALL': 'C.UTF-8', '_': '/opt/ros/melodic/bin/roslaunch', 'OLDPWD': '/home/ros', 'HOSTNAME': 'FM00351-u', 'PWD': '/home/ros/catkin_ws', 'ROS_MASTER_URI': 'http://localhost:11311', 'ROS_VERSION': '1'}]
[roslaunch][INFO] 2022-02-23 11:08:17,701: process[Robotiq2FGripperSlipController-3]: args[[u'/home/ros/catkin_ws/src/fm_gripper_module/src/Robotiq2FGripperSlipController.py', u'__name:=Robotiq2FGripperSlipController']]
[roslaunch][INFO] 2022-02-23 11:08:17,701: ... created process [Robotiq2FGripperSlipController-3]
[roslaunch.pmon][INFO] 2022-02-23 11:08:17,701: ProcessMonitor.register[Robotiq2FGripperSlipController-3]
[roslaunch.pmon][INFO] 2022-02-23 11:08:17,701: ProcessMonitor.register[Robotiq2FGripperSlipController-3] complete
[roslaunch][INFO] 2022-02-23 11:08:17,701: ... registered process [Robotiq2FGripperSlipController-3]
[roslaunch][INFO] 2022-02-23 11:08:17,701: process[Robotiq2FGripperSlipController-3]: starting os process
[roslaunch][INFO] 2022-02-23 11:08:17,701: process[Robotiq2FGripperSlipController-3]: start w/ args [[u'/home/ros/catkin_ws/src/fm_gripper_module/src/Robotiq2FGripperSlipController.py', u'__name:=Robotiq2FGripperSlipController', u'__log:=/home/ros/.ros/log/e6a148aa-9498-11ec-81d4-7c507959f385/Robotiq2FGripperSlipController-3.log']]
[roslaunch][INFO] 2022-02-23 11:08:17,701: process[Robotiq2FGripperSlipController-3]: cwd will be [/home/ros/.ros]
[roslaunch][INFO] 2022-02-23 11:08:17,771: process[Robotiq2FGripperSlipController-3]: started with pid [13647]
[roslaunch][INFO] 2022-02-23 11:08:17,771: ... successfully launched [Robotiq2FGripperSlipController-3]
[roslaunch][INFO] 2022-02-23 11:08:17,771: ... preparing to launch node of type [fm_gripper_module/gripper_action_server.py]
[roslaunch][INFO] 2022-02-23 11:08:17,771: create_node_process: package[fm_gripper_module] type[gripper_action_server.py] machine[Machine(name[] env_loader[None] address[localhost] ssh_port[22] user[None] assignable[True] timeout[10.0])] master_uri[http://localhost:11311]
[roslaunch][INFO] 2022-02-23 11:08:17,772: process[gripper_action_server-4]: env[{'ROS_DISTRO': 'melodic', 'ROSLISP_PACKAGE_DIRECTORIES': '/home/ros/catkin_ws/devel/share/common-lisp', 'LD_LIBRARY_PATH': '/home/ros/catkin_ws/devel/lib:/opt/ros/melodic/lib', 'ROS_PACKAGE_PATH': '/home/ros/catkin_ws/src:/opt/ros/melodic/share', 'PATH': '/opt/ros/melodic/bin:/usr/local/sbin:/usr/local/bin:/usr/sbin:/usr/bin:/sbin:/bin', 'CMAKE_PREFIX_PATH': '/home/ros/catkin_ws/devel:/opt/ros/melodic', 'ROS_LOG_FILENAME': '/home/ros/.ros/log/e6a148aa-9498-11ec-81d4-7c507959f385/roslaunch-FM00351-u-13618.log', 'LANG': 'C.UTF-8', 'TERM': 'xterm', 'SHLVL': '1', 'DISPLAY': ':0', 'UNAME': 'ros', 'ROS_ETC_DIR': '/opt/ros/melodic/etc/ros', 'HOME': '/home/ros', 'ROS_PYTHON_VERSION': '2', 'PYTHONPATH': '/home/ros/catkin_ws/devel/lib/python2.7/dist-packages:/opt/ros/melodic/lib/python2.7/dist-packages', 'QT_X11_NO_MITSHM': '1', 'ROS_ROOT': '/opt/ros/melodic/share/ros', 'PKG_CONFIG_PATH': '/home/ros/catkin_ws/devel/lib/pkgconfig:/opt/ros/melodic/lib/pkgconfig', 'LC_ALL': 'C.UTF-8', '_': '/opt/ros/melodic/bin/roslaunch', 'OLDPWD': '/home/ros', 'HOSTNAME': 'FM00351-u', 'PWD': '/home/ros/catkin_ws', 'ROS_MASTER_URI': 'http://localhost:11311', 'ROS_VERSION': '1'}]
[roslaunch][INFO] 2022-02-23 11:08:17,772: process[gripper_action_server-4]: args[[u'/home/ros/catkin_ws/src/fm_gripper_module/src/gripper_action_server.py', u'__name:=gripper_action_server']]
[roslaunch][INFO] 2022-02-23 11:08:17,772: ... created process [gripper_action_server-4]
[roslaunch.pmon][INFO] 2022-02-23 11:08:17,772: ProcessMonitor.register[gripper_action_server-4]
[roslaunch.pmon][INFO] 2022-02-23 11:08:17,772: ProcessMonitor.register[gripper_action_server-4] complete
[roslaunch][INFO] 2022-02-23 11:08:17,772: ... registered process [gripper_action_server-4]
[roslaunch][INFO] 2022-02-23 11:08:17,772: process[gripper_action_server-4]: starting os process
[roslaunch][INFO] 2022-02-23 11:08:17,772: process[gripper_action_server-4]: start w/ args [[u'/home/ros/catkin_ws/src/fm_gripper_module/src/gripper_action_server.py', u'__name:=gripper_action_server', u'__log:=/home/ros/.ros/log/e6a148aa-9498-11ec-81d4-7c507959f385/gripper_action_server-4.log']]
[roslaunch][INFO] 2022-02-23 11:08:17,773: process[gripper_action_server-4]: cwd will be [/home/ros/.ros]
[roslaunch][INFO] 2022-02-23 11:08:17,848: process[gripper_action_server-4]: started with pid [13648]
[roslaunch][INFO] 2022-02-23 11:08:17,848: ... successfully launched [gripper_action_server-4]
[roslaunch][INFO] 2022-02-23 11:08:17,848: ... launch_nodes complete
[roslaunch.pmon][INFO] 2022-02-23 11:08:17,848: registrations completed <ProcessMonitor(ProcessMonitor-1, started daemon 140383671486208)>
[roslaunch.parent][INFO] 2022-02-23 11:08:17,848: ... roslaunch parent running, waiting for process exit
[roslaunch][INFO] 2022-02-23 11:08:17,848: spin
[roslaunch][ERROR] 2022-02-23 11:08:18,476: [gripper_action_server-4] process has died [pid 13648, exit code 1, cmd /home/ros/catkin_ws/src/fm_gripper_module/src/gripper_action_server.py __name:=gripper_action_server __log:=/home/ros/.ros/log/e6a148aa-9498-11ec-81d4-7c507959f385/gripper_action_server-4.log].
log file: /home/ros/.ros/log/e6a148aa-9498-11ec-81d4-7c507959f385/gripper_action_server-4*.log
[roslaunch.pmon][INFO] 2022-02-23 11:08:18,477: ProcessMonitor.unregister[gripper_action_server-4] starting
[roslaunch.pmon][INFO] 2022-02-23 11:08:18,477: ProcessMonitor.unregister[gripper_action_server-4] complete
[roslaunch.pmon][INFO] 2022-02-23 11:08:30,619: ProcessMonitor.shutdown <ProcessMonitor(ProcessMonitor-1, started daemon 140383671486208)>
[roslaunch.pmon][INFO] 2022-02-23 11:08:30,712: ProcessMonitor._post_run <ProcessMonitor(ProcessMonitor-1, started daemon 140383671486208)>
[roslaunch.pmon][INFO] 2022-02-23 11:08:30,712: ProcessMonitor._post_run <ProcessMonitor(ProcessMonitor-1, started daemon 140383671486208)>: remaining procs are [<roslaunch.nodeprocess.LocalProcess object at 0x7fad9f0a3f90>, <roslaunch.nodeprocess.LocalProcess object at 0x7fad9f52e390>, <roslaunch.nodeprocess.LocalProcess object at 0x7fad9f0a3a90>, <roslaunch.nodeprocess.LocalProcess object at 0x7fad9f0a3ed0>]
[roslaunch.pmon][INFO] 2022-02-23 11:08:30,713: ProcessMonitor exit: killing Robotiq2FGripperSlipController-3
[roslaunch][INFO] 2022-02-23 11:08:30,713: [Robotiq2FGripperSlipController-3] killing on exit
[roslaunch][INFO] 2022-02-23 11:08:30,714: process[Robotiq2FGripperSlipController-3]: killing os process with pid[13647] pgid[13647]
[roslaunch][INFO] 2022-02-23 11:08:30,714: [Robotiq2FGripperSlipController-3] sending SIGINT to pgid [13647]
[roslaunch.pmon][INFO] 2022-02-23 11:08:30,714: ProcessMonitor exit: killing Robotiq2FGripperRtuNode-2
[roslaunch][INFO] 2022-02-23 11:08:30,715: [Robotiq2FGripperSlipController-3] sent SIGINT to pgid [13647]
[roslaunch][INFO] 2022-02-23 11:08:30,716: [Robotiq2FGripperRtuNode-2] killing on exit
[roslaunch][INFO] 2022-02-23 11:08:30,717: process[Robotiq2FGripperRtuNode-2]: killing os process with pid[13642] pgid[13642]
[roslaunch][INFO] 2022-02-23 11:08:30,717: [Robotiq2FGripperRtuNode-2] sending SIGINT to pgid [13642]
[roslaunch][INFO] 2022-02-23 11:08:30,718: [Robotiq2FGripperRtuNode-2] sent SIGINT to pgid [13642]
[roslaunch][INFO] 2022-02-23 11:08:30,918: process[Robotiq2FGripperRtuNode-2]: SIGINT killed with return value 0
[roslaunch][INFO] 2022-02-23 11:08:33,021: process[Robotiq2FGripperSlipController-3]: SIGINT killed with return value 0
[roslaunch.pmon][INFO] 2022-02-23 11:08:33,021: ProcessMonitor exit: killing rosout-1
[roslaunch][INFO] 2022-02-23 11:08:33,022: [rosout-1] killing on exit
[roslaunch][INFO] 2022-02-23 11:08:33,022: process[rosout-1]: killing os process with pid[13639] pgid[13639]
[roslaunch][INFO] 2022-02-23 11:08:33,022: [rosout-1] sending SIGINT to pgid [13639]
[roslaunch][INFO] 2022-02-23 11:08:33,022: [rosout-1] sent SIGINT to pgid [13639]
[roslaunch][INFO] 2022-02-23 11:08:33,122: process[rosout-1]: SIGINT killed with return value 0
[roslaunch.pmon][INFO] 2022-02-23 11:08:33,123: ProcessMonitor exit: killing master
[roslaunch][INFO] 2022-02-23 11:08:33,123: [master] killing on exit
[roslaunch][INFO] 2022-02-23 11:08:33,123: process[master]: killing os process with pid[13628] pgid[13628]
[roslaunch][INFO] 2022-02-23 11:08:33,123: [master] sending SIGINT to pgid [13628]
[roslaunch][INFO] 2022-02-23 11:08:33,123: [master] sent SIGINT to pgid [13628]
[roslaunch][INFO] 2022-02-23 11:08:33,323: process[master]: SIGINT killed with return value 0
[roslaunch.pmon][INFO] 2022-02-23 11:08:33,324: ProcessMonitor exit: cleaning up data structures and signals
[roslaunch.pmon][INFO] 2022-02-23 11:08:33,324: ProcessMonitor exit: pmon has shutdown
[roslaunch][INFO] 2022-02-23 11:08:33,345: process monitor is done spinning, initiating full shutdown
[roslaunch][INFO] 2022-02-23 11:08:33,345: runner.stop()
[roslaunch][INFO] 2022-02-23 11:08:33,346: shutting down processing monitor...
[roslaunch][INFO] 2022-02-23 11:08:33,346: shutting down processing monitor <ProcessMonitor(ProcessMonitor-1, stopped daemon 140383671486208)>
[roslaunch.pmon][INFO] 2022-02-23 11:08:33,346: ProcessMonitor.shutdown <ProcessMonitor(ProcessMonitor-1, stopped daemon 140383671486208)>
[roslaunch][INFO] 2022-02-23 11:08:33,346: ... shutting down processing monitor complete
[roslaunch][INFO] 2022-02-23 11:08:33,346: done
[roslaunch.pmon][INFO] 2022-02-23 11:08:33,346: ProcessMonitor.shutdown <ProcessMonitor(ProcessMonitor-1, stopped daemon 140383671486208)>
[rospy.core][INFO] 2022-02-23 11:08:33,347: signal_shutdown [atexit]
