[roslaunch][INFO] 2021-12-21 13:52:03,345: Checking log directory for disk usage. This may take a while.
Press Ctrl-C to interrupt
[roslaunch][INFO] 2021-12-21 13:52:03,347: Done checking log file disk usage. Usage is <1GB.
[roslaunch][INFO] 2021-12-21 13:52:03,347: roslaunch starting with args ['/opt/ros/melodic/bin/roslaunch', 'tactile_pressure_sensor', 'run_tactile_pressure.launch']
[roslaunch][INFO] 2021-12-21 13:52:03,347: roslaunch env is {'ROS_DISTRO': 'melodic', 'ROSLISP_PACKAGE_DIRECTORIES': '/home/ros/catkin_ws/devel/share/common-lisp', 'HOME': '/home/ros', 'PATH': '/opt/ros/melodic/bin:/usr/local/sbin:/usr/local/bin:/usr/sbin:/usr/bin:/sbin:/bin', 'ROS_PACKAGE_PATH': '/home/ros/catkin_ws/src:/opt/ros/melodic/share', 'CMAKE_PREFIX_PATH': '/home/ros/catkin_ws/devel:/opt/ros/melodic', 'LD_LIBRARY_PATH': '/home/ros/catkin_ws/devel/lib:/opt/ros/melodic/lib', 'LANG': 'C.UTF-8', 'ROS_LOG_FILENAME': '/home/ros/.ros/log/2d524b98-6265-11ec-a547-7c507959f385/roslaunch-FM00351-u-55.log', 'SHLVL': '2', 'DISPLAY': ':0', 'UNAME': 'ros', 'ROS_MASTER_URI': 'http://localhost:11311', 'ROS_PYTHON_VERSION': '2', 'PYTHONPATH': '/home/ros/catkin_ws/devel/lib/python2.7/dist-packages:/opt/ros/melodic/lib/python2.7/dist-packages', 'QT_X11_NO_MITSHM': '1', 'ROS_ROOT': '/opt/ros/melodic/share/ros', 'PKG_CONFIG_PATH': '/home/ros/catkin_ws/devel/lib/pkgconfig:/opt/ros/melodic/lib/pkgconfig', 'LC_ALL': 'C.UTF-8', '_': '/opt/ros/melodic/bin/roslaunch', 'OLDPWD': '/home/ros', 'HOSTNAME': 'FM00351-u', 'PWD': '/home/ros/catkin_ws', 'ROS_ETC_DIR': '/opt/ros/melodic/etc/ros', 'ROS_VERSION': '1'}
[roslaunch][INFO] 2021-12-21 13:52:03,347: starting in server mode
[roslaunch.parent][INFO] 2021-12-21 13:52:03,347: starting roslaunch parent run
[roslaunch][INFO] 2021-12-21 13:52:03,347: loading roscore config file /opt/ros/melodic/etc/ros/roscore.xml
[roslaunch][INFO] 2021-12-21 13:52:03,551: Added core node of type [rosout/rosout] in namespace [/]
[roslaunch.config][INFO] 2021-12-21 13:52:03,552: loading config file /home/ros/catkin_ws/src/tactile_pressure_sensor/launch/run_tactile_pressure.launch
[roslaunch][INFO] 2021-12-21 13:52:03,552: Added node of type [rosserial_arduino/serial_node.py] in namespace [/sensor/]
[roslaunch][INFO] 2021-12-21 13:52:03,552: Added node of type [tactile_pressure_sensor/pressure_LocAndForceEstimation.py] in namespace [/sensor/]
[roslaunch][INFO] 2021-12-21 13:52:03,552: ... selected machine [] for node of type [rosserial_arduino/serial_node.py]
[roslaunch][INFO] 2021-12-21 13:52:03,552: ... selected machine [] for node of type [tactile_pressure_sensor/pressure_LocAndForceEstimation.py]
[roslaunch.pmon][INFO] 2021-12-21 13:52:03,553: start_process_monitor: creating ProcessMonitor
[roslaunch.pmon][INFO] 2021-12-21 13:52:03,553: created process monitor <ProcessMonitor(ProcessMonitor-1, initial daemon)>
[roslaunch.pmon][INFO] 2021-12-21 13:52:03,553: start_process_monitor: ProcessMonitor started
[roslaunch.parent][INFO] 2021-12-21 13:52:03,553: starting parent XML-RPC server
[roslaunch.server][INFO] 2021-12-21 13:52:03,553: starting roslaunch XML-RPC server
[roslaunch.server][INFO] 2021-12-21 13:52:03,553: waiting for roslaunch XML-RPC server to initialize
[xmlrpc][INFO] 2021-12-21 13:52:03,553: XML-RPC server binding to 0.0.0.0:0
[xmlrpc][INFO] 2021-12-21 13:52:03,554: Started XML-RPC server [http://FM00351-u:40009/]
[xmlrpc][INFO] 2021-12-21 13:52:03,554: xml rpc node: starting XML-RPC server
[roslaunch][INFO] 2021-12-21 13:52:03,564: started roslaunch server http://FM00351-u:40009/
[roslaunch.parent][INFO] 2021-12-21 13:52:03,564: ... parent XML-RPC server started
[roslaunch][INFO] 2021-12-21 13:52:03,565: master.is_running[http://localhost:11311]
[roslaunch][INFO] 2021-12-21 13:52:03,565: auto-starting new master
[roslaunch][INFO] 2021-12-21 13:52:03,565: create_master_process: rosmaster, /opt/ros/melodic/share/ros, 11311, 3, None, False
[roslaunch][INFO] 2021-12-21 13:52:03,565: process[master]: launching with args [['rosmaster', '--core', '-p', '11311', '-w', '3']]
[roslaunch.pmon][INFO] 2021-12-21 13:52:03,565: ProcessMonitor.register[master]
[roslaunch.pmon][INFO] 2021-12-21 13:52:03,565: ProcessMonitor.register[master] complete
[roslaunch][INFO] 2021-12-21 13:52:03,565: process[master]: starting os process
[roslaunch][INFO] 2021-12-21 13:52:03,565: process[master]: start w/ args [['rosmaster', '--core', '-p', '11311', '-w', '3', '__log:=/home/ros/.ros/log/2d524b98-6265-11ec-a547-7c507959f385/master.log']]
[roslaunch][INFO] 2021-12-21 13:52:03,565: process[master]: cwd will be [/home/ros/.ros]
[roslaunch][INFO] 2021-12-21 13:52:03,629: process[master]: started with pid [65]
[roslaunch][INFO] 2021-12-21 13:52:03,629: master.is_running[http://localhost:11311]
[roslaunch][INFO] 2021-12-21 13:52:03,730: master.is_running[http://localhost:11311]
[roslaunch][INFO] 2021-12-21 13:52:03,830: master.is_running[http://localhost:11311]
[roslaunch][INFO] 2021-12-21 13:52:03,831: master.is_running[http://localhost:11311]
[roslaunch][INFO] 2021-12-21 13:52:03,832: ROS_MASTER_URI=http://localhost:11311
[roslaunch][INFO] 2021-12-21 13:52:03,833: setting /run_id to 2d524b98-6265-11ec-a547-7c507959f385
[roslaunch][INFO] 2021-12-21 13:52:03,833: setting /roslaunch/uris/host_fm00351_u__40009' to http://FM00351-u:40009/
[roslaunch][INFO] 2021-12-21 13:52:03,834: ... preparing to launch node of type [rosout/rosout]
[roslaunch][INFO] 2021-12-21 13:52:03,834: create_node_process: package[rosout] type[rosout] machine[Machine(name[] env_loader[None] address[localhost] ssh_port[22] user[None] assignable[True] timeout[10.0])] master_uri[http://localhost:11311]
[roslaunch][INFO] 2021-12-21 13:52:03,834: process[rosout-1]: env[{'ROS_DISTRO': 'melodic', 'ROSLISP_PACKAGE_DIRECTORIES': '/home/ros/catkin_ws/devel/share/common-lisp', 'LD_LIBRARY_PATH': '/home/ros/catkin_ws/devel/lib:/opt/ros/melodic/lib', 'ROS_PACKAGE_PATH': '/home/ros/catkin_ws/src:/opt/ros/melodic/share', 'PATH': '/opt/ros/melodic/bin:/usr/local/sbin:/usr/local/bin:/usr/sbin:/usr/bin:/sbin:/bin', 'CMAKE_PREFIX_PATH': '/home/ros/catkin_ws/devel:/opt/ros/melodic', 'ROS_LOG_FILENAME': '/home/ros/.ros/log/2d524b98-6265-11ec-a547-7c507959f385/roslaunch-FM00351-u-55.log', 'LANG': 'C.UTF-8', 'SHLVL': '2', 'DISPLAY': ':0', 'UNAME': 'ros', 'ROS_ETC_DIR': '/opt/ros/melodic/etc/ros', 'HOME': '/home/ros', 'ROS_PYTHON_VERSION': '2', 'PYTHONPATH': '/home/ros/catkin_ws/devel/lib/python2.7/dist-packages:/opt/ros/melodic/lib/python2.7/dist-packages', 'QT_X11_NO_MITSHM': '1', 'ROS_ROOT': '/opt/ros/melodic/share/ros', 'PKG_CONFIG_PATH': '/home/ros/catkin_ws/devel/lib/pkgconfig:/opt/ros/melodic/lib/pkgconfig', 'LC_ALL': 'C.UTF-8', '_': '/opt/ros/melodic/bin/roslaunch', 'OLDPWD': '/home/ros', 'HOSTNAME': 'FM00351-u', 'PWD': '/home/ros/catkin_ws', 'ROS_MASTER_URI': 'http://localhost:11311', 'ROS_VERSION': '1'}]
[roslaunch][INFO] 2021-12-21 13:52:03,854: process[rosout-1]: args[[u'/opt/ros/melodic/lib/rosout/rosout', u'__name:=rosout']]
[roslaunch][INFO] 2021-12-21 13:52:03,854: ... created process [rosout-1]
[roslaunch.pmon][INFO] 2021-12-21 13:52:03,854: ProcessMonitor.register[rosout-1]
[roslaunch.pmon][INFO] 2021-12-21 13:52:03,854: ProcessMonitor.register[rosout-1] complete
[roslaunch][INFO] 2021-12-21 13:52:03,854: ... registered process [rosout-1]
[roslaunch][INFO] 2021-12-21 13:52:03,854: process[rosout-1]: starting os process
[roslaunch][INFO] 2021-12-21 13:52:03,854: process[rosout-1]: start w/ args [[u'/opt/ros/melodic/lib/rosout/rosout', u'__name:=rosout', u'__log:=/home/ros/.ros/log/2d524b98-6265-11ec-a547-7c507959f385/rosout-1.log']]
[roslaunch][INFO] 2021-12-21 13:52:03,854: process[rosout-1]: cwd will be [/home/ros/.ros]
[roslaunch][INFO] 2021-12-21 13:52:03,920: process[rosout-1]: started with pid [76]
[roslaunch][INFO] 2021-12-21 13:52:03,920: ... successfully launched [rosout-1]
[roslaunch][INFO] 2021-12-21 13:52:03,921: load_parameters starting ...
[roslaunch][INFO] 2021-12-21 13:52:03,923: ... load_parameters complete
[roslaunch][INFO] 2021-12-21 13:52:03,923: launch_nodes: launching local nodes ...
[roslaunch][INFO] 2021-12-21 13:52:03,923: ... preparing to launch node of type [rosserial_arduino/serial_node.py]
[roslaunch][INFO] 2021-12-21 13:52:03,923: create_node_process: package[rosserial_arduino] type[serial_node.py] machine[Machine(name[] env_loader[None] address[localhost] ssh_port[22] user[None] assignable[True] timeout[10.0])] master_uri[http://localhost:11311]
[roslaunch][INFO] 2021-12-21 13:52:03,923: process[sensor/tactile_pressure-2]: env[{'ROS_DISTRO': 'melodic', 'ROSLISP_PACKAGE_DIRECTORIES': '/home/ros/catkin_ws/devel/share/common-lisp', 'LD_LIBRARY_PATH': '/home/ros/catkin_ws/devel/lib:/opt/ros/melodic/lib', 'ROS_PACKAGE_PATH': '/home/ros/catkin_ws/src:/opt/ros/melodic/share', 'PATH': '/opt/ros/melodic/bin:/usr/local/sbin:/usr/local/bin:/usr/sbin:/usr/bin:/sbin:/bin', 'CMAKE_PREFIX_PATH': '/home/ros/catkin_ws/devel:/opt/ros/melodic', 'ROS_LOG_FILENAME': '/home/ros/.ros/log/2d524b98-6265-11ec-a547-7c507959f385/roslaunch-FM00351-u-55.log', 'LANG': 'C.UTF-8', 'SHLVL': '2', 'DISPLAY': ':0', 'UNAME': 'ros', 'ROS_ETC_DIR': '/opt/ros/melodic/etc/ros', 'HOME': '/home/ros', 'ROS_PYTHON_VERSION': '2', 'PYTHONPATH': '/home/ros/catkin_ws/devel/lib/python2.7/dist-packages:/opt/ros/melodic/lib/python2.7/dist-packages', 'QT_X11_NO_MITSHM': '1', 'ROS_ROOT': '/opt/ros/melodic/share/ros', 'PKG_CONFIG_PATH': '/home/ros/catkin_ws/devel/lib/pkgconfig:/opt/ros/melodic/lib/pkgconfig', 'LC_ALL': 'C.UTF-8', 'ROS_NAMESPACE': '/sensor', '_': '/opt/ros/melodic/bin/roslaunch', 'OLDPWD': '/home/ros', 'HOSTNAME': 'FM00351-u', 'PWD': '/home/ros/catkin_ws', 'ROS_MASTER_URI': 'http://localhost:11311', 'ROS_VERSION': '1'}]
[roslaunch][INFO] 2021-12-21 13:52:03,924: process[sensor/tactile_pressure-2]: args[[u'/opt/ros/melodic/share/rosserial_arduino/serial_node.py', u'/sensor/Pressure:=/sensor/pressure_data', u'__name:=tactile_pressure']]
[roslaunch][INFO] 2021-12-21 13:52:03,924: ... created process [sensor/tactile_pressure-2]
[roslaunch.pmon][INFO] 2021-12-21 13:52:03,924: ProcessMonitor.register[sensor/tactile_pressure-2]
[roslaunch.pmon][INFO] 2021-12-21 13:52:03,924: ProcessMonitor.register[sensor/tactile_pressure-2] complete
[roslaunch][INFO] 2021-12-21 13:52:03,924: ... registered process [sensor/tactile_pressure-2]
[roslaunch][INFO] 2021-12-21 13:52:03,924: process[sensor/tactile_pressure-2]: starting os process
[roslaunch][INFO] 2021-12-21 13:52:03,925: process[sensor/tactile_pressure-2]: start w/ args [[u'/opt/ros/melodic/share/rosserial_arduino/serial_node.py', u'/sensor/Pressure:=/sensor/pressure_data', u'__name:=tactile_pressure', u'__log:=/home/ros/.ros/log/2d524b98-6265-11ec-a547-7c507959f385/sensor-tactile_pressure-2.log']]
[roslaunch][INFO] 2021-12-21 13:52:03,925: process[sensor/tactile_pressure-2]: cwd will be [/home/ros/.ros]
[roslaunch][INFO] 2021-12-21 13:52:03,990: process[sensor/tactile_pressure-2]: started with pid [79]
[roslaunch][INFO] 2021-12-21 13:52:03,990: ... successfully launched [sensor/tactile_pressure-2]
[roslaunch][INFO] 2021-12-21 13:52:03,990: ... preparing to launch node of type [tactile_pressure_sensor/pressure_LocAndForceEstimation.py]
[roslaunch][INFO] 2021-12-21 13:52:03,990: create_node_process: package[tactile_pressure_sensor] type[pressure_LocAndForceEstimation.py] machine[Machine(name[] env_loader[None] address[localhost] ssh_port[22] user[None] assignable[True] timeout[10.0])] master_uri[http://localhost:11311]
[roslaunch][INFO] 2021-12-21 13:52:03,990: process[sensor/process_tactile_pressure-3]: env[{'ROS_DISTRO': 'melodic', 'ROSLISP_PACKAGE_DIRECTORIES': '/home/ros/catkin_ws/devel/share/common-lisp', 'LD_LIBRARY_PATH': '/home/ros/catkin_ws/devel/lib:/opt/ros/melodic/lib', 'ROS_PACKAGE_PATH': '/home/ros/catkin_ws/src:/opt/ros/melodic/share', 'PATH': '/opt/ros/melodic/bin:/usr/local/sbin:/usr/local/bin:/usr/sbin:/usr/bin:/sbin:/bin', 'CMAKE_PREFIX_PATH': '/home/ros/catkin_ws/devel:/opt/ros/melodic', 'ROS_LOG_FILENAME': '/home/ros/.ros/log/2d524b98-6265-11ec-a547-7c507959f385/roslaunch-FM00351-u-55.log', 'LANG': 'C.UTF-8', 'SHLVL': '2', 'DISPLAY': ':0', 'UNAME': 'ros', 'ROS_ETC_DIR': '/opt/ros/melodic/etc/ros', 'HOME': '/home/ros', 'ROS_PYTHON_VERSION': '2', 'PYTHONPATH': '/home/ros/catkin_ws/devel/lib/python2.7/dist-packages:/opt/ros/melodic/lib/python2.7/dist-packages', 'QT_X11_NO_MITSHM': '1', 'ROS_ROOT': '/opt/ros/melodic/share/ros', 'PKG_CONFIG_PATH': '/home/ros/catkin_ws/devel/lib/pkgconfig:/opt/ros/melodic/lib/pkgconfig', 'LC_ALL': 'C.UTF-8', 'ROS_NAMESPACE': '/sensor', '_': '/opt/ros/melodic/bin/roslaunch', 'OLDPWD': '/home/ros', 'HOSTNAME': 'FM00351-u', 'PWD': '/home/ros/catkin_ws', 'ROS_MASTER_URI': 'http://localhost:11311', 'ROS_VERSION': '1'}]
[roslaunch][INFO] 2021-12-21 13:52:03,991: process[sensor/process_tactile_pressure-3]: args[[u'/home/ros/catkin_ws/src/tactile_pressure_sensor/src/pressure_LocAndForceEstimation.py', u'/sensor/pressure_data:=/sensor/pressure_data', u'estimated_ForceAndLoc:=/sensor/estimated_ForceAndLoc', u'__name:=process_tactile_pressure']]
[roslaunch][INFO] 2021-12-21 13:52:03,991: ... created process [sensor/process_tactile_pressure-3]
[roslaunch.pmon][INFO] 2021-12-21 13:52:03,991: ProcessMonitor.register[sensor/process_tactile_pressure-3]
[roslaunch.pmon][INFO] 2021-12-21 13:52:03,991: ProcessMonitor.register[sensor/process_tactile_pressure-3] complete
[roslaunch][INFO] 2021-12-21 13:52:03,991: ... registered process [sensor/process_tactile_pressure-3]
[roslaunch][INFO] 2021-12-21 13:52:03,991: process[sensor/process_tactile_pressure-3]: starting os process
[roslaunch][INFO] 2021-12-21 13:52:03,991: process[sensor/process_tactile_pressure-3]: start w/ args [[u'/home/ros/catkin_ws/src/tactile_pressure_sensor/src/pressure_LocAndForceEstimation.py', u'/sensor/pressure_data:=/sensor/pressure_data', u'estimated_ForceAndLoc:=/sensor/estimated_ForceAndLoc', u'__name:=process_tactile_pressure', u'__log:=/home/ros/.ros/log/2d524b98-6265-11ec-a547-7c507959f385/sensor-process_tactile_pressure-3.log']]
[roslaunch][INFO] 2021-12-21 13:52:03,991: process[sensor/process_tactile_pressure-3]: cwd will be [/home/ros/.ros]
[roslaunch][INFO] 2021-12-21 13:52:04,057: process[sensor/process_tactile_pressure-3]: started with pid [84]
[roslaunch][INFO] 2021-12-21 13:52:04,057: ... successfully launched [sensor/process_tactile_pressure-3]
[roslaunch][INFO] 2021-12-21 13:52:04,057: ... launch_nodes complete
[roslaunch.pmon][INFO] 2021-12-21 13:52:04,057: registrations completed <ProcessMonitor(ProcessMonitor-1, started daemon 140368137881344)>
[roslaunch.parent][INFO] 2021-12-21 13:52:04,057: ... roslaunch parent running, waiting for process exit
[roslaunch][INFO] 2021-12-21 13:52:04,057: spin
[roslaunch][INFO] 2021-12-21 13:52:08,264: [sensor/process_tactile_pressure-3] process has finished cleanly
log file: /home/ros/.ros/log/2d524b98-6265-11ec-a547-7c507959f385/sensor-process_tactile_pressure-3*.log
[roslaunch.pmon][INFO] 2021-12-21 13:52:08,264: ProcessMonitor.unregister[sensor/process_tactile_pressure-3] starting
[roslaunch.pmon][INFO] 2021-12-21 13:52:08,264: ProcessMonitor.unregister[sensor/process_tactile_pressure-3] complete
