[rospy.client][INFO] 2021-12-21 13:52:04,145: init_node, name[/sensor/tactile_pressure], pid[79]
[xmlrpc][INFO] 2021-12-21 13:52:04,153: XML-RPC server binding to 0.0.0.0:0
[xmlrpc][INFO] 2021-12-21 13:52:04,153: Started XML-RPC server [http://FM00351-u:44917/]
[rospy.impl.masterslave][INFO] 2021-12-21 13:52:04,153: _ready: http://FM00351-u:44917/
[rospy.init][INFO] 2021-12-21 13:52:04,154: ROS Slave URI: [http://FM00351-u:44917/]
[xmlrpc][INFO] 2021-12-21 13:52:04,157: xml rpc node: starting XML-RPC server
[rospy.registration][INFO] 2021-12-21 13:52:04,158: Registering with master node http://localhost:11311
[rospy.init][INFO] 2021-12-21 13:52:04,255: registered with master
[rospy.rosout][INFO] 2021-12-21 13:52:04,255: initializing /rosout core topic
[rospy.rosout][INFO] 2021-12-21 13:52:04,257: connected to core topic /rosout
[rospy.simtime][INFO] 2021-12-21 13:52:04,257: /use_sim_time is not set, will not subscribe to simulated time [/clock] topic
[rosout][INFO] 2021-12-21 13:52:04,259: ROS Serial Python Node
[rosout][INFO] 2021-12-21 13:52:04,261: Connecting to /dev/ttyUSB0 at 57600 baud
[rosout][ERROR] 2021-12-21 13:52:04,262: Error opening serial: [Errno 2] could not open port /dev/ttyUSB0: [Errno 2] No such file or directory: '/dev/ttyUSB0'
[rospy.internal][INFO] 2021-12-21 13:52:04,666: topic[/rosout] adding connection to [/rosout], count 0
[rosout][ERROR] 2021-12-21 13:52:07,264: Error opening serial: [Errno 2] could not open port /dev/ttyUSB0: [Errno 2] No such file or directory: '/dev/ttyUSB0'
[rosout][ERROR] 2021-12-21 13:52:10,268: Error opening serial: [Errno 2] could not open port /dev/ttyUSB0: [Errno 2] No such file or directory: '/dev/ttyUSB0'
[rosout][ERROR] 2021-12-21 13:52:13,272: Error opening serial: [Errno 2] could not open port /dev/ttyUSB0: [Errno 2] No such file or directory: '/dev/ttyUSB0'
[rosout][ERROR] 2021-12-21 13:52:16,276: Error opening serial: [Errno 2] could not open port /dev/ttyUSB0: [Errno 2] No such file or directory: '/dev/ttyUSB0'
[rosout][ERROR] 2021-12-21 13:52:19,280: Error opening serial: [Errno 2] could not open port /dev/ttyUSB0: [Errno 2] No such file or directory: '/dev/ttyUSB0'
[rosout][ERROR] 2021-12-21 13:52:22,284: Error opening serial: [Errno 2] could not open port /dev/ttyUSB0: [Errno 2] No such file or directory: '/dev/ttyUSB0'
[rosout][ERROR] 2021-12-21 13:52:25,288: Error opening serial: [Errno 2] could not open port /dev/ttyUSB0: [Errno 2] No such file or directory: '/dev/ttyUSB0'
[rosout][ERROR] 2021-12-21 13:52:28,292: Error opening serial: [Errno 2] could not open port /dev/ttyUSB0: [Errno 2] No such file or directory: '/dev/ttyUSB0'
[rosout][ERROR] 2021-12-21 13:52:31,299: Error opening serial: [Errno 2] could not open port /dev/ttyUSB0: [Errno 2] No such file or directory: '/dev/ttyUSB0'
[rosout][ERROR] 2021-12-21 13:52:34,304: Error opening serial: [Errno 2] could not open port /dev/ttyUSB0: [Errno 2] No such file or directory: '/dev/ttyUSB0'
[rosout][ERROR] 2021-12-21 13:52:37,308: Error opening serial: [Errno 2] could not open port /dev/ttyUSB0: [Errno 2] No such file or directory: '/dev/ttyUSB0'
[rosout][ERROR] 2021-12-21 13:52:40,312: Error opening serial: [Errno 2] could not open port /dev/ttyUSB0: [Errno 2] No such file or directory: '/dev/ttyUSB0'
[rosout][ERROR] 2021-12-21 13:52:43,318: Error opening serial: [Errno 2] could not open port /dev/ttyUSB0: [Errno 2] No such file or directory: '/dev/ttyUSB0'
