[roslaunch][INFO] 2022-03-10 09:54:49,549: Checking log directory for disk usage. This may take a while.
Press Ctrl-C to interrupt
[roslaunch][INFO] 2022-03-10 09:54:49,563: Done checking log file disk usage. Usage is <1GB.
[roslaunch][INFO] 2022-03-10 09:54:49,564: roslaunch starting with args ['/opt/ros/melodic/bin/roslaunch', 'fm_gripper_module', 'fm_gripper_module.launch']
[roslaunch][INFO] 2022-03-10 09:54:49,564: roslaunch env is {'ROS_DISTRO': 'melodic', 'ROSLISP_PACKAGE_DIRECTORIES': '/home/ros/catkin_ws/devel/share/common-lisp', 'HOME': '/home/ros', 'PATH': '/opt/ros/melodic/bin:/usr/local/sbin:/usr/local/bin:/usr/sbin:/usr/bin:/sbin:/bin', 'ROS_PACKAGE_PATH': '/home/ros/catkin_ws/src:/opt/ros/melodic/share', 'CMAKE_PREFIX_PATH': '/home/ros/catkin_ws/devel:/opt/ros/melodic', 'LD_LIBRARY_PATH': '/home/ros/catkin_ws/devel/lib:/opt/ros/melodic/lib', 'LANG': 'C.UTF-8', 'TERM': 'xterm', 'ROS_LOG_FILENAME': '/home/ros/.ros/log/1feb978a-a058-11ec-bce3-7c507959f385/roslaunch-FM00351-u-471.log', 'SHLVL': '1', 'DISPLAY': ':0', 'UNAME': 'ros', 'ROS_MASTER_URI': 'http://localhost:11311', 'ROS_PYTHON_VERSION': '2', 'PYTHONPATH': '/home/ros/catkin_ws/devel/lib/python2.7/dist-packages:/opt/ros/melodic/lib/python2.7/dist-packages', 'QT_X11_NO_MITSHM': '1', 'ROS_ROOT': '/opt/ros/melodic/share/ros', 'PKG_CONFIG_PATH': '/home/ros/catkin_ws/devel/lib/pkgconfig:/opt/ros/melodic/lib/pkgconfig', 'LC_ALL': 'C.UTF-8', '_': '/opt/ros/melodic/bin/roslaunch', 'OLDPWD': '/home/ros', 'HOSTNAME': 'FM00351-u', 'PWD': '/home/ros/catkin_ws', 'ROS_ETC_DIR': '/opt/ros/melodic/etc/ros', 'ROS_VERSION': '1'}
[roslaunch][INFO] 2022-03-10 09:54:49,564: starting in server mode
[roslaunch.parent][INFO] 2022-03-10 09:54:49,564: starting roslaunch parent run
[roslaunch][INFO] 2022-03-10 09:54:49,564: loading roscore config file /opt/ros/melodic/etc/ros/roscore.xml
[roslaunch][INFO] 2022-03-10 09:54:49,903: Added core node of type [rosout/rosout] in namespace [/]
[roslaunch.config][INFO] 2022-03-10 09:54:49,903: loading config file /home/ros/catkin_ws/src/fm_gripper_module/launch/fm_gripper_module.launch
[roslaunch][INFO] 2022-03-10 09:54:49,903: Added node of type [robotiq_2f_gripper_control/Robotiq2FGripperRtuNode.py] in namespace [/]
[roslaunch][INFO] 2022-03-10 09:54:49,904: Added node of type [fm_gripper_module/gripper_action_server.py] in namespace [/]
[roslaunch][INFO] 2022-03-10 09:54:49,904: ... selected machine [] for node of type [robotiq_2f_gripper_control/Robotiq2FGripperRtuNode.py]
[roslaunch][INFO] 2022-03-10 09:54:49,904: ... selected machine [] for node of type [fm_gripper_module/gripper_action_server.py]
[roslaunch.pmon][INFO] 2022-03-10 09:54:49,905: start_process_monitor: creating ProcessMonitor
[roslaunch.pmon][INFO] 2022-03-10 09:54:49,905: created process monitor <ProcessMonitor(ProcessMonitor-1, initial daemon)>
[roslaunch.pmon][INFO] 2022-03-10 09:54:49,906: start_process_monitor: ProcessMonitor started
[roslaunch.parent][INFO] 2022-03-10 09:54:49,906: starting parent XML-RPC server
[roslaunch.server][INFO] 2022-03-10 09:54:49,906: starting roslaunch XML-RPC server
[roslaunch.server][INFO] 2022-03-10 09:54:49,906: waiting for roslaunch XML-RPC server to initialize
[xmlrpc][INFO] 2022-03-10 09:54:49,906: XML-RPC server binding to 0.0.0.0:0
[xmlrpc][INFO] 2022-03-10 09:54:49,906: Started XML-RPC server [http://FM00351-u:43227/]
[xmlrpc][INFO] 2022-03-10 09:54:49,906: xml rpc node: starting XML-RPC server
[roslaunch][INFO] 2022-03-10 09:54:49,918: started roslaunch server http://FM00351-u:43227/
[roslaunch.parent][INFO] 2022-03-10 09:54:49,918: ... parent XML-RPC server started
[roslaunch][INFO] 2022-03-10 09:54:49,919: master.is_running[http://localhost:11311]
[roslaunch][INFO] 2022-03-10 09:54:49,919: auto-starting new master
[roslaunch][INFO] 2022-03-10 09:54:49,919: create_master_process: rosmaster, /opt/ros/melodic/share/ros, 11311, 3, None, False
[roslaunch][INFO] 2022-03-10 09:54:49,919: process[master]: launching with args [['rosmaster', '--core', '-p', '11311', '-w', '3']]
[roslaunch.pmon][INFO] 2022-03-10 09:54:49,919: ProcessMonitor.register[master]
[roslaunch.pmon][INFO] 2022-03-10 09:54:49,919: ProcessMonitor.register[master] complete
[roslaunch][INFO] 2022-03-10 09:54:49,919: process[master]: starting os process
[roslaunch][INFO] 2022-03-10 09:54:49,919: process[master]: start w/ args [['rosmaster', '--core', '-p', '11311', '-w', '3', '__log:=/home/ros/.ros/log/1feb978a-a058-11ec-bce3-7c507959f385/master.log']]
[roslaunch][INFO] 2022-03-10 09:54:49,919: process[master]: cwd will be [/home/ros/.ros]
[roslaunch][INFO] 2022-03-10 09:54:49,985: process[master]: started with pid [481]
[roslaunch][INFO] 2022-03-10 09:54:49,985: master.is_running[http://localhost:11311]
[roslaunch][INFO] 2022-03-10 09:54:50,086: master.is_running[http://localhost:11311]
[roslaunch][INFO] 2022-03-10 09:54:50,187: master.is_running[http://localhost:11311]
[roslaunch][INFO] 2022-03-10 09:54:50,188: master.is_running[http://localhost:11311]
[roslaunch][INFO] 2022-03-10 09:54:50,189: ROS_MASTER_URI=http://localhost:11311
[roslaunch][INFO] 2022-03-10 09:54:50,191: setting /run_id to 1feb978a-a058-11ec-bce3-7c507959f385
[roslaunch][INFO] 2022-03-10 09:54:50,193: setting /roslaunch/uris/host_fm00351_u__43227' to http://FM00351-u:43227/
[roslaunch][INFO] 2022-03-10 09:54:50,196: ... preparing to launch node of type [rosout/rosout]
[roslaunch][INFO] 2022-03-10 09:54:50,196: create_node_process: package[rosout] type[rosout] machine[Machine(name[] env_loader[None] address[localhost] ssh_port[22] user[None] assignable[True] timeout[10.0])] master_uri[http://localhost:11311]
[roslaunch][INFO] 2022-03-10 09:54:50,196: process[rosout-1]: env[{'ROS_DISTRO': 'melodic', 'ROSLISP_PACKAGE_DIRECTORIES': '/home/ros/catkin_ws/devel/share/common-lisp', 'LD_LIBRARY_PATH': '/home/ros/catkin_ws/devel/lib:/opt/ros/melodic/lib', 'ROS_PACKAGE_PATH': '/home/ros/catkin_ws/src:/opt/ros/melodic/share', 'PATH': '/opt/ros/melodic/bin:/usr/local/sbin:/usr/local/bin:/usr/sbin:/usr/bin:/sbin:/bin', 'CMAKE_PREFIX_PATH': '/home/ros/catkin_ws/devel:/opt/ros/melodic', 'ROS_LOG_FILENAME': '/home/ros/.ros/log/1feb978a-a058-11ec-bce3-7c507959f385/roslaunch-FM00351-u-471.log', 'LANG': 'C.UTF-8', 'TERM': 'xterm', 'SHLVL': '1', 'DISPLAY': ':0', 'UNAME': 'ros', 'ROS_ETC_DIR': '/opt/ros/melodic/etc/ros', 'HOME': '/home/ros', 'ROS_PYTHON_VERSION': '2', 'PYTHONPATH': '/home/ros/catkin_ws/devel/lib/python2.7/dist-packages:/opt/ros/melodic/lib/python2.7/dist-packages', 'QT_X11_NO_MITSHM': '1', 'ROS_ROOT': '/opt/ros/melodic/share/ros', 'PKG_CONFIG_PATH': '/home/ros/catkin_ws/devel/lib/pkgconfig:/opt/ros/melodic/lib/pkgconfig', 'LC_ALL': 'C.UTF-8', '_': '/opt/ros/melodic/bin/roslaunch', 'OLDPWD': '/home/ros', 'HOSTNAME': 'FM00351-u', 'PWD': '/home/ros/catkin_ws', 'ROS_MASTER_URI': 'http://localhost:11311', 'ROS_VERSION': '1'}]
[roslaunch][INFO] 2022-03-10 09:54:50,393: process[rosout-1]: args[[u'/opt/ros/melodic/lib/rosout/rosout', u'__name:=rosout']]
[roslaunch][INFO] 2022-03-10 09:54:50,393: ... created process [rosout-1]
[roslaunch.pmon][INFO] 2022-03-10 09:54:50,394: ProcessMonitor.register[rosout-1]
[roslaunch.pmon][INFO] 2022-03-10 09:54:50,394: ProcessMonitor.register[rosout-1] complete
[roslaunch][INFO] 2022-03-10 09:54:50,394: ... registered process [rosout-1]
[roslaunch][INFO] 2022-03-10 09:54:50,394: process[rosout-1]: starting os process
[roslaunch][INFO] 2022-03-10 09:54:50,394: process[rosout-1]: start w/ args [[u'/opt/ros/melodic/lib/rosout/rosout', u'__name:=rosout', u'__log:=/home/ros/.ros/log/1feb978a-a058-11ec-bce3-7c507959f385/rosout-1.log']]
[roslaunch][INFO] 2022-03-10 09:54:50,394: process[rosout-1]: cwd will be [/home/ros/.ros]
[roslaunch][INFO] 2022-03-10 09:54:50,459: process[rosout-1]: started with pid [492]
[roslaunch][INFO] 2022-03-10 09:54:50,459: ... successfully launched [rosout-1]
[roslaunch][INFO] 2022-03-10 09:54:50,459: load_parameters starting ...
[roslaunch][INFO] 2022-03-10 09:54:50,462: ... load_parameters complete
[roslaunch][INFO] 2022-03-10 09:54:50,462: launch_nodes: launching local nodes ...
[roslaunch][INFO] 2022-03-10 09:54:50,462: ... preparing to launch node of type [robotiq_2f_gripper_control/Robotiq2FGripperRtuNode.py]
[roslaunch][INFO] 2022-03-10 09:54:50,462: create_node_process: package[robotiq_2f_gripper_control] type[Robotiq2FGripperRtuNode.py] machine[Machine(name[] env_loader[None] address[localhost] ssh_port[22] user[None] assignable[True] timeout[10.0])] master_uri[http://localhost:11311]
[roslaunch][INFO] 2022-03-10 09:54:50,463: process[Robotiq2FGripperRtuNode-2]: env[{'ROS_DISTRO': 'melodic', 'ROSLISP_PACKAGE_DIRECTORIES': '/home/ros/catkin_ws/devel/share/common-lisp', 'LD_LIBRARY_PATH': '/home/ros/catkin_ws/devel/lib:/opt/ros/melodic/lib', 'ROS_PACKAGE_PATH': '/home/ros/catkin_ws/src:/opt/ros/melodic/share', 'PATH': '/opt/ros/melodic/bin:/usr/local/sbin:/usr/local/bin:/usr/sbin:/usr/bin:/sbin:/bin', 'CMAKE_PREFIX_PATH': '/home/ros/catkin_ws/devel:/opt/ros/melodic', 'ROS_LOG_FILENAME': '/home/ros/.ros/log/1feb978a-a058-11ec-bce3-7c507959f385/roslaunch-FM00351-u-471.log', 'LANG': 'C.UTF-8', 'TERM': 'xterm', 'SHLVL': '1', 'DISPLAY': ':0', 'UNAME': 'ros', 'ROS_ETC_DIR': '/opt/ros/melodic/etc/ros', 'HOME': '/home/ros', 'ROS_PYTHON_VERSION': '2', 'PYTHONPATH': '/home/ros/catkin_ws/devel/lib/python2.7/dist-packages:/opt/ros/melodic/lib/python2.7/dist-packages', 'QT_X11_NO_MITSHM': '1', 'ROS_ROOT': '/opt/ros/melodic/share/ros', 'PKG_CONFIG_PATH': '/home/ros/catkin_ws/devel/lib/pkgconfig:/opt/ros/melodic/lib/pkgconfig', 'LC_ALL': 'C.UTF-8', '_': '/opt/ros/melodic/bin/roslaunch', 'OLDPWD': '/home/ros', 'HOSTNAME': 'FM00351-u', 'PWD': '/home/ros/catkin_ws', 'ROS_MASTER_URI': 'http://localhost:11311', 'ROS_VERSION': '1'}]
[roslaunch][INFO] 2022-03-10 09:54:50,466: process[Robotiq2FGripperRtuNode-2]: args[[u'/home/ros/catkin_ws/src/robotiq/robotiq_2f_gripper_control/nodes/Robotiq2FGripperRtuNode.py', '/dev/ttyUSB0', u'__name:=Robotiq2FGripperRtuNode']]
[roslaunch][INFO] 2022-03-10 09:54:50,466: ... created process [Robotiq2FGripperRtuNode-2]
[roslaunch.pmon][INFO] 2022-03-10 09:54:50,466: ProcessMonitor.register[Robotiq2FGripperRtuNode-2]
[roslaunch.pmon][INFO] 2022-03-10 09:54:50,466: ProcessMonitor.register[Robotiq2FGripperRtuNode-2] complete
[roslaunch][INFO] 2022-03-10 09:54:50,466: ... registered process [Robotiq2FGripperRtuNode-2]
[roslaunch][INFO] 2022-03-10 09:54:50,466: process[Robotiq2FGripperRtuNode-2]: starting os process
[roslaunch][INFO] 2022-03-10 09:54:50,466: process[Robotiq2FGripperRtuNode-2]: start w/ args [[u'/home/ros/catkin_ws/src/robotiq/robotiq_2f_gripper_control/nodes/Robotiq2FGripperRtuNode.py', '/dev/ttyUSB0', u'__name:=Robotiq2FGripperRtuNode', u'__log:=/home/ros/.ros/log/1feb978a-a058-11ec-bce3-7c507959f385/Robotiq2FGripperRtuNode-2.log']]
[roslaunch][INFO] 2022-03-10 09:54:50,466: process[Robotiq2FGripperRtuNode-2]: cwd will be [/home/ros/.ros]
[roslaunch][INFO] 2022-03-10 09:54:50,534: process[Robotiq2FGripperRtuNode-2]: started with pid [495]
[roslaunch][INFO] 2022-03-10 09:54:50,534: ... successfully launched [Robotiq2FGripperRtuNode-2]
[roslaunch][INFO] 2022-03-10 09:54:50,534: ... preparing to launch node of type [fm_gripper_module/gripper_action_server.py]
[roslaunch][INFO] 2022-03-10 09:54:50,534: create_node_process: package[fm_gripper_module] type[gripper_action_server.py] machine[Machine(name[] env_loader[None] address[localhost] ssh_port[22] user[None] assignable[True] timeout[10.0])] master_uri[http://localhost:11311]
[roslaunch][INFO] 2022-03-10 09:54:50,534: process[gripper_action_server-3]: env[{'ROS_DISTRO': 'melodic', 'ROSLISP_PACKAGE_DIRECTORIES': '/home/ros/catkin_ws/devel/share/common-lisp', 'LD_LIBRARY_PATH': '/home/ros/catkin_ws/devel/lib:/opt/ros/melodic/lib', 'ROS_PACKAGE_PATH': '/home/ros/catkin_ws/src:/opt/ros/melodic/share', 'PATH': '/opt/ros/melodic/bin:/usr/local/sbin:/usr/local/bin:/usr/sbin:/usr/bin:/sbin:/bin', 'CMAKE_PREFIX_PATH': '/home/ros/catkin_ws/devel:/opt/ros/melodic', 'ROS_LOG_FILENAME': '/home/ros/.ros/log/1feb978a-a058-11ec-bce3-7c507959f385/roslaunch-FM00351-u-471.log', 'LANG': 'C.UTF-8', 'TERM': 'xterm', 'SHLVL': '1', 'DISPLAY': ':0', 'UNAME': 'ros', 'ROS_ETC_DIR': '/opt/ros/melodic/etc/ros', 'HOME': '/home/ros', 'ROS_PYTHON_VERSION': '2', 'PYTHONPATH': '/home/ros/catkin_ws/devel/lib/python2.7/dist-packages:/opt/ros/melodic/lib/python2.7/dist-packages', 'QT_X11_NO_MITSHM': '1', 'ROS_ROOT': '/opt/ros/melodic/share/ros', 'PKG_CONFIG_PATH': '/home/ros/catkin_ws/devel/lib/pkgconfig:/opt/ros/melodic/lib/pkgconfig', 'LC_ALL': 'C.UTF-8', '_': '/opt/ros/melodic/bin/roslaunch', 'OLDPWD': '/home/ros', 'HOSTNAME': 'FM00351-u', 'PWD': '/home/ros/catkin_ws', 'ROS_MASTER_URI': 'http://localhost:11311', 'ROS_VERSION': '1'}]
[roslaunch][INFO] 2022-03-10 09:54:50,534: process[gripper_action_server-3]: args[[u'/home/ros/catkin_ws/src/fm_gripper_module/src/gripper_action_server.py', u'__name:=gripper_action_server']]
[roslaunch][INFO] 2022-03-10 09:54:50,534: ... created process [gripper_action_server-3]
[roslaunch.pmon][INFO] 2022-03-10 09:54:50,534: ProcessMonitor.register[gripper_action_server-3]
[roslaunch.pmon][INFO] 2022-03-10 09:54:50,535: ProcessMonitor.register[gripper_action_server-3] complete
[roslaunch][INFO] 2022-03-10 09:54:50,535: ... registered process [gripper_action_server-3]
[roslaunch][INFO] 2022-03-10 09:54:50,535: process[gripper_action_server-3]: starting os process
[roslaunch][INFO] 2022-03-10 09:54:50,535: process[gripper_action_server-3]: start w/ args [[u'/home/ros/catkin_ws/src/fm_gripper_module/src/gripper_action_server.py', u'__name:=gripper_action_server', u'__log:=/home/ros/.ros/log/1feb978a-a058-11ec-bce3-7c507959f385/gripper_action_server-3.log']]
[roslaunch][INFO] 2022-03-10 09:54:50,535: process[gripper_action_server-3]: cwd will be [/home/ros/.ros]
[roslaunch][INFO] 2022-03-10 09:54:50,602: process[gripper_action_server-3]: started with pid [500]
[roslaunch][INFO] 2022-03-10 09:54:50,603: ... successfully launched [gripper_action_server-3]
[roslaunch][INFO] 2022-03-10 09:54:50,603: ... launch_nodes complete
[roslaunch.pmon][INFO] 2022-03-10 09:54:50,603: registrations completed <ProcessMonitor(ProcessMonitor-1, started daemon 140285903836928)>
[roslaunch.parent][INFO] 2022-03-10 09:54:50,603: ... roslaunch parent running, waiting for process exit
[roslaunch][INFO] 2022-03-10 09:54:50,603: spin
[roslaunch.pmon][INFO] 2022-03-10 10:10:24,819: ProcessMonitor.shutdown <ProcessMonitor(ProcessMonitor-1, started daemon 140285903836928)>
[roslaunch.pmon][INFO] 2022-03-10 10:10:24,822: ProcessMonitor._post_run <ProcessMonitor(ProcessMonitor-1, started daemon 140285903836928)>
[roslaunch.pmon][INFO] 2022-03-10 10:10:24,823: ProcessMonitor._post_run <ProcessMonitor(ProcessMonitor-1, started daemon 140285903836928)>: remaining procs are [<roslaunch.nodeprocess.LocalProcess object at 0x7f96dba24a90>, <roslaunch.nodeprocess.LocalProcess object at 0x7f96dbeaf210>, <roslaunch.nodeprocess.LocalProcess object at 0x7f96dba24cd0>, <roslaunch.nodeprocess.LocalProcess object at 0x7f96dba24d90>]
[roslaunch.pmon][INFO] 2022-03-10 10:10:24,823: ProcessMonitor exit: killing gripper_action_server-3
[roslaunch][INFO] 2022-03-10 10:10:24,824: [gripper_action_server-3] killing on exit
[roslaunch.pmon][INFO] 2022-03-10 10:10:24,824: ProcessMonitor exit: killing Robotiq2FGripperRtuNode-2
[roslaunch][INFO] 2022-03-10 10:10:24,825: [Robotiq2FGripperRtuNode-2] killing on exit
[roslaunch][INFO] 2022-03-10 10:10:24,825: process[gripper_action_server-3]: killing os process with pid[500] pgid[500]
[roslaunch][INFO] 2022-03-10 10:10:24,826: [gripper_action_server-3] sending SIGINT to pgid [500]
[roslaunch][INFO] 2022-03-10 10:10:24,826: [gripper_action_server-3] sent SIGINT to pgid [500]
[roslaunch][INFO] 2022-03-10 10:10:24,826: process[Robotiq2FGripperRtuNode-2]: killing os process with pid[495] pgid[495]
[roslaunch][INFO] 2022-03-10 10:10:24,827: [Robotiq2FGripperRtuNode-2] sending SIGINT to pgid [495]
[roslaunch][INFO] 2022-03-10 10:10:24,827: [Robotiq2FGripperRtuNode-2] sent SIGINT to pgid [495]
[roslaunch][INFO] 2022-03-10 10:10:25,127: process[Robotiq2FGripperRtuNode-2]: SIGINT killed with return value 0
[roslaunch][INFO] 2022-03-10 10:10:25,628: process[gripper_action_server-3]: SIGINT killed with return value 0
[roslaunch.pmon][INFO] 2022-03-10 10:10:25,628: ProcessMonitor exit: killing rosout-1
[roslaunch][INFO] 2022-03-10 10:10:25,628: [rosout-1] killing on exit
[roslaunch][INFO] 2022-03-10 10:10:25,629: process[rosout-1]: killing os process with pid[492] pgid[492]
[roslaunch][INFO] 2022-03-10 10:10:25,629: [rosout-1] sending SIGINT to pgid [492]
[roslaunch][INFO] 2022-03-10 10:10:25,629: [rosout-1] sent SIGINT to pgid [492]
[roslaunch][INFO] 2022-03-10 10:10:25,829: process[rosout-1]: SIGINT killed with return value 0
[roslaunch.pmon][INFO] 2022-03-10 10:10:25,829: ProcessMonitor exit: killing master
[roslaunch][INFO] 2022-03-10 10:10:25,830: [master] killing on exit
[roslaunch][INFO] 2022-03-10 10:10:25,830: process[master]: killing os process with pid[481] pgid[481]
[roslaunch][INFO] 2022-03-10 10:10:25,830: [master] sending SIGINT to pgid [481]
[roslaunch][INFO] 2022-03-10 10:10:25,830: [master] sent SIGINT to pgid [481]
[roslaunch][INFO] 2022-03-10 10:10:26,030: process[master]: SIGINT killed with return value 0
[roslaunch.pmon][INFO] 2022-03-10 10:10:26,031: ProcessMonitor exit: cleaning up data structures and signals
[roslaunch.pmon][INFO] 2022-03-10 10:10:26,031: ProcessMonitor exit: pmon has shutdown
[roslaunch][INFO] 2022-03-10 10:10:26,037: process monitor is done spinning, initiating full shutdown
[roslaunch][INFO] 2022-03-10 10:10:26,038: runner.stop()
[roslaunch][INFO] 2022-03-10 10:10:26,038: shutting down processing monitor...
[roslaunch][INFO] 2022-03-10 10:10:26,038: shutting down processing monitor <ProcessMonitor(ProcessMonitor-1, stopped daemon 140285903836928)>
[roslaunch.pmon][INFO] 2022-03-10 10:10:26,038: ProcessMonitor.shutdown <ProcessMonitor(ProcessMonitor-1, stopped daemon 140285903836928)>
[roslaunch][INFO] 2022-03-10 10:10:26,038: ... shutting down processing monitor complete
[roslaunch][INFO] 2022-03-10 10:10:26,038: done
[roslaunch.pmon][INFO] 2022-03-10 10:10:26,038: ProcessMonitor.shutdown <ProcessMonitor(ProcessMonitor-1, stopped daemon 140285903836928)>
[rospy.core][INFO] 2022-03-10 10:10:26,038: signal_shutdown [atexit]
