

1646906090.484713015  Node Startup
1646906156.072446107 INFO /fm_gripper_action_server [gripper_action_server.py:31(GripperActionServer.execute)] [topics: /gripper_action_server/goal, /gripper_action_server/status, /gripper_action_server/result, /gripper_action_server/feedback, /gripper_action_server/cancel, /rosout] state: initializing
1646906156.073616027 INFO /fm_gripper_action_server [Robotiq2FGripperSlipController.py:774(Robotiq2FGripperSlipController.controller)] [topics: /gripper_action_server/goal, /gripper_action_server/status, /gripper_action_server/result, /gripper_action_server/feedback, /gripper_action_server/cancel, /rosout] controller is started now
1646906156.078063964 INFO /gripper_action_server [gripper_action_server.py:31(GripperActionServer.execute)] [topics: /gripper_action_server/goal, /gripper_action_server/status, /gripper_action_server/result, /gripper_action_server/feedback, /gripper_action_server/cancel, /rosout] state: initializing
1646906156.078649044 INFO /gripper_action_server [Robotiq2FGripperSlipController.py:774(Robotiq2FGripperSlipController.controller)] [topics: /gripper_action_server/goal, /gripper_action_server/status, /gripper_action_server/result, /gripper_action_server/feedback, /gripper_action_server/cancel, /rosout] controller is started now
1646906251.722888946 WARN /fm_gripper_action_server [tcpros_base.py:355(TCPROSServer._tcp_server_callback)] [topics: /gripper_action_server/goal, /gripper_action_server/status, /gripper_action_server/result, /gripper_action_server/feedback, /gripper_action_server/cancel, /rosout] Inbound TCP/IP connection failed: connection from sender terminated before handshake header received. 0 bytes were received. Please check sender for additional details.
1646906289.490041971 INFO /fm_gripper_action_server [gripper_action_server.py:31(GripperActionServer.execute)] [topics: /gripper_action_server/goal, /gripper_action_server/status, /gripper_action_server/result, /gripper_action_server/feedback, /gripper_action_server/cancel, /rosout] state: initializing
1646906289.491103887 INFO /fm_gripper_action_server [Robotiq2FGripperSlipController.py:774(Robotiq2FGripperSlipController.controller)] [topics: /gripper_action_server/goal, /gripper_action_server/status, /gripper_action_server/result, /gripper_action_server/feedback, /gripper_action_server/cancel, /rosout] controller is started now
1646906860.000345945 INFO /fm_gripper_action_server [gripper_action_server.py:31(GripperActionServer.execute)] [topics: /gripper_action_server/goal, /gripper_action_server/status, /gripper_action_server/result, /gripper_action_server/feedback, /gripper_action_server/cancel, /rosout] state: initializing
1646906860.002288103 INFO /fm_gripper_action_server [Robotiq2FGripperSlipController.py:774(Robotiq2FGripperSlipController.controller)] [topics: /gripper_action_server/goal, /gripper_action_server/status, /gripper_action_server/result, /gripper_action_server/feedback, /gripper_action_server/cancel, /rosout] controller is started now
1646906861.174514055 WARN /fm_gripper_action_server [tcpros_base.py:355(TCPROSServer._tcp_server_callback)] [topics: /gripper_action_server/goal, /gripper_action_server/status, /gripper_action_server/result, /Robotiq2FGripperRobotOutput, /gripper_action_server/feedback, /gripper_action_server/cancel, /rosout] Inbound TCP/IP connection failed: connection from sender terminated before handshake header received. 0 bytes were received. Please check sender for additional details.
1646906861.187040090 WARN /gripper_action_server [tcpros_base.py:355(TCPROSServer._tcp_server_callback)] [topics: /gripper_action_server/goal, /gripper_action_server/status, /gripper_action_server/result, /Robotiq2FGripperRobotOutput, /gripper_action_server/feedback, /Robotiq2FGripperRobotInput, /rosout, /gripper_action_server/cancel] Inbound TCP/IP connection failed: connection from sender terminated before handshake header received. 0 bytes were received. Please check sender for additional details.
1646906894.489305973 ERROR /fm_gripper_action_server [simple_action_server.py:298(SimpleActionServer.executeLoop)] [topics: /gripper_action_server/goal, /gripper_action_server/status, /gripper_action_server/result, /Robotiq2FGripperRobotOutput, /gripper_action_server/feedback, /gripper_action_server/cancel, /rosout] Exception in your execute callback: name 'r' is not defined
Traceback (most recent call last):
  File "/opt/ros/melodic/lib/python2.7/dist-packages/actionlib/simple_action_server.py", line 289, in executeLoop
    self.execute_callback(goal)
  File "/home/ros/catkin_ws/src/fm_gripper_module/src/gripper_action_server.py", line 54, in execute
    Robotiq2FGripperSlipController().controller()
  File "/home/ros/catkin_ws/src/fm_gripper_module/src/Robotiq2FGripperSlipController.py", line 798, in controller
    inputs = self.askForInput(self.command)
  File "/home/ros/catkin_ws/src/fm_gripper_module/src/Robotiq2FGripperSlipController.py", line 771, in askForInput
    return input(strAskForCommand)
  File "<string>", line 1, in <module>
NameError: name 'r' is not defined

1646906907.436414003 INFO /fm_gripper_action_server [gripper_action_server.py:31(GripperActionServer.execute)] [topics: /gripper_action_server/goal, /gripper_action_server/status, /gripper_action_server/result, /gripper_action_server/feedback, /gripper_action_server/cancel, /rosout] state: initializing
1646906907.437731981 INFO /fm_gripper_action_server [Robotiq2FGripperSlipController.py:774(Robotiq2FGripperSlipController.controller)] [topics: /gripper_action_server/goal, /gripper_action_server/status, /gripper_action_server/result, /gripper_action_server/feedback, /gripper_action_server/cancel, /rosout] controller is started now
1646906908.919097900 WARN /fm_gripper_action_server [tcpros_base.py:355(TCPROSServer._tcp_server_callback)] [topics: /gripper_action_server/goal, /gripper_action_server/status, /gripper_action_server/result, /Robotiq2FGripperRobotOutput, /gripper_action_server/feedback, /gripper_action_server/cancel, /rosout] Inbound TCP/IP connection failed: connection from sender terminated before handshake header received. 0 bytes were received. Please check sender for additional details.
