[roslaunch][INFO] 2022-02-14 15:09:43,934: Checking log directory for disk usage. This may take a while.
Press Ctrl-C to interrupt
[roslaunch][INFO] 2022-02-14 15:09:43,938: Done checking log file disk usage. Usage is <1GB.
[roslaunch][INFO] 2022-02-14 15:09:43,938: roslaunch starting with args ['/opt/ros/melodic/bin/roslaunch', 'module_gripper', 'gripper.launch']
[roslaunch][INFO] 2022-02-14 15:09:43,938: roslaunch env is {'ROS_DISTRO': 'melodic', 'ROSLISP_PACKAGE_DIRECTORIES': '/home/ros/catkin_ws/devel/share/common-lisp', 'HOME': '/home/ros', 'PATH': '/opt/ros/melodic/bin:/usr/local/sbin:/usr/local/bin:/usr/sbin:/usr/bin:/sbin:/bin', 'ROS_PACKAGE_PATH': '/home/ros/catkin_ws/src:/opt/ros/melodic/share', 'CMAKE_PREFIX_PATH': '/home/ros/catkin_ws/devel:/opt/ros/melodic', 'LD_LIBRARY_PATH': '/home/ros/catkin_ws/devel/lib:/opt/ros/melodic/lib', 'LANG': 'C.UTF-8', 'TERM': 'xterm', 'ROS_LOG_FILENAME': '/home/ros/.ros/log/23f10f4e-8da8-11ec-93a1-7c507959f385/roslaunch-FM00351-u-423.log', 'SHLVL': '2', 'DISPLAY': ':0', 'UNAME': 'ros', 'ROS_MASTER_URI': 'http://localhost:11311', 'ROS_PYTHON_VERSION': '2', 'PYTHONPATH': '/home/ros/catkin_ws/devel/lib/python2.7/dist-packages:/opt/ros/melodic/lib/python2.7/dist-packages', 'QT_X11_NO_MITSHM': '1', 'ROS_ROOT': '/opt/ros/melodic/share/ros', 'PKG_CONFIG_PATH': '/home/ros/catkin_ws/devel/lib/pkgconfig:/opt/ros/melodic/lib/pkgconfig', 'LC_ALL': 'C.UTF-8', '_': '/opt/ros/melodic/bin/roslaunch', 'OLDPWD': '/home/ros', 'HOSTNAME': 'FM00351-u', 'PWD': '/home/ros/catkin_ws', 'ROS_ETC_DIR': '/opt/ros/melodic/etc/ros', 'ROS_VERSION': '1'}
[roslaunch][INFO] 2022-02-14 15:09:43,938: starting in server mode
[roslaunch.parent][INFO] 2022-02-14 15:09:43,938: starting roslaunch parent run
[roslaunch][INFO] 2022-02-14 15:09:43,938: loading roscore config file /opt/ros/melodic/etc/ros/roscore.xml
[roslaunch][INFO] 2022-02-14 15:09:44,236: Added core node of type [rosout/rosout] in namespace [/]
[roslaunch.config][INFO] 2022-02-14 15:09:44,236: loading config file /home/ros/catkin_ws/src/fm_gripper_module/launch/gripper.launch
[roslaunch][INFO] 2022-02-14 15:09:44,236: Added node of type [module_gripper/gripper_action_server] in namespace [/]
[roslaunch][INFO] 2022-02-14 15:09:44,236: ... selected machine [] for node of type [module_gripper/gripper_action_server]
[roslaunch.pmon][INFO] 2022-02-14 15:09:44,237: start_process_monitor: creating ProcessMonitor
[roslaunch.pmon][INFO] 2022-02-14 15:09:44,237: created process monitor <ProcessMonitor(ProcessMonitor-1, initial daemon)>
[roslaunch.pmon][INFO] 2022-02-14 15:09:44,237: start_process_monitor: ProcessMonitor started
[roslaunch.parent][INFO] 2022-02-14 15:09:44,237: starting parent XML-RPC server
[roslaunch.server][INFO] 2022-02-14 15:09:44,237: starting roslaunch XML-RPC server
[roslaunch.server][INFO] 2022-02-14 15:09:44,237: waiting for roslaunch XML-RPC server to initialize
[xmlrpc][INFO] 2022-02-14 15:09:44,237: XML-RPC server binding to 0.0.0.0:0
[xmlrpc][INFO] 2022-02-14 15:09:44,237: Started XML-RPC server [http://FM00351-u:42645/]
[xmlrpc][INFO] 2022-02-14 15:09:44,237: xml rpc node: starting XML-RPC server
[roslaunch][INFO] 2022-02-14 15:09:44,248: started roslaunch server http://FM00351-u:42645/
[roslaunch.parent][INFO] 2022-02-14 15:09:44,248: ... parent XML-RPC server started
[roslaunch][INFO] 2022-02-14 15:09:44,249: master.is_running[http://localhost:11311]
[roslaunch][INFO] 2022-02-14 15:09:44,249: auto-starting new master
[roslaunch][INFO] 2022-02-14 15:09:44,249: create_master_process: rosmaster, /opt/ros/melodic/share/ros, 11311, 3, None, False
[roslaunch][INFO] 2022-02-14 15:09:44,249: process[master]: launching with args [['rosmaster', '--core', '-p', '11311', '-w', '3']]
[roslaunch.pmon][INFO] 2022-02-14 15:09:44,249: ProcessMonitor.register[master]
[roslaunch.pmon][INFO] 2022-02-14 15:09:44,249: ProcessMonitor.register[master] complete
[roslaunch][INFO] 2022-02-14 15:09:44,249: process[master]: starting os process
[roslaunch][INFO] 2022-02-14 15:09:44,249: process[master]: start w/ args [['rosmaster', '--core', '-p', '11311', '-w', '3', '__log:=/home/ros/.ros/log/23f10f4e-8da8-11ec-93a1-7c507959f385/master.log']]
[roslaunch][INFO] 2022-02-14 15:09:44,249: process[master]: cwd will be [/home/ros/.ros]
[roslaunch][INFO] 2022-02-14 15:09:44,316: process[master]: started with pid [433]
[roslaunch][INFO] 2022-02-14 15:09:44,316: master.is_running[http://localhost:11311]
[roslaunch][INFO] 2022-02-14 15:09:44,417: master.is_running[http://localhost:11311]
[roslaunch][INFO] 2022-02-14 15:09:44,517: master.is_running[http://localhost:11311]
[roslaunch][INFO] 2022-02-14 15:09:44,520: master.is_running[http://localhost:11311]
[roslaunch][INFO] 2022-02-14 15:09:44,522: ROS_MASTER_URI=http://localhost:11311
[roslaunch][INFO] 2022-02-14 15:09:44,524: setting /run_id to 23f10f4e-8da8-11ec-93a1-7c507959f385
[roslaunch][INFO] 2022-02-14 15:09:44,525: setting /roslaunch/uris/host_fm00351_u__42645' to http://FM00351-u:42645/
[roslaunch][INFO] 2022-02-14 15:09:44,528: ... preparing to launch node of type [rosout/rosout]
[roslaunch][INFO] 2022-02-14 15:09:44,529: create_node_process: package[rosout] type[rosout] machine[Machine(name[] env_loader[None] address[localhost] ssh_port[22] user[None] assignable[True] timeout[10.0])] master_uri[http://localhost:11311]
[roslaunch][INFO] 2022-02-14 15:09:44,529: process[rosout-1]: env[{'ROS_DISTRO': 'melodic', 'ROSLISP_PACKAGE_DIRECTORIES': '/home/ros/catkin_ws/devel/share/common-lisp', 'LD_LIBRARY_PATH': '/home/ros/catkin_ws/devel/lib:/opt/ros/melodic/lib', 'ROS_PACKAGE_PATH': '/home/ros/catkin_ws/src:/opt/ros/melodic/share', 'PATH': '/opt/ros/melodic/bin:/usr/local/sbin:/usr/local/bin:/usr/sbin:/usr/bin:/sbin:/bin', 'CMAKE_PREFIX_PATH': '/home/ros/catkin_ws/devel:/opt/ros/melodic', 'ROS_LOG_FILENAME': '/home/ros/.ros/log/23f10f4e-8da8-11ec-93a1-7c507959f385/roslaunch-FM00351-u-423.log', 'LANG': 'C.UTF-8', 'TERM': 'xterm', 'SHLVL': '2', 'DISPLAY': ':0', 'UNAME': 'ros', 'ROS_ETC_DIR': '/opt/ros/melodic/etc/ros', 'HOME': '/home/ros', 'ROS_PYTHON_VERSION': '2', 'PYTHONPATH': '/home/ros/catkin_ws/devel/lib/python2.7/dist-packages:/opt/ros/melodic/lib/python2.7/dist-packages', 'QT_X11_NO_MITSHM': '1', 'ROS_ROOT': '/opt/ros/melodic/share/ros', 'PKG_CONFIG_PATH': '/home/ros/catkin_ws/devel/lib/pkgconfig:/opt/ros/melodic/lib/pkgconfig', 'LC_ALL': 'C.UTF-8', '_': '/opt/ros/melodic/bin/roslaunch', 'OLDPWD': '/home/ros', 'HOSTNAME': 'FM00351-u', 'PWD': '/home/ros/catkin_ws', 'ROS_MASTER_URI': 'http://localhost:11311', 'ROS_VERSION': '1'}]
[roslaunch][INFO] 2022-02-14 15:09:44,726: process[rosout-1]: args[[u'/opt/ros/melodic/lib/rosout/rosout', u'__name:=rosout']]
[roslaunch][INFO] 2022-02-14 15:09:44,726: ... created process [rosout-1]
[roslaunch.pmon][INFO] 2022-02-14 15:09:44,726: ProcessMonitor.register[rosout-1]
[roslaunch.pmon][INFO] 2022-02-14 15:09:44,726: ProcessMonitor.register[rosout-1] complete
[roslaunch][INFO] 2022-02-14 15:09:44,726: ... registered process [rosout-1]
[roslaunch][INFO] 2022-02-14 15:09:44,726: process[rosout-1]: starting os process
[roslaunch][INFO] 2022-02-14 15:09:44,726: process[rosout-1]: start w/ args [[u'/opt/ros/melodic/lib/rosout/rosout', u'__name:=rosout', u'__log:=/home/ros/.ros/log/23f10f4e-8da8-11ec-93a1-7c507959f385/rosout-1.log']]
[roslaunch][INFO] 2022-02-14 15:09:44,726: process[rosout-1]: cwd will be [/home/ros/.ros]
[roslaunch][INFO] 2022-02-14 15:09:44,791: process[rosout-1]: started with pid [444]
[roslaunch][INFO] 2022-02-14 15:09:44,791: ... successfully launched [rosout-1]
[roslaunch][INFO] 2022-02-14 15:09:44,791: load_parameters starting ...
[roslaunch][INFO] 2022-02-14 15:09:44,793: ... load_parameters complete
[roslaunch][INFO] 2022-02-14 15:09:44,793: launch_nodes: launching local nodes ...
[roslaunch][INFO] 2022-02-14 15:09:44,793: ... preparing to launch node of type [module_gripper/gripper_action_server]
[roslaunch][INFO] 2022-02-14 15:09:44,793: create_node_process: package[module_gripper] type[gripper_action_server] machine[Machine(name[] env_loader[None] address[localhost] ssh_port[22] user[None] assignable[True] timeout[10.0])] master_uri[http://localhost:11311]
[roslaunch][INFO] 2022-02-14 15:09:44,793: process[frogs-2]: env[{'ROS_DISTRO': 'melodic', 'ROSLISP_PACKAGE_DIRECTORIES': '/home/ros/catkin_ws/devel/share/common-lisp', 'LD_LIBRARY_PATH': '/home/ros/catkin_ws/devel/lib:/opt/ros/melodic/lib', 'ROS_PACKAGE_PATH': '/home/ros/catkin_ws/src:/opt/ros/melodic/share', 'PATH': '/opt/ros/melodic/bin:/usr/local/sbin:/usr/local/bin:/usr/sbin:/usr/bin:/sbin:/bin', 'CMAKE_PREFIX_PATH': '/home/ros/catkin_ws/devel:/opt/ros/melodic', 'ROS_LOG_FILENAME': '/home/ros/.ros/log/23f10f4e-8da8-11ec-93a1-7c507959f385/roslaunch-FM00351-u-423.log', 'LANG': 'C.UTF-8', 'TERM': 'xterm', 'SHLVL': '2', 'DISPLAY': ':0', 'UNAME': 'ros', 'ROS_ETC_DIR': '/opt/ros/melodic/etc/ros', 'HOME': '/home/ros', 'ROS_PYTHON_VERSION': '2', 'PYTHONPATH': '/home/ros/catkin_ws/devel/lib/python2.7/dist-packages:/opt/ros/melodic/lib/python2.7/dist-packages', 'QT_X11_NO_MITSHM': '1', 'ROS_ROOT': '/opt/ros/melodic/share/ros', 'PKG_CONFIG_PATH': '/home/ros/catkin_ws/devel/lib/pkgconfig:/opt/ros/melodic/lib/pkgconfig', 'LC_ALL': 'C.UTF-8', '_': '/opt/ros/melodic/bin/roslaunch', 'OLDPWD': '/home/ros', 'HOSTNAME': 'FM00351-u', 'PWD': '/home/ros/catkin_ws', 'ROS_MASTER_URI': 'http://localhost:11311', 'ROS_VERSION': '1'}]
[roslaunch][INFO] 2022-02-14 15:09:44,794: process[frogs-2]: args[[u'/home/ros/catkin_ws/src/fm_gripper_module/src/fm_gripper_module/gripper_action_server', u'__name:=frogs']]
[roslaunch][INFO] 2022-02-14 15:09:44,794: ... created process [frogs-2]
[roslaunch.pmon][INFO] 2022-02-14 15:09:44,794: ProcessMonitor.register[frogs-2]
[roslaunch.pmon][INFO] 2022-02-14 15:09:44,794: ProcessMonitor.register[frogs-2] complete
[roslaunch][INFO] 2022-02-14 15:09:44,794: ... registered process [frogs-2]
[roslaunch][INFO] 2022-02-14 15:09:44,794: process[frogs-2]: starting os process
[roslaunch][INFO] 2022-02-14 15:09:44,794: process[frogs-2]: start w/ args [[u'/home/ros/catkin_ws/src/fm_gripper_module/src/fm_gripper_module/gripper_action_server', u'__name:=frogs', u'__log:=/home/ros/.ros/log/23f10f4e-8da8-11ec-93a1-7c507959f385/frogs-2.log']]
[roslaunch][INFO] 2022-02-14 15:09:44,794: process[frogs-2]: cwd will be [/home/ros/.ros]
[roslaunch][INFO] 2022-02-14 15:09:44,859: process[frogs-2]: started with pid [447]
[roslaunch][INFO] 2022-02-14 15:09:44,859: ... successfully launched [frogs-2]
[roslaunch][INFO] 2022-02-14 15:09:44,859: ... launch_nodes complete
[roslaunch.pmon][INFO] 2022-02-14 15:09:44,859: registrations completed <ProcessMonitor(ProcessMonitor-1, started daemon 139662693598976)>
[roslaunch.parent][INFO] 2022-02-14 15:09:44,859: ... roslaunch parent running, waiting for process exit
[roslaunch][INFO] 2022-02-14 15:09:44,859: spin
[roslaunch.pmon][INFO] 2022-02-14 15:09:56,276: ProcessMonitor.shutdown <ProcessMonitor(ProcessMonitor-1, started daemon 139662693598976)>
[roslaunch.pmon][INFO] 2022-02-14 15:09:56,373: ProcessMonitor._post_run <ProcessMonitor(ProcessMonitor-1, started daemon 139662693598976)>
[roslaunch.pmon][INFO] 2022-02-14 15:09:56,373: ProcessMonitor._post_run <ProcessMonitor(ProcessMonitor-1, started daemon 139662693598976)>: remaining procs are [<roslaunch.nodeprocess.LocalProcess object at 0x7f05c167cf90>, <roslaunch.nodeprocess.LocalProcess object at 0x7f05c1b0ac50>, <roslaunch.nodeprocess.LocalProcess object at 0x7f05c15e45d0>]
[roslaunch.pmon][INFO] 2022-02-14 15:09:56,374: ProcessMonitor exit: killing frogs-2
[roslaunch][INFO] 2022-02-14 15:09:56,374: [frogs-2] killing on exit
[roslaunch][INFO] 2022-02-14 15:09:56,375: process[frogs-2]: killing os process with pid[447] pgid[447]
[roslaunch][INFO] 2022-02-14 15:09:56,376: [frogs-2] sending SIGINT to pgid [447]
[roslaunch][INFO] 2022-02-14 15:09:56,377: [frogs-2] sent SIGINT to pgid [447]
[roslaunch][INFO] 2022-02-14 15:09:56,678: process[frogs-2]: SIGINT killed with return value 0
[roslaunch.pmon][INFO] 2022-02-14 15:09:56,679: ProcessMonitor exit: killing rosout-1
[roslaunch][INFO] 2022-02-14 15:09:56,679: [rosout-1] killing on exit
[roslaunch][INFO] 2022-02-14 15:09:56,679: process[rosout-1]: killing os process with pid[444] pgid[444]
[roslaunch][INFO] 2022-02-14 15:09:56,679: [rosout-1] sending SIGINT to pgid [444]
[roslaunch][INFO] 2022-02-14 15:09:56,679: [rosout-1] sent SIGINT to pgid [444]
[roslaunch][INFO] 2022-02-14 15:09:56,780: process[rosout-1]: SIGINT killed with return value 0
[roslaunch.pmon][INFO] 2022-02-14 15:09:56,780: ProcessMonitor exit: killing master
[roslaunch][INFO] 2022-02-14 15:09:56,780: [master] killing on exit
[roslaunch][INFO] 2022-02-14 15:09:56,780: process[master]: killing os process with pid[433] pgid[433]
[roslaunch][INFO] 2022-02-14 15:09:56,781: [master] sending SIGINT to pgid [433]
[roslaunch][INFO] 2022-02-14 15:09:56,781: [master] sent SIGINT to pgid [433]
[roslaunch][INFO] 2022-02-14 15:09:56,981: process[master]: SIGINT killed with return value 0
[roslaunch.pmon][INFO] 2022-02-14 15:09:56,982: ProcessMonitor exit: cleaning up data structures and signals
[roslaunch.pmon][INFO] 2022-02-14 15:09:56,982: ProcessMonitor exit: pmon has shutdown
[roslaunch][INFO] 2022-02-14 15:09:56,992: process monitor is done spinning, initiating full shutdown
[roslaunch][INFO] 2022-02-14 15:09:56,993: runner.stop()
[roslaunch][INFO] 2022-02-14 15:09:56,993: shutting down processing monitor...
[roslaunch][INFO] 2022-02-14 15:09:56,993: shutting down processing monitor <ProcessMonitor(ProcessMonitor-1, stopped daemon 139662693598976)>
[roslaunch.pmon][INFO] 2022-02-14 15:09:56,993: ProcessMonitor.shutdown <ProcessMonitor(ProcessMonitor-1, stopped daemon 139662693598976)>
[roslaunch][INFO] 2022-02-14 15:09:56,993: ... shutting down processing monitor complete
[roslaunch][INFO] 2022-02-14 15:09:56,993: done
[roslaunch.pmon][INFO] 2022-02-14 15:09:56,993: ProcessMonitor.shutdown <ProcessMonitor(ProcessMonitor-1, stopped daemon 139662693598976)>
[rospy.core][INFO] 2022-02-14 15:09:56,994: signal_shutdown [atexit]
