[rosmaster.main][INFO] 2021-12-21 10:53:58,303: initialization complete, waiting for shutdown
[rosmaster.main][INFO] 2021-12-21 10:53:58,303: Starting ROS Master Node
[xmlrpc][INFO] 2021-12-21 10:53:58,304: XML-RPC server binding to 0.0.0.0:11311
[xmlrpc][INFO] 2021-12-21 10:53:58,305: Started XML-RPC server [http://FM00351-u:11311/]
[rosmaster.master][INFO] 2021-12-21 10:53:58,305: Master initialized: port[11311], uri[http://FM00351-u:11311/]
[xmlrpc][INFO] 2021-12-21 10:53:58,305: xml rpc node: starting XML-RPC server
[rosmaster.master][INFO] 2021-12-21 10:53:58,366: +PARAM [/run_id] by /roslaunch
[rosmaster.master][INFO] 2021-12-21 10:53:58,368: +PARAM [/roslaunch/uris/host_fm00351_u__44681] by /roslaunch
[rosmaster.master][INFO] 2021-12-21 10:53:58,397: +PUB [/rosout] /robotiq2FGripper http://FM00351-u:34067/
[rosmaster.master][INFO] 2021-12-21 10:53:58,399: +SERVICE [/robotiq2FGripper/get_loggers] /robotiq2FGripper http://FM00351-u:34067/
[rosmaster.master][INFO] 2021-12-21 10:53:58,400: +SERVICE [/robotiq2FGripper/set_logger_level] /robotiq2FGripper http://FM00351-u:34067/
[rosmaster.master][INFO] 2021-12-21 10:53:58,400: +PUB [/Robotiq2FGripperRobotInput] /robotiq2FGripper http://FM00351-u:34067/
[rosmaster.master][INFO] 2021-12-21 10:53:58,401: +SUB [/Robotiq2FGripperRobotOutput] /robotiq2FGripper http://FM00351-u:34067/
[rosmaster.master][INFO] 2021-12-21 10:53:58,402: -SUB [/Robotiq2FGripperRobotOutput] /robotiq2FGripper http://FM00351-u:34067/
[rosmaster.master][INFO] 2021-12-21 10:53:58,402: -PUB [/Robotiq2FGripperRobotInput] /robotiq2FGripper http://FM00351-u:34067/
[rosmaster.master][INFO] 2021-12-21 10:53:58,403: -PUB [/rosout] /robotiq2FGripper http://FM00351-u:34067/
[rosmaster.master][INFO] 2021-12-21 10:53:58,403: -SERVICE [/robotiq2FGripper/set_logger_level] /robotiq2FGripper rosrpc://FM00351-u:42591
[rosmaster.master][INFO] 2021-12-21 10:53:58,403: -SERVICE [/robotiq2FGripper/get_loggers] /robotiq2FGripper rosrpc://FM00351-u:42591
[rosmaster.master][INFO] 2021-12-21 10:53:58,481: +PARAM [/rosversion] by /roslaunch
[rosmaster.master][INFO] 2021-12-21 10:53:58,481: +PARAM [/rosdistro] by /roslaunch
[rosmaster.master][INFO] 2021-12-21 10:53:58,486: +SERVICE [/rosout/get_loggers] /rosout http://FM00351-u:45057/
[rosmaster.master][INFO] 2021-12-21 10:53:58,487: +SERVICE [/rosout/set_logger_level] /rosout http://FM00351-u:45057/
[rosmaster.master][INFO] 2021-12-21 10:53:58,488: +PUB [/rosout_agg] /rosout http://FM00351-u:45057/
[rosmaster.master][INFO] 2021-12-21 10:53:58,489: +SUB [/rosout] /rosout http://FM00351-u:45057/
[rosmaster.master][INFO] 2021-12-21 10:53:58,868: +PUB [/rosout] /frogs http://FM00351-u:41147/
[rosmaster.master][INFO] 2021-12-21 10:53:58,870: +SERVICE [/frogs/get_loggers] /frogs http://FM00351-u:41147/
[rosmaster.master][INFO] 2021-12-21 10:53:58,871: +SERVICE [/frogs/set_logger_level] /frogs http://FM00351-u:41147/
[rosmaster.master][INFO] 2021-12-21 10:53:58,873: +PUB [/gripper_action_server/status] /frogs http://FM00351-u:41147/
[rosmaster.master][INFO] 2021-12-21 10:53:58,874: +PUB [/gripper_action_server/result] /frogs http://FM00351-u:41147/
[rosmaster.master][INFO] 2021-12-21 10:53:58,875: +PUB [/gripper_action_server/feedback] /frogs http://FM00351-u:41147/
[rosmaster.master][INFO] 2021-12-21 10:53:58,877: +SUB [/gripper_action_server/goal] /frogs http://FM00351-u:41147/
[rosmaster.master][INFO] 2021-12-21 10:53:58,878: +SUB [/gripper_action_server/cancel] /frogs http://FM00351-u:41147/
[rosmaster.master][INFO] 2021-12-21 10:53:58,880: +PUB [/Robotiq2FGripperRobotOutput] /frogs http://FM00351-u:41147/
[rosmaster.master][INFO] 2021-12-21 10:53:58,881: +SUB [/Robotiq2FGripperRobotInput] /frogs http://FM00351-u:41147/
[rosmaster.master][INFO] 2021-12-21 10:53:58,905: publisherUpdate[/rosout] -> http://FM00351-u:45057/ ['http://FM00351-u:41147/']
[rosmaster.master][INFO] 2021-12-21 10:53:58,913: publisherUpdate[/rosout] -> http://FM00351-u:45057/ ['http://FM00351-u:41147/']: sec=0.01, result=[1, '', 0]
[rosmaster.master][INFO] 2021-12-21 10:57:07,737: +PARAM [/roslaunch/uris/host_fm00351_u__39427] by /roslaunch
[rosmaster.master][INFO] 2021-12-21 10:57:07,741: +PARAM [/infraflex_robot/libraries_list] by /roslaunch
[rosmaster.master][INFO] 2021-12-21 10:57:07,741: +PARAM [/rosdistro] by /roslaunch
[rosmaster.master][INFO] 2021-12-21 10:57:07,741: +PARAM [/infraflex_robot/primitive_list] by /roslaunch
[rosmaster.master][INFO] 2021-12-21 10:57:07,741: +PARAM [/wm/load_contexts] by /roslaunch
[rosmaster.master][INFO] 2021-12-21 10:57:07,741: +PARAM [/wm/init_scene] by /roslaunch
[rosmaster.master][INFO] 2021-12-21 10:57:07,741: +PARAM [/rosversion] by /roslaunch
[rosmaster.master][INFO] 2021-12-21 10:57:07,741: +PARAM [/wm/verbose] by /roslaunch
[rosmaster.master][INFO] 2021-12-21 10:57:07,741: +PARAM [/infraflex_robot/verbose] by /roslaunch
[rosmaster.master][INFO] 2021-12-21 10:57:07,741: +PARAM [/tm/verbose] by /roslaunch
[rosmaster.master][INFO] 2021-12-21 10:57:07,741: +PARAM [/wm/workspace_dir] by /roslaunch
[rosmaster.master][INFO] 2021-12-21 10:57:07,741: +PARAM [/infraflex_robot/prefix] by /roslaunch
[rosmaster.master][INFO] 2021-12-21 10:57:07,741: +PARAM [/wm/reasoners_pkgs] by /roslaunch
[rosmaster.master][INFO] 2021-12-21 10:57:07,741: +PARAM [/infraflex_robot/skill_list] by /roslaunch
[rosmaster.master][INFO] 2021-12-21 10:57:07,894: +PUB [/rosout] /rviz http://FM00351-u:34647/
[rosmaster.master][INFO] 2021-12-21 10:57:07,895: +SERVICE [/rviz/get_loggers] /rviz http://FM00351-u:34647/
[rosmaster.master][INFO] 2021-12-21 10:57:07,895: +SERVICE [/rviz/set_logger_level] /rviz http://FM00351-u:34647/
[rosmaster.master][INFO] 2021-12-21 10:57:07,916: publisherUpdate[/rosout] -> http://FM00351-u:45057/ ['http://FM00351-u:41147/', 'http://FM00351-u:34647/']
[rosmaster.master][INFO] 2021-12-21 10:57:07,927: publisherUpdate[/rosout] -> http://FM00351-u:45057/ ['http://FM00351-u:41147/', 'http://FM00351-u:34647/']: sec=0.01, result=[1, '', 0]
[rosmaster.master][INFO] 2021-12-21 10:57:08,018: +SUB [/tf] /rviz http://FM00351-u:34647/
[rosmaster.master][INFO] 2021-12-21 10:57:08,019: +SUB [/tf_static] /rviz http://FM00351-u:34647/
[rosmaster.master][INFO] 2021-12-21 10:57:08,043: +PUB [/initialpose] /rviz http://FM00351-u:34647/
[rosmaster.master][INFO] 2021-12-21 10:57:08,044: +PUB [/goal] /rviz http://FM00351-u:34647/
[rosmaster.master][INFO] 2021-12-21 10:57:08,049: -PUB [/goal] /rviz http://FM00351-u:34647/
[rosmaster.master][INFO] 2021-12-21 10:57:08,050: -PUB [/initialpose] /rviz http://FM00351-u:34647/
[rosmaster.master][INFO] 2021-12-21 10:57:08,054: +PUB [/initialpose] /rviz http://FM00351-u:34647/
[rosmaster.master][INFO] 2021-12-21 10:57:08,055: +PUB [/goal] /rviz http://FM00351-u:34647/
[rosmaster.master][INFO] 2021-12-21 10:57:08,055: +PUB [/move_base_simple/goal] /rviz http://FM00351-u:34647/
[rosmaster.master][INFO] 2021-12-21 10:57:08,056: -PUB [/goal] /rviz http://FM00351-u:34647/
[rosmaster.master][INFO] 2021-12-21 10:57:08,056: +PUB [/clicked_point] /rviz http://FM00351-u:34647/
[rosmaster.master][INFO] 2021-12-21 10:57:08,082: +SERVICE [/rviz/reload_shaders] /rviz http://FM00351-u:34647/
[rosmaster.master][INFO] 2021-12-21 10:57:08,129: +CACHEDPARAM [/rosout/omit_topics] by /rosout
[rosmaster.master][INFO] 2021-12-21 10:57:08,424: +PUB [/rosout] /wm http://FM00351-u:37839/
[rosmaster.master][INFO] 2021-12-21 10:57:08,427: +SERVICE [/wm/get_loggers] /wm http://FM00351-u:37839/
[rosmaster.master][INFO] 2021-12-21 10:57:08,428: publisherUpdate[/rosout] -> http://FM00351-u:45057/ ['http://FM00351-u:41147/', 'http://FM00351-u:34647/', 'http://FM00351-u:37839/']
[rosmaster.master][INFO] 2021-12-21 10:57:08,429: +SERVICE [/wm/set_logger_level] /wm http://FM00351-u:37839/
[rosmaster.master][INFO] 2021-12-21 10:57:08,429: publisherUpdate[/rosout] -> http://FM00351-u:45057/ ['http://FM00351-u:41147/', 'http://FM00351-u:34647/', 'http://FM00351-u:37839/']: sec=0.00, result=[1, '', 0]
[rosmaster.master][INFO] 2021-12-21 10:57:08,496: +PUB [/rosout] /infraflex_robot http://FM00351-u:41429/
[rosmaster.master][INFO] 2021-12-21 10:57:08,499: +SERVICE [/infraflex_robot/get_loggers] /infraflex_robot http://FM00351-u:41429/
[rosmaster.master][INFO] 2021-12-21 10:57:08,501: +SERVICE [/infraflex_robot/set_logger_level] /infraflex_robot http://FM00351-u:41429/
[rosmaster.master][INFO] 2021-12-21 10:57:08,518: publisherUpdate[/rosout] -> http://FM00351-u:45057/ ['http://FM00351-u:41147/', 'http://FM00351-u:34647/', 'http://FM00351-u:37839/', 'http://FM00351-u:41429/']
[rosmaster.master][INFO] 2021-12-21 10:57:08,518: publisherUpdate[/rosout] -> http://FM00351-u:45057/ ['http://FM00351-u:41147/', 'http://FM00351-u:34647/', 'http://FM00351-u:37839/', 'http://FM00351-u:41429/']: sec=0.00, result=[1, '', 0]
[rosmaster.master][INFO] 2021-12-21 10:57:08,528: +PUB [/rosout] /skiros_gui http://FM00351-u:45389/
[rosmaster.master][INFO] 2021-12-21 10:57:08,530: publisherUpdate[/rosout] -> http://FM00351-u:45057/ ['http://FM00351-u:41147/', 'http://FM00351-u:34647/', 'http://FM00351-u:37839/', 'http://FM00351-u:41429/', 'http://FM00351-u:45389/']
[rosmaster.master][INFO] 2021-12-21 10:57:08,531: +SERVICE [/skiros_gui/get_loggers] /skiros_gui http://FM00351-u:45389/
[rosmaster.master][INFO] 2021-12-21 10:57:08,532: publisherUpdate[/rosout] -> http://FM00351-u:45057/ ['http://FM00351-u:41147/', 'http://FM00351-u:34647/', 'http://FM00351-u:37839/', 'http://FM00351-u:41429/', 'http://FM00351-u:45389/']: sec=0.00, result=[1, '', 0]
[rosmaster.master][INFO] 2021-12-21 10:57:08,533: +SERVICE [/skiros_gui/set_logger_level] /skiros_gui http://FM00351-u:45389/
[rosmaster.master][INFO] 2021-12-21 10:57:08,583: +PUB [/rosout] /tm http://FM00351-u:32957/
[rosmaster.master][INFO] 2021-12-21 10:57:08,587: +SERVICE [/tm/get_loggers] /tm http://FM00351-u:32957/
[rosmaster.master][INFO] 2021-12-21 10:57:08,588: +SERVICE [/tm/set_logger_level] /tm http://FM00351-u:32957/
[rosmaster.master][INFO] 2021-12-21 10:57:08,619: publisherUpdate[/rosout] -> http://FM00351-u:45057/ ['http://FM00351-u:41147/', 'http://FM00351-u:34647/', 'http://FM00351-u:37839/', 'http://FM00351-u:41429/', 'http://FM00351-u:45389/', 'http://FM00351-u:32957/']
[rosmaster.master][INFO] 2021-12-21 10:57:08,620: publisherUpdate[/rosout] -> http://FM00351-u:45057/ ['http://FM00351-u:41147/', 'http://FM00351-u:34647/', 'http://FM00351-u:37839/', 'http://FM00351-u:41429/', 'http://FM00351-u:45389/', 'http://FM00351-u:32957/']: sec=0.00, result=[1, '', 0]
[rosmaster.master][INFO] 2021-12-21 10:57:08,646: +PUB [/skiros_gui/update_full] /skiros_gui http://FM00351-u:45389/
[rosmaster.master][INFO] 2021-12-21 10:57:08,648: +PUB [/skiros_gui/update] /skiros_gui http://FM00351-u:45389/
[rosmaster.master][INFO] 2021-12-21 10:57:08,651: +SUB [/skiros_gui/feedback] /skiros_gui http://FM00351-u:45389/
[rosmaster.master][INFO] 2021-12-21 10:57:09,297: +SERVICE [/wm/tf2_frames] /wm http://FM00351-u:37839/
[rosmaster.master][INFO] 2021-12-21 10:57:09,299: +SUB [/tf] /wm http://FM00351-u:37839/
[rosmaster.master][INFO] 2021-12-21 10:57:09,300: +SUB [/tf_static] /wm http://FM00351-u:37839/
[rosmaster.master][INFO] 2021-12-21 10:57:09,302: +PUB [/tf] /wm http://FM00351-u:37839/
[rosmaster.master][INFO] 2021-12-21 10:57:09,306: +SERVICE [/wm/scene/set_relation] /wm http://FM00351-u:37839/
[rosmaster.master][INFO] 2021-12-21 10:57:09,321: publisherUpdate[/tf] -> http://FM00351-u:34647/ ['http://FM00351-u:37839/']
[rosmaster.master][INFO] 2021-12-21 10:57:09,323: +SERVICE [/wm/scene/query_relations] /wm http://FM00351-u:37839/
[rosmaster.master][INFO] 2021-12-21 10:57:09,323: publisherUpdate[/tf] -> http://FM00351-u:34647/ ['http://FM00351-u:37839/']: sec=0.00, result=[1, '', 0]
[rosmaster.master][INFO] 2021-12-21 10:57:09,323: publisherUpdate[/tf] -> http://FM00351-u:37839/ ['http://FM00351-u:37839/']
[rosmaster.master][INFO] 2021-12-21 10:57:09,336: publisherUpdate[/tf] -> http://FM00351-u:37839/ ['http://FM00351-u:37839/']: sec=0.01, result=[1, '', 0]
[rosmaster.master][INFO] 2021-12-21 10:57:09,338: +SERVICE [/wm/get] /wm http://FM00351-u:37839/
[rosmaster.master][INFO] 2021-12-21 10:57:09,345: +SERVICE [/wm/modify] /wm http://FM00351-u:37839/
[rosmaster.master][INFO] 2021-12-21 10:57:09,356: +PUB [/wm/monitor] /wm http://FM00351-u:37839/
[rosmaster.master][INFO] 2021-12-21 10:57:09,364: +PUB [/wm/status] /wm http://FM00351-u:37839/
[rosmaster.master][INFO] 2021-12-21 10:57:09,365: +PUB [/wm/status_json_rel] /wm http://FM00351-u:37839/
[rosmaster.master][INFO] 2021-12-21 10:57:09,367: +SERVICE [/wm/load_and_save] /wm http://FM00351-u:37839/
[rosmaster.master][INFO] 2021-12-21 10:57:09,367: +SERVICE [/wm/lock] /wm http://FM00351-u:37839/
[rosmaster.master][INFO] 2021-12-21 10:57:09,368: +SERVICE [/wm/ontology/query] /wm http://FM00351-u:37839/
[rosmaster.master][INFO] 2021-12-21 10:57:09,369: +SERVICE [/wm/ontology/modify] /wm http://FM00351-u:37839/
[rosmaster.master][INFO] 2021-12-21 10:57:09,410: +SUB [/wm/monitor] /infraflex_robot http://FM00351-u:41429/
[rosmaster.master][INFO] 2021-12-21 10:57:09,496: +SUB [/wm/monitor] /tm http://FM00351-u:32957/
[rosmaster.master][INFO] 2021-12-21 10:57:09,497: +PUB [/skill_managers/discovery] /tm http://FM00351-u:32957/
[rosmaster.master][INFO] 2021-12-21 10:57:09,499: +SUB [/skill_managers/description] /tm http://FM00351-u:32957/
[rosmaster.master][INFO] 2021-12-21 10:57:09,502: +PUB [/tm/task_plan/status] /tm http://FM00351-u:32957/
[rosmaster.master][INFO] 2021-12-21 10:57:09,503: +PUB [/tm/task_plan/result] /tm http://FM00351-u:32957/
[rosmaster.master][INFO] 2021-12-21 10:57:09,504: +PUB [/tm/task_plan/feedback] /tm http://FM00351-u:32957/
[rosmaster.master][INFO] 2021-12-21 10:57:09,507: +SUB [/tm/task_plan/goal] /tm http://FM00351-u:32957/
[rosmaster.master][INFO] 2021-12-21 10:57:09,509: +SUB [/tm/task_plan/cancel] /tm http://FM00351-u:32957/
[rosmaster.master][INFO] 2021-12-21 10:57:09,560: +SUB [/wm/monitor] /skiros_gui http://FM00351-u:45389/
[rosmaster.master][INFO] 2021-12-21 10:57:09,561: +PUB [/skill_managers/discovery] /skiros_gui http://FM00351-u:45389/
[rosmaster.master][INFO] 2021-12-21 10:57:09,562: +SUB [/skill_managers/description] /skiros_gui http://FM00351-u:45389/
[rosmaster.master][INFO] 2021-12-21 10:57:09,564: +SUB [/robot_output] /skiros_gui http://FM00351-u:45389/
[rosmaster.master][INFO] 2021-12-21 10:57:09,719: +SERVICE [/infraflex_robot/get_skills] /infraflex_robot http://FM00351-u:41429/
[rosmaster.master][INFO] 2021-12-21 10:57:09,720: +SERVICE [/infraflex_robot/add_skills] /infraflex_robot http://FM00351-u:41429/
[rosmaster.master][INFO] 2021-12-21 10:57:10,078: +SERVICE [/skiros_gui/tf2_frames] /skiros_gui http://FM00351-u:45389/
[rosmaster.master][INFO] 2021-12-21 10:57:10,080: +SUB [/tf] /skiros_gui http://FM00351-u:45389/
[rosmaster.master][INFO] 2021-12-21 10:57:10,082: +SUB [/tf_static] /skiros_gui http://FM00351-u:45389/
[rosmaster.master][INFO] 2021-12-21 10:57:10,697: +SERVICE [/infraflex_robot/command] /infraflex_robot http://FM00351-u:41429/
[rosmaster.master][INFO] 2021-12-21 10:57:10,698: +PUB [/infraflex_robot/monitor] /infraflex_robot http://FM00351-u:41429/
[rosmaster.master][INFO] 2021-12-21 10:57:10,700: +PUB [/infraflex_robot/tick_rate] /infraflex_robot http://FM00351-u:41429/
[rosmaster.master][INFO] 2021-12-21 10:57:10,702: +SUB [/infraflex_robot/set_debug] /infraflex_robot http://FM00351-u:41429/
[rosmaster.master][INFO] 2021-12-21 10:57:10,704: +SUB [/skill_managers/discovery] /infraflex_robot http://FM00351-u:41429/
[rosmaster.master][INFO] 2021-12-21 10:57:10,705: +PUB [/skill_managers/description] /infraflex_robot http://FM00351-u:41429/
[rosmaster.master][INFO] 2021-12-21 10:57:10,734: publisherUpdate[/skill_managers/description] -> http://FM00351-u:32957/ ['http://FM00351-u:41429/']
[rosmaster.master][INFO] 2021-12-21 10:57:10,735: publisherUpdate[/skill_managers/description] -> http://FM00351-u:32957/ ['http://FM00351-u:41429/']: sec=0.00, result=[1, '', 0]
[rosmaster.master][INFO] 2021-12-21 10:57:10,736: publisherUpdate[/skill_managers/description] -> http://FM00351-u:45389/ ['http://FM00351-u:41429/']
[rosmaster.master][INFO] 2021-12-21 10:57:10,737: publisherUpdate[/skill_managers/description] -> http://FM00351-u:45389/ ['http://FM00351-u:41429/']: sec=0.00, result=[1, '', 0]
[rosmaster.master][INFO] 2021-12-21 10:57:11,210: +SUB [/infraflex_robot/monitor] /tm http://FM00351-u:32957/
[rosmaster.master][INFO] 2021-12-21 10:57:11,210: +SUB [/infraflex_robot/monitor] /skiros_gui http://FM00351-u:45389/
[rosmaster.master][INFO] 2021-12-21 10:57:11,211: +SUB [/infraflex_robot/tick_rate] /tm http://FM00351-u:32957/
[rosmaster.master][INFO] 2021-12-21 10:57:11,212: +SUB [/infraflex_robot/tick_rate] /skiros_gui http://FM00351-u:45389/
[rosmaster.master][INFO] 2021-12-21 10:57:11,213: +PUB [/infraflex_robot/set_debug] /tm http://FM00351-u:32957/
[rosmaster.master][INFO] 2021-12-21 10:57:11,214: +PUB [/infraflex_robot/set_debug] /skiros_gui http://FM00351-u:45389/
[rosmaster.master][INFO] 2021-12-21 10:57:11,237: publisherUpdate[/infraflex_robot/set_debug] -> http://FM00351-u:41429/ ['http://FM00351-u:32957/']
[rosmaster.master][INFO] 2021-12-21 10:57:11,238: publisherUpdate[/infraflex_robot/set_debug] -> http://FM00351-u:41429/ ['http://FM00351-u:32957/']: sec=0.00, result=[1, '', 0]
[rosmaster.master][INFO] 2021-12-21 10:57:11,238: publisherUpdate[/infraflex_robot/set_debug] -> http://FM00351-u:41429/ ['http://FM00351-u:32957/', 'http://FM00351-u:45389/']
[rosmaster.master][INFO] 2021-12-21 10:57:11,239: publisherUpdate[/infraflex_robot/set_debug] -> http://FM00351-u:41429/ ['http://FM00351-u:32957/', 'http://FM00351-u:45389/']: sec=0.00, result=[1, '', 0]
[rosmaster.master][INFO] 2021-12-21 10:57:40,053: +PUB [/rosout] /robotiq2FGripper http://FM00351-u:46719/
[rosmaster.master][INFO] 2021-12-21 10:57:40,056: +SERVICE [/robotiq2FGripper/get_loggers] /robotiq2FGripper http://FM00351-u:46719/
[rosmaster.master][INFO] 2021-12-21 10:57:40,057: +SERVICE [/robotiq2FGripper/set_logger_level] /robotiq2FGripper http://FM00351-u:46719/
[rosmaster.master][INFO] 2021-12-21 10:57:40,057: +PUB [/Robotiq2FGripperRobotInput] /robotiq2FGripper http://FM00351-u:46719/
[rosmaster.master][INFO] 2021-12-21 10:57:40,058: +SUB [/Robotiq2FGripperRobotOutput] /robotiq2FGripper http://FM00351-u:46719/
[rosmaster.master][INFO] 2021-12-21 10:57:40,059: -SUB [/Robotiq2FGripperRobotOutput] /robotiq2FGripper http://FM00351-u:46719/
[rosmaster.master][INFO] 2021-12-21 10:57:40,059: -PUB [/Robotiq2FGripperRobotInput] /robotiq2FGripper http://FM00351-u:46719/
[rosmaster.master][INFO] 2021-12-21 10:57:40,059: -PUB [/rosout] /robotiq2FGripper http://FM00351-u:46719/
[rosmaster.master][INFO] 2021-12-21 10:57:40,060: -SERVICE [/robotiq2FGripper/set_logger_level] /robotiq2FGripper rosrpc://FM00351-u:33609
[rosmaster.master][INFO] 2021-12-21 10:57:40,060: -SERVICE [/robotiq2FGripper/get_loggers] /robotiq2FGripper rosrpc://FM00351-u:33609
[rosmaster.master][INFO] 2021-12-21 10:57:40,101: publisherUpdate[/rosout] -> http://FM00351-u:45057/ ['http://FM00351-u:41147/', 'http://FM00351-u:34647/', 'http://FM00351-u:37839/', 'http://FM00351-u:41429/', 'http://FM00351-u:45389/', 'http://FM00351-u:32957/', 'http://FM00351-u:46719/']
[rosmaster.master][INFO] 2021-12-21 10:57:40,101: publisherUpdate[/Robotiq2FGripperRobotInput] -> http://FM00351-u:41147/ ['http://FM00351-u:46719/']
[rosmaster.master][INFO] 2021-12-21 10:57:40,102: publisherUpdate[/rosout] -> http://FM00351-u:45057/ ['http://FM00351-u:41147/', 'http://FM00351-u:34647/', 'http://FM00351-u:37839/', 'http://FM00351-u:41429/', 'http://FM00351-u:45389/', 'http://FM00351-u:32957/', 'http://FM00351-u:46719/']: sec=0.00, result=[1, '', 0]
[rosmaster.master][INFO] 2021-12-21 10:57:40,102: publisherUpdate[/rosout] -> http://FM00351-u:45057/ ['http://FM00351-u:41147/', 'http://FM00351-u:34647/', 'http://FM00351-u:37839/', 'http://FM00351-u:41429/', 'http://FM00351-u:45389/', 'http://FM00351-u:32957/']
[rosmaster.master][INFO] 2021-12-21 10:57:40,103: publisherUpdate[/rosout] -> http://FM00351-u:45057/ ['http://FM00351-u:41147/', 'http://FM00351-u:34647/', 'http://FM00351-u:37839/', 'http://FM00351-u:41429/', 'http://FM00351-u:45389/', 'http://FM00351-u:32957/']: sec=0.00, result=[1, '', 0]
[rosmaster.master][INFO] 2021-12-21 10:57:40,104: publisherUpdate[/Robotiq2FGripperRobotInput] -> http://FM00351-u:41147/ ['http://FM00351-u:46719/']: sec=0.00, result=[1, '', 0]
[rosmaster.master][INFO] 2021-12-21 10:57:40,105: publisherUpdate[/Robotiq2FGripperRobotInput] -> http://FM00351-u:41147/ []
[rosmaster.master][INFO] 2021-12-21 10:57:40,105: publisherUpdate[/Robotiq2FGripperRobotInput] -> http://FM00351-u:41147/ []: sec=0.00, result=[1, '', 0]
