[roslaunch][INFO] 2022-02-14 13:52:23,212: Checking log directory for disk usage. This may take a while.
Press Ctrl-C to interrupt
[roslaunch][INFO] 2022-02-14 13:52:23,214: Done checking log file disk usage. Usage is <1GB.
[roslaunch][INFO] 2022-02-14 13:52:23,215: roslaunch starting with args ['/opt/ros/melodic/bin/roslaunch', 'tactile_pressure_sensor', 'run_tactile_pressure.launch']
[roslaunch][INFO] 2022-02-14 13:52:23,215: roslaunch env is {'ROS_DISTRO': 'melodic', 'ROSLISP_PACKAGE_DIRECTORIES': '/home/ros/catkin_ws/devel/share/common-lisp', 'HOME': '/home/ros', 'PATH': '/opt/ros/melodic/bin:/usr/local/sbin:/usr/local/bin:/usr/sbin:/usr/bin:/sbin:/bin', 'ROS_PACKAGE_PATH': '/home/ros/catkin_ws/src:/opt/ros/melodic/share', 'CMAKE_PREFIX_PATH': '/home/ros/catkin_ws/devel:/opt/ros/melodic', 'LD_LIBRARY_PATH': '/home/ros/catkin_ws/devel/lib:/opt/ros/melodic/lib', 'LANG': 'C.UTF-8', 'TERM': 'xterm', 'ROS_LOG_FILENAME': '/home/ros/.ros/log/55db22ca-8d9d-11ec-8350-7c507959f385/roslaunch-FM00351-u-726.log', 'SHLVL': '1', 'DISPLAY': ':0', 'UNAME': 'ros', 'ROS_MASTER_URI': 'http://localhost:11311', 'ROS_PYTHON_VERSION': '2', 'PYTHONPATH': '/home/ros/catkin_ws/devel/lib/python2.7/dist-packages:/opt/ros/melodic/lib/python2.7/dist-packages', 'QT_X11_NO_MITSHM': '1', 'ROS_ROOT': '/opt/ros/melodic/share/ros', 'PKG_CONFIG_PATH': '/home/ros/catkin_ws/devel/lib/pkgconfig:/opt/ros/melodic/lib/pkgconfig', 'LC_ALL': 'C.UTF-8', '_': '/opt/ros/melodic/bin/roslaunch', 'OLDPWD': '/home/ros', 'HOSTNAME': 'FM00351-u', 'PWD': '/home/ros/catkin_ws', 'ROS_ETC_DIR': '/opt/ros/melodic/etc/ros', 'ROS_VERSION': '1'}
[roslaunch][INFO] 2022-02-14 13:52:23,215: starting in server mode
[roslaunch.parent][INFO] 2022-02-14 13:52:23,215: starting roslaunch parent run
[roslaunch][INFO] 2022-02-14 13:52:23,215: loading roscore config file /opt/ros/melodic/etc/ros/roscore.xml
[roslaunch][INFO] 2022-02-14 13:52:23,508: Added core node of type [rosout/rosout] in namespace [/]
[roslaunch.config][INFO] 2022-02-14 13:52:23,509: loading config file /home/ros/catkin_ws/src/tactile_pressure_sensor/launch/run_tactile_pressure.launch
[roslaunch][INFO] 2022-02-14 13:52:23,509: Added node of type [rosserial_arduino/serial_node.py] in namespace [/sensor/]
[roslaunch][INFO] 2022-02-14 13:52:23,509: Added node of type [tactile_pressure_sensor/pressure_LocAndForceEstimation.py] in namespace [/sensor/]
[roslaunch][INFO] 2022-02-14 13:52:23,509: ... selected machine [] for node of type [rosserial_arduino/serial_node.py]
[roslaunch][INFO] 2022-02-14 13:52:23,509: ... selected machine [] for node of type [tactile_pressure_sensor/pressure_LocAndForceEstimation.py]
[roslaunch.pmon][INFO] 2022-02-14 13:52:23,510: start_process_monitor: creating ProcessMonitor
[roslaunch.pmon][INFO] 2022-02-14 13:52:23,510: created process monitor <ProcessMonitor(ProcessMonitor-1, initial daemon)>
[roslaunch.pmon][INFO] 2022-02-14 13:52:23,510: start_process_monitor: ProcessMonitor started
[roslaunch.parent][INFO] 2022-02-14 13:52:23,510: starting parent XML-RPC server
[roslaunch.server][INFO] 2022-02-14 13:52:23,510: starting roslaunch XML-RPC server
[roslaunch.server][INFO] 2022-02-14 13:52:23,510: waiting for roslaunch XML-RPC server to initialize
[xmlrpc][INFO] 2022-02-14 13:52:23,511: XML-RPC server binding to 0.0.0.0:0
[xmlrpc][INFO] 2022-02-14 13:52:23,511: Started XML-RPC server [http://FM00351-u:33195/]
[xmlrpc][INFO] 2022-02-14 13:52:23,511: xml rpc node: starting XML-RPC server
[roslaunch][INFO] 2022-02-14 13:52:23,522: started roslaunch server http://FM00351-u:33195/
[roslaunch.parent][INFO] 2022-02-14 13:52:23,522: ... parent XML-RPC server started
[roslaunch][INFO] 2022-02-14 13:52:23,522: master.is_running[http://localhost:11311]
[roslaunch][INFO] 2022-02-14 13:52:23,522: auto-starting new master
[roslaunch][INFO] 2022-02-14 13:52:23,523: create_master_process: rosmaster, /opt/ros/melodic/share/ros, 11311, 3, None, False
[roslaunch][INFO] 2022-02-14 13:52:23,523: process[master]: launching with args [['rosmaster', '--core', '-p', '11311', '-w', '3']]
[roslaunch.pmon][INFO] 2022-02-14 13:52:23,523: ProcessMonitor.register[master]
[roslaunch.pmon][INFO] 2022-02-14 13:52:23,523: ProcessMonitor.register[master] complete
[roslaunch][INFO] 2022-02-14 13:52:23,523: process[master]: starting os process
[roslaunch][INFO] 2022-02-14 13:52:23,523: process[master]: start w/ args [['rosmaster', '--core', '-p', '11311', '-w', '3', '__log:=/home/ros/.ros/log/55db22ca-8d9d-11ec-8350-7c507959f385/master.log']]
[roslaunch][INFO] 2022-02-14 13:52:23,523: process[master]: cwd will be [/home/ros/.ros]
[roslaunch][INFO] 2022-02-14 13:52:23,587: process[master]: started with pid [736]
[roslaunch][INFO] 2022-02-14 13:52:23,587: master.is_running[http://localhost:11311]
[roslaunch][INFO] 2022-02-14 13:52:23,688: master.is_running[http://localhost:11311]
[roslaunch][INFO] 2022-02-14 13:52:23,788: master.is_running[http://localhost:11311]
[roslaunch][INFO] 2022-02-14 13:52:23,789: master.is_running[http://localhost:11311]
[roslaunch][INFO] 2022-02-14 13:52:23,790: ROS_MASTER_URI=http://localhost:11311
[roslaunch][INFO] 2022-02-14 13:52:23,790: setting /run_id to 55db22ca-8d9d-11ec-8350-7c507959f385
[roslaunch][INFO] 2022-02-14 13:52:23,791: setting /roslaunch/uris/host_fm00351_u__33195' to http://FM00351-u:33195/
[roslaunch][INFO] 2022-02-14 13:52:23,792: ... preparing to launch node of type [rosout/rosout]
[roslaunch][INFO] 2022-02-14 13:52:23,792: create_node_process: package[rosout] type[rosout] machine[Machine(name[] env_loader[None] address[localhost] ssh_port[22] user[None] assignable[True] timeout[10.0])] master_uri[http://localhost:11311]
[roslaunch][INFO] 2022-02-14 13:52:23,792: process[rosout-1]: env[{'ROS_DISTRO': 'melodic', 'ROSLISP_PACKAGE_DIRECTORIES': '/home/ros/catkin_ws/devel/share/common-lisp', 'LD_LIBRARY_PATH': '/home/ros/catkin_ws/devel/lib:/opt/ros/melodic/lib', 'ROS_PACKAGE_PATH': '/home/ros/catkin_ws/src:/opt/ros/melodic/share', 'PATH': '/opt/ros/melodic/bin:/usr/local/sbin:/usr/local/bin:/usr/sbin:/usr/bin:/sbin:/bin', 'CMAKE_PREFIX_PATH': '/home/ros/catkin_ws/devel:/opt/ros/melodic', 'ROS_LOG_FILENAME': '/home/ros/.ros/log/55db22ca-8d9d-11ec-8350-7c507959f385/roslaunch-FM00351-u-726.log', 'LANG': 'C.UTF-8', 'TERM': 'xterm', 'SHLVL': '1', 'DISPLAY': ':0', 'UNAME': 'ros', 'ROS_ETC_DIR': '/opt/ros/melodic/etc/ros', 'HOME': '/home/ros', 'ROS_PYTHON_VERSION': '2', 'PYTHONPATH': '/home/ros/catkin_ws/devel/lib/python2.7/dist-packages:/opt/ros/melodic/lib/python2.7/dist-packages', 'QT_X11_NO_MITSHM': '1', 'ROS_ROOT': '/opt/ros/melodic/share/ros', 'PKG_CONFIG_PATH': '/home/ros/catkin_ws/devel/lib/pkgconfig:/opt/ros/melodic/lib/pkgconfig', 'LC_ALL': 'C.UTF-8', '_': '/opt/ros/melodic/bin/roslaunch', 'OLDPWD': '/home/ros', 'HOSTNAME': 'FM00351-u', 'PWD': '/home/ros/catkin_ws', 'ROS_MASTER_URI': 'http://localhost:11311', 'ROS_VERSION': '1'}]
[roslaunch][INFO] 2022-02-14 13:52:23,985: process[rosout-1]: args[[u'/opt/ros/melodic/lib/rosout/rosout', u'__name:=rosout']]
[roslaunch][INFO] 2022-02-14 13:52:23,985: ... created process [rosout-1]
[roslaunch.pmon][INFO] 2022-02-14 13:52:23,985: ProcessMonitor.register[rosout-1]
[roslaunch.pmon][INFO] 2022-02-14 13:52:23,985: ProcessMonitor.register[rosout-1] complete
[roslaunch][INFO] 2022-02-14 13:52:23,985: ... registered process [rosout-1]
[roslaunch][INFO] 2022-02-14 13:52:23,985: process[rosout-1]: starting os process
[roslaunch][INFO] 2022-02-14 13:52:23,985: process[rosout-1]: start w/ args [[u'/opt/ros/melodic/lib/rosout/rosout', u'__name:=rosout', u'__log:=/home/ros/.ros/log/55db22ca-8d9d-11ec-8350-7c507959f385/rosout-1.log']]
[roslaunch][INFO] 2022-02-14 13:52:23,986: process[rosout-1]: cwd will be [/home/ros/.ros]
[roslaunch][INFO] 2022-02-14 13:52:24,051: process[rosout-1]: started with pid [747]
[roslaunch][INFO] 2022-02-14 13:52:24,051: ... successfully launched [rosout-1]
[roslaunch][INFO] 2022-02-14 13:52:24,051: load_parameters starting ...
[roslaunch][INFO] 2022-02-14 13:52:24,053: ... load_parameters complete
[roslaunch][INFO] 2022-02-14 13:52:24,053: launch_nodes: launching local nodes ...
[roslaunch][INFO] 2022-02-14 13:52:24,053: ... preparing to launch node of type [rosserial_arduino/serial_node.py]
[roslaunch][INFO] 2022-02-14 13:52:24,053: create_node_process: package[rosserial_arduino] type[serial_node.py] machine[Machine(name[] env_loader[None] address[localhost] ssh_port[22] user[None] assignable[True] timeout[10.0])] master_uri[http://localhost:11311]
[roslaunch][INFO] 2022-02-14 13:52:24,053: process[sensor/tactile_pressure-2]: env[{'ROS_DISTRO': 'melodic', 'ROSLISP_PACKAGE_DIRECTORIES': '/home/ros/catkin_ws/devel/share/common-lisp', 'LD_LIBRARY_PATH': '/home/ros/catkin_ws/devel/lib:/opt/ros/melodic/lib', 'ROS_PACKAGE_PATH': '/home/ros/catkin_ws/src:/opt/ros/melodic/share', 'PATH': '/opt/ros/melodic/bin:/usr/local/sbin:/usr/local/bin:/usr/sbin:/usr/bin:/sbin:/bin', 'CMAKE_PREFIX_PATH': '/home/ros/catkin_ws/devel:/opt/ros/melodic', 'ROS_LOG_FILENAME': '/home/ros/.ros/log/55db22ca-8d9d-11ec-8350-7c507959f385/roslaunch-FM00351-u-726.log', 'LANG': 'C.UTF-8', 'TERM': 'xterm', 'SHLVL': '1', 'DISPLAY': ':0', 'UNAME': 'ros', 'ROS_ETC_DIR': '/opt/ros/melodic/etc/ros', 'HOME': '/home/ros', 'ROS_PYTHON_VERSION': '2', 'PYTHONPATH': '/home/ros/catkin_ws/devel/lib/python2.7/dist-packages:/opt/ros/melodic/lib/python2.7/dist-packages', 'QT_X11_NO_MITSHM': '1', 'ROS_ROOT': '/opt/ros/melodic/share/ros', 'PKG_CONFIG_PATH': '/home/ros/catkin_ws/devel/lib/pkgconfig:/opt/ros/melodic/lib/pkgconfig', 'LC_ALL': 'C.UTF-8', 'ROS_NAMESPACE': '/sensor', '_': '/opt/ros/melodic/bin/roslaunch', 'OLDPWD': '/home/ros', 'HOSTNAME': 'FM00351-u', 'PWD': '/home/ros/catkin_ws', 'ROS_MASTER_URI': 'http://localhost:11311', 'ROS_VERSION': '1'}]
[roslaunch][INFO] 2022-02-14 13:52:24,054: process[sensor/tactile_pressure-2]: args[[u'/home/ros/catkin_ws/src/rosserial/rosserial_arduino/nodes/serial_node.py', u'/sensor/Pressure:=/sensor/pressure_data', u'__name:=tactile_pressure']]
[roslaunch][INFO] 2022-02-14 13:52:24,054: ... created process [sensor/tactile_pressure-2]
[roslaunch.pmon][INFO] 2022-02-14 13:52:24,054: ProcessMonitor.register[sensor/tactile_pressure-2]
[roslaunch.pmon][INFO] 2022-02-14 13:52:24,054: ProcessMonitor.register[sensor/tactile_pressure-2] complete
[roslaunch][INFO] 2022-02-14 13:52:24,054: ... registered process [sensor/tactile_pressure-2]
[roslaunch][INFO] 2022-02-14 13:52:24,054: process[sensor/tactile_pressure-2]: starting os process
[roslaunch][INFO] 2022-02-14 13:52:24,055: process[sensor/tactile_pressure-2]: start w/ args [[u'/home/ros/catkin_ws/src/rosserial/rosserial_arduino/nodes/serial_node.py', u'/sensor/Pressure:=/sensor/pressure_data', u'__name:=tactile_pressure', u'__log:=/home/ros/.ros/log/55db22ca-8d9d-11ec-8350-7c507959f385/sensor-tactile_pressure-2.log']]
[roslaunch][INFO] 2022-02-14 13:52:24,055: process[sensor/tactile_pressure-2]: cwd will be [/home/ros/.ros]
[roslaunch][INFO] 2022-02-14 13:52:24,119: process[sensor/tactile_pressure-2]: started with pid [750]
[roslaunch][INFO] 2022-02-14 13:52:24,119: ... successfully launched [sensor/tactile_pressure-2]
[roslaunch][INFO] 2022-02-14 13:52:24,119: ... preparing to launch node of type [tactile_pressure_sensor/pressure_LocAndForceEstimation.py]
[roslaunch][INFO] 2022-02-14 13:52:24,120: create_node_process: package[tactile_pressure_sensor] type[pressure_LocAndForceEstimation.py] machine[Machine(name[] env_loader[None] address[localhost] ssh_port[22] user[None] assignable[True] timeout[10.0])] master_uri[http://localhost:11311]
[roslaunch][INFO] 2022-02-14 13:52:24,120: process[sensor/process_tactile_pressure-3]: env[{'ROS_DISTRO': 'melodic', 'ROSLISP_PACKAGE_DIRECTORIES': '/home/ros/catkin_ws/devel/share/common-lisp', 'LD_LIBRARY_PATH': '/home/ros/catkin_ws/devel/lib:/opt/ros/melodic/lib', 'ROS_PACKAGE_PATH': '/home/ros/catkin_ws/src:/opt/ros/melodic/share', 'PATH': '/opt/ros/melodic/bin:/usr/local/sbin:/usr/local/bin:/usr/sbin:/usr/bin:/sbin:/bin', 'CMAKE_PREFIX_PATH': '/home/ros/catkin_ws/devel:/opt/ros/melodic', 'ROS_LOG_FILENAME': '/home/ros/.ros/log/55db22ca-8d9d-11ec-8350-7c507959f385/roslaunch-FM00351-u-726.log', 'LANG': 'C.UTF-8', 'TERM': 'xterm', 'SHLVL': '1', 'DISPLAY': ':0', 'UNAME': 'ros', 'ROS_ETC_DIR': '/opt/ros/melodic/etc/ros', 'HOME': '/home/ros', 'ROS_PYTHON_VERSION': '2', 'PYTHONPATH': '/home/ros/catkin_ws/devel/lib/python2.7/dist-packages:/opt/ros/melodic/lib/python2.7/dist-packages', 'QT_X11_NO_MITSHM': '1', 'ROS_ROOT': '/opt/ros/melodic/share/ros', 'PKG_CONFIG_PATH': '/home/ros/catkin_ws/devel/lib/pkgconfig:/opt/ros/melodic/lib/pkgconfig', 'LC_ALL': 'C.UTF-8', 'ROS_NAMESPACE': '/sensor', '_': '/opt/ros/melodic/bin/roslaunch', 'OLDPWD': '/home/ros', 'HOSTNAME': 'FM00351-u', 'PWD': '/home/ros/catkin_ws', 'ROS_MASTER_URI': 'http://localhost:11311', 'ROS_VERSION': '1'}]
[roslaunch][INFO] 2022-02-14 13:52:24,120: process[sensor/process_tactile_pressure-3]: args[[u'/home/ros/catkin_ws/src/tactile_pressure_sensor/src/pressure_LocAndForceEstimation.py', u'/sensor/pressure_data:=/sensor/pressure_data', u'estimated_ForceAndLoc:=/sensor/estimated_ForceAndLoc', u'__name:=process_tactile_pressure']]
[roslaunch][INFO] 2022-02-14 13:52:24,120: ... created process [sensor/process_tactile_pressure-3]
[roslaunch.pmon][INFO] 2022-02-14 13:52:24,120: ProcessMonitor.register[sensor/process_tactile_pressure-3]
[roslaunch.pmon][INFO] 2022-02-14 13:52:24,120: ProcessMonitor.register[sensor/process_tactile_pressure-3] complete
[roslaunch][INFO] 2022-02-14 13:52:24,120: ... registered process [sensor/process_tactile_pressure-3]
[roslaunch][INFO] 2022-02-14 13:52:24,120: process[sensor/process_tactile_pressure-3]: starting os process
[roslaunch][INFO] 2022-02-14 13:52:24,120: process[sensor/process_tactile_pressure-3]: start w/ args [[u'/home/ros/catkin_ws/src/tactile_pressure_sensor/src/pressure_LocAndForceEstimation.py', u'/sensor/pressure_data:=/sensor/pressure_data', u'estimated_ForceAndLoc:=/sensor/estimated_ForceAndLoc', u'__name:=process_tactile_pressure', u'__log:=/home/ros/.ros/log/55db22ca-8d9d-11ec-8350-7c507959f385/sensor-process_tactile_pressure-3.log']]
[roslaunch][INFO] 2022-02-14 13:52:24,120: process[sensor/process_tactile_pressure-3]: cwd will be [/home/ros/.ros]
[roslaunch][INFO] 2022-02-14 13:52:24,186: process[sensor/process_tactile_pressure-3]: started with pid [755]
[roslaunch][INFO] 2022-02-14 13:52:24,186: ... successfully launched [sensor/process_tactile_pressure-3]
[roslaunch][INFO] 2022-02-14 13:52:24,186: ... launch_nodes complete
[roslaunch.pmon][INFO] 2022-02-14 13:52:24,186: registrations completed <ProcessMonitor(ProcessMonitor-1, started daemon 140494022022912)>
[roslaunch.parent][INFO] 2022-02-14 13:52:24,186: ... roslaunch parent running, waiting for process exit
[roslaunch][INFO] 2022-02-14 13:52:24,186: spin
[roslaunch.pmon][INFO] 2022-02-14 14:07:45,065: ProcessMonitor.shutdown <ProcessMonitor(ProcessMonitor-1, started daemon 140494022022912)>
[roslaunch.pmon][INFO] 2022-02-14 14:07:45,147: ProcessMonitor._post_run <ProcessMonitor(ProcessMonitor-1, started daemon 140494022022912)>
[roslaunch.pmon][INFO] 2022-02-14 14:07:45,147: ProcessMonitor._post_run <ProcessMonitor(ProcessMonitor-1, started daemon 140494022022912)>: remaining procs are [<roslaunch.nodeprocess.LocalProcess object at 0x7fc75070ab50>, <roslaunch.nodeprocess.LocalProcess object at 0x7fc750bb1350>, <roslaunch.nodeprocess.LocalProcess object at 0x7fc750bab950>, <roslaunch.nodeprocess.LocalProcess object at 0x7fc750c1cd50>]
[roslaunch.pmon][INFO] 2022-02-14 14:07:45,148: ProcessMonitor exit: killing sensor/process_tactile_pressure-3
[roslaunch][INFO] 2022-02-14 14:07:45,148: [sensor/process_tactile_pressure-3] killing on exit
[roslaunch.pmon][INFO] 2022-02-14 14:07:45,149: ProcessMonitor exit: killing sensor/tactile_pressure-2
[roslaunch][INFO] 2022-02-14 14:07:45,149: process[sensor/process_tactile_pressure-3]: killing os process with pid[755] pgid[755]
[roslaunch][INFO] 2022-02-14 14:07:45,150: [sensor/tactile_pressure-2] killing on exit
[roslaunch][INFO] 2022-02-14 14:07:45,151: [sensor/process_tactile_pressure-3] sending SIGINT to pgid [755]
[roslaunch][INFO] 2022-02-14 14:07:45,151: process[sensor/tactile_pressure-2]: killing os process with pid[750] pgid[750]
[roslaunch][INFO] 2022-02-14 14:07:45,151: [sensor/process_tactile_pressure-3] sent SIGINT to pgid [755]
[roslaunch][INFO] 2022-02-14 14:07:45,152: [sensor/tactile_pressure-2] sending SIGINT to pgid [750]
[roslaunch][INFO] 2022-02-14 14:07:45,153: [sensor/tactile_pressure-2] sent SIGINT to pgid [750]
[roslaunch][INFO] 2022-02-14 14:07:45,354: process[sensor/tactile_pressure-2]: SIGINT killed with return value 0
[roslaunch][ERROR] 2022-02-14 14:08:00,190: [sensor/process_tactile_pressure-3] escalating to SIGTERM
[roslaunch][INFO] 2022-02-14 14:08:00,191: [sensor/process_tactile_pressure-3] sent SIGTERM to pgid [755]
[roslaunch][ERROR] 2022-02-14 14:08:02,195: [sensor/process_tactile_pressure-3] escalating to SIGKILL
[roslaunch][INFO] 2022-02-14 14:08:02,195: [sensor/process_tactile_pressure-3] sent SIGKILL to pgid [755]
[roslaunch][INFO] 2022-02-14 14:08:02,196: process[sensor/process_tactile_pressure-3]: sent SIGKILL
[roslaunch.pmon][INFO] 2022-02-14 14:08:02,196: ProcessMonitor exit: killing rosout-1
[roslaunch][INFO] 2022-02-14 14:08:02,196: [rosout-1] killing on exit
[roslaunch][INFO] 2022-02-14 14:08:02,197: process[rosout-1]: killing os process with pid[747] pgid[747]
[roslaunch][INFO] 2022-02-14 14:08:02,197: [rosout-1] sending SIGINT to pgid [747]
[roslaunch][INFO] 2022-02-14 14:08:02,197: [rosout-1] sent SIGINT to pgid [747]
[roslaunch][INFO] 2022-02-14 14:08:02,298: process[rosout-1]: SIGINT killed with return value 0
[roslaunch.pmon][INFO] 2022-02-14 14:08:02,298: ProcessMonitor exit: killing master
[roslaunch][INFO] 2022-02-14 14:08:02,298: [master] killing on exit
[roslaunch][INFO] 2022-02-14 14:08:02,298: process[master]: killing os process with pid[736] pgid[736]
[roslaunch][INFO] 2022-02-14 14:08:02,299: [master] sending SIGINT to pgid [736]
[roslaunch][INFO] 2022-02-14 14:08:02,299: [master] sent SIGINT to pgid [736]
[roslaunch][INFO] 2022-02-14 14:08:02,499: process[master]: SIGINT killed with return value 0
[roslaunch.pmon][INFO] 2022-02-14 14:08:02,500: ProcessMonitor exit: cleaning up data structures and signals
[roslaunch.pmon][INFO] 2022-02-14 14:08:02,500: ProcessMonitor exit: pmon has shutdown
[roslaunch][ERROR] 2022-02-14 14:08:02,500: Shutdown errors:
 * process[sensor/process_tactile_pressure-3, pid 755]: required SIGKILL. May still be running.
[roslaunch][INFO] 2022-02-14 14:08:02,540: process monitor is done spinning, initiating full shutdown
[roslaunch][INFO] 2022-02-14 14:08:02,540: runner.stop()
[roslaunch][INFO] 2022-02-14 14:08:02,540: shutting down processing monitor...
[roslaunch][INFO] 2022-02-14 14:08:02,540: shutting down processing monitor <ProcessMonitor(ProcessMonitor-1, stopped daemon 140494022022912)>
[roslaunch.pmon][INFO] 2022-02-14 14:08:02,540: ProcessMonitor.shutdown <ProcessMonitor(ProcessMonitor-1, stopped daemon 140494022022912)>
[roslaunch][INFO] 2022-02-14 14:08:02,541: ... shutting down processing monitor complete
[roslaunch][INFO] 2022-02-14 14:08:02,541: done
[roslaunch.pmon][INFO] 2022-02-14 14:08:02,541: ProcessMonitor.shutdown <ProcessMonitor(ProcessMonitor-1, stopped daemon 140494022022912)>
[rospy.core][INFO] 2022-02-14 14:08:02,541: signal_shutdown [atexit]
