[rosmaster.main][INFO] 2021-12-21 09:53:41,316: initialization complete, waiting for shutdown
[rosmaster.main][INFO] 2021-12-21 09:53:41,316: Starting ROS Master Node
[xmlrpc][INFO] 2021-12-21 09:53:41,316: XML-RPC server binding to 0.0.0.0:11311
[xmlrpc][INFO] 2021-12-21 09:53:41,317: Started XML-RPC server [http://FM00351-u:11311/]
[rosmaster.master][INFO] 2021-12-21 09:53:41,317: Master initialized: port[11311], uri[http://FM00351-u:11311/]
[xmlrpc][INFO] 2021-12-21 09:53:41,317: xml rpc node: starting XML-RPC server
[rosmaster.master][INFO] 2021-12-21 09:53:41,421: +PARAM [/run_id] by /roslaunch
[rosmaster.master][INFO] 2021-12-21 09:53:41,424: +PARAM [/roslaunch/uris/host_fm00351_u__40795] by /roslaunch
[rosmaster.master][INFO] 2021-12-21 09:53:41,498: +PUB [/rosout] /robotiq2FGripper http://FM00351-u:38911/
[rosmaster.master][INFO] 2021-12-21 09:53:41,501: +SERVICE [/robotiq2FGripper/get_loggers] /robotiq2FGripper http://FM00351-u:38911/
[rosmaster.master][INFO] 2021-12-21 09:53:41,502: +SERVICE [/robotiq2FGripper/set_logger_level] /robotiq2FGripper http://FM00351-u:38911/
[rosmaster.master][INFO] 2021-12-21 09:53:41,503: +PUB [/Robotiq2FGripperRobotInput] /robotiq2FGripper http://FM00351-u:38911/
[rosmaster.master][INFO] 2021-12-21 09:53:41,505: +SUB [/Robotiq2FGripperRobotOutput] /robotiq2FGripper http://FM00351-u:38911/
[rosmaster.master][INFO] 2021-12-21 09:53:41,539: +PARAM [/rosversion] by /roslaunch
[rosmaster.master][INFO] 2021-12-21 09:53:41,539: +PARAM [/rosdistro] by /roslaunch
[rosmaster.master][INFO] 2021-12-21 09:53:41,542: +SERVICE [/rosout/get_loggers] /rosout http://FM00351-u:35567/
[rosmaster.master][INFO] 2021-12-21 09:53:41,543: +SERVICE [/rosout/set_logger_level] /rosout http://FM00351-u:35567/
[rosmaster.master][INFO] 2021-12-21 09:53:41,545: +PUB [/rosout_agg] /rosout http://FM00351-u:35567/
[rosmaster.master][INFO] 2021-12-21 09:53:41,548: +SUB [/rosout] /rosout http://FM00351-u:35567/
[rosmaster.master][INFO] 2021-12-21 09:53:41,832: +PUB [/rosout] /frogs http://FM00351-u:35361/
[rosmaster.master][INFO] 2021-12-21 09:53:41,838: +SERVICE [/frogs/get_loggers] /frogs http://FM00351-u:35361/
[rosmaster.master][INFO] 2021-12-21 09:53:41,840: +SERVICE [/frogs/set_logger_level] /frogs http://FM00351-u:35361/
[rosmaster.master][INFO] 2021-12-21 09:53:41,845: +PUB [/gripper_action_server/status] /frogs http://FM00351-u:35361/
[rosmaster.master][INFO] 2021-12-21 09:53:41,847: +PUB [/gripper_action_server/result] /frogs http://FM00351-u:35361/
[rosmaster.master][INFO] 2021-12-21 09:53:41,849: +PUB [/gripper_action_server/feedback] /frogs http://FM00351-u:35361/
[rosmaster.master][INFO] 2021-12-21 09:53:41,855: +SUB [/gripper_action_server/goal] /frogs http://FM00351-u:35361/
[rosmaster.master][INFO] 2021-12-21 09:53:41,858: +SUB [/gripper_action_server/cancel] /frogs http://FM00351-u:35361/
[rosmaster.master][INFO] 2021-12-21 09:53:41,862: +PUB [/Robotiq2FGripperRobotOutput] /frogs http://FM00351-u:35361/
[rosmaster.master][INFO] 2021-12-21 09:53:41,865: +SUB [/Robotiq2FGripperRobotInput] /frogs http://FM00351-u:35361/
[rosmaster.master][INFO] 2021-12-21 09:53:41,918: publisherUpdate[/rosout] -> http://FM00351-u:35567/ ['http://FM00351-u:38911/', 'http://FM00351-u:35361/']
[rosmaster.master][INFO] 2021-12-21 09:53:41,918: publisherUpdate[/Robotiq2FGripperRobotOutput] -> http://FM00351-u:38911/ ['http://FM00351-u:35361/']
[rosmaster.master][INFO] 2021-12-21 09:53:41,922: publisherUpdate[/rosout] -> http://FM00351-u:35567/ ['http://FM00351-u:38911/', 'http://FM00351-u:35361/']: sec=0.00, result=[1, '', 0]
[rosmaster.master][INFO] 2021-12-21 09:53:41,922: publisherUpdate[/Robotiq2FGripperRobotOutput] -> http://FM00351-u:38911/ ['http://FM00351-u:35361/']: sec=0.00, result=[1, '', 0]
[rosmaster.master][INFO] 2021-12-21 09:54:27,060: +PARAM [/roslaunch/uris/host_fm00351_u__37249] by /roslaunch
[rosmaster.master][INFO] 2021-12-21 09:54:27,063: +PARAM [/infraflex_robot/libraries_list] by /roslaunch
[rosmaster.master][INFO] 2021-12-21 09:54:27,063: +PARAM [/rosdistro] by /roslaunch
[rosmaster.master][INFO] 2021-12-21 09:54:27,063: +PARAM [/infraflex_robot/primitive_list] by /roslaunch
[rosmaster.master][INFO] 2021-12-21 09:54:27,063: +PARAM [/wm/load_contexts] by /roslaunch
[rosmaster.master][INFO] 2021-12-21 09:54:27,063: +PARAM [/wm/init_scene] by /roslaunch
[rosmaster.master][INFO] 2021-12-21 09:54:27,063: +PARAM [/rosversion] by /roslaunch
[rosmaster.master][INFO] 2021-12-21 09:54:27,064: +PARAM [/wm/verbose] by /roslaunch
[rosmaster.master][INFO] 2021-12-21 09:54:27,064: +PARAM [/infraflex_robot/verbose] by /roslaunch
[rosmaster.master][INFO] 2021-12-21 09:54:27,064: +PARAM [/tm/verbose] by /roslaunch
[rosmaster.master][INFO] 2021-12-21 09:54:27,064: +PARAM [/wm/workspace_dir] by /roslaunch
[rosmaster.master][INFO] 2021-12-21 09:54:27,064: +PARAM [/infraflex_robot/prefix] by /roslaunch
[rosmaster.master][INFO] 2021-12-21 09:54:27,064: +PARAM [/wm/reasoners_pkgs] by /roslaunch
[rosmaster.master][INFO] 2021-12-21 09:54:27,064: +PARAM [/infraflex_robot/skill_list] by /roslaunch
[rosmaster.master][INFO] 2021-12-21 09:54:27,304: +PUB [/rosout] /rviz http://FM00351-u:33283/
[rosmaster.master][INFO] 2021-12-21 09:54:27,305: +SERVICE [/rviz/get_loggers] /rviz http://FM00351-u:33283/
[rosmaster.master][INFO] 2021-12-21 09:54:27,305: +SERVICE [/rviz/set_logger_level] /rviz http://FM00351-u:33283/
[rosmaster.master][INFO] 2021-12-21 09:54:27,320: publisherUpdate[/rosout] -> http://FM00351-u:35567/ ['http://FM00351-u:38911/', 'http://FM00351-u:35361/', 'http://FM00351-u:33283/']
[rosmaster.master][INFO] 2021-12-21 09:54:27,321: publisherUpdate[/rosout] -> http://FM00351-u:35567/ ['http://FM00351-u:38911/', 'http://FM00351-u:35361/', 'http://FM00351-u:33283/']: sec=0.00, result=[1, '', 0]
[rosmaster.master][INFO] 2021-12-21 09:54:27,528: +SUB [/tf] /rviz http://FM00351-u:33283/
[rosmaster.master][INFO] 2021-12-21 09:54:27,532: +SUB [/tf_static] /rviz http://FM00351-u:33283/
[rosmaster.master][INFO] 2021-12-21 09:54:27,565: +PUB [/initialpose] /rviz http://FM00351-u:33283/
[rosmaster.master][INFO] 2021-12-21 09:54:27,567: +PUB [/goal] /rviz http://FM00351-u:33283/
[rosmaster.master][INFO] 2021-12-21 09:54:27,572: -PUB [/goal] /rviz http://FM00351-u:33283/
[rosmaster.master][INFO] 2021-12-21 09:54:27,573: -PUB [/initialpose] /rviz http://FM00351-u:33283/
[rosmaster.master][INFO] 2021-12-21 09:54:27,577: +PUB [/initialpose] /rviz http://FM00351-u:33283/
[rosmaster.master][INFO] 2021-12-21 09:54:27,579: +PUB [/goal] /rviz http://FM00351-u:33283/
[rosmaster.master][INFO] 2021-12-21 09:54:27,580: +PUB [/move_base_simple/goal] /rviz http://FM00351-u:33283/
[rosmaster.master][INFO] 2021-12-21 09:54:27,581: -PUB [/goal] /rviz http://FM00351-u:33283/
[rosmaster.master][INFO] 2021-12-21 09:54:27,581: +PUB [/clicked_point] /rviz http://FM00351-u:33283/
[rosmaster.master][INFO] 2021-12-21 09:54:27,616: +SERVICE [/rviz/reload_shaders] /rviz http://FM00351-u:33283/
[rosmaster.master][INFO] 2021-12-21 09:54:27,778: +PUB [/rosout] /wm http://FM00351-u:36977/
[rosmaster.master][INFO] 2021-12-21 09:54:27,782: +SERVICE [/wm/get_loggers] /wm http://FM00351-u:36977/
[rosmaster.master][INFO] 2021-12-21 09:54:27,783: +SERVICE [/wm/set_logger_level] /wm http://FM00351-u:36977/
[rosmaster.master][INFO] 2021-12-21 09:54:27,815: +PUB [/rosout] /infraflex_robot http://FM00351-u:44111/
[rosmaster.master][INFO] 2021-12-21 09:54:27,818: +SERVICE [/infraflex_robot/get_loggers] /infraflex_robot http://FM00351-u:44111/
[rosmaster.master][INFO] 2021-12-21 09:54:27,819: +SERVICE [/infraflex_robot/set_logger_level] /infraflex_robot http://FM00351-u:44111/
[rosmaster.master][INFO] 2021-12-21 09:54:27,822: publisherUpdate[/rosout] -> http://FM00351-u:35567/ ['http://FM00351-u:38911/', 'http://FM00351-u:35361/', 'http://FM00351-u:33283/', 'http://FM00351-u:36977/']
[rosmaster.master][INFO] 2021-12-21 09:54:27,824: publisherUpdate[/rosout] -> http://FM00351-u:35567/ ['http://FM00351-u:38911/', 'http://FM00351-u:35361/', 'http://FM00351-u:33283/', 'http://FM00351-u:36977/']: sec=0.00, result=[1, '', 0]
[rosmaster.master][INFO] 2021-12-21 09:54:27,824: publisherUpdate[/rosout] -> http://FM00351-u:35567/ ['http://FM00351-u:38911/', 'http://FM00351-u:35361/', 'http://FM00351-u:33283/', 'http://FM00351-u:36977/', 'http://FM00351-u:44111/']
[rosmaster.master][INFO] 2021-12-21 09:54:27,824: publisherUpdate[/rosout] -> http://FM00351-u:35567/ ['http://FM00351-u:38911/', 'http://FM00351-u:35361/', 'http://FM00351-u:33283/', 'http://FM00351-u:36977/', 'http://FM00351-u:44111/']: sec=0.00, result=[1, '', 0]
[rosmaster.master][INFO] 2021-12-21 09:54:27,888: +PUB [/rosout] /tm http://FM00351-u:45169/
[rosmaster.master][INFO] 2021-12-21 09:54:27,892: +SERVICE [/tm/get_loggers] /tm http://FM00351-u:45169/
[rosmaster.master][INFO] 2021-12-21 09:54:27,894: +SERVICE [/tm/set_logger_level] /tm http://FM00351-u:45169/
[rosmaster.master][INFO] 2021-12-21 09:54:27,925: publisherUpdate[/rosout] -> http://FM00351-u:35567/ ['http://FM00351-u:38911/', 'http://FM00351-u:35361/', 'http://FM00351-u:33283/', 'http://FM00351-u:36977/', 'http://FM00351-u:44111/', 'http://FM00351-u:45169/']
[rosmaster.master][INFO] 2021-12-21 09:54:27,926: publisherUpdate[/rosout] -> http://FM00351-u:35567/ ['http://FM00351-u:38911/', 'http://FM00351-u:35361/', 'http://FM00351-u:33283/', 'http://FM00351-u:36977/', 'http://FM00351-u:44111/', 'http://FM00351-u:45169/']: sec=0.00, result=[1, '', 0]
[rosmaster.master][INFO] 2021-12-21 09:54:28,383: +PUB [/rosout] /skiros_gui http://FM00351-u:33131/
[rosmaster.master][INFO] 2021-12-21 09:54:28,386: +SERVICE [/skiros_gui/get_loggers] /skiros_gui http://FM00351-u:33131/
[rosmaster.master][INFO] 2021-12-21 09:54:28,387: +SERVICE [/skiros_gui/set_logger_level] /skiros_gui http://FM00351-u:33131/
[rosmaster.master][INFO] 2021-12-21 09:54:28,427: publisherUpdate[/rosout] -> http://FM00351-u:35567/ ['http://FM00351-u:38911/', 'http://FM00351-u:35361/', 'http://FM00351-u:33283/', 'http://FM00351-u:36977/', 'http://FM00351-u:44111/', 'http://FM00351-u:45169/', 'http://FM00351-u:33131/']
[rosmaster.master][INFO] 2021-12-21 09:54:28,428: publisherUpdate[/rosout] -> http://FM00351-u:35567/ ['http://FM00351-u:38911/', 'http://FM00351-u:35361/', 'http://FM00351-u:33283/', 'http://FM00351-u:36977/', 'http://FM00351-u:44111/', 'http://FM00351-u:45169/', 'http://FM00351-u:33131/']: sec=0.00, result=[1, '', 0]
[rosmaster.master][INFO] 2021-12-21 09:54:28,517: +PUB [/skiros_gui/update_full] /skiros_gui http://FM00351-u:33131/
[rosmaster.master][INFO] 2021-12-21 09:54:28,519: +PUB [/skiros_gui/update] /skiros_gui http://FM00351-u:33131/
[rosmaster.master][INFO] 2021-12-21 09:54:28,521: +SUB [/skiros_gui/feedback] /skiros_gui http://FM00351-u:33131/
[rosmaster.master][INFO] 2021-12-21 09:54:28,698: +SERVICE [/wm/tf2_frames] /wm http://FM00351-u:36977/
[rosmaster.master][INFO] 2021-12-21 09:54:28,700: +SUB [/tf] /wm http://FM00351-u:36977/
[rosmaster.master][INFO] 2021-12-21 09:54:28,702: +SUB [/tf_static] /wm http://FM00351-u:36977/
[rosmaster.master][INFO] 2021-12-21 09:54:28,704: +SERVICE [/wm/scene/set_relation] /wm http://FM00351-u:36977/
[rosmaster.master][INFO] 2021-12-21 09:54:28,705: +PUB [/tf] /wm http://FM00351-u:36977/
[rosmaster.master][INFO] 2021-12-21 09:54:28,710: +SERVICE [/wm/scene/query_relations] /wm http://FM00351-u:36977/
[rosmaster.master][INFO] 2021-12-21 09:54:28,728: publisherUpdate[/tf] -> http://FM00351-u:33283/ ['http://FM00351-u:36977/']
[rosmaster.master][INFO] 2021-12-21 09:54:28,728: publisherUpdate[/tf] -> http://FM00351-u:36977/ ['http://FM00351-u:36977/']
[rosmaster.master][INFO] 2021-12-21 09:54:28,730: +SERVICE [/wm/get] /wm http://FM00351-u:36977/
[rosmaster.master][INFO] 2021-12-21 09:54:28,730: publisherUpdate[/tf] -> http://FM00351-u:36977/ ['http://FM00351-u:36977/']: sec=0.00, result=[1, '', 0]
[rosmaster.master][INFO] 2021-12-21 09:54:28,730: publisherUpdate[/tf] -> http://FM00351-u:33283/ ['http://FM00351-u:36977/']: sec=0.00, result=[1, '', 0]
[rosmaster.master][INFO] 2021-12-21 09:54:28,741: +SERVICE [/wm/modify] /wm http://FM00351-u:36977/
[rosmaster.master][INFO] 2021-12-21 09:54:28,748: +PUB [/wm/monitor] /wm http://FM00351-u:36977/
[rosmaster.master][INFO] 2021-12-21 09:54:28,752: +PUB [/wm/status] /wm http://FM00351-u:36977/
[rosmaster.master][INFO] 2021-12-21 09:54:28,759: +PUB [/wm/status_json_rel] /wm http://FM00351-u:36977/
[rosmaster.master][INFO] 2021-12-21 09:54:28,761: +SERVICE [/wm/load_and_save] /wm http://FM00351-u:36977/
[rosmaster.master][INFO] 2021-12-21 09:54:28,763: +SERVICE [/wm/lock] /wm http://FM00351-u:36977/
[rosmaster.master][INFO] 2021-12-21 09:54:28,765: +SERVICE [/wm/ontology/query] /wm http://FM00351-u:36977/
[rosmaster.master][INFO] 2021-12-21 09:54:28,766: +SERVICE [/wm/ontology/modify] /wm http://FM00351-u:36977/
[rosmaster.master][INFO] 2021-12-21 09:54:28,805: +SUB [/wm/monitor] /tm http://FM00351-u:45169/
[rosmaster.master][INFO] 2021-12-21 09:54:28,806: +PUB [/skill_managers/discovery] /tm http://FM00351-u:45169/
[rosmaster.master][INFO] 2021-12-21 09:54:28,808: +SUB [/skill_managers/description] /tm http://FM00351-u:45169/
[rosmaster.master][INFO] 2021-12-21 09:54:28,812: +PUB [/tm/task_plan/status] /tm http://FM00351-u:45169/
[rosmaster.master][INFO] 2021-12-21 09:54:28,813: +PUB [/tm/task_plan/result] /tm http://FM00351-u:45169/
[rosmaster.master][INFO] 2021-12-21 09:54:28,814: +PUB [/tm/task_plan/feedback] /tm http://FM00351-u:45169/
[rosmaster.master][INFO] 2021-12-21 09:54:28,817: +SUB [/tm/task_plan/goal] /tm http://FM00351-u:45169/
[rosmaster.master][INFO] 2021-12-21 09:54:28,818: +SUB [/tm/task_plan/cancel] /tm http://FM00351-u:45169/
[rosmaster.master][INFO] 2021-12-21 09:54:28,827: +SUB [/wm/monitor] /skiros_gui http://FM00351-u:33131/
[rosmaster.master][INFO] 2021-12-21 09:54:28,828: +PUB [/skill_managers/discovery] /skiros_gui http://FM00351-u:33131/
[rosmaster.master][INFO] 2021-12-21 09:54:28,830: +SUB [/skill_managers/description] /skiros_gui http://FM00351-u:33131/
[rosmaster.master][INFO] 2021-12-21 09:54:28,833: +SUB [/robot_output] /skiros_gui http://FM00351-u:33131/
[rosmaster.master][INFO] 2021-12-21 09:54:29,036: +SUB [/wm/monitor] /infraflex_robot http://FM00351-u:44111/
[rosmaster.master][INFO] 2021-12-21 09:54:29,330: +SERVICE [/infraflex_robot/get_skills] /infraflex_robot http://FM00351-u:44111/
[rosmaster.master][INFO] 2021-12-21 09:54:29,331: +SERVICE [/infraflex_robot/add_skills] /infraflex_robot http://FM00351-u:44111/
[rosmaster.master][INFO] 2021-12-21 09:54:29,345: +SERVICE [/skiros_gui/tf2_frames] /skiros_gui http://FM00351-u:33131/
[rosmaster.master][INFO] 2021-12-21 09:54:29,347: +SUB [/tf] /skiros_gui http://FM00351-u:33131/
[rosmaster.master][INFO] 2021-12-21 09:54:29,348: +SUB [/tf_static] /skiros_gui http://FM00351-u:33131/
[rosmaster.master][INFO] 2021-12-21 09:54:30,113: +SERVICE [/infraflex_robot/command] /infraflex_robot http://FM00351-u:44111/
[rosmaster.master][INFO] 2021-12-21 09:54:30,115: +PUB [/infraflex_robot/monitor] /infraflex_robot http://FM00351-u:44111/
[rosmaster.master][INFO] 2021-12-21 09:54:30,116: +PUB [/infraflex_robot/tick_rate] /infraflex_robot http://FM00351-u:44111/
[rosmaster.master][INFO] 2021-12-21 09:54:30,118: +SUB [/infraflex_robot/set_debug] /infraflex_robot http://FM00351-u:44111/
[rosmaster.master][INFO] 2021-12-21 09:54:30,121: +SUB [/skill_managers/discovery] /infraflex_robot http://FM00351-u:44111/
[rosmaster.master][INFO] 2021-12-21 09:54:30,122: +PUB [/skill_managers/description] /infraflex_robot http://FM00351-u:44111/
[rosmaster.master][INFO] 2021-12-21 09:54:30,131: publisherUpdate[/skill_managers/description] -> http://FM00351-u:45169/ ['http://FM00351-u:44111/']
[rosmaster.master][INFO] 2021-12-21 09:54:30,131: publisherUpdate[/skill_managers/description] -> http://FM00351-u:45169/ ['http://FM00351-u:44111/']: sec=0.00, result=[1, '', 0]
[rosmaster.master][INFO] 2021-12-21 09:54:30,132: publisherUpdate[/skill_managers/description] -> http://FM00351-u:33131/ ['http://FM00351-u:44111/']
[rosmaster.master][INFO] 2021-12-21 09:54:30,133: publisherUpdate[/skill_managers/description] -> http://FM00351-u:33131/ ['http://FM00351-u:44111/']: sec=0.00, result=[1, '', 0]
[rosmaster.master][INFO] 2021-12-21 09:54:30,635: +SUB [/infraflex_robot/monitor] /skiros_gui http://FM00351-u:33131/
[rosmaster.master][INFO] 2021-12-21 09:54:30,635: +SUB [/infraflex_robot/monitor] /tm http://FM00351-u:45169/
[rosmaster.master][INFO] 2021-12-21 09:54:30,637: +SUB [/infraflex_robot/tick_rate] /skiros_gui http://FM00351-u:33131/
[rosmaster.master][INFO] 2021-12-21 09:54:30,638: +SUB [/infraflex_robot/tick_rate] /tm http://FM00351-u:45169/
[rosmaster.master][INFO] 2021-12-21 09:54:30,639: +PUB [/infraflex_robot/set_debug] /skiros_gui http://FM00351-u:33131/
[rosmaster.master][INFO] 2021-12-21 09:54:30,640: +PUB [/infraflex_robot/set_debug] /tm http://FM00351-u:45169/
[rosmaster.master][INFO] 2021-12-21 09:54:30,734: publisherUpdate[/infraflex_robot/set_debug] -> http://FM00351-u:44111/ ['http://FM00351-u:33131/']
[rosmaster.master][INFO] 2021-12-21 09:54:30,735: publisherUpdate[/infraflex_robot/set_debug] -> http://FM00351-u:44111/ ['http://FM00351-u:33131/']: sec=0.00, result=[1, '', 0]
[rosmaster.master][INFO] 2021-12-21 09:54:30,735: publisherUpdate[/infraflex_robot/set_debug] -> http://FM00351-u:44111/ ['http://FM00351-u:33131/', 'http://FM00351-u:45169/']
[rosmaster.master][INFO] 2021-12-21 09:54:30,736: publisherUpdate[/infraflex_robot/set_debug] -> http://FM00351-u:44111/ ['http://FM00351-u:33131/', 'http://FM00351-u:45169/']: sec=0.00, result=[1, '', 0]
[rosmaster.master][INFO] 2021-12-21 09:54:39,787: +PUB [/gripper_action_server/goal] /infraflex_robot http://FM00351-u:44111/
[rosmaster.master][INFO] 2021-12-21 09:54:39,788: +PUB [/gripper_action_server/cancel] /infraflex_robot http://FM00351-u:44111/
[rosmaster.master][INFO] 2021-12-21 09:54:39,791: +SUB [/gripper_action_server/status] /infraflex_robot http://FM00351-u:44111/
[rosmaster.master][INFO] 2021-12-21 09:54:39,794: +SUB [/gripper_action_server/result] /infraflex_robot http://FM00351-u:44111/
[rosmaster.master][INFO] 2021-12-21 09:54:39,795: +SUB [/gripper_action_server/feedback] /infraflex_robot http://FM00351-u:44111/
[rosmaster.master][INFO] 2021-12-21 09:54:39,848: publisherUpdate[/gripper_action_server/goal] -> http://FM00351-u:35361/ ['http://FM00351-u:44111/']
[rosmaster.master][INFO] 2021-12-21 09:54:39,850: publisherUpdate[/gripper_action_server/goal] -> http://FM00351-u:35361/ ['http://FM00351-u:44111/']: sec=0.00, result=[1, '', 0]
[rosmaster.master][INFO] 2021-12-21 09:54:39,850: publisherUpdate[/gripper_action_server/cancel] -> http://FM00351-u:35361/ ['http://FM00351-u:44111/']
[rosmaster.master][INFO] 2021-12-21 09:54:39,850: publisherUpdate[/gripper_action_server/cancel] -> http://FM00351-u:35361/ ['http://FM00351-u:44111/']: sec=0.00, result=[1, '', 0]
