[roslaunch][INFO] 2021-12-21 09:53:40,919: Checking log directory for disk usage. This may take awhile.
Press Ctrl-C to interrupt
[roslaunch][INFO] 2021-12-21 09:53:40,921: Done checking log file disk usage. Usage is <1GB.
[roslaunch][INFO] 2021-12-21 09:53:40,921: roslaunch starting with args ['/opt/ros/kinetic/bin/roslaunch', 'module_gripper', 'gripper.launch']
[roslaunch][INFO] 2021-12-21 09:53:40,921: roslaunch env is {'ROS_DISTRO': 'kinetic', 'ROSLISP_PACKAGE_DIRECTORIES': '/home/ros/catkin_ws/devel/share/common-lisp', 'ROS_PACKAGE_PATH': '/home/ros/catkin_ws/src:/opt/ros/kinetic/share', 'PATH': '/opt/ros/kinetic/bin:/usr/local/sbin:/usr/local/bin:/usr/sbin:/usr/bin:/sbin:/bin', 'CMAKE_PREFIX_PATH': '/home/ros/catkin_ws/devel:/opt/ros/kinetic', 'DISPLAY': ':0', 'LANG': 'C.UTF-8', 'ROS_LOG_FILENAME': '/home/ros/.ros/log/e06982b8-6243-11ec-8e86-7c507959f385/roslaunch-FM00351-u-56.log', 'SHLVL': '2', 'LD_LIBRARY_PATH': '/home/ros/catkin_ws/devel/lib:/opt/ros/kinetic/lib:/opt/ros/kinetic/lib/x86_64-linux-gnu', 'UNAME': 'ros', 'ROS_ETC_DIR': '/opt/ros/kinetic/etc/ros', 'HOME': '/home/ros', 'ROS_PYTHON_VERSION': '2', 'PYTHONPATH': '/home/ros/catkin_ws/devel/lib/python2.7/dist-packages:/opt/ros/kinetic/lib/python2.7/dist-packages', 'QT_X11_NO_MITSHM': '1', 'ROS_ROOT': '/opt/ros/kinetic/share/ros', 'PKG_CONFIG_PATH': '/home/ros/catkin_ws/devel/lib/pkgconfig:/opt/ros/kinetic/lib/pkgconfig:/opt/ros/kinetic/lib/x86_64-linux-gnu/pkgconfig', 'LC_ALL': 'C.UTF-8', '_': '/opt/ros/kinetic/bin/roslaunch', 'OLDPWD': '/home/ros', 'HOSTNAME': 'FM00351-u', 'PWD': '/home/ros/catkin_ws', 'ROS_MASTER_URI': 'http://localhost:11311', 'ROS_VERSION': '1'}
[roslaunch][INFO] 2021-12-21 09:53:40,921: starting in server mode
[roslaunch.parent][INFO] 2021-12-21 09:53:40,921: starting roslaunch parent run
[roslaunch][INFO] 2021-12-21 09:53:40,921: loading roscore config file /opt/ros/kinetic/etc/ros/roscore.xml
[roslaunch][INFO] 2021-12-21 09:53:41,116: Added core node of type [rosout/rosout] in namespace [/]
[roslaunch.config][INFO] 2021-12-21 09:53:41,116: loading config file /home/ros/catkin_ws/src/module_gripper/launch/gripper.launch
[roslaunch][INFO] 2021-12-21 09:53:41,116: Added node of type [module_gripper/gripper_action_server] in namespace [/]
[roslaunch][INFO] 2021-12-21 09:53:41,116: ... selected machine [] for node of type [module_gripper/gripper_action_server]
[roslaunch.pmon][INFO] 2021-12-21 09:53:41,117: start_process_monitor: creating ProcessMonitor
[roslaunch.pmon][INFO] 2021-12-21 09:53:41,117: created process monitor <ProcessMonitor(ProcessMonitor-1, initial daemon)>
[roslaunch.pmon][INFO] 2021-12-21 09:53:41,117: start_process_monitor: ProcessMonitor started
[roslaunch.parent][INFO] 2021-12-21 09:53:41,117: starting parent XML-RPC server
[roslaunch.server][INFO] 2021-12-21 09:53:41,117: starting roslaunch XML-RPC server
[roslaunch.server][INFO] 2021-12-21 09:53:41,117: waiting for roslaunch XML-RPC server to initialize
[xmlrpc][INFO] 2021-12-21 09:53:41,118: XML-RPC server binding to 0.0.0.0:0
[xmlrpc][INFO] 2021-12-21 09:53:41,118: Started XML-RPC server [http://FM00351-u:40795/]
[xmlrpc][INFO] 2021-12-21 09:53:41,118: xml rpc node: starting XML-RPC server
[roslaunch][INFO] 2021-12-21 09:53:41,129: started roslaunch server http://FM00351-u:40795/
[roslaunch.parent][INFO] 2021-12-21 09:53:41,129: ... parent XML-RPC server started
[roslaunch][INFO] 2021-12-21 09:53:41,129: master.is_running[http://localhost:11311]
[roslaunch][INFO] 2021-12-21 09:53:41,129: auto-starting new master
[roslaunch][INFO] 2021-12-21 09:53:41,129: create_master_process: rosmaster, /opt/ros/kinetic/share/ros, 11311, 3, None
[roslaunch][INFO] 2021-12-21 09:53:41,129: process[master]: launching with args [['rosmaster', '--core', '-p', '11311', '-w', '3']]
[roslaunch.pmon][INFO] 2021-12-21 09:53:41,130: ProcessMonitor.register[master]
[roslaunch.pmon][INFO] 2021-12-21 09:53:41,130: ProcessMonitor.register[master] complete
[roslaunch][INFO] 2021-12-21 09:53:41,130: process[master]: starting os process
[roslaunch][INFO] 2021-12-21 09:53:41,130: process[master]: start w/ args [['rosmaster', '--core', '-p', '11311', '-w', '3', '__log:=/home/ros/.ros/log/e06982b8-6243-11ec-8e86-7c507959f385/master.log']]
[roslaunch][INFO] 2021-12-21 09:53:41,130: process[master]: cwd will be [/home/ros/.ros]
[roslaunch][INFO] 2021-12-21 09:53:41,208: process[master]: started with pid [66]
[roslaunch][INFO] 2021-12-21 09:53:41,208: master.is_running[http://localhost:11311]
[roslaunch][INFO] 2021-12-21 09:53:41,309: master.is_running[http://localhost:11311]
[roslaunch][INFO] 2021-12-21 09:53:41,409: master.is_running[http://localhost:11311]
[roslaunch][INFO] 2021-12-21 09:53:41,415: master.is_running[http://localhost:11311]
[roslaunch][INFO] 2021-12-21 09:53:41,417: ROS_MASTER_URI=http://localhost:11311
[roslaunch][INFO] 2021-12-21 09:53:41,420: setting /run_id to e06982b8-6243-11ec-8e86-7c507959f385
[roslaunch][INFO] 2021-12-21 09:53:41,422: setting /roslaunch/uris/host_fm00351_u__40795' to http://FM00351-u:40795/
[roslaunch][INFO] 2021-12-21 09:53:41,426: ... preparing to launch node of type [rosout/rosout]
[roslaunch][INFO] 2021-12-21 09:53:41,427: create_node_process: package[rosout] type[rosout] machine[Machine(name[] env_loader[None] address[localhost] ssh_port[22] user[None] assignable[True] timeout[10.0])] master_uri[http://localhost:11311]
[roslaunch][INFO] 2021-12-21 09:53:41,427: process[rosout-1]: env[{'ROS_DISTRO': 'kinetic', 'ROSLISP_PACKAGE_DIRECTORIES': '/home/ros/catkin_ws/devel/share/common-lisp', 'ROS_PACKAGE_PATH': '/home/ros/catkin_ws/src:/opt/ros/kinetic/share', 'PATH': '/opt/ros/kinetic/bin:/usr/local/sbin:/usr/local/bin:/usr/sbin:/usr/bin:/sbin:/bin', 'CMAKE_PREFIX_PATH': '/home/ros/catkin_ws/devel:/opt/ros/kinetic', 'ROS_LOG_FILENAME': '/home/ros/.ros/log/e06982b8-6243-11ec-8e86-7c507959f385/roslaunch-FM00351-u-56.log', 'LANG': 'C.UTF-8', 'SHLVL': '2', 'LD_LIBRARY_PATH': '/home/ros/catkin_ws/devel/lib:/opt/ros/kinetic/lib:/opt/ros/kinetic/lib/x86_64-linux-gnu', 'UNAME': 'ros', 'ROS_MASTER_URI': 'http://localhost:11311', 'HOME': '/home/ros', 'ROS_PYTHON_VERSION': '2', 'PYTHONPATH': '/home/ros/catkin_ws/devel/lib/python2.7/dist-packages:/opt/ros/kinetic/lib/python2.7/dist-packages', 'QT_X11_NO_MITSHM': '1', 'ROS_ROOT': '/opt/ros/kinetic/share/ros', 'PKG_CONFIG_PATH': '/home/ros/catkin_ws/devel/lib/pkgconfig:/opt/ros/kinetic/lib/pkgconfig:/opt/ros/kinetic/lib/x86_64-linux-gnu/pkgconfig', 'LC_ALL': 'C.UTF-8', '_': '/opt/ros/kinetic/bin/roslaunch', 'DISPLAY': ':0', 'OLDPWD': '/home/ros', 'HOSTNAME': 'FM00351-u', 'PWD': '/home/ros/catkin_ws', 'ROS_ETC_DIR': '/opt/ros/kinetic/etc/ros', 'ROS_VERSION': '1'}]
[roslaunch][INFO] 2021-12-21 09:53:41,458: process[rosout-1]: args[[u'/opt/ros/kinetic/lib/rosout/rosout', u'__name:=rosout']]
[roslaunch][INFO] 2021-12-21 09:53:41,459: ... created process [rosout-1]
[roslaunch.pmon][INFO] 2021-12-21 09:53:41,459: ProcessMonitor.register[rosout-1]
[roslaunch.pmon][INFO] 2021-12-21 09:53:41,459: ProcessMonitor.register[rosout-1] complete
[roslaunch][INFO] 2021-12-21 09:53:41,459: ... registered process [rosout-1]
[roslaunch][INFO] 2021-12-21 09:53:41,459: process[rosout-1]: starting os process
[roslaunch][INFO] 2021-12-21 09:53:41,459: process[rosout-1]: start w/ args [[u'/opt/ros/kinetic/lib/rosout/rosout', u'__name:=rosout', u'__log:=/home/ros/.ros/log/e06982b8-6243-11ec-8e86-7c507959f385/rosout-1.log']]
[roslaunch][INFO] 2021-12-21 09:53:41,459: process[rosout-1]: cwd will be [/home/ros/.ros]
[roslaunch][INFO] 2021-12-21 09:53:41,536: process[rosout-1]: started with pid [79]
[roslaunch][INFO] 2021-12-21 09:53:41,536: ... successfully launched [rosout-1]
[roslaunch][INFO] 2021-12-21 09:53:41,536: load_parameters starting ...
[roslaunch][INFO] 2021-12-21 09:53:41,540: ... load_parameters complete
[roslaunch][INFO] 2021-12-21 09:53:41,541: launch_nodes: launching local nodes ...
[roslaunch][INFO] 2021-12-21 09:53:41,541: ... preparing to launch node of type [module_gripper/gripper_action_server]
[roslaunch][INFO] 2021-12-21 09:53:41,541: create_node_process: package[module_gripper] type[gripper_action_server] machine[Machine(name[] env_loader[None] address[localhost] ssh_port[22] user[None] assignable[True] timeout[10.0])] master_uri[http://localhost:11311]
[roslaunch][INFO] 2021-12-21 09:53:41,541: process[frogs-2]: env[{'ROS_DISTRO': 'kinetic', 'ROSLISP_PACKAGE_DIRECTORIES': '/home/ros/catkin_ws/devel/share/common-lisp', 'ROS_PACKAGE_PATH': '/home/ros/catkin_ws/src:/opt/ros/kinetic/share', 'PATH': '/opt/ros/kinetic/bin:/usr/local/sbin:/usr/local/bin:/usr/sbin:/usr/bin:/sbin:/bin', 'CMAKE_PREFIX_PATH': '/home/ros/catkin_ws/devel:/opt/ros/kinetic', 'ROS_LOG_FILENAME': '/home/ros/.ros/log/e06982b8-6243-11ec-8e86-7c507959f385/roslaunch-FM00351-u-56.log', 'LANG': 'C.UTF-8', 'SHLVL': '2', 'LD_LIBRARY_PATH': '/home/ros/catkin_ws/devel/lib:/opt/ros/kinetic/lib:/opt/ros/kinetic/lib/x86_64-linux-gnu', 'UNAME': 'ros', 'ROS_MASTER_URI': 'http://localhost:11311', 'HOME': '/home/ros', 'ROS_PYTHON_VERSION': '2', 'PYTHONPATH': '/home/ros/catkin_ws/devel/lib/python2.7/dist-packages:/opt/ros/kinetic/lib/python2.7/dist-packages', 'QT_X11_NO_MITSHM': '1', 'ROS_ROOT': '/opt/ros/kinetic/share/ros', 'PKG_CONFIG_PATH': '/home/ros/catkin_ws/devel/lib/pkgconfig:/opt/ros/kinetic/lib/pkgconfig:/opt/ros/kinetic/lib/x86_64-linux-gnu/pkgconfig', 'LC_ALL': 'C.UTF-8', '_': '/opt/ros/kinetic/bin/roslaunch', 'DISPLAY': ':0', 'OLDPWD': '/home/ros', 'HOSTNAME': 'FM00351-u', 'PWD': '/home/ros/catkin_ws', 'ROS_ETC_DIR': '/opt/ros/kinetic/etc/ros', 'ROS_VERSION': '1'}]
[roslaunch][INFO] 2021-12-21 09:53:41,542: process[frogs-2]: args[[u'/home/ros/catkin_ws/src/module_gripper/src/module_gripper/gripper_action_server', u'__name:=frogs']]
[roslaunch][INFO] 2021-12-21 09:53:41,542: ... created process [frogs-2]
[roslaunch.pmon][INFO] 2021-12-21 09:53:41,542: ProcessMonitor.register[frogs-2]
[roslaunch.pmon][INFO] 2021-12-21 09:53:41,542: ProcessMonitor.register[frogs-2] complete
[roslaunch][INFO] 2021-12-21 09:53:41,542: ... registered process [frogs-2]
[roslaunch][INFO] 2021-12-21 09:53:41,542: process[frogs-2]: starting os process
[roslaunch][INFO] 2021-12-21 09:53:41,542: process[frogs-2]: start w/ args [[u'/home/ros/catkin_ws/src/module_gripper/src/module_gripper/gripper_action_server', u'__name:=frogs', u'__log:=/home/ros/.ros/log/e06982b8-6243-11ec-8e86-7c507959f385/frogs-2.log']]
[roslaunch][INFO] 2021-12-21 09:53:41,542: process[frogs-2]: cwd will be [/home/ros/.ros]
[roslaunch][INFO] 2021-12-21 09:53:41,618: process[frogs-2]: started with pid [93]
[roslaunch][INFO] 2021-12-21 09:53:41,618: ... successfully launched [frogs-2]
[roslaunch][INFO] 2021-12-21 09:53:41,618: ... launch_nodes complete
[roslaunch.pmon][INFO] 2021-12-21 09:53:41,618: registrations completed <ProcessMonitor(ProcessMonitor-1, started daemon 140683579410176)>
[roslaunch.parent][INFO] 2021-12-21 09:53:41,618: ... roslaunch parent running, waiting for process exit
[roslaunch][INFO] 2021-12-21 09:53:41,618: spin
