[rosmaster.main][INFO] 2021-12-21 11:31:25,816: initialization complete, waiting for shutdown
[rosmaster.main][INFO] 2021-12-21 11:31:25,816: Starting ROS Master Node
[xmlrpc][INFO] 2021-12-21 11:31:25,817: XML-RPC server binding to 0.0.0.0:11311
[xmlrpc][INFO] 2021-12-21 11:31:25,818: Started XML-RPC server [http://FM00351-u:11311/]
[rosmaster.master][INFO] 2021-12-21 11:31:25,818: Master initialized: port[11311], uri[http://FM00351-u:11311/]
[xmlrpc][INFO] 2021-12-21 11:31:25,818: xml rpc node: starting XML-RPC server
[rosmaster.master][INFO] 2021-12-21 11:31:25,877: +PARAM [/run_id] by /roslaunch
[rosmaster.master][INFO] 2021-12-21 11:31:25,879: +PARAM [/roslaunch/uris/host_fm00351_u__45917] by /roslaunch
[rosmaster.master][INFO] 2021-12-21 11:31:25,940: +PUB [/rosout] /robotiq2FGripper http://FM00351-u:44009/
[rosmaster.master][INFO] 2021-12-21 11:31:25,943: +SERVICE [/robotiq2FGripper/get_loggers] /robotiq2FGripper http://FM00351-u:44009/
[rosmaster.master][INFO] 2021-12-21 11:31:25,943: +SERVICE [/robotiq2FGripper/set_logger_level] /robotiq2FGripper http://FM00351-u:44009/
[rosmaster.master][INFO] 2021-12-21 11:31:25,944: +PUB [/Robotiq2FGripperRobotInput] /robotiq2FGripper http://FM00351-u:44009/
[rosmaster.master][INFO] 2021-12-21 11:31:25,945: +SUB [/Robotiq2FGripperRobotOutput] /robotiq2FGripper http://FM00351-u:44009/
[rosmaster.master][INFO] 2021-12-21 11:31:25,994: +PARAM [/rosversion] by /roslaunch
[rosmaster.master][INFO] 2021-12-21 11:31:25,994: +PARAM [/rosdistro] by /roslaunch
[rosmaster.master][INFO] 2021-12-21 11:31:26,001: +SERVICE [/rosout/get_loggers] /rosout http://FM00351-u:41179/
[rosmaster.master][INFO] 2021-12-21 11:31:26,001: +SERVICE [/rosout/set_logger_level] /rosout http://FM00351-u:41179/
[rosmaster.master][INFO] 2021-12-21 11:31:26,002: +PUB [/rosout_agg] /rosout http://FM00351-u:41179/
[rosmaster.master][INFO] 2021-12-21 11:31:26,003: +SUB [/rosout] /rosout http://FM00351-u:41179/
[rosmaster.master][INFO] 2021-12-21 11:31:26,350: +PUB [/rosout] /frogs http://FM00351-u:40289/
[rosmaster.master][INFO] 2021-12-21 11:31:26,355: +SERVICE [/frogs/get_loggers] /frogs http://FM00351-u:40289/
[rosmaster.master][INFO] 2021-12-21 11:31:26,357: +SERVICE [/frogs/set_logger_level] /frogs http://FM00351-u:40289/
[rosmaster.master][INFO] 2021-12-21 11:31:26,360: +PUB [/gripper_action_server/status] /frogs http://FM00351-u:40289/
[rosmaster.master][INFO] 2021-12-21 11:31:26,362: +PUB [/gripper_action_server/result] /frogs http://FM00351-u:40289/
[rosmaster.master][INFO] 2021-12-21 11:31:26,364: +PUB [/gripper_action_server/feedback] /frogs http://FM00351-u:40289/
[rosmaster.master][INFO] 2021-12-21 11:31:26,368: +SUB [/gripper_action_server/goal] /frogs http://FM00351-u:40289/
[rosmaster.master][INFO] 2021-12-21 11:31:26,369: +SUB [/gripper_action_server/cancel] /frogs http://FM00351-u:40289/
[rosmaster.master][INFO] 2021-12-21 11:31:26,372: +PUB [/Robotiq2FGripperRobotOutput] /frogs http://FM00351-u:40289/
[rosmaster.master][INFO] 2021-12-21 11:31:26,373: +SUB [/Robotiq2FGripperRobotInput] /frogs http://FM00351-u:40289/
[rosmaster.master][INFO] 2021-12-21 11:31:26,418: publisherUpdate[/rosout] -> http://FM00351-u:41179/ ['http://FM00351-u:44009/', 'http://FM00351-u:40289/']
[rosmaster.master][INFO] 2021-12-21 11:31:26,418: publisherUpdate[/Robotiq2FGripperRobotOutput] -> http://FM00351-u:44009/ ['http://FM00351-u:40289/']
[rosmaster.master][INFO] 2021-12-21 11:31:26,422: publisherUpdate[/Robotiq2FGripperRobotOutput] -> http://FM00351-u:44009/ ['http://FM00351-u:40289/']: sec=0.00, result=[1, '', 0]
[rosmaster.master][INFO] 2021-12-21 11:31:26,428: publisherUpdate[/rosout] -> http://FM00351-u:41179/ ['http://FM00351-u:44009/', 'http://FM00351-u:40289/']: sec=0.01, result=[1, '', 0]
[rosmaster.master][INFO] 2021-12-21 11:31:33,409: +PARAM [/roslaunch/uris/host_fm00351_u__38133] by /roslaunch
[rosmaster.master][INFO] 2021-12-21 11:31:33,412: +PARAM [/infraflex_robot/libraries_list] by /roslaunch
[rosmaster.master][INFO] 2021-12-21 11:31:33,412: +PARAM [/rosdistro] by /roslaunch
[rosmaster.master][INFO] 2021-12-21 11:31:33,412: +PARAM [/infraflex_robot/primitive_list] by /roslaunch
[rosmaster.master][INFO] 2021-12-21 11:31:33,412: +PARAM [/wm/load_contexts] by /roslaunch
[rosmaster.master][INFO] 2021-12-21 11:31:33,412: +PARAM [/wm/init_scene] by /roslaunch
[rosmaster.master][INFO] 2021-12-21 11:31:33,412: +PARAM [/rosversion] by /roslaunch
[rosmaster.master][INFO] 2021-12-21 11:31:33,412: +PARAM [/wm/verbose] by /roslaunch
[rosmaster.master][INFO] 2021-12-21 11:31:33,412: +PARAM [/infraflex_robot/verbose] by /roslaunch
[rosmaster.master][INFO] 2021-12-21 11:31:33,412: +PARAM [/tm/verbose] by /roslaunch
[rosmaster.master][INFO] 2021-12-21 11:31:33,412: +PARAM [/wm/workspace_dir] by /roslaunch
[rosmaster.master][INFO] 2021-12-21 11:31:33,412: +PARAM [/infraflex_robot/prefix] by /roslaunch
[rosmaster.master][INFO] 2021-12-21 11:31:33,412: +PARAM [/wm/reasoners_pkgs] by /roslaunch
[rosmaster.master][INFO] 2021-12-21 11:31:33,412: +PARAM [/infraflex_robot/skill_list] by /roslaunch
[rosmaster.master][INFO] 2021-12-21 11:31:33,565: +PUB [/rosout] /rviz http://FM00351-u:33363/
[rosmaster.master][INFO] 2021-12-21 11:31:33,565: +SERVICE [/rviz/get_loggers] /rviz http://FM00351-u:33363/
[rosmaster.master][INFO] 2021-12-21 11:31:33,565: +SERVICE [/rviz/set_logger_level] /rviz http://FM00351-u:33363/
[rosmaster.master][INFO] 2021-12-21 11:31:33,633: publisherUpdate[/rosout] -> http://FM00351-u:41179/ ['http://FM00351-u:44009/', 'http://FM00351-u:40289/', 'http://FM00351-u:33363/']
[rosmaster.master][INFO] 2021-12-21 11:31:33,642: publisherUpdate[/rosout] -> http://FM00351-u:41179/ ['http://FM00351-u:44009/', 'http://FM00351-u:40289/', 'http://FM00351-u:33363/']: sec=0.01, result=[1, '', 0]
[rosmaster.master][INFO] 2021-12-21 11:31:33,682: +SUB [/tf] /rviz http://FM00351-u:33363/
[rosmaster.master][INFO] 2021-12-21 11:31:33,683: +SUB [/tf_static] /rviz http://FM00351-u:33363/
[rosmaster.master][INFO] 2021-12-21 11:31:33,705: +PUB [/initialpose] /rviz http://FM00351-u:33363/
[rosmaster.master][INFO] 2021-12-21 11:31:33,707: +PUB [/goal] /rviz http://FM00351-u:33363/
[rosmaster.master][INFO] 2021-12-21 11:31:33,711: -PUB [/goal] /rviz http://FM00351-u:33363/
[rosmaster.master][INFO] 2021-12-21 11:31:33,712: -PUB [/initialpose] /rviz http://FM00351-u:33363/
[rosmaster.master][INFO] 2021-12-21 11:31:33,714: +PUB [/initialpose] /rviz http://FM00351-u:33363/
[rosmaster.master][INFO] 2021-12-21 11:31:33,715: +PUB [/goal] /rviz http://FM00351-u:33363/
[rosmaster.master][INFO] 2021-12-21 11:31:33,715: +PUB [/move_base_simple/goal] /rviz http://FM00351-u:33363/
[rosmaster.master][INFO] 2021-12-21 11:31:33,716: -PUB [/goal] /rviz http://FM00351-u:33363/
[rosmaster.master][INFO] 2021-12-21 11:31:33,716: +PUB [/clicked_point] /rviz http://FM00351-u:33363/
[rosmaster.master][INFO] 2021-12-21 11:31:33,735: +SERVICE [/rviz/reload_shaders] /rviz http://FM00351-u:33363/
[rosmaster.master][INFO] 2021-12-21 11:31:33,844: +CACHEDPARAM [/rosout/omit_topics] by /rosout
[rosmaster.master][INFO] 2021-12-21 11:31:34,112: +PUB [/rosout] /wm http://FM00351-u:39289/
[rosmaster.master][INFO] 2021-12-21 11:31:34,115: +SERVICE [/wm/get_loggers] /wm http://FM00351-u:39289/
[rosmaster.master][INFO] 2021-12-21 11:31:34,116: +SERVICE [/wm/set_logger_level] /wm http://FM00351-u:39289/
[rosmaster.master][INFO] 2021-12-21 11:31:34,138: publisherUpdate[/rosout] -> http://FM00351-u:41179/ ['http://FM00351-u:44009/', 'http://FM00351-u:40289/', 'http://FM00351-u:33363/', 'http://FM00351-u:39289/']
[rosmaster.master][INFO] 2021-12-21 11:31:34,149: publisherUpdate[/rosout] -> http://FM00351-u:41179/ ['http://FM00351-u:44009/', 'http://FM00351-u:40289/', 'http://FM00351-u:33363/', 'http://FM00351-u:39289/']: sec=0.01, result=[1, '', 0]
[rosmaster.master][INFO] 2021-12-21 11:31:34,201: +PUB [/rosout] /infraflex_robot http://FM00351-u:41551/
[rosmaster.master][INFO] 2021-12-21 11:31:34,204: +SERVICE [/infraflex_robot/get_loggers] /infraflex_robot http://FM00351-u:41551/
[rosmaster.master][INFO] 2021-12-21 11:31:34,205: +SERVICE [/infraflex_robot/set_logger_level] /infraflex_robot http://FM00351-u:41551/
[rosmaster.master][INFO] 2021-12-21 11:31:34,243: +PUB [/rosout] /skiros_gui http://FM00351-u:38193/
[rosmaster.master][INFO] 2021-12-21 11:31:34,244: publisherUpdate[/rosout] -> http://FM00351-u:41179/ ['http://FM00351-u:44009/', 'http://FM00351-u:40289/', 'http://FM00351-u:33363/', 'http://FM00351-u:39289/', 'http://FM00351-u:41551/']
[rosmaster.master][INFO] 2021-12-21 11:31:34,245: publisherUpdate[/rosout] -> http://FM00351-u:41179/ ['http://FM00351-u:44009/', 'http://FM00351-u:40289/', 'http://FM00351-u:33363/', 'http://FM00351-u:39289/', 'http://FM00351-u:41551/']: sec=0.00, result=[1, '', 0]
[rosmaster.master][INFO] 2021-12-21 11:31:34,245: publisherUpdate[/rosout] -> http://FM00351-u:41179/ ['http://FM00351-u:44009/', 'http://FM00351-u:40289/', 'http://FM00351-u:33363/', 'http://FM00351-u:39289/', 'http://FM00351-u:41551/', 'http://FM00351-u:38193/']
[rosmaster.master][INFO] 2021-12-21 11:31:34,246: publisherUpdate[/rosout] -> http://FM00351-u:41179/ ['http://FM00351-u:44009/', 'http://FM00351-u:40289/', 'http://FM00351-u:33363/', 'http://FM00351-u:39289/', 'http://FM00351-u:41551/', 'http://FM00351-u:38193/']: sec=0.00, result=[1, '', 0]
[rosmaster.master][INFO] 2021-12-21 11:31:34,246: +SERVICE [/skiros_gui/get_loggers] /skiros_gui http://FM00351-u:38193/
[rosmaster.master][INFO] 2021-12-21 11:31:34,248: +SERVICE [/skiros_gui/set_logger_level] /skiros_gui http://FM00351-u:38193/
[rosmaster.master][INFO] 2021-12-21 11:31:34,307: +PUB [/rosout] /tm http://FM00351-u:41113/
[rosmaster.master][INFO] 2021-12-21 11:31:34,311: +SERVICE [/tm/get_loggers] /tm http://FM00351-u:41113/
[rosmaster.master][INFO] 2021-12-21 11:31:34,314: +SERVICE [/tm/set_logger_level] /tm http://FM00351-u:41113/
[rosmaster.master][INFO] 2021-12-21 11:31:34,344: publisherUpdate[/rosout] -> http://FM00351-u:41179/ ['http://FM00351-u:44009/', 'http://FM00351-u:40289/', 'http://FM00351-u:33363/', 'http://FM00351-u:39289/', 'http://FM00351-u:41551/', 'http://FM00351-u:38193/', 'http://FM00351-u:41113/']
[rosmaster.master][INFO] 2021-12-21 11:31:34,346: publisherUpdate[/rosout] -> http://FM00351-u:41179/ ['http://FM00351-u:44009/', 'http://FM00351-u:40289/', 'http://FM00351-u:33363/', 'http://FM00351-u:39289/', 'http://FM00351-u:41551/', 'http://FM00351-u:38193/', 'http://FM00351-u:41113/']: sec=0.00, result=[1, '', 0]
[rosmaster.master][INFO] 2021-12-21 11:31:34,371: +PUB [/skiros_gui/update_full] /skiros_gui http://FM00351-u:38193/
[rosmaster.master][INFO] 2021-12-21 11:31:34,373: +PUB [/skiros_gui/update] /skiros_gui http://FM00351-u:38193/
[rosmaster.master][INFO] 2021-12-21 11:31:34,376: +SUB [/skiros_gui/feedback] /skiros_gui http://FM00351-u:38193/
[rosmaster.master][INFO] 2021-12-21 11:31:35,102: +SERVICE [/wm/tf2_frames] /wm http://FM00351-u:39289/
[rosmaster.master][INFO] 2021-12-21 11:31:35,103: +SUB [/tf] /wm http://FM00351-u:39289/
[rosmaster.master][INFO] 2021-12-21 11:31:35,105: +SUB [/tf_static] /wm http://FM00351-u:39289/
[rosmaster.master][INFO] 2021-12-21 11:31:35,106: +PUB [/tf] /wm http://FM00351-u:39289/
[rosmaster.master][INFO] 2021-12-21 11:31:35,111: +SERVICE [/wm/scene/set_relation] /wm http://FM00351-u:39289/
[rosmaster.master][INFO] 2021-12-21 11:31:35,113: +SERVICE [/wm/scene/query_relations] /wm http://FM00351-u:39289/
[rosmaster.master][INFO] 2021-12-21 11:31:35,147: publisherUpdate[/tf] -> http://FM00351-u:33363/ ['http://FM00351-u:39289/']
[rosmaster.master][INFO] 2021-12-21 11:31:35,148: publisherUpdate[/tf] -> http://FM00351-u:39289/ ['http://FM00351-u:39289/']
[rosmaster.master][INFO] 2021-12-21 11:31:35,149: publisherUpdate[/tf] -> http://FM00351-u:33363/ ['http://FM00351-u:39289/']: sec=0.00, result=[1, '', 0]
[rosmaster.master][INFO] 2021-12-21 11:31:35,150: +SERVICE [/wm/get] /wm http://FM00351-u:39289/
[rosmaster.master][INFO] 2021-12-21 11:31:35,157: +SERVICE [/wm/modify] /wm http://FM00351-u:39289/
[rosmaster.master][INFO] 2021-12-21 11:31:35,171: publisherUpdate[/tf] -> http://FM00351-u:39289/ ['http://FM00351-u:39289/']: sec=0.02, result=[1, '', 0]
[rosmaster.master][INFO] 2021-12-21 11:31:35,172: +PUB [/wm/monitor] /wm http://FM00351-u:39289/
[rosmaster.master][INFO] 2021-12-21 11:31:35,174: +PUB [/wm/status] /wm http://FM00351-u:39289/
[rosmaster.master][INFO] 2021-12-21 11:31:35,175: +PUB [/wm/status_json_rel] /wm http://FM00351-u:39289/
[rosmaster.master][INFO] 2021-12-21 11:31:35,176: +SERVICE [/wm/load_and_save] /wm http://FM00351-u:39289/
[rosmaster.master][INFO] 2021-12-21 11:31:35,178: +SERVICE [/wm/lock] /wm http://FM00351-u:39289/
[rosmaster.master][INFO] 2021-12-21 11:31:35,179: +SERVICE [/wm/ontology/query] /wm http://FM00351-u:39289/
[rosmaster.master][INFO] 2021-12-21 11:31:35,180: +SERVICE [/wm/ontology/modify] /wm http://FM00351-u:39289/
[rosmaster.master][INFO] 2021-12-21 11:31:35,223: +SUB [/wm/monitor] /tm http://FM00351-u:41113/
[rosmaster.master][INFO] 2021-12-21 11:31:35,225: +PUB [/skill_managers/discovery] /tm http://FM00351-u:41113/
[rosmaster.master][INFO] 2021-12-21 11:31:35,227: +SUB [/skill_managers/description] /tm http://FM00351-u:41113/
[rosmaster.master][INFO] 2021-12-21 11:31:35,230: +PUB [/tm/task_plan/status] /tm http://FM00351-u:41113/
[rosmaster.master][INFO] 2021-12-21 11:31:35,230: +PUB [/tm/task_plan/result] /tm http://FM00351-u:41113/
[rosmaster.master][INFO] 2021-12-21 11:31:35,231: +PUB [/tm/task_plan/feedback] /tm http://FM00351-u:41113/
[rosmaster.master][INFO] 2021-12-21 11:31:35,233: +SUB [/tm/task_plan/goal] /tm http://FM00351-u:41113/
[rosmaster.master][INFO] 2021-12-21 11:31:35,235: +SUB [/tm/task_plan/cancel] /tm http://FM00351-u:41113/
[rosmaster.master][INFO] 2021-12-21 11:31:35,286: +SUB [/wm/monitor] /skiros_gui http://FM00351-u:38193/
[rosmaster.master][INFO] 2021-12-21 11:31:35,287: +PUB [/skill_managers/discovery] /skiros_gui http://FM00351-u:38193/
[rosmaster.master][INFO] 2021-12-21 11:31:35,289: +SUB [/skill_managers/description] /skiros_gui http://FM00351-u:38193/
[rosmaster.master][INFO] 2021-12-21 11:31:35,290: +SUB [/robot_output] /skiros_gui http://FM00351-u:38193/
[rosmaster.master][INFO] 2021-12-21 11:31:35,417: +SUB [/wm/monitor] /infraflex_robot http://FM00351-u:41551/
[rosmaster.master][INFO] 2021-12-21 11:31:35,831: +SERVICE [/skiros_gui/tf2_frames] /skiros_gui http://FM00351-u:38193/
[rosmaster.master][INFO] 2021-12-21 11:31:35,834: +SUB [/tf] /skiros_gui http://FM00351-u:38193/
[rosmaster.master][INFO] 2021-12-21 11:31:35,836: +SUB [/tf_static] /skiros_gui http://FM00351-u:38193/
[rosmaster.master][INFO] 2021-12-21 11:31:35,870: +SERVICE [/infraflex_robot/get_skills] /infraflex_robot http://FM00351-u:41551/
[rosmaster.master][INFO] 2021-12-21 11:31:35,871: +SERVICE [/infraflex_robot/add_skills] /infraflex_robot http://FM00351-u:41551/
[rosmaster.master][INFO] 2021-12-21 11:31:36,647: +SERVICE [/infraflex_robot/command] /infraflex_robot http://FM00351-u:41551/
[rosmaster.master][INFO] 2021-12-21 11:31:36,649: +PUB [/infraflex_robot/monitor] /infraflex_robot http://FM00351-u:41551/
[rosmaster.master][INFO] 2021-12-21 11:31:36,650: +PUB [/infraflex_robot/tick_rate] /infraflex_robot http://FM00351-u:41551/
[rosmaster.master][INFO] 2021-12-21 11:31:36,652: +SUB [/infraflex_robot/set_debug] /infraflex_robot http://FM00351-u:41551/
[rosmaster.master][INFO] 2021-12-21 11:31:36,654: +SUB [/skill_managers/discovery] /infraflex_robot http://FM00351-u:41551/
[rosmaster.master][INFO] 2021-12-21 11:31:36,655: +PUB [/skill_managers/description] /infraflex_robot http://FM00351-u:41551/
[rosmaster.master][INFO] 2021-12-21 11:31:36,674: publisherUpdate[/skill_managers/description] -> http://FM00351-u:41113/ ['http://FM00351-u:41551/']
[rosmaster.master][INFO] 2021-12-21 11:31:36,676: publisherUpdate[/skill_managers/description] -> http://FM00351-u:41113/ ['http://FM00351-u:41551/']: sec=0.00, result=[1, '', 0]
[rosmaster.master][INFO] 2021-12-21 11:31:36,676: publisherUpdate[/skill_managers/description] -> http://FM00351-u:38193/ ['http://FM00351-u:41551/']
[rosmaster.master][INFO] 2021-12-21 11:31:36,677: publisherUpdate[/skill_managers/description] -> http://FM00351-u:38193/ ['http://FM00351-u:41551/']: sec=0.00, result=[1, '', 0]
[rosmaster.master][INFO] 2021-12-21 11:31:37,159: +SUB [/infraflex_robot/monitor] /tm http://FM00351-u:41113/
[rosmaster.master][INFO] 2021-12-21 11:31:37,161: +SUB [/infraflex_robot/monitor] /skiros_gui http://FM00351-u:38193/
[rosmaster.master][INFO] 2021-12-21 11:31:37,162: +SUB [/infraflex_robot/tick_rate] /tm http://FM00351-u:41113/
[rosmaster.master][INFO] 2021-12-21 11:31:37,163: +SUB [/infraflex_robot/tick_rate] /skiros_gui http://FM00351-u:38193/
[rosmaster.master][INFO] 2021-12-21 11:31:37,164: +PUB [/infraflex_robot/set_debug] /tm http://FM00351-u:41113/
[rosmaster.master][INFO] 2021-12-21 11:31:37,165: +PUB [/infraflex_robot/set_debug] /skiros_gui http://FM00351-u:38193/
[rosmaster.master][INFO] 2021-12-21 11:31:37,178: publisherUpdate[/infraflex_robot/set_debug] -> http://FM00351-u:41551/ ['http://FM00351-u:41113/']
[rosmaster.master][INFO] 2021-12-21 11:31:37,180: publisherUpdate[/infraflex_robot/set_debug] -> http://FM00351-u:41551/ ['http://FM00351-u:41113/']: sec=0.00, result=[1, '', 0]
[rosmaster.master][INFO] 2021-12-21 11:31:37,180: publisherUpdate[/infraflex_robot/set_debug] -> http://FM00351-u:41551/ ['http://FM00351-u:41113/', 'http://FM00351-u:38193/']
[rosmaster.master][INFO] 2021-12-21 11:31:37,180: publisherUpdate[/infraflex_robot/set_debug] -> http://FM00351-u:41551/ ['http://FM00351-u:41113/', 'http://FM00351-u:38193/']: sec=0.00, result=[1, '', 0]
[rosmaster.master][INFO] 2021-12-21 11:31:43,584: +PUB [/gripper_action_server/goal] /infraflex_robot http://FM00351-u:41551/
[rosmaster.master][INFO] 2021-12-21 11:31:43,586: +PUB [/gripper_action_server/cancel] /infraflex_robot http://FM00351-u:41551/
[rosmaster.master][INFO] 2021-12-21 11:31:43,588: +SUB [/gripper_action_server/status] /infraflex_robot http://FM00351-u:41551/
[rosmaster.master][INFO] 2021-12-21 11:31:43,589: +SUB [/gripper_action_server/result] /infraflex_robot http://FM00351-u:41551/
[rosmaster.master][INFO] 2021-12-21 11:31:43,591: publisherUpdate[/gripper_action_server/goal] -> http://FM00351-u:40289/ ['http://FM00351-u:41551/']
[rosmaster.master][INFO] 2021-12-21 11:31:43,591: +SUB [/gripper_action_server/feedback] /infraflex_robot http://FM00351-u:41551/
[rosmaster.master][INFO] 2021-12-21 11:31:43,592: publisherUpdate[/gripper_action_server/goal] -> http://FM00351-u:40289/ ['http://FM00351-u:41551/']: sec=0.00, result=[1, '', 0]
[rosmaster.master][INFO] 2021-12-21 11:31:43,592: publisherUpdate[/gripper_action_server/cancel] -> http://FM00351-u:40289/ ['http://FM00351-u:41551/']
[rosmaster.master][INFO] 2021-12-21 11:31:43,593: publisherUpdate[/gripper_action_server/cancel] -> http://FM00351-u:40289/ ['http://FM00351-u:41551/']: sec=0.00, result=[1, '', 0]
[rosmaster.master][INFO] 2021-12-21 11:31:43,657: +CACHEDPARAM [/rosout_disable_topics_generation] by /frogs
[rosmaster.master][INFO] 2021-12-21 11:31:44,660: +CACHEDPARAM [/rosout_disable_topics_generation] by /frogs
[rosmaster.master][INFO] 2021-12-21 11:31:47,967: +CACHEDPARAM [/rosout_disable_topics_generation] by /frogs
[rosmaster.master][INFO] 2021-12-21 11:31:48,971: +CACHEDPARAM [/rosout_disable_topics_generation] by /frogs
[rosmaster.master][INFO] 2021-12-21 11:31:52,041: +CACHEDPARAM [/rosout_disable_topics_generation] by /frogs
[rosmaster.master][INFO] 2021-12-21 11:31:54,045: +CACHEDPARAM [/rosout_disable_topics_generation] by /frogs
[rosmaster.master][INFO] 2021-12-21 11:31:57,553: +CACHEDPARAM [/rosout_disable_topics_generation] by /frogs
[rosmaster.master][INFO] 2021-12-21 11:31:59,557: +CACHEDPARAM [/rosout_disable_topics_generation] by /frogs
[rosmaster.master][INFO] 2021-12-21 11:32:04,931: +CACHEDPARAM [/rosout_disable_topics_generation] by /frogs
[rosmaster.master][INFO] 2021-12-21 11:32:06,935: +CACHEDPARAM [/rosout_disable_topics_generation] by /frogs
