[rosmaster.main][INFO] 2021-12-21 14:24:41,124: initialization complete, waiting for shutdown
[rosmaster.main][INFO] 2021-12-21 14:24:41,125: Starting ROS Master Node
[xmlrpc][INFO] 2021-12-21 14:24:41,125: XML-RPC server binding to 0.0.0.0:11311
[xmlrpc][INFO] 2021-12-21 14:24:41,125: Started XML-RPC server [http://FM00351-u:11311/]
[xmlrpc][INFO] 2021-12-21 14:24:41,126: xml rpc node: starting XML-RPC server
[rosmaster.master][INFO] 2021-12-21 14:24:41,126: Master initialized: port[11311], uri[http://FM00351-u:11311/]
[rosmaster.master][INFO] 2021-12-21 14:24:41,209: +PARAM [/run_id] by /roslaunch
[rosmaster.master][INFO] 2021-12-21 14:24:41,210: +PARAM [/roslaunch/uris/host_fm00351_u__40801] by /roslaunch
[rosmaster.master][INFO] 2021-12-21 14:24:41,306: +PARAM [/rosversion] by /roslaunch
[rosmaster.master][INFO] 2021-12-21 14:24:41,306: +PARAM [/rosdistro] by /roslaunch
[rosmaster.master][INFO] 2021-12-21 14:24:41,306: +PARAM [/baud_pressure] by /roslaunch
[rosmaster.master][INFO] 2021-12-21 14:24:41,306: +PARAM [/port_pressure] by /roslaunch
[rosmaster.master][INFO] 2021-12-21 14:24:41,311: +SERVICE [/rosout/get_loggers] /rosout http://FM00351-u:37749/
[rosmaster.master][INFO] 2021-12-21 14:24:41,311: +SERVICE [/rosout/set_logger_level] /rosout http://FM00351-u:37749/
[rosmaster.master][INFO] 2021-12-21 14:24:41,312: +PUB [/rosout_agg] /rosout http://FM00351-u:37749/
[rosmaster.master][INFO] 2021-12-21 14:24:41,313: +SUB [/rosout] /rosout http://FM00351-u:37749/
[rosmaster.master][INFO] 2021-12-21 14:24:41,653: +PUB [/rosout] /sensor/tactile_pressure http://FM00351-u:44967/
[rosmaster.master][INFO] 2021-12-21 14:24:41,654: +SERVICE [/sensor/tactile_pressure/get_loggers] /sensor/tactile_pressure http://FM00351-u:44967/
[rosmaster.master][INFO] 2021-12-21 14:24:41,655: +SERVICE [/sensor/tactile_pressure/set_logger_level] /sensor/tactile_pressure http://FM00351-u:44967/
[rosmaster.master][INFO] 2021-12-21 14:24:41,655: +CACHEDPARAM [/rosout_disable_topics_generation] by /sensor/tactile_pressure
[rosmaster.master][INFO] 2021-12-21 14:24:41,657: +CACHEDPARAM [/rosout_disable_topics_generation] by /sensor/tactile_pressure
[rosmaster.master][INFO] 2021-12-21 14:24:41,658: +SERVICE [/sensor/tactile_pressure/reset_arduino] /sensor/tactile_pressure http://FM00351-u:44967/
[rosmaster.master][INFO] 2021-12-21 14:24:41,658: +PUB [/diagnostics] /sensor/tactile_pressure http://FM00351-u:44967/
[rosmaster.master][INFO] 2021-12-21 14:24:41,726: publisherUpdate[/rosout] -> http://FM00351-u:37749/ ['http://FM00351-u:44967/']
[rosmaster.master][INFO] 2021-12-21 14:24:41,739: publisherUpdate[/rosout] -> http://FM00351-u:37749/ ['http://FM00351-u:44967/']: sec=0.01, result=[1, '', 0]
[rosmaster.master][INFO] 2021-12-21 14:24:41,921: +PUB [/rosout] /sensor/process_tactile_pressure http://FM00351-u:41067/
[rosmaster.master][INFO] 2021-12-21 14:24:41,923: +SERVICE [/sensor/process_tactile_pressure/get_loggers] /sensor/process_tactile_pressure http://FM00351-u:41067/
[rosmaster.master][INFO] 2021-12-21 14:24:41,923: +SERVICE [/sensor/process_tactile_pressure/set_logger_level] /sensor/process_tactile_pressure http://FM00351-u:41067/
[rosmaster.master][INFO] 2021-12-21 14:24:41,924: +SUB [/sensor/pressure_reset] /sensor/process_tactile_pressure http://FM00351-u:41067/
[rosmaster.master][INFO] 2021-12-21 14:24:41,925: +SUB [/sensor/pressure_data] /sensor/process_tactile_pressure http://FM00351-u:41067/
[rosmaster.master][INFO] 2021-12-21 14:24:41,925: +PUB [/sensor/estimated_ForceAndLoc] /sensor/process_tactile_pressure http://FM00351-u:41067/
[rosmaster.master][INFO] 2021-12-21 14:24:41,927: publisherUpdate[/rosout] -> http://FM00351-u:37749/ ['http://FM00351-u:44967/', 'http://FM00351-u:41067/']
[rosmaster.master][INFO] 2021-12-21 14:24:41,933: publisherUpdate[/rosout] -> http://FM00351-u:37749/ ['http://FM00351-u:44967/', 'http://FM00351-u:41067/']: sec=0.01, result=[1, '', 0]
[rosmaster.master][INFO] 2021-12-21 14:24:42,037: +CACHEDPARAM [/rosout/omit_topics] by /rosout
[rosmaster.master][INFO] 2021-12-21 14:24:43,764: +CACHEDPARAM [/rosout_disable_topics_generation] by /sensor/tactile_pressure
[rosmaster.master][INFO] 2021-12-21 14:24:44,930: +CACHEDPARAM [/rosout_disable_topics_generation] by /sensor/process_tactile_pressure
[rosmaster.master][INFO] 2021-12-21 14:24:44,934: -SUB [/sensor/pressure_reset] /sensor/process_tactile_pressure http://FM00351-u:41067/
[rosmaster.master][INFO] 2021-12-21 14:24:44,934: -SUB [/sensor/pressure_data] /sensor/process_tactile_pressure http://FM00351-u:41067/
[rosmaster.master][INFO] 2021-12-21 14:24:44,935: -PUB [/rosout] /sensor/process_tactile_pressure http://FM00351-u:41067/
[rosmaster.master][INFO] 2021-12-21 14:24:44,935: -PUB [/sensor/estimated_ForceAndLoc] /sensor/process_tactile_pressure http://FM00351-u:41067/
[rosmaster.master][INFO] 2021-12-21 14:24:44,935: -SERVICE [/sensor/process_tactile_pressure/get_loggers] /sensor/process_tactile_pressure rosrpc://FM00351-u:40363
[rosmaster.master][INFO] 2021-12-21 14:24:44,935: -SERVICE [/sensor/process_tactile_pressure/set_logger_level] /sensor/process_tactile_pressure rosrpc://FM00351-u:40363
[rosmaster.master][INFO] 2021-12-21 14:24:44,939: publisherUpdate[/rosout] -> http://FM00351-u:37749/ ['http://FM00351-u:44967/']
[rosmaster.master][INFO] 2021-12-21 14:24:44,940: publisherUpdate[/rosout] -> http://FM00351-u:37749/ ['http://FM00351-u:44967/']: sec=0.00, result=[1, '', 0]
[rosmaster.master][INFO] 2021-12-21 14:24:58,766: +CACHEDPARAM [/rosout_disable_topics_generation] by /sensor/tactile_pressure
[rosmaster.master][INFO] 2021-12-21 14:24:58,767: +CACHEDPARAM [/rosout_disable_topics_generation] by /sensor/tactile_pressure
[rosmaster.master][INFO] 2021-12-21 14:25:13,769: +CACHEDPARAM [/rosout_disable_topics_generation] by /sensor/tactile_pressure
[rosmaster.master][INFO] 2021-12-21 14:25:13,772: +CACHEDPARAM [/rosout_disable_topics_generation] by /sensor/tactile_pressure
[rosmaster.master][INFO] 2021-12-21 14:25:28,774: +CACHEDPARAM [/rosout_disable_topics_generation] by /sensor/tactile_pressure
[rosmaster.master][INFO] 2021-12-21 14:25:28,775: +CACHEDPARAM [/rosout_disable_topics_generation] by /sensor/tactile_pressure
[rosmaster.master][INFO] 2021-12-21 14:25:43,777: +CACHEDPARAM [/rosout_disable_topics_generation] by /sensor/tactile_pressure
[rosmaster.master][INFO] 2021-12-21 14:25:43,780: +CACHEDPARAM [/rosout_disable_topics_generation] by /sensor/tactile_pressure
[rosmaster.master][INFO] 2021-12-21 14:25:58,784: +CACHEDPARAM [/rosout_disable_topics_generation] by /sensor/tactile_pressure
[rosmaster.master][INFO] 2021-12-21 14:25:58,785: +CACHEDPARAM [/rosout_disable_topics_generation] by /sensor/tactile_pressure
[rosmaster.master][INFO] 2021-12-21 14:26:13,786: +CACHEDPARAM [/rosout_disable_topics_generation] by /sensor/tactile_pressure
[rosmaster.master][INFO] 2021-12-21 14:26:13,787: +CACHEDPARAM [/rosout_disable_topics_generation] by /sensor/tactile_pressure
[rosmaster.master][INFO] 2021-12-21 14:26:28,788: +CACHEDPARAM [/rosout_disable_topics_generation] by /sensor/tactile_pressure
[rosmaster.master][INFO] 2021-12-21 14:26:28,789: +CACHEDPARAM [/rosout_disable_topics_generation] by /sensor/tactile_pressure
[rosmaster.master][INFO] 2021-12-21 14:26:43,792: +CACHEDPARAM [/rosout_disable_topics_generation] by /sensor/tactile_pressure
[rosmaster.master][INFO] 2021-12-21 14:26:43,795: +CACHEDPARAM [/rosout_disable_topics_generation] by /sensor/tactile_pressure
[rosmaster.master][INFO] 2021-12-21 14:26:58,797: +CACHEDPARAM [/rosout_disable_topics_generation] by /sensor/tactile_pressure
[rosmaster.master][INFO] 2021-12-21 14:26:58,798: +CACHEDPARAM [/rosout_disable_topics_generation] by /sensor/tactile_pressure
[rosmaster.master][INFO] 2021-12-21 14:27:13,800: +CACHEDPARAM [/rosout_disable_topics_generation] by /sensor/tactile_pressure
[rosmaster.master][INFO] 2021-12-21 14:27:13,805: +CACHEDPARAM [/rosout_disable_topics_generation] by /sensor/tactile_pressure
[rosmaster.master][INFO] 2021-12-21 14:27:28,811: +CACHEDPARAM [/rosout_disable_topics_generation] by /sensor/tactile_pressure
[rosmaster.master][INFO] 2021-12-21 14:27:28,813: +CACHEDPARAM [/rosout_disable_topics_generation] by /sensor/tactile_pressure
[rosmaster.master][INFO] 2021-12-21 14:27:43,816: +CACHEDPARAM [/rosout_disable_topics_generation] by /sensor/tactile_pressure
[rosmaster.master][INFO] 2021-12-21 14:27:43,817: +CACHEDPARAM [/rosout_disable_topics_generation] by /sensor/tactile_pressure
[rosmaster.master][INFO] 2021-12-21 14:27:58,819: +CACHEDPARAM [/rosout_disable_topics_generation] by /sensor/tactile_pressure
[rosmaster.master][INFO] 2021-12-21 14:27:58,821: +CACHEDPARAM [/rosout_disable_topics_generation] by /sensor/tactile_pressure
[rosmaster.master][INFO] 2021-12-21 14:28:13,825: +CACHEDPARAM [/rosout_disable_topics_generation] by /sensor/tactile_pressure
[rosmaster.master][INFO] 2021-12-21 14:28:13,828: +CACHEDPARAM [/rosout_disable_topics_generation] by /sensor/tactile_pressure
[rosmaster.master][INFO] 2021-12-21 14:28:28,832: +CACHEDPARAM [/rosout_disable_topics_generation] by /sensor/tactile_pressure
[rosmaster.master][INFO] 2021-12-21 14:28:28,835: +CACHEDPARAM [/rosout_disable_topics_generation] by /sensor/tactile_pressure
[rosmaster.master][INFO] 2021-12-21 14:28:43,838: +CACHEDPARAM [/rosout_disable_topics_generation] by /sensor/tactile_pressure
[rosmaster.master][INFO] 2021-12-21 14:28:43,841: +CACHEDPARAM [/rosout_disable_topics_generation] by /sensor/tactile_pressure
[rosmaster.master][INFO] 2021-12-21 14:28:58,845: +CACHEDPARAM [/rosout_disable_topics_generation] by /sensor/tactile_pressure
[rosmaster.master][INFO] 2021-12-21 14:28:58,848: +CACHEDPARAM [/rosout_disable_topics_generation] by /sensor/tactile_pressure
[rosmaster.master][INFO] 2021-12-21 14:29:13,850: +CACHEDPARAM [/rosout_disable_topics_generation] by /sensor/tactile_pressure
[rosmaster.master][INFO] 2021-12-21 14:29:13,853: +CACHEDPARAM [/rosout_disable_topics_generation] by /sensor/tactile_pressure
[rosmaster.master][INFO] 2021-12-21 14:29:28,856: +CACHEDPARAM [/rosout_disable_topics_generation] by /sensor/tactile_pressure
[rosmaster.master][INFO] 2021-12-21 14:29:28,857: +CACHEDPARAM [/rosout_disable_topics_generation] by /sensor/tactile_pressure
[rosmaster.master][INFO] 2021-12-21 14:29:43,858: +CACHEDPARAM [/rosout_disable_topics_generation] by /sensor/tactile_pressure
[rosmaster.master][INFO] 2021-12-21 14:29:43,861: +CACHEDPARAM [/rosout_disable_topics_generation] by /sensor/tactile_pressure
[rosmaster.master][INFO] 2021-12-21 14:29:58,863: +CACHEDPARAM [/rosout_disable_topics_generation] by /sensor/tactile_pressure
[rosmaster.master][INFO] 2021-12-21 14:29:58,864: +CACHEDPARAM [/rosout_disable_topics_generation] by /sensor/tactile_pressure
[rosmaster.master][INFO] 2021-12-21 14:30:13,866: +CACHEDPARAM [/rosout_disable_topics_generation] by /sensor/tactile_pressure
[rosmaster.master][INFO] 2021-12-21 14:30:13,867: +CACHEDPARAM [/rosout_disable_topics_generation] by /sensor/tactile_pressure
[rosmaster.master][INFO] 2021-12-21 14:30:28,869: +CACHEDPARAM [/rosout_disable_topics_generation] by /sensor/tactile_pressure
[rosmaster.master][INFO] 2021-12-21 14:30:28,870: +CACHEDPARAM [/rosout_disable_topics_generation] by /sensor/tactile_pressure
[rosmaster.master][INFO] 2021-12-21 14:30:43,872: +CACHEDPARAM [/rosout_disable_topics_generation] by /sensor/tactile_pressure
[rosmaster.master][INFO] 2021-12-21 14:30:43,873: +CACHEDPARAM [/rosout_disable_topics_generation] by /sensor/tactile_pressure
[rosmaster.master][INFO] 2021-12-21 14:30:58,876: +CACHEDPARAM [/rosout_disable_topics_generation] by /sensor/tactile_pressure
[rosmaster.master][INFO] 2021-12-21 14:30:58,878: +CACHEDPARAM [/rosout_disable_topics_generation] by /sensor/tactile_pressure
[rosmaster.master][INFO] 2021-12-21 14:31:13,881: +CACHEDPARAM [/rosout_disable_topics_generation] by /sensor/tactile_pressure
[rosmaster.master][INFO] 2021-12-21 14:31:13,882: +CACHEDPARAM [/rosout_disable_topics_generation] by /sensor/tactile_pressure
[rosmaster.master][INFO] 2021-12-21 14:31:28,885: +CACHEDPARAM [/rosout_disable_topics_generation] by /sensor/tactile_pressure
[rosmaster.master][INFO] 2021-12-21 14:31:28,888: +CACHEDPARAM [/rosout_disable_topics_generation] by /sensor/tactile_pressure
[rosmaster.master][INFO] 2021-12-21 14:31:43,890: +CACHEDPARAM [/rosout_disable_topics_generation] by /sensor/tactile_pressure
[rosmaster.master][INFO] 2021-12-21 14:31:43,891: +CACHEDPARAM [/rosout_disable_topics_generation] by /sensor/tactile_pressure
[rosmaster.master][INFO] 2021-12-21 14:31:58,892: +CACHEDPARAM [/rosout_disable_topics_generation] by /sensor/tactile_pressure
[rosmaster.master][INFO] 2021-12-21 14:31:58,893: +CACHEDPARAM [/rosout_disable_topics_generation] by /sensor/tactile_pressure
[rosmaster.master][INFO] 2021-12-21 14:32:13,895: +CACHEDPARAM [/rosout_disable_topics_generation] by /sensor/tactile_pressure
[rosmaster.master][INFO] 2021-12-21 14:32:13,898: +CACHEDPARAM [/rosout_disable_topics_generation] by /sensor/tactile_pressure
[rosmaster.master][INFO] 2021-12-21 14:32:28,900: +CACHEDPARAM [/rosout_disable_topics_generation] by /sensor/tactile_pressure
[rosmaster.master][INFO] 2021-12-21 14:32:28,901: +CACHEDPARAM [/rosout_disable_topics_generation] by /sensor/tactile_pressure
[rosmaster.master][INFO] 2021-12-21 14:32:43,902: +CACHEDPARAM [/rosout_disable_topics_generation] by /sensor/tactile_pressure
[rosmaster.master][INFO] 2021-12-21 14:32:43,903: +CACHEDPARAM [/rosout_disable_topics_generation] by /sensor/tactile_pressure
[rosmaster.master][INFO] 2021-12-21 14:32:58,905: +CACHEDPARAM [/rosout_disable_topics_generation] by /sensor/tactile_pressure
[rosmaster.master][INFO] 2021-12-21 14:32:58,906: +CACHEDPARAM [/rosout_disable_topics_generation] by /sensor/tactile_pressure
[rosmaster.master][INFO] 2021-12-21 14:33:13,909: +CACHEDPARAM [/rosout_disable_topics_generation] by /sensor/tactile_pressure
[rosmaster.master][INFO] 2021-12-21 14:33:13,912: +CACHEDPARAM [/rosout_disable_topics_generation] by /sensor/tactile_pressure
[rosmaster.master][INFO] 2021-12-21 14:33:28,914: +CACHEDPARAM [/rosout_disable_topics_generation] by /sensor/tactile_pressure
[rosmaster.master][INFO] 2021-12-21 14:33:28,915: +CACHEDPARAM [/rosout_disable_topics_generation] by /sensor/tactile_pressure
[rosmaster.master][INFO] 2021-12-21 14:33:43,926: +CACHEDPARAM [/rosout_disable_topics_generation] by /sensor/tactile_pressure
[rosmaster.master][INFO] 2021-12-21 14:33:43,929: +CACHEDPARAM [/rosout_disable_topics_generation] by /sensor/tactile_pressure
[rosmaster.master][INFO] 2021-12-21 14:33:58,933: +CACHEDPARAM [/rosout_disable_topics_generation] by /sensor/tactile_pressure
[rosmaster.master][INFO] 2021-12-21 14:33:58,936: +CACHEDPARAM [/rosout_disable_topics_generation] by /sensor/tactile_pressure
[rosmaster.master][INFO] 2021-12-21 14:34:13,715: +CACHEDPARAM [/rosout_disable_topics_generation] by /sensor/tactile_pressure
[rosmaster.master][INFO] 2021-12-21 14:34:13,717: +CACHEDPARAM [/rosout_disable_topics_generation] by /sensor/tactile_pressure
[rosmaster.master][INFO] 2021-12-21 14:34:13,718: -PUB [/diagnostics] /sensor/tactile_pressure http://FM00351-u:44967/
[rosmaster.master][INFO] 2021-12-21 14:34:13,718: -PUB [/rosout] /sensor/tactile_pressure http://FM00351-u:44967/
[rosmaster.master][INFO] 2021-12-21 14:34:13,718: -SERVICE [/sensor/tactile_pressure/set_logger_level] /sensor/tactile_pressure rosrpc://FM00351-u:36887
[rosmaster.master][INFO] 2021-12-21 14:34:13,718: -SERVICE [/sensor/tactile_pressure/reset_arduino] /sensor/tactile_pressure rosrpc://FM00351-u:36887
[rosmaster.master][INFO] 2021-12-21 14:34:13,718: -SERVICE [/sensor/tactile_pressure/get_loggers] /sensor/tactile_pressure rosrpc://FM00351-u:36887
[rosmaster.master][INFO] 2021-12-21 14:34:13,742: publisherUpdate[/rosout] -> http://FM00351-u:37749/ []
[rosmaster.master][INFO] 2021-12-21 14:34:13,743: publisherUpdate[/rosout] -> http://FM00351-u:37749/ []: sec=0.00, result=[1, '', 0]
[rosmaster.master][INFO] 2021-12-21 14:34:14,044: -PUB [/rosout_agg] /rosout http://FM00351-u:37749/
[rosmaster.master][INFO] 2021-12-21 14:34:14,044: -SUB [/rosout] /rosout http://FM00351-u:37749/
[rosmaster.master][INFO] 2021-12-21 14:34:14,045: -SERVICE [/rosout/get_loggers] /rosout rosrpc://FM00351-u:46925
[rosmaster.master][INFO] 2021-12-21 14:34:14,045: -SERVICE [/rosout/set_logger_level] /rosout rosrpc://FM00351-u:46925
[rosmaster.master][INFO] 2021-12-21 14:34:14,045: -CACHEDPARAM [/rosout/omit_topics] by /rosout
[rosmaster.main][INFO] 2021-12-21 14:34:14,117: keyboard interrupt, will exit
[rosmaster.main][INFO] 2021-12-21 14:34:14,117: stopping master...
[rospy.core][INFO] 2021-12-21 14:34:14,118: signal_shutdown [atexit]
