[roslaunch][INFO] 2021-12-21 14:24:40,708: Checking log directory for disk usage. This may take a while.
Press Ctrl-C to interrupt
[roslaunch][INFO] 2021-12-21 14:24:40,711: Done checking log file disk usage. Usage is <1GB.
[roslaunch][INFO] 2021-12-21 14:24:40,711: roslaunch starting with args ['/opt/ros/melodic/bin/roslaunch', 'tactile_pressure_sensor', 'run_tactile_pressure.launch']
[roslaunch][INFO] 2021-12-21 14:24:40,711: roslaunch env is {'ROS_DISTRO': 'melodic', 'ROSLISP_PACKAGE_DIRECTORIES': '/home/ros/catkin_ws/devel/share/common-lisp', 'HOME': '/home/ros', 'PATH': '/opt/ros/melodic/bin:/usr/local/sbin:/usr/local/bin:/usr/sbin:/usr/bin:/sbin:/bin', 'ROS_PACKAGE_PATH': '/home/ros/catkin_ws/src:/opt/ros/melodic/share', 'CMAKE_PREFIX_PATH': '/home/ros/catkin_ws/devel:/opt/ros/melodic', 'LD_LIBRARY_PATH': '/home/ros/catkin_ws/devel/lib:/opt/ros/melodic/lib', 'LANG': 'C.UTF-8', 'TERM': 'xterm', 'ROS_LOG_FILENAME': '/home/ros/.ros/log/bc005e26-6269-11ec-a950-7c507959f385/roslaunch-FM00351-u-1741.log', 'SHLVL': '1', 'DISPLAY': ':0', 'UNAME': 'ros', 'ROS_MASTER_URI': 'http://localhost:11311', 'ROS_PYTHON_VERSION': '2', 'PYTHONPATH': '/home/ros/catkin_ws/devel/lib/python2.7/dist-packages:/opt/ros/melodic/lib/python2.7/dist-packages', 'QT_X11_NO_MITSHM': '1', 'ROS_ROOT': '/opt/ros/melodic/share/ros', 'PKG_CONFIG_PATH': '/home/ros/catkin_ws/devel/lib/pkgconfig:/opt/ros/melodic/lib/pkgconfig', 'LC_ALL': 'C.UTF-8', '_': '/opt/ros/melodic/bin/roslaunch', 'OLDPWD': '/home/ros', 'HOSTNAME': 'FM00351-u', 'PWD': '/home/ros/catkin_ws', 'ROS_ETC_DIR': '/opt/ros/melodic/etc/ros', 'ROS_VERSION': '1'}
[roslaunch][INFO] 2021-12-21 14:24:40,711: starting in server mode
[roslaunch.parent][INFO] 2021-12-21 14:24:40,711: starting roslaunch parent run
[roslaunch][INFO] 2021-12-21 14:24:40,711: loading roscore config file /opt/ros/melodic/etc/ros/roscore.xml
[roslaunch][INFO] 2021-12-21 14:24:40,918: Added core node of type [rosout/rosout] in namespace [/]
[roslaunch.config][INFO] 2021-12-21 14:24:40,918: loading config file /home/ros/catkin_ws/src/tactile_pressure_sensor/launch/run_tactile_pressure.launch
[roslaunch][INFO] 2021-12-21 14:24:40,919: Added node of type [rosserial_arduino/serial_node.py] in namespace [/sensor/]
[roslaunch][INFO] 2021-12-21 14:24:40,919: Added node of type [tactile_pressure_sensor/pressure_LocAndForceEstimation.py] in namespace [/sensor/]
[roslaunch][INFO] 2021-12-21 14:24:40,919: ... selected machine [] for node of type [rosserial_arduino/serial_node.py]
[roslaunch][INFO] 2021-12-21 14:24:40,919: ... selected machine [] for node of type [tactile_pressure_sensor/pressure_LocAndForceEstimation.py]
[roslaunch.pmon][INFO] 2021-12-21 14:24:40,920: start_process_monitor: creating ProcessMonitor
[roslaunch.pmon][INFO] 2021-12-21 14:24:40,920: created process monitor <ProcessMonitor(ProcessMonitor-1, initial daemon)>
[roslaunch.pmon][INFO] 2021-12-21 14:24:40,920: start_process_monitor: ProcessMonitor started
[roslaunch.parent][INFO] 2021-12-21 14:24:40,920: starting parent XML-RPC server
[roslaunch.server][INFO] 2021-12-21 14:24:40,920: starting roslaunch XML-RPC server
[roslaunch.server][INFO] 2021-12-21 14:24:40,920: waiting for roslaunch XML-RPC server to initialize
[xmlrpc][INFO] 2021-12-21 14:24:40,920: XML-RPC server binding to 0.0.0.0:0
[xmlrpc][INFO] 2021-12-21 14:24:40,920: Started XML-RPC server [http://FM00351-u:40801/]
[xmlrpc][INFO] 2021-12-21 14:24:40,921: xml rpc node: starting XML-RPC server
[roslaunch][INFO] 2021-12-21 14:24:40,932: started roslaunch server http://FM00351-u:40801/
[roslaunch.parent][INFO] 2021-12-21 14:24:40,932: ... parent XML-RPC server started
[roslaunch][INFO] 2021-12-21 14:24:40,932: master.is_running[http://localhost:11311]
[roslaunch][INFO] 2021-12-21 14:24:40,933: auto-starting new master
[roslaunch][INFO] 2021-12-21 14:24:40,933: create_master_process: rosmaster, /opt/ros/melodic/share/ros, 11311, 3, None, False
[roslaunch][INFO] 2021-12-21 14:24:40,933: process[master]: launching with args [['rosmaster', '--core', '-p', '11311', '-w', '3']]
[roslaunch.pmon][INFO] 2021-12-21 14:24:40,933: ProcessMonitor.register[master]
[roslaunch.pmon][INFO] 2021-12-21 14:24:40,933: ProcessMonitor.register[master] complete
[roslaunch][INFO] 2021-12-21 14:24:40,933: process[master]: starting os process
[roslaunch][INFO] 2021-12-21 14:24:40,933: process[master]: start w/ args [['rosmaster', '--core', '-p', '11311', '-w', '3', '__log:=/home/ros/.ros/log/bc005e26-6269-11ec-a950-7c507959f385/master.log']]
[roslaunch][INFO] 2021-12-21 14:24:40,933: process[master]: cwd will be [/home/ros/.ros]
[roslaunch][INFO] 2021-12-21 14:24:40,999: process[master]: started with pid [1751]
[roslaunch][INFO] 2021-12-21 14:24:40,999: master.is_running[http://localhost:11311]
[roslaunch][INFO] 2021-12-21 14:24:41,100: master.is_running[http://localhost:11311]
[roslaunch][INFO] 2021-12-21 14:24:41,200: master.is_running[http://localhost:11311]
[roslaunch][INFO] 2021-12-21 14:24:41,204: master.is_running[http://localhost:11311]
[roslaunch][INFO] 2021-12-21 14:24:41,206: ROS_MASTER_URI=http://localhost:11311
[roslaunch][INFO] 2021-12-21 14:24:41,208: setting /run_id to bc005e26-6269-11ec-a950-7c507959f385
[roslaunch][INFO] 2021-12-21 14:24:41,210: setting /roslaunch/uris/host_fm00351_u__40801' to http://FM00351-u:40801/
[roslaunch][INFO] 2021-12-21 14:24:41,211: ... preparing to launch node of type [rosout/rosout]
[roslaunch][INFO] 2021-12-21 14:24:41,212: create_node_process: package[rosout] type[rosout] machine[Machine(name[] env_loader[None] address[localhost] ssh_port[22] user[None] assignable[True] timeout[10.0])] master_uri[http://localhost:11311]
[roslaunch][INFO] 2021-12-21 14:24:41,212: process[rosout-1]: env[{'ROS_DISTRO': 'melodic', 'ROSLISP_PACKAGE_DIRECTORIES': '/home/ros/catkin_ws/devel/share/common-lisp', 'LD_LIBRARY_PATH': '/home/ros/catkin_ws/devel/lib:/opt/ros/melodic/lib', 'ROS_PACKAGE_PATH': '/home/ros/catkin_ws/src:/opt/ros/melodic/share', 'PATH': '/opt/ros/melodic/bin:/usr/local/sbin:/usr/local/bin:/usr/sbin:/usr/bin:/sbin:/bin', 'CMAKE_PREFIX_PATH': '/home/ros/catkin_ws/devel:/opt/ros/melodic', 'ROS_LOG_FILENAME': '/home/ros/.ros/log/bc005e26-6269-11ec-a950-7c507959f385/roslaunch-FM00351-u-1741.log', 'LANG': 'C.UTF-8', 'TERM': 'xterm', 'SHLVL': '1', 'DISPLAY': ':0', 'UNAME': 'ros', 'ROS_ETC_DIR': '/opt/ros/melodic/etc/ros', 'HOME': '/home/ros', 'ROS_PYTHON_VERSION': '2', 'PYTHONPATH': '/home/ros/catkin_ws/devel/lib/python2.7/dist-packages:/opt/ros/melodic/lib/python2.7/dist-packages', 'QT_X11_NO_MITSHM': '1', 'ROS_ROOT': '/opt/ros/melodic/share/ros', 'PKG_CONFIG_PATH': '/home/ros/catkin_ws/devel/lib/pkgconfig:/opt/ros/melodic/lib/pkgconfig', 'LC_ALL': 'C.UTF-8', '_': '/opt/ros/melodic/bin/roslaunch', 'OLDPWD': '/home/ros', 'HOSTNAME': 'FM00351-u', 'PWD': '/home/ros/catkin_ws', 'ROS_MASTER_URI': 'http://localhost:11311', 'ROS_VERSION': '1'}]
[roslaunch][INFO] 2021-12-21 14:24:41,238: process[rosout-1]: args[[u'/opt/ros/melodic/lib/rosout/rosout', u'__name:=rosout']]
[roslaunch][INFO] 2021-12-21 14:24:41,238: ... created process [rosout-1]
[roslaunch.pmon][INFO] 2021-12-21 14:24:41,238: ProcessMonitor.register[rosout-1]
[roslaunch.pmon][INFO] 2021-12-21 14:24:41,238: ProcessMonitor.register[rosout-1] complete
[roslaunch][INFO] 2021-12-21 14:24:41,239: ... registered process [rosout-1]
[roslaunch][INFO] 2021-12-21 14:24:41,239: process[rosout-1]: starting os process
[roslaunch][INFO] 2021-12-21 14:24:41,239: process[rosout-1]: start w/ args [[u'/opt/ros/melodic/lib/rosout/rosout', u'__name:=rosout', u'__log:=/home/ros/.ros/log/bc005e26-6269-11ec-a950-7c507959f385/rosout-1.log']]
[roslaunch][INFO] 2021-12-21 14:24:41,239: process[rosout-1]: cwd will be [/home/ros/.ros]
[roslaunch][INFO] 2021-12-21 14:24:41,304: process[rosout-1]: started with pid [1762]
[roslaunch][INFO] 2021-12-21 14:24:41,304: ... successfully launched [rosout-1]
[roslaunch][INFO] 2021-12-21 14:24:41,305: load_parameters starting ...
[roslaunch][INFO] 2021-12-21 14:24:41,307: ... load_parameters complete
[roslaunch][INFO] 2021-12-21 14:24:41,307: launch_nodes: launching local nodes ...
[roslaunch][INFO] 2021-12-21 14:24:41,307: ... preparing to launch node of type [rosserial_arduino/serial_node.py]
[roslaunch][INFO] 2021-12-21 14:24:41,307: create_node_process: package[rosserial_arduino] type[serial_node.py] machine[Machine(name[] env_loader[None] address[localhost] ssh_port[22] user[None] assignable[True] timeout[10.0])] master_uri[http://localhost:11311]
[roslaunch][INFO] 2021-12-21 14:24:41,307: process[sensor/tactile_pressure-2]: env[{'ROS_DISTRO': 'melodic', 'ROSLISP_PACKAGE_DIRECTORIES': '/home/ros/catkin_ws/devel/share/common-lisp', 'LD_LIBRARY_PATH': '/home/ros/catkin_ws/devel/lib:/opt/ros/melodic/lib', 'ROS_PACKAGE_PATH': '/home/ros/catkin_ws/src:/opt/ros/melodic/share', 'PATH': '/opt/ros/melodic/bin:/usr/local/sbin:/usr/local/bin:/usr/sbin:/usr/bin:/sbin:/bin', 'CMAKE_PREFIX_PATH': '/home/ros/catkin_ws/devel:/opt/ros/melodic', 'ROS_LOG_FILENAME': '/home/ros/.ros/log/bc005e26-6269-11ec-a950-7c507959f385/roslaunch-FM00351-u-1741.log', 'LANG': 'C.UTF-8', 'TERM': 'xterm', 'SHLVL': '1', 'DISPLAY': ':0', 'UNAME': 'ros', 'ROS_ETC_DIR': '/opt/ros/melodic/etc/ros', 'HOME': '/home/ros', 'ROS_PYTHON_VERSION': '2', 'PYTHONPATH': '/home/ros/catkin_ws/devel/lib/python2.7/dist-packages:/opt/ros/melodic/lib/python2.7/dist-packages', 'QT_X11_NO_MITSHM': '1', 'ROS_ROOT': '/opt/ros/melodic/share/ros', 'PKG_CONFIG_PATH': '/home/ros/catkin_ws/devel/lib/pkgconfig:/opt/ros/melodic/lib/pkgconfig', 'LC_ALL': 'C.UTF-8', 'ROS_NAMESPACE': '/sensor', '_': '/opt/ros/melodic/bin/roslaunch', 'OLDPWD': '/home/ros', 'HOSTNAME': 'FM00351-u', 'PWD': '/home/ros/catkin_ws', 'ROS_MASTER_URI': 'http://localhost:11311', 'ROS_VERSION': '1'}]
[roslaunch][INFO] 2021-12-21 14:24:41,308: process[sensor/tactile_pressure-2]: args[[u'/home/ros/catkin_ws/src/rosserial/rosserial_arduino/nodes/serial_node.py', u'/sensor/Pressure:=/sensor/pressure_data', u'__name:=tactile_pressure']]
[roslaunch][INFO] 2021-12-21 14:24:41,308: ... created process [sensor/tactile_pressure-2]
[roslaunch.pmon][INFO] 2021-12-21 14:24:41,308: ProcessMonitor.register[sensor/tactile_pressure-2]
[roslaunch.pmon][INFO] 2021-12-21 14:24:41,308: ProcessMonitor.register[sensor/tactile_pressure-2] complete
[roslaunch][INFO] 2021-12-21 14:24:41,308: ... registered process [sensor/tactile_pressure-2]
[roslaunch][INFO] 2021-12-21 14:24:41,308: process[sensor/tactile_pressure-2]: starting os process
[roslaunch][INFO] 2021-12-21 14:24:41,308: process[sensor/tactile_pressure-2]: start w/ args [[u'/home/ros/catkin_ws/src/rosserial/rosserial_arduino/nodes/serial_node.py', u'/sensor/Pressure:=/sensor/pressure_data', u'__name:=tactile_pressure', u'__log:=/home/ros/.ros/log/bc005e26-6269-11ec-a950-7c507959f385/sensor-tactile_pressure-2.log']]
[roslaunch][INFO] 2021-12-21 14:24:41,308: process[sensor/tactile_pressure-2]: cwd will be [/home/ros/.ros]
[roslaunch][INFO] 2021-12-21 14:24:41,374: process[sensor/tactile_pressure-2]: started with pid [1765]
[roslaunch][INFO] 2021-12-21 14:24:41,374: ... successfully launched [sensor/tactile_pressure-2]
[roslaunch][INFO] 2021-12-21 14:24:41,374: ... preparing to launch node of type [tactile_pressure_sensor/pressure_LocAndForceEstimation.py]
[roslaunch][INFO] 2021-12-21 14:24:41,374: create_node_process: package[tactile_pressure_sensor] type[pressure_LocAndForceEstimation.py] machine[Machine(name[] env_loader[None] address[localhost] ssh_port[22] user[None] assignable[True] timeout[10.0])] master_uri[http://localhost:11311]
[roslaunch][INFO] 2021-12-21 14:24:41,374: process[sensor/process_tactile_pressure-3]: env[{'ROS_DISTRO': 'melodic', 'ROSLISP_PACKAGE_DIRECTORIES': '/home/ros/catkin_ws/devel/share/common-lisp', 'LD_LIBRARY_PATH': '/home/ros/catkin_ws/devel/lib:/opt/ros/melodic/lib', 'ROS_PACKAGE_PATH': '/home/ros/catkin_ws/src:/opt/ros/melodic/share', 'PATH': '/opt/ros/melodic/bin:/usr/local/sbin:/usr/local/bin:/usr/sbin:/usr/bin:/sbin:/bin', 'CMAKE_PREFIX_PATH': '/home/ros/catkin_ws/devel:/opt/ros/melodic', 'ROS_LOG_FILENAME': '/home/ros/.ros/log/bc005e26-6269-11ec-a950-7c507959f385/roslaunch-FM00351-u-1741.log', 'LANG': 'C.UTF-8', 'TERM': 'xterm', 'SHLVL': '1', 'DISPLAY': ':0', 'UNAME': 'ros', 'ROS_ETC_DIR': '/opt/ros/melodic/etc/ros', 'HOME': '/home/ros', 'ROS_PYTHON_VERSION': '2', 'PYTHONPATH': '/home/ros/catkin_ws/devel/lib/python2.7/dist-packages:/opt/ros/melodic/lib/python2.7/dist-packages', 'QT_X11_NO_MITSHM': '1', 'ROS_ROOT': '/opt/ros/melodic/share/ros', 'PKG_CONFIG_PATH': '/home/ros/catkin_ws/devel/lib/pkgconfig:/opt/ros/melodic/lib/pkgconfig', 'LC_ALL': 'C.UTF-8', 'ROS_NAMESPACE': '/sensor', '_': '/opt/ros/melodic/bin/roslaunch', 'OLDPWD': '/home/ros', 'HOSTNAME': 'FM00351-u', 'PWD': '/home/ros/catkin_ws', 'ROS_MASTER_URI': 'http://localhost:11311', 'ROS_VERSION': '1'}]
[roslaunch][INFO] 2021-12-21 14:24:41,375: process[sensor/process_tactile_pressure-3]: args[[u'/home/ros/catkin_ws/src/tactile_pressure_sensor/src/pressure_LocAndForceEstimation.py', u'/sensor/pressure_data:=/sensor/pressure_data', u'estimated_ForceAndLoc:=/sensor/estimated_ForceAndLoc', u'__name:=process_tactile_pressure']]
[roslaunch][INFO] 2021-12-21 14:24:41,375: ... created process [sensor/process_tactile_pressure-3]
[roslaunch.pmon][INFO] 2021-12-21 14:24:41,375: ProcessMonitor.register[sensor/process_tactile_pressure-3]
[roslaunch.pmon][INFO] 2021-12-21 14:24:41,375: ProcessMonitor.register[sensor/process_tactile_pressure-3] complete
[roslaunch][INFO] 2021-12-21 14:24:41,375: ... registered process [sensor/process_tactile_pressure-3]
[roslaunch][INFO] 2021-12-21 14:24:41,375: process[sensor/process_tactile_pressure-3]: starting os process
[roslaunch][INFO] 2021-12-21 14:24:41,375: process[sensor/process_tactile_pressure-3]: start w/ args [[u'/home/ros/catkin_ws/src/tactile_pressure_sensor/src/pressure_LocAndForceEstimation.py', u'/sensor/pressure_data:=/sensor/pressure_data', u'estimated_ForceAndLoc:=/sensor/estimated_ForceAndLoc', u'__name:=process_tactile_pressure', u'__log:=/home/ros/.ros/log/bc005e26-6269-11ec-a950-7c507959f385/sensor-process_tactile_pressure-3.log']]
[roslaunch][INFO] 2021-12-21 14:24:41,375: process[sensor/process_tactile_pressure-3]: cwd will be [/home/ros/.ros]
[roslaunch][INFO] 2021-12-21 14:24:41,440: process[sensor/process_tactile_pressure-3]: started with pid [1770]
[roslaunch][INFO] 2021-12-21 14:24:41,440: ... successfully launched [sensor/process_tactile_pressure-3]
[roslaunch][INFO] 2021-12-21 14:24:41,440: ... launch_nodes complete
[roslaunch.pmon][INFO] 2021-12-21 14:24:41,440: registrations completed <ProcessMonitor(ProcessMonitor-1, started daemon 140605874300672)>
[roslaunch.parent][INFO] 2021-12-21 14:24:41,440: ... roslaunch parent running, waiting for process exit
[roslaunch][INFO] 2021-12-21 14:24:41,440: spin
[roslaunch][INFO] 2021-12-21 14:24:45,631: [sensor/process_tactile_pressure-3] process has finished cleanly
log file: /home/ros/.ros/log/bc005e26-6269-11ec-a950-7c507959f385/sensor-process_tactile_pressure-3*.log
[roslaunch.pmon][INFO] 2021-12-21 14:24:45,632: ProcessMonitor.unregister[sensor/process_tactile_pressure-3] starting
[roslaunch.pmon][INFO] 2021-12-21 14:24:45,632: ProcessMonitor.unregister[sensor/process_tactile_pressure-3] complete
[roslaunch.pmon][INFO] 2021-12-21 14:34:13,683: ProcessMonitor.shutdown <ProcessMonitor(ProcessMonitor-1, started daemon 140605874300672)>
[roslaunch.pmon][INFO] 2021-12-21 14:34:13,711: ProcessMonitor._post_run <ProcessMonitor(ProcessMonitor-1, started daemon 140605874300672)>
[roslaunch.pmon][INFO] 2021-12-21 14:34:13,712: ProcessMonitor._post_run <ProcessMonitor(ProcessMonitor-1, started daemon 140605874300672)>: remaining procs are [<roslaunch.nodeprocess.LocalProcess object at 0x7fe15b5b2d50>, <roslaunch.nodeprocess.LocalProcess object at 0x7fe15ba4dc90>, <roslaunch.nodeprocess.LocalProcess object at 0x7fe15b5b2f90>]
[roslaunch.pmon][INFO] 2021-12-21 14:34:13,712: ProcessMonitor exit: killing sensor/tactile_pressure-2
[roslaunch][INFO] 2021-12-21 14:34:13,713: [sensor/tactile_pressure-2] killing on exit
[roslaunch][INFO] 2021-12-21 14:34:13,713: process[sensor/tactile_pressure-2]: killing os process with pid[1765] pgid[1765]
[roslaunch][INFO] 2021-12-21 14:34:13,713: [sensor/tactile_pressure-2] sending SIGINT to pgid [1765]
[roslaunch][INFO] 2021-12-21 14:34:13,714: [sensor/tactile_pressure-2] sent SIGINT to pgid [1765]
[roslaunch][INFO] 2021-12-21 14:34:13,915: process[sensor/tactile_pressure-2]: SIGINT killed with return value 0
[roslaunch.pmon][INFO] 2021-12-21 14:34:13,915: ProcessMonitor exit: killing rosout-1
[roslaunch][INFO] 2021-12-21 14:34:13,915: [rosout-1] killing on exit
[roslaunch][INFO] 2021-12-21 14:34:13,915: process[rosout-1]: killing os process with pid[1762] pgid[1762]
[roslaunch][INFO] 2021-12-21 14:34:13,915: [rosout-1] sending SIGINT to pgid [1762]
[roslaunch][INFO] 2021-12-21 14:34:13,915: [rosout-1] sent SIGINT to pgid [1762]
[roslaunch][INFO] 2021-12-21 14:34:14,116: process[rosout-1]: SIGINT killed with return value 0
[roslaunch.pmon][INFO] 2021-12-21 14:34:14,116: ProcessMonitor exit: killing master
[roslaunch][INFO] 2021-12-21 14:34:14,116: [master] killing on exit
[roslaunch][INFO] 2021-12-21 14:34:14,116: process[master]: killing os process with pid[1751] pgid[1751]
[roslaunch][INFO] 2021-12-21 14:34:14,117: [master] sending SIGINT to pgid [1751]
[roslaunch][INFO] 2021-12-21 14:34:14,117: [master] sent SIGINT to pgid [1751]
[roslaunch][INFO] 2021-12-21 14:34:14,317: process[master]: SIGINT killed with return value 0
[roslaunch.pmon][INFO] 2021-12-21 14:34:14,318: ProcessMonitor exit: cleaning up data structures and signals
[roslaunch.pmon][INFO] 2021-12-21 14:34:14,318: ProcessMonitor exit: pmon has shutdown
[roslaunch][INFO] 2021-12-21 14:34:14,349: process monitor is done spinning, initiating full shutdown
[roslaunch][INFO] 2021-12-21 14:34:14,349: runner.stop()
[roslaunch][INFO] 2021-12-21 14:34:14,349: shutting down processing monitor...
[roslaunch][INFO] 2021-12-21 14:34:14,349: shutting down processing monitor <ProcessMonitor(ProcessMonitor-1, stopped daemon 140605874300672)>
[roslaunch.pmon][INFO] 2021-12-21 14:34:14,349: ProcessMonitor.shutdown <ProcessMonitor(ProcessMonitor-1, stopped daemon 140605874300672)>
[roslaunch][INFO] 2021-12-21 14:34:14,349: ... shutting down processing monitor complete
[roslaunch][INFO] 2021-12-21 14:34:14,350: done
[roslaunch.pmon][INFO] 2021-12-21 14:34:14,350: ProcessMonitor.shutdown <ProcessMonitor(ProcessMonitor-1, stopped daemon 140605874300672)>
[rospy.core][INFO] 2021-12-21 14:34:14,350: signal_shutdown [atexit]
