[INFO] [1640096681.655411]: ROS Serial Python Node
[INFO] [1640096681.657672]: Connecting to /dev/ttyUSB0 at 57600 baud
[INFO] [1640096683.762957]: Requesting topics...
[INFO] [1640096698.766818]: Requesting topics...
[INFO] [1640096713.771582]: Requesting topics...
[INFO] [1640096728.775339]: Requesting topics...
[INFO] [1640096743.779887]: Requesting topics...
[INFO] [1640096758.784948]: Requesting topics...
[INFO] [1640096773.787543]: Requesting topics...
[INFO] [1640096788.789435]: Requesting topics...
[INFO] [1640096803.794392]: Requesting topics...
[INFO] [1640096818.798060]: Requesting topics...
[INFO] [1640096833.804360]: Requesting topics...
[INFO] [1640096848.812798]: Requesting topics...
[INFO] [1640096863.816815]: Requesting topics...
[INFO] [1640096878.820994]: Requesting topics...
[INFO] [1640096893.827838]: Requesting topics...
[INFO] [1640096908.834395]: Requesting topics...
[INFO] [1640096923.840979]: Requesting topics...
[INFO] [1640096938.847535]: Requesting topics...
[INFO] [1640096953.852807]: Requesting topics...
[INFO] [1640096968.856832]: Requesting topics...
[INFO] [1640096983.860449]: Requesting topics...
[INFO] [1640096998.864146]: Requesting topics...
[INFO] [1640097013.867002]: Requesting topics...
[INFO] [1640097028.870114]: Requesting topics...
[INFO] [1640097043.872815]: Requesting topics...
[INFO] [1640097058.878129]: Requesting topics...
[INFO] [1640097073.882523]: Requesting topics...
[INFO] [1640097088.887414]: Requesting topics...
[INFO] [1640097103.890779]: Requesting topics...
[INFO] [1640097118.893206]: Requesting topics...
[INFO] [1640097133.897613]: Requesting topics...
[INFO] [1640097148.901628]: Requesting topics...
[INFO] [1640097163.903476]: Requesting topics...
[INFO] [1640097178.906356]: Requesting topics...
[INFO] [1640097193.911427]: Requesting topics...
[INFO] [1640097208.915598]: Requesting topics...
[INFO] [1640097223.928457]: Requesting topics...
[INFO] [1640097238.935159]: Requesting topics...
[INFO] [1640097253.714916]: Sending tx stop request
[INFO] [1640097253.717152]: shutdown hook activated
