[rospy.client][INFO] 2021-12-21 14:24:41,540: init_node, name[/sensor/tactile_pressure], pid[1765]
[xmlrpc][INFO] 2021-12-21 14:24:41,549: XML-RPC server binding to 0.0.0.0:0
[xmlrpc][INFO] 2021-12-21 14:24:41,549: Started XML-RPC server [http://FM00351-u:44967/]
[rospy.impl.masterslave][INFO] 2021-12-21 14:24:41,549: _ready: http://FM00351-u:44967/
[rospy.init][INFO] 2021-12-21 14:24:41,550: ROS Slave URI: [http://FM00351-u:44967/]
[rospy.registration][INFO] 2021-12-21 14:24:41,554: Registering with master node http://localhost:11311
[xmlrpc][INFO] 2021-12-21 14:24:41,554: xml rpc node: starting XML-RPC server
[rospy.init][INFO] 2021-12-21 14:24:41,651: registered with master
[rospy.rosout][INFO] 2021-12-21 14:24:41,651: initializing /rosout core topic
[rospy.rosout][INFO] 2021-12-21 14:24:41,653: connected to core topic /rosout
[rospy.simtime][INFO] 2021-12-21 14:24:41,654: /use_sim_time is not set, will not subscribe to simulated time [/clock] topic
[rosout][INFO] 2021-12-21 14:24:41,655: ROS Serial Python Node
[rosout][INFO] 2021-12-21 14:24:41,657: Connecting to /dev/ttyUSB0 at 57600 baud
[rospy.internal][INFO] 2021-12-21 14:24:42,036: topic[/rosout] adding connection to [/rosout], count 0
[rosout][INFO] 2021-12-21 14:24:43,762: Requesting topics...
[rosout][ERROR] 2021-12-21 14:24:58,765: Unable to sync with device; possible link problem or link software version mismatch such as hydro rosserial_python with groovy Arduino
[rosout][INFO] 2021-12-21 14:24:58,766: Requesting topics...
[rosout][ERROR] 2021-12-21 14:25:13,768: Unable to sync with device; possible link problem or link software version mismatch such as hydro rosserial_python with groovy Arduino
[rosout][INFO] 2021-12-21 14:25:13,771: Requesting topics...
[rosout][ERROR] 2021-12-21 14:25:28,774: Unable to sync with device; possible link problem or link software version mismatch such as hydro rosserial_python with groovy Arduino
[rosout][INFO] 2021-12-21 14:25:28,775: Requesting topics...
[rosout][ERROR] 2021-12-21 14:25:43,776: Unable to sync with device; possible link problem or link software version mismatch such as hydro rosserial_python with groovy Arduino
[rosout][INFO] 2021-12-21 14:25:43,779: Requesting topics...
[rosout][ERROR] 2021-12-21 14:25:58,783: Unable to sync with device; possible link problem or link software version mismatch such as hydro rosserial_python with groovy Arduino
[rosout][INFO] 2021-12-21 14:25:58,784: Requesting topics...
[rosout][ERROR] 2021-12-21 14:26:13,786: Unable to sync with device; possible link problem or link software version mismatch such as hydro rosserial_python with groovy Arduino
[rosout][INFO] 2021-12-21 14:26:13,787: Requesting topics...
[rosout][ERROR] 2021-12-21 14:26:28,788: Unable to sync with device; possible link problem or link software version mismatch such as hydro rosserial_python with groovy Arduino
[rosout][INFO] 2021-12-21 14:26:28,789: Requesting topics...
[rosout][ERROR] 2021-12-21 14:26:43,790: Unable to sync with device; possible link problem or link software version mismatch such as hydro rosserial_python with groovy Arduino
[rosout][INFO] 2021-12-21 14:26:43,794: Requesting topics...
[rosout][ERROR] 2021-12-21 14:26:58,797: Unable to sync with device; possible link problem or link software version mismatch such as hydro rosserial_python with groovy Arduino
[rosout][INFO] 2021-12-21 14:26:58,798: Requesting topics...
[rosout][ERROR] 2021-12-21 14:27:13,798: Unable to sync with device; possible link problem or link software version mismatch such as hydro rosserial_python with groovy Arduino
[rosout][INFO] 2021-12-21 14:27:13,804: Requesting topics...
[rosout][ERROR] 2021-12-21 14:27:28,809: Unable to sync with device; possible link problem or link software version mismatch such as hydro rosserial_python with groovy Arduino
[rosout][INFO] 2021-12-21 14:27:28,812: Requesting topics...
[rosout][ERROR] 2021-12-21 14:27:43,815: Unable to sync with device; possible link problem or link software version mismatch such as hydro rosserial_python with groovy Arduino
[rosout][INFO] 2021-12-21 14:27:43,816: Requesting topics...
[rosout][ERROR] 2021-12-21 14:27:58,817: Unable to sync with device; possible link problem or link software version mismatch such as hydro rosserial_python with groovy Arduino
[rosout][INFO] 2021-12-21 14:27:58,820: Requesting topics...
[rosout][ERROR] 2021-12-21 14:28:13,824: Unable to sync with device; possible link problem or link software version mismatch such as hydro rosserial_python with groovy Arduino
[rosout][INFO] 2021-12-21 14:28:13,827: Requesting topics...
[rosout][ERROR] 2021-12-21 14:28:28,831: Unable to sync with device; possible link problem or link software version mismatch such as hydro rosserial_python with groovy Arduino
[rosout][INFO] 2021-12-21 14:28:28,834: Requesting topics...
[rosout][ERROR] 2021-12-21 14:28:43,837: Unable to sync with device; possible link problem or link software version mismatch such as hydro rosserial_python with groovy Arduino
[rosout][INFO] 2021-12-21 14:28:43,840: Requesting topics...
[rosout][ERROR] 2021-12-21 14:28:58,844: Unable to sync with device; possible link problem or link software version mismatch such as hydro rosserial_python with groovy Arduino
[rosout][INFO] 2021-12-21 14:28:58,847: Requesting topics...
[rosout][ERROR] 2021-12-21 14:29:13,849: Unable to sync with device; possible link problem or link software version mismatch such as hydro rosserial_python with groovy Arduino
[rosout][INFO] 2021-12-21 14:29:13,852: Requesting topics...
[rosout][ERROR] 2021-12-21 14:29:28,855: Unable to sync with device; possible link problem or link software version mismatch such as hydro rosserial_python with groovy Arduino
[rosout][INFO] 2021-12-21 14:29:28,856: Requesting topics...
[rosout][ERROR] 2021-12-21 14:29:43,857: Unable to sync with device; possible link problem or link software version mismatch such as hydro rosserial_python with groovy Arduino
[rosout][INFO] 2021-12-21 14:29:43,860: Requesting topics...
[rosout][ERROR] 2021-12-21 14:29:58,863: Unable to sync with device; possible link problem or link software version mismatch such as hydro rosserial_python with groovy Arduino
[rosout][INFO] 2021-12-21 14:29:58,864: Requesting topics...
[rosout][ERROR] 2021-12-21 14:30:13,865: Unable to sync with device; possible link problem or link software version mismatch such as hydro rosserial_python with groovy Arduino
[rosout][INFO] 2021-12-21 14:30:13,866: Requesting topics...
[rosout][ERROR] 2021-12-21 14:30:28,868: Unable to sync with device; possible link problem or link software version mismatch such as hydro rosserial_python with groovy Arduino
[rosout][INFO] 2021-12-21 14:30:28,870: Requesting topics...
[rosout][ERROR] 2021-12-21 14:30:43,871: Unable to sync with device; possible link problem or link software version mismatch such as hydro rosserial_python with groovy Arduino
[rosout][INFO] 2021-12-21 14:30:43,872: Requesting topics...
[rosout][ERROR] 2021-12-21 14:30:58,875: Unable to sync with device; possible link problem or link software version mismatch such as hydro rosserial_python with groovy Arduino
[rosout][INFO] 2021-12-21 14:30:58,878: Requesting topics...
[rosout][ERROR] 2021-12-21 14:31:13,881: Unable to sync with device; possible link problem or link software version mismatch such as hydro rosserial_python with groovy Arduino
[rosout][INFO] 2021-12-21 14:31:13,882: Requesting topics...
[rosout][ERROR] 2021-12-21 14:31:28,884: Unable to sync with device; possible link problem or link software version mismatch such as hydro rosserial_python with groovy Arduino
[rosout][INFO] 2021-12-21 14:31:28,887: Requesting topics...
[rosout][ERROR] 2021-12-21 14:31:43,889: Unable to sync with device; possible link problem or link software version mismatch such as hydro rosserial_python with groovy Arduino
[rosout][INFO] 2021-12-21 14:31:43,890: Requesting topics...
[rosout][ERROR] 2021-12-21 14:31:58,892: Unable to sync with device; possible link problem or link software version mismatch such as hydro rosserial_python with groovy Arduino
[rosout][INFO] 2021-12-21 14:31:58,893: Requesting topics...
[rosout][ERROR] 2021-12-21 14:32:13,894: Unable to sync with device; possible link problem or link software version mismatch such as hydro rosserial_python with groovy Arduino
[rosout][INFO] 2021-12-21 14:32:13,897: Requesting topics...
[rosout][ERROR] 2021-12-21 14:32:28,900: Unable to sync with device; possible link problem or link software version mismatch such as hydro rosserial_python with groovy Arduino
[rosout][INFO] 2021-12-21 14:32:28,901: Requesting topics...
[rosout][ERROR] 2021-12-21 14:32:43,902: Unable to sync with device; possible link problem or link software version mismatch such as hydro rosserial_python with groovy Arduino
[rosout][INFO] 2021-12-21 14:32:43,903: Requesting topics...
[rosout][ERROR] 2021-12-21 14:32:58,905: Unable to sync with device; possible link problem or link software version mismatch such as hydro rosserial_python with groovy Arduino
[rosout][INFO] 2021-12-21 14:32:58,906: Requesting topics...
[rosout][ERROR] 2021-12-21 14:33:13,908: Unable to sync with device; possible link problem or link software version mismatch such as hydro rosserial_python with groovy Arduino
[rosout][INFO] 2021-12-21 14:33:13,911: Requesting topics...
[rosout][ERROR] 2021-12-21 14:33:28,914: Unable to sync with device; possible link problem or link software version mismatch such as hydro rosserial_python with groovy Arduino
[rosout][INFO] 2021-12-21 14:33:28,915: Requesting topics...
[rosout][ERROR] 2021-12-21 14:33:43,923: Unable to sync with device; possible link problem or link software version mismatch such as hydro rosserial_python with groovy Arduino
[rosout][INFO] 2021-12-21 14:33:43,928: Requesting topics...
[rosout][ERROR] 2021-12-21 14:33:58,932: Unable to sync with device; possible link problem or link software version mismatch such as hydro rosserial_python with groovy Arduino
[rosout][INFO] 2021-12-21 14:33:58,935: Requesting topics...
[rospy.core][INFO] 2021-12-21 14:34:13,714: signal_shutdown [signal-2]
[rosout][INFO] 2021-12-21 14:34:13,714: Sending tx stop request
[rosout][INFO] 2021-12-21 14:34:13,717: shutdown hook activated
[rospy.internal][INFO] 2021-12-21 14:34:13,721: topic[/rosout] removing connection to /rosout
[rospy.impl.masterslave][INFO] 2021-12-21 14:34:13,721: signal-2
[rospy.core][INFO] 2021-12-21 14:34:13,886: signal_shutdown [atexit]
