[rosmaster.main][INFO] 2022-02-23 11:04:50,438: initialization complete, waiting for shutdown
[rosmaster.main][INFO] 2022-02-23 11:04:50,438: Starting ROS Master Node
[xmlrpc][INFO] 2022-02-23 11:04:50,439: XML-RPC server binding to 0.0.0.0:11311
[xmlrpc][INFO] 2022-02-23 11:04:50,440: Started XML-RPC server [http://FM00351-u:11311/]
[xmlrpc][INFO] 2022-02-23 11:04:50,440: xml rpc node: starting XML-RPC server
[rosmaster.master][INFO] 2022-02-23 11:04:50,440: Master initialized: port[11311], uri[http://FM00351-u:11311/]
[rosmaster.master][INFO] 2022-02-23 11:04:50,469: +PARAM [/run_id] by /roslaunch
[rosmaster.master][INFO] 2022-02-23 11:04:50,470: +PARAM [/roslaunch/uris/host_fm00351_u__41069] by /roslaunch
[rosmaster.master][INFO] 2022-02-23 11:04:50,738: +PARAM [/rosversion] by /roslaunch
[rosmaster.master][INFO] 2022-02-23 11:04:50,738: +PARAM [/rosdistro] by /roslaunch
[rosmaster.master][INFO] 2022-02-23 11:04:50,743: +SERVICE [/rosout/get_loggers] /rosout http://FM00351-u:42455/
[rosmaster.master][INFO] 2022-02-23 11:04:50,743: +SERVICE [/rosout/set_logger_level] /rosout http://FM00351-u:42455/
[rosmaster.master][INFO] 2022-02-23 11:04:50,744: +PUB [/rosout_agg] /rosout http://FM00351-u:42455/
[rosmaster.master][INFO] 2022-02-23 11:04:50,745: +SUB [/rosout] /rosout http://FM00351-u:42455/
[rosmaster.master][INFO] 2022-02-23 11:04:51,353: +PUB [/rosout] /Robotiq2FGripperSlipController http://FM00351-u:33947/
[rosmaster.master][INFO] 2022-02-23 11:04:51,357: +SERVICE [/Robotiq2FGripperSlipController/get_loggers] /Robotiq2FGripperSlipController http://FM00351-u:33947/
[rosmaster.master][INFO] 2022-02-23 11:04:51,359: +SERVICE [/Robotiq2FGripperSlipController/set_logger_level] /Robotiq2FGripperSlipController http://FM00351-u:33947/
[rosmaster.master][INFO] 2022-02-23 11:04:51,361: +PUB [/Robotiq2FGripperRobotOutput] /Robotiq2FGripperSlipController http://FM00351-u:33947/
[rosmaster.master][INFO] 2022-02-23 11:04:51,371: +PUB [/rosout] /Robotiq2FGripperRtuNode http://FM00351-u:45805/
[rosmaster.master][INFO] 2022-02-23 11:04:51,375: +SERVICE [/Robotiq2FGripperRtuNode/get_loggers] /Robotiq2FGripperRtuNode http://FM00351-u:45805/
[rosmaster.master][INFO] 2022-02-23 11:04:51,377: +SERVICE [/Robotiq2FGripperRtuNode/set_logger_level] /Robotiq2FGripperRtuNode http://FM00351-u:45805/
[rosmaster.master][INFO] 2022-02-23 11:04:51,378: +PUB [/Robotiq2FGripperRobotInput] /Robotiq2FGripperRtuNode http://FM00351-u:45805/
[rosmaster.master][INFO] 2022-02-23 11:04:51,382: +SUB [/Robotiq2FGripperRobotOutput] /Robotiq2FGripperRtuNode http://FM00351-u:45805/
[rosmaster.master][INFO] 2022-02-23 11:04:51,441: publisherUpdate[/rosout] -> http://FM00351-u:42455/ ['http://FM00351-u:33947/']
[rosmaster.master][INFO] 2022-02-23 11:04:51,463: publisherUpdate[/rosout] -> http://FM00351-u:42455/ ['http://FM00351-u:33947/']: sec=0.02, result=[1, '', 0]
[rosmaster.master][INFO] 2022-02-23 11:04:51,463: publisherUpdate[/rosout] -> http://FM00351-u:42455/ ['http://FM00351-u:33947/', 'http://FM00351-u:45805/']
[rosmaster.master][INFO] 2022-02-23 11:04:51,463: publisherUpdate[/rosout] -> http://FM00351-u:42455/ ['http://FM00351-u:33947/', 'http://FM00351-u:45805/']: sec=0.00, result=[1, '', 0]
[rosmaster.master][INFO] 2022-02-23 11:06:26,473: -PUB [/rosout] /Robotiq2FGripperSlipController http://FM00351-u:33947/
[rosmaster.master][INFO] 2022-02-23 11:06:26,474: -SUB [/Robotiq2FGripperRobotOutput] /Robotiq2FGripperRtuNode http://FM00351-u:45805/
[rosmaster.master][INFO] 2022-02-23 11:06:26,474: -PUB [/Robotiq2FGripperRobotOutput] /Robotiq2FGripperSlipController http://FM00351-u:33947/
[rosmaster.master][INFO] 2022-02-23 11:06:26,474: -PUB [/Robotiq2FGripperRobotInput] /Robotiq2FGripperRtuNode http://FM00351-u:45805/
[rosmaster.master][INFO] 2022-02-23 11:06:26,474: -SERVICE [/Robotiq2FGripperSlipController/get_loggers] /Robotiq2FGripperSlipController rosrpc://FM00351-u:46639
[rosmaster.master][INFO] 2022-02-23 11:06:26,474: -PUB [/rosout] /Robotiq2FGripperRtuNode http://FM00351-u:45805/
[rosmaster.master][INFO] 2022-02-23 11:06:26,474: -SERVICE [/Robotiq2FGripperSlipController/set_logger_level] /Robotiq2FGripperSlipController rosrpc://FM00351-u:46639
[rosmaster.master][INFO] 2022-02-23 11:06:26,474: -SERVICE [/Robotiq2FGripperRtuNode/get_loggers] /Robotiq2FGripperRtuNode rosrpc://FM00351-u:46105
[rosmaster.master][INFO] 2022-02-23 11:06:26,474: -SERVICE [/Robotiq2FGripperRtuNode/set_logger_level] /Robotiq2FGripperRtuNode rosrpc://FM00351-u:46105
[rosmaster.master][INFO] 2022-02-23 11:06:26,553: publisherUpdate[/rosout] -> http://FM00351-u:42455/ ['http://FM00351-u:45805/']
[rosmaster.master][INFO] 2022-02-23 11:06:26,564: publisherUpdate[/rosout] -> http://FM00351-u:42455/ ['http://FM00351-u:45805/']: sec=0.01, result=[1, '', 0]
[rosmaster.master][INFO] 2022-02-23 11:06:26,564: publisherUpdate[/rosout] -> http://FM00351-u:42455/ []
[rosmaster.master][INFO] 2022-02-23 11:06:26,565: publisherUpdate[/rosout] -> http://FM00351-u:42455/ []: sec=0.00, result=[1, '', 0]
[rosmaster.master][INFO] 2022-02-23 11:06:27,767: -PUB [/rosout_agg] /rosout http://FM00351-u:42455/
[rosmaster.master][INFO] 2022-02-23 11:06:27,768: -SUB [/rosout] /rosout http://FM00351-u:42455/
[rosmaster.master][INFO] 2022-02-23 11:06:27,768: -SERVICE [/rosout/get_loggers] /rosout rosrpc://FM00351-u:60483
[rosmaster.master][INFO] 2022-02-23 11:06:27,769: -SERVICE [/rosout/set_logger_level] /rosout rosrpc://FM00351-u:60483
[rosmaster.main][INFO] 2022-02-23 11:06:27,878: keyboard interrupt, will exit
[rosmaster.main][INFO] 2022-02-23 11:06:27,878: stopping master...
[rospy.core][INFO] 2022-02-23 11:06:27,878: signal_shutdown [atexit]
