[roslaunch][INFO] 2022-02-23 11:04:49,875: Checking log directory for disk usage. This may take a while.
Press Ctrl-C to interrupt
[roslaunch][INFO] 2022-02-23 11:04:49,879: Done checking log file disk usage. Usage is <1GB.
[roslaunch][INFO] 2022-02-23 11:04:49,879: roslaunch starting with args ['/opt/ros/melodic/bin/roslaunch', 'fm_gripper_module', 'fm_gripper_module.launch']
[roslaunch][INFO] 2022-02-23 11:04:49,879: roslaunch env is {'ROS_DISTRO': 'melodic', 'ROSLISP_PACKAGE_DIRECTORIES': '/home/ros/catkin_ws/devel/share/common-lisp', 'HOME': '/home/ros', 'PATH': '/opt/ros/melodic/bin:/usr/local/sbin:/usr/local/bin:/usr/sbin:/usr/bin:/sbin:/bin', 'ROS_PACKAGE_PATH': '/home/ros/catkin_ws/src:/opt/ros/melodic/share', 'CMAKE_PREFIX_PATH': '/home/ros/catkin_ws/devel:/opt/ros/melodic', 'LD_LIBRARY_PATH': '/home/ros/catkin_ws/devel/lib:/opt/ros/melodic/lib', 'LANG': 'C.UTF-8', 'TERM': 'xterm', 'ROS_LOG_FILENAME': '/home/ros/.ros/log/6b514664-9498-11ec-abd7-7c507959f385/roslaunch-FM00351-u-11924.log', 'SHLVL': '1', 'DISPLAY': ':0', 'UNAME': 'ros', 'ROS_MASTER_URI': 'http://localhost:11311', 'ROS_PYTHON_VERSION': '2', 'PYTHONPATH': '/home/ros/catkin_ws/devel/lib/python2.7/dist-packages:/opt/ros/melodic/lib/python2.7/dist-packages', 'QT_X11_NO_MITSHM': '1', 'ROS_ROOT': '/opt/ros/melodic/share/ros', 'PKG_CONFIG_PATH': '/home/ros/catkin_ws/devel/lib/pkgconfig:/opt/ros/melodic/lib/pkgconfig', 'LC_ALL': 'C.UTF-8', '_': '/opt/ros/melodic/bin/roslaunch', 'OLDPWD': '/home/ros', 'HOSTNAME': 'FM00351-u', 'PWD': '/home/ros/catkin_ws', 'ROS_ETC_DIR': '/opt/ros/melodic/etc/ros', 'ROS_VERSION': '1'}
[roslaunch][INFO] 2022-02-23 11:04:49,879: starting in server mode
[roslaunch.parent][INFO] 2022-02-23 11:04:49,879: starting roslaunch parent run
[roslaunch][INFO] 2022-02-23 11:04:49,879: loading roscore config file /opt/ros/melodic/etc/ros/roscore.xml
[roslaunch][INFO] 2022-02-23 11:04:50,182: Added core node of type [rosout/rosout] in namespace [/]
[roslaunch.config][INFO] 2022-02-23 11:04:50,182: loading config file /home/ros/catkin_ws/src/fm_gripper_module/launch/fm_gripper_module.launch
[roslaunch][INFO] 2022-02-23 11:04:50,183: Added node of type [robotiq_2f_gripper_control/Robotiq2FGripperRtuNode.py] in namespace [/]
[roslaunch][INFO] 2022-02-23 11:04:50,183: Added node of type [fm_gripper_module/Robotiq2FGripperSlipController.py] in namespace [/]
[roslaunch][INFO] 2022-02-23 11:04:50,183: ... selected machine [] for node of type [robotiq_2f_gripper_control/Robotiq2FGripperRtuNode.py]
[roslaunch][INFO] 2022-02-23 11:04:50,183: ... selected machine [] for node of type [fm_gripper_module/Robotiq2FGripperSlipController.py]
[roslaunch.pmon][INFO] 2022-02-23 11:04:50,183: start_process_monitor: creating ProcessMonitor
[roslaunch.pmon][INFO] 2022-02-23 11:04:50,183: created process monitor <ProcessMonitor(ProcessMonitor-1, initial daemon)>
[roslaunch.pmon][INFO] 2022-02-23 11:04:50,184: start_process_monitor: ProcessMonitor started
[roslaunch.parent][INFO] 2022-02-23 11:04:50,184: starting parent XML-RPC server
[roslaunch.server][INFO] 2022-02-23 11:04:50,184: starting roslaunch XML-RPC server
[roslaunch.server][INFO] 2022-02-23 11:04:50,184: waiting for roslaunch XML-RPC server to initialize
[xmlrpc][INFO] 2022-02-23 11:04:50,184: XML-RPC server binding to 0.0.0.0:0
[xmlrpc][INFO] 2022-02-23 11:04:50,185: Started XML-RPC server [http://FM00351-u:41069/]
[xmlrpc][INFO] 2022-02-23 11:04:50,185: xml rpc node: starting XML-RPC server
[roslaunch][INFO] 2022-02-23 11:04:50,195: started roslaunch server http://FM00351-u:41069/
[roslaunch.parent][INFO] 2022-02-23 11:04:50,195: ... parent XML-RPC server started
[roslaunch][INFO] 2022-02-23 11:04:50,195: master.is_running[http://localhost:11311]
[roslaunch][INFO] 2022-02-23 11:04:50,196: auto-starting new master
[roslaunch][INFO] 2022-02-23 11:04:50,196: create_master_process: rosmaster, /opt/ros/melodic/share/ros, 11311, 3, None, False
[roslaunch][INFO] 2022-02-23 11:04:50,196: process[master]: launching with args [['rosmaster', '--core', '-p', '11311', '-w', '3']]
[roslaunch.pmon][INFO] 2022-02-23 11:04:50,196: ProcessMonitor.register[master]
[roslaunch.pmon][INFO] 2022-02-23 11:04:50,196: ProcessMonitor.register[master] complete
[roslaunch][INFO] 2022-02-23 11:04:50,196: process[master]: starting os process
[roslaunch][INFO] 2022-02-23 11:04:50,196: process[master]: start w/ args [['rosmaster', '--core', '-p', '11311', '-w', '3', '__log:=/home/ros/.ros/log/6b514664-9498-11ec-abd7-7c507959f385/master.log']]
[roslaunch][INFO] 2022-02-23 11:04:50,196: process[master]: cwd will be [/home/ros/.ros]
[roslaunch][INFO] 2022-02-23 11:04:50,263: process[master]: started with pid [11934]
[roslaunch][INFO] 2022-02-23 11:04:50,263: master.is_running[http://localhost:11311]
[roslaunch][INFO] 2022-02-23 11:04:50,364: master.is_running[http://localhost:11311]
[roslaunch][INFO] 2022-02-23 11:04:50,464: master.is_running[http://localhost:11311]
[roslaunch][INFO] 2022-02-23 11:04:50,466: master.is_running[http://localhost:11311]
[roslaunch][INFO] 2022-02-23 11:04:50,467: ROS_MASTER_URI=http://localhost:11311
[roslaunch][INFO] 2022-02-23 11:04:50,468: setting /run_id to 6b514664-9498-11ec-abd7-7c507959f385
[roslaunch][INFO] 2022-02-23 11:04:50,469: setting /roslaunch/uris/host_fm00351_u__41069' to http://FM00351-u:41069/
[roslaunch][INFO] 2022-02-23 11:04:50,471: ... preparing to launch node of type [rosout/rosout]
[roslaunch][INFO] 2022-02-23 11:04:50,471: create_node_process: package[rosout] type[rosout] machine[Machine(name[] env_loader[None] address[localhost] ssh_port[22] user[None] assignable[True] timeout[10.0])] master_uri[http://localhost:11311]
[roslaunch][INFO] 2022-02-23 11:04:50,471: process[rosout-1]: env[{'ROS_DISTRO': 'melodic', 'ROSLISP_PACKAGE_DIRECTORIES': '/home/ros/catkin_ws/devel/share/common-lisp', 'LD_LIBRARY_PATH': '/home/ros/catkin_ws/devel/lib:/opt/ros/melodic/lib', 'ROS_PACKAGE_PATH': '/home/ros/catkin_ws/src:/opt/ros/melodic/share', 'PATH': '/opt/ros/melodic/bin:/usr/local/sbin:/usr/local/bin:/usr/sbin:/usr/bin:/sbin:/bin', 'CMAKE_PREFIX_PATH': '/home/ros/catkin_ws/devel:/opt/ros/melodic', 'ROS_LOG_FILENAME': '/home/ros/.ros/log/6b514664-9498-11ec-abd7-7c507959f385/roslaunch-FM00351-u-11924.log', 'LANG': 'C.UTF-8', 'TERM': 'xterm', 'SHLVL': '1', 'DISPLAY': ':0', 'UNAME': 'ros', 'ROS_ETC_DIR': '/opt/ros/melodic/etc/ros', 'HOME': '/home/ros', 'ROS_PYTHON_VERSION': '2', 'PYTHONPATH': '/home/ros/catkin_ws/devel/lib/python2.7/dist-packages:/opt/ros/melodic/lib/python2.7/dist-packages', 'QT_X11_NO_MITSHM': '1', 'ROS_ROOT': '/opt/ros/melodic/share/ros', 'PKG_CONFIG_PATH': '/home/ros/catkin_ws/devel/lib/pkgconfig:/opt/ros/melodic/lib/pkgconfig', 'LC_ALL': 'C.UTF-8', '_': '/opt/ros/melodic/bin/roslaunch', 'OLDPWD': '/home/ros', 'HOSTNAME': 'FM00351-u', 'PWD': '/home/ros/catkin_ws', 'ROS_MASTER_URI': 'http://localhost:11311', 'ROS_VERSION': '1'}]
[roslaunch][INFO] 2022-02-23 11:04:50,669: process[rosout-1]: args[[u'/opt/ros/melodic/lib/rosout/rosout', u'__name:=rosout']]
[roslaunch][INFO] 2022-02-23 11:04:50,670: ... created process [rosout-1]
[roslaunch.pmon][INFO] 2022-02-23 11:04:50,670: ProcessMonitor.register[rosout-1]
[roslaunch.pmon][INFO] 2022-02-23 11:04:50,670: ProcessMonitor.register[rosout-1] complete
[roslaunch][INFO] 2022-02-23 11:04:50,670: ... registered process [rosout-1]
[roslaunch][INFO] 2022-02-23 11:04:50,670: process[rosout-1]: starting os process
[roslaunch][INFO] 2022-02-23 11:04:50,670: process[rosout-1]: start w/ args [[u'/opt/ros/melodic/lib/rosout/rosout', u'__name:=rosout', u'__log:=/home/ros/.ros/log/6b514664-9498-11ec-abd7-7c507959f385/rosout-1.log']]
[roslaunch][INFO] 2022-02-23 11:04:50,670: process[rosout-1]: cwd will be [/home/ros/.ros]
[roslaunch][INFO] 2022-02-23 11:04:50,735: process[rosout-1]: started with pid [11945]
[roslaunch][INFO] 2022-02-23 11:04:50,735: ... successfully launched [rosout-1]
[roslaunch][INFO] 2022-02-23 11:04:50,735: load_parameters starting ...
[roslaunch][INFO] 2022-02-23 11:04:50,738: ... load_parameters complete
[roslaunch][INFO] 2022-02-23 11:04:50,739: launch_nodes: launching local nodes ...
[roslaunch][INFO] 2022-02-23 11:04:50,739: ... preparing to launch node of type [robotiq_2f_gripper_control/Robotiq2FGripperRtuNode.py]
[roslaunch][INFO] 2022-02-23 11:04:50,739: create_node_process: package[robotiq_2f_gripper_control] type[Robotiq2FGripperRtuNode.py] machine[Machine(name[] env_loader[None] address[localhost] ssh_port[22] user[None] assignable[True] timeout[10.0])] master_uri[http://localhost:11311]
[roslaunch][INFO] 2022-02-23 11:04:50,739: process[Robotiq2FGripperRtuNode-2]: env[{'ROS_DISTRO': 'melodic', 'ROSLISP_PACKAGE_DIRECTORIES': '/home/ros/catkin_ws/devel/share/common-lisp', 'LD_LIBRARY_PATH': '/home/ros/catkin_ws/devel/lib:/opt/ros/melodic/lib', 'ROS_PACKAGE_PATH': '/home/ros/catkin_ws/src:/opt/ros/melodic/share', 'PATH': '/opt/ros/melodic/bin:/usr/local/sbin:/usr/local/bin:/usr/sbin:/usr/bin:/sbin:/bin', 'CMAKE_PREFIX_PATH': '/home/ros/catkin_ws/devel:/opt/ros/melodic', 'ROS_LOG_FILENAME': '/home/ros/.ros/log/6b514664-9498-11ec-abd7-7c507959f385/roslaunch-FM00351-u-11924.log', 'LANG': 'C.UTF-8', 'TERM': 'xterm', 'SHLVL': '1', 'DISPLAY': ':0', 'UNAME': 'ros', 'ROS_ETC_DIR': '/opt/ros/melodic/etc/ros', 'HOME': '/home/ros', 'ROS_PYTHON_VERSION': '2', 'PYTHONPATH': '/home/ros/catkin_ws/devel/lib/python2.7/dist-packages:/opt/ros/melodic/lib/python2.7/dist-packages', 'QT_X11_NO_MITSHM': '1', 'ROS_ROOT': '/opt/ros/melodic/share/ros', 'PKG_CONFIG_PATH': '/home/ros/catkin_ws/devel/lib/pkgconfig:/opt/ros/melodic/lib/pkgconfig', 'LC_ALL': 'C.UTF-8', '_': '/opt/ros/melodic/bin/roslaunch', 'OLDPWD': '/home/ros', 'HOSTNAME': 'FM00351-u', 'PWD': '/home/ros/catkin_ws', 'ROS_MASTER_URI': 'http://localhost:11311', 'ROS_VERSION': '1'}]
[roslaunch][INFO] 2022-02-23 11:04:50,740: process[Robotiq2FGripperRtuNode-2]: args[[u'/home/ros/catkin_ws/src/robotiq/robotiq_2f_gripper_control/nodes/Robotiq2FGripperRtuNode.py', '/dev/ttyUSB0', u'__name:=Robotiq2FGripperRtuNode']]
[roslaunch][INFO] 2022-02-23 11:04:50,740: ... created process [Robotiq2FGripperRtuNode-2]
[roslaunch.pmon][INFO] 2022-02-23 11:04:50,740: ProcessMonitor.register[Robotiq2FGripperRtuNode-2]
[roslaunch.pmon][INFO] 2022-02-23 11:04:50,740: ProcessMonitor.register[Robotiq2FGripperRtuNode-2] complete
[roslaunch][INFO] 2022-02-23 11:04:50,740: ... registered process [Robotiq2FGripperRtuNode-2]
[roslaunch][INFO] 2022-02-23 11:04:50,740: process[Robotiq2FGripperRtuNode-2]: starting os process
[roslaunch][INFO] 2022-02-23 11:04:50,740: process[Robotiq2FGripperRtuNode-2]: start w/ args [[u'/home/ros/catkin_ws/src/robotiq/robotiq_2f_gripper_control/nodes/Robotiq2FGripperRtuNode.py', '/dev/ttyUSB0', u'__name:=Robotiq2FGripperRtuNode', u'__log:=/home/ros/.ros/log/6b514664-9498-11ec-abd7-7c507959f385/Robotiq2FGripperRtuNode-2.log']]
[roslaunch][INFO] 2022-02-23 11:04:50,740: process[Robotiq2FGripperRtuNode-2]: cwd will be [/home/ros/.ros]
[roslaunch][INFO] 2022-02-23 11:04:50,806: process[Robotiq2FGripperRtuNode-2]: started with pid [11948]
[roslaunch][INFO] 2022-02-23 11:04:50,806: ... successfully launched [Robotiq2FGripperRtuNode-2]
[roslaunch][INFO] 2022-02-23 11:04:50,806: ... preparing to launch node of type [fm_gripper_module/Robotiq2FGripperSlipController.py]
[roslaunch][INFO] 2022-02-23 11:04:50,806: create_node_process: package[fm_gripper_module] type[Robotiq2FGripperSlipController.py] machine[Machine(name[] env_loader[None] address[localhost] ssh_port[22] user[None] assignable[True] timeout[10.0])] master_uri[http://localhost:11311]
[roslaunch][INFO] 2022-02-23 11:04:50,807: process[Robotiq2FGripperSlipController-3]: env[{'ROS_DISTRO': 'melodic', 'ROSLISP_PACKAGE_DIRECTORIES': '/home/ros/catkin_ws/devel/share/common-lisp', 'LD_LIBRARY_PATH': '/home/ros/catkin_ws/devel/lib:/opt/ros/melodic/lib', 'ROS_PACKAGE_PATH': '/home/ros/catkin_ws/src:/opt/ros/melodic/share', 'PATH': '/opt/ros/melodic/bin:/usr/local/sbin:/usr/local/bin:/usr/sbin:/usr/bin:/sbin:/bin', 'CMAKE_PREFIX_PATH': '/home/ros/catkin_ws/devel:/opt/ros/melodic', 'ROS_LOG_FILENAME': '/home/ros/.ros/log/6b514664-9498-11ec-abd7-7c507959f385/roslaunch-FM00351-u-11924.log', 'LANG': 'C.UTF-8', 'TERM': 'xterm', 'SHLVL': '1', 'DISPLAY': ':0', 'UNAME': 'ros', 'ROS_ETC_DIR': '/opt/ros/melodic/etc/ros', 'HOME': '/home/ros', 'ROS_PYTHON_VERSION': '2', 'PYTHONPATH': '/home/ros/catkin_ws/devel/lib/python2.7/dist-packages:/opt/ros/melodic/lib/python2.7/dist-packages', 'QT_X11_NO_MITSHM': '1', 'ROS_ROOT': '/opt/ros/melodic/share/ros', 'PKG_CONFIG_PATH': '/home/ros/catkin_ws/devel/lib/pkgconfig:/opt/ros/melodic/lib/pkgconfig', 'LC_ALL': 'C.UTF-8', '_': '/opt/ros/melodic/bin/roslaunch', 'OLDPWD': '/home/ros', 'HOSTNAME': 'FM00351-u', 'PWD': '/home/ros/catkin_ws', 'ROS_MASTER_URI': 'http://localhost:11311', 'ROS_VERSION': '1'}]
[roslaunch][INFO] 2022-02-23 11:04:50,807: process[Robotiq2FGripperSlipController-3]: args[[u'/home/ros/catkin_ws/src/fm_gripper_module/src/Robotiq2FGripperSlipController.py', u'__name:=Robotiq2FGripperSlipController']]
[roslaunch][INFO] 2022-02-23 11:04:50,807: ... created process [Robotiq2FGripperSlipController-3]
[roslaunch.pmon][INFO] 2022-02-23 11:04:50,807: ProcessMonitor.register[Robotiq2FGripperSlipController-3]
[roslaunch.pmon][INFO] 2022-02-23 11:04:50,807: ProcessMonitor.register[Robotiq2FGripperSlipController-3] complete
[roslaunch][INFO] 2022-02-23 11:04:50,807: ... registered process [Robotiq2FGripperSlipController-3]
[roslaunch][INFO] 2022-02-23 11:04:50,807: process[Robotiq2FGripperSlipController-3]: starting os process
[roslaunch][INFO] 2022-02-23 11:04:50,808: process[Robotiq2FGripperSlipController-3]: start w/ args [[u'/home/ros/catkin_ws/src/fm_gripper_module/src/Robotiq2FGripperSlipController.py', u'__name:=Robotiq2FGripperSlipController', u'__log:=/home/ros/.ros/log/6b514664-9498-11ec-abd7-7c507959f385/Robotiq2FGripperSlipController-3.log']]
[roslaunch][INFO] 2022-02-23 11:04:50,808: process[Robotiq2FGripperSlipController-3]: cwd will be [/home/ros/.ros]
[roslaunch][INFO] 2022-02-23 11:04:50,877: process[Robotiq2FGripperSlipController-3]: started with pid [11953]
[roslaunch][INFO] 2022-02-23 11:04:50,878: ... successfully launched [Robotiq2FGripperSlipController-3]
[roslaunch][INFO] 2022-02-23 11:04:50,878: ... launch_nodes complete
[roslaunch.pmon][INFO] 2022-02-23 11:04:50,878: registrations completed <ProcessMonitor(ProcessMonitor-1, started daemon 140712842876672)>
[roslaunch.parent][INFO] 2022-02-23 11:04:50,878: ... roslaunch parent running, waiting for process exit
[roslaunch][INFO] 2022-02-23 11:04:50,878: spin
[roslaunch.pmon][INFO] 2022-02-23 11:06:26,437: ProcessMonitor.shutdown <ProcessMonitor(ProcessMonitor-1, started daemon 140712842876672)>
[roslaunch.pmon][INFO] 2022-02-23 11:06:26,466: ProcessMonitor._post_run <ProcessMonitor(ProcessMonitor-1, started daemon 140712842876672)>
[roslaunch.pmon][INFO] 2022-02-23 11:06:26,466: ProcessMonitor._post_run <ProcessMonitor(ProcessMonitor-1, started daemon 140712842876672)>: remaining procs are [<roslaunch.nodeprocess.LocalProcess object at 0x7ffa432f0fd0>, <roslaunch.nodeprocess.LocalProcess object at 0x7ffa4377b210>, <roslaunch.nodeprocess.LocalProcess object at 0x7ffa432f0e50>, <roslaunch.nodeprocess.LocalProcess object at 0x7ffa432f0dd0>]
[roslaunch.pmon][INFO] 2022-02-23 11:06:26,467: ProcessMonitor exit: killing Robotiq2FGripperSlipController-3
[roslaunch][INFO] 2022-02-23 11:06:26,467: [Robotiq2FGripperSlipController-3] killing on exit
[roslaunch.pmon][INFO] 2022-02-23 11:06:26,468: ProcessMonitor exit: killing Robotiq2FGripperRtuNode-2
[roslaunch][INFO] 2022-02-23 11:06:26,468: process[Robotiq2FGripperSlipController-3]: killing os process with pid[11953] pgid[11953]
[roslaunch][INFO] 2022-02-23 11:06:26,469: [Robotiq2FGripperRtuNode-2] killing on exit
[roslaunch][INFO] 2022-02-23 11:06:26,470: [Robotiq2FGripperSlipController-3] sending SIGINT to pgid [11953]
[roslaunch][INFO] 2022-02-23 11:06:26,472: [Robotiq2FGripperSlipController-3] sent SIGINT to pgid [11953]
[roslaunch][INFO] 2022-02-23 11:06:26,472: process[Robotiq2FGripperRtuNode-2]: killing os process with pid[11948] pgid[11948]
[roslaunch][INFO] 2022-02-23 11:06:26,472: [Robotiq2FGripperRtuNode-2] sending SIGINT to pgid [11948]
[roslaunch][INFO] 2022-02-23 11:06:26,472: [Robotiq2FGripperRtuNode-2] sent SIGINT to pgid [11948]
[roslaunch][INFO] 2022-02-23 11:06:26,672: process[Robotiq2FGripperRtuNode-2]: SIGINT killed with return value 0
[roslaunch][INFO] 2022-02-23 11:06:27,674: process[Robotiq2FGripperSlipController-3]: SIGINT killed with return value 0
[roslaunch.pmon][INFO] 2022-02-23 11:06:27,675: ProcessMonitor exit: killing rosout-1
[roslaunch][INFO] 2022-02-23 11:06:27,675: [rosout-1] killing on exit
[roslaunch][INFO] 2022-02-23 11:06:27,675: process[rosout-1]: killing os process with pid[11945] pgid[11945]
[roslaunch][INFO] 2022-02-23 11:06:27,676: [rosout-1] sending SIGINT to pgid [11945]
[roslaunch][INFO] 2022-02-23 11:06:27,676: [rosout-1] sent SIGINT to pgid [11945]
[roslaunch][INFO] 2022-02-23 11:06:27,876: process[rosout-1]: SIGINT killed with return value 0
[roslaunch.pmon][INFO] 2022-02-23 11:06:27,877: ProcessMonitor exit: killing master
[roslaunch][INFO] 2022-02-23 11:06:27,877: [master] killing on exit
[roslaunch][INFO] 2022-02-23 11:06:27,877: process[master]: killing os process with pid[11934] pgid[11934]
[roslaunch][INFO] 2022-02-23 11:06:27,877: [master] sending SIGINT to pgid [11934]
[roslaunch][INFO] 2022-02-23 11:06:27,877: [master] sent SIGINT to pgid [11934]
[roslaunch][INFO] 2022-02-23 11:06:28,078: process[master]: SIGINT killed with return value 0
[roslaunch.pmon][INFO] 2022-02-23 11:06:28,078: ProcessMonitor exit: cleaning up data structures and signals
[roslaunch.pmon][INFO] 2022-02-23 11:06:28,079: ProcessMonitor exit: pmon has shutdown
[roslaunch][INFO] 2022-02-23 11:06:28,107: process monitor is done spinning, initiating full shutdown
[roslaunch][INFO] 2022-02-23 11:06:28,107: runner.stop()
[roslaunch][INFO] 2022-02-23 11:06:28,107: shutting down processing monitor...
[roslaunch][INFO] 2022-02-23 11:06:28,107: shutting down processing monitor <ProcessMonitor(ProcessMonitor-1, stopped daemon 140712842876672)>
[roslaunch.pmon][INFO] 2022-02-23 11:06:28,107: ProcessMonitor.shutdown <ProcessMonitor(ProcessMonitor-1, stopped daemon 140712842876672)>
[roslaunch][INFO] 2022-02-23 11:06:28,108: ... shutting down processing monitor complete
[roslaunch][INFO] 2022-02-23 11:06:28,108: done
[roslaunch.pmon][INFO] 2022-02-23 11:06:28,108: ProcessMonitor.shutdown <ProcessMonitor(ProcessMonitor-1, stopped daemon 140712842876672)>
[rospy.core][INFO] 2022-02-23 11:06:28,108: signal_shutdown [atexit]
