[rospy.client][INFO] 2021-12-21 13:27:34,145: init_node, name[/sensor/tactile_pressure], pid[184]
[xmlrpc][INFO] 2021-12-21 13:27:34,154: XML-RPC server binding to 0.0.0.0:0
[xmlrpc][INFO] 2021-12-21 13:27:34,154: Started XML-RPC server [http://FM00351-u:38229/]
[rospy.impl.masterslave][INFO] 2021-12-21 13:27:34,155: _ready: http://FM00351-u:38229/
[rospy.init][INFO] 2021-12-21 13:27:34,156: ROS Slave URI: [http://FM00351-u:38229/]
[rospy.registration][INFO] 2021-12-21 13:27:34,159: Registering with master node http://localhost:11311
[xmlrpc][INFO] 2021-12-21 13:27:34,159: xml rpc node: starting XML-RPC server
[rospy.init][INFO] 2021-12-21 13:27:34,257: registered with master
[rospy.rosout][INFO] 2021-12-21 13:27:34,257: initializing /rosout core topic
[rospy.rosout][INFO] 2021-12-21 13:27:34,259: connected to core topic /rosout
[rospy.simtime][INFO] 2021-12-21 13:27:34,259: /use_sim_time is not set, will not subscribe to simulated time [/clock] topic
[rosout][INFO] 2021-12-21 13:27:34,260: ROS Serial Python Node
[rosout][INFO] 2021-12-21 13:27:34,262: Connecting to /dev/ttyUSB0 at 57600 baud
[rospy.internal][INFO] 2021-12-21 13:27:34,514: topic[/rosout] adding connection to [/rosout], count 0
[rosout][INFO] 2021-12-21 13:27:36,367: Requesting topics...
[rosout][ERROR] 2021-12-21 13:27:51,370: Unable to sync with device; possible link problem or link software version mismatch such as hydro rosserial_python with groovy Arduino
[rosout][INFO] 2021-12-21 13:27:51,372: Requesting topics...
[rosout][ERROR] 2021-12-21 13:28:06,376: Unable to sync with device; possible link problem or link software version mismatch such as hydro rosserial_python with groovy Arduino
[rosout][INFO] 2021-12-21 13:28:06,377: Requesting topics...
[rosout][ERROR] 2021-12-21 13:28:21,379: Unable to sync with device; possible link problem or link software version mismatch such as hydro rosserial_python with groovy Arduino
[rosout][INFO] 2021-12-21 13:28:21,380: Requesting topics...
[rosout][ERROR] 2021-12-21 13:28:36,384: Unable to sync with device; possible link problem or link software version mismatch such as hydro rosserial_python with groovy Arduino
[rosout][INFO] 2021-12-21 13:28:36,385: Requesting topics...
[rosout][ERROR] 2021-12-21 13:28:51,386: Unable to sync with device; possible link problem or link software version mismatch such as hydro rosserial_python with groovy Arduino
[rosout][INFO] 2021-12-21 13:28:51,387: Requesting topics...
[rosout][ERROR] 2021-12-21 13:29:06,389: Unable to sync with device; possible link problem or link software version mismatch such as hydro rosserial_python with groovy Arduino
[rosout][INFO] 2021-12-21 13:29:06,392: Requesting topics...
[rosout][ERROR] 2021-12-21 13:29:21,393: Unable to sync with device; possible link problem or link software version mismatch such as hydro rosserial_python with groovy Arduino
[rosout][INFO] 2021-12-21 13:29:21,395: Requesting topics...
[rosout][ERROR] 2021-12-21 13:29:36,396: Unable to sync with device; possible link problem or link software version mismatch such as hydro rosserial_python with groovy Arduino
[rosout][INFO] 2021-12-21 13:29:36,399: Requesting topics...
[rospy.internal][INFO] 2021-12-21 13:29:41,368: topic[/rosout] adding connection to [/rostopic_285_1640093381237], count 1
[rospy.internal][INFO] 2021-12-21 13:29:44,203: topic[/rosout] removing connection to /rostopic_285_1640093381237
[rosout][ERROR] 2021-12-21 13:29:51,402: Unable to sync with device; possible link problem or link software version mismatch such as hydro rosserial_python with groovy Arduino
[rosout][INFO] 2021-12-21 13:29:51,403: Requesting topics...
[rospy.internal][INFO] 2021-12-21 13:29:58,829: topic[/diagnostics] adding connection to [/rostopic_386_1640093398698], count 0
[rospy.internal][INFO] 2021-12-21 13:30:01,208: topic[/diagnostics] removing connection to /rostopic_386_1640093398698
[rosout][ERROR] 2021-12-21 13:30:06,404: Unable to sync with device; possible link problem or link software version mismatch such as hydro rosserial_python with groovy Arduino
[rosout][INFO] 2021-12-21 13:30:06,405: Requesting topics...
[rosout][ERROR] 2021-12-21 13:30:21,407: Unable to sync with device; possible link problem or link software version mismatch such as hydro rosserial_python with groovy Arduino
[rosout][INFO] 2021-12-21 13:30:21,408: Requesting topics...
[rosout][ERROR] 2021-12-21 13:30:36,409: Unable to sync with device; possible link problem or link software version mismatch such as hydro rosserial_python with groovy Arduino
[rosout][INFO] 2021-12-21 13:30:36,410: Requesting topics...
[rosout][ERROR] 2021-12-21 13:30:51,412: Unable to sync with device; possible link problem or link software version mismatch such as hydro rosserial_python with groovy Arduino
[rosout][INFO] 2021-12-21 13:30:51,413: Requesting topics...
[rosout][ERROR] 2021-12-21 13:31:06,414: Unable to sync with device; possible link problem or link software version mismatch such as hydro rosserial_python with groovy Arduino
[rosout][INFO] 2021-12-21 13:31:06,416: Requesting topics...
[rosout][ERROR] 2021-12-21 13:31:21,418: Unable to sync with device; possible link problem or link software version mismatch such as hydro rosserial_python with groovy Arduino
[rosout][INFO] 2021-12-21 13:31:21,419: Requesting topics...
[rosout][ERROR] 2021-12-21 13:31:36,420: Unable to sync with device; possible link problem or link software version mismatch such as hydro rosserial_python with groovy Arduino
[rosout][INFO] 2021-12-21 13:31:36,422: Requesting topics...
[rosout][ERROR] 2021-12-21 13:31:51,425: Unable to sync with device; possible link problem or link software version mismatch such as hydro rosserial_python with groovy Arduino
[rosout][INFO] 2021-12-21 13:31:51,426: Requesting topics...
[rosout][ERROR] 2021-12-21 13:32:06,427: Unable to sync with device; possible link problem or link software version mismatch such as hydro rosserial_python with groovy Arduino
[rosout][INFO] 2021-12-21 13:32:06,429: Requesting topics...
[rosout][ERROR] 2021-12-21 13:32:21,430: Unable to sync with device; possible link problem or link software version mismatch such as hydro rosserial_python with groovy Arduino
[rosout][INFO] 2021-12-21 13:32:21,431: Requesting topics...
[rosout][ERROR] 2021-12-21 13:32:36,433: Unable to sync with device; possible link problem or link software version mismatch such as hydro rosserial_python with groovy Arduino
[rosout][INFO] 2021-12-21 13:32:36,437: Requesting topics...
[rosout][ERROR] 2021-12-21 13:32:51,440: Unable to sync with device; possible link problem or link software version mismatch such as hydro rosserial_python with groovy Arduino
[rosout][INFO] 2021-12-21 13:32:51,443: Requesting topics...
[rosout][ERROR] 2021-12-21 13:33:06,447: Unable to sync with device; possible link problem or link software version mismatch such as hydro rosserial_python with groovy Arduino
[rosout][INFO] 2021-12-21 13:33:06,449: Requesting topics...
[rosout][ERROR] 2021-12-21 13:33:21,450: Unable to sync with device; possible link problem or link software version mismatch such as hydro rosserial_python with groovy Arduino
[rosout][INFO] 2021-12-21 13:33:21,452: Requesting topics...
[rosout][ERROR] 2021-12-21 13:33:36,456: Unable to sync with device; possible link problem or link software version mismatch such as hydro rosserial_python with groovy Arduino
[rosout][INFO] 2021-12-21 13:33:36,457: Requesting topics...
[rosout][ERROR] 2021-12-21 13:33:51,459: Unable to sync with device; possible link problem or link software version mismatch such as hydro rosserial_python with groovy Arduino
[rosout][INFO] 2021-12-21 13:33:51,460: Requesting topics...
[rosout][ERROR] 2021-12-21 13:34:06,465: Unable to sync with device; possible link problem or link software version mismatch such as hydro rosserial_python with groovy Arduino
[rosout][INFO] 2021-12-21 13:34:06,466: Requesting topics...
[rosout][ERROR] 2021-12-21 13:34:21,468: Unable to sync with device; possible link problem or link software version mismatch such as hydro rosserial_python with groovy Arduino
[rosout][INFO] 2021-12-21 13:34:21,469: Requesting topics...
[rosout][ERROR] 2021-12-21 13:34:36,473: Unable to sync with device; possible link problem or link software version mismatch such as hydro rosserial_python with groovy Arduino
[rosout][INFO] 2021-12-21 13:34:36,475: Requesting topics...
[rosout][ERROR] 2021-12-21 13:34:51,476: Unable to sync with device; possible link problem or link software version mismatch such as hydro rosserial_python with groovy Arduino
[rosout][INFO] 2021-12-21 13:34:51,477: Requesting topics...
[rosout][ERROR] 2021-12-21 13:35:06,479: Unable to sync with device; possible link problem or link software version mismatch such as hydro rosserial_python with groovy Arduino
[rosout][INFO] 2021-12-21 13:35:06,481: Requesting topics...
[rosout][ERROR] 2021-12-21 13:35:21,484: Unable to sync with device; possible link problem or link software version mismatch such as hydro rosserial_python with groovy Arduino
[rosout][INFO] 2021-12-21 13:35:21,486: Requesting topics...
[rosout][ERROR] 2021-12-21 13:35:36,488: Unable to sync with device; possible link problem or link software version mismatch such as hydro rosserial_python with groovy Arduino
[rosout][INFO] 2021-12-21 13:35:36,490: Requesting topics...
