[roslaunch][INFO] 2022-03-09 08:49:42,607: Checking log directory for disk usage. This may take a while.
Press Ctrl-C to interrupt
[roslaunch][INFO] 2022-03-09 08:49:42,610: Done checking log file disk usage. Usage is <1GB.
[roslaunch][INFO] 2022-03-09 08:49:42,610: roslaunch starting with args ['/opt/ros/melodic/bin/roslaunch', 'fm_gripper_module', 'fm_gripper_module.launch']
[roslaunch][INFO] 2022-03-09 08:49:42,610: roslaunch env is {'ROS_DISTRO': 'melodic', 'ROSLISP_PACKAGE_DIRECTORIES': '/home/ros/catkin_ws/devel/share/common-lisp', 'HOME': '/home/ros', 'PATH': '/opt/ros/melodic/bin:/usr/local/sbin:/usr/local/bin:/usr/sbin:/usr/bin:/sbin:/bin', 'ROS_PACKAGE_PATH': '/home/ros/catkin_ws/src:/opt/ros/melodic/share', 'CMAKE_PREFIX_PATH': '/home/ros/catkin_ws/devel:/opt/ros/melodic', 'LD_LIBRARY_PATH': '/home/ros/catkin_ws/devel/lib:/opt/ros/melodic/lib', 'LANG': 'C.UTF-8', 'TERM': 'xterm', 'ROS_LOG_FILENAME': '/home/ros/.ros/log/dccae99c-9f85-11ec-ac49-7c507959f385/roslaunch-FM00351-u-593.log', 'SHLVL': '1', 'DISPLAY': ':0', 'UNAME': 'ros', 'ROS_MASTER_URI': 'http://localhost:11311', 'ROS_PYTHON_VERSION': '2', 'PYTHONPATH': '/home/ros/catkin_ws/devel/lib/python2.7/dist-packages:/opt/ros/melodic/lib/python2.7/dist-packages', 'QT_X11_NO_MITSHM': '1', 'ROS_ROOT': '/opt/ros/melodic/share/ros', 'PKG_CONFIG_PATH': '/home/ros/catkin_ws/devel/lib/pkgconfig:/opt/ros/melodic/lib/pkgconfig', 'LC_ALL': 'C.UTF-8', '_': '/opt/ros/melodic/bin/roslaunch', 'OLDPWD': '/home/ros', 'HOSTNAME': 'FM00351-u', 'PWD': '/home/ros/catkin_ws', 'ROS_ETC_DIR': '/opt/ros/melodic/etc/ros', 'ROS_VERSION': '1'}
[roslaunch][INFO] 2022-03-09 08:49:42,610: starting in server mode
[roslaunch.parent][INFO] 2022-03-09 08:49:42,611: starting roslaunch parent run
[roslaunch][INFO] 2022-03-09 08:49:42,611: loading roscore config file /opt/ros/melodic/etc/ros/roscore.xml
[roslaunch][INFO] 2022-03-09 08:49:42,907: Added core node of type [rosout/rosout] in namespace [/]
[roslaunch.config][INFO] 2022-03-09 08:49:42,907: loading config file /home/ros/catkin_ws/src/fm_gripper_module/launch/fm_gripper_module.launch
[roslaunch][INFO] 2022-03-09 08:49:42,908: Added node of type [robotiq_2f_gripper_control/Robotiq2FGripperRtuNode.py] in namespace [/]
[roslaunch][INFO] 2022-03-09 08:49:42,908: Added node of type [fm_gripper_module/gripper_action_server.py] in namespace [/]
[roslaunch][INFO] 2022-03-09 08:49:42,908: ... selected machine [] for node of type [robotiq_2f_gripper_control/Robotiq2FGripperRtuNode.py]
[roslaunch][INFO] 2022-03-09 08:49:42,908: ... selected machine [] for node of type [fm_gripper_module/gripper_action_server.py]
[roslaunch.pmon][INFO] 2022-03-09 08:49:42,908: start_process_monitor: creating ProcessMonitor
[roslaunch.pmon][INFO] 2022-03-09 08:49:42,908: created process monitor <ProcessMonitor(ProcessMonitor-1, initial daemon)>
[roslaunch.pmon][INFO] 2022-03-09 08:49:42,909: start_process_monitor: ProcessMonitor started
[roslaunch.parent][INFO] 2022-03-09 08:49:42,909: starting parent XML-RPC server
[roslaunch.server][INFO] 2022-03-09 08:49:42,909: starting roslaunch XML-RPC server
[roslaunch.server][INFO] 2022-03-09 08:49:42,909: waiting for roslaunch XML-RPC server to initialize
[xmlrpc][INFO] 2022-03-09 08:49:42,909: XML-RPC server binding to 0.0.0.0:0
[xmlrpc][INFO] 2022-03-09 08:49:42,909: Started XML-RPC server [http://FM00351-u:41203/]
[xmlrpc][INFO] 2022-03-09 08:49:42,909: xml rpc node: starting XML-RPC server
[roslaunch][INFO] 2022-03-09 08:49:42,920: started roslaunch server http://FM00351-u:41203/
[roslaunch.parent][INFO] 2022-03-09 08:49:42,920: ... parent XML-RPC server started
[roslaunch][INFO] 2022-03-09 08:49:42,920: master.is_running[http://localhost:11311]
[roslaunch][INFO] 2022-03-09 08:49:42,920: auto-starting new master
[roslaunch][INFO] 2022-03-09 08:49:42,920: create_master_process: rosmaster, /opt/ros/melodic/share/ros, 11311, 3, None, False
[roslaunch][INFO] 2022-03-09 08:49:42,921: process[master]: launching with args [['rosmaster', '--core', '-p', '11311', '-w', '3']]
[roslaunch.pmon][INFO] 2022-03-09 08:49:42,921: ProcessMonitor.register[master]
[roslaunch.pmon][INFO] 2022-03-09 08:49:42,921: ProcessMonitor.register[master] complete
[roslaunch][INFO] 2022-03-09 08:49:42,921: process[master]: starting os process
[roslaunch][INFO] 2022-03-09 08:49:42,921: process[master]: start w/ args [['rosmaster', '--core', '-p', '11311', '-w', '3', '__log:=/home/ros/.ros/log/dccae99c-9f85-11ec-ac49-7c507959f385/master.log']]
[roslaunch][INFO] 2022-03-09 08:49:42,921: process[master]: cwd will be [/home/ros/.ros]
[roslaunch][INFO] 2022-03-09 08:49:42,985: process[master]: started with pid [603]
[roslaunch][INFO] 2022-03-09 08:49:42,985: master.is_running[http://localhost:11311]
[roslaunch][INFO] 2022-03-09 08:49:43,086: master.is_running[http://localhost:11311]
[roslaunch][INFO] 2022-03-09 08:49:43,186: master.is_running[http://localhost:11311]
[roslaunch][INFO] 2022-03-09 08:49:43,187: master.is_running[http://localhost:11311]
[roslaunch][INFO] 2022-03-09 08:49:43,188: ROS_MASTER_URI=http://localhost:11311
[roslaunch][INFO] 2022-03-09 08:49:43,189: setting /run_id to dccae99c-9f85-11ec-ac49-7c507959f385
[roslaunch][INFO] 2022-03-09 08:49:43,190: setting /roslaunch/uris/host_fm00351_u__41203' to http://FM00351-u:41203/
[roslaunch][INFO] 2022-03-09 08:49:43,190: ... preparing to launch node of type [rosout/rosout]
[roslaunch][INFO] 2022-03-09 08:49:43,190: create_node_process: package[rosout] type[rosout] machine[Machine(name[] env_loader[None] address[localhost] ssh_port[22] user[None] assignable[True] timeout[10.0])] master_uri[http://localhost:11311]
[roslaunch][INFO] 2022-03-09 08:49:43,191: process[rosout-1]: env[{'ROS_DISTRO': 'melodic', 'ROSLISP_PACKAGE_DIRECTORIES': '/home/ros/catkin_ws/devel/share/common-lisp', 'LD_LIBRARY_PATH': '/home/ros/catkin_ws/devel/lib:/opt/ros/melodic/lib', 'ROS_PACKAGE_PATH': '/home/ros/catkin_ws/src:/opt/ros/melodic/share', 'PATH': '/opt/ros/melodic/bin:/usr/local/sbin:/usr/local/bin:/usr/sbin:/usr/bin:/sbin:/bin', 'CMAKE_PREFIX_PATH': '/home/ros/catkin_ws/devel:/opt/ros/melodic', 'ROS_LOG_FILENAME': '/home/ros/.ros/log/dccae99c-9f85-11ec-ac49-7c507959f385/roslaunch-FM00351-u-593.log', 'LANG': 'C.UTF-8', 'TERM': 'xterm', 'SHLVL': '1', 'DISPLAY': ':0', 'UNAME': 'ros', 'ROS_ETC_DIR': '/opt/ros/melodic/etc/ros', 'HOME': '/home/ros', 'ROS_PYTHON_VERSION': '2', 'PYTHONPATH': '/home/ros/catkin_ws/devel/lib/python2.7/dist-packages:/opt/ros/melodic/lib/python2.7/dist-packages', 'QT_X11_NO_MITSHM': '1', 'ROS_ROOT': '/opt/ros/melodic/share/ros', 'PKG_CONFIG_PATH': '/home/ros/catkin_ws/devel/lib/pkgconfig:/opt/ros/melodic/lib/pkgconfig', 'LC_ALL': 'C.UTF-8', '_': '/opt/ros/melodic/bin/roslaunch', 'OLDPWD': '/home/ros', 'HOSTNAME': 'FM00351-u', 'PWD': '/home/ros/catkin_ws', 'ROS_MASTER_URI': 'http://localhost:11311', 'ROS_VERSION': '1'}]
[roslaunch][INFO] 2022-03-09 08:49:43,386: process[rosout-1]: args[[u'/opt/ros/melodic/lib/rosout/rosout', u'__name:=rosout']]
[roslaunch][INFO] 2022-03-09 08:49:43,386: ... created process [rosout-1]
[roslaunch.pmon][INFO] 2022-03-09 08:49:43,386: ProcessMonitor.register[rosout-1]
[roslaunch.pmon][INFO] 2022-03-09 08:49:43,386: ProcessMonitor.register[rosout-1] complete
[roslaunch][INFO] 2022-03-09 08:49:43,386: ... registered process [rosout-1]
[roslaunch][INFO] 2022-03-09 08:49:43,386: process[rosout-1]: starting os process
[roslaunch][INFO] 2022-03-09 08:49:43,386: process[rosout-1]: start w/ args [[u'/opt/ros/melodic/lib/rosout/rosout', u'__name:=rosout', u'__log:=/home/ros/.ros/log/dccae99c-9f85-11ec-ac49-7c507959f385/rosout-1.log']]
[roslaunch][INFO] 2022-03-09 08:49:43,386: process[rosout-1]: cwd will be [/home/ros/.ros]
[roslaunch][INFO] 2022-03-09 08:49:43,451: process[rosout-1]: started with pid [614]
[roslaunch][INFO] 2022-03-09 08:49:43,451: ... successfully launched [rosout-1]
[roslaunch][INFO] 2022-03-09 08:49:43,451: load_parameters starting ...
[roslaunch][INFO] 2022-03-09 08:49:43,453: ... load_parameters complete
[roslaunch][INFO] 2022-03-09 08:49:43,453: launch_nodes: launching local nodes ...
[roslaunch][INFO] 2022-03-09 08:49:43,453: ... preparing to launch node of type [robotiq_2f_gripper_control/Robotiq2FGripperRtuNode.py]
[roslaunch][INFO] 2022-03-09 08:49:43,453: create_node_process: package[robotiq_2f_gripper_control] type[Robotiq2FGripperRtuNode.py] machine[Machine(name[] env_loader[None] address[localhost] ssh_port[22] user[None] assignable[True] timeout[10.0])] master_uri[http://localhost:11311]
[roslaunch][INFO] 2022-03-09 08:49:43,453: process[Robotiq2FGripperRtuNode-2]: env[{'ROS_DISTRO': 'melodic', 'ROSLISP_PACKAGE_DIRECTORIES': '/home/ros/catkin_ws/devel/share/common-lisp', 'LD_LIBRARY_PATH': '/home/ros/catkin_ws/devel/lib:/opt/ros/melodic/lib', 'ROS_PACKAGE_PATH': '/home/ros/catkin_ws/src:/opt/ros/melodic/share', 'PATH': '/opt/ros/melodic/bin:/usr/local/sbin:/usr/local/bin:/usr/sbin:/usr/bin:/sbin:/bin', 'CMAKE_PREFIX_PATH': '/home/ros/catkin_ws/devel:/opt/ros/melodic', 'ROS_LOG_FILENAME': '/home/ros/.ros/log/dccae99c-9f85-11ec-ac49-7c507959f385/roslaunch-FM00351-u-593.log', 'LANG': 'C.UTF-8', 'TERM': 'xterm', 'SHLVL': '1', 'DISPLAY': ':0', 'UNAME': 'ros', 'ROS_ETC_DIR': '/opt/ros/melodic/etc/ros', 'HOME': '/home/ros', 'ROS_PYTHON_VERSION': '2', 'PYTHONPATH': '/home/ros/catkin_ws/devel/lib/python2.7/dist-packages:/opt/ros/melodic/lib/python2.7/dist-packages', 'QT_X11_NO_MITSHM': '1', 'ROS_ROOT': '/opt/ros/melodic/share/ros', 'PKG_CONFIG_PATH': '/home/ros/catkin_ws/devel/lib/pkgconfig:/opt/ros/melodic/lib/pkgconfig', 'LC_ALL': 'C.UTF-8', '_': '/opt/ros/melodic/bin/roslaunch', 'OLDPWD': '/home/ros', 'HOSTNAME': 'FM00351-u', 'PWD': '/home/ros/catkin_ws', 'ROS_MASTER_URI': 'http://localhost:11311', 'ROS_VERSION': '1'}]
[roslaunch][INFO] 2022-03-09 08:49:43,454: process[Robotiq2FGripperRtuNode-2]: args[[u'/home/ros/catkin_ws/src/robotiq/robotiq_2f_gripper_control/nodes/Robotiq2FGripperRtuNode.py', '/dev/ttyUSB0', u'__name:=Robotiq2FGripperRtuNode']]
[roslaunch][INFO] 2022-03-09 08:49:43,454: ... created process [Robotiq2FGripperRtuNode-2]
[roslaunch.pmon][INFO] 2022-03-09 08:49:43,454: ProcessMonitor.register[Robotiq2FGripperRtuNode-2]
[roslaunch.pmon][INFO] 2022-03-09 08:49:43,454: ProcessMonitor.register[Robotiq2FGripperRtuNode-2] complete
[roslaunch][INFO] 2022-03-09 08:49:43,454: ... registered process [Robotiq2FGripperRtuNode-2]
[roslaunch][INFO] 2022-03-09 08:49:43,454: process[Robotiq2FGripperRtuNode-2]: starting os process
[roslaunch][INFO] 2022-03-09 08:49:43,454: process[Robotiq2FGripperRtuNode-2]: start w/ args [[u'/home/ros/catkin_ws/src/robotiq/robotiq_2f_gripper_control/nodes/Robotiq2FGripperRtuNode.py', '/dev/ttyUSB0', u'__name:=Robotiq2FGripperRtuNode', u'__log:=/home/ros/.ros/log/dccae99c-9f85-11ec-ac49-7c507959f385/Robotiq2FGripperRtuNode-2.log']]
[roslaunch][INFO] 2022-03-09 08:49:43,454: process[Robotiq2FGripperRtuNode-2]: cwd will be [/home/ros/.ros]
[roslaunch][INFO] 2022-03-09 08:49:43,521: process[Robotiq2FGripperRtuNode-2]: started with pid [617]
[roslaunch][INFO] 2022-03-09 08:49:43,521: ... successfully launched [Robotiq2FGripperRtuNode-2]
[roslaunch][INFO] 2022-03-09 08:49:43,521: ... preparing to launch node of type [fm_gripper_module/gripper_action_server.py]
[roslaunch][INFO] 2022-03-09 08:49:43,521: create_node_process: package[fm_gripper_module] type[gripper_action_server.py] machine[Machine(name[] env_loader[None] address[localhost] ssh_port[22] user[None] assignable[True] timeout[10.0])] master_uri[http://localhost:11311]
[roslaunch][INFO] 2022-03-09 08:49:43,522: process[gripper_action_server-3]: env[{'ROS_DISTRO': 'melodic', 'ROSLISP_PACKAGE_DIRECTORIES': '/home/ros/catkin_ws/devel/share/common-lisp', 'LD_LIBRARY_PATH': '/home/ros/catkin_ws/devel/lib:/opt/ros/melodic/lib', 'ROS_PACKAGE_PATH': '/home/ros/catkin_ws/src:/opt/ros/melodic/share', 'PATH': '/opt/ros/melodic/bin:/usr/local/sbin:/usr/local/bin:/usr/sbin:/usr/bin:/sbin:/bin', 'CMAKE_PREFIX_PATH': '/home/ros/catkin_ws/devel:/opt/ros/melodic', 'ROS_LOG_FILENAME': '/home/ros/.ros/log/dccae99c-9f85-11ec-ac49-7c507959f385/roslaunch-FM00351-u-593.log', 'LANG': 'C.UTF-8', 'TERM': 'xterm', 'SHLVL': '1', 'DISPLAY': ':0', 'UNAME': 'ros', 'ROS_ETC_DIR': '/opt/ros/melodic/etc/ros', 'HOME': '/home/ros', 'ROS_PYTHON_VERSION': '2', 'PYTHONPATH': '/home/ros/catkin_ws/devel/lib/python2.7/dist-packages:/opt/ros/melodic/lib/python2.7/dist-packages', 'QT_X11_NO_MITSHM': '1', 'ROS_ROOT': '/opt/ros/melodic/share/ros', 'PKG_CONFIG_PATH': '/home/ros/catkin_ws/devel/lib/pkgconfig:/opt/ros/melodic/lib/pkgconfig', 'LC_ALL': 'C.UTF-8', '_': '/opt/ros/melodic/bin/roslaunch', 'OLDPWD': '/home/ros', 'HOSTNAME': 'FM00351-u', 'PWD': '/home/ros/catkin_ws', 'ROS_MASTER_URI': 'http://localhost:11311', 'ROS_VERSION': '1'}]
[roslaunch][INFO] 2022-03-09 08:49:43,522: process[gripper_action_server-3]: args[[u'/home/ros/catkin_ws/src/fm_gripper_module/src/gripper_action_server.py', u'__name:=gripper_action_server']]
[roslaunch][INFO] 2022-03-09 08:49:43,522: ... created process [gripper_action_server-3]
[roslaunch.pmon][INFO] 2022-03-09 08:49:43,522: ProcessMonitor.register[gripper_action_server-3]
[roslaunch.pmon][INFO] 2022-03-09 08:49:43,522: ProcessMonitor.register[gripper_action_server-3] complete
[roslaunch][INFO] 2022-03-09 08:49:43,522: ... registered process [gripper_action_server-3]
[roslaunch][INFO] 2022-03-09 08:49:43,522: process[gripper_action_server-3]: starting os process
[roslaunch][INFO] 2022-03-09 08:49:43,522: process[gripper_action_server-3]: start w/ args [[u'/home/ros/catkin_ws/src/fm_gripper_module/src/gripper_action_server.py', u'__name:=gripper_action_server', u'__log:=/home/ros/.ros/log/dccae99c-9f85-11ec-ac49-7c507959f385/gripper_action_server-3.log']]
[roslaunch][INFO] 2022-03-09 08:49:43,522: process[gripper_action_server-3]: cwd will be [/home/ros/.ros]
[roslaunch][INFO] 2022-03-09 08:49:43,588: process[gripper_action_server-3]: started with pid [622]
[roslaunch][INFO] 2022-03-09 08:49:43,588: ... successfully launched [gripper_action_server-3]
[roslaunch][INFO] 2022-03-09 08:49:43,588: ... launch_nodes complete
[roslaunch.pmon][INFO] 2022-03-09 08:49:43,588: registrations completed <ProcessMonitor(ProcessMonitor-1, started daemon 140299953940224)>
[roslaunch.parent][INFO] 2022-03-09 08:49:43,588: ... roslaunch parent running, waiting for process exit
[roslaunch][INFO] 2022-03-09 08:49:43,588: spin
[roslaunch.pmon][INFO] 2022-03-09 09:16:01,755: ProcessMonitor.shutdown <ProcessMonitor(ProcessMonitor-1, started daemon 140299953940224)>
[roslaunch.pmon][INFO] 2022-03-09 09:16:01,810: ProcessMonitor._post_run <ProcessMonitor(ProcessMonitor-1, started daemon 140299953940224)>
[roslaunch.pmon][INFO] 2022-03-09 09:16:01,810: ProcessMonitor._post_run <ProcessMonitor(ProcessMonitor-1, started daemon 140299953940224)>: remaining procs are [<roslaunch.nodeprocess.LocalProcess object at 0x7f9a2115db90>, <roslaunch.nodeprocess.LocalProcess object at 0x7f9a215e8210>, <roslaunch.nodeprocess.LocalProcess object at 0x7f9a2115ded0>, <roslaunch.nodeprocess.LocalProcess object at 0x7f9a2115dd50>]
[roslaunch.pmon][INFO] 2022-03-09 09:16:01,811: ProcessMonitor exit: killing gripper_action_server-3
[roslaunch.pmon][INFO] 2022-03-09 09:16:01,812: ProcessMonitor exit: killing Robotiq2FGripperRtuNode-2
[roslaunch][INFO] 2022-03-09 09:16:01,812: [gripper_action_server-3] killing on exit
[roslaunch][INFO] 2022-03-09 09:16:01,813: [Robotiq2FGripperRtuNode-2] killing on exit
[roslaunch][INFO] 2022-03-09 09:16:01,813: process[gripper_action_server-3]: killing os process with pid[622] pgid[622]
[roslaunch][INFO] 2022-03-09 09:16:01,814: [gripper_action_server-3] sending SIGINT to pgid [622]
[roslaunch][INFO] 2022-03-09 09:16:01,814: process[Robotiq2FGripperRtuNode-2]: killing os process with pid[617] pgid[617]
[roslaunch][INFO] 2022-03-09 09:16:01,814: [gripper_action_server-3] sent SIGINT to pgid [622]
[roslaunch][INFO] 2022-03-09 09:16:01,815: [Robotiq2FGripperRtuNode-2] sending SIGINT to pgid [617]
[roslaunch][INFO] 2022-03-09 09:16:01,816: [Robotiq2FGripperRtuNode-2] sent SIGINT to pgid [617]
[roslaunch][INFO] 2022-03-09 09:16:02,016: process[Robotiq2FGripperRtuNode-2]: SIGINT killed with return value 0
[roslaunch][INFO] 2022-03-09 09:16:14,047: process[gripper_action_server-3]: SIGINT killed with return value 0
[roslaunch.pmon][INFO] 2022-03-09 09:16:14,048: ProcessMonitor exit: killing rosout-1
[roslaunch][INFO] 2022-03-09 09:16:14,048: [rosout-1] killing on exit
[roslaunch][INFO] 2022-03-09 09:16:14,048: process[rosout-1]: killing os process with pid[614] pgid[614]
[roslaunch][INFO] 2022-03-09 09:16:14,048: [rosout-1] sending SIGINT to pgid [614]
[roslaunch][INFO] 2022-03-09 09:16:14,049: [rosout-1] sent SIGINT to pgid [614]
[roslaunch][INFO] 2022-03-09 09:16:14,349: process[rosout-1]: SIGINT killed with return value 0
[roslaunch.pmon][INFO] 2022-03-09 09:16:14,350: ProcessMonitor exit: killing master
[roslaunch][INFO] 2022-03-09 09:16:14,350: [master] killing on exit
[roslaunch][INFO] 2022-03-09 09:16:14,350: process[master]: killing os process with pid[603] pgid[603]
[roslaunch][INFO] 2022-03-09 09:16:14,350: [master] sending SIGINT to pgid [603]
[roslaunch][INFO] 2022-03-09 09:16:14,350: [master] sent SIGINT to pgid [603]
[roslaunch][INFO] 2022-03-09 09:16:14,551: process[master]: SIGINT killed with return value 0
[roslaunch.pmon][INFO] 2022-03-09 09:16:14,551: ProcessMonitor exit: cleaning up data structures and signals
[roslaunch.pmon][INFO] 2022-03-09 09:16:14,552: ProcessMonitor exit: pmon has shutdown
[roslaunch][INFO] 2022-03-09 09:16:14,562: process monitor is done spinning, initiating full shutdown
[roslaunch][INFO] 2022-03-09 09:16:14,562: runner.stop()
[roslaunch][INFO] 2022-03-09 09:16:14,562: shutting down processing monitor...
[roslaunch][INFO] 2022-03-09 09:16:14,562: shutting down processing monitor <ProcessMonitor(ProcessMonitor-1, stopped daemon 140299953940224)>
[roslaunch.pmon][INFO] 2022-03-09 09:16:14,562: ProcessMonitor.shutdown <ProcessMonitor(ProcessMonitor-1, stopped daemon 140299953940224)>
[roslaunch][INFO] 2022-03-09 09:16:14,562: ... shutting down processing monitor complete
[roslaunch][INFO] 2022-03-09 09:16:14,563: done
[roslaunch.pmon][INFO] 2022-03-09 09:16:14,563: ProcessMonitor.shutdown <ProcessMonitor(ProcessMonitor-1, stopped daemon 140299953940224)>
[rospy.core][INFO] 2022-03-09 09:16:14,563: signal_shutdown [atexit]
